number,value,datetime_start,datetime_complete,duration,params_model,params_normTechnique,params_sampleTechnique,user_attrs_binIndices,user_attrs_hyperparams,state
2430,0.7935483868407908,2024-07-08 13:08:40.776473,2024-07-08 13:09:34.311475,0 days 00:00:53.535002,GradientBoostingClassifier,StandardScaler,,"[1, 1, 0, 0, 1, 1, 1, 1, 1, 1, 1, 0, 0, 0, 1, 0, 0, 1, 1, 0, 0, 0, 1, 1, 1, 1, 0, 0, 0, 0, 1, 1, 1, 0, 0, 0, 0, 0, 1, 0, 1, 0, 0, 1, 0, 0, 0, 1, 1]","{'n_estimators': 50, 'learning_rate': 0.1, 'max_depth': 5, 'min_samples_split': 50, 'min_samples_leaf': 50, 'subsample': 1.0, 'max_features': 'log2'}",COMPLETE
2431,0.6290322578616024,2024-07-08 13:08:41.321479,2024-07-08 13:09:44.189472,0 days 00:01:02.867993,BaggingClassifier,RobustScaler,,"[1, 0, 1, 1, 1, 0, 0, 1, 0, 1, 1, 1, 1, 0, 0, 1, 1, 0, 0, 1, 1, 0, 1, 0, 1, 1, 0, 0, 1, 1, 0, 1, 0, 1, 0, 1, 0, 0, 1, 0, 0, 1, 1, 1, 0, 1, 1, 0, 1]","{'n_estimators': 100, 'max_samples': 1.0, 'max_features': 0.1, 'bootstrap': True, 'bootstrap_features': False}",COMPLETE
2432,0.49999999983870963,2024-07-08 13:08:42.250477,2024-07-08 13:09:11.330473,0 days 00:00:29.079996,BaggingClassifier,Normalize_L1_1,SMOTEENN,"[1, 0, 0, 0, 0, 0, 1, 0, 1, 1, 1, 0, 0, 0, 0, 0, 0, 0, 0, 1, 0, 0, 0, 0, 1, 0, 0, 1, 0, 0, 0, 0, 1, 1, 0, 0, 0, 1, 0, 1, 0, 1, 0, 0, 0, 0, 0, 1, 0]","{'n_estimators': 100, 'max_samples': 0.5, 'max_features': 1.0, 'bootstrap': True, 'bootstrap_features': False}",COMPLETE
2433,0.32903225795837665,2024-07-08 13:08:42.414502,2024-07-08 13:09:57.861472,0 days 00:01:15.446970,GradientBoostingClassifier,RobustScaler,,"[0, 1, 0, 0, 0, 1, 0, 0, 1, 1, 0, 0, 0, 1, 1, 1, 0, 0, 1, 0, 0, 1, 0, 0, 0, 1, 1, 0, 0, 0, 0, 0, 1, 0, 1, 1, 0, 1, 0, 1, 0, 1, 1, 1, 0, 1, 0, 0, 1]","{'n_estimators': 1000, 'learning_rate': 1.0, 'max_depth': 9, 'min_samples_split': 100, 'min_samples_leaf': 10, 'subsample': 0.5, 'max_features': 'log2'}",COMPLETE
2434,0.0,2024-07-08 13:08:44.938472,2024-07-08 13:09:23.572511,0 days 00:00:38.634039,GradientBoostingClassifier,StandardScaler,,"[1, 0, 1, 1, 0, 0, 0, 1, 0, 0, 1, 1, 1, 0, 0, 0, 1, 0, 1, 0, 0, 0, 1, 1, 0, 0, 1, 0, 0, 1, 0, 1, 1, 1, 0, 0, 0, 0, 0, 0, 1, 0, 0, 1, 1, 0, 1, 1, 1]","{'n_estimators': 200, 'learning_rate': 0.01, 'max_depth': 9, 'min_samples_split': 100, 'min_samples_leaf': 1, 'subsample': 1.0, 'max_features': 'auto'}",COMPLETE
2435,0.745161290082206,2024-07-08 13:08:45.369473,2024-07-08 13:10:16.462476,0 days 00:01:31.093003,BaggingClassifier,Normalize_L1_1,TomekLinks,"[1, 1, 1, 1, 0, 0, 0, 1, 0, 1, 0, 0, 1, 0, 1, 0, 0, 0, 0, 1, 0, 0, 1, 1, 0, 1, 1, 0, 0, 1, 1, 0, 0, 1, 1, 0, 1, 1, 0, 1, 0, 1, 1, 0, 0, 1, 1, 1, 1]","{'n_estimators': 500, 'max_samples': 1.0, 'max_features': 0.1, 'bootstrap': True, 'bootstrap_features': True}",COMPLETE
2436,0.6258064514110301,2024-07-08 13:08:45.952473,2024-07-08 13:09:15.320481,0 days 00:00:29.368008,BaggingClassifier,StandardScaler,,"[0, 0, 1, 1, 0, 0, 1, 1, 1, 1, 1, 1, 1, 0, 0, 0, 1, 1, 0, 0, 1, 1, 0, 1, 0, 0, 1, 1, 0, 1, 1, 1, 1, 1, 0, 0, 0, 1, 1, 0, 0, 1, 1, 1, 1, 1, 0, 1, 1]","{'n_estimators': 50, 'max_samples': 1.0, 'max_features': 0.1, 'bootstrap': True, 'bootstrap_features': True}",COMPLETE
2437,0.5903225804547346,2024-07-08 13:08:46.363472,2024-07-08 13:10:00.356471,0 days 00:01:13.992999,GradientBoostingClassifier,StandardScaler,,"[1, 0, 0, 1, 1, 1, 0, 1, 1, 1, 1, 0, 1, 1, 0, 0, 1, 0, 1, 0, 1, 0, 1, 0, 0, 0, 0, 1, 0, 0, 1, 0, 0, 0, 1, 1, 1, 1, 0, 1, 0, 0, 1, 1, 0, 0, 1, 1, 0]","{'n_estimators': 500, 'learning_rate': 1.0, 'max_depth': 5, 'min_samples_split': 50, 'min_samples_leaf': 2, 'subsample': 0.5, 'max_features': 'sqrt'}",COMPLETE
2438,0.6322580643121748,2024-07-08 13:08:46.921485,2024-07-08 13:09:42.192472,0 days 00:00:55.270987,BaggingClassifier,StandardScaler,,"[0, 1, 0, 1, 0, 0, 1, 0, 0, 1, 0, 0, 0, 0, 0, 1, 0, 0, 1, 0, 1, 0, 1, 0, 1, 0, 1, 1, 0, 0, 0, 0, 0, 0, 0, 0, 1, 0, 0, 0, 0, 0, 0, 0, 0, 0, 0, 1, 0]","{'n_estimators': 100, 'max_samples': 1.0, 'max_features': 0.1, 'bootstrap': True, 'bootstrap_features': False}",COMPLETE
2439,0.7612903223350675,2024-07-08 13:08:48.542472,2024-07-08 13:10:08.904474,0 days 00:01:20.362002,BaggingClassifier,Normalize_L2_1,,"[0, 1, 1, 0, 0, 0, 0, 1, 1, 1, 0, 0, 0, 1, 1, 0, 0, 0, 0, 1, 1, 1, 1, 0, 1, 0, 1, 1, 1, 0, 0, 1, 1, 0, 0, 1, 1, 1, 1, 0, 1, 0, 1, 1, 0, 1, 0, 1, 1]","{'n_estimators': 500, 'max_samples': 0.5, 'max_features': 1.0, 'bootstrap': False, 'bootstrap_features': False}",COMPLETE
2440,0.0,2024-07-08 13:08:51.250499,2024-07-08 13:09:35.313503,0 days 00:00:44.063004,BaggingClassifier,,,,"{'n_estimators': 1000, 'max_samples': 0.5, 'max_features': 1.0, 'bootstrap': False, 'bootstrap_features': False}",COMPLETE
2441,0.6870967739719042,2024-07-08 13:08:52.272473,2024-07-08 13:10:03.915471,0 days 00:01:11.642998,GradientBoostingClassifier,RobustScaler,,"[0, 1, 1, 0, 0, 0, 0, 1, 0, 1, 0, 0, 0, 1, 1, 0, 0, 1, 1, 1, 0, 0, 0, 0, 1, 1, 1, 0, 1, 1, 0, 0, 1, 0, 1, 0, 0, 0, 0, 0, 1, 0, 1, 1, 1, 1, 1, 0, 0]","{'n_estimators': 50, 'learning_rate': 0.5, 'max_depth': 3, 'min_samples_split': 2, 'min_samples_leaf': 2, 'subsample': 0.5, 'max_features': 'sqrt'}",COMPLETE
2442,0.7741935481373569,2024-07-08 13:08:53.194472,2024-07-08 13:09:28.291472,0 days 00:00:35.097000,GradientBoostingClassifier,RobustScaler,,"[1, 1, 0, 1, 0, 0, 1, 0, 1, 0, 0, 0, 0, 0, 1, 1, 1, 1, 1, 0, 0, 0, 1, 1, 1, 0, 0, 0, 0, 0, 1, 0, 0, 0, 0, 0, 1, 1, 0, 1, 1, 1, 1, 1, 1, 1, 1, 0, 0]","{'n_estimators': 50, 'learning_rate': 0.1, 'max_depth': 7, 'min_samples_split': 50, 'min_samples_leaf': 10, 'subsample': 1.0, 'max_features': 'log2'}",COMPLETE
2443,0.735483870730489,2024-07-08 13:08:53.539473,2024-07-08 13:10:02.235473,0 days 00:01:08.696000,GradientBoostingClassifier,Normalize_L1_1,,"[0, 0, 1, 0, 1, 1, 0, 0, 0, 0, 0, 0, 0, 0, 0, 0, 1, 1, 1, 0, 1, 0, 0, 0, 1, 0, 0, 0, 1, 1, 1, 1, 1, 1, 1, 0, 1, 1, 0, 0, 1, 1, 0, 0, 1, 1, 1, 1, 1]","{'n_estimators': 1000, 'learning_rate': 0.1, 'max_depth': 5, 'min_samples_split': 10, 'min_samples_leaf': 2, 'subsample': 0.5, 'max_features': None}",COMPLETE
2444,0.7741935481373569,2024-07-08 13:08:54.517474,2024-07-08 13:09:33.612477,0 days 00:00:39.095003,BaggingClassifier,RobustScaler,,"[0, 0, 1, 0, 0, 1, 0, 1, 0, 0, 1, 0, 0, 1, 0, 0, 1, 1, 0, 1, 0, 0, 1, 0, 0, 0, 1, 1, 0, 1, 1, 1, 0, 0, 1, 0, 1, 1, 1, 0, 0, 1, 0, 0, 0, 1, 1, 1, 1]","{'n_estimators': 10, 'max_samples': 0.1, 'max_features': 0.5, 'bootstrap': True, 'bootstrap_features': True}",COMPLETE
2445,0.0,2024-07-08 13:08:55.482474,2024-07-08 13:09:25.739474,0 days 00:00:30.257000,GradientBoostingClassifier,RobustScaler,,"[0, 1, 1, 1, 1, 0, 1, 0, 0, 1, 1, 1, 1, 1, 0, 1, 1, 0, 1, 0, 1, 1, 1, 0, 0, 1, 1, 0, 1, 0, 1, 0, 0, 0, 0, 0, 1, 1, 1, 1, 1, 0, 1, 0, 0, 1, 0, 0, 1]","{'n_estimators': 50, 'learning_rate': 0.01, 'max_depth': 7, 'min_samples_split': 100, 'min_samples_leaf': 10, 'subsample': 0.5, 'max_features': 'auto'}",COMPLETE
2446,0.0,2024-07-08 13:08:55.740475,2024-07-08 13:09:54.934473,0 days 00:00:59.193998,BaggingClassifier,,,,"{'n_estimators': 100, 'max_samples': 0.1, 'max_features': 0.1, 'bootstrap': True, 'bootstrap_features': True}",COMPLETE
2447,0.7645161287856399,2024-07-08 13:08:56.043480,2024-07-08 13:09:59.660473,0 days 00:01:03.616993,BaggingClassifier,Normalize_L1_1,,"[0, 0, 0, 0, 0, 1, 0, 0, 1, 0, 0, 1, 0, 1, 0, 1, 0, 1, 1, 0, 0, 1, 0, 0, 1, 0, 1, 1, 0, 1, 1, 0, 0, 0, 0, 1, 0, 1, 0, 1, 0, 1, 1, 1, 1, 0, 0, 0, 1]","{'n_estimators': 500, 'max_samples': 1.0, 'max_features': 0.1, 'bootstrap': True, 'bootstrap_features': True}",COMPLETE
2448,0.7806451610385015,2024-07-08 13:08:57.472475,2024-07-08 13:10:02.302476,0 days 00:01:04.830001,BaggingClassifier,Normalize_L1_1,,"[1, 1, 0, 1, 1, 1, 1, 0, 0, 0, 1, 1, 1, 1, 0, 0, 0, 1, 0, 0, 0, 1, 1, 0, 1, 1, 0, 0, 0, 0, 0, 1, 1, 1, 0, 0, 0, 0, 0, 0, 1, 1, 0, 0, 1, 0, 1, 1, 0]","{'n_estimators': 1000, 'max_samples': 0.5, 'max_features': 1.0, 'bootstrap': True, 'bootstrap_features': False}",COMPLETE
2449,0.7645161287856399,2024-07-08 13:09:00.470474,2024-07-08 13:09:48.346484,0 days 00:00:47.876010,BaggingClassifier,Normalize_L2_1,,"[1, 0, 1, 0, 0, 1, 0, 0, 0, 1, 0, 1, 1, 1, 1, 1, 1, 1, 1, 0, 0, 1, 1, 1, 1, 0, 0, 0, 1, 0, 0, 1, 0, 1, 0, 1, 1, 1, 0, 0, 1, 0, 1, 0, 0, 0, 0, 1, 1]","{'n_estimators': 200, 'max_samples': 0.5, 'max_features': 0.1, 'bootstrap': False, 'bootstrap_features': True}",COMPLETE
2450,0.7935483868407908,2024-07-08 13:09:00.898473,2024-07-08 13:09:54.036474,0 days 00:00:53.138001,BaggingClassifier,Normalize_L1_1,,"[0, 0, 1, 1, 0, 1, 1, 0, 0, 0, 1, 0, 0, 0, 0, 1, 0, 0, 1, 0, 0, 0, 1, 1, 0, 0, 0, 0, 1, 0, 0, 1, 1, 1, 0, 0, 1, 0, 1, 0, 1, 0, 0, 1, 0, 0, 1, 1, 1]","{'n_estimators': 500, 'max_samples': 0.1, 'max_features': 0.5, 'bootstrap': True, 'bootstrap_features': False}",COMPLETE
2451,0.7935483868407908,2024-07-08 13:09:03.003473,2024-07-08 13:10:01.476473,0 days 00:00:58.473000,XGBClassifier,Normalize_L1_1,,"[0, 0, 1, 1, 0, 0, 1, 1, 1, 0, 1, 1, 1, 1, 1, 0, 0, 1, 0, 1, 1, 0, 1, 0, 1, 1, 0, 0, 1, 1, 0, 1, 0, 1, 1, 0, 0, 0, 1, 0, 1, 0, 0, 0, 0, 1, 1, 1, 0]","{'n_estimators': 10, 'learning_rate': 0.01, 'max_depth': 7, 'min_child_weight': 10, 'subsample': 1.0, 'colsample_bytree': 0.5, 'gamma': 0.1, 'reg_alpha': 1.0, 'reg_lambda': 0.1}",COMPLETE
2452,0.6290322578616024,2024-07-08 13:09:10.621476,2024-07-08 13:10:00.768474,0 days 00:00:50.146998,BaggingClassifier,RobustScaler,,"[0, 1, 0, 1, 1, 0, 1, 1, 1, 1, 0, 1, 0, 1, 0, 1, 1, 1, 0, 0, 0, 0, 1, 0, 1, 0, 0, 0, 0, 0, 0, 0, 0, 1, 1, 0, 0, 0, 1, 0, 1, 1, 0, 0, 0, 1, 0, 0, 1]","{'n_estimators': 500, 'max_samples': 1.0, 'max_features': 0.1, 'bootstrap': False, 'bootstrap_features': True}",COMPLETE
2453,0.7741935481373569,2024-07-08 13:09:11.176474,2024-07-08 13:10:03.001479,0 days 00:00:51.825005,BaggingClassifier,Normalize_L1_1,,"[1, 1, 0, 0, 0, 0, 1, 0, 1, 1, 1, 1, 0, 1, 0, 1, 0, 0, 1, 1, 0, 1, 0, 0, 1, 0, 1, 1, 1, 0, 0, 0, 0, 0, 0, 0, 1, 0, 0, 1, 0, 0, 1, 0, 0, 0, 0, 0, 1]","{'n_estimators': 1000, 'max_samples': 0.5, 'max_features': 1.0, 'bootstrap': True, 'bootstrap_features': False}",COMPLETE
2454,0.7483870965327784,2024-07-08 13:09:12.810474,2024-07-08 13:09:51.766473,0 days 00:00:38.955999,BaggingClassifier,Normalize_L2_1,,"[1, 0, 1, 0, 0, 1, 1, 0, 1, 0, 0, 1, 0, 1, 1, 1, 0, 1, 0, 1, 1, 1, 1, 0, 0, 0, 0, 1, 1, 1, 1, 1, 0, 1, 1, 0, 0, 1, 0, 0, 1, 1, 1, 1, 0, 0, 0, 0, 0]","{'n_estimators': 10, 'max_samples': 1.0, 'max_features': 0.5, 'bootstrap': True, 'bootstrap_features': True}",COMPLETE
2455,0.7999999997419355,2024-07-08 13:09:14.970475,2024-07-08 13:09:57.354473,0 days 00:00:42.383998,BaggingClassifier,Normalize_L2_1,,"[1, 1, 0, 0, 1, 0, 1, 0, 1, 0, 0, 1, 0, 0, 1, 0, 0, 0, 0, 1, 0, 1, 0, 0, 0, 0, 0, 0, 0, 1, 0, 1, 0, 1, 1, 0, 1, 1, 0, 1, 1, 0, 1, 1, 1, 0, 0, 1, 1]","{'n_estimators': 500, 'max_samples': 0.1, 'max_features': 1.0, 'bootstrap': False, 'bootstrap_features': False}",COMPLETE
2456,0.7935483868407908,2024-07-08 13:09:15.746485,2024-07-08 13:09:54.848472,0 days 00:00:39.101987,BaggingClassifier,Normalize_L2_1,,"[1, 1, 0, 0, 1, 0, 0, 0, 1, 0, 1, 0, 1, 0, 1, 1, 1, 0, 0, 0, 1, 1, 1, 0, 1, 0, 0, 1, 0, 0, 0, 0, 1, 1, 1, 0, 0, 1, 0, 1, 0, 0, 0, 0, 0, 1, 0, 0, 0]","{'n_estimators': 50, 'max_samples': 0.1, 'max_features': 0.1, 'bootstrap': True, 'bootstrap_features': True}",COMPLETE
2457,0.7967741932913631,2024-07-08 13:09:17.215474,2024-07-08 13:10:01.068478,0 days 00:00:43.853004,BaggingClassifier,Normalize_L2_1,,"[0, 0, 0, 1, 1, 1, 0, 1, 0, 1, 1, 0, 0, 1, 1, 0, 0, 0, 0, 0, 1, 1, 0, 1, 0, 1, 0, 1, 1, 1, 0, 1, 1, 1, 1, 1, 0, 0, 0, 1, 1, 1, 0, 1, 0, 1, 0, 0, 1]","{'n_estimators': 1000, 'max_samples': 0.1, 'max_features': 0.5, 'bootstrap': True, 'bootstrap_features': False}",COMPLETE
2458,0.7806451610385015,2024-07-08 13:09:19.038475,2024-07-08 13:09:47.652472,0 days 00:00:28.613997,BaggingClassifier,Normalize_L2_1,,"[0, 0, 0, 1, 0, 1, 0, 1, 0, 0, 0, 0, 1, 0, 0, 1, 1, 1, 1, 0, 1, 1, 0, 1, 1, 0, 0, 1, 0, 0, 0, 1, 1, 0, 0, 1, 0, 0, 0, 0, 0, 1, 1, 1, 1, 1, 0, 0, 1]","{'n_estimators': 10, 'max_samples': 0.5, 'max_features': 0.5, 'bootstrap': True, 'bootstrap_features': False}",COMPLETE
2459,0.8032258061925077,2024-07-08 13:09:19.260493,2024-07-08 13:09:57.936473,0 days 00:00:38.675980,XGBClassifier,Normalize_L1_1,,"[0, 0, 1, 0, 0, 0, 0, 1, 1, 1, 0, 1, 0, 0, 0, 1, 0, 1, 1, 1, 1, 1, 0, 1, 1, 1, 1, 0, 0, 0, 0, 1, 1, 1, 1, 0, 1, 1, 0, 0, 0, 0, 1, 0, 0, 0, 0, 0, 0]","{'n_estimators': 10, 'learning_rate': 0.1, 'max_depth': 7, 'min_child_weight': 10, 'subsample': 0.5, 'colsample_bytree': 0.7, 'gamma': 0.0, 'reg_alpha': 0.0, 'reg_lambda': 0.1}",COMPLETE
2460,0.7709677416867845,2024-07-08 13:09:19.404474,2024-07-08 13:09:47.665472,0 days 00:00:28.260998,BaggingClassifier,Normalize_L1_1,,"[1, 1, 1, 0, 0, 1, 0, 0, 0, 1, 1, 1, 0, 1, 0, 1, 1, 0, 0, 1, 0, 0, 1, 0, 0, 1, 0, 0, 1, 1, 1, 1, 1, 1, 1, 1, 0, 1, 0, 0, 0, 1, 0, 0, 0, 0, 1, 1, 0]","{'n_estimators': 10, 'max_samples': 0.1, 'max_features': 0.5, 'bootstrap': True, 'bootstrap_features': False}",COMPLETE
2461,0.7935483868407908,2024-07-08 13:09:21.858472,2024-07-08 13:10:00.269473,0 days 00:00:38.411001,XGBClassifier,Normalize_L1_1,,"[0, 0, 0, 0, 0, 0, 0, 0, 0, 1, 0, 0, 1, 0, 0, 1, 1, 1, 0, 1, 0, 1, 1, 1, 1, 1, 0, 0, 1, 1, 0, 1, 1, 0, 0, 1, 0, 0, 0, 1, 0, 1, 1, 0, 1, 1, 0, 1, 0]","{'n_estimators': 100, 'learning_rate': 0.01, 'max_depth': 3, 'min_child_weight': 5, 'subsample': 1.0, 'colsample_bytree': 0.7, 'gamma': 1.0, 'reg_alpha': 0.1, 'reg_lambda': 0.1}",COMPLETE
2462,0.7935483868407908,2024-07-08 13:09:22.847474,2024-07-08 13:10:00.417472,0 days 00:00:37.569998,BaggingClassifier,MaxAbsScaler,,"[0, 1, 0, 1, 1, 1, 1, 1, 0, 1, 1, 1, 1, 1, 0, 0, 1, 1, 1, 1, 1, 1, 0, 1, 0, 1, 1, 0, 0, 0, 0, 0, 0, 1, 0, 0, 0, 1, 1, 1, 1, 0, 0, 0, 1, 1, 0, 0, 0]","{'n_estimators': 200, 'max_samples': 0.1, 'max_features': 0.1, 'bootstrap': False, 'bootstrap_features': False}",COMPLETE
2463,0.7870967739396462,2024-07-08 13:09:26.401472,2024-07-08 13:10:01.483500,0 days 00:00:35.082028,BaggingClassifier,Normalize_L2_1,,"[0, 0, 0, 1, 1, 1, 0, 0, 1, 1, 1, 0, 1, 0, 0, 1, 0, 0, 0, 1, 1, 0, 1, 1, 0, 1, 0, 1, 0, 1, 1, 0, 0, 1, 0, 1, 1, 1, 0, 0, 1, 1, 1, 0, 1, 0, 0, 1, 1]","{'n_estimators': 200, 'max_samples': 0.1, 'max_features': 1.0, 'bootstrap': False, 'bootstrap_features': False}",COMPLETE
2464,0.7193548384776274,2024-07-08 13:09:27.120472,2024-07-08 13:10:00.326504,0 days 00:00:33.206032,XGBClassifier,Normalize_L2_1,,"[0, 1, 1, 1, 0, 1, 1, 1, 0, 0, 1, 1, 1, 0, 1, 0, 0, 1, 1, 0, 1, 1, 0, 0, 1, 1, 1, 1, 0, 0, 0, 1, 1, 1, 1, 0, 1, 0, 1, 1, 0, 0, 0, 0, 0, 1, 0, 0, 1]","{'n_estimators': 200, 'learning_rate': 0.5, 'max_depth': 7, 'min_child_weight': 1, 'subsample': 0.5, 'colsample_bytree': 1.0, 'gamma': 1.0, 'reg_alpha': 0.1, 'reg_lambda': 1.0}",COMPLETE
2465,0.7838709674890738,2024-07-08 13:09:28.158471,2024-07-08 13:10:25.971474,0 days 00:00:57.813003,BaggingClassifier,Normalize_L2_0,,"[1, 0, 0, 0, 1, 0, 0, 1, 0, 1, 1, 1, 1, 0, 0, 1, 0, 0, 0, 0, 0, 0, 0, 1, 0, 0, 1, 1, 0, 1, 1, 0, 1, 0, 1, 1, 0, 0, 1, 0, 1, 1, 0, 0, 1, 1, 0, 1, 0]","{'n_estimators': 500, 'max_samples': 0.1, 'max_features': 1.0, 'bootstrap': False, 'bootstrap_features': False}",COMPLETE
2466,0.6870967739719042,2024-07-08 13:09:31.207472,2024-07-08 13:10:01.035474,0 days 00:00:29.828002,XGBClassifier,Normalize_L1_1,SMOTE,"[0, 0, 0, 1, 0, 1, 1, 0, 0, 0, 1, 1, 0, 1, 0, 1, 0, 1, 0, 1, 0, 1, 1, 1, 1, 0, 0, 0, 0, 0, 0, 0, 0, 0, 1, 0, 0, 0, 1, 0, 0, 0, 0, 1, 0, 1, 1, 0, 0]","{'n_estimators': 200, 'learning_rate': 0.01, 'max_depth': 7, 'min_child_weight': 3, 'subsample': 0.5, 'colsample_bytree': 1.0, 'gamma': 0.1, 'reg_alpha': 0.0, 'reg_lambda': 1.0}",COMPLETE
2467,0.6709677417190426,2024-07-08 13:09:32.582474,2024-07-08 13:10:02.838473,0 days 00:00:30.255999,XGBClassifier,Normalize_L1_1,SMOTE,"[0, 1, 0, 0, 1, 1, 0, 1, 1, 1, 0, 1, 0, 0, 1, 0, 0, 1, 0, 0, 0, 0, 1, 0, 0, 0, 1, 0, 0, 1, 0, 1, 1, 0, 1, 1, 1, 1, 0, 0, 0, 0, 0, 0, 1, 0, 0, 0, 0]","{'n_estimators': 50, 'learning_rate': 0.1, 'max_depth': 9, 'min_child_weight': 10, 'subsample': 0.5, 'colsample_bytree': 0.5, 'gamma': 0.5, 'reg_alpha': 0.1, 'reg_lambda': 1.0}",COMPLETE
2468,0.6258064514110301,2024-07-08 13:09:34.432473,2024-07-08 13:10:03.359478,0 days 00:00:28.927005,XGBClassifier,MaxAbsScaler,SMOTE,"[1, 0, 1, 1, 0, 0, 0, 0, 0, 0, 1, 1, 1, 1, 1, 0, 0, 1, 1, 0, 0, 0, 1, 1, 1, 0, 1, 1, 1, 1, 1, 1, 1, 0, 1, 1, 1, 1, 1, 1, 1, 0, 1, 1, 0, 1, 1, 0, 1]","{'n_estimators': 10, 'learning_rate': 1.0, 'max_depth': 3, 'min_child_weight': 10, 'subsample': 0.5, 'colsample_bytree': 1.0, 'gamma': 0.5, 'reg_alpha': 1.0, 'reg_lambda': 0.0}",COMPLETE
2469,0.7999999997419355,2024-07-08 13:09:34.981472,2024-07-08 13:11:06.902472,0 days 00:01:31.921000,BaggingClassifier,Normalize_L1_1,,"[0, 0, 1, 0, 1, 1, 1, 0, 0, 1, 1, 0, 1, 1, 1, 0, 0, 1, 0, 1, 0, 0, 1, 1, 0, 1, 1, 1, 0, 1, 1, 1, 1, 0, 0, 0, 1, 1, 0, 0, 0, 0, 1, 1, 0, 1, 0, 1, 1]","{'n_estimators': 1000, 'max_samples': 0.1, 'max_features': 0.5, 'bootstrap': True, 'bootstrap_features': False}",COMPLETE
2470,0.7935483868407908,2024-07-08 13:09:35.543475,2024-07-08 13:10:01.418472,0 days 00:00:25.874997,XGBClassifier,MaxAbsScaler,,"[0, 1, 0, 0, 0, 1, 0, 0, 0, 0, 0, 1, 1, 0, 1, 0, 0, 1, 1, 0, 0, 1, 1, 1, 1, 1, 0, 0, 0, 1, 1, 1, 1, 1, 1, 1, 1, 0, 1, 1, 1, 1, 1, 1, 0, 0, 1, 0, 1]","{'n_estimators': 10, 'learning_rate': 1.0, 'max_depth': 5, 'min_child_weight': 10, 'subsample': 1.0, 'colsample_bytree': 1.0, 'gamma': 0.5, 'reg_alpha': 0.0, 'reg_lambda': 1.0}",COMPLETE
2471,0.7935483868407908,2024-07-08 13:09:35.826472,2024-07-08 13:10:03.009506,0 days 00:00:27.183034,XGBClassifier,Normalize_L1_1,,"[0, 0, 1, 1, 1, 0, 1, 0, 1, 1, 1, 0, 1, 1, 1, 0, 1, 0, 0, 1, 0, 1, 1, 1, 1, 1, 1, 1, 1, 0, 1, 1, 1, 0, 0, 1, 0, 0, 0, 0, 1, 0, 0, 0, 0, 0, 1, 0, 1]","{'n_estimators': 1000, 'learning_rate': 10.0, 'max_depth': 7, 'min_child_weight': 10, 'subsample': 1.0, 'colsample_bytree': 1.0, 'gamma': 0.1, 'reg_alpha': 1.0, 'reg_lambda': 0.0}",COMPLETE
2472,0.5258064514432882,2024-07-08 13:09:37.861473,2024-07-08 13:10:21.213472,0 days 00:00:43.351999,XGBClassifier,MaxAbsScaler,SMOTE,"[1, 0, 0, 1, 1, 1, 0, 1, 0, 0, 1, 0, 1, 1, 0, 1, 1, 0, 1, 1, 1, 1, 1, 1, 0, 0, 0, 1, 0, 0, 0, 0, 1, 1, 0, 0, 1, 0, 1, 0, 0, 1, 0, 1, 1, 0, 0, 1, 1]","{'n_estimators': 1000, 'learning_rate': 0.1, 'max_depth': 7, 'min_child_weight': 1, 'subsample': 0.7, 'colsample_bytree': 0.5, 'gamma': 0.0, 'reg_alpha': 1.0, 'reg_lambda': 1.0}",COMPLETE
2473,0.5806451611030177,2024-07-08 13:09:39.881472,2024-07-08 13:10:10.348476,0 days 00:00:30.467004,XGBClassifier,Normalize_L1_1,SMOTE,"[0, 0, 1, 1, 0, 1, 0, 0, 1, 1, 0, 0, 1, 0, 1, 0, 0, 0, 1, 0, 1, 1, 1, 0, 1, 0, 0, 1, 1, 1, 0, 1, 1, 1, 0, 0, 1, 1, 0, 0, 1, 1, 1, 0, 0, 1, 1, 0, 1]","{'n_estimators': 10, 'learning_rate': 10.0, 'max_depth': 7, 'min_child_weight': 10, 'subsample': 0.7, 'colsample_bytree': 1.0, 'gamma': 1.0, 'reg_alpha': 0.1, 'reg_lambda': 1.0}",COMPLETE
2474,0.6612903223673257,2024-07-08 13:09:40.308472,2024-07-08 13:10:58.578482,0 days 00:01:18.270010,BaggingClassifier,Normalize_L2_0,,"[1, 1, 1, 1, 0, 0, 0, 1, 0, 0, 0, 0, 1, 1, 1, 1, 0, 1, 1, 1, 0, 1, 1, 0, 1, 1, 1, 0, 1, 1, 1, 1, 1, 0, 1, 0, 1, 1, 0, 0, 1, 0, 0, 1, 1, 1, 1, 0, 1]","{'n_estimators': 500, 'max_samples': 1.0, 'max_features': 0.5, 'bootstrap': False, 'bootstrap_features': False}",COMPLETE
2475,0.7645161287856399,2024-07-08 13:09:41.312471,2024-07-08 13:10:20.446515,0 days 00:00:39.134044,BaggingClassifier,Normalize_L1_1,,"[0, 0, 1, 0, 1, 0, 1, 1, 0, 1, 1, 1, 1, 1, 0, 0, 1, 1, 0, 0, 0, 1, 1, 0, 1, 0, 0, 1, 1, 0, 0, 0, 0, 1, 1, 0, 1, 1, 0, 0, 0, 1, 1, 0, 1, 1, 1, 0, 0]","{'n_estimators': 10, 'max_samples': 0.5, 'max_features': 0.5, 'bootstrap': False, 'bootstrap_features': False}",COMPLETE
2476,0.7290322578293443,2024-07-08 13:09:43.727472,2024-07-08 13:10:10.198475,0 days 00:00:26.471003,KNeighborsClassifier,Normalize_L1_1,TomekLinks,"[1, 0, 0, 1, 0, 1, 0, 1, 1, 0, 1, 0, 1, 1, 1, 0, 0, 0, 1, 0, 1, 1, 0, 1, 0, 1, 0, 0, 0, 0, 1, 1, 1, 0, 1, 0, 1, 1, 0, 1, 0, 0, 0, 0, 1, 1, 1, 0, 0]","{'n_neighbors': 7, 'weights': 'distance', 'algorithm': 'brute', 'leaf_size': 60, 'p': 2, 'metric': 'minkowski'}",COMPLETE
2477,0.0,2024-07-08 13:09:44.084472,2024-07-08 13:10:21.026473,0 days 00:00:36.942001,MLPClassifier,,,,,COMPLETE
2478,0.7709677416867845,2024-07-08 13:09:51.511474,2024-07-08 13:10:28.672474,0 days 00:00:37.161000,BaggingClassifier,Normalize_L1_1,,"[1, 1, 0, 1, 1, 0, 1, 1, 0, 0, 1, 1, 1, 0, 1, 0, 1, 0, 1, 1, 0, 1, 1, 1, 1, 1, 1, 1, 1, 0, 0, 1, 1, 0, 1, 0, 1, 1, 1, 1, 1, 0, 0, 1, 0, 0, 1, 1, 1]","{'n_estimators': 500, 'max_samples': 0.5, 'max_features': 0.5, 'bootstrap': True, 'bootstrap_features': True}",COMPLETE
2479,0.7258064513787721,2024-07-08 13:09:51.942502,2024-07-08 13:10:20.637473,0 days 00:00:28.694971,BaggingClassifier,Normalize_L2_0,,"[1, 1, 0, 0, 1, 1, 1, 1, 0, 1, 0, 1, 1, 1, 1, 0, 1, 0, 0, 0, 1, 1, 0, 1, 1, 0, 0, 0, 0, 1, 1, 1, 0, 0, 0, 0, 1, 0, 0, 1, 0, 0, 0, 0, 0, 1, 1, 1, 0]","{'n_estimators': 100, 'max_samples': 0.5, 'max_features': 0.1, 'bootstrap': True, 'bootstrap_features': True}",COMPLETE
2480,0.7645161287856399,2024-07-08 13:09:52.275472,2024-07-08 13:11:17.859473,0 days 00:01:25.584001,BaggingClassifier,Normalize_L1_1,,"[0, 1, 1, 0, 0, 1, 0, 1, 0, 1, 1, 1, 1, 0, 1, 1, 0, 0, 1, 0, 1, 1, 1, 1, 0, 1, 0, 1, 0, 1, 1, 0, 1, 0, 0, 0, 1, 1, 1, 1, 1, 0, 1, 1, 1, 1, 1, 0, 1]","{'n_estimators': 200, 'max_samples': 1.0, 'max_features': 0.5, 'bootstrap': False, 'bootstrap_features': False}",COMPLETE
2481,0.7483870965327784,2024-07-08 13:09:53.465472,2024-07-08 13:10:18.136472,0 days 00:00:24.671000,BaggingClassifier,Normalize_L1_1,TomekLinks,"[1, 0, 1, 0, 1, 0, 0, 1, 1, 1, 0, 0, 1, 1, 1, 0, 0, 1, 1, 0, 0, 1, 1, 0, 1, 1, 0, 1, 1, 1, 0, 1, 1, 0, 1, 1, 0, 0, 0, 0, 1, 1, 1, 0, 1, 1, 0, 1, 0]","{'n_estimators': 10, 'max_samples': 1.0, 'max_features': 1.0, 'bootstrap': False, 'bootstrap_features': False}",COMPLETE
