number,value,datetime_start,datetime_complete,duration,params_model,params_normTechnique,params_sampleTechnique,user_attrs_binIndices,user_attrs_hyperparams,state
2538,0.6032258062570239,2024-07-08 13:10:58.749475,2024-07-08 13:11:40.985477,0 days 00:00:42.236002,XGBClassifier,Normalize_Max_0,BorderlineSMOTE,"[0, 1, 1, 0, 1, 1, 1, 0, 0, 0, 1, 0, 0, 0, 1, 1, 1, 1, 1, 0, 1, 0, 1, 1, 0, 0, 1, 0, 0, 0, 0, 0, 0, 1, 0, 1, 1, 0, 0, 1, 0, 1, 0, 0, 0, 1, 1, 1, 1]","{'n_estimators': 1000, 'learning_rate': 0.5, 'max_depth': 5, 'min_child_weight': 10, 'subsample': 0.7, 'colsample_bytree': 0.5, 'gamma': 0.0, 'reg_alpha': 0.0, 'reg_lambda': 0.1}",COMPLETE
2539,0.6129032256087409,2024-07-08 13:10:59.425473,2024-07-08 13:11:25.877474,0 days 00:00:26.452001,XGBClassifier,Normalize_L1_1,BorderlineSMOTE,"[0, 1, 0, 1, 0, 1, 0, 0, 0, 1, 0, 1, 1, 1, 0, 0, 0, 1, 1, 1, 0, 0, 0, 1, 0, 0, 1, 1, 0, 1, 0, 0, 1, 1, 1, 1, 0, 0, 1, 1, 1, 1, 1, 1, 0, 0, 1, 0, 0]","{'n_estimators': 10, 'learning_rate': 1.0, 'max_depth': 5, 'min_child_weight': 1, 'subsample': 0.5, 'colsample_bytree': 1.0, 'gamma': 0.0, 'reg_alpha': 1.0, 'reg_lambda': 1.0}",COMPLETE
2540,0.7935483868407908,2024-07-08 13:11:02.064472,2024-07-08 13:11:45.019475,0 days 00:00:42.955003,XGBClassifier,Normalize_Max_0,,"[1, 0, 1, 0, 0, 1, 0, 1, 1, 1, 0, 0, 1, 1, 1, 1, 0, 0, 1, 1, 1, 1, 0, 0, 1, 0, 1, 0, 0, 1, 1, 0, 1, 1, 0, 1, 0, 1, 1, 0, 0, 0, 1, 1, 1, 1, 0, 0, 1]","{'n_estimators': 100, 'learning_rate': 0.01, 'max_depth': 7, 'min_child_weight': 10, 'subsample': 1.0, 'colsample_bytree': 0.5, 'gamma': 1.0, 'reg_alpha': 1.0, 'reg_lambda': 0.1}",COMPLETE
2541,0.0,2024-07-08 13:11:04.774474,2024-07-08 13:11:26.497475,0 days 00:00:21.723001,XGBClassifier,Normalize_Max_0,KMeansSMOTE,,"{'n_estimators': 1000, 'learning_rate': 0.1, 'max_depth': 7, 'min_child_weight': 1, 'subsample': 0.7, 'colsample_bytree': 1.0, 'gamma': 0.1, 'reg_alpha': 0.0, 'reg_lambda': 0.0}",COMPLETE
2542,0.0,2024-07-08 13:11:05.781472,2024-07-08 13:11:27.280472,0 days 00:00:21.499000,XGBClassifier,MinMaxScaler,KMeansSMOTE,,"{'n_estimators': 50, 'learning_rate': 0.1, 'max_depth': 3, 'min_child_weight': 3, 'subsample': 0.7, 'colsample_bytree': 1.0, 'gamma': 0.1, 'reg_alpha': 0.1, 'reg_lambda': 1.0}",COMPLETE
2543,0.7064516126753382,2024-07-08 13:11:07.731472,2024-07-08 13:11:26.373475,0 days 00:00:18.642003,XGBClassifier,Normalize_Max_0,,"[1, 1, 0, 1, 0, 0, 0, 1, 0, 0, 0, 0, 1, 0, 1, 1, 0, 1, 0, 1, 0, 0, 0, 1, 1, 0, 0, 1, 0, 1, 1, 0, 0, 0, 0, 1, 1, 1, 0, 1, 1, 0, 0, 0, 0, 1, 1, 0, 0]","{'n_estimators': 1000, 'learning_rate': 0.1, 'max_depth': 9, 'min_child_weight': 1, 'subsample': 0.7, 'colsample_bytree': 0.5, 'gamma': 0.1, 'reg_alpha': 1.0, 'reg_lambda': 0.1}",COMPLETE
2544,0.0,2024-07-08 13:11:09.320473,2024-07-08 13:11:23.520473,0 days 00:00:14.200000,XGBClassifier,Normalize_Max_0,KMeansSMOTE,,"{'n_estimators': 1000, 'learning_rate': 0.1, 'max_depth': 7, 'min_child_weight': 3, 'subsample': 1.0, 'colsample_bytree': 0.7, 'gamma': 0.1, 'reg_alpha': 1.0, 'reg_lambda': 0.0}",COMPLETE
2545,0.5064516127398543,2024-07-08 13:11:10.650498,2024-07-08 13:11:26.704471,0 days 00:00:16.053973,XGBClassifier,MinMaxScaler,BorderlineSMOTE,"[0, 0, 0, 0, 1, 0, 0, 1, 1, 1, 1, 0, 1, 0, 0, 0, 0, 0, 0, 0, 0, 0, 1, 1, 1, 1, 1, 0, 1, 0, 0, 0, 0, 0, 1, 0, 1, 1, 1, 1, 1, 1, 0, 0, 1, 0, 0, 0, 1]","{'n_estimators': 200, 'learning_rate': 10.0, 'max_depth': 3, 'min_child_weight': 3, 'subsample': 0.5, 'colsample_bytree': 1.0, 'gamma': 0.0, 'reg_alpha': 1.0, 'reg_lambda': 1.0}",COMPLETE
2546,0.0,2024-07-08 13:11:13.435476,2024-07-08 13:11:26.120475,0 days 00:00:12.684999,XGBClassifier,MinMaxScaler,KMeansSMOTE,,"{'n_estimators': 50, 'learning_rate': 10.0, 'max_depth': 9, 'min_child_weight': 1, 'subsample': 1.0, 'colsample_bytree': 1.0, 'gamma': 0.1, 'reg_alpha': 0.0, 'reg_lambda': 0.1}",COMPLETE
2547,0.5677419353007284,2024-07-08 13:11:15.899479,2024-07-08 13:11:26.958477,0 days 00:00:11.058998,SVC,MinMaxScaler,BorderlineSMOTE,"[0, 0, 1, 0, 1, 0, 1, 0, 1, 0, 0, 1, 1, 1, 1, 1, 1, 0, 1, 1, 0, 0, 1, 0, 0, 1, 0, 1, 0, 1, 1, 0, 1, 1, 1, 1, 1, 0, 1, 1, 1, 1, 0, 0, 1, 1, 1, 1, 1]","{'C': 10.0, 'kernel': 'linear', 'degree': 6, 'gamma': 'auto', 'coef0': 1.0, 'shrinking': True, 'probability': False, 'class_weight': None, 'decision_function_shape': 'ovo'}",COMPLETE
2548,0.0,2024-07-08 13:11:16.261473,2024-07-08 13:11:24.725472,0 days 00:00:08.463999,XGBClassifier,MinMaxScaler,KMeansSMOTE,,"{'n_estimators': 50, 'learning_rate': 0.01, 'max_depth': 7, 'min_child_weight': 1, 'subsample': 1.0, 'colsample_bytree': 1.0, 'gamma': 0.1, 'reg_alpha': 1.0, 'reg_lambda': 1.0}",COMPLETE
2549,0.7645161287856399,2024-07-08 13:11:16.639472,2024-07-08 13:11:48.921472,0 days 00:00:32.282000,BaggingClassifier,Normalize_L1_1,,"[0, 1, 1, 1, 0, 0, 1, 1, 1, 1, 1, 1, 0, 0, 1, 1, 0, 1, 0, 1, 0, 0, 0, 1, 1, 0, 0, 0, 0, 1, 1, 0, 0, 1, 1, 0, 0, 1, 0, 0, 1, 1, 1, 1, 0, 1, 1, 0, 1]","{'n_estimators': 500, 'max_samples': 1.0, 'max_features': 0.1, 'bootstrap': False, 'bootstrap_features': False}",COMPLETE
2550,0.7709677416867845,2024-07-08 13:11:16.685471,2024-07-08 13:12:01.892473,0 days 00:00:45.207002,BaggingClassifier,Normalize_L1_1,,"[0, 1, 1, 0, 1, 0, 1, 0, 1, 0, 1, 0, 1, 0, 1, 1, 0, 0, 0, 0, 0, 1, 1, 0, 1, 1, 1, 1, 1, 0, 0, 0, 1, 0, 1, 0, 1, 0, 1, 0, 0, 0, 0, 0, 1, 0, 1, 1, 0]","{'n_estimators': 10, 'max_samples': 0.1, 'max_features': 1.0, 'bootstrap': False, 'bootstrap_features': False}",COMPLETE
2551,0.7935483868407908,2024-07-08 13:11:16.961471,2024-07-08 13:12:52.220485,0 days 00:01:35.259014,AdaBoostClassifier,Normalize_L1_1,,"[1, 0, 0, 0, 0, 0, 1, 1, 1, 1, 0, 0, 1, 0, 1, 1, 0, 1, 1, 1, 0, 0, 0, 1, 1, 0, 0, 0, 1, 1, 1, 0, 1, 0, 1, 1, 0, 1, 1, 1, 0, 0, 0, 1, 0, 0, 0, 0, 1]","{'n_estimators': 1000, 'learning_rate': 1.0, 'algorithm': 'SAMME'}",COMPLETE
2552,0.0,2024-07-08 13:11:17.134471,2024-07-08 13:11:25.605474,0 days 00:00:08.471003,XGBClassifier,MinMaxScaler,KMeansSMOTE,,"{'n_estimators': 100, 'learning_rate': 1.0, 'max_depth': 5, 'min_child_weight': 10, 'subsample': 0.7, 'colsample_bytree': 1.0, 'gamma': 1.0, 'reg_alpha': 1.0, 'reg_lambda': 1.0}",COMPLETE
2553,0.7645161287856399,2024-07-08 13:11:17.162472,2024-07-08 13:11:44.109476,0 days 00:00:26.947004,BaggingClassifier,Normalize_L1_1,,"[0, 1, 0, 0, 1, 0, 0, 1, 0, 0, 1, 0, 1, 1, 1, 1, 0, 0, 1, 1, 0, 0, 1, 1, 1, 1, 0, 1, 1, 1, 0, 1, 1, 0, 1, 0, 1, 1, 1, 0, 0, 1, 1, 1, 1, 0, 1, 1, 0]","{'n_estimators': 200, 'max_samples': 1.0, 'max_features': 0.5, 'bootstrap': False, 'bootstrap_features': True}",COMPLETE
2554,0.7645161287856399,2024-07-08 13:11:17.219472,2024-07-08 13:12:08.214476,0 days 00:00:50.995004,BaggingClassifier,Normalize_L1_1,,"[1, 1, 0, 1, 0, 1, 1, 1, 1, 1, 1, 1, 0, 1, 1, 1, 0, 1, 1, 0, 0, 1, 1, 0, 0, 1, 1, 1, 1, 1, 1, 1, 0, 1, 1, 0, 1, 1, 0, 1, 0, 0, 1, 1, 0, 1, 1, 0, 1]","{'n_estimators': 500, 'max_samples': 0.5, 'max_features': 0.5, 'bootstrap': True, 'bootstrap_features': False}",COMPLETE
2555,0.0,2024-07-08 13:11:17.435480,2024-07-08 13:11:31.545473,0 days 00:00:14.109993,XGBClassifier,MinMaxScaler,KMeansSMOTE,,"{'n_estimators': 200, 'learning_rate': 0.01, 'max_depth': 3, 'min_child_weight': 1, 'subsample': 0.7, 'colsample_bytree': 0.5, 'gamma': 0.0, 'reg_alpha': 1.0, 'reg_lambda': 0.1}",COMPLETE
2556,0.6096774191581685,2024-07-08 13:11:17.846473,2024-07-08 13:11:40.276475,0 days 00:00:22.430002,XGBClassifier,Normalize_L1_1,BorderlineSMOTE,"[1, 0, 1, 1, 0, 1, 0, 1, 0, 0, 1, 1, 1, 1, 0, 0, 1, 1, 0, 1, 1, 0, 1, 0, 0, 0, 0, 0, 0, 0, 0, 0, 0, 1, 1, 1, 0, 1, 1, 1, 0, 1, 1, 1, 0, 1, 1, 1, 0]","{'n_estimators': 200, 'learning_rate': 0.5, 'max_depth': 7, 'min_child_weight': 3, 'subsample': 0.5, 'colsample_bytree': 0.5, 'gamma': 0.5, 'reg_alpha': 0.1, 'reg_lambda': 0.0}",COMPLETE
2557,0.0,2024-07-08 13:11:18.107477,2024-07-08 13:11:42.354473,0 days 00:00:24.246996,SVC,Normalize_L1_1,BorderlineSMOTE,"[1, 1, 0, 1, 0, 0, 0, 1, 1, 0, 1, 1, 0, 1, 0, 0, 1, 1, 1, 0, 0, 1, 0, 1, 1, 1, 0, 0, 1, 1, 0, 1, 1, 1, 1, 1, 1, 0, 1, 0, 1, 0, 0, 0, 1, 0, 1, 1, 0]","{'C': 1.0, 'kernel': 'linear', 'degree': 4, 'gamma': '1', 'coef0': 0.1, 'shrinking': True, 'probability': True, 'class_weight': 'balanced', 'decision_function_shape': 'ovr'}",COMPLETE
2558,0.7580645158844953,2024-07-08 13:11:18.183473,2024-07-08 13:11:44.956473,0 days 00:00:26.773000,BaggingClassifier,Normalize_L1_1,,"[0, 0, 0, 1, 0, 1, 0, 1, 1, 1, 1, 1, 0, 0, 1, 1, 1, 0, 0, 1, 1, 1, 0, 1, 0, 0, 1, 0, 0, 1, 1, 0, 1, 1, 0, 1, 1, 1, 0, 1, 1, 1, 1, 1, 0, 1, 0, 1, 1]","{'n_estimators': 50, 'max_samples': 0.5, 'max_features': 0.5, 'bootstrap': False, 'bootstrap_features': False}",COMPLETE
2559,0.4645161288824141,2024-07-08 13:11:18.378472,2024-07-08 13:11:44.195472,0 days 00:00:25.817000,BaggingClassifier,Normalize_L1_1,RandomOverSampler,"[1, 0, 1, 0, 0, 1, 1, 1, 0, 1, 0, 0, 0, 1, 1, 1, 0, 1, 0, 0, 0, 0, 0, 0, 1, 1, 1, 1, 1, 1, 1, 1, 0, 0, 1, 0, 1, 0, 1, 0, 0, 0, 0, 1, 1, 0, 0, 1, 1]","{'n_estimators': 200, 'max_samples': 0.5, 'max_features': 0.1, 'bootstrap': False, 'bootstrap_features': True}",COMPLETE
2560,0.7935483868407908,2024-07-08 13:11:20.126472,2024-07-08 13:11:42.503472,0 days 00:00:22.377000,SVC,Normalize_L1_1,,"[1, 0, 0, 1, 1, 1, 1, 1, 0, 0, 0, 0, 1, 0, 0, 0, 1, 1, 0, 0, 0, 1, 0, 0, 1, 0, 0, 0, 1, 0, 0, 1, 1, 1, 1, 1, 1, 1, 0, 1, 0, 1, 1, 0, 0, 0, 0, 0, 1]","{'C': 0.01, 'kernel': 'sigmoid', 'degree': 5, 'gamma': 'scale', 'coef0': 2.0, 'shrinking': True, 'probability': True, 'class_weight': 'balanced', 'decision_function_shape': 'ovr'}",COMPLETE
2561,0.45161290308012486,2024-07-08 13:11:20.254477,2024-07-08 13:11:45.103472,0 days 00:00:24.848995,BaggingClassifier,Normalize_L1_1,RandomOverSampler,"[0, 0, 1, 1, 0, 1, 1, 1, 0, 0, 0, 0, 0, 0, 1, 0, 1, 1, 0, 1, 1, 1, 1, 0, 1, 0, 1, 1, 1, 0, 0, 1, 1, 1, 1, 1, 1, 0, 0, 0, 1, 1, 0, 1, 1, 0, 1, 1, 1]","{'n_estimators': 100, 'max_samples': 1.0, 'max_features': 0.1, 'bootstrap': True, 'bootstrap_features': True}",COMPLETE
2562,0.8032258061925077,2024-07-08 13:11:20.818483,2024-07-08 13:12:33.507475,0 days 00:01:12.688992,BaggingClassifier,Normalize_L1_1,,"[1, 0, 0, 0, 0, 0, 1, 1, 1, 0, 1, 1, 0, 0, 0, 0, 1, 0, 0, 0, 1, 0, 0, 1, 1, 1, 1, 0, 1, 1, 0, 0, 1, 0, 0, 0, 0, 0, 0, 0, 0, 0, 1, 0, 1, 0, 0, 0, 0]","{'n_estimators': 1000, 'max_samples': 0.1, 'max_features': 0.1, 'bootstrap': True, 'bootstrap_features': False}",COMPLETE
2563,0.5870967740041623,2024-07-08 13:11:21.134472,2024-07-08 13:11:56.384472,0 days 00:00:35.250000,BaggingClassifier,Normalize_L1_1,RandomOverSampler,"[0, 1, 1, 0, 0, 1, 1, 1, 0, 0, 0, 0, 0, 1, 1, 1, 0, 0, 1, 1, 1, 0, 1, 0, 1, 1, 1, 1, 1, 0, 1, 0, 0, 1, 1, 1, 1, 1, 1, 1, 1, 0, 0, 0, 0, 0, 0, 0, 0]","{'n_estimators': 10, 'max_samples': 0.1, 'max_features': 0.1, 'bootstrap': True, 'bootstrap_features': True}",COMPLETE
2564,0.5516129030478668,2024-07-08 13:11:21.215471,2024-07-08 13:11:45.774473,0 days 00:00:24.559002,BaggingClassifier,Normalize_L1_1,RandomOverSampler,"[0, 1, 1, 0, 0, 0, 0, 1, 1, 1, 1, 1, 1, 1, 0, 1, 0, 0, 0, 0, 1, 0, 1, 0, 0, 1, 1, 0, 0, 1, 1, 1, 1, 1, 1, 0, 1, 0, 1, 0, 0, 0, 1, 1, 0, 1, 0, 1, 1]","{'n_estimators': 1000, 'max_samples': 0.1, 'max_features': 0.1, 'bootstrap': True, 'bootstrap_features': False}",COMPLETE
2565,0.7935483868407908,2024-07-08 13:11:22.120475,2024-07-08 13:12:01.749472,0 days 00:00:39.628997,BaggingClassifier,Normalize_L1_1,,"[0, 0, 0, 1, 1, 1, 0, 0, 1, 1, 0, 0, 0, 0, 1, 1, 1, 1, 1, 1, 1, 0, 1, 1, 1, 1, 1, 0, 0, 1, 1, 0, 0, 0, 0, 0, 0, 1, 0, 1, 1, 1, 0, 0, 0, 1, 0, 0, 0]","{'n_estimators': 200, 'max_samples': 0.1, 'max_features': 1.0, 'bootstrap': False, 'bootstrap_features': False}",COMPLETE
2566,0.7870967739396462,2024-07-08 13:11:22.255473,2024-07-08 13:11:47.155473,0 days 00:00:24.900000,BaggingClassifier,Normalize_L1_1,,"[1, 0, 1, 0, 0, 0, 1, 1, 1, 1, 1, 1, 1, 0, 0, 1, 1, 0, 1, 0, 1, 1, 0, 0, 1, 1, 0, 0, 0, 1, 0, 1, 0, 1, 1, 0, 0, 0, 0, 0, 0, 1, 1, 1, 0, 0, 0, 0, 0]","{'n_estimators': 10, 'max_samples': 0.1, 'max_features': 0.1, 'bootstrap': True, 'bootstrap_features': True}",COMPLETE
2567,0.5580645159490114,2024-07-08 13:11:22.564473,2024-07-08 13:11:58.349472,0 days 00:00:35.784999,BaggingClassifier,Normalize_L1_1,RandomOverSampler,"[1, 1, 1, 1, 1, 0, 1, 0, 1, 0, 1, 1, 0, 1, 0, 1, 0, 0, 0, 1, 1, 1, 1, 1, 1, 1, 1, 1, 1, 1, 1, 1, 1, 1, 0, 0, 1, 0, 0, 0, 0, 0, 0, 1, 0, 0, 0, 1, 1]","{'n_estimators': 200, 'max_samples': 0.1, 'max_features': 1.0, 'bootstrap': False, 'bootstrap_features': True}",COMPLETE
2568,0.45483870953069716,2024-07-08 13:11:22.794472,2024-07-08 13:12:37.839474,0 days 00:01:15.045002,BaggingClassifier,Normalize_L1_1,RandomOverSampler,"[1, 0, 1, 0, 0, 0, 0, 1, 1, 1, 0, 0, 1, 0, 0, 1, 1, 1, 0, 1, 0, 1, 1, 0, 1, 1, 1, 0, 0, 1, 1, 1, 1, 0, 1, 1, 0, 0, 1, 1, 0, 0, 1, 1, 0, 0, 1, 1, 1]","{'n_estimators': 1000, 'max_samples': 1.0, 'max_features': 1.0, 'bootstrap': True, 'bootstrap_features': True}",COMPLETE
2569,0.7967741932913631,2024-07-08 13:11:24.519472,2024-07-08 13:12:47.789472,0 days 00:01:23.270000,BaggingClassifier,Normalize_L1_1,,"[1, 0, 1, 0, 0, 0, 0, 1, 1, 1, 0, 0, 0, 1, 0, 0, 0, 0, 1, 0, 0, 1, 1, 0, 0, 0, 1, 1, 1, 0, 1, 0, 0, 0, 1, 0, 1, 1, 1, 0, 1, 1, 1, 0, 1, 0, 0, 1, 1]","{'n_estimators': 100, 'max_samples': 0.1, 'max_features': 0.1, 'bootstrap': True, 'bootstrap_features': False}",COMPLETE
2570,0.7612903223350675,2024-07-08 13:11:24.717473,2024-07-08 13:12:52.373472,0 days 00:01:27.655999,BaggingClassifier,Normalize_L1_1,,"[1, 0, 0, 0, 0, 1, 0, 0, 0, 1, 0, 1, 1, 1, 1, 0, 1, 1, 1, 0, 0, 1, 0, 0, 1, 0, 1, 0, 0, 0, 0, 0, 1, 1, 1, 0, 0, 0, 1, 1, 1, 1, 1, 0, 1, 1, 1, 1, 1]","{'n_estimators': 100, 'max_samples': 1.0, 'max_features': 1.0, 'bootstrap': True, 'bootstrap_features': False}",COMPLETE
2571,0.6096774191581685,2024-07-08 13:11:25.366472,2024-07-08 13:12:11.898473,0 days 00:00:46.532001,BaggingClassifier,Normalize_L1_1,SVMSMOTE,"[0, 1, 1, 1, 0, 0, 1, 1, 0, 0, 0, 1, 1, 0, 1, 0, 0, 0, 0, 0, 0, 0, 1, 1, 1, 1, 1, 1, 0, 0, 0, 0, 1, 0, 1, 1, 0, 0, 1, 1, 1, 1, 0, 1, 1, 0, 1, 0, 1]","{'n_estimators': 50, 'max_samples': 0.1, 'max_features': 0.5, 'bootstrap': False, 'bootstrap_features': True}",COMPLETE
2572,0.7870967739396462,2024-07-08 13:11:25.507473,2024-07-08 13:12:11.919473,0 days 00:00:46.412000,BaggingClassifier,Normalize_L1_1,,"[1, 1, 0, 0, 1, 1, 0, 1, 0, 1, 1, 0, 1, 0, 0, 0, 0, 1, 1, 0, 0, 0, 0, 0, 0, 1, 0, 0, 1, 0, 1, 1, 1, 1, 0, 1, 1, 0, 0, 0, 1, 1, 1, 0, 1, 1, 1, 1, 0]","{'n_estimators': 50, 'max_samples': 0.1, 'max_features': 0.5, 'bootstrap': False, 'bootstrap_features': False}",COMPLETE
2573,0.7741935481373569,2024-07-08 13:11:25.626472,2024-07-08 13:12:33.591471,0 days 00:01:07.964999,BaggingClassifier,Normalize_L1_1,,"[0, 1, 0, 0, 0, 0, 0, 1, 0, 0, 1, 1, 0, 1, 1, 1, 1, 0, 1, 1, 0, 0, 1, 1, 1, 0, 0, 1, 0, 1, 1, 1, 0, 0, 0, 1, 1, 0, 1, 1, 0, 1, 1, 0, 0, 0, 1, 0, 1]","{'n_estimators': 1000, 'max_samples': 0.5, 'max_features': 1.0, 'bootstrap': True, 'bootstrap_features': True}",COMPLETE
2574,0.7774193545879292,2024-07-08 13:11:26.290472,2024-07-08 13:12:38.400474,0 days 00:01:12.110002,AdaBoostClassifier,Normalize_L1_1,,"[1, 1, 0, 0, 0, 0, 0, 0, 0, 1, 1, 0, 0, 0, 1, 1, 0, 1, 1, 1, 0, 1, 0, 0, 1, 0, 0, 1, 0, 0, 0, 0, 1, 1, 0, 0, 0, 1, 0, 0, 0, 1, 1, 1, 1, 1, 1, 1, 1]","{'n_estimators': 1000, 'learning_rate': 1.0, 'algorithm': 'SAMME.R'}",COMPLETE
2575,0.4451612901789802,2024-07-08 13:11:26.427473,2024-07-08 13:12:40.735473,0 days 00:01:14.308000,BaggingClassifier,Normalize_L1_1,SVMSMOTE,"[1, 1, 1, 1, 0, 1, 1, 1, 0, 0, 0, 0, 0, 0, 1, 0, 0, 1, 1, 0, 0, 0, 0, 0, 0, 0, 1, 0, 1, 0, 0, 1, 0, 1, 1, 1, 0, 1, 1, 1, 0, 0, 0, 0, 1, 1, 0, 0, 1]","{'n_estimators': 50, 'max_samples': 1.0, 'max_features': 1.0, 'bootstrap': True, 'bootstrap_features': False}",COMPLETE
2576,0.7645161287856399,2024-07-08 13:11:27.237473,2024-07-08 13:12:37.838471,0 days 00:01:10.600998,BaggingClassifier,Normalize_L1_1,,"[0, 0, 0, 1, 1, 0, 1, 1, 1, 1, 1, 1, 0, 1, 0, 1, 0, 1, 0, 1, 1, 0, 0, 1, 0, 0, 1, 0, 1, 0, 1, 0, 1, 0, 0, 1, 0, 1, 0, 0, 1, 1, 1, 0, 0, 1, 0, 1, 1]","{'n_estimators': 500, 'max_samples': 1.0, 'max_features': 0.5, 'bootstrap': False, 'bootstrap_features': True}",COMPLETE
2577,0.7645161287856399,2024-07-08 13:11:28.663474,2024-07-08 13:12:33.378477,0 days 00:01:04.715003,BaggingClassifier,Normalize_L1_1,,"[1, 0, 1, 1, 0, 1, 0, 1, 0, 0, 0, 1, 0, 0, 1, 1, 0, 1, 1, 0, 1, 0, 0, 1, 1, 1, 0, 0, 0, 1, 1, 1, 1, 1, 0, 1, 1, 1, 0, 0, 0, 1, 0, 1, 0, 0, 1, 0, 0]","{'n_estimators': 500, 'max_samples': 0.5, 'max_features': 1.0, 'bootstrap': False, 'bootstrap_features': True}",COMPLETE
2578,0.8064516126430801,2024-07-08 13:11:29.176472,2024-07-08 13:12:11.711473,0 days 00:00:42.535001,BaggingClassifier,Normalize_L1_1,,"[0, 1, 1, 1, 0, 1, 0, 1, 1, 0, 0, 1, 0, 0, 1, 1, 0, 1, 1, 0, 1, 1, 1, 1, 0, 1, 1, 1, 1, 0, 1, 1, 1, 1, 1, 1, 0, 0, 0, 0, 0, 0, 1, 0, 1, 1, 0, 1, 1]","{'n_estimators': 500, 'max_samples': 0.1, 'max_features': 1.0, 'bootstrap': True, 'bootstrap_features': False}",COMPLETE
2579,0.4096774192226847,2024-07-08 13:11:39.278473,2024-07-08 13:12:26.758473,0 days 00:00:47.480000,BaggingClassifier,Normalize_L1_1,SVMSMOTE,"[0, 1, 1, 1, 0, 0, 1, 1, 1, 1, 1, 0, 0, 0, 1, 1, 1, 1, 0, 1, 1, 1, 0, 1, 1, 0, 1, 0, 1, 1, 0, 0, 1, 1, 0, 0, 0, 1, 1, 0, 0, 0, 1, 1, 0, 1, 1, 0, 0]","{'n_estimators': 200, 'max_samples': 1.0, 'max_features': 1.0, 'bootstrap': False, 'bootstrap_features': True}",COMPLETE
2580,0.5580645159490114,2024-07-08 13:11:40.415476,2024-07-08 13:12:01.746474,0 days 00:00:21.330998,BaggingClassifier,Normalize_L1_1,SVMSMOTE,"[1, 1, 0, 0, 0, 0, 1, 1, 1, 1, 0, 0, 1, 1, 1, 1, 1, 0, 1, 0, 0, 1, 0, 0, 1, 1, 0, 1, 1, 0, 1, 1, 0, 0, 0, 0, 0, 1, 0, 1, 1, 1, 0, 0, 0, 1, 0, 1, 1]","{'n_estimators': 50, 'max_samples': 0.1, 'max_features': 1.0, 'bootstrap': False, 'bootstrap_features': True}",COMPLETE
2581,0.7741935481373569,2024-07-08 13:11:41.331473,2024-07-08 13:12:37.849472,0 days 00:00:56.517999,BaggingClassifier,Normalize_L1_1,,"[1, 0, 0, 1, 0, 1, 0, 0, 0, 1, 1, 0, 1, 0, 0, 0, 1, 1, 0, 1, 1, 1, 1, 0, 1, 1, 1, 1, 0, 0, 1, 1, 1, 1, 1, 1, 1, 1, 1, 0, 0, 1, 1, 0, 1, 0, 1, 1, 0]","{'n_estimators': 500, 'max_samples': 0.5, 'max_features': 0.1, 'bootstrap': False, 'bootstrap_features': True}",COMPLETE
2582,0.7935483868407908,2024-07-08 13:11:41.813474,2024-07-08 13:12:08.207473,0 days 00:00:26.393999,AdaBoostClassifier,Normalize_L1_1,,"[1, 0, 0, 0, 0, 0, 0, 1, 0, 0, 0, 0, 0, 0, 1, 1, 1, 0, 1, 1, 1, 0, 1, 1, 0, 0, 1, 0, 1, 1, 1, 0, 1, 0, 1, 0, 0, 1, 0, 0, 0, 1, 0, 1, 1, 1, 0, 0, 0]","{'n_estimators': 100, 'learning_rate': 10.0, 'algorithm': 'SAMME'}",COMPLETE
2583,0.7645161287856399,2024-07-08 13:11:42.081473,2024-07-08 13:12:47.794475,0 days 00:01:05.713002,BaggingClassifier,Normalize_L1_1,,"[1, 1, 1, 0, 1, 0, 0, 0, 0, 0, 0, 1, 1, 0, 1, 1, 1, 0, 1, 0, 1, 1, 1, 0, 1, 0, 0, 0, 1, 0, 0, 1, 0, 1, 0, 1, 1, 1, 1, 1, 0, 0, 0, 0, 1, 0, 0, 1, 0]","{'n_estimators': 1000, 'max_samples': 1.0, 'max_features': 0.1, 'bootstrap': False, 'bootstrap_features': False}",COMPLETE
2584,0.5709677417513007,2024-07-08 13:11:42.715473,2024-07-08 13:12:40.812505,0 days 00:00:58.097032,BaggingClassifier,Normalize_L1_1,SVMSMOTE,"[0, 1, 0, 0, 0, 1, 1, 1, 1, 0, 1, 1, 1, 0, 1, 1, 0, 1, 0, 1, 1, 0, 0, 1, 0, 1, 1, 0, 0, 1, 0, 1, 1, 1, 0, 1, 1, 0, 1, 0, 1, 1, 1, 0, 1, 0, 1, 1, 1]","{'n_estimators': 1000, 'max_samples': 0.1, 'max_features': 0.1, 'bootstrap': False, 'bootstrap_features': True}",COMPLETE
2585,0.4290322579261186,2024-07-08 13:11:44.525472,2024-07-08 13:12:34.137475,0 days 00:00:49.612003,BaggingClassifier,Normalize_L1_1,SVMSMOTE,"[0, 0, 1, 1, 1, 0, 0, 0, 1, 1, 1, 0, 0, 0, 1, 0, 1, 1, 0, 0, 0, 1, 1, 1, 1, 0, 0, 0, 1, 0, 1, 0, 0, 1, 1, 0, 1, 0, 1, 1, 0, 1, 1, 0, 0, 1, 0, 1, 1]","{'n_estimators': 500, 'max_samples': 1.0, 'max_features': 0.5, 'bootstrap': True, 'bootstrap_features': False}",COMPLETE
2586,0.7967741932913631,2024-07-08 13:11:44.875472,2024-07-08 13:12:39.202478,0 days 00:00:54.327006,BaggingClassifier,Normalize_L1_1,,"[1, 0, 0, 1, 1, 0, 0, 1, 0, 0, 1, 0, 0, 1, 1, 0, 1, 0, 0, 0, 0, 1, 1, 0, 1, 1, 1, 1, 0, 0, 0, 0, 1, 0, 1, 0, 1, 1, 0, 0, 1, 1, 1, 1, 0, 1, 0, 1, 1]","{'n_estimators': 1000, 'max_samples': 0.1, 'max_features': 0.1, 'bootstrap': True, 'bootstrap_features': True}",COMPLETE
2587,0.754838709433923,2024-07-08 13:11:45.511475,2024-07-08 13:12:44.127475,0 days 00:00:58.616000,BaggingClassifier,Normalize_L1_1,,"[1, 0, 1, 0, 0, 0, 1, 1, 0, 0, 1, 0, 1, 1, 0, 1, 1, 0, 0, 0, 0, 1, 0, 0, 1, 1, 1, 0, 1, 0, 1, 1, 1, 0, 1, 0, 1, 1, 0, 0, 1, 1, 1, 1, 1, 1, 1, 1, 1]","{'n_estimators': 50, 'max_samples': 1.0, 'max_features': 1.0, 'bootstrap': True, 'bootstrap_features': False}",COMPLETE
2588,0.7999999997419355,2024-07-08 13:11:45.668480,2024-07-08 13:12:52.375473,0 days 00:01:06.706993,BaggingClassifier,Normalize_L1_1,,"[0, 1, 1, 1, 0, 0, 1, 0, 0, 1, 0, 0, 1, 0, 1, 0, 0, 1, 1, 0, 0, 0, 0, 1, 1, 1, 0, 0, 1, 0, 1, 0, 1, 0, 0, 0, 0, 1, 1, 0, 0, 1, 1, 1, 0, 0, 1, 1, 0]","{'n_estimators': 500, 'max_samples': 0.1, 'max_features': 1.0, 'bootstrap': False, 'bootstrap_features': False}",COMPLETE
2589,0.7612903223350675,2024-07-08 13:11:46.295475,2024-07-08 13:12:52.964472,0 days 00:01:06.668997,BaggingClassifier,Normalize_L1_1,,"[1, 1, 0, 1, 0, 1, 0, 1, 0, 0, 0, 0, 0, 0, 0, 1, 1, 1, 1, 0, 0, 1, 0, 1, 1, 0, 0, 1, 1, 0, 0, 1, 0, 0, 0, 1, 1, 1, 1, 0, 1, 0, 1, 1, 0, 0, 0, 0, 1]","{'n_estimators': 100, 'max_samples': 1.0, 'max_features': 0.5, 'bootstrap': False, 'bootstrap_features': True}",COMPLETE
2590,0.7741935481373569,2024-07-08 13:11:47.619473,2024-07-08 13:12:46.730473,0 days 00:00:59.111000,BaggingClassifier,Normalize_L1_1,,"[0, 1, 0, 0, 1, 1, 1, 0, 1, 1, 1, 1, 1, 1, 1, 1, 1, 1, 0, 1, 0, 0, 0, 0, 0, 1, 1, 0, 0, 0, 0, 0, 0, 0, 1, 0, 1, 1, 1, 0, 1, 0, 0, 0, 0, 1, 1, 0, 0]","{'n_estimators': 10, 'max_samples': 0.1, 'max_features': 1.0, 'bootstrap': True, 'bootstrap_features': True}",COMPLETE
