number,value,datetime_start,datetime_complete,duration,params_model,params_normTechnique,params_sampleTechnique,user_attrs_binIndices,user_attrs_hyperparams,state
208,0.7935483868407908,2024-07-08 12:35:27.266872,2024-07-08 12:35:59.421325,0 days 00:00:32.154453,XGBClassifier,Normalize_L2_0,,"[1, 1, 1, 0, 0, 0, 1, 0, 1, 0, 1, 0, 0, 1, 1, 1, 0, 0, 1, 0, 0, 1, 1, 0, 1, 1, 0, 0, 1, 0, 1, 1, 1, 1, 0, 0, 0, 0, 1, 1, 0, 0, 1, 0, 0, 1, 1, 1, 0]","{'n_estimators': 10, 'learning_rate': 0.5, 'max_depth': 3, 'min_child_weight': 10, 'subsample': 1.0, 'colsample_bytree': 0.7, 'gamma': 1.0, 'reg_alpha': 1.0, 'reg_lambda': 1.0}",COMPLETE
209,0.7935483868407908,2024-07-08 12:35:27.273872,2024-07-08 12:35:53.427316,0 days 00:00:26.153444,AdaBoostClassifier,StandardScaler,,"[0, 0, 0, 0, 0, 0, 1, 0, 0, 0, 1, 1, 1, 1, 0, 0, 1, 0, 1, 0, 1, 0, 1, 0, 1, 0, 0, 1, 1, 0, 0, 1, 1, 1, 0, 1, 0, 0, 1, 0, 1, 0, 1, 1, 0, 0, 0, 0, 1]","{'n_estimators': 500, 'learning_rate': 1.0, 'algorithm': 'SAMME'}",COMPLETE
210,0.23548387089177938,2024-07-08 12:35:27.766871,2024-07-08 12:35:59.975343,0 days 00:00:32.208472,AdaBoostClassifier,Normalize_L2_0,SMOTEENN,"[1, 1, 1, 0, 1, 0, 1, 0, 1, 1, 0, 1, 1, 0, 0, 1, 0, 1, 1, 0, 0, 0, 1, 1, 1, 0, 0, 0, 1, 1, 1, 1, 1, 1, 0, 1, 1, 0, 0, 1, 1, 0, 0, 0, 0, 1, 0, 1, 1]","{'n_estimators': 50, 'learning_rate': 10.0, 'algorithm': 'SAMME'}",COMPLETE
211,0.7935483868407908,2024-07-08 12:35:28.522872,2024-07-08 12:35:56.622314,0 days 00:00:28.099442,GradientBoostingClassifier,MaxAbsScaler,,"[1, 1, 1, 0, 1, 1, 1, 0, 1, 0, 0, 1, 1, 0, 1, 0, 1, 0, 0, 0, 0, 0, 1, 0, 0, 0, 0, 0, 0, 0, 1, 1, 0, 1, 1, 0, 1, 0, 0, 1, 0, 1, 0, 0, 0, 1, 1, 0, 1]","{'n_estimators': 10, 'learning_rate': 0.01, 'max_depth': 9, 'min_samples_split': 5, 'min_samples_leaf': 50, 'subsample': 0.5, 'max_features': 'log2'}",COMPLETE
212,0.7483870965327784,2024-07-08 12:35:29.420872,2024-07-08 12:35:59.608328,0 days 00:00:30.187456,XGBClassifier,Normalize_L2_0,,"[1, 0, 1, 1, 0, 1, 1, 0, 0, 1, 1, 0, 0, 0, 1, 0, 1, 0, 0, 1, 1, 1, 0, 1, 0, 1, 0, 0, 0, 0, 0, 0, 1, 1, 0, 1, 1, 0, 1, 0, 1, 0, 0, 1, 0, 1, 0, 0, 1]","{'n_estimators': 10, 'learning_rate': 1.0, 'max_depth': 9, 'min_child_weight': 3, 'subsample': 0.5, 'colsample_bytree': 0.5, 'gamma': 0.5, 'reg_alpha': 1.0, 'reg_lambda': 1.0}",COMPLETE
213,0.7903225803902184,2024-07-08 12:35:29.864875,2024-07-08 12:36:00.225343,0 days 00:00:30.360468,XGBClassifier,Normalize_L2_0,,"[0, 0, 1, 1, 0, 1, 1, 1, 0, 1, 0, 0, 0, 1, 1, 1, 1, 0, 0, 0, 1, 1, 0, 0, 0, 0, 1, 1, 0, 0, 1, 0, 0, 1, 1, 1, 0, 0, 0, 0, 1, 1, 0, 0, 1, 1, 0, 0, 0]","{'n_estimators': 100, 'learning_rate': 0.5, 'max_depth': 7, 'min_child_weight': 10, 'subsample': 0.7, 'colsample_bytree': 0.5, 'gamma': 1.0, 'reg_alpha': 1.0, 'reg_lambda': 1.0}",COMPLETE
214,0.5419354836961499,2024-07-08 12:35:30.540872,2024-07-08 12:35:54.054315,0 days 00:00:23.513443,GradientBoostingClassifier,MaxAbsScaler,SMOTEENN,"[1, 1, 0, 0, 0, 1, 0, 1, 1, 0, 1, 0, 0, 1, 0, 1, 0, 0, 1, 1, 1, 1, 0, 0, 0, 0, 1, 0, 1, 0, 0, 1, 1, 1, 0, 1, 1, 0, 1, 0, 0, 0, 0, 1, 0, 1, 1, 0, 0]","{'n_estimators': 100, 'learning_rate': 0.5, 'max_depth': 3, 'min_samples_split': 5, 'min_samples_leaf': 5, 'subsample': 1.0, 'max_features': 'sqrt'}",COMPLETE
215,0.7387096771810613,2024-07-08 12:35:30.868872,2024-07-08 12:36:00.979346,0 days 00:00:30.110474,XGBClassifier,Normalize_L2_0,,"[0, 1, 1, 1, 0, 0, 1, 0, 0, 0, 1, 1, 1, 1, 0, 1, 1, 0, 0, 1, 1, 0, 0, 1, 1, 1, 1, 0, 0, 0, 1, 0, 1, 1, 0, 0, 1, 1, 1, 1, 1, 0, 1, 1, 0, 0, 1, 0, 1]","{'n_estimators': 500, 'learning_rate': 10.0, 'max_depth': 5, 'min_child_weight': 5, 'subsample': 0.7, 'colsample_bytree': 0.7, 'gamma': 0.0, 'reg_alpha': 0.1, 'reg_lambda': 1.0}",COMPLETE
216,0.7935483868407908,2024-07-08 12:35:31.123874,2024-07-08 12:35:58.019312,0 days 00:00:26.895438,AdaBoostClassifier,Normalize_L2_0,,"[1, 1, 1, 1, 0, 0, 0, 0, 0, 0, 1, 1, 1, 0, 0, 1, 1, 0, 0, 1, 0, 0, 0, 0, 1, 0, 0, 0, 0, 0, 0, 1, 1, 0, 1, 0, 1, 0, 1, 0, 0, 0, 0, 1, 1, 0, 1, 1, 1]","{'n_estimators': 10, 'learning_rate': 0.1, 'algorithm': 'SAMME'}",COMPLETE
217,0.2064516128366285,2024-07-08 12:35:31.898872,2024-07-08 12:35:53.905312,0 days 00:00:22.006440,AdaBoostClassifier,Normalize_L2_0,,"[1, 0, 0, 1, 1, 0, 1, 1, 0, 0, 0, 0, 0, 0, 0, 1, 0, 0, 0, 1, 1, 0, 1, 1, 1, 0, 0, 0, 1, 0, 0, 1, 1, 0, 1, 1, 1, 1, 0, 0, 0, 0, 0, 0, 0, 1, 0, 0, 1]","{'n_estimators': 10, 'learning_rate': 10.0, 'algorithm': 'SAMME'}",COMPLETE
218,0.7935483868407908,2024-07-08 12:35:32.144880,2024-07-08 12:36:01.363352,0 days 00:00:29.218472,XGBClassifier,Normalize_L2_0,,"[1, 0, 1, 0, 0, 0, 0, 1, 1, 1, 0, 0, 0, 0, 0, 1, 0, 1, 0, 0, 0, 1, 0, 0, 0, 0, 0, 1, 0, 0, 1, 0, 1, 1, 1, 0, 0, 1, 0, 0, 0, 0, 0, 0, 1, 1, 0, 0, 0]","{'n_estimators': 50, 'learning_rate': 0.1, 'max_depth': 5, 'min_child_weight': 3, 'subsample': 0.7, 'colsample_bytree': 0.7, 'gamma': 0.0, 'reg_alpha': 1.0, 'reg_lambda': 0.1}",COMPLETE
219,0.7935483868407908,2024-07-08 12:35:32.463875,2024-07-08 12:36:06.620372,0 days 00:00:34.156497,AdaBoostClassifier,Normalize_L2_0,,"[0, 1, 0, 1, 0, 1, 0, 1, 0, 1, 0, 1, 0, 1, 1, 1, 1, 0, 0, 0, 0, 0, 0, 1, 0, 1, 0, 1, 0, 0, 1, 1, 1, 1, 1, 1, 0, 0, 1, 0, 0, 0, 1, 0, 1, 1, 0, 1, 0]","{'n_estimators': 1000, 'learning_rate': 10.0, 'algorithm': 'SAMME.R'}",COMPLETE
220,0.7387096771810613,2024-07-08 12:35:32.776874,2024-07-08 12:36:02.602347,0 days 00:00:29.825473,XGBClassifier,Normalize_L2_0,,"[0, 0, 0, 0, 0, 0, 0, 0, 1, 1, 0, 1, 0, 1, 0, 1, 0, 1, 1, 1, 1, 0, 0, 1, 0, 1, 0, 0, 1, 0, 0, 1, 0, 0, 0, 0, 1, 0, 0, 1, 0, 1, 0, 1, 1, 1, 1, 0, 0]","{'n_estimators': 1000, 'learning_rate': 1.0, 'max_depth': 7, 'min_child_weight': 3, 'subsample': 0.7, 'colsample_bytree': 0.5, 'gamma': 1.0, 'reg_alpha': 0.0, 'reg_lambda': 0.1}",COMPLETE
221,0.0,2024-07-08 12:35:33.068872,2024-07-08 12:36:02.515344,0 days 00:00:29.446472,XGBClassifier,Normalize_L2_0,KMeansSMOTE,,"{'n_estimators': 50, 'learning_rate': 0.5, 'max_depth': 3, 'min_child_weight': 5, 'subsample': 1.0, 'colsample_bytree': 0.5, 'gamma': 1.0, 'reg_alpha': 1.0, 'reg_lambda': 1.0}",COMPLETE
222,0.7612903223350675,2024-07-08 12:35:34.171873,2024-07-08 12:36:02.707349,0 days 00:00:28.535476,XGBClassifier,Normalize_L2_0,,"[1, 0, 0, 1, 0, 1, 1, 0, 1, 0, 0, 0, 0, 1, 1, 1, 0, 0, 1, 1, 1, 1, 1, 1, 0, 1, 1, 0, 0, 0, 1, 0, 0, 0, 1, 0, 0, 0, 0, 0, 0, 0, 0, 1, 0, 0, 0, 0, 0]","{'n_estimators': 1000, 'learning_rate': 0.1, 'max_depth': 9, 'min_child_weight': 3, 'subsample': 0.7, 'colsample_bytree': 0.7, 'gamma': 1.0, 'reg_alpha': 0.1, 'reg_lambda': 0.0}",COMPLETE
223,0.7935483868407908,2024-07-08 12:35:34.764874,2024-07-08 12:36:05.730345,0 days 00:00:30.965471,AdaBoostClassifier,Normalize_L2_0,,"[0, 1, 1, 0, 1, 1, 0, 0, 0, 0, 1, 0, 1, 1, 0, 1, 0, 0, 1, 1, 1, 1, 1, 1, 0, 1, 0, 1, 0, 1, 0, 1, 1, 0, 1, 1, 0, 1, 1, 1, 0, 0, 0, 0, 1, 0, 0, 0, 0]","{'n_estimators': 500, 'learning_rate': 10.0, 'algorithm': 'SAMME.R'}",COMPLETE
224,0.7774193545879292,2024-07-08 12:35:35.533876,2024-07-08 12:35:59.673344,0 days 00:00:24.139468,XGBClassifier,Normalize_L2_0,,"[0, 1, 0, 1, 0, 1, 1, 1, 1, 1, 1, 1, 0, 0, 0, 0, 0, 0, 0, 0, 0, 1, 0, 1, 1, 1, 1, 0, 0, 0, 1, 1, 0, 1, 0, 0, 0, 1, 0, 0, 0, 0, 0, 1, 0, 0, 0, 1, 1]","{'n_estimators': 1000, 'learning_rate': 0.01, 'max_depth': 7, 'min_child_weight': 1, 'subsample': 0.7, 'colsample_bytree': 0.5, 'gamma': 0.1, 'reg_alpha': 1.0, 'reg_lambda': 0.1}",COMPLETE
225,0.7516129029833506,2024-07-08 12:35:36.627314,2024-07-08 12:36:03.050341,0 days 00:00:26.423027,XGBClassifier,Normalize_L2_0,,"[1, 1, 1, 1, 1, 0, 0, 0, 0, 0, 1, 1, 0, 0, 1, 1, 1, 0, 0, 0, 0, 0, 1, 0, 1, 0, 0, 1, 1, 0, 1, 1, 1, 1, 1, 0, 0, 1, 1, 0, 1, 0, 1, 1, 0, 1, 1, 1, 0]","{'n_estimators': 500, 'learning_rate': 1.0, 'max_depth': 5, 'min_child_weight': 3, 'subsample': 1.0, 'colsample_bytree': 0.5, 'gamma': 0.0, 'reg_alpha': 0.0, 'reg_lambda': 0.0}",COMPLETE
226,0.7935483868407908,2024-07-08 12:35:37.987315,2024-07-08 12:36:01.354346,0 days 00:00:23.367031,AdaBoostClassifier,Normalize_L2_0,,"[1, 1, 0, 0, 1, 1, 0, 1, 1, 1, 1, 0, 1, 0, 1, 1, 1, 1, 0, 1, 1, 1, 1, 0, 0, 0, 1, 0, 0, 0, 1, 1, 1, 1, 0, 0, 0, 1, 0, 0, 1, 0, 0, 0, 1, 0, 0, 1, 1]","{'n_estimators': 100, 'learning_rate': 1.0, 'algorithm': 'SAMME'}",COMPLETE
227,0.3774193547169615,2024-07-08 12:35:42.147315,2024-07-08 12:36:07.433388,0 days 00:00:25.286073,XGBClassifier,Normalize_L2_0,NearMiss,"[0, 1, 0, 0, 1, 1, 0, 0, 1, 1, 1, 1, 0, 1, 1, 0, 0, 1, 1, 1, 0, 0, 1, 1, 0, 0, 1, 1, 1, 0, 0, 1, 1, 1, 0, 0, 0, 1, 1, 1, 1, 0, 0, 0, 1, 1, 0, 0, 0]","{'n_estimators': 10, 'learning_rate': 0.01, 'max_depth': 5, 'min_child_weight': 1, 'subsample': 1.0, 'colsample_bytree': 0.7, 'gamma': 0.0, 'reg_alpha': 0.0, 'reg_lambda': 0.0}",COMPLETE
228,0.7935483868407908,2024-07-08 12:35:44.092314,2024-07-08 12:36:02.079343,0 days 00:00:17.987029,XGBClassifier,Normalize_L2_0,,"[1, 0, 1, 0, 0, 1, 0, 0, 1, 1, 1, 1, 0, 0, 1, 0, 0, 1, 0, 0, 0, 0, 1, 1, 1, 1, 0, 0, 0, 0, 1, 1, 0, 0, 0, 1, 1, 0, 1, 0, 0, 0, 1, 0, 0, 0, 0, 1, 1]","{'n_estimators': 500, 'learning_rate': 0.01, 'max_depth': 5, 'min_child_weight': 1, 'subsample': 1.0, 'colsample_bytree': 1.0, 'gamma': 0.1, 'reg_alpha': 0.1, 'reg_lambda': 1.0}",COMPLETE
229,0.2645161289469303,2024-07-08 12:35:44.901313,2024-07-08 12:36:06.339346,0 days 00:00:21.438033,XGBClassifier,Normalize_L2_0,ADASYN,"[0, 0, 1, 0, 1, 1, 0, 0, 0, 0, 1, 1, 0, 0, 0, 1, 0, 1, 1, 0, 0, 1, 0, 1, 0, 1, 0, 1, 0, 1, 0, 1, 1, 1, 0, 1, 0, 1, 0, 0, 0, 0, 1, 0, 0, 0, 0, 1, 1]","{'n_estimators': 200, 'learning_rate': 10.0, 'max_depth': 9, 'min_child_weight': 10, 'subsample': 0.7, 'colsample_bytree': 0.5, 'gamma': 0.1, 'reg_alpha': 1.0, 'reg_lambda': 0.0}",COMPLETE
230,0.7516129029833506,2024-07-08 12:35:46.844313,2024-07-08 12:36:01.722345,0 days 00:00:14.878032,XGBClassifier,Normalize_L2_0,,"[0, 1, 1, 1, 1, 1, 0, 0, 1, 1, 0, 1, 0, 0, 1, 0, 1, 1, 0, 1, 0, 0, 1, 1, 0, 1, 0, 1, 0, 0, 0, 0, 0, 0, 0, 1, 1, 0, 0, 1, 0, 1, 0, 1, 1, 0, 0, 0, 1]","{'n_estimators': 200, 'learning_rate': 1.0, 'max_depth': 5, 'min_child_weight': 10, 'subsample': 0.5, 'colsample_bytree': 0.5, 'gamma': 1.0, 'reg_alpha': 0.0, 'reg_lambda': 0.1}",COMPLETE
231,0.754838709433923,2024-07-08 12:35:47.969313,2024-07-08 12:36:02.037344,0 days 00:00:14.068031,XGBClassifier,Normalize_L2_0,,"[0, 0, 0, 1, 1, 1, 1, 1, 1, 1, 0, 0, 1, 0, 0, 0, 0, 1, 0, 1, 1, 1, 1, 1, 1, 0, 1, 1, 1, 1, 1, 0, 1, 0, 0, 0, 1, 0, 1, 1, 0, 0, 1, 0, 0, 1, 1, 1, 0]","{'n_estimators': 200, 'learning_rate': 10.0, 'max_depth': 5, 'min_child_weight': 10, 'subsample': 1.0, 'colsample_bytree': 1.0, 'gamma': 1.0, 'reg_alpha': 0.1, 'reg_lambda': 1.0}",COMPLETE
232,0.7935483868407908,2024-07-08 12:35:50.707313,2024-07-08 12:36:02.111345,0 days 00:00:11.404032,XGBClassifier,Normalize_L2_0,,"[1, 1, 1, 0, 1, 1, 0, 0, 0, 1, 0, 1, 1, 0, 1, 0, 1, 0, 1, 0, 0, 1, 0, 0, 1, 0, 1, 1, 0, 0, 1, 0, 1, 1, 0, 1, 0, 0, 0, 0, 0, 1, 1, 1, 1, 1, 1, 1, 0]","{'n_estimators': 50, 'learning_rate': 0.1, 'max_depth': 9, 'min_child_weight': 5, 'subsample': 0.7, 'colsample_bytree': 0.7, 'gamma': 1.0, 'reg_alpha': 1.0, 'reg_lambda': 0.1}",COMPLETE
233,0.7870967739396462,2024-07-08 12:35:52.376312,2024-07-08 12:36:02.569345,0 days 00:00:10.193033,XGBClassifier,Normalize_L2_0,,"[1, 0, 0, 0, 1, 1, 0, 0, 1, 1, 0, 0, 1, 1, 1, 0, 1, 0, 1, 1, 1, 1, 1, 0, 1, 1, 0, 0, 1, 1, 0, 1, 0, 0, 1, 0, 1, 1, 1, 0, 1, 1, 0, 1, 1, 0, 0, 0, 1]","{'n_estimators': 200, 'learning_rate': 0.1, 'max_depth': 5, 'min_child_weight': 5, 'subsample': 0.7, 'colsample_bytree': 1.0, 'gamma': 0.1, 'reg_alpha': 1.0, 'reg_lambda': 0.0}",COMPLETE
234,0.7387096771810613,2024-07-08 12:35:53.649314,2024-07-08 12:36:19.137373,0 days 00:00:25.488059,XGBClassifier,Normalize_Max_0,,"[0, 1, 1, 0, 1, 1, 0, 1, 1, 0, 1, 1, 0, 1, 1, 0, 1, 1, 1, 0, 1, 1, 1, 1, 0, 0, 0, 1, 0, 0, 0, 0, 0, 1, 0, 0, 0, 1, 1, 0, 0, 1, 0, 0, 1, 1, 0, 1, 0]","{'n_estimators': 50, 'learning_rate': 1.0, 'max_depth': 5, 'min_child_weight': 10, 'subsample': 0.7, 'colsample_bytree': 0.5, 'gamma': 0.5, 'reg_alpha': 0.0, 'reg_lambda': 0.0}",COMPLETE
235,0.7580645158844953,2024-07-08 12:35:54.213314,2024-07-08 12:36:13.664344,0 days 00:00:19.451030,BaggingClassifier,Normalize_L1_1,,"[1, 0, 1, 1, 0, 1, 0, 1, 0, 1, 0, 0, 1, 1, 1, 1, 1, 1, 1, 0, 0, 1, 1, 0, 0, 1, 1, 0, 0, 0, 1, 0, 0, 1, 1, 1, 0, 0, 1, 0, 0, 0, 1, 1, 1, 0, 1, 1, 1]","{'n_estimators': 50, 'max_samples': 0.5, 'max_features': 0.5, 'bootstrap': True, 'bootstrap_features': False}",COMPLETE
236,0.7419354836316336,2024-07-08 12:35:55.206314,2024-07-08 12:36:07.086347,0 days 00:00:11.880033,XGBClassifier,Normalize_L2_0,,"[0, 0, 1, 1, 1, 1, 0, 0, 1, 0, 1, 0, 0, 0, 1, 1, 1, 0, 0, 1, 0, 0, 1, 0, 1, 1, 1, 0, 1, 1, 1, 0, 0, 1, 0, 1, 1, 0, 0, 0, 0, 0, 1, 0, 1, 0, 1, 0, 0]","{'n_estimators': 500, 'learning_rate': 1.0, 'max_depth': 7, 'min_child_weight': 10, 'subsample': 0.5, 'colsample_bytree': 1.0, 'gamma': 1.0, 'reg_alpha': 0.1, 'reg_lambda': 0.1}",COMPLETE
237,0.332258064408949,2024-07-08 12:35:56.784313,2024-07-08 12:36:17.556347,0 days 00:00:20.772034,XGBClassifier,Normalize_L2_0,ADASYN,"[1, 1, 1, 0, 0, 0, 0, 1, 1, 1, 0, 1, 1, 1, 0, 0, 1, 0, 0, 1, 1, 1, 0, 1, 0, 1, 1, 0, 0, 0, 0, 1, 1, 1, 1, 1, 1, 1, 0, 0, 1, 0, 0, 0, 1, 1, 0, 0, 0]","{'n_estimators': 500, 'learning_rate': 0.1, 'max_depth': 5, 'min_child_weight': 10, 'subsample': 0.5, 'colsample_bytree': 1.0, 'gamma': 0.5, 'reg_alpha': 1.0, 'reg_lambda': 0.0}",COMPLETE
238,0.30967741925494274,2024-07-08 12:35:57.030313,2024-07-08 12:36:07.791346,0 days 00:00:10.761033,XGBClassifier,Normalize_L2_0,ADASYN,"[0, 0, 0, 0, 0, 0, 1, 0, 0, 0, 0, 0, 0, 0, 0, 1, 0, 0, 0, 1, 0, 0, 0, 1, 1, 0, 1, 0, 1, 0, 1, 0, 0, 1, 1, 1, 0, 1, 1, 0, 0, 0, 0, 1, 1, 0, 0, 0, 0]","{'n_estimators': 500, 'learning_rate': 0.1, 'max_depth': 3, 'min_child_weight': 5, 'subsample': 1.0, 'colsample_bytree': 1.0, 'gamma': 1.0, 'reg_alpha': 0.0, 'reg_lambda': 0.0}",COMPLETE
239,0.4161290321238293,2024-07-08 12:35:57.235315,2024-07-08 12:36:04.574350,0 days 00:00:07.339035,XGBClassifier,Normalize_L2_0,NearMiss,"[0, 1, 0, 1, 0, 0, 0, 1, 1, 0, 0, 0, 1, 0, 0, 1, 0, 0, 0, 1, 1, 0, 1, 0, 1, 1, 0, 1, 1, 0, 0, 1, 0, 1, 0, 0, 1, 1, 1, 0, 0, 0, 0, 0, 1, 1, 0, 1, 1]","{'n_estimators': 100, 'learning_rate': 0.01, 'max_depth': 5, 'min_child_weight': 1, 'subsample': 1.0, 'colsample_bytree': 0.7, 'gamma': 0.1, 'reg_alpha': 1.0, 'reg_lambda': 0.0}",COMPLETE
240,0.29032258055150884,2024-07-08 12:35:57.651316,2024-07-08 12:36:10.093345,0 days 00:00:12.442029,XGBClassifier,Normalize_L2_0,ADASYN,"[1, 1, 0, 1, 1, 1, 1, 0, 1, 0, 0, 1, 1, 1, 0, 0, 1, 0, 0, 1, 1, 0, 0, 1, 0, 1, 1, 0, 1, 0, 0, 0, 1, 1, 1, 0, 1, 1, 1, 0, 1, 0, 0, 1, 0, 0, 0, 0, 0]","{'n_estimators': 1000, 'learning_rate': 0.01, 'max_depth': 9, 'min_child_weight': 10, 'subsample': 1.0, 'colsample_bytree': 1.0, 'gamma': 1.0, 'reg_alpha': 0.0, 'reg_lambda': 0.0}",COMPLETE
241,0.41935483857440164,2024-07-08 12:35:58.398329,2024-07-08 12:36:05.042344,0 days 00:00:06.644015,XGBClassifier,Normalize_L2_0,NearMiss,"[1, 0, 0, 1, 0, 1, 0, 0, 1, 0, 1, 1, 0, 1, 1, 1, 1, 1, 1, 0, 0, 0, 0, 0, 0, 0, 1, 1, 1, 1, 0, 1, 0, 1, 0, 1, 1, 1, 1, 0, 1, 0, 1, 1, 0, 1, 1, 0, 1]","{'n_estimators': 100, 'learning_rate': 1.0, 'max_depth': 5, 'min_child_weight': 5, 'subsample': 0.7, 'colsample_bytree': 0.7, 'gamma': 0.5, 'reg_alpha': 1.0, 'reg_lambda': 1.0}",COMPLETE
242,0.7903225803902184,2024-07-08 12:35:59.118340,2024-07-08 12:36:06.843371,0 days 00:00:07.725031,XGBClassifier,Normalize_L2_0,,"[0, 1, 0, 0, 0, 0, 1, 1, 0, 1, 1, 1, 1, 1, 0, 0, 0, 1, 1, 0, 1, 0, 1, 1, 0, 1, 1, 0, 1, 0, 1, 0, 0, 1, 0, 1, 0, 0, 0, 1, 0, 1, 0, 1, 1, 0, 0, 0, 1]","{'n_estimators': 100, 'learning_rate': 0.1, 'max_depth': 5, 'min_child_weight': 3, 'subsample': 0.7, 'colsample_bytree': 0.7, 'gamma': 0.0, 'reg_alpha': 1.0, 'reg_lambda': 1.0}",COMPLETE
243,0.3935483869698231,2024-07-08 12:36:00.093346,2024-07-08 12:36:06.431349,0 days 00:00:06.338003,XGBClassifier,Normalize_L2_0,NearMiss,"[1, 1, 1, 1, 0, 0, 0, 1, 0, 1, 0, 1, 1, 0, 0, 0, 0, 1, 1, 1, 0, 1, 0, 0, 0, 0, 1, 1, 1, 1, 1, 0, 1, 0, 1, 0, 0, 0, 1, 1, 1, 1, 0, 1, 0, 0, 0, 1, 1]","{'n_estimators': 200, 'learning_rate': 0.5, 'max_depth': 9, 'min_child_weight': 1, 'subsample': 0.5, 'colsample_bytree': 0.7, 'gamma': 0.1, 'reg_alpha': 0.1, 'reg_lambda': 1.0}",COMPLETE
244,0.41935483857440164,2024-07-08 12:36:00.394346,2024-07-08 12:36:07.165350,0 days 00:00:06.771004,XGBClassifier,Normalize_L2_0,NearMiss,"[0, 0, 0, 1, 1, 1, 1, 0, 1, 1, 0, 1, 1, 0, 0, 0, 0, 0, 1, 0, 0, 1, 1, 1, 0, 0, 1, 1, 1, 0, 0, 1, 0, 1, 1, 1, 0, 1, 0, 0, 1, 0, 0, 0, 0, 0, 1, 1, 1]","{'n_estimators': 500, 'learning_rate': 0.1, 'max_depth': 9, 'min_child_weight': 5, 'subsample': 0.7, 'colsample_bytree': 1.0, 'gamma': 0.1, 'reg_alpha': 0.0, 'reg_lambda': 0.1}",COMPLETE
245,0.7612903223350675,2024-07-08 12:36:00.592354,2024-07-08 12:36:19.055348,0 days 00:00:18.462994,BaggingClassifier,Normalize_L1_1,,"[0, 1, 1, 1, 1, 0, 1, 1, 0, 0, 1, 0, 0, 0, 0, 0, 1, 1, 1, 0, 1, 0, 1, 0, 0, 0, 0, 0, 0, 1, 0, 1, 1, 0, 1, 1, 1, 1, 0, 1, 1, 1, 0, 1, 0, 0, 1, 1, 1]","{'n_estimators': 200, 'max_samples': 1.0, 'max_features': 1.0, 'bootstrap': True, 'bootstrap_features': True}",COMPLETE
246,0.34516129021123826,2024-07-08 12:36:00.845346,2024-07-08 12:36:08.971347,0 days 00:00:08.126001,XGBClassifier,Normalize_L2_0,ADASYN,"[1, 1, 1, 0, 0, 1, 1, 1, 1, 0, 0, 0, 0, 0, 0, 1, 1, 0, 1, 1, 0, 1, 1, 0, 0, 1, 1, 1, 1, 1, 0, 0, 1, 0, 1, 1, 1, 0, 1, 0, 1, 0, 0, 0, 1, 0, 1, 0, 1]","{'n_estimators': 100, 'learning_rate': 1.0, 'max_depth': 7, 'min_child_weight': 1, 'subsample': 0.7, 'colsample_bytree': 1.0, 'gamma': 0.0, 'reg_alpha': 1.0, 'reg_lambda': 0.0}",COMPLETE
247,0.7225806449281997,2024-07-08 12:36:00.897345,2024-07-08 12:36:10.578344,0 days 00:00:09.680999,XGBClassifier,Normalize_L2_0,,"[0, 0, 0, 1, 1, 0, 0, 0, 0, 1, 0, 1, 1, 0, 0, 0, 0, 1, 0, 1, 1, 0, 1, 0, 0, 0, 1, 0, 0, 1, 1, 1, 0, 0, 1, 1, 0, 0, 0, 0, 1, 0, 0, 1, 1, 1, 0, 0, 1]","{'n_estimators': 1000, 'learning_rate': 10.0, 'max_depth': 7, 'min_child_weight': 10, 'subsample': 0.5, 'colsample_bytree': 0.7, 'gamma': 0.5, 'reg_alpha': 0.0, 'reg_lambda': 0.1}",COMPLETE
248,0.6838709675213319,2024-07-08 12:36:01.139347,2024-07-08 12:36:18.087346,0 days 00:00:16.947999,BaggingClassifier,Normalize_Max_0,,"[0, 1, 1, 0, 1, 1, 0, 0, 1, 0, 0, 0, 1, 0, 1, 0, 0, 0, 1, 1, 0, 0, 1, 1, 1, 1, 0, 0, 0, 0, 0, 1, 0, 1, 0, 0, 1, 1, 1, 1, 1, 0, 1, 1, 1, 1, 1, 1, 0]","{'n_estimators': 200, 'max_samples': 0.5, 'max_features': 0.5, 'bootstrap': False, 'bootstrap_features': True}",COMPLETE
249,0.412903225673257,2024-07-08 12:36:01.213349,2024-07-08 12:36:07.259355,0 days 00:00:06.046006,XGBClassifier,Normalize_L2_0,NearMiss,"[0, 0, 1, 1, 0, 0, 0, 0, 0, 1, 0, 1, 1, 0, 1, 0, 0, 1, 0, 1, 1, 0, 1, 1, 0, 0, 1, 0, 0, 1, 0, 0, 1, 0, 0, 1, 0, 1, 0, 1, 1, 1, 0, 1, 0, 0, 0, 1, 1]","{'n_estimators': 1000, 'learning_rate': 0.1, 'max_depth': 3, 'min_child_weight': 5, 'subsample': 1.0, 'colsample_bytree': 0.5, 'gamma': 1.0, 'reg_alpha': 0.0, 'reg_lambda': 0.1}",COMPLETE
250,0.3516129031123829,2024-07-08 12:36:01.680345,2024-07-08 12:36:07.604354,0 days 00:00:05.924009,XGBClassifier,Normalize_L2_0,ADASYN,"[1, 0, 1, 0, 1, 1, 1, 1, 0, 0, 1, 0, 1, 1, 1, 1, 1, 0, 1, 1, 1, 1, 1, 1, 0, 1, 0, 1, 1, 1, 0, 0, 0, 0, 0, 0, 1, 0, 0, 1, 1, 0, 0, 0, 1, 0, 0, 1, 0]","{'n_estimators': 100, 'learning_rate': 1.0, 'max_depth': 5, 'min_child_weight': 5, 'subsample': 0.5, 'colsample_bytree': 0.5, 'gamma': 0.5, 'reg_alpha': 0.0, 'reg_lambda': 0.1}",COMPLETE
251,0.6999999997741935,2024-07-08 12:36:01.758343,2024-07-08 12:36:16.084342,0 days 00:00:14.325999,XGBClassifier,Normalize_L1_1,,"[0, 0, 0, 1, 0, 0, 1, 0, 1, 1, 0, 0, 0, 0, 0, 1, 1, 1, 1, 0, 0, 0, 0, 0, 1, 1, 1, 1, 1, 0, 0, 1, 0, 1, 0, 0, 0, 0, 1, 0, 0, 1, 0, 0, 1, 0, 0, 0, 0]","{'n_estimators': 50, 'learning_rate': 1.0, 'max_depth': 9, 'min_child_weight': 3, 'subsample': 0.5, 'colsample_bytree': 0.7, 'gamma': 0.5, 'reg_alpha': 0.0, 'reg_lambda': 1.0}",COMPLETE
252,0.8032258061925077,2024-07-08 12:36:02.077345,2024-07-08 12:36:20.437344,0 days 00:00:18.359999,BaggingClassifier,Normalize_L1_1,,"[1, 0, 1, 1, 0, 1, 1, 1, 1, 1, 0, 0, 1, 0, 0, 1, 1, 0, 1, 1, 1, 0, 1, 1, 1, 0, 1, 0, 0, 1, 1, 1, 1, 1, 0, 1, 1, 0, 0, 1, 1, 0, 1, 1, 1, 0, 1, 0, 1]","{'n_estimators': 500, 'max_samples': 0.1, 'max_features': 1.0, 'bootstrap': False, 'bootstrap_features': True}",COMPLETE
253,0.7387096771810613,2024-07-08 12:36:02.366343,2024-07-08 12:36:19.299382,0 days 00:00:16.933039,XGBClassifier,Normalize_Max_0,,"[0, 0, 1, 0, 0, 1, 1, 0, 1, 1, 0, 1, 0, 0, 1, 1, 0, 1, 0, 0, 1, 0, 0, 1, 0, 1, 1, 0, 0, 0, 1, 0, 1, 0, 1, 0, 0, 1, 1, 1, 0, 1, 1, 1, 1, 1, 1, 1, 1]","{'n_estimators': 100, 'learning_rate': 10.0, 'max_depth': 7, 'min_child_weight': 1, 'subsample': 0.5, 'colsample_bytree': 0.7, 'gamma': 0.0, 'reg_alpha': 0.1, 'reg_lambda': 1.0}",COMPLETE
254,0.7774193545879292,2024-07-08 12:36:02.844344,2024-07-08 12:36:18.785344,0 days 00:00:15.941000,BaggingClassifier,Normalize_L1_1,,"[0, 1, 1, 1, 0, 1, 0, 1, 0, 1, 0, 0, 0, 1, 1, 0, 0, 1, 0, 1, 0, 1, 1, 1, 1, 1, 1, 0, 1, 0, 1, 1, 1, 1, 0, 1, 0, 0, 1, 1, 0, 1, 1, 0, 0, 0, 1, 0, 1]","{'n_estimators': 50, 'max_samples': 0.5, 'max_features': 1.0, 'bootstrap': True, 'bootstrap_features': False}",COMPLETE
255,0.7903225803902184,2024-07-08 12:36:02.899344,2024-07-08 12:36:22.288409,0 days 00:00:19.389065,BaggingClassifier,Normalize_Max_0,,"[0, 0, 0, 0, 0, 1, 0, 1, 1, 1, 1, 0, 0, 1, 0, 1, 0, 1, 0, 1, 1, 0, 1, 1, 0, 0, 1, 1, 1, 1, 0, 0, 1, 1, 0, 0, 1, 1, 0, 0, 0, 1, 0, 1, 0, 1, 1, 1, 0]","{'n_estimators': 1000, 'max_samples': 0.1, 'max_features': 0.1, 'bootstrap': False, 'bootstrap_features': False}",COMPLETE
256,0.635483870762747,2024-07-08 12:36:02.945343,2024-07-08 12:36:24.282485,0 days 00:00:21.337142,XGBClassifier,Normalize_Max_0,,"[1, 0, 1, 0, 0, 0, 0, 0, 1, 0, 0, 1, 1, 0, 1, 0, 0, 0, 1, 1, 1, 0, 0, 0, 1, 1, 1, 0, 0, 0, 1, 1, 1, 0, 0, 0, 1, 1, 0, 1, 0, 0, 1, 0, 1, 1, 0, 1, 1]","{'n_estimators': 200, 'learning_rate': 10.0, 'max_depth': 3, 'min_child_weight': 10, 'subsample': 0.7, 'colsample_bytree': 0.5, 'gamma': 1.0, 'reg_alpha': 0.0, 'reg_lambda': 0.1}",COMPLETE
