number,value,datetime_start,datetime_complete,duration,params_model,params_normTechnique,params_sampleTechnique,user_attrs_binIndices,user_attrs_hyperparams,state
308,0.7935483868407908,2024-07-08 12:36:24.026643,2024-07-08 12:36:42.224706,0 days 00:00:18.198063,RandomForestClassifier,Normalize_L2_0,,"[0, 0, 0, 1, 0, 0, 0, 0, 0, 0, 1, 0, 1, 1, 1, 0, 1, 1, 0, 0, 1, 1, 0, 0, 0, 0, 1, 1, 1, 0, 1, 0, 1, 0, 0, 1, 0, 1, 1, 1, 1, 0, 0, 0, 1, 1, 1, 1, 1]","{'n_estimators': 200, 'max_features': None, 'max_depth': 1000, 'min_samples_split': 2, 'min_samples_leaf': 100, 'bootstrap': True}",COMPLETE
309,0.554838709498439,2024-07-08 12:36:24.174530,2024-07-08 12:36:40.059704,0 days 00:00:15.885174,RandomForestClassifier,MinMaxScaler,SMOTE,"[1, 0, 0, 1, 1, 1, 1, 1, 1, 0, 0, 1, 0, 1, 0, 0, 1, 0, 1, 1, 0, 1, 1, 0, 1, 1, 1, 0, 0, 1, 0, 1, 1, 0, 0, 1, 0, 0, 0, 1, 0, 0, 1, 1, 1, 1, 0, 1, 1]","{'n_estimators': 50, 'max_features': 'log2', 'max_depth': 500, 'min_samples_split': 50, 'min_samples_leaf': 5, 'bootstrap': True}",COMPLETE
310,0.7935483868407908,2024-07-08 12:36:25.675519,2024-07-08 12:37:19.059924,0 days 00:00:53.384405,RandomForestClassifier,RobustScaler,,"[1, 0, 0, 0, 0, 0, 0, 0, 0, 1, 1, 0, 1, 1, 1, 0, 0, 0, 1, 1, 0, 0, 0, 1, 1, 1, 1, 1, 0, 1, 0, 0, 1, 0, 1, 0, 1, 0, 0, 0, 1, 1, 0, 0, 0, 1, 1, 0, 0]","{'n_estimators': 2000, 'max_features': None, 'max_depth': 500, 'min_samples_split': 50, 'min_samples_leaf': 50, 'bootstrap': True}",COMPLETE
311,0.0,2024-07-08 12:36:26.081533,2024-07-08 12:36:38.366704,0 days 00:00:12.285171,RandomForestClassifier,RobustScaler,SMOTE,"[1, 0, 0, 1, 0, 1, 0, 1, 0, 1, 0, 1, 1, 1, 1, 0, 1, 0, 1, 1, 1, 1, 0, 1, 1, 1, 0, 1, 1, 0, 1, 1, 1, 1, 1, 0, 0, 0, 1, 1, 1, 0, 1, 1, 0, 0, 1, 1, 0]","{'n_estimators': 200, 'max_features': 'auto', 'max_depth': 500, 'min_samples_split': 50, 'min_samples_leaf': 100, 'bootstrap': False}",COMPLETE
312,0.0,2024-07-08 12:36:26.204520,2024-07-08 12:36:44.547705,0 days 00:00:18.343185,RandomForestClassifier,RobustScaler,SMOTE,"[0, 1, 0, 1, 0, 0, 0, 1, 1, 0, 0, 1, 0, 0, 0, 0, 0, 1, 0, 0, 0, 0, 0, 1, 1, 0, 1, 1, 0, 0, 0, 1, 1, 1, 0, 0, 1, 0, 1, 1, 1, 1, 0, 1, 1, 1, 1, 1, 1]","{'n_estimators': 50, 'max_features': 'auto', 'max_depth': 100, 'min_samples_split': 2, 'min_samples_leaf': 5, 'bootstrap': True}",COMPLETE
313,0.0,2024-07-08 12:36:26.290517,2024-07-08 12:36:38.258706,0 days 00:00:11.968189,RandomForestClassifier,Normalize_L2_0,SMOTETomek,"[0, 0, 0, 1, 0, 1, 1, 0, 0, 1, 1, 0, 0, 0, 0, 0, 0, 1, 0, 1, 0, 1, 0, 0, 1, 1, 1, 0, 0, 1, 0, 1, 0, 1, 0, 0, 1, 0, 0, 1, 1, 0, 0, 1, 1, 1, 1, 0, 0]","{'n_estimators': 500, 'max_features': 'auto', 'max_depth': 50, 'min_samples_split': 200, 'min_samples_leaf': 1, 'bootstrap': False}",COMPLETE
314,0.47419354823413107,2024-07-08 12:36:26.352484,2024-07-08 12:36:47.745705,0 days 00:00:21.393221,RandomForestClassifier,RobustScaler,SMOTE,"[1, 0, 0, 0, 0, 0, 0, 0, 1, 0, 0, 0, 1, 0, 1, 1, 0, 0, 1, 1, 1, 0, 1, 0, 0, 0, 0, 1, 1, 1, 0, 0, 1, 1, 1, 1, 0, 0, 0, 1, 0, 1, 1, 1, 1, 1, 1, 0, 1]","{'n_estimators': 500, 'max_features': 'sqrt', 'max_depth': 100, 'min_samples_split': 5, 'min_samples_leaf': 100, 'bootstrap': False}",COMPLETE
315,0.38387096761810613,2024-07-08 12:36:26.953502,2024-07-08 12:36:54.876705,0 days 00:00:27.923203,ExtraTreesClassifier,Normalize_L1_0,RandomUnderSampler,"[1, 1, 1, 1, 0, 0, 0, 1, 0, 0, 0, 1, 0, 1, 0, 0, 0, 0, 1, 1, 0, 0, 1, 0, 0, 1, 1, 1, 0, 0, 1, 0, 0, 0, 0, 1, 0, 0, 1, 1, 0, 0, 0, 0, 1, 1, 1, 1, 0]","{'n_estimators': 200, 'max_features': None, 'max_depth': 50, 'min_samples_split': 2, 'min_samples_leaf': 1, 'bootstrap': True}",COMPLETE
316,0.7419354836316336,2024-07-08 12:36:27.142710,2024-07-08 12:36:47.023715,0 days 00:00:19.881005,XGBClassifier,Normalize_L2_1,,"[1, 0, 0, 0, 0, 1, 0, 1, 0, 0, 1, 1, 0, 0, 0, 0, 1, 0, 1, 1, 0, 1, 1, 1, 0, 0, 1, 0, 1, 0, 0, 1, 1, 0, 1, 1, 0, 1, 1, 0, 0, 0, 0, 0, 0, 0, 1, 0, 1]","{'n_estimators': 1000, 'learning_rate': 0.1, 'max_depth': 7, 'min_child_weight': 5, 'subsample': 0.5, 'colsample_bytree': 0.5, 'gamma': 1.0, 'reg_alpha': 0.1, 'reg_lambda': 0.1}",COMPLETE
317,0.5225806449927158,2024-07-08 12:36:27.600732,2024-07-08 12:36:43.314703,0 days 00:00:15.713971,RandomForestClassifier,RobustScaler,SMOTETomek,"[0, 0, 0, 1, 0, 1, 1, 1, 1, 0, 1, 0, 1, 1, 1, 0, 1, 1, 0, 0, 0, 0, 1, 1, 0, 0, 0, 0, 1, 1, 1, 0, 1, 0, 0, 0, 1, 1, 0, 0, 0, 0, 1, 1, 0, 0, 0, 0, 1]","{'n_estimators': 200, 'max_features': 'log2', 'max_depth': None, 'min_samples_split': 2, 'min_samples_leaf': 10, 'bootstrap': False}",COMPLETE
318,0.7870967739396462,2024-07-08 12:36:27.900734,2024-07-08 12:36:52.807704,0 days 00:00:24.906970,ExtraTreesClassifier,Normalize_L1_0,,"[0, 1, 1, 0, 0, 1, 1, 0, 1, 1, 0, 0, 1, 0, 1, 1, 0, 0, 1, 0, 1, 1, 1, 0, 0, 0, 0, 0, 0, 1, 1, 1, 0, 0, 0, 0, 1, 0, 0, 1, 1, 1, 0, 0, 0, 1, 0, 0, 1]","{'n_estimators': 500, 'max_features': None, 'max_depth': None, 'min_samples_split': 10, 'min_samples_leaf': 2, 'bootstrap': True}",COMPLETE
319,0.6870967739719042,2024-07-08 12:36:27.965705,2024-07-08 12:36:42.184706,0 days 00:00:14.219001,XGBClassifier,Normalize_Max_1,,"[1, 0, 0, 1, 0, 1, 1, 0, 0, 0, 1, 1, 0, 0, 1, 0, 1, 0, 1, 1, 0, 0, 1, 0, 0, 1, 1, 1, 1, 1, 1, 1, 0, 0, 0, 1, 1, 1, 1, 1, 0, 1, 1, 1, 1, 0, 1, 1, 1]","{'n_estimators': 100, 'learning_rate': 0.5, 'max_depth': 7, 'min_child_weight': 10, 'subsample': 0.5, 'colsample_bytree': 0.7, 'gamma': 0.1, 'reg_alpha': 0.1, 'reg_lambda': 0.0}",COMPLETE
320,0.7290322578293443,2024-07-08 12:36:28.529710,2024-07-08 12:36:57.224704,0 days 00:00:28.694994,ExtraTreesClassifier,Normalize_L2_1,,"[0, 0, 0, 1, 0, 0, 0, 0, 0, 1, 1, 1, 0, 1, 0, 0, 0, 0, 0, 0, 1, 1, 1, 1, 1, 0, 1, 0, 1, 0, 0, 1, 1, 1, 0, 1, 1, 1, 1, 1, 0, 1, 1, 0, 0, 1, 0, 1, 0]","{'n_estimators': 500, 'max_features': None, 'max_depth': 1000, 'min_samples_split': 5, 'min_samples_leaf': 2, 'bootstrap': False}",COMPLETE
321,0.7225806449281997,2024-07-08 12:36:28.794707,2024-07-08 12:36:45.448706,0 days 00:00:16.653999,XGBClassifier,Normalize_L2_1,,"[0, 0, 1, 0, 0, 0, 1, 1, 0, 0, 0, 0, 1, 1, 0, 1, 1, 1, 1, 1, 0, 1, 1, 1, 0, 0, 0, 0, 0, 0, 0, 1, 0, 0, 1, 0, 0, 1, 1, 0, 0, 1, 1, 1, 1, 0, 1, 0, 1]","{'n_estimators': 100, 'learning_rate': 0.5, 'max_depth': 7, 'min_child_weight': 3, 'subsample': 0.5, 'colsample_bytree': 0.7, 'gamma': 0.0, 'reg_alpha': 0.1, 'reg_lambda': 1.0}",COMPLETE
322,0.554838709498439,2024-07-08 12:36:28.868709,2024-07-08 12:36:40.198705,0 days 00:00:11.329996,RandomForestClassifier,MinMaxScaler,SMOTE,"[1, 1, 1, 0, 0, 0, 1, 1, 0, 0, 1, 1, 0, 1, 1, 1, 0, 1, 1, 0, 1, 1, 0, 1, 0, 1, 0, 0, 0, 0, 1, 1, 1, 0, 1, 0, 0, 0, 0, 0, 0, 0, 0, 1, 0, 0, 0, 0, 0]","{'n_estimators': 50, 'max_features': 'log2', 'max_depth': 10, 'min_samples_split': 2, 'min_samples_leaf': 50, 'bootstrap': True}",COMPLETE
323,0.7516129029833506,2024-07-08 12:36:29.460705,2024-07-08 12:36:49.004705,0 days 00:00:19.544000,RandomForestClassifier,RobustScaler,,"[0, 0, 0, 0, 0, 0, 1, 1, 0, 0, 0, 0, 1, 1, 0, 1, 0, 0, 1, 1, 0, 0, 1, 0, 1, 1, 1, 0, 1, 0, 0, 1, 0, 0, 0, 1, 0, 1, 0, 0, 1, 1, 0, 1, 1, 0, 1, 0, 1]","{'n_estimators': 1000, 'max_features': 'log2', 'max_depth': 200, 'min_samples_split': 50, 'min_samples_leaf': 5, 'bootstrap': False}",COMPLETE
324,0.7935483868407908,2024-07-08 12:36:29.976716,2024-07-08 12:36:55.811705,0 days 00:00:25.834989,ExtraTreesClassifier,Normalize_L2_1,,"[0, 1, 1, 0, 1, 1, 0, 1, 0, 1, 0, 0, 1, 1, 1, 0, 1, 1, 1, 0, 0, 0, 0, 1, 1, 1, 1, 0, 0, 0, 0, 1, 1, 0, 0, 1, 0, 0, 0, 0, 1, 0, 1, 1, 1, 0, 0, 1, 0]","{'n_estimators': 200, 'max_features': None, 'max_depth': 50, 'min_samples_split': 5, 'min_samples_leaf': 100, 'bootstrap': False}",COMPLETE
325,0.0,2024-07-08 12:36:30.533706,2024-07-08 12:36:52.910704,0 days 00:00:22.376998,ExtraTreesClassifier,MaxAbsScaler,,"[1, 1, 1, 0, 1, 1, 0, 1, 1, 1, 0, 1, 1, 0, 1, 0, 1, 0, 1, 0, 0, 1, 0, 0, 0, 0, 1, 0, 0, 0, 0, 0, 0, 1, 1, 1, 0, 1, 1, 0, 0, 1, 0, 0, 1, 1, 1, 0, 1]","{'n_estimators': 10, 'max_features': 'auto', 'max_depth': 10, 'min_samples_split': 50, 'min_samples_leaf': 1, 'bootstrap': False}",COMPLETE
326,0.7483870965327784,2024-07-08 12:36:30.669731,2024-07-08 12:36:48.075704,0 days 00:00:17.405973,XGBClassifier,Normalize_L2_1,,"[0, 1, 0, 0, 1, 1, 1, 0, 1, 1, 1, 0, 0, 0, 1, 0, 0, 0, 1, 1, 0, 0, 0, 1, 1, 0, 1, 0, 0, 0, 0, 1, 1, 1, 0, 0, 1, 1, 0, 1, 0, 0, 1, 1, 1, 0, 1, 1, 1]","{'n_estimators': 500, 'learning_rate': 0.5, 'max_depth': 3, 'min_child_weight': 10, 'subsample': 1.0, 'colsample_bytree': 0.7, 'gamma': 0.0, 'reg_alpha': 0.1, 'reg_lambda': 0.0}",COMPLETE
327,0.7322580642799167,2024-07-08 12:36:30.817706,2024-07-08 12:36:46.624705,0 days 00:00:15.806999,XGBClassifier,Normalize_L2_1,,"[1, 0, 0, 0, 0, 0, 0, 1, 1, 0, 1, 1, 0, 1, 1, 0, 0, 1, 1, 1, 0, 1, 0, 1, 1, 0, 0, 0, 1, 0, 0, 1, 0, 1, 1, 0, 1, 1, 0, 1, 1, 0, 0, 1, 1, 0, 1, 1, 1]","{'n_estimators': 1000, 'learning_rate': 0.1, 'max_depth': 5, 'min_child_weight': 5, 'subsample': 0.5, 'colsample_bytree': 1.0, 'gamma': 0.0, 'reg_alpha': 0.0, 'reg_lambda': 0.1}",COMPLETE
328,0.7806451610385015,2024-07-08 12:36:31.477707,2024-07-08 12:36:47.504704,0 days 00:00:16.026997,XGBClassifier,Normalize_Max_1,,"[1, 0, 1, 1, 1, 0, 0, 0, 0, 0, 1, 1, 0, 1, 0, 1, 0, 1, 1, 0, 0, 0, 1, 0, 0, 0, 0, 1, 0, 0, 1, 1, 0, 0, 0, 1, 0, 0, 0, 1, 1, 0, 0, 1, 0, 0, 1, 0, 0]","{'n_estimators': 200, 'learning_rate': 0.1, 'max_depth': 5, 'min_child_weight': 10, 'subsample': 1.0, 'colsample_bytree': 0.5, 'gamma': 1.0, 'reg_alpha': 0.0, 'reg_lambda': 0.0}",COMPLETE
329,0.4612903224318418,2024-07-08 12:36:31.639706,2024-07-08 12:36:43.342706,0 days 00:00:11.703000,XGBClassifier,Normalize_L2_1,,"[0, 0, 0, 0, 0, 0, 0, 0, 1, 1, 1, 0, 1, 0, 0, 0, 1, 0, 0, 1, 1, 1, 0, 0, 0, 1, 0, 1, 0, 0, 0, 1, 1, 0, 0, 0, 1, 1, 1, 1, 1, 0, 0, 0, 0, 0, 0, 0, 1]","{'n_estimators': 500, 'learning_rate': 10.0, 'max_depth': 5, 'min_child_weight': 5, 'subsample': 0.5, 'colsample_bytree': 0.5, 'gamma': 0.1, 'reg_alpha': 0.1, 'reg_lambda': 0.1}",COMPLETE
330,0.7741935481373569,2024-07-08 12:36:31.756707,2024-07-08 12:36:44.585704,0 days 00:00:12.828997,XGBClassifier,Normalize_L2_1,,"[0, 0, 0, 0, 0, 0, 0, 0, 1, 1, 0, 0, 0, 0, 0, 0, 1, 0, 0, 1, 0, 1, 0, 1, 0, 0, 1, 0, 1, 1, 1, 0, 0, 1, 0, 0, 1, 1, 1, 1, 0, 1, 1, 1, 0, 1, 1, 0, 0]","{'n_estimators': 500, 'learning_rate': 0.1, 'max_depth': 3, 'min_child_weight': 5, 'subsample': 0.5, 'colsample_bytree': 0.7, 'gamma': 0.1, 'reg_alpha': 1.0, 'reg_lambda': 0.0}",COMPLETE
331,0.0,2024-07-08 12:36:32.080707,2024-07-08 12:36:51.938705,0 days 00:00:19.857998,ExtraTreesClassifier,Normalize_L2_1,,"[1, 1, 1, 1, 0, 0, 0, 1, 0, 0, 1, 1, 0, 1, 1, 1, 1, 1, 0, 0, 0, 0, 1, 1, 1, 1, 1, 0, 0, 0, 1, 1, 0, 0, 1, 1, 1, 1, 0, 0, 0, 1, 1, 0, 0, 0, 0, 1, 0]","{'n_estimators': 200, 'max_features': 'auto', 'max_depth': 100, 'min_samples_split': 2, 'min_samples_leaf': 100, 'bootstrap': False}",COMPLETE
332,0.7903225803902184,2024-07-08 12:36:32.600720,2024-07-08 12:36:46.897704,0 days 00:00:14.296984,XGBClassifier,Normalize_L2_1,,"[0, 1, 0, 1, 1, 1, 0, 1, 0, 0, 1, 0, 1, 1, 0, 0, 1, 1, 0, 1, 0, 0, 1, 1, 0, 0, 0, 0, 0, 1, 1, 1, 1, 0, 1, 0, 0, 0, 1, 0, 0, 0, 1, 1, 1, 1, 1, 1, 0]","{'n_estimators': 100, 'learning_rate': 0.01, 'max_depth': 5, 'min_child_weight': 5, 'subsample': 1.0, 'colsample_bytree': 0.7, 'gamma': 0.5, 'reg_alpha': 0.1, 'reg_lambda': 0.1}",COMPLETE
333,0.7967741932913631,2024-07-08 12:36:32.670706,2024-07-08 12:36:43.580704,0 days 00:00:10.909998,XGBClassifier,Normalize_L2_1,,"[1, 1, 1, 1, 1, 0, 1, 1, 1, 0, 0, 0, 0, 0, 1, 0, 0, 1, 1, 1, 1, 1, 1, 1, 0, 0, 1, 0, 0, 0, 1, 0, 0, 1, 0, 0, 1, 1, 1, 1, 0, 0, 1, 1, 1, 0, 0, 1, 1]","{'n_estimators': 200, 'learning_rate': 0.1, 'max_depth': 3, 'min_child_weight': 10, 'subsample': 1.0, 'colsample_bytree': 1.0, 'gamma': 1.0, 'reg_alpha': 0.0, 'reg_lambda': 1.0}",COMPLETE
334,0.7935483868407908,2024-07-08 12:36:32.836745,2024-07-08 12:36:54.669702,0 days 00:00:21.832957,ExtraTreesClassifier,Normalize_L1_0,,"[0, 1, 1, 1, 1, 0, 0, 1, 0, 0, 0, 1, 1, 0, 0, 1, 1, 0, 0, 1, 1, 0, 1, 1, 0, 0, 0, 1, 0, 0, 0, 1, 1, 0, 0, 1, 1, 1, 1, 1, 1, 0, 0, 1, 1, 1, 0, 1, 1]","{'n_estimators': 50, 'max_features': 'log2', 'max_depth': 500, 'min_samples_split': 50, 'min_samples_leaf': 5, 'bootstrap': True}",COMPLETE
335,0.7967741932913631,2024-07-08 12:36:32.910715,2024-07-08 12:36:47.514704,0 days 00:00:14.603989,XGBClassifier,Normalize_L2_1,,"[0, 0, 0, 1, 1, 1, 1, 1, 0, 1, 1, 0, 0, 1, 1, 1, 1, 0, 1, 1, 1, 0, 0, 1, 0, 0, 1, 0, 1, 1, 1, 0, 1, 0, 1, 0, 0, 1, 0, 0, 0, 0, 0, 0, 0, 0, 1, 1, 1]","{'n_estimators': 100, 'learning_rate': 0.01, 'max_depth': 9, 'min_child_weight': 5, 'subsample': 1.0, 'colsample_bytree': 1.0, 'gamma': 0.0, 'reg_alpha': 1.0, 'reg_lambda': 1.0}",COMPLETE
336,0.0,2024-07-08 12:36:34.037708,2024-07-08 12:36:56.977704,0 days 00:00:22.939996,ExtraTreesClassifier,MaxAbsScaler,,"[1, 1, 0, 0, 1, 0, 1, 1, 0, 1, 1, 0, 1, 0, 0, 1, 0, 0, 1, 0, 0, 0, 1, 0, 1, 0, 1, 1, 1, 1, 0, 0, 0, 0, 0, 1, 0, 0, 1, 1, 1, 1, 0, 1, 1, 1, 1, 1, 1]","{'n_estimators': 50, 'max_features': 'auto', 'max_depth': 50, 'min_samples_split': 100, 'min_samples_leaf': 10, 'bootstrap': True}",COMPLETE
337,0.7064516126753382,2024-07-08 12:36:34.241706,2024-07-08 12:36:49.704705,0 days 00:00:15.462999,ExtraTreesClassifier,Normalize_L2_1,,"[1, 0, 0, 1, 1, 1, 0, 0, 0, 0, 1, 0, 1, 0, 0, 1, 0, 1, 0, 0, 1, 0, 1, 0, 0, 0, 0, 0, 1, 1, 1, 1, 1, 0, 0, 0, 1, 1, 0, 0, 1, 0, 0, 1, 1, 0, 1, 1, 1]","{'n_estimators': 100, 'max_features': None, 'max_depth': 100, 'min_samples_split': 5, 'min_samples_leaf': 1, 'bootstrap': False}",COMPLETE
338,0.0,2024-07-08 12:36:34.313733,2024-07-08 12:36:53.536705,0 days 00:00:19.222972,MLPClassifier,,,,,COMPLETE
339,0.7903225803902184,2024-07-08 12:36:34.722710,2024-07-08 12:36:45.508704,0 days 00:00:10.785994,XGBClassifier,Normalize_L2_0,,"[0, 1, 1, 0, 0, 1, 0, 1, 0, 1, 0, 0, 0, 1, 0, 1, 0, 0, 1, 0, 0, 0, 0, 1, 0, 0, 0, 0, 0, 1, 1, 0, 0, 1, 1, 1, 0, 1, 1, 0, 1, 0, 1, 0, 0, 0, 0, 0, 1]","{'n_estimators': 100, 'learning_rate': 0.5, 'max_depth': 7, 'min_child_weight': 5, 'subsample': 1.0, 'colsample_bytree': 0.7, 'gamma': 0.5, 'reg_alpha': 0.0, 'reg_lambda': 0.1}",COMPLETE
340,0.7935483868407908,2024-07-08 12:36:35.971705,2024-07-08 12:36:53.163707,0 days 00:00:17.192002,XGBClassifier,Normalize_L1_0,,"[1, 0, 1, 1, 0, 1, 1, 1, 1, 1, 0, 1, 1, 0, 1, 1, 1, 0, 0, 0, 1, 1, 0, 0, 1, 0, 1, 1, 0, 0, 0, 0, 0, 0, 1, 0, 1, 0, 0, 1, 1, 1, 0, 0, 1, 0, 1, 1, 1]","{'n_estimators': 10, 'learning_rate': 0.5, 'max_depth': 5, 'min_child_weight': 5, 'subsample': 0.5, 'colsample_bytree': 1.0, 'gamma': 1.0, 'reg_alpha': 0.0, 'reg_lambda': 0.0}",COMPLETE
341,0.0,2024-07-08 12:36:37.933705,2024-07-08 12:36:53.153704,0 days 00:00:15.219999,MLPClassifier,,,,,COMPLETE
342,0.7129032255764828,2024-07-08 12:36:38.455708,2024-07-08 12:36:59.936707,0 days 00:00:21.480999,XGBClassifier,Normalize_L1_1,,"[1, 1, 0, 0, 1, 0, 1, 0, 1, 0, 0, 0, 1, 0, 0, 1, 1, 1, 1, 0, 1, 1, 0, 0, 0, 0, 1, 1, 0, 0, 0, 1, 1, 0, 1, 0, 1, 1, 1, 0, 1, 0, 1, 1, 1, 1, 1, 0, 1]","{'n_estimators': 200, 'learning_rate': 1.0, 'max_depth': 3, 'min_child_weight': 3, 'subsample': 0.7, 'colsample_bytree': 0.7, 'gamma': 1.0, 'reg_alpha': 0.0, 'reg_lambda': 1.0}",COMPLETE
343,0.7032258062247658,2024-07-08 12:36:39.136705,2024-07-08 12:36:57.798735,0 days 00:00:18.662030,ExtraTreesClassifier,MaxAbsScaler,,"[0, 0, 0, 0, 1, 1, 1, 0, 1, 1, 0, 0, 0, 0, 1, 1, 1, 1, 0, 1, 1, 0, 1, 0, 0, 0, 0, 1, 0, 1, 1, 0, 0, 0, 0, 1, 0, 0, 1, 1, 1, 1, 0, 1, 0, 0, 1, 1, 1]","{'n_estimators': 50, 'max_features': 'log2', 'max_depth': 100, 'min_samples_split': 5, 'min_samples_leaf': 1, 'bootstrap': True}",COMPLETE
344,0.0,2024-07-08 12:36:40.278706,2024-07-08 12:36:57.983706,0 days 00:00:17.705000,MLPClassifier,,,,,COMPLETE
345,0.7935483868407908,2024-07-08 12:36:40.781705,2024-07-08 12:36:53.119704,0 days 00:00:12.337999,XGBClassifier,Normalize_L1_0,,"[0, 0, 1, 1, 1, 1, 1, 1, 1, 0, 1, 1, 1, 0, 1, 0, 1, 0, 0, 0, 0, 1, 1, 1, 1, 1, 1, 0, 1, 1, 0, 1, 0, 0, 1, 0, 0, 0, 0, 0, 0, 1, 0, 0, 0, 0, 1, 0, 0]","{'n_estimators': 100, 'learning_rate': 0.1, 'max_depth': 5, 'min_child_weight': 3, 'subsample': 1.0, 'colsample_bytree': 0.5, 'gamma': 0.5, 'reg_alpha': 1.0, 'reg_lambda': 1.0}",COMPLETE
346,0.45161290308012486,2024-07-08 12:36:40.898705,2024-07-08 12:37:02.949704,0 days 00:00:22.050999,XGBClassifier,Normalize_L1_1,RandomOverSampler,"[0, 1, 0, 0, 0, 1, 1, 0, 0, 1, 0, 0, 0, 0, 0, 0, 1, 0, 0, 1, 1, 1, 0, 0, 1, 1, 0, 1, 0, 0, 0, 0, 0, 0, 0, 1, 0, 0, 0, 0, 0, 0, 0, 0, 1, 1, 1, 1, 1]","{'n_estimators': 100, 'learning_rate': 10.0, 'max_depth': 5, 'min_child_weight': 1, 'subsample': 0.7, 'colsample_bytree': 0.5, 'gamma': 0.0, 'reg_alpha': 1.0, 'reg_lambda': 0.1}",COMPLETE
347,0.0,2024-07-08 12:36:41.012706,2024-07-08 12:36:58.787704,0 days 00:00:17.774998,MLPClassifier,,,,,COMPLETE
348,0.7774193545879292,2024-07-08 12:36:41.447709,2024-07-08 12:36:55.563709,0 days 00:00:14.116000,XGBClassifier,Normalize_L1_1,,"[0, 0, 0, 0, 1, 0, 1, 0, 1, 1, 0, 0, 1, 0, 1, 0, 0, 0, 0, 0, 0, 0, 0, 0, 0, 0, 1, 0, 0, 0, 1, 0, 1, 1, 1, 1, 0, 1, 0, 0, 1, 1, 0, 1, 1, 0, 0, 1, 1]","{'n_estimators': 10, 'learning_rate': 1.0, 'max_depth': 5, 'min_child_weight': 5, 'subsample': 1.0, 'colsample_bytree': 1.0, 'gamma': 0.1, 'reg_alpha': 0.0, 'reg_lambda': 1.0}",COMPLETE
349,0.7516129029833506,2024-07-08 12:36:41.691704,2024-07-08 12:36:56.647705,0 days 00:00:14.956001,ExtraTreesClassifier,MaxAbsScaler,,"[0, 1, 1, 1, 0, 0, 1, 0, 0, 0, 0, 1, 0, 1, 0, 1, 0, 0, 0, 0, 0, 1, 0, 1, 1, 0, 1, 0, 1, 0, 0, 0, 1, 1, 0, 1, 1, 0, 0, 0, 0, 1, 0, 0, 0, 1, 1, 1, 0]","{'n_estimators': 1000, 'max_features': 'sqrt', 'max_depth': 100, 'min_samples_split': 5, 'min_samples_leaf': 2, 'bootstrap': True}",COMPLETE
350,0.7064516126753382,2024-07-08 12:36:42.095705,2024-07-08 12:36:56.301705,0 days 00:00:14.206000,XGBClassifier,Normalize_L1_1,,"[1, 1, 0, 0, 0, 0, 1, 0, 0, 1, 1, 0, 1, 1, 1, 1, 0, 1, 1, 0, 1, 0, 0, 1, 0, 0, 0, 0, 1, 1, 0, 0, 0, 1, 0, 1, 0, 1, 0, 0, 1, 1, 1, 1, 0, 1, 0, 0, 1]","{'n_estimators': 100, 'learning_rate': 0.5, 'max_depth': 9, 'min_child_weight': 1, 'subsample': 0.5, 'colsample_bytree': 0.5, 'gamma': 0.0, 'reg_alpha': 0.1, 'reg_lambda': 1.0}",COMPLETE
351,0.0,2024-07-08 12:36:43.004708,2024-07-08 12:36:54.237705,0 days 00:00:11.232997,MLPClassifier,,,,,COMPLETE
352,0.7935483868407908,2024-07-08 12:36:43.143709,2024-07-08 12:36:52.753705,0 days 00:00:09.609996,ExtraTreesClassifier,Normalize_L1_0,,"[0, 1, 1, 1, 1, 0, 1, 1, 1, 0, 0, 1, 0, 1, 0, 0, 1, 1, 1, 1, 0, 1, 1, 0, 0, 0, 0, 0, 0, 1, 0, 1, 0, 0, 1, 1, 1, 0, 0, 0, 0, 1, 0, 1, 0, 1, 1, 0, 0]","{'n_estimators': 10, 'max_features': 'log2', 'max_depth': 10, 'min_samples_split': 5, 'min_samples_leaf': 10, 'bootstrap': False}",COMPLETE
353,0.5290322578938605,2024-07-08 12:36:43.721737,2024-07-08 12:36:54.190705,0 days 00:00:10.468968,XGBClassifier,MaxAbsScaler,RandomUnderSampler,"[0, 1, 1, 1, 1, 0, 1, 0, 1, 0, 0, 0, 1, 1, 0, 0, 0, 0, 0, 1, 1, 1, 1, 1, 1, 1, 0, 1, 1, 0, 0, 0, 0, 1, 1, 1, 0, 0, 1, 0, 0, 0, 0, 1, 1, 1, 0, 0, 0]","{'n_estimators': 500, 'learning_rate': 0.1, 'max_depth': 3, 'min_child_weight': 1, 'subsample': 0.5, 'colsample_bytree': 1.0, 'gamma': 0.0, 'reg_alpha': 0.0, 'reg_lambda': 1.0}",COMPLETE
354,0.0,2024-07-08 12:36:44.684705,2024-07-08 12:36:53.767704,0 days 00:00:09.082999,MLPClassifier,,,,,COMPLETE
355,0.7935483868407908,2024-07-08 12:36:44.940706,2024-07-08 12:36:56.263704,0 days 00:00:11.322998,XGBClassifier,Normalize_L1_1,,"[1, 0, 0, 0, 1, 0, 0, 1, 0, 0, 0, 1, 0, 0, 1, 0, 0, 0, 1, 0, 1, 1, 0, 0, 0, 0, 1, 1, 1, 0, 0, 0, 1, 0, 1, 1, 0, 1, 0, 0, 0, 0, 0, 1, 1, 0, 0, 1, 1]","{'n_estimators': 50, 'learning_rate': 0.01, 'max_depth': 7, 'min_child_weight': 1, 'subsample': 0.7, 'colsample_bytree': 0.7, 'gamma': 0.1, 'reg_alpha': 1.0, 'reg_lambda': 1.0}",COMPLETE
356,0.6483870965650363,2024-07-08 12:36:46.215708,2024-07-08 12:36:56.376704,0 days 00:00:10.160996,XGBClassifier,Normalize_L1_1,RandomUnderSampler,"[1, 0, 1, 1, 0, 1, 1, 0, 1, 1, 1, 1, 1, 1, 0, 0, 0, 1, 0, 1, 1, 1, 1, 0, 0, 0, 1, 1, 0, 1, 1, 0, 0, 0, 0, 0, 1, 0, 0, 1, 0, 1, 1, 1, 1, 0, 1, 0, 0]","{'n_estimators': 1000, 'learning_rate': 0.1, 'max_depth': 3, 'min_child_weight': 3, 'subsample': 1.0, 'colsample_bytree': 0.7, 'gamma': 0.5, 'reg_alpha': 0.0, 'reg_lambda': 0.0}",COMPLETE
357,0.0,2024-07-08 12:36:46.802705,2024-07-08 12:37:00.359707,0 days 00:00:13.557002,XGBClassifier,,,,"{'n_estimators': 100, 'learning_rate': 0.01, 'max_depth': 9, 'min_child_weight': 5, 'subsample': 1.0, 'colsample_bytree': 0.5, 'gamma': 0.5, 'reg_alpha': 1.0, 'reg_lambda': 1.0}",COMPLETE
358,0.0,2024-07-08 12:36:47.342704,2024-07-08 12:36:58.737705,0 days 00:00:11.395001,XGBClassifier,,RandomOverSampler,,"{'n_estimators': 50, 'learning_rate': 0.01, 'max_depth': 5, 'min_child_weight': 5, 'subsample': 0.7, 'colsample_bytree': 1.0, 'gamma': 1.0, 'reg_alpha': 0.0, 'reg_lambda': 1.0}",COMPLETE
359,0.7806451610385015,2024-07-08 12:36:48.880705,2024-07-08 12:37:01.094707,0 days 00:00:12.214002,XGBClassifier,Normalize_L1_1,,"[1, 1, 1, 0, 0, 0, 1, 0, 0, 1, 0, 1, 0, 1, 1, 1, 0, 0, 0, 1, 0, 0, 0, 0, 1, 0, 1, 1, 1, 0, 0, 1, 1, 0, 1, 0, 0, 1, 1, 0, 0, 0, 0, 1, 0, 0, 0, 1, 1]","{'n_estimators': 100, 'learning_rate': 0.1, 'max_depth': 3, 'min_child_weight': 3, 'subsample': 1.0, 'colsample_bytree': 0.7, 'gamma': 0.1, 'reg_alpha': 1.0, 'reg_lambda': 0.0}",COMPLETE
360,0.6677419352684703,2024-07-08 12:36:49.377705,2024-07-08 12:37:00.674704,0 days 00:00:11.296999,XGBClassifier,Normalize_L1_1,SVMSMOTE,"[0, 0, 0, 1, 1, 0, 0, 1, 1, 0, 1, 0, 0, 0, 0, 1, 1, 0, 0, 1, 1, 1, 1, 1, 0, 0, 1, 0, 1, 0, 1, 0, 0, 1, 1, 1, 1, 0, 1, 1, 1, 1, 0, 1, 1, 0, 0, 1, 0]","{'n_estimators': 500, 'learning_rate': 0.01, 'max_depth': 5, 'min_child_weight': 3, 'subsample': 1.0, 'colsample_bytree': 0.5, 'gamma': 0.5, 'reg_alpha': 0.1, 'reg_lambda': 0.0}",COMPLETE
