number,value,datetime_start,datetime_complete,duration,params_model,params_normTechnique,params_sampleTechnique,user_attrs_binIndices,user_attrs_hyperparams,state
821,0.7935483868407908,2024-07-08 12:41:58.207125,2024-07-08 12:42:46.437124,0 days 00:00:48.229999,RandomForestClassifier,StandardScaler,,"[1, 0, 1, 0, 1, 0, 1, 0, 0, 1, 0, 0, 1, 1, 0, 1, 1, 1, 1, 1, 1, 1, 1, 1, 0, 0, 1, 1, 0, 0, 0, 1, 0, 1, 0, 1, 1, 0, 1, 1, 1, 1, 0, 1, 0, 1, 1, 0, 0]","{'n_estimators': 500, 'max_features': 'log2', 'max_depth': 100, 'min_samples_split': 100, 'min_samples_leaf': 50, 'bootstrap': False}",COMPLETE
822,0.7935483868407908,2024-07-08 12:41:58.883123,2024-07-08 12:42:22.006136,0 days 00:00:23.123013,RandomForestClassifier,Normalize_L1_1,,"[0, 1, 1, 0, 1, 1, 1, 1, 1, 0, 1, 1, 0, 0, 1, 1, 0, 0, 0, 0, 1, 1, 1, 0, 1, 0, 1, 1, 0, 1, 1, 0, 0, 1, 1, 1, 0, 1, 0, 0, 1, 1, 0, 1, 1, 1, 1, 0, 0]","{'n_estimators': 500, 'max_features': None, 'max_depth': 50, 'min_samples_split': 200, 'min_samples_leaf': 100, 'bootstrap': True}",COMPLETE
823,0.7935483868407908,2024-07-08 12:41:58.962138,2024-07-08 12:42:19.846136,0 days 00:00:20.883998,RandomForestClassifier,StandardScaler,,"[0, 1, 1, 1, 0, 1, 1, 1, 0, 0, 1, 0, 0, 0, 1, 0, 0, 1, 0, 0, 0, 1, 0, 1, 1, 0, 1, 0, 1, 0, 1, 1, 1, 0, 0, 1, 0, 1, 1, 0, 0, 1, 1, 0, 1, 1, 1, 1, 1]","{'n_estimators': 10, 'max_features': None, 'max_depth': None, 'min_samples_split': 2, 'min_samples_leaf': 50, 'bootstrap': True}",COMPLETE
824,0.0,2024-07-08 12:41:59.034136,2024-07-08 12:42:36.291139,0 days 00:00:37.257003,RandomForestClassifier,StandardScaler,,"[1, 0, 1, 0, 1, 1, 0, 1, 1, 1, 0, 0, 0, 0, 1, 1, 0, 0, 0, 0, 0, 0, 1, 0, 0, 0, 0, 0, 1, 1, 0, 1, 0, 1, 1, 1, 0, 0, 1, 1, 0, 1, 0, 0, 1, 0, 1, 1, 0]","{'n_estimators': 2000, 'max_features': 'auto', 'max_depth': 50, 'min_samples_split': 100, 'min_samples_leaf': 1, 'bootstrap': False}",COMPLETE
825,0.7129032255764828,2024-07-08 12:41:59.146124,2024-07-08 12:42:35.467124,0 days 00:00:36.321000,RandomForestClassifier,StandardScaler,,"[1, 1, 0, 1, 0, 0, 0, 1, 1, 1, 0, 0, 1, 1, 1, 0, 1, 0, 1, 0, 0, 0, 0, 1, 0, 1, 0, 0, 1, 1, 1, 0, 1, 0, 0, 1, 1, 0, 1, 0, 0, 0, 1, 1, 1, 0, 0, 0, 0]","{'n_estimators': 500, 'max_features': 'log2', 'max_depth': None, 'min_samples_split': 10, 'min_samples_leaf': 2, 'bootstrap': True}",COMPLETE
826,0.241935483792924,2024-07-08 12:41:59.238138,2024-07-08 12:42:16.865138,0 days 00:00:17.627000,GradientBoostingClassifier,Normalize_L1_1,,"[0, 0, 0, 1, 0, 1, 1, 0, 0, 0, 0, 0, 1, 1, 0, 1, 0, 1, 0, 0, 0, 0, 0, 1, 0, 0, 0, 0, 0, 1, 0, 1, 0, 0, 1, 0, 1, 0, 0, 0, 1, 1, 1, 1, 0, 1, 1, 0, 1]","{'n_estimators': 200, 'learning_rate': 10.0, 'max_depth': 9, 'min_samples_split': 2, 'min_samples_leaf': 50, 'subsample': 1.0, 'max_features': 'log2'}",COMPLETE
827,0.6806451610707596,2024-07-08 12:41:59.401124,2024-07-08 12:42:35.398140,0 days 00:00:35.997016,RandomForestClassifier,StandardScaler,,"[0, 0, 1, 1, 1, 0, 1, 1, 0, 0, 0, 0, 1, 0, 1, 1, 1, 1, 0, 0, 1, 1, 1, 1, 0, 1, 0, 1, 0, 1, 0, 1, 1, 1, 0, 1, 1, 1, 1, 1, 1, 1, 0, 0, 1, 0, 1, 0, 0]","{'n_estimators': 10, 'max_features': None, 'max_depth': 100, 'min_samples_split': 5, 'min_samples_leaf': 2, 'bootstrap': False}",COMPLETE
828,0.7967741932913631,2024-07-08 12:41:59.603124,2024-07-08 12:42:53.102139,0 days 00:00:53.499015,RandomForestClassifier,Normalize_L2_1,,"[1, 1, 1, 0, 1, 1, 0, 0, 0, 1, 0, 1, 0, 1, 1, 0, 0, 1, 1, 0, 0, 1, 0, 0, 0, 1, 1, 0, 1, 1, 1, 1, 1, 1, 0, 1, 1, 0, 0, 0, 0, 0, 0, 0, 1, 0, 1, 1, 1]","{'n_estimators': 2000, 'max_features': 'sqrt', 'max_depth': 500, 'min_samples_split': 50, 'min_samples_leaf': 5, 'bootstrap': True}",COMPLETE
829,0.7999999997419355,2024-07-08 12:41:59.750122,2024-07-08 12:42:25.960122,0 days 00:00:26.210000,RandomForestClassifier,StandardScaler,,"[0, 0, 1, 0, 0, 0, 0, 1, 0, 0, 0, 0, 1, 0, 0, 0, 1, 1, 1, 0, 1, 0, 0, 0, 0, 0, 0, 1, 1, 1, 1, 0, 0, 0, 1, 0, 1, 1, 1, 1, 0, 0, 0, 1, 0, 1, 0, 1, 0]","{'n_estimators': 100, 'max_features': 'log2', 'max_depth': 10, 'min_samples_split': 50, 'min_samples_leaf': 5, 'bootstrap': True}",COMPLETE
830,0.0,2024-07-08 12:42:00.059143,2024-07-08 12:42:41.307126,0 days 00:00:41.247983,RandomForestClassifier,StandardScaler,,"[1, 1, 1, 1, 0, 0, 0, 1, 1, 0, 1, 1, 1, 0, 1, 0, 1, 0, 1, 0, 0, 0, 0, 1, 0, 1, 0, 0, 1, 0, 1, 1, 0, 0, 1, 0, 0, 0, 0, 1, 1, 1, 0, 0, 0, 0, 1, 1, 1]","{'n_estimators': 1000, 'max_features': 'auto', 'max_depth': 200, 'min_samples_split': 5, 'min_samples_leaf': 100, 'bootstrap': True}",COMPLETE
831,0.7935483868407908,2024-07-08 12:42:03.230123,2024-07-08 12:42:42.208123,0 days 00:00:38.978000,ExtraTreesClassifier,StandardScaler,,"[0, 1, 1, 1, 1, 1, 1, 0, 1, 1, 1, 1, 1, 0, 0, 1, 0, 0, 1, 1, 0, 1, 0, 1, 0, 1, 1, 0, 1, 0, 1, 1, 1, 1, 0, 1, 0, 1, 1, 0, 1, 0, 1, 0, 0, 1, 0, 0, 1]","{'n_estimators': 10, 'max_features': 'log2', 'max_depth': 500, 'min_samples_split': 200, 'min_samples_leaf': 1, 'bootstrap': False}",COMPLETE
832,0.0,2024-07-08 12:42:05.730139,2024-07-08 12:42:32.590124,0 days 00:00:26.859985,RandomForestClassifier,Normalize_L2_1,,"[1, 0, 0, 1, 0, 0, 1, 0, 1, 1, 0, 0, 1, 1, 1, 1, 1, 0, 0, 1, 1, 1, 0, 1, 0, 1, 1, 1, 0, 0, 0, 0, 0, 0, 0, 0, 0, 0, 0, 1, 0, 1, 0, 1, 0, 0, 0, 1, 0]","{'n_estimators': 1000, 'max_features': 'auto', 'max_depth': 1000, 'min_samples_split': 5, 'min_samples_leaf': 10, 'bootstrap': True}",COMPLETE
833,0.7935483868407908,2024-07-08 12:42:06.007138,2024-07-08 12:42:31.671095,0 days 00:00:25.663957,RandomForestClassifier,Normalize_L2_1,,"[1, 0, 0, 1, 0, 1, 1, 1, 0, 0, 0, 1, 1, 1, 1, 1, 0, 0, 0, 1, 1, 1, 0, 0, 1, 0, 0, 0, 0, 1, 1, 1, 1, 1, 0, 1, 0, 1, 1, 0, 1, 0, 0, 0, 0, 0, 0, 1, 1]","{'n_estimators': 50, 'max_features': 'log2', 'max_depth': 1000, 'min_samples_split': 50, 'min_samples_leaf': 50, 'bootstrap': True}",COMPLETE
834,0.0,2024-07-08 12:42:07.540127,2024-07-08 12:42:27.283138,0 days 00:00:19.743011,RandomForestClassifier,StandardScaler,,"[0, 1, 1, 0, 1, 0, 1, 1, 0, 1, 0, 0, 0, 1, 1, 1, 1, 1, 0, 1, 0, 0, 0, 1, 0, 0, 1, 0, 1, 1, 0, 0, 1, 0, 0, 1, 1, 0, 0, 0, 0, 1, 0, 0, 0, 0, 1, 0, 1]","{'n_estimators': 100, 'max_features': 'auto', 'max_depth': 500, 'min_samples_split': 200, 'min_samples_leaf': 1, 'bootstrap': False}",COMPLETE
835,0.0,2024-07-08 12:42:08.519124,2024-07-08 12:42:40.896124,0 days 00:00:32.377000,SVC,StandardScaler,BorderlineSMOTE,"[0, 0, 0, 1, 0, 0, 1, 1, 0, 0, 1, 1, 0, 1, 1, 0, 0, 0, 0, 0, 0, 0, 1, 1, 1, 0, 1, 0, 1, 1, 0, 1, 0, 0, 1, 0, 0, 1, 0, 0, 0, 0, 1, 1, 0, 0, 1, 1, 0]","{'C': 100.0, 'kernel': 'sigmoid', 'degree': 4, 'gamma': '1', 'coef0': 0.0, 'shrinking': False, 'probability': False, 'class_weight': 'balanced', 'decision_function_shape': 'ovr'}",COMPLETE
836,0.7935483868407908,2024-07-08 12:42:10.942122,2024-07-08 12:43:05.064141,0 days 00:00:54.122019,RandomForestClassifier,Normalize_L2_1,,"[1, 0, 1, 1, 1, 0, 0, 1, 1, 0, 1, 0, 1, 0, 0, 0, 1, 0, 1, 1, 0, 1, 1, 0, 0, 1, 1, 1, 1, 1, 0, 1, 0, 0, 1, 1, 1, 1, 1, 0, 0, 0, 1, 1, 0, 1, 0, 0, 0]","{'n_estimators': 2000, 'max_features': None, 'max_depth': 200, 'min_samples_split': 100, 'min_samples_leaf': 50, 'bootstrap': False}",COMPLETE
837,0.6774193546201872,2024-07-08 12:42:12.094142,2024-07-08 12:42:28.470094,0 days 00:00:16.375952,RandomForestClassifier,StandardScaler,,"[1, 0, 1, 0, 0, 0, 1, 0, 1, 1, 1, 0, 0, 1, 0, 1, 0, 0, 1, 0, 1, 0, 0, 0, 1, 1, 0, 1, 0, 0, 1, 1, 0, 1, 1, 1, 0, 1, 0, 0, 1, 1, 1, 1, 0, 1, 1, 1, 1]","{'n_estimators': 50, 'max_features': 'sqrt', 'max_depth': 500, 'min_samples_split': 2, 'min_samples_leaf': 5, 'bootstrap': False}",COMPLETE
838,0.0,2024-07-08 12:42:13.447128,2024-07-08 12:42:34.741124,0 days 00:00:21.293996,RandomForestClassifier,Normalize_L2_1,,"[0, 1, 0, 1, 1, 0, 1, 0, 1, 1, 0, 0, 0, 1, 1, 1, 1, 1, 0, 1, 1, 0, 1, 1, 1, 0, 0, 1, 1, 0, 0, 0, 0, 0, 0, 1, 1, 1, 0, 0, 0, 1, 0, 1, 0, 0, 1, 0, 0]","{'n_estimators': 50, 'max_features': 'auto', 'max_depth': None, 'min_samples_split': 10, 'min_samples_leaf': 2, 'bootstrap': False}",COMPLETE
839,0.0,2024-07-08 12:42:14.357146,2024-07-08 12:42:35.344137,0 days 00:00:20.986991,RandomForestClassifier,Normalize_L2_1,,"[1, 0, 0, 0, 1, 0, 0, 1, 1, 1, 0, 1, 1, 0, 1, 0, 1, 1, 0, 1, 1, 0, 0, 0, 0, 1, 0, 0, 1, 0, 1, 0, 0, 1, 0, 0, 1, 0, 1, 1, 1, 0, 0, 0, 1, 0, 0, 0, 1]","{'n_estimators': 1000, 'max_features': 'auto', 'max_depth': None, 'min_samples_split': 100, 'min_samples_leaf': 5, 'bootstrap': True}",COMPLETE
840,0.0,2024-07-08 12:42:14.607131,2024-07-08 12:42:35.353138,0 days 00:00:20.746007,RandomForestClassifier,StandardScaler,,"[0, 0, 0, 1, 0, 0, 0, 0, 0, 0, 1, 1, 1, 1, 1, 0, 0, 0, 1, 0, 1, 1, 0, 1, 0, 0, 0, 1, 1, 0, 0, 0, 1, 0, 0, 1, 0, 0, 0, 1, 0, 0, 1, 1, 0, 1, 0, 0, 0]","{'n_estimators': 2000, 'max_features': 'auto', 'max_depth': 500, 'min_samples_split': 2, 'min_samples_leaf': 2, 'bootstrap': False}",COMPLETE
841,0.7935483868407908,2024-07-08 12:42:14.710138,2024-07-08 12:42:50.562142,0 days 00:00:35.852004,RandomForestClassifier,StandardScaler,,"[0, 1, 0, 1, 1, 0, 0, 0, 1, 1, 1, 0, 1, 0, 1, 0, 1, 1, 1, 0, 0, 1, 0, 0, 0, 0, 1, 0, 1, 1, 1, 0, 0, 1, 1, 0, 0, 0, 1, 0, 0, 0, 1, 1, 1, 1, 1, 1, 1]","{'n_estimators': 2000, 'max_features': 'sqrt', 'max_depth': 200, 'min_samples_split': 10, 'min_samples_leaf': 50, 'bootstrap': False}",COMPLETE
842,0.7935483868407908,2024-07-08 12:42:16.150126,2024-07-08 12:42:43.289125,0 days 00:00:27.138999,RandomForestClassifier,StandardScaler,,"[1, 1, 1, 0, 0, 0, 0, 0, 0, 1, 1, 0, 0, 1, 1, 0, 0, 1, 0, 0, 0, 1, 1, 0, 0, 1, 0, 1, 1, 0, 0, 1, 0, 1, 1, 0, 0, 0, 1, 1, 0, 0, 0, 0, 0, 1, 1, 1, 0]","{'n_estimators': 1000, 'max_features': 'log2', 'max_depth': 1000, 'min_samples_split': 200, 'min_samples_leaf': 2, 'bootstrap': True}",COMPLETE
843,0.754838709433923,2024-07-08 12:42:17.761146,2024-07-08 12:42:41.687137,0 days 00:00:23.925991,RandomForestClassifier,StandardScaler,,"[0, 0, 1, 1, 1, 1, 0, 1, 1, 1, 0, 0, 1, 0, 0, 1, 1, 0, 0, 0, 1, 0, 0, 1, 0, 0, 1, 0, 0, 1, 1, 0, 1, 0, 1, 0, 0, 1, 0, 0, 1, 0, 0, 0, 1, 1, 0, 1, 0]","{'n_estimators': 10, 'max_features': None, 'max_depth': 50, 'min_samples_split': 100, 'min_samples_leaf': 1, 'bootstrap': False}",COMPLETE
844,0.6967741933236212,2024-07-08 12:42:18.688130,2024-07-08 12:42:51.216122,0 days 00:00:32.527992,XGBClassifier,Normalize_L1_1,,"[1, 1, 0, 0, 1, 1, 1, 1, 0, 1, 0, 1, 0, 1, 0, 1, 0, 0, 1, 0, 0, 0, 1, 1, 1, 1, 1, 0, 0, 1, 1, 1, 1, 1, 0, 0, 1, 0, 0, 1, 0, 0, 1, 0, 0, 1, 1, 1, 1]","{'n_estimators': 200, 'learning_rate': 0.1, 'max_depth': 9, 'min_child_weight': 1, 'subsample': 0.5, 'colsample_bytree': 0.7, 'gamma': 0.1, 'reg_alpha': 0.0, 'reg_lambda': 0.1}",COMPLETE
845,0.0,2024-07-08 12:42:19.034127,2024-07-08 12:42:36.138137,0 days 00:00:17.104010,RandomForestClassifier,StandardScaler,,"[1, 1, 1, 0, 1, 0, 0, 0, 0, 1, 1, 0, 1, 1, 1, 1, 0, 0, 0, 1, 0, 1, 1, 1, 1, 0, 0, 1, 0, 1, 1, 1, 0, 1, 1, 1, 0, 0, 0, 0, 1, 1, 1, 0, 0, 0, 0, 1, 0]","{'n_estimators': 10, 'max_features': 'auto', 'max_depth': 50, 'min_samples_split': 10, 'min_samples_leaf': 100, 'bootstrap': False}",COMPLETE
846,0.0,2024-07-08 12:42:19.131141,2024-07-08 12:42:36.743125,0 days 00:00:17.611984,RandomForestClassifier,StandardScaler,,"[0, 0, 1, 0, 1, 0, 0, 1, 1, 1, 0, 0, 1, 1, 0, 0, 1, 0, 0, 0, 1, 1, 0, 1, 1, 0, 1, 1, 1, 0, 0, 0, 1, 1, 0, 0, 0, 0, 1, 1, 0, 0, 1, 1, 0, 0, 0, 1, 1]","{'n_estimators': 10, 'max_features': 'auto', 'max_depth': 200, 'min_samples_split': 2, 'min_samples_leaf': 50, 'bootstrap': False}",COMPLETE
847,0.0,2024-07-08 12:42:19.566142,2024-07-08 12:42:36.583138,0 days 00:00:17.016996,RandomForestClassifier,StandardScaler,,"[0, 1, 1, 0, 0, 0, 0, 1, 1, 0, 0, 0, 1, 0, 0, 1, 0, 0, 0, 0, 0, 0, 0, 1, 0, 0, 0, 1, 0, 1, 0, 1, 0, 0, 1, 0, 1, 1, 0, 0, 1, 0, 0, 0, 0, 1, 1, 0, 1]","{'n_estimators': 500, 'max_features': 'auto', 'max_depth': 200, 'min_samples_split': 100, 'min_samples_leaf': 1, 'bootstrap': False}",COMPLETE
848,0.0,2024-07-08 12:42:23.929123,2024-07-08 12:42:41.315126,0 days 00:00:17.386003,ExtraTreesClassifier,MinMaxScaler,,"[1, 0, 1, 0, 1, 1, 0, 1, 1, 0, 1, 1, 1, 1, 1, 1, 1, 1, 0, 1, 0, 1, 0, 0, 1, 0, 1, 0, 1, 1, 1, 0, 0, 0, 1, 0, 0, 1, 1, 1, 1, 1, 0, 0, 0, 0, 0, 0, 0]","{'n_estimators': 50, 'max_features': 'auto', 'max_depth': 50, 'min_samples_split': 50, 'min_samples_leaf': 10, 'bootstrap': True}",COMPLETE
849,0.7677419352362123,2024-07-08 12:42:24.677139,2024-07-08 12:42:53.038126,0 days 00:00:28.360987,XGBClassifier,Normalize_L1_1,TomekLinks,"[1, 0, 1, 0, 1, 1, 0, 0, 1, 0, 0, 0, 0, 0, 1, 0, 0, 0, 1, 1, 1, 0, 0, 0, 1, 0, 1, 1, 0, 0, 1, 0, 1, 0, 0, 1, 0, 1, 1, 0, 0, 1, 0, 0, 0, 0, 0, 1, 0]","{'n_estimators': 500, 'learning_rate': 0.1, 'max_depth': 9, 'min_child_weight': 3, 'subsample': 1.0, 'colsample_bytree': 0.7, 'gamma': 1.0, 'reg_alpha': 0.0, 'reg_lambda': 0.0}",COMPLETE
850,0.0,2024-07-08 12:42:25.454137,2024-07-08 12:42:41.504123,0 days 00:00:16.049986,SVC,MinMaxScaler,RandomUnderSampler,"[0, 1, 1, 1, 0, 1, 0, 0, 1, 0, 0, 0, 1, 1, 0, 0, 0, 1, 1, 0, 0, 0, 1, 0, 1, 0, 0, 1, 1, 0, 1, 0, 1, 0, 0, 1, 0, 1, 0, 1, 1, 1, 0, 0, 0, 0, 0, 0, 1]","{'C': 100.0, 'kernel': 'linear', 'degree': 3, 'gamma': '0.1', 'coef0': 0.1, 'shrinking': True, 'probability': False, 'class_weight': None, 'decision_function_shape': 'ovr'}",COMPLETE
851,0.5483870965972945,2024-07-08 12:42:25.754122,2024-07-08 12:42:53.072137,0 days 00:00:27.318015,ExtraTreesClassifier,MinMaxScaler,BorderlineSMOTE,"[0, 0, 0, 0, 0, 1, 1, 1, 0, 0, 1, 1, 0, 1, 1, 0, 1, 1, 1, 0, 1, 1, 1, 0, 0, 0, 1, 1, 0, 0, 0, 1, 1, 1, 1, 0, 1, 0, 1, 0, 0, 0, 1, 0, 0, 1, 0, 0, 1]","{'n_estimators': 2000, 'max_features': 'log2', 'max_depth': 100, 'min_samples_split': 10, 'min_samples_leaf': 1, 'bootstrap': False}",COMPLETE
852,0.0,2024-07-08 12:42:26.380125,2024-07-08 12:42:42.211127,0 days 00:00:15.831002,SVC,MinMaxScaler,BorderlineSMOTE,"[1, 0, 0, 1, 0, 1, 1, 0, 1, 1, 1, 0, 0, 0, 1, 0, 0, 0, 0, 1, 0, 0, 1, 1, 1, 1, 1, 1, 0, 0, 0, 0, 1, 1, 0, 1, 1, 0, 1, 1, 1, 0, 0, 0, 0, 1, 1, 0, 1]","{'C': 1.0, 'kernel': 'linear', 'degree': 6, 'gamma': '1', 'coef0': 2.0, 'shrinking': False, 'probability': False, 'class_weight': 'balanced', 'decision_function_shape': 'ovr'}",COMPLETE
853,0.0,2024-07-08 12:42:26.852137,2024-07-08 12:42:52.835124,0 days 00:00:25.982987,SVC,MinMaxScaler,,"[0, 0, 1, 0, 0, 0, 0, 0, 1, 0, 0, 1, 1, 1, 1, 0, 1, 1, 1, 0, 0, 0, 0, 0, 1, 1, 0, 1, 1, 1, 0, 0, 0, 0, 0, 1, 0, 1, 0, 1, 0, 1, 0, 1, 1, 1, 1, 1, 1]","{'C': 10.0, 'kernel': 'poly', 'degree': 6, 'gamma': '0.001', 'coef0': 0.1, 'shrinking': False, 'probability': True, 'class_weight': 'balanced', 'decision_function_shape': 'ovo'}",COMPLETE
854,0.493548386937565,2024-07-08 12:42:28.281122,2024-07-08 12:42:47.503128,0 days 00:00:19.222006,XGBClassifier,MinMaxScaler,RandomUnderSampler,"[1, 1, 1, 0, 1, 0, 1, 1, 0, 0, 0, 1, 0, 0, 0, 1, 0, 1, 0, 1, 0, 1, 1, 1, 0, 0, 0, 1, 0, 1, 0, 0, 1, 0, 1, 1, 1, 1, 1, 0, 0, 0, 0, 1, 0, 1, 0, 1, 0]","{'n_estimators': 1000, 'learning_rate': 0.01, 'max_depth': 7, 'min_child_weight': 5, 'subsample': 1.0, 'colsample_bytree': 0.5, 'gamma': 0.0, 'reg_alpha': 0.0, 'reg_lambda': 0.1}",COMPLETE
855,0.5354838707950051,2024-07-08 12:42:29.127126,2024-07-08 12:42:41.789122,0 days 00:00:12.661996,ExtraTreesClassifier,MinMaxScaler,BorderlineSMOTE,"[0, 1, 0, 1, 1, 1, 1, 0, 1, 1, 1, 0, 0, 1, 0, 1, 0, 1, 0, 1, 0, 0, 0, 1, 0, 1, 0, 1, 1, 0, 0, 1, 0, 1, 0, 0, 1, 1, 1, 1, 1, 0, 1, 1, 1, 1, 0, 1, 1]","{'n_estimators': 10, 'max_features': 'sqrt', 'max_depth': 100, 'min_samples_split': 200, 'min_samples_leaf': 10, 'bootstrap': False}",COMPLETE
856,0.0,2024-07-08 12:42:29.238140,2024-07-08 12:42:44.059137,0 days 00:00:14.820997,SVC,MinMaxScaler,BorderlineSMOTE,"[0, 0, 1, 1, 1, 1, 0, 1, 1, 0, 1, 1, 0, 0, 0, 1, 0, 1, 1, 0, 1, 0, 0, 0, 1, 0, 0, 1, 1, 0, 1, 1, 1, 1, 1, 1, 1, 1, 0, 0, 1, 0, 1, 0, 1, 0, 1, 1, 1]","{'C': 10.0, 'kernel': 'poly', 'degree': 6, 'gamma': '1', 'coef0': 0.1, 'shrinking': True, 'probability': False, 'class_weight': 'balanced', 'decision_function_shape': 'ovr'}",COMPLETE
857,0.7225806449281997,2024-07-08 12:42:30.057144,2024-07-08 12:42:46.872138,0 days 00:00:16.814994,KNeighborsClassifier,Normalize_L2_1,TomekLinks,"[0, 1, 1, 0, 0, 1, 1, 0, 0, 0, 0, 1, 1, 1, 0, 1, 0, 1, 0, 0, 1, 0, 0, 0, 0, 0, 1, 1, 0, 1, 1, 1, 1, 1, 0, 0, 1, 1, 1, 1, 0, 0, 1, 0, 0, 0, 1, 1, 1]","{'n_neighbors': 5, 'weights': 'uniform', 'algorithm': 'ball_tree', 'leaf_size': 40, 'p': 1, 'metric': 'minkowski'}",COMPLETE
858,0.7290322578293443,2024-07-08 12:42:32.126129,2024-07-08 12:42:47.371123,0 days 00:00:15.244994,KNeighborsClassifier,Normalize_L1_1,,"[1, 0, 1, 0, 0, 0, 1, 0, 0, 0, 0, 0, 1, 1, 1, 1, 1, 1, 0, 1, 1, 1, 1, 0, 0, 0, 1, 0, 0, 0, 1, 0, 0, 1, 1, 1, 1, 1, 1, 0, 0, 0, 1, 1, 0, 0, 0, 1, 1]","{'n_neighbors': 5, 'weights': 'distance', 'algorithm': 'brute', 'leaf_size': 60, 'p': 2, 'metric': 'euclidean'}",COMPLETE
859,0.6967741933236212,2024-07-08 12:42:34.337130,2024-07-08 12:42:51.883094,0 days 00:00:17.545964,XGBClassifier,Normalize_L1_1,RandomOverSampler,"[1, 0, 1, 0, 0, 1, 0, 0, 0, 0, 1, 0, 1, 1, 0, 0, 1, 0, 1, 0, 0, 0, 1, 0, 1, 1, 0, 0, 1, 0, 1, 0, 1, 1, 1, 1, 0, 1, 1, 1, 1, 1, 0, 1, 0, 0, 0, 0, 1]","{'n_estimators': 100, 'learning_rate': 1.0, 'max_depth': 7, 'min_child_weight': 5, 'subsample': 0.5, 'colsample_bytree': 0.7, 'gamma': 0.1, 'reg_alpha': 0.0, 'reg_lambda': 0.0}",COMPLETE
860,0.7290322578293443,2024-07-08 12:42:34.956141,2024-07-08 12:42:47.277140,0 days 00:00:12.320999,XGBClassifier,Normalize_L2_1,,"[1, 1, 1, 1, 0, 0, 1, 0, 0, 1, 1, 1, 1, 0, 1, 0, 1, 0, 1, 0, 0, 0, 1, 1, 0, 0, 1, 0, 0, 0, 1, 0, 1, 1, 0, 0, 0, 1, 0, 0, 0, 1, 1, 1, 1, 0, 0, 0, 0]","{'n_estimators': 200, 'learning_rate': 1.0, 'max_depth': 5, 'min_child_weight': 1, 'subsample': 0.5, 'colsample_bytree': 0.7, 'gamma': 1.0, 'reg_alpha': 1.0, 'reg_lambda': 1.0}",COMPLETE
861,0.6903225804224765,2024-07-08 12:42:35.261125,2024-07-08 12:43:01.822126,0 days 00:00:26.561001,DecisionTreeClassifier,Normalize_L1_0,SMOTETomek,"[0, 1, 0, 0, 1, 1, 0, 1, 1, 1, 0, 0, 1, 1, 0, 1, 0, 1, 0, 0, 0, 1, 1, 1, 0, 1, 1, 0, 0, 1, 0, 1, 1, 0, 1, 1, 0, 1, 0, 1, 1, 1, 0, 0, 1, 0, 0, 1, 0]","{'max_depth': 500, 'min_samples_split': 10, 'min_samples_leaf': 1, 'max_features': 'log2', 'splitter': 'random'}",COMPLETE
862,0.554838709498439,2024-07-08 12:42:35.623124,2024-07-08 12:42:45.747123,0 days 00:00:10.123999,KNeighborsClassifier,Normalize_L2_1,RandomUnderSampler,"[1, 1, 0, 1, 0, 1, 1, 0, 1, 1, 0, 0, 1, 0, 1, 1, 1, 1, 1, 1, 1, 1, 1, 1, 0, 1, 0, 0, 0, 0, 1, 1, 1, 1, 1, 0, 0, 0, 1, 0, 1, 0, 1, 1, 0, 1, 1, 0, 1]","{'n_neighbors': 10, 'weights': 'distance', 'algorithm': 'brute', 'leaf_size': 60, 'p': 2, 'metric': 'manhattan'}",COMPLETE
863,0.7935483868407908,2024-07-08 12:42:36.472139,2024-07-08 12:42:49.655126,0 days 00:00:13.182987,XGBClassifier,Normalize_L1_1,TomekLinks,"[1, 1, 0, 0, 1, 1, 0, 1, 0, 1, 1, 1, 1, 1, 1, 0, 0, 1, 0, 1, 1, 0, 1, 0, 0, 0, 0, 0, 1, 1, 0, 1, 0, 1, 0, 0, 1, 0, 0, 0, 0, 1, 0, 0, 1, 1, 0, 0, 0]","{'n_estimators': 50, 'learning_rate': 0.01, 'max_depth': 7, 'min_child_weight': 10, 'subsample': 1.0, 'colsample_bytree': 0.7, 'gamma': 0.0, 'reg_alpha': 0.0, 'reg_lambda': 0.1}",COMPLETE
864,0.7258064513787721,2024-07-08 12:42:36.676148,2024-07-08 12:42:46.433138,0 days 00:00:09.756990,KNeighborsClassifier,Normalize_L2_1,TomekLinks,"[1, 0, 0, 0, 1, 0, 0, 1, 0, 1, 1, 1, 1, 1, 0, 1, 1, 1, 0, 1, 0, 1, 1, 0, 0, 1, 1, 1, 0, 0, 1, 0, 0, 1, 0, 0, 1, 0, 0, 0, 0, 1, 0, 0, 0, 0, 0, 1, 1]","{'n_neighbors': 10, 'weights': 'uniform', 'algorithm': 'ball_tree', 'leaf_size': 40, 'p': 1, 'metric': 'euclidean'}",COMPLETE
865,0.6806451610707596,2024-07-08 12:42:36.866140,2024-07-08 12:42:51.680139,0 days 00:00:14.813999,XGBClassifier,Normalize_L1_1,RandomOverSampler,"[1, 1, 0, 1, 1, 0, 0, 1, 1, 1, 1, 1, 0, 0, 0, 1, 0, 0, 1, 1, 1, 1, 0, 1, 0, 1, 1, 0, 1, 0, 0, 1, 0, 0, 0, 1, 1, 1, 1, 0, 1, 1, 0, 0, 1, 0, 0, 0, 0]","{'n_estimators': 10, 'learning_rate': 0.1, 'max_depth': 3, 'min_child_weight': 1, 'subsample': 0.5, 'colsample_bytree': 0.5, 'gamma': 0.1, 'reg_alpha': 0.0, 'reg_lambda': 0.1}",COMPLETE
866,0.21612903218834545,2024-07-08 12:42:37.220097,2024-07-08 12:43:04.290125,0 days 00:00:27.070028,DecisionTreeClassifier,Normalize_L1_0,SVMSMOTE,"[0, 0, 1, 0, 0, 0, 0, 1, 1, 1, 0, 1, 1, 1, 0, 1, 1, 1, 0, 1, 1, 0, 1, 1, 1, 0, 0, 1, 0, 0, 1, 1, 1, 0, 0, 0, 0, 0, 0, 0, 1, 0, 0, 0, 0, 0, 0, 1, 1]","{'max_depth': None, 'min_samples_split': 100, 'min_samples_leaf': 5, 'max_features': 'log2', 'splitter': 'best'}",COMPLETE
867,0.7612903223350675,2024-07-08 12:42:37.327138,2024-07-08 12:42:47.474138,0 days 00:00:10.147000,KNeighborsClassifier,Normalize_L2_1,TomekLinks,"[0, 1, 1, 0, 1, 1, 1, 0, 1, 1, 1, 0, 1, 1, 1, 1, 0, 1, 1, 1, 0, 0, 0, 0, 1, 0, 1, 0, 1, 0, 1, 0, 1, 1, 1, 1, 1, 1, 0, 0, 0, 0, 1, 0, 0, 1, 0, 0, 0]","{'n_neighbors': 15, 'weights': 'uniform', 'algorithm': 'brute', 'leaf_size': 50, 'p': 1, 'metric': 'manhattan'}",COMPLETE
868,0.5709677417513007,2024-07-08 12:42:37.511122,2024-07-08 12:42:53.881138,0 days 00:00:16.370016,XGBClassifier,Normalize_L1_1,RandomOverSampler,"[0, 1, 0, 0, 1, 1, 0, 0, 1, 1, 0, 1, 0, 1, 0, 0, 0, 0, 0, 0, 1, 0, 1, 0, 0, 1, 0, 0, 1, 1, 0, 0, 1, 0, 1, 1, 0, 1, 1, 1, 0, 1, 1, 0, 1, 0, 1, 0, 0]","{'n_estimators': 10, 'learning_rate': 10.0, 'max_depth': 7, 'min_child_weight': 5, 'subsample': 0.5, 'colsample_bytree': 1.0, 'gamma': 0.1, 'reg_alpha': 1.0, 'reg_lambda': 0.1}",COMPLETE
869,0.6451612901144641,2024-07-08 12:42:37.698095,2024-07-08 12:42:47.242128,0 days 00:00:09.544033,XGBClassifier,Normalize_L2_1,,"[0, 1, 1, 0, 0, 1, 1, 0, 0, 1, 0, 0, 1, 0, 1, 1, 1, 0, 0, 0, 1, 0, 0, 0, 0, 1, 0, 1, 1, 1, 1, 0, 0, 1, 1, 0, 0, 0, 0, 1, 0, 1, 0, 1, 0, 0, 1, 0, 0]","{'n_estimators': 200, 'learning_rate': 10.0, 'max_depth': 5, 'min_child_weight': 1, 'subsample': 0.7, 'colsample_bytree': 1.0, 'gamma': 0.5, 'reg_alpha': 0.0, 'reg_lambda': 1.0}",COMPLETE
