number,value,datetime_start,datetime_complete,duration,params_model,params_normTechnique,params_sampleTechnique,user_attrs_binIndices,user_attrs_hyperparams,state
1944,0.3161290321560874,2024-07-08 12:59:30.373243,2024-07-08 12:59:47.394245,0 days 00:00:17.021002,BaggingClassifier,Normalize_Max_1,ADASYN,"[1, 1, 0, 1, 0, 0, 0, 1, 1, 1, 0, 0, 0, 1, 0, 0, 0, 1, 1, 1, 0, 0, 1, 0, 0, 0, 1, 0, 1, 1, 0, 1, 0, 1, 1, 1, 1, 1, 0, 1, 0, 1, 1, 0, 0, 0, 0, 1, 1]","{'n_estimators': 50, 'max_samples': 1.0, 'max_features': 0.1, 'bootstrap': True, 'bootstrap_features': True}",COMPLETE
1945,0.7225806449281997,2024-07-08 12:59:31.133242,2024-07-08 12:59:47.506247,0 days 00:00:16.373005,BaggingClassifier,Normalize_Max_1,ADASYN,"[0, 0, 1, 1, 1, 0, 0, 0, 1, 0, 0, 1, 1, 0, 0, 1, 1, 1, 0, 1, 0, 0, 0, 1, 0, 1, 0, 1, 0, 1, 1, 1, 1, 1, 0, 1, 1, 0, 1, 0, 1, 1, 0, 1, 0, 0, 0, 1, 0]","{'n_estimators': 200, 'max_samples': 0.1, 'max_features': 0.5, 'bootstrap': True, 'bootstrap_features': False}",COMPLETE
1946,0.7580645158844953,2024-07-08 12:59:31.377242,2024-07-08 12:59:50.456411,0 days 00:00:19.079169,BaggingClassifier,Normalize_Max_1,,"[0, 0, 0, 1, 0, 0, 0, 0, 0, 0, 0, 0, 1, 1, 1, 1, 1, 0, 1, 1, 0, 0, 1, 1, 0, 0, 1, 0, 1, 1, 0, 1, 1, 1, 1, 0, 1, 1, 0, 1, 1, 0, 1, 0, 0, 0, 0, 0, 1]","{'n_estimators': 200, 'max_samples': 1.0, 'max_features': 0.1, 'bootstrap': False, 'bootstrap_features': True}",COMPLETE
1947,0.8032258061925077,2024-07-08 12:59:31.607243,2024-07-08 13:00:21.662174,0 days 00:00:50.054931,BaggingClassifier,Normalize_L1_1,,"[1, 1, 1, 1, 0, 1, 0, 1, 0, 1, 1, 0, 1, 1, 0, 1, 1, 0, 0, 1, 1, 0, 1, 0, 1, 1, 1, 1, 1, 1, 0, 1, 0, 0, 0, 0, 1, 1, 0, 0, 0, 0, 1, 1, 0, 0, 0, 0, 0]","{'n_estimators': 1000, 'max_samples': 0.1, 'max_features': 1.0, 'bootstrap': False, 'bootstrap_features': True}",COMPLETE
1948,0.0,2024-07-08 12:59:32.415246,2024-07-08 13:00:17.357171,0 days 00:00:44.941925,ExtraTreesClassifier,Normalize_L1_1,,"[0, 1, 1, 1, 0, 0, 1, 1, 1, 1, 1, 0, 0, 1, 1, 0, 1, 0, 1, 1, 1, 0, 0, 1, 1, 1, 0, 1, 0, 0, 1, 1, 0, 1, 0, 1, 1, 0, 0, 0, 1, 0, 0, 1, 1, 1, 0, 0, 1]","{'n_estimators': 50, 'max_features': 'auto', 'max_depth': 200, 'min_samples_split': 2, 'min_samples_leaf': 5, 'bootstrap': True}",COMPLETE
1949,0.7903225803902184,2024-07-08 12:59:33.771243,2024-07-08 12:59:55.863413,0 days 00:00:22.092170,KNeighborsClassifier,Normalize_L1_1,,"[1, 1, 0, 1, 0, 1, 0, 0, 0, 0, 0, 1, 0, 1, 1, 1, 1, 1, 1, 0, 1, 1, 1, 1, 0, 1, 0, 0, 1, 0, 0, 1, 1, 1, 0, 0, 1, 0, 1, 0, 0, 1, 0, 0, 0, 0, 1, 1, 1]","{'n_neighbors': 7, 'weights': 'uniform', 'algorithm': 'ball_tree', 'leaf_size': 50, 'p': 1, 'metric': 'manhattan'}",COMPLETE
1950,0.0,2024-07-08 12:59:35.039243,2024-07-08 12:59:50.680413,0 days 00:00:15.641170,BaggingClassifier,Normalize_L1_1,KMeansSMOTE,,"{'n_estimators': 200, 'max_samples': 1.0, 'max_features': 1.0, 'bootstrap': False, 'bootstrap_features': True}",COMPLETE
1951,0.7645161287856399,2024-07-08 12:59:35.586243,2024-07-08 12:59:59.844428,0 days 00:00:24.258185,KNeighborsClassifier,Normalize_L1_1,,"[0, 0, 0, 0, 0, 1, 0, 0, 0, 1, 0, 0, 0, 0, 0, 0, 1, 1, 1, 0, 1, 0, 1, 1, 1, 1, 1, 0, 0, 0, 1, 1, 1, 1, 0, 1, 0, 1, 1, 0, 0, 0, 0, 0, 0, 1, 0, 1, 0]","{'n_neighbors': 7, 'weights': 'uniform', 'algorithm': 'kd_tree', 'leaf_size': 40, 'p': 1, 'metric': 'minkowski'}",COMPLETE
1952,0.7387096771810613,2024-07-08 12:59:36.334243,2024-07-08 13:00:02.483452,0 days 00:00:26.149209,KNeighborsClassifier,Normalize_L1_1,,"[0, 1, 0, 1, 0, 0, 0, 1, 1, 0, 0, 1, 1, 1, 1, 1, 1, 1, 1, 1, 0, 1, 0, 1, 0, 1, 0, 1, 1, 1, 1, 0, 1, 1, 1, 0, 0, 1, 0, 1, 1, 1, 1, 0, 1, 0, 0, 0, 1]","{'n_neighbors': 5, 'weights': 'distance', 'algorithm': 'auto', 'leaf_size': 20, 'p': 1, 'metric': 'euclidean'}",COMPLETE
1953,0.0,2024-07-08 12:59:36.941243,2024-07-08 12:59:51.964413,0 days 00:00:15.023170,BaggingClassifier,Normalize_L1_1,KMeansSMOTE,,"{'n_estimators': 200, 'max_samples': 0.5, 'max_features': 0.5, 'bootstrap': False, 'bootstrap_features': False}",COMPLETE
1954,0.7612903223350675,2024-07-08 12:59:37.749250,2024-07-08 12:59:53.419412,0 days 00:00:15.670162,BaggingClassifier,Normalize_L1_1,,"[1, 0, 1, 0, 1, 1, 1, 1, 0, 1, 0, 1, 1, 1, 1, 0, 0, 1, 0, 0, 0, 0, 1, 1, 0, 0, 1, 1, 1, 1, 1, 1, 0, 1, 1, 0, 1, 0, 0, 0, 1, 0, 0, 1, 0, 0, 1, 0, 0]","{'n_estimators': 10, 'max_samples': 1.0, 'max_features': 0.1, 'bootstrap': False, 'bootstrap_features': False}",COMPLETE
1955,0.7935483868407908,2024-07-08 12:59:38.171242,2024-07-08 13:00:25.409167,0 days 00:00:47.237925,ExtraTreesClassifier,Normalize_L1_1,,"[1, 0, 1, 0, 1, 0, 1, 0, 0, 1, 1, 0, 0, 0, 1, 1, 0, 0, 1, 0, 0, 0, 0, 1, 0, 1, 1, 1, 1, 1, 0, 0, 1, 0, 1, 0, 0, 1, 0, 1, 0, 1, 0, 0, 0, 0, 1, 1, 0]","{'n_estimators': 100, 'max_features': None, 'max_depth': 500, 'min_samples_split': 2, 'min_samples_leaf': 100, 'bootstrap': True}",COMPLETE
1956,0.0,2024-07-08 12:59:38.380245,2024-07-08 12:59:57.162417,0 days 00:00:18.782172,BaggingClassifier,Normalize_L1_1,KMeansSMOTE,,"{'n_estimators': 500, 'max_samples': 1.0, 'max_features': 0.5, 'bootstrap': False, 'bootstrap_features': False}",COMPLETE
1957,0.7838709674890738,2024-07-08 12:59:43.207250,2024-07-08 12:59:54.416412,0 days 00:00:11.209162,KNeighborsClassifier,Normalize_L1_1,,"[0, 1, 1, 0, 1, 1, 1, 1, 0, 1, 0, 0, 0, 0, 1, 0, 0, 1, 1, 0, 0, 0, 0, 0, 0, 0, 1, 1, 1, 0, 0, 1, 0, 0, 0, 1, 0, 1, 1, 1, 1, 1, 1, 1, 1, 1, 0, 0, 1]","{'n_neighbors': 20, 'weights': 'uniform', 'algorithm': 'ball_tree', 'leaf_size': 30, 'p': 1, 'metric': 'manhattan'}",COMPLETE
1958,0.0,2024-07-08 12:59:43.714242,2024-07-08 13:00:20.186168,0 days 00:00:36.471926,MLPClassifier,,,,,COMPLETE
1959,0.7967741932913631,2024-07-08 12:59:43.999254,2024-07-08 12:59:54.596418,0 days 00:00:10.597164,KNeighborsClassifier,Normalize_L1_1,,"[1, 0, 1, 1, 0, 1, 1, 0, 1, 1, 0, 1, 1, 0, 1, 1, 1, 0, 0, 1, 0, 0, 1, 1, 0, 1, 1, 0, 0, 1, 0, 0, 0, 1, 1, 0, 0, 1, 0, 1, 1, 0, 1, 0, 1, 1, 1, 0, 1]","{'n_neighbors': 5, 'weights': 'uniform', 'algorithm': 'kd_tree', 'leaf_size': 40, 'p': 2, 'metric': 'manhattan'}",COMPLETE
1960,0.7870967739396462,2024-07-08 12:59:44.394248,2024-07-08 13:00:01.400414,0 days 00:00:17.006166,KNeighborsClassifier,Normalize_L1_1,,"[0, 0, 0, 1, 0, 1, 1, 0, 0, 1, 1, 1, 0, 0, 1, 0, 1, 0, 0, 1, 1, 0, 1, 0, 0, 1, 1, 1, 1, 0, 0, 1, 1, 0, 0, 0, 1, 1, 1, 0, 0, 0, 1, 0, 1, 1, 0, 0, 0]","{'n_neighbors': 20, 'weights': 'uniform', 'algorithm': 'auto', 'leaf_size': 50, 'p': 1, 'metric': 'euclidean'}",COMPLETE
1961,0.7032258062247658,2024-07-08 12:59:45.233271,2024-07-08 13:00:20.332200,0 days 00:00:35.098929,BaggingClassifier,StandardScaler,,"[1, 0, 1, 1, 0, 0, 0, 1, 0, 0, 0, 1, 1, 1, 1, 0, 0, 1, 1, 0, 1, 1, 0, 1, 0, 0, 0, 1, 1, 0, 0, 1, 0, 1, 0, 0, 1, 0, 0, 1, 0, 0, 1, 0, 1, 1, 1, 1, 0]","{'n_estimators': 200, 'max_samples': 0.5, 'max_features': 0.1, 'bootstrap': True, 'bootstrap_features': True}",COMPLETE
1962,0.7806451610385015,2024-07-08 12:59:45.723255,2024-07-08 12:59:57.305439,0 days 00:00:11.582184,KNeighborsClassifier,Normalize_L1_1,,"[1, 0, 1, 0, 1, 1, 0, 1, 0, 1, 1, 0, 0, 1, 0, 0, 1, 1, 1, 1, 1, 0, 0, 1, 0, 0, 0, 0, 1, 1, 0, 0, 1, 0, 0, 1, 0, 0, 0, 1, 0, 1, 1, 0, 0, 1, 0, 0, 0]","{'n_neighbors': 20, 'weights': 'uniform', 'algorithm': 'auto', 'leaf_size': 40, 'p': 2, 'metric': 'manhattan'}",COMPLETE
1963,0.7870967739396462,2024-07-08 12:59:45.951255,2024-07-08 13:00:20.251168,0 days 00:00:34.299913,XGBClassifier,Normalize_L1_1,,"[0, 1, 1, 1, 1, 0, 1, 1, 1, 1, 0, 1, 1, 1, 0, 0, 1, 0, 1, 1, 1, 0, 0, 0, 0, 0, 0, 1, 0, 0, 1, 1, 1, 0, 1, 0, 1, 0, 1, 1, 0, 1, 1, 0, 1, 1, 0, 0, 1]","{'n_estimators': 200, 'learning_rate': 0.01, 'max_depth': 7, 'min_child_weight': 3, 'subsample': 1.0, 'colsample_bytree': 0.5, 'gamma': 1.0, 'reg_alpha': 0.1, 'reg_lambda': 0.0}",COMPLETE
1964,0.7645161287856399,2024-07-08 12:59:46.043291,2024-07-08 12:59:57.680413,0 days 00:00:11.637122,KNeighborsClassifier,Normalize_L1_1,,"[0, 0, 1, 0, 0, 0, 1, 0, 0, 1, 0, 1, 0, 0, 0, 1, 0, 0, 0, 1, 0, 0, 1, 1, 0, 1, 0, 1, 0, 1, 0, 1, 0, 1, 0, 1, 0, 1, 1, 0, 0, 0, 0, 1, 0, 1, 1, 0, 1]","{'n_neighbors': 15, 'weights': 'distance', 'algorithm': 'kd_tree', 'leaf_size': 20, 'p': 2, 'metric': 'minkowski'}",COMPLETE
1965,0.7935483868407908,2024-07-08 12:59:46.893274,2024-07-08 13:00:16.337169,0 days 00:00:29.443895,ExtraTreesClassifier,StandardScaler,,"[1, 1, 1, 0, 1, 0, 1, 0, 0, 1, 0, 1, 0, 1, 1, 1, 0, 1, 0, 0, 1, 0, 1, 1, 0, 0, 0, 1, 1, 1, 0, 1, 1, 0, 1, 1, 1, 0, 1, 0, 0, 0, 1, 0, 0, 1, 0, 0, 0]","{'n_estimators': 50, 'max_features': 'log2', 'max_depth': 10, 'min_samples_split': 5, 'min_samples_leaf': 100, 'bootstrap': False}",COMPLETE
1966,0.0,2024-07-08 12:59:47.294242,2024-07-08 13:00:12.768854,0 days 00:00:25.474612,ExtraTreesClassifier,Normalize_L1_1,SVMSMOTE,"[1, 0, 0, 0, 0, 0, 0, 0, 0, 0, 1, 0, 0, 1, 1, 0, 0, 0, 1, 0, 1, 0, 1, 0, 1, 0, 1, 1, 1, 0, 0, 1, 1, 1, 0, 0, 1, 0, 1, 0, 0, 0, 0, 1, 0, 0, 1, 0, 1]","{'n_estimators': 1000, 'max_features': 'auto', 'max_depth': 200, 'min_samples_split': 2, 'min_samples_leaf': 1, 'bootstrap': False}",COMPLETE
1967,0.0,2024-07-08 12:59:47.702270,2024-07-08 13:00:17.078166,0 days 00:00:29.375896,MLPClassifier,,,,,COMPLETE
1968,0.0,2024-07-08 12:59:48.587242,2024-07-08 13:00:13.921211,0 days 00:00:25.333969,ExtraTreesClassifier,StandardScaler,SVMSMOTE,"[0, 1, 1, 0, 1, 0, 0, 1, 1, 0, 1, 0, 0, 0, 0, 1, 0, 0, 1, 0, 1, 1, 1, 1, 1, 1, 1, 1, 1, 0, 0, 1, 1, 0, 1, 0, 0, 1, 0, 1, 1, 0, 1, 0, 0, 1, 1, 1, 0]","{'n_estimators': 100, 'max_features': 'auto', 'max_depth': 100, 'min_samples_split': 200, 'min_samples_leaf': 10, 'bootstrap': True}",COMPLETE
1969,0.7935483868407908,2024-07-08 12:59:48.873245,2024-07-08 13:00:11.022413,0 days 00:00:22.149168,ExtraTreesClassifier,Normalize_L1_1,,"[0, 0, 1, 0, 1, 1, 1, 0, 0, 0, 0, 1, 0, 0, 0, 1, 0, 0, 0, 1, 0, 1, 1, 1, 0, 1, 1, 1, 0, 0, 1, 0, 0, 0, 1, 1, 1, 1, 0, 1, 1, 0, 1, 1, 1, 1, 0, 1, 1]","{'n_estimators': 100, 'max_features': 'sqrt', 'max_depth': 500, 'min_samples_split': 200, 'min_samples_leaf': 5, 'bootstrap': True}",COMPLETE
1970,0.0,2024-07-08 12:59:49.127412,2024-07-08 13:00:18.566168,0 days 00:00:29.438756,ExtraTreesClassifier,Normalize_L1_1,,"[0, 1, 0, 1, 0, 1, 0, 1, 0, 0, 1, 1, 0, 1, 0, 0, 1, 1, 0, 0, 1, 1, 0, 0, 0, 0, 1, 0, 0, 1, 0, 1, 0, 0, 1, 0, 1, 1, 0, 1, 0, 0, 1, 1, 0, 0, 0, 0, 1]","{'n_estimators': 500, 'max_features': 'auto', 'max_depth': 10, 'min_samples_split': 50, 'min_samples_leaf': 50, 'bootstrap': True}",COMPLETE
1971,0.6967741933236212,2024-07-08 12:59:50.304411,2024-07-08 13:00:16.712168,0 days 00:00:26.407757,ExtraTreesClassifier,Normalize_L1_1,SVMSMOTE,"[1, 0, 1, 1, 0, 1, 0, 1, 0, 1, 1, 1, 1, 1, 1, 0, 1, 1, 1, 0, 0, 0, 0, 0, 0, 1, 1, 0, 0, 0, 0, 0, 0, 1, 0, 1, 1, 1, 0, 1, 0, 0, 0, 1, 1, 1, 1, 1, 1]","{'n_estimators': 100, 'max_features': 'log2', 'max_depth': None, 'min_samples_split': 100, 'min_samples_leaf': 5, 'bootstrap': False}",COMPLETE
1972,0.7096774191259104,2024-07-08 12:59:50.516411,2024-07-08 13:00:16.423195,0 days 00:00:25.906784,ExtraTreesClassifier,Normalize_L1_1,SVMSMOTE,"[0, 0, 0, 0, 0, 1, 0, 1, 0, 0, 0, 1, 1, 0, 1, 0, 0, 0, 0, 0, 0, 0, 0, 1, 1, 0, 1, 1, 1, 0, 0, 1, 0, 0, 0, 0, 0, 1, 1, 1, 1, 0, 0, 1, 1, 1, 1, 1, 0]","{'n_estimators': 1000, 'max_features': 'log2', 'max_depth': 1000, 'min_samples_split': 2, 'min_samples_leaf': 50, 'bootstrap': True}",COMPLETE
1973,0.6709677417190426,2024-07-08 12:59:50.934412,2024-07-08 13:00:26.374166,0 days 00:00:35.439754,XGBClassifier,Normalize_L1_1,,"[0, 0, 1, 0, 0, 1, 0, 0, 1, 1, 1, 0, 0, 1, 0, 0, 1, 0, 0, 0, 1, 0, 0, 0, 0, 1, 1, 1, 1, 1, 0, 1, 0, 1, 1, 1, 1, 1, 0, 1, 1, 1, 1, 1, 0, 0, 1, 1, 0]","{'n_estimators': 200, 'learning_rate': 1.0, 'max_depth': 9, 'min_child_weight': 1, 'subsample': 0.5, 'colsample_bytree': 1.0, 'gamma': 1.0, 'reg_alpha': 0.0, 'reg_lambda': 0.0}",COMPLETE
1974,0.674193548169615,2024-07-08 12:59:51.428418,2024-07-08 13:00:17.075165,0 days 00:00:25.646747,ExtraTreesClassifier,Normalize_L1_1,SVMSMOTE,"[1, 0, 1, 0, 1, 1, 1, 0, 0, 1, 1, 1, 1, 0, 1, 0, 1, 0, 0, 0, 1, 0, 0, 0, 0, 0, 1, 1, 0, 0, 1, 1, 1, 0, 0, 0, 0, 0, 0, 0, 0, 0, 0, 0, 1, 1, 1, 1, 1]","{'n_estimators': 1000, 'max_features': 'sqrt', 'max_depth': 500, 'min_samples_split': 5, 'min_samples_leaf': 10, 'bootstrap': True}",COMPLETE
1975,0.7935483868407908,2024-07-08 12:59:51.823413,2024-07-08 13:00:15.949210,0 days 00:00:24.125797,ExtraTreesClassifier,Normalize_L1_1,,"[0, 1, 1, 1, 0, 1, 0, 1, 0, 1, 1, 1, 1, 0, 0, 0, 1, 1, 0, 0, 1, 1, 0, 0, 1, 1, 1, 1, 0, 1, 0, 0, 0, 0, 1, 0, 1, 1, 0, 0, 0, 0, 1, 0, 0, 0, 0, 1, 1]","{'n_estimators': 500, 'max_features': 'sqrt', 'max_depth': 200, 'min_samples_split': 100, 'min_samples_leaf': 100, 'bootstrap': False}",COMPLETE
1976,0.3032258063537981,2024-07-08 12:59:51.901411,2024-07-08 13:01:43.473168,0 days 00:01:51.571757,XGBClassifier,Normalize_L1_0,SMOTEENN,"[0, 1, 1, 1, 0, 0, 0, 0, 0, 0, 0, 0, 1, 0, 1, 0, 0, 0, 1, 1, 0, 1, 1, 1, 1, 1, 1, 0, 0, 0, 1, 0, 1, 0, 1, 1, 1, 0, 1, 0, 1, 0, 1, 1, 0, 1, 1, 1, 0]","{'n_estimators': 100, 'learning_rate': 0.01, 'max_depth': 3, 'min_child_weight': 5, 'subsample': 0.7, 'colsample_bytree': 1.0, 'gamma': 0.5, 'reg_alpha': 1.0, 'reg_lambda': 1.0}",COMPLETE
1977,0.7999999997419355,2024-07-08 12:59:52.024411,2024-07-08 13:00:24.917166,0 days 00:00:32.892755,BaggingClassifier,Normalize_L1_1,,"[1, 1, 0, 0, 0, 1, 1, 1, 1, 0, 0, 0, 0, 0, 1, 0, 0, 1, 1, 0, 1, 0, 0, 1, 0, 1, 0, 1, 1, 1, 1, 1, 0, 1, 1, 0, 0, 0, 0, 0, 0, 1, 1, 1, 0, 0, 1, 0, 1]","{'n_estimators': 500, 'max_samples': 0.1, 'max_features': 0.5, 'bootstrap': False, 'bootstrap_features': True}",COMPLETE
1978,0.0,2024-07-08 12:59:52.918438,2024-07-08 13:00:15.022182,0 days 00:00:22.103744,MLPClassifier,,,,,COMPLETE
1979,0.6290322578616024,2024-07-08 12:59:53.716411,2024-07-08 13:00:24.164167,0 days 00:00:30.447756,BaggingClassifier,StandardScaler,,"[1, 1, 0, 1, 1, 0, 0, 0, 0, 0, 1, 0, 0, 1, 0, 0, 0, 1, 1, 1, 0, 1, 0, 1, 0, 1, 1, 0, 0, 1, 0, 1, 1, 1, 1, 1, 1, 0, 0, 1, 0, 0, 1, 0, 1, 0, 1, 1, 0]","{'n_estimators': 500, 'max_samples': 1.0, 'max_features': 0.1, 'bootstrap': True, 'bootstrap_features': False}",COMPLETE
1980,0.7870967739396462,2024-07-08 12:59:54.279418,2024-07-08 13:00:31.309169,0 days 00:00:37.029751,BaggingClassifier,Normalize_L1_1,,"[0, 1, 1, 1, 0, 1, 1, 1, 0, 1, 1, 1, 0, 1, 0, 1, 1, 1, 0, 0, 0, 1, 0, 1, 1, 1, 0, 0, 1, 0, 0, 1, 1, 0, 0, 1, 0, 0, 1, 0, 0, 0, 1, 0, 1, 1, 0, 0, 0]","{'n_estimators': 50, 'max_samples': 0.5, 'max_features': 0.1, 'bootstrap': True, 'bootstrap_features': False}",COMPLETE
1981,0.7806451610385015,2024-07-08 12:59:54.858412,2024-07-08 13:00:18.436170,0 days 00:00:23.577758,BaggingClassifier,StandardScaler,,"[0, 1, 0, 1, 0, 0, 0, 1, 0, 1, 1, 1, 1, 1, 1, 1, 1, 0, 0, 0, 0, 0, 1, 0, 0, 1, 1, 1, 1, 0, 1, 1, 1, 0, 0, 1, 1, 0, 0, 0, 1, 1, 0, 0, 1, 1, 0, 1, 0]","{'n_estimators': 50, 'max_samples': 0.1, 'max_features': 0.5, 'bootstrap': False, 'bootstrap_features': False}",COMPLETE
1982,0.7741935481373569,2024-07-08 12:59:58.754420,2024-07-08 13:00:28.133171,0 days 00:00:29.378751,XGBClassifier,Normalize_L1_1,,"[0, 0, 0, 0, 0, 1, 1, 0, 1, 1, 0, 0, 1, 0, 0, 0, 0, 1, 0, 1, 0, 0, 0, 1, 1, 0, 1, 0, 0, 0, 0, 1, 1, 1, 0, 0, 0, 1, 0, 1, 0, 1, 0, 1, 0, 0, 1, 1, 1]","{'n_estimators': 50, 'learning_rate': 0.1, 'max_depth': 7, 'min_child_weight': 3, 'subsample': 0.7, 'colsample_bytree': 0.7, 'gamma': 0.1, 'reg_alpha': 0.0, 'reg_lambda': 0.0}",COMPLETE
1983,0.6516129030156087,2024-07-08 12:59:59.738438,2024-07-08 13:01:09.163167,0 days 00:01:09.424729,BaggingClassifier,RobustScaler,,"[1, 1, 1, 1, 1, 1, 1, 1, 0, 1, 0, 1, 1, 1, 0, 0, 1, 1, 1, 1, 0, 0, 0, 0, 0, 1, 0, 1, 1, 1, 1, 1, 0, 0, 1, 0, 0, 1, 1, 0, 1, 0, 1, 0, 0, 1, 1, 0, 0]","{'n_estimators': 1000, 'max_samples': 0.5, 'max_features': 0.5, 'bootstrap': False, 'bootstrap_features': False}",COMPLETE
1984,0.7967741932913631,2024-07-08 13:00:01.180414,2024-07-08 13:00:21.427177,0 days 00:00:20.246763,XGBClassifier,Normalize_L1_1,,"[0, 0, 0, 0, 1, 1, 0, 0, 0, 0, 1, 1, 1, 1, 1, 0, 1, 1, 1, 0, 0, 1, 0, 0, 0, 0, 0, 0, 0, 0, 0, 0, 1, 1, 1, 0, 1, 0, 1, 0, 0, 1, 0, 0, 0, 0, 0, 0, 0]","{'n_estimators': 100, 'learning_rate': 0.01, 'max_depth': 7, 'min_child_weight': 5, 'subsample': 0.7, 'colsample_bytree': 0.5, 'gamma': 0.1, 'reg_alpha': 0.0, 'reg_lambda': 0.0}",COMPLETE
1985,0.7806451610385015,2024-07-08 13:00:05.441467,2024-07-08 13:00:21.880168,0 days 00:00:16.438701,XGBClassifier,Normalize_L1_1,,"[0, 1, 1, 0, 1, 1, 1, 0, 0, 0, 0, 1, 0, 0, 1, 1, 1, 0, 0, 0, 0, 0, 1, 1, 0, 1, 1, 0, 0, 0, 0, 0, 0, 1, 0, 1, 0, 1, 1, 0, 1, 1, 0, 0, 1, 1, 1, 1, 0]","{'n_estimators': 100, 'learning_rate': 0.1, 'max_depth': 3, 'min_child_weight': 3, 'subsample': 1.0, 'colsample_bytree': 0.7, 'gamma': 0.0, 'reg_alpha': 1.0, 'reg_lambda': 0.0}",COMPLETE
1986,0.6774193546201872,2024-07-08 13:00:06.668412,2024-07-08 13:01:29.999168,0 days 00:01:23.330756,BaggingClassifier,Normalize_Max_0,,"[0, 0, 1, 0, 1, 0, 0, 0, 1, 0, 1, 1, 1, 1, 1, 1, 1, 0, 1, 0, 0, 0, 0, 1, 1, 1, 0, 0, 0, 1, 0, 0, 0, 1, 0, 1, 1, 0, 0, 1, 0, 1, 0, 0, 1, 1, 0, 1, 0]","{'n_estimators': 100, 'max_samples': 0.5, 'max_features': 0.5, 'bootstrap': True, 'bootstrap_features': True}",COMPLETE
1987,0.7612903223350675,2024-07-08 13:00:10.657455,2024-07-08 13:01:08.171211,0 days 00:00:57.513756,BaggingClassifier,Normalize_L1_1,,"[1, 0, 1, 0, 0, 1, 1, 0, 0, 0, 0, 0, 1, 0, 1, 0, 0, 0, 0, 0, 0, 0, 0, 1, 1, 1, 0, 0, 1, 1, 1, 0, 1, 1, 0, 0, 1, 1, 0, 1, 0, 0, 1, 0, 1, 0, 0, 1, 1]","{'n_estimators': 1000, 'max_samples': 1.0, 'max_features': 0.5, 'bootstrap': False, 'bootstrap_features': False}",COMPLETE
1988,0.7774193545879292,2024-07-08 13:00:11.388443,2024-07-08 13:00:22.656168,0 days 00:00:11.267725,XGBClassifier,Normalize_L1_1,,"[1, 0, 1, 0, 1, 1, 0, 1, 1, 1, 1, 0, 1, 0, 1, 1, 1, 1, 0, 1, 0, 1, 0, 0, 0, 0, 0, 0, 0, 1, 1, 0, 0, 0, 0, 0, 0, 0, 0, 1, 1, 1, 0, 1, 1, 0, 0, 1, 0]","{'n_estimators': 10, 'learning_rate': 0.5, 'max_depth': 7, 'min_child_weight': 10, 'subsample': 1.0, 'colsample_bytree': 1.0, 'gamma': 0.0, 'reg_alpha': 0.0, 'reg_lambda': 0.0}",COMPLETE
1989,0.7903225803902184,2024-07-08 13:00:12.196415,2024-07-08 13:00:45.631195,0 days 00:00:33.434780,BaggingClassifier,Normalize_L1_1,,"[0, 0, 1, 0, 1, 0, 0, 0, 0, 1, 0, 0, 1, 1, 0, 1, 0, 0, 1, 0, 1, 0, 1, 0, 0, 1, 0, 1, 0, 1, 0, 0, 0, 1, 1, 1, 1, 1, 1, 1, 1, 1, 1, 1, 1, 0, 0, 0, 0]","{'n_estimators': 10, 'max_samples': 0.1, 'max_features': 0.1, 'bootstrap': False, 'bootstrap_features': True}",COMPLETE
1990,0.7645161287856399,2024-07-08 13:00:12.495858,2024-07-08 13:00:41.049169,0 days 00:00:28.553311,BaggingClassifier,Normalize_L1_1,,"[1, 1, 0, 0, 1, 1, 0, 1, 1, 1, 0, 0, 1, 1, 1, 1, 1, 1, 1, 1, 1, 1, 1, 1, 1, 0, 0, 0, 1, 0, 1, 0, 1, 1, 0, 1, 1, 0, 1, 1, 1, 1, 1, 0, 0, 0, 1, 0, 0]","{'n_estimators': 500, 'max_samples': 1.0, 'max_features': 0.1, 'bootstrap': False, 'bootstrap_features': True}",COMPLETE
1991,0.7677419352362123,2024-07-08 13:00:12.682819,2024-07-08 13:01:09.884168,0 days 00:00:57.201349,BaggingClassifier,Normalize_L1_1,,"[0, 0, 1, 0, 1, 1, 1, 0, 1, 1, 1, 0, 1, 0, 1, 1, 1, 1, 0, 1, 1, 0, 0, 1, 0, 0, 1, 0, 1, 1, 0, 1, 1, 1, 1, 0, 0, 0, 1, 1, 0, 0, 1, 1, 0, 1, 1, 0, 1]","{'n_estimators': 1000, 'max_samples': 0.5, 'max_features': 0.5, 'bootstrap': True, 'bootstrap_features': True}",COMPLETE
1992,0.7419354836316336,2024-07-08 13:00:12.808819,2024-07-08 13:00:38.249171,0 days 00:00:25.440352,BaggingClassifier,Normalize_L1_1,,"[0, 1, 1, 1, 0, 1, 1, 1, 1, 1, 0, 0, 0, 0, 0, 0, 0, 0, 0, 0, 1, 1, 0, 1, 0, 0, 0, 0, 0, 1, 0, 0, 1, 1, 0, 0, 1, 1, 0, 1, 1, 1, 1, 1, 0, 0, 1, 1, 0]","{'n_estimators': 10, 'max_samples': 0.1, 'max_features': 1.0, 'bootstrap': True, 'bootstrap_features': True}",COMPLETE
1993,0.7677419352362123,2024-07-08 13:00:13.421822,2024-07-08 13:00:40.854166,0 days 00:00:27.432344,BaggingClassifier,Normalize_L1_1,,"[1, 0, 0, 1, 0, 1, 0, 0, 0, 0, 0, 0, 0, 0, 1, 1, 0, 0, 0, 1, 1, 1, 0, 0, 0, 1, 0, 0, 0, 1, 1, 0, 1, 0, 1, 1, 1, 1, 1, 0, 1, 0, 1, 0, 0, 0, 0, 0, 0]","{'n_estimators': 100, 'max_samples': 1.0, 'max_features': 0.1, 'bootstrap': True, 'bootstrap_features': False}",COMPLETE
1994,0.7645161287856399,2024-07-08 13:00:14.745175,2024-07-08 13:01:14.466168,0 days 00:00:59.720993,BaggingClassifier,Normalize_L1_1,,"[0, 0, 1, 0, 1, 0, 0, 1, 0, 1, 1, 0, 1, 1, 0, 0, 1, 0, 0, 1, 1, 0, 1, 1, 0, 0, 1, 0, 0, 0, 1, 0, 0, 0, 0, 0, 1, 0, 0, 0, 0, 0, 0, 1, 0, 1, 1, 0, 0]","{'n_estimators': 1000, 'max_samples': 0.5, 'max_features': 0.5, 'bootstrap': False, 'bootstrap_features': False}",COMPLETE
1995,0.7612903223350675,2024-07-08 13:00:15.268175,2024-07-08 13:01:03.179166,0 days 00:00:47.910991,BaggingClassifier,Normalize_L1_1,,"[0, 0, 0, 0, 0, 0, 0, 0, 1, 1, 1, 1, 1, 0, 1, 1, 0, 0, 1, 0, 1, 1, 0, 0, 1, 0, 1, 0, 1, 0, 0, 1, 1, 0, 0, 1, 1, 0, 1, 1, 0, 0, 1, 1, 1, 0, 1, 1, 1]","{'n_estimators': 50, 'max_samples': 1.0, 'max_features': 1.0, 'bootstrap': False, 'bootstrap_features': True}",COMPLETE
1996,0.754838709433923,2024-07-08 13:00:16.138175,2024-07-08 13:00:35.180212,0 days 00:00:19.042037,BaggingClassifier,Normalize_L1_1,,"[1, 1, 1, 0, 0, 1, 0, 0, 1, 1, 1, 1, 0, 1, 1, 0, 0, 0, 0, 1, 1, 1, 1, 1, 0, 0, 1, 0, 1, 1, 1, 1, 1, 0, 0, 0, 0, 0, 0, 0, 0, 1, 1, 1, 0, 0, 1, 0, 0]","{'n_estimators': 10, 'max_samples': 1.0, 'max_features': 0.5, 'bootstrap': True, 'bootstrap_features': False}",COMPLETE
1997,0.7645161287856399,2024-07-08 13:00:16.528168,2024-07-08 13:01:08.729168,0 days 00:00:52.201000,BaggingClassifier,Normalize_L1_1,,"[1, 0, 0, 1, 1, 0, 0, 0, 1, 0, 1, 1, 0, 0, 1, 1, 1, 1, 1, 0, 0, 0, 1, 0, 1, 1, 1, 1, 0, 1, 0, 1, 0, 0, 1, 0, 1, 1, 0, 1, 1, 0, 1, 1, 0, 1, 1, 0, 0]","{'n_estimators': 1000, 'max_samples': 1.0, 'max_features': 0.5, 'bootstrap': False, 'bootstrap_features': False}",COMPLETE
1998,0.7935483868407908,2024-07-08 13:00:16.849199,2024-07-08 13:01:06.160167,0 days 00:00:49.310968,BaggingClassifier,Normalize_L1_1,,"[1, 0, 1, 0, 0, 1, 1, 0, 1, 0, 0, 1, 0, 1, 0, 1, 1, 0, 0, 1, 1, 0, 0, 1, 0, 1, 1, 1, 0, 1, 1, 0, 0, 0, 1, 0, 1, 0, 0, 1, 0, 0, 0, 1, 1, 1, 1, 1, 1]","{'n_estimators': 50, 'max_samples': 0.1, 'max_features': 0.1, 'bootstrap': True, 'bootstrap_features': False}",COMPLETE
