number,value,datetime_start,datetime_complete,duration,params_model,params_normTechnique,params_sampleTechnique,user_attrs_binIndices,user_attrs_hyperparams,state
1782,0.7935483868407908,2024-07-08 12:56:59.275252,2024-07-08 12:57:37.540292,0 days 00:00:38.265040,ExtraTreesClassifier,Normalize_L1_1,,"[0, 0, 1, 0, 0, 0, 0, 1, 0, 1, 1, 1, 0, 0, 1, 0, 0, 1, 0, 1, 1, 1, 1, 1, 0, 1, 0, 1, 1, 1, 0, 0, 1, 0, 1, 1, 1, 0, 0, 0, 1, 1, 0, 0, 1, 0, 0, 1, 0]","{'n_estimators': 1000, 'max_features': 'sqrt', 'max_depth': None, 'min_samples_split': 5, 'min_samples_leaf': 100, 'bootstrap': True}",COMPLETE
1783,0.0,2024-07-08 12:56:59.770275,2024-07-08 12:57:53.241248,0 days 00:00:53.470973,ExtraTreesClassifier,Normalize_L1_1,,"[0, 1, 1, 1, 0, 1, 1, 1, 1, 1, 1, 0, 0, 0, 1, 0, 1, 1, 0, 0, 0, 1, 1, 1, 1, 0, 0, 0, 1, 1, 1, 1, 0, 1, 0, 0, 1, 1, 0, 1, 1, 0, 0, 0, 0, 1, 0, 1, 1]","{'n_estimators': 500, 'max_features': 'auto', 'max_depth': 50, 'min_samples_split': 50, 'min_samples_leaf': 10, 'bootstrap': False}",COMPLETE
1784,0.7516129029833506,2024-07-08 12:57:04.730243,2024-07-08 12:57:36.552243,0 days 00:00:31.822000,BaggingClassifier,Normalize_L1_1,,"[1, 1, 0, 1, 0, 1, 0, 0, 0, 0, 0, 0, 0, 0, 0, 1, 0, 1, 0, 1, 0, 1, 1, 1, 1, 0, 0, 0, 1, 1, 1, 0, 0, 0, 1, 1, 0, 0, 0, 1, 1, 0, 0, 1, 1, 1, 0, 0, 0]","{'n_estimators': 50, 'max_samples': 1.0, 'max_features': 1.0, 'bootstrap': True, 'bootstrap_features': True}",COMPLETE
1785,0.0,2024-07-08 12:57:09.243287,2024-07-08 12:57:40.982246,0 days 00:00:31.738959,ExtraTreesClassifier,Normalize_L1_1,,"[1, 0, 1, 1, 0, 0, 0, 0, 0, 1, 1, 1, 0, 1, 0, 1, 0, 0, 1, 0, 0, 1, 0, 1, 0, 0, 1, 1, 1, 1, 0, 0, 1, 1, 0, 1, 1, 1, 0, 1, 0, 1, 0, 1, 1, 0, 1, 0, 1]","{'n_estimators': 10, 'max_features': 'auto', 'max_depth': None, 'min_samples_split': 50, 'min_samples_leaf': 50, 'bootstrap': True}",COMPLETE
1786,0.7516129029833506,2024-07-08 12:57:09.591243,2024-07-08 12:57:45.038242,0 days 00:00:35.446999,BaggingClassifier,Normalize_L1_1,,"[1, 0, 0, 0, 1, 1, 1, 0, 0, 0, 1, 0, 1, 0, 0, 1, 0, 1, 1, 1, 1, 1, 1, 0, 1, 1, 0, 0, 0, 0, 1, 0, 0, 1, 1, 0, 1, 0, 0, 0, 1, 0, 0, 1, 0, 1, 1, 1, 1]","{'n_estimators': 50, 'max_samples': 0.5, 'max_features': 1.0, 'bootstrap': False, 'bootstrap_features': False}",COMPLETE
1787,0.7935483868407908,2024-07-08 12:57:09.985248,2024-07-08 12:57:33.931243,0 days 00:00:23.945995,ExtraTreesClassifier,Normalize_L1_1,,"[0, 1, 1, 1, 1, 1, 1, 1, 1, 0, 1, 1, 0, 0, 1, 1, 1, 1, 0, 0, 0, 1, 0, 1, 0, 0, 0, 0, 0, 0, 1, 0, 0, 1, 1, 0, 0, 1, 1, 0, 0, 0, 0, 0, 1, 1, 0, 1, 0]","{'n_estimators': 50, 'max_features': 'log2', 'max_depth': 1000, 'min_samples_split': 50, 'min_samples_leaf': 50, 'bootstrap': False}",COMPLETE
1788,0.7677419352362123,2024-07-08 12:57:11.663275,2024-07-08 12:57:55.572242,0 days 00:00:43.908967,BaggingClassifier,Normalize_L1_1,,"[0, 1, 1, 0, 0, 0, 1, 1, 1, 0, 0, 0, 0, 1, 0, 0, 0, 0, 1, 0, 0, 0, 1, 1, 1, 1, 0, 0, 1, 1, 0, 1, 1, 0, 1, 0, 0, 1, 1, 1, 1, 1, 1, 1, 0, 1, 1, 0, 0]","{'n_estimators': 1000, 'max_samples': 1.0, 'max_features': 0.1, 'bootstrap': True, 'bootstrap_features': False}",COMPLETE
1789,0.7645161287856399,2024-07-08 12:57:12.283247,2024-07-08 12:58:10.896243,0 days 00:00:58.612996,BaggingClassifier,Normalize_L1_1,,"[0, 0, 1, 1, 0, 1, 1, 0, 0, 0, 1, 0, 0, 0, 0, 0, 0, 0, 1, 0, 0, 1, 1, 0, 0, 1, 1, 1, 0, 1, 0, 1, 0, 0, 1, 1, 1, 0, 0, 1, 0, 0, 1, 1, 1, 0, 1, 1, 0]","{'n_estimators': 1000, 'max_samples': 1.0, 'max_features': 1.0, 'bootstrap': True, 'bootstrap_features': False}",COMPLETE
1790,0.4774193546847034,2024-07-08 12:57:12.420285,2024-07-08 12:58:19.694248,0 days 00:01:07.273963,BaggingClassifier,Normalize_L1_1,SMOTEENN,"[0, 0, 1, 1, 0, 0, 0, 0, 1, 0, 0, 0, 0, 0, 0, 0, 0, 0, 1, 0, 0, 1, 1, 0, 0, 1, 1, 0, 0, 0, 0, 0, 0, 1, 1, 1, 1, 0, 0, 0, 0, 1, 0, 1, 1, 1, 1, 1, 0]","{'n_estimators': 500, 'max_samples': 1.0, 'max_features': 0.5, 'bootstrap': True, 'bootstrap_features': True}",COMPLETE
1791,0.6290322578616024,2024-07-08 12:57:12.546252,2024-07-08 12:57:40.990275,0 days 00:00:28.444023,ExtraTreesClassifier,Normalize_L1_1,ADASYN,"[0, 0, 1, 0, 0, 1, 0, 1, 0, 1, 1, 0, 1, 1, 1, 1, 1, 1, 1, 0, 0, 1, 1, 0, 0, 0, 0, 1, 0, 1, 0, 1, 0, 0, 1, 0, 1, 0, 1, 1, 1, 1, 0, 0, 1, 1, 0, 1, 0]","{'n_estimators': 100, 'max_features': 'sqrt', 'max_depth': 200, 'min_samples_split': 5, 'min_samples_leaf': 2, 'bootstrap': True}",COMPLETE
1792,0.7838709674890738,2024-07-08 12:57:12.789244,2024-07-08 12:57:32.683244,0 days 00:00:19.894000,BaggingClassifier,Normalize_L1_1,,"[0, 0, 0, 1, 0, 1, 0, 0, 1, 0, 0, 0, 0, 0, 1, 0, 1, 1, 0, 0, 1, 0, 0, 1, 1, 0, 1, 1, 1, 0, 1, 0, 1, 0, 0, 0, 0, 0, 1, 1, 1, 1, 0, 1, 1, 1, 0, 1, 1]","{'n_estimators': 10, 'max_samples': 0.5, 'max_features': 1.0, 'bootstrap': False, 'bootstrap_features': True}",COMPLETE
1793,0.7709677416867845,2024-07-08 12:57:13.589244,2024-07-08 12:57:55.792242,0 days 00:00:42.202998,BaggingClassifier,Normalize_L1_1,,"[0, 1, 0, 0, 1, 1, 0, 1, 0, 0, 1, 1, 1, 1, 1, 0, 1, 1, 1, 0, 1, 1, 1, 1, 0, 0, 1, 1, 1, 0, 0, 0, 0, 0, 0, 1, 0, 0, 1, 0, 1, 0, 1, 1, 0, 0, 0, 1, 0]","{'n_estimators': 50, 'max_samples': 0.5, 'max_features': 0.1, 'bootstrap': False, 'bootstrap_features': False}",COMPLETE
1794,0.7903225803902184,2024-07-08 12:57:13.814241,2024-07-08 12:57:37.591246,0 days 00:00:23.777005,ExtraTreesClassifier,Normalize_L1_1,,"[1, 0, 1, 1, 0, 1, 1, 1, 1, 0, 1, 1, 0, 1, 1, 1, 1, 0, 0, 1, 1, 1, 1, 0, 1, 1, 0, 0, 0, 1, 0, 0, 1, 1, 1, 1, 1, 0, 0, 0, 0, 1, 1, 1, 1, 1, 1, 1, 1]","{'n_estimators': 500, 'max_features': None, 'max_depth': 200, 'min_samples_split': 2, 'min_samples_leaf': 100, 'bootstrap': False}",COMPLETE
1795,0.7645161287856399,2024-07-08 12:57:13.983244,2024-07-08 12:58:25.797254,0 days 00:01:11.814010,BaggingClassifier,Normalize_L1_1,,"[1, 1, 1, 0, 0, 1, 1, 0, 1, 1, 1, 1, 0, 1, 1, 1, 0, 1, 0, 1, 0, 1, 1, 1, 1, 1, 1, 1, 0, 0, 1, 0, 1, 0, 0, 0, 1, 1, 0, 0, 0, 1, 0, 1, 1, 0, 1, 0, 1]","{'n_estimators': 500, 'max_samples': 1.0, 'max_features': 1.0, 'bootstrap': False, 'bootstrap_features': False}",COMPLETE
1796,0.6290322578616024,2024-07-08 12:57:14.484243,2024-07-08 12:58:02.270243,0 days 00:00:47.786000,BaggingClassifier,MinMaxScaler,,"[1, 0, 1, 0, 1, 1, 1, 1, 0, 0, 1, 0, 1, 1, 0, 0, 1, 0, 0, 0, 0, 0, 1, 1, 0, 1, 1, 1, 0, 1, 1, 1, 0, 0, 1, 1, 0, 1, 1, 1, 1, 0, 0, 0, 0, 1, 0, 0, 1]","{'n_estimators': 10, 'max_samples': 1.0, 'max_features': 1.0, 'bootstrap': False, 'bootstrap_features': False}",COMPLETE
1797,0.7645161287856399,2024-07-08 12:57:15.213247,2024-07-08 12:57:41.040245,0 days 00:00:25.826998,BaggingClassifier,Normalize_L1_1,,"[1, 0, 0, 1, 1, 0, 1, 0, 1, 0, 0, 1, 1, 0, 1, 1, 1, 1, 0, 0, 0, 0, 1, 0, 0, 1, 0, 1, 1, 0, 0, 0, 1, 1, 1, 1, 0, 0, 1, 1, 1, 1, 1, 0, 1, 1, 1, 1, 1]","{'n_estimators': 50, 'max_samples': 1.0, 'max_features': 0.5, 'bootstrap': False, 'bootstrap_features': True}",COMPLETE
1798,0.7709677416867845,2024-07-08 12:57:15.310247,2024-07-08 12:58:10.860242,0 days 00:00:55.549995,BaggingClassifier,Normalize_L1_1,,"[1, 1, 1, 1, 1, 1, 1, 1, 1, 0, 1, 1, 1, 1, 0, 1, 0, 1, 0, 1, 0, 1, 0, 1, 0, 1, 0, 1, 1, 0, 0, 0, 1, 0, 1, 1, 0, 0, 0, 0, 0, 1, 1, 0, 1, 1, 1, 0, 1]","{'n_estimators': 500, 'max_samples': 0.5, 'max_features': 0.5, 'bootstrap': False, 'bootstrap_features': True}",COMPLETE
1799,0.4258064514755463,2024-07-08 12:57:16.353241,2024-07-08 12:57:48.113273,0 days 00:00:31.760032,BaggingClassifier,Normalize_Max_1,NearMiss,"[0, 0, 0, 1, 1, 1, 1, 1, 1, 1, 1, 1, 1, 1, 1, 0, 1, 1, 1, 1, 1, 1, 1, 1, 0, 0, 0, 0, 1, 1, 0, 1, 0, 1, 1, 1, 0, 0, 1, 1, 1, 1, 0, 0, 0, 1, 1, 1, 1]","{'n_estimators': 100, 'max_samples': 0.1, 'max_features': 1.0, 'bootstrap': False, 'bootstrap_features': False}",COMPLETE
1800,0.7709677416867845,2024-07-08 12:57:18.093251,2024-07-08 12:57:43.182248,0 days 00:00:25.088997,BaggingClassifier,Normalize_L1_1,,"[0, 1, 0, 0, 1, 1, 1, 1, 0, 1, 1, 0, 1, 0, 0, 1, 0, 0, 0, 0, 1, 1, 1, 1, 1, 0, 1, 0, 0, 0, 1, 0, 0, 0, 0, 1, 1, 0, 0, 0, 0, 0, 0, 1, 1, 1, 1, 0, 0]","{'n_estimators': 100, 'max_samples': 0.5, 'max_features': 0.1, 'bootstrap': False, 'bootstrap_features': False}",COMPLETE
1801,0.7677419352362123,2024-07-08 12:57:18.773243,2024-07-08 12:57:37.951241,0 days 00:00:19.177998,BaggingClassifier,Normalize_L1_1,,"[1, 0, 0, 1, 0, 1, 1, 1, 0, 0, 0, 0, 1, 0, 1, 1, 0, 0, 1, 0, 0, 1, 1, 1, 0, 0, 1, 1, 1, 0, 1, 1, 0, 1, 0, 0, 1, 1, 1, 0, 0, 0, 0, 0, 0, 0, 1, 1, 1]","{'n_estimators': 100, 'max_samples': 0.5, 'max_features': 0.5, 'bootstrap': True, 'bootstrap_features': False}",COMPLETE
1802,0.0,2024-07-08 12:57:19.323251,2024-07-08 12:58:11.126248,0 days 00:00:51.802997,MLPClassifier,,,,,COMPLETE
1803,0.7806451610385015,2024-07-08 12:57:19.569244,2024-07-08 12:57:44.980248,0 days 00:00:25.411004,BaggingClassifier,Normalize_L1_1,,"[0, 0, 1, 0, 1, 1, 1, 0, 1, 0, 0, 0, 0, 1, 1, 0, 0, 0, 1, 0, 1, 1, 1, 1, 0, 0, 0, 1, 0, 1, 1, 1, 0, 0, 1, 0, 0, 0, 1, 0, 1, 1, 0, 1, 1, 1, 1, 0, 0]","{'n_estimators': 200, 'max_samples': 0.5, 'max_features': 1.0, 'bootstrap': True, 'bootstrap_features': True}",COMPLETE
1804,0.7999999997419355,2024-07-08 12:57:20.028247,2024-07-08 12:57:40.908245,0 days 00:00:20.879998,BaggingClassifier,Normalize_L1_1,,"[1, 1, 0, 0, 1, 1, 0, 0, 0, 0, 1, 1, 1, 0, 1, 0, 1, 0, 1, 1, 0, 0, 1, 0, 0, 0, 1, 1, 1, 1, 0, 1, 0, 0, 0, 1, 0, 1, 1, 1, 0, 0, 1, 1, 0, 1, 1, 0, 1]","{'n_estimators': 50, 'max_samples': 0.1, 'max_features': 0.5, 'bootstrap': False, 'bootstrap_features': False}",COMPLETE
1805,0.42258064502497394,2024-07-08 12:57:20.479252,2024-07-08 12:58:07.473242,0 days 00:00:46.993990,BaggingClassifier,Normalize_Max_1,NearMiss,"[1, 1, 0, 0, 1, 0, 0, 1, 0, 0, 0, 1, 0, 1, 1, 1, 0, 0, 0, 0, 1, 0, 1, 0, 0, 1, 1, 0, 0, 1, 0, 0, 1, 1, 0, 0, 0, 0, 1, 0, 0, 1, 0, 0, 1, 0, 0, 0, 0]","{'n_estimators': 500, 'max_samples': 0.1, 'max_features': 0.1, 'bootstrap': True, 'bootstrap_features': False}",COMPLETE
1806,0.4290322579261186,2024-07-08 12:57:20.682241,2024-07-08 12:57:54.962244,0 days 00:00:34.280003,BaggingClassifier,Normalize_L1_1,NearMiss,"[1, 0, 0, 0, 0, 0, 1, 0, 0, 1, 0, 0, 0, 1, 0, 1, 0, 0, 0, 0, 1, 1, 1, 0, 0, 0, 1, 1, 0, 1, 0, 0, 1, 1, 0, 1, 1, 0, 0, 1, 1, 0, 0, 1, 1, 1, 0, 1, 0]","{'n_estimators': 10, 'max_samples': 0.1, 'max_features': 1.0, 'bootstrap': True, 'bootstrap_features': True}",COMPLETE
1807,0.4096774192226847,2024-07-08 12:57:20.790255,2024-07-08 12:57:50.711287,0 days 00:00:29.921032,BaggingClassifier,MinMaxScaler,NearMiss,"[0, 0, 1, 1, 0, 1, 0, 0, 0, 0, 1, 0, 0, 1, 0, 0, 1, 0, 0, 0, 1, 0, 1, 1, 1, 1, 1, 1, 1, 0, 1, 0, 0, 1, 1, 0, 0, 0, 0, 1, 0, 1, 1, 1, 1, 0, 1, 0, 0]","{'n_estimators': 100, 'max_samples': 1.0, 'max_features': 1.0, 'bootstrap': True, 'bootstrap_features': False}",COMPLETE
1808,0.7967741932913631,2024-07-08 12:57:22.318254,2024-07-08 12:57:44.905251,0 days 00:00:22.586997,BaggingClassifier,Normalize_L1_1,,"[0, 0, 0, 1, 0, 1, 0, 1, 0, 1, 1, 0, 1, 1, 1, 1, 0, 1, 0, 0, 1, 0, 0, 0, 1, 0, 0, 0, 1, 0, 1, 1, 1, 0, 1, 1, 0, 1, 0, 1, 1, 0, 1, 1, 0, 0, 0, 0, 1]","{'n_estimators': 100, 'max_samples': 0.1, 'max_features': 1.0, 'bootstrap': False, 'bootstrap_features': True}",COMPLETE
1809,0.0,2024-07-08 12:57:22.608251,2024-07-08 12:58:10.527243,0 days 00:00:47.918992,MLPClassifier,,,,,COMPLETE
1810,0.6548387094661811,2024-07-08 12:57:22.864286,2024-07-08 12:57:53.227245,0 days 00:00:30.362959,BaggingClassifier,MinMaxScaler,,"[0, 1, 1, 0, 1, 1, 1, 0, 0, 0, 0, 1, 1, 1, 0, 1, 0, 1, 0, 0, 0, 1, 1, 1, 1, 0, 1, 1, 1, 1, 1, 0, 1, 1, 1, 1, 0, 1, 1, 1, 1, 1, 0, 1, 1, 1, 0, 1, 0]","{'n_estimators': 100, 'max_samples': 0.5, 'max_features': 0.1, 'bootstrap': False, 'bootstrap_features': True}",COMPLETE
1811,0.0,2024-07-08 12:57:24.710245,2024-07-08 12:58:12.246272,0 days 00:00:47.536027,MLPClassifier,,,,,COMPLETE
1812,0.7903225803902184,2024-07-08 12:57:26.455245,2024-07-08 12:58:07.896243,0 days 00:00:41.440998,BaggingClassifier,Normalize_Max_1,,"[1, 0, 0, 0, 0, 1, 0, 0, 1, 0, 0, 0, 0, 0, 0, 0, 1, 1, 1, 1, 1, 0, 1, 0, 0, 1, 0, 0, 0, 0, 1, 0, 1, 1, 1, 1, 0, 1, 1, 1, 0, 0, 0, 0, 1, 0, 1, 1, 1]","{'n_estimators': 1000, 'max_samples': 0.1, 'max_features': 0.5, 'bootstrap': False, 'bootstrap_features': False}",COMPLETE
1813,0.4451612901789802,2024-07-08 12:57:27.149243,2024-07-08 12:58:04.919243,0 days 00:00:37.770000,BaggingClassifier,Normalize_Max_1,NearMiss,"[1, 0, 0, 0, 0, 0, 1, 1, 0, 0, 1, 1, 0, 0, 1, 1, 1, 1, 0, 1, 0, 1, 1, 0, 0, 0, 1, 0, 0, 0, 1, 0, 0, 1, 0, 0, 1, 0, 1, 0, 0, 1, 1, 1, 0, 0, 0, 1, 1]","{'n_estimators': 500, 'max_samples': 0.1, 'max_features': 1.0, 'bootstrap': True, 'bootstrap_features': True}",COMPLETE
1814,0.5096774191904266,2024-07-08 12:57:28.191247,2024-07-08 12:58:07.333245,0 days 00:00:39.141998,BaggingClassifier,MinMaxScaler,SMOTEENN,"[0, 1, 0, 1, 0, 1, 1, 1, 1, 1, 0, 1, 0, 1, 0, 1, 0, 0, 1, 1, 1, 1, 0, 0, 0, 1, 1, 1, 1, 1, 1, 1, 0, 1, 0, 1, 0, 0, 1, 1, 1, 1, 1, 0, 0, 0, 0, 1, 0]","{'n_estimators': 500, 'max_samples': 0.5, 'max_features': 0.5, 'bootstrap': False, 'bootstrap_features': False}",COMPLETE
1815,0.7774193545879292,2024-07-08 12:57:28.878254,2024-07-08 12:58:10.946242,0 days 00:00:42.067988,BaggingClassifier,Normalize_L1_1,,"[1, 0, 0, 1, 1, 0, 0, 1, 1, 1, 1, 0, 1, 0, 1, 1, 0, 0, 0, 0, 1, 0, 1, 0, 0, 1, 1, 1, 1, 1, 1, 1, 1, 1, 1, 0, 1, 1, 0, 1, 0, 1, 1, 1, 0, 1, 1, 1, 0]","{'n_estimators': 10, 'max_samples': 0.1, 'max_features': 0.1, 'bootstrap': False, 'bootstrap_features': False}",COMPLETE
1816,0.4322580643766909,2024-07-08 12:57:29.142243,2024-07-08 12:58:00.683242,0 days 00:00:31.540999,BaggingClassifier,MinMaxScaler,NearMiss,"[1, 0, 1, 1, 0, 1, 1, 1, 0, 1, 0, 1, 1, 1, 0, 1, 0, 1, 1, 1, 1, 0, 1, 0, 1, 0, 0, 1, 1, 0, 0, 0, 1, 0, 1, 1, 0, 0, 0, 0, 1, 0, 1, 0, 1, 0, 0, 1, 1]","{'n_estimators': 500, 'max_samples': 0.1, 'max_features': 1.0, 'bootstrap': False, 'bootstrap_features': False}",COMPLETE
1817,0.4677419353329864,2024-07-08 12:57:32.311245,2024-07-08 12:58:09.366242,0 days 00:00:37.054997,BaggingClassifier,Normalize_L1_1,SMOTEENN,"[0, 0, 0, 0, 0, 0, 0, 1, 1, 0, 0, 1, 1, 0, 0, 1, 0, 1, 1, 1, 1, 1, 0, 0, 1, 1, 0, 1, 0, 0, 0, 1, 0, 0, 0, 1, 1, 1, 1, 0, 0, 0, 1, 0, 1, 1, 0, 0, 0]","{'n_estimators': 10, 'max_samples': 1.0, 'max_features': 0.1, 'bootstrap': False, 'bootstrap_features': True}",COMPLETE
1818,0.0,2024-07-08 12:57:33.023248,2024-07-08 12:58:20.575286,0 days 00:00:47.552038,MLPClassifier,,,,,COMPLETE
1819,0.7903225803902184,2024-07-08 12:57:33.470247,2024-07-08 12:58:07.196243,0 days 00:00:33.725996,BaggingClassifier,MinMaxScaler,,"[1, 1, 0, 0, 0, 1, 0, 1, 1, 1, 1, 1, 0, 0, 1, 1, 0, 0, 1, 1, 1, 0, 0, 1, 1, 1, 1, 1, 0, 1, 1, 0, 1, 0, 1, 1, 1, 0, 1, 0, 0, 0, 1, 1, 0, 1, 1, 1, 1]","{'n_estimators': 100, 'max_samples': 0.1, 'max_features': 0.1, 'bootstrap': False, 'bootstrap_features': True}",COMPLETE
1820,0.7645161287856399,2024-07-08 12:57:33.599244,2024-07-08 12:58:19.936244,0 days 00:00:46.337000,BaggingClassifier,Normalize_L1_1,,"[1, 1, 1, 0, 1, 1, 0, 1, 1, 0, 0, 1, 1, 0, 1, 0, 0, 0, 1, 1, 0, 0, 0, 0, 1, 1, 1, 1, 0, 1, 0, 1, 1, 0, 0, 1, 0, 0, 1, 1, 0, 0, 1, 1, 1, 0, 0, 0, 1]","{'n_estimators': 500, 'max_samples': 1.0, 'max_features': 1.0, 'bootstrap': True, 'bootstrap_features': False}",COMPLETE
1821,0.6161290320593131,2024-07-08 12:57:33.753242,2024-07-08 12:58:10.843241,0 days 00:00:37.089999,BaggingClassifier,Normalize_L1_1,SMOTEENN,"[1, 0, 1, 0, 1, 1, 0, 0, 1, 0, 1, 1, 1, 0, 1, 0, 0, 0, 0, 1, 1, 0, 0, 0, 1, 0, 1, 0, 1, 1, 1, 1, 0, 1, 1, 1, 1, 1, 1, 0, 0, 1, 1, 1, 1, 0, 1, 0, 1]","{'n_estimators': 100, 'max_samples': 0.1, 'max_features': 0.1, 'bootstrap': False, 'bootstrap_features': False}",COMPLETE
1822,0.34193548376066596,2024-07-08 12:57:34.393282,2024-07-08 12:58:29.395245,0 days 00:00:55.001963,XGBClassifier,Normalize_L1_0,RandomUnderSampler,"[0, 1, 1, 0, 1, 1, 0, 0, 0, 1, 1, 1, 1, 1, 1, 1, 1, 1, 0, 0, 1, 1, 1, 1, 0, 0, 0, 1, 0, 0, 0, 0, 0, 0, 1, 1, 0, 0, 1, 0, 0, 1, 0, 0, 0, 1, 1, 1, 1]","{'n_estimators': 50, 'learning_rate': 0.01, 'max_depth': 9, 'min_child_weight': 3, 'subsample': 1.0, 'colsample_bytree': 0.7, 'gamma': 0.1, 'reg_alpha': 0.1, 'reg_lambda': 1.0}",COMPLETE
1823,0.7677419352362123,2024-07-08 12:57:35.226271,2024-07-08 12:58:28.311244,0 days 00:00:53.084973,BaggingClassifier,Normalize_L1_1,,"[0, 1, 1, 1, 1, 0, 1, 1, 0, 0, 1, 1, 1, 1, 1, 0, 1, 0, 0, 1, 1, 0, 1, 0, 1, 0, 0, 1, 1, 1, 1, 0, 0, 0, 0, 0, 0, 1, 1, 0, 1, 1, 0, 0, 0, 1, 1, 0, 1]","{'n_estimators': 1000, 'max_samples': 0.5, 'max_features': 0.5, 'bootstrap': False, 'bootstrap_features': False}",COMPLETE
1824,0.5903225804547346,2024-07-08 12:57:36.287271,2024-07-08 12:58:08.156243,0 days 00:00:31.868972,BaggingClassifier,Normalize_L1_1,SMOTEENN,"[1, 1, 0, 0, 1, 1, 0, 0, 1, 0, 0, 0, 1, 1, 1, 0, 1, 1, 0, 0, 0, 0, 0, 1, 1, 0, 1, 0, 1, 0, 1, 0, 0, 1, 0, 0, 1, 1, 1, 0, 0, 0, 0, 1, 1, 1, 0, 0, 1]","{'n_estimators': 50, 'max_samples': 0.1, 'max_features': 0.1, 'bootstrap': True, 'bootstrap_features': True}",COMPLETE
1825,0.7677419352362123,2024-07-08 12:57:36.922244,2024-07-08 12:58:21.573242,0 days 00:00:44.650998,BaggingClassifier,Normalize_L1_1,,"[0, 0, 0, 0, 1, 1, 0, 1, 1, 0, 1, 0, 0, 0, 0, 1, 0, 0, 1, 1, 0, 1, 1, 1, 1, 0, 0, 0, 0, 0, 1, 0, 1, 0, 1, 0, 0, 1, 0, 0, 1, 1, 1, 0, 1, 0, 0, 1, 0]","{'n_estimators': 500, 'max_samples': 0.5, 'max_features': 0.5, 'bootstrap': False, 'bootstrap_features': True}",COMPLETE
1826,0.7645161287856399,2024-07-08 12:57:37.335242,2024-07-08 12:58:18.650245,0 days 00:00:41.315003,BaggingClassifier,Normalize_L1_1,,"[1, 0, 1, 1, 1, 0, 0, 0, 1, 1, 1, 0, 0, 0, 0, 1, 0, 1, 1, 0, 1, 1, 0, 1, 0, 0, 1, 0, 0, 1, 0, 1, 0, 0, 0, 1, 0, 0, 1, 0, 0, 1, 1, 0, 0, 1, 0, 0, 1]","{'n_estimators': 100, 'max_samples': 1.0, 'max_features': 0.5, 'bootstrap': False, 'bootstrap_features': True}",COMPLETE
1827,0.7612903223350675,2024-07-08 12:57:37.464242,2024-07-08 12:58:17.070253,0 days 00:00:39.606011,BaggingClassifier,Normalize_L1_1,,"[0, 1, 1, 1, 1, 0, 1, 0, 0, 1, 1, 0, 1, 1, 0, 1, 0, 1, 1, 0, 1, 1, 1, 0, 0, 1, 1, 1, 0, 0, 1, 1, 0, 0, 1, 1, 0, 1, 1, 0, 0, 1, 0, 0, 0, 1, 1, 0, 1]","{'n_estimators': 50, 'max_samples': 1.0, 'max_features': 1.0, 'bootstrap': True, 'bootstrap_features': True}",COMPLETE
1828,0.5290322578938605,2024-07-08 12:57:40.435246,2024-07-08 12:58:07.328246,0 days 00:00:26.893000,BaggingClassifier,Normalize_L1_1,SMOTEENN,"[1, 1, 1, 0, 0, 1, 1, 0, 1, 0, 1, 1, 1, 0, 1, 1, 0, 0, 0, 0, 0, 1, 1, 1, 0, 0, 0, 1, 1, 0, 1, 0, 1, 0, 1, 0, 1, 0, 1, 0, 1, 1, 0, 0, 0, 1, 0, 0, 1]","{'n_estimators': 200, 'max_samples': 0.5, 'max_features': 0.1, 'bootstrap': True, 'bootstrap_features': True}",COMPLETE
1829,0.7774193545879292,2024-07-08 12:57:45.040241,2024-07-08 12:58:57.457243,0 days 00:01:12.417002,AdaBoostClassifier,Normalize_L1_1,,"[0, 0, 0, 1, 1, 0, 0, 0, 1, 1, 0, 1, 1, 0, 0, 0, 1, 1, 1, 1, 1, 0, 0, 1, 1, 1, 0, 0, 1, 0, 1, 0, 1, 0, 1, 1, 1, 1, 0, 0, 1, 1, 0, 1, 0, 0, 0, 0, 1]","{'n_estimators': 1000, 'learning_rate': 1.0, 'algorithm': 'SAMME.R'}",COMPLETE
1830,0.0,2024-07-08 12:57:45.687249,2024-07-08 12:58:08.948242,0 days 00:00:23.260993,MLPClassifier,,,,,COMPLETE
1831,0.7645161287856399,2024-07-08 12:57:48.382300,2024-07-08 12:58:57.108270,0 days 00:01:08.725970,BaggingClassifier,Normalize_L1_1,,"[1, 1, 1, 0, 0, 0, 1, 0, 1, 0, 1, 1, 1, 1, 0, 0, 1, 0, 1, 1, 1, 0, 1, 1, 1, 1, 0, 0, 0, 1, 0, 0, 1, 1, 0, 1, 0, 0, 0, 0, 1, 1, 1, 1, 1, 0, 1, 0, 1]","{'n_estimators': 1000, 'max_samples': 1.0, 'max_features': 1.0, 'bootstrap': True, 'bootstrap_features': False}",COMPLETE
1832,0.5774193546524453,2024-07-08 12:57:48.590272,2024-07-08 12:59:00.208243,0 days 00:01:11.617971,BaggingClassifier,Normalize_L1_1,RandomOverSampler,"[1, 0, 1, 1, 1, 0, 1, 0, 0, 1, 1, 1, 1, 1, 1, 0, 1, 1, 1, 0, 0, 0, 0, 1, 0, 0, 1, 1, 0, 0, 1, 1, 1, 0, 1, 0, 0, 1, 1, 0, 0, 0, 0, 1, 0, 0, 1, 1, 1]","{'n_estimators': 1000, 'max_samples': 0.1, 'max_features': 0.5, 'bootstrap': True, 'bootstrap_features': True}",COMPLETE
1833,0.483870967585848,2024-07-08 12:57:51.214250,2024-07-08 12:58:22.876244,0 days 00:00:31.661994,AdaBoostClassifier,Normalize_L1_0,RandomUnderSampler,"[1, 1, 0, 0, 1, 0, 1, 1, 0, 1, 0, 0, 1, 0, 1, 0, 1, 0, 1, 0, 0, 1, 1, 0, 0, 0, 1, 1, 0, 1, 0, 0, 1, 1, 1, 0, 1, 0, 0, 1, 1, 1, 0, 1, 0, 1, 0, 0, 1]","{'n_estimators': 200, 'learning_rate': 0.1, 'algorithm': 'SAMME'}",COMPLETE
1834,0.7741935481373569,2024-07-08 12:57:52.425244,2024-07-08 12:58:16.736247,0 days 00:00:24.311003,BaggingClassifier,Normalize_L1_1,,"[0, 0, 0, 1, 1, 0, 0, 1, 0, 0, 0, 0, 0, 0, 0, 0, 1, 0, 0, 0, 1, 0, 0, 0, 0, 1, 0, 0, 1, 1, 0, 0, 1, 0, 1, 0, 0, 0, 0, 0, 1, 0, 0, 1, 1, 1, 1, 1, 0]","{'n_estimators': 200, 'max_samples': 0.5, 'max_features': 0.1, 'bootstrap': False, 'bootstrap_features': False}",COMPLETE
1835,0.3806451611675338,2024-07-08 12:57:54.107241,2024-07-08 12:58:49.657273,0 days 00:00:55.550032,BaggingClassifier,Normalize_L1_1,SMOTE,"[0, 1, 0, 1, 0, 0, 0, 0, 0, 1, 1, 0, 0, 1, 1, 1, 0, 1, 1, 0, 1, 0, 1, 0, 0, 1, 1, 0, 0, 1, 0, 0, 1, 1, 0, 1, 1, 1, 1, 1, 0, 0, 1, 0, 0, 0, 0, 1, 1]","{'n_estimators': 50, 'max_samples': 1.0, 'max_features': 1.0, 'bootstrap': False, 'bootstrap_features': True}",COMPLETE
1836,0.7774193545879292,2024-07-08 12:57:55.342244,2024-07-08 12:58:31.569244,0 days 00:00:36.227000,AdaBoostClassifier,Normalize_L1_0,,"[1, 1, 0, 1, 0, 1, 0, 1, 1, 0, 1, 0, 0, 0, 1, 0, 0, 0, 1, 0, 1, 1, 0, 0, 1, 1, 1, 0, 1, 0, 0, 0, 1, 1, 1, 0, 1, 1, 0, 0, 0, 0, 0, 1, 0, 0, 1, 0, 1]","{'n_estimators': 500, 'learning_rate': 1.0, 'algorithm': 'SAMME.R'}",COMPLETE
1837,0.7935483868407908,2024-07-08 12:57:58.717244,2024-07-08 12:58:20.288244,0 days 00:00:21.571000,AdaBoostClassifier,Normalize_L1_1,,"[1, 1, 0, 0, 0, 1, 1, 0, 1, 1, 0, 0, 1, 0, 1, 1, 1, 1, 1, 0, 0, 0, 0, 0, 1, 1, 1, 1, 1, 1, 1, 0, 1, 0, 0, 1, 0, 0, 1, 0, 0, 0, 0, 0, 0, 1, 0, 1, 0]","{'n_estimators': 100, 'learning_rate': 0.1, 'algorithm': 'SAMME'}",COMPLETE
