number,value,datetime_start,datetime_complete,duration,params_model,params_normTechnique,params_sampleTechnique,user_attrs_binIndices,user_attrs_hyperparams,state
161,0.31290322570551504,2024-07-08 12:35:12.390876,2024-07-08 12:35:22.185872,0 days 00:00:09.794996,XGBClassifier,Normalize_L2_0,BorderlineSMOTE,"[1, 0, 0, 0, 0, 1, 0, 1, 1, 0, 0, 0, 0, 1, 1, 1, 0, 1, 0, 1, 0, 1, 1, 1, 0, 0, 0, 1, 0, 1, 1, 0, 1, 1, 1, 1, 1, 0, 0, 0, 1, 0, 0, 0, 1, 0, 1, 1, 1]","{'n_estimators': 50, 'learning_rate': 0.01, 'max_depth': 7, 'min_child_weight': 5, 'subsample': 0.7, 'colsample_bytree': 0.5, 'gamma': 0.0, 'reg_alpha': 0.1, 'reg_lambda': 0.0}",COMPLETE
162,0.32258064505723205,2024-07-08 12:35:12.435877,2024-07-08 12:35:18.264873,0 days 00:00:05.828996,XGBClassifier,Normalize_L2_0,SMOTETomek,"[0, 1, 1, 1, 0, 1, 0, 1, 1, 0, 0, 1, 0, 0, 0, 1, 1, 0, 0, 1, 1, 0, 0, 0, 1, 0, 1, 0, 0, 0, 0, 1, 0, 0, 1, 0, 1, 1, 0, 1, 1, 0, 0, 1, 1, 0, 1, 0, 0]","{'n_estimators': 100, 'learning_rate': 0.1, 'max_depth': 7, 'min_child_weight': 10, 'subsample': 0.7, 'colsample_bytree': 0.5, 'gamma': 0.5, 'reg_alpha': 0.0, 'reg_lambda': 0.1}",COMPLETE
163,0.7935483868407908,2024-07-08 12:35:12.785873,2024-07-08 12:35:23.656876,0 days 00:00:10.871003,XGBClassifier,Normalize_L2_0,BorderlineSMOTE,"[0, 0, 1, 0, 0, 0, 0, 0, 1, 0, 1, 1, 1, 0, 1, 1, 1, 0, 0, 0, 1, 1, 1, 1, 1, 0, 1, 0, 1, 0, 0, 1, 0, 0, 0, 1, 0, 1, 0, 0, 0, 1, 1, 0, 0, 0, 0, 1, 1]","{'n_estimators': 100, 'learning_rate': 10.0, 'max_depth': 9, 'min_child_weight': 10, 'subsample': 0.5, 'colsample_bytree': 0.5, 'gamma': 1.0, 'reg_alpha': 0.1, 'reg_lambda': 1.0}",COMPLETE
164,0.32903225795837665,2024-07-08 12:35:13.018872,2024-07-08 12:35:21.252874,0 days 00:00:08.234002,XGBClassifier,Normalize_L2_0,SMOTETomek,"[1, 0, 0, 0, 0, 1, 0, 1, 0, 1, 0, 0, 0, 1, 1, 0, 1, 1, 1, 0, 0, 1, 0, 1, 1, 1, 0, 1, 1, 0, 1, 0, 0, 0, 1, 0, 0, 1, 0, 0, 1, 1, 0, 1, 1, 0, 0, 1, 0]","{'n_estimators': 100, 'learning_rate': 0.01, 'max_depth': 7, 'min_child_weight': 1, 'subsample': 1.0, 'colsample_bytree': 1.0, 'gamma': 0.5, 'reg_alpha': 0.0, 'reg_lambda': 0.1}",COMPLETE
165,0.7935483868407908,2024-07-08 12:35:13.975872,2024-07-08 12:35:21.249876,0 days 00:00:07.274004,XGBClassifier,Normalize_L2_0,,"[1, 0, 0, 1, 0, 1, 0, 0, 0, 1, 0, 1, 1, 1, 1, 1, 0, 1, 1, 1, 1, 1, 1, 1, 1, 0, 1, 1, 1, 1, 1, 0, 0, 0, 0, 1, 0, 0, 0, 1, 0, 0, 1, 1, 1, 0, 0, 0, 1]","{'n_estimators': 50, 'learning_rate': 10.0, 'max_depth': 3, 'min_child_weight': 1, 'subsample': 0.5, 'colsample_bytree': 1.0, 'gamma': 0.1, 'reg_alpha': 0.0, 'reg_lambda': 1.0}",COMPLETE
166,0.3806451611675338,2024-07-08 12:35:14.882872,2024-07-08 12:35:23.394877,0 days 00:00:08.512005,XGBClassifier,Normalize_L2_0,BorderlineSMOTE,"[1, 0, 1, 0, 1, 1, 1, 1, 0, 1, 0, 0, 0, 1, 1, 1, 1, 1, 0, 0, 1, 0, 0, 0, 0, 1, 0, 0, 0, 0, 1, 1, 1, 0, 0, 1, 0, 1, 1, 1, 0, 1, 0, 0, 0, 0, 0, 1, 0]","{'n_estimators': 100, 'learning_rate': 0.1, 'max_depth': 7, 'min_child_weight': 1, 'subsample': 1.0, 'colsample_bytree': 0.5, 'gamma': 0.1, 'reg_alpha': 0.1, 'reg_lambda': 1.0}",COMPLETE
167,0.36129032246409987,2024-07-08 12:35:15.053872,2024-07-08 12:35:20.469877,0 days 00:00:05.416005,XGBClassifier,Normalize_L2_0,SMOTETomek,"[1, 1, 1, 1, 0, 0, 1, 0, 0, 1, 1, 1, 1, 0, 1, 1, 0, 1, 0, 0, 1, 0, 1, 0, 1, 1, 1, 1, 0, 1, 0, 0, 0, 0, 0, 0, 1, 1, 1, 1, 0, 0, 1, 1, 1, 1, 0, 1, 0]","{'n_estimators': 100, 'learning_rate': 1.0, 'max_depth': 3, 'min_child_weight': 10, 'subsample': 0.5, 'colsample_bytree': 0.7, 'gamma': 1.0, 'reg_alpha': 0.1, 'reg_lambda': 1.0}",COMPLETE
168,0.3516129031123829,2024-07-08 12:35:16.089873,2024-07-08 12:35:22.056877,0 days 00:00:05.967004,XGBClassifier,Normalize_L2_0,BorderlineSMOTE,"[0, 1, 0, 0, 0, 0, 0, 0, 0, 0, 1, 1, 1, 1, 0, 1, 1, 1, 1, 0, 0, 0, 0, 1, 1, 0, 0, 1, 1, 0, 1, 0, 1, 0, 0, 1, 0, 1, 0, 0, 1, 0, 1, 0, 1, 1, 1, 0, 1]","{'n_estimators': 200, 'learning_rate': 10.0, 'max_depth': 5, 'min_child_weight': 1, 'subsample': 0.7, 'colsample_bytree': 1.0, 'gamma': 0.0, 'reg_alpha': 0.0, 'reg_lambda': 1.0}",COMPLETE
169,0.7935483868407908,2024-07-08 12:35:16.141880,2024-07-08 12:35:26.819872,0 days 00:00:10.677992,XGBClassifier,Normalize_L1_1,,"[0, 0, 0, 0, 1, 0, 1, 1, 1, 0, 0, 1, 1, 1, 0, 1, 1, 0, 0, 0, 0, 1, 0, 1, 1, 1, 1, 0, 0, 1, 1, 1, 0, 1, 1, 0, 0, 0, 0, 1, 1, 1, 0, 1, 0, 0, 0, 0, 1]","{'n_estimators': 10, 'learning_rate': 0.01, 'max_depth': 3, 'min_child_weight': 5, 'subsample': 0.7, 'colsample_bytree': 0.7, 'gamma': 0.5, 'reg_alpha': 0.0, 'reg_lambda': 0.1}",COMPLETE
170,0.45161290308012486,2024-07-08 12:35:16.751874,2024-07-08 12:35:27.617873,0 days 00:00:10.865999,XGBClassifier,MinMaxScaler,,"[0, 1, 0, 0, 1, 1, 0, 1, 0, 1, 1, 0, 0, 1, 1, 0, 1, 1, 0, 0, 0, 1, 0, 1, 1, 1, 0, 0, 1, 1, 1, 0, 1, 0, 1, 0, 1, 1, 1, 1, 1, 1, 0, 1, 1, 1, 1, 0, 0]","{'n_estimators': 10, 'learning_rate': 10.0, 'max_depth': 9, 'min_child_weight': 1, 'subsample': 0.5, 'colsample_bytree': 0.5, 'gamma': 0.5, 'reg_alpha': 1.0, 'reg_lambda': 0.1}",COMPLETE
171,0.6935483868730489,2024-07-08 12:35:16.805875,2024-07-08 12:35:32.342875,0 days 00:00:15.537000,XGBClassifier,Normalize_L1_1,,"[1, 1, 1, 0, 1, 1, 1, 0, 1, 1, 0, 1, 1, 1, 1, 0, 1, 1, 1, 1, 1, 1, 1, 0, 1, 1, 0, 1, 1, 0, 1, 0, 0, 1, 0, 0, 1, 0, 0, 1, 1, 1, 0, 0, 0, 0, 1, 0, 0]","{'n_estimators': 1000, 'learning_rate': 0.5, 'max_depth': 3, 'min_child_weight': 3, 'subsample': 0.5, 'colsample_bytree': 1.0, 'gamma': 1.0, 'reg_alpha': 1.0, 'reg_lambda': 0.0}",COMPLETE
172,0.34193548376066596,2024-07-08 12:35:16.908873,2024-07-08 12:35:25.939872,0 days 00:00:09.030999,XGBClassifier,Normalize_L2_0,BorderlineSMOTE,"[1, 0, 1, 0, 1, 0, 0, 0, 1, 0, 1, 0, 0, 1, 1, 1, 1, 1, 1, 0, 1, 1, 1, 1, 1, 0, 0, 0, 0, 1, 0, 0, 1, 1, 0, 0, 1, 0, 1, 0, 0, 1, 1, 1, 0, 1, 0, 1, 0]","{'n_estimators': 200, 'learning_rate': 0.5, 'max_depth': 5, 'min_child_weight': 5, 'subsample': 0.5, 'colsample_bytree': 0.5, 'gamma': 0.5, 'reg_alpha': 1.0, 'reg_lambda': 0.1}",COMPLETE
173,0.8064516126430801,2024-07-08 12:35:17.400872,2024-07-08 12:35:26.638874,0 days 00:00:09.238002,XGBClassifier,Normalize_L1_1,,"[0, 1, 0, 1, 1, 1, 1, 0, 0, 0, 0, 1, 1, 1, 1, 0, 1, 1, 0, 1, 0, 1, 1, 0, 0, 0, 0, 1, 1, 0, 0, 1, 1, 0, 0, 1, 0, 1, 0, 0, 0, 1, 0, 1, 0, 0, 1, 0, 0]","{'n_estimators': 100, 'learning_rate': 0.01, 'max_depth': 9, 'min_child_weight': 10, 'subsample': 0.5, 'colsample_bytree': 1.0, 'gamma': 0.1, 'reg_alpha': 0.0, 'reg_lambda': 0.0}",COMPLETE
174,0.43870967727783555,2024-07-08 12:35:17.511872,2024-07-08 12:35:23.535876,0 days 00:00:06.024004,XGBClassifier,Normalize_L2_0,,"[0, 0, 0, 1, 1, 0, 0, 0, 0, 0, 0, 0, 0, 0, 0, 1, 0, 0, 1, 0, 1, 0, 0, 1, 0, 1, 1, 1, 0, 1, 1, 1, 1, 0, 0, 1, 1, 0, 0, 0, 1, 1, 1, 0, 1, 1, 1, 1, 1]","{'n_estimators': 1000, 'learning_rate': 10.0, 'max_depth': 5, 'min_child_weight': 1, 'subsample': 0.5, 'colsample_bytree': 0.7, 'gamma': 0.0, 'reg_alpha': 0.1, 'reg_lambda': 1.0}",COMPLETE
175,0.7709677416867845,2024-07-08 12:35:17.570872,2024-07-08 12:35:28.184871,0 days 00:00:10.613999,XGBClassifier,Normalize_L1_1,,"[1, 1, 0, 0, 0, 1, 1, 0, 0, 1, 0, 1, 1, 1, 0, 0, 0, 0, 1, 0, 1, 1, 1, 0, 0, 1, 0, 0, 0, 0, 1, 0, 0, 0, 1, 0, 0, 1, 0, 0, 0, 0, 1, 1, 0, 0, 0, 0, 0]","{'n_estimators': 10, 'learning_rate': 1.0, 'max_depth': 7, 'min_child_weight': 10, 'subsample': 0.7, 'colsample_bytree': 1.0, 'gamma': 0.5, 'reg_alpha': 0.1, 'reg_lambda': 0.1}",COMPLETE
176,0.3032258063537981,2024-07-08 12:35:17.874874,2024-07-08 12:35:24.772874,0 days 00:00:06.898000,XGBClassifier,Normalize_L2_0,BorderlineSMOTE,"[1, 0, 0, 0, 1, 0, 1, 1, 1, 1, 0, 0, 1, 1, 0, 1, 0, 1, 0, 0, 1, 1, 1, 1, 1, 1, 0, 1, 1, 1, 0, 0, 1, 1, 1, 0, 0, 0, 0, 0, 0, 1, 0, 1, 1, 1, 0, 1, 0]","{'n_estimators': 500, 'learning_rate': 0.1, 'max_depth': 5, 'min_child_weight': 10, 'subsample': 1.0, 'colsample_bytree': 1.0, 'gamma': 0.1, 'reg_alpha': 0.1, 'reg_lambda': 0.0}",COMPLETE
177,0.5677419353007284,2024-07-08 12:35:18.022872,2024-07-08 12:35:25.910874,0 days 00:00:07.888002,XGBClassifier,MinMaxScaler,BorderlineSMOTE,"[0, 1, 1, 1, 0, 1, 1, 1, 0, 0, 1, 1, 1, 1, 0, 0, 0, 0, 0, 0, 0, 0, 1, 1, 1, 1, 0, 1, 0, 1, 1, 1, 1, 1, 0, 0, 1, 1, 0, 1, 0, 1, 1, 1, 0, 1, 0, 0, 0]","{'n_estimators': 200, 'learning_rate': 0.01, 'max_depth': 9, 'min_child_weight': 3, 'subsample': 1.0, 'colsample_bytree': 0.5, 'gamma': 0.1, 'reg_alpha': 0.1, 'reg_lambda': 0.0}",COMPLETE
178,0.4677419353329864,2024-07-08 12:35:18.603874,2024-07-08 12:35:27.379872,0 days 00:00:08.775998,XGBClassifier,StandardScaler,,"[1, 0, 1, 0, 0, 1, 1, 1, 1, 1, 0, 1, 1, 0, 0, 0, 0, 1, 1, 0, 0, 1, 0, 1, 0, 1, 0, 0, 1, 0, 1, 1, 0, 1, 0, 1, 1, 1, 1, 1, 1, 0, 0, 1, 0, 0, 1, 1, 1]","{'n_estimators': 200, 'learning_rate': 10.0, 'max_depth': 7, 'min_child_weight': 5, 'subsample': 1.0, 'colsample_bytree': 0.7, 'gamma': 0.0, 'reg_alpha': 0.0, 'reg_lambda': 0.1}",COMPLETE
179,0.7677419352362123,2024-07-08 12:35:18.757873,2024-07-08 12:35:26.545873,0 days 00:00:07.788000,XGBClassifier,Normalize_L1_1,,"[0, 1, 1, 1, 1, 1, 1, 1, 0, 1, 1, 1, 1, 0, 1, 1, 0, 1, 0, 1, 1, 1, 1, 1, 1, 0, 0, 0, 1, 1, 1, 0, 0, 1, 0, 0, 1, 0, 1, 0, 1, 1, 1, 0, 0, 1, 0, 0, 0]","{'n_estimators': 50, 'learning_rate': 0.1, 'max_depth': 7, 'min_child_weight': 3, 'subsample': 0.5, 'colsample_bytree': 1.0, 'gamma': 0.1, 'reg_alpha': 0.1, 'reg_lambda': 0.1}",COMPLETE
180,0.7935483868407908,2024-07-08 12:35:19.082873,2024-07-08 12:35:28.409872,0 days 00:00:09.326999,XGBClassifier,Normalize_L1_1,,"[0, 0, 0, 1, 1, 1, 0, 1, 1, 1, 0, 0, 1, 0, 1, 0, 1, 1, 0, 1, 0, 0, 1, 0, 0, 1, 1, 0, 0, 1, 1, 0, 0, 0, 0, 0, 1, 1, 1, 1, 0, 1, 0, 0, 0, 1, 1, 0, 1]","{'n_estimators': 500, 'learning_rate': 10.0, 'max_depth': 9, 'min_child_weight': 5, 'subsample': 0.5, 'colsample_bytree': 0.7, 'gamma': 0.5, 'reg_alpha': 0.1, 'reg_lambda': 1.0}",COMPLETE
181,0.7935483868407908,2024-07-08 12:35:19.698872,2024-07-08 12:35:40.777318,0 days 00:00:21.078446,XGBClassifier,StandardScaler,,"[1, 0, 0, 1, 1, 1, 1, 1, 1, 0, 0, 1, 0, 0, 1, 1, 1, 1, 1, 0, 0, 1, 0, 1, 1, 1, 0, 0, 0, 1, 0, 0, 0, 1, 0, 0, 0, 1, 1, 0, 1, 1, 0, 1, 1, 0, 0, 0, 0]","{'n_estimators': 200, 'learning_rate': 0.5, 'max_depth': 3, 'min_child_weight': 5, 'subsample': 1.0, 'colsample_bytree': 0.5, 'gamma': 1.0, 'reg_alpha': 0.0, 'reg_lambda': 0.0}",COMPLETE
182,0.7612903223350675,2024-07-08 12:35:19.751882,2024-07-08 12:35:29.290871,0 days 00:00:09.538989,XGBClassifier,Normalize_L1_1,,"[0, 1, 0, 1, 1, 1, 1, 1, 0, 1, 1, 1, 0, 0, 0, 0, 1, 1, 0, 1, 0, 0, 0, 1, 1, 1, 0, 1, 0, 1, 0, 0, 0, 0, 0, 0, 1, 1, 0, 1, 0, 0, 1, 1, 1, 0, 0, 1, 0]","{'n_estimators': 100, 'learning_rate': 0.5, 'max_depth': 3, 'min_child_weight': 10, 'subsample': 1.0, 'colsample_bytree': 0.5, 'gamma': 0.0, 'reg_alpha': 0.1, 'reg_lambda': 1.0}",COMPLETE
183,0.7419354836316336,2024-07-08 12:35:20.247872,2024-07-08 12:35:27.849872,0 days 00:00:07.602000,XGBClassifier,Normalize_L1_1,,"[1, 0, 1, 1, 0, 0, 1, 1, 0, 1, 1, 1, 0, 1, 1, 1, 0, 0, 0, 0, 0, 0, 1, 0, 1, 1, 0, 0, 1, 1, 0, 1, 0, 0, 1, 1, 1, 0, 0, 0, 1, 0, 0, 0, 1, 0, 0, 1, 0]","{'n_estimators': 100, 'learning_rate': 0.5, 'max_depth': 9, 'min_child_weight': 1, 'subsample': 0.7, 'colsample_bytree': 0.7, 'gamma': 1.0, 'reg_alpha': 1.0, 'reg_lambda': 0.1}",COMPLETE
184,0.7967741932913631,2024-07-08 12:35:20.342873,2024-07-08 12:35:26.687872,0 days 00:00:06.344999,XGBClassifier,StandardScaler,,"[0, 0, 0, 1, 1, 0, 1, 1, 1, 1, 1, 1, 0, 1, 1, 0, 0, 0, 1, 1, 0, 1, 1, 1, 0, 0, 0, 1, 1, 1, 0, 0, 1, 1, 0, 1, 1, 1, 1, 0, 0, 0, 1, 1, 0, 0, 0, 1, 1]","{'n_estimators': 500, 'learning_rate': 0.1, 'max_depth': 7, 'min_child_weight': 5, 'subsample': 0.7, 'colsample_bytree': 1.0, 'gamma': 1.0, 'reg_alpha': 1.0, 'reg_lambda': 0.1}",COMPLETE
185,0.5709677417513007,2024-07-08 12:35:20.425875,2024-07-08 12:35:50.153311,0 days 00:00:29.727436,GradientBoostingClassifier,StandardScaler,SMOTEENN,"[0, 1, 0, 0, 1, 1, 0, 0, 0, 0, 1, 0, 0, 0, 0, 1, 0, 0, 0, 0, 1, 1, 0, 0, 0, 1, 0, 1, 0, 0, 0, 0, 0, 1, 1, 1, 1, 1, 1, 0, 1, 1, 1, 1, 1, 1, 1, 1, 0]","{'n_estimators': 200, 'learning_rate': 0.5, 'max_depth': 7, 'min_samples_split': 10, 'min_samples_leaf': 5, 'subsample': 1.0, 'max_features': 'log2'}",COMPLETE
186,0.42258064502497394,2024-07-08 12:35:20.524872,2024-07-08 12:35:31.245874,0 days 00:00:10.721002,XGBClassifier,Normalize_L1_1,,"[1, 1, 0, 0, 0, 1, 1, 0, 0, 1, 0, 1, 0, 1, 0, 0, 0, 0, 0, 1, 1, 0, 0, 0, 0, 0, 0, 0, 1, 1, 0, 1, 0, 0, 0, 0, 1, 0, 1, 1, 1, 1, 1, 1, 0, 0, 1, 1, 1]","{'n_estimators': 1000, 'learning_rate': 10.0, 'max_depth': 5, 'min_child_weight': 10, 'subsample': 0.7, 'colsample_bytree': 0.5, 'gamma': 0.0, 'reg_alpha': 0.0, 'reg_lambda': 0.0}",COMPLETE
187,0.7935483868407908,2024-07-08 12:35:20.917874,2024-07-08 12:35:26.581877,0 days 00:00:05.664003,XGBClassifier,MinMaxScaler,,"[1, 0, 0, 0, 0, 1, 0, 0, 0, 1, 0, 0, 0, 0, 1, 1, 1, 1, 1, 0, 1, 0, 0, 1, 1, 1, 0, 1, 0, 1, 1, 1, 1, 1, 0, 1, 0, 0, 1, 1, 0, 1, 0, 1, 1, 1, 1, 1, 0]","{'n_estimators': 10, 'learning_rate': 0.01, 'max_depth': 7, 'min_child_weight': 10, 'subsample': 0.5, 'colsample_bytree': 0.5, 'gamma': 0.5, 'reg_alpha': 0.1, 'reg_lambda': 0.0}",COMPLETE
188,0.674193548169615,2024-07-08 12:35:21.029875,2024-07-08 12:35:28.740876,0 days 00:00:07.711001,XGBClassifier,Normalize_L1_1,,"[0, 1, 0, 0, 1, 1, 1, 0, 1, 0, 1, 1, 0, 1, 0, 1, 0, 0, 0, 0, 1, 0, 0, 1, 0, 0, 1, 1, 1, 0, 1, 0, 1, 1, 1, 0, 0, 0, 1, 0, 1, 0, 0, 1, 1, 1, 1, 1, 0]","{'n_estimators': 50, 'learning_rate': 1.0, 'max_depth': 5, 'min_child_weight': 5, 'subsample': 0.7, 'colsample_bytree': 0.5, 'gamma': 0.5, 'reg_alpha': 0.0, 'reg_lambda': 0.0}",COMPLETE
189,0.7935483868407908,2024-07-08 12:35:21.186874,2024-07-08 12:35:34.423874,0 days 00:00:13.237000,XGBClassifier,StandardScaler,,"[1, 0, 1, 1, 0, 0, 1, 0, 1, 0, 0, 0, 0, 0, 0, 1, 1, 0, 0, 0, 1, 1, 0, 1, 1, 0, 1, 0, 1, 0, 1, 1, 1, 1, 1, 1, 1, 0, 1, 0, 1, 1, 0, 1, 0, 0, 0, 1, 0]","{'n_estimators': 500, 'learning_rate': 0.01, 'max_depth': 3, 'min_child_weight': 10, 'subsample': 0.5, 'colsample_bytree': 1.0, 'gamma': 0.1, 'reg_alpha': 1.0, 'reg_lambda': 0.1}",COMPLETE
190,0.745161290082206,2024-07-08 12:35:21.357876,2024-07-08 12:35:32.253874,0 days 00:00:10.895998,XGBClassifier,Normalize_L1_1,,"[1, 0, 1, 1, 0, 1, 0, 0, 0, 1, 1, 1, 1, 0, 1, 0, 0, 1, 0, 0, 0, 1, 1, 1, 1, 1, 1, 1, 0, 1, 1, 1, 0, 0, 0, 1, 0, 1, 1, 1, 0, 0, 1, 1, 0, 0, 0, 1, 0]","{'n_estimators': 1000, 'learning_rate': 0.1, 'max_depth': 5, 'min_child_weight': 10, 'subsample': 0.5, 'colsample_bytree': 0.7, 'gamma': 0.1, 'reg_alpha': 0.0, 'reg_lambda': 0.1}",COMPLETE
191,0.7935483868407908,2024-07-08 12:35:22.250873,2024-07-08 12:35:38.658340,0 days 00:00:16.407467,AdaBoostClassifier,StandardScaler,,"[1, 1, 1, 0, 0, 0, 0, 0, 0, 0, 1, 0, 1, 0, 0, 0, 1, 1, 0, 0, 0, 0, 0, 0, 0, 1, 0, 0, 0, 1, 0, 1, 0, 1, 0, 1, 0, 1, 1, 0, 0, 1, 1, 1, 0, 1, 1, 0, 0]","{'n_estimators': 200, 'learning_rate': 0.01, 'algorithm': 'SAMME'}",COMPLETE
192,0.7935483868407908,2024-07-08 12:35:22.429875,2024-07-08 12:35:59.560329,0 days 00:00:37.130454,AdaBoostClassifier,StandardScaler,,"[0, 0, 0, 0, 1, 0, 0, 1, 1, 1, 1, 0, 0, 0, 0, 0, 1, 0, 0, 0, 0, 1, 0, 0, 1, 1, 0, 1, 0, 1, 1, 0, 1, 0, 1, 0, 0, 0, 0, 1, 0, 1, 0, 0, 0, 1, 1, 1, 1]","{'n_estimators': 1000, 'learning_rate': 0.01, 'algorithm': 'SAMME.R'}",COMPLETE
193,0.7580645158844953,2024-07-08 12:35:22.511872,2024-07-08 12:35:27.893872,0 days 00:00:05.382000,XGBClassifier,Normalize_L1_1,,"[0, 1, 1, 1, 0, 1, 1, 0, 1, 1, 1, 1, 0, 0, 1, 0, 1, 0, 0, 0, 0, 0, 0, 0, 0, 0, 0, 1, 1, 0, 0, 0, 1, 0, 1, 0, 0, 0, 0, 1, 1, 0, 1, 1, 1, 1, 0, 1, 0]","{'n_estimators': 50, 'learning_rate': 0.5, 'max_depth': 9, 'min_child_weight': 1, 'subsample': 1.0, 'colsample_bytree': 0.7, 'gamma': 0.5, 'reg_alpha': 1.0, 'reg_lambda': 0.1}",COMPLETE
194,0.5580645159490114,2024-07-08 12:35:22.575876,2024-07-08 12:36:01.250345,0 days 00:00:38.674469,GradientBoostingClassifier,Normalize_L2_0,,"[1, 0, 1, 1, 0, 1, 0, 0, 0, 0, 1, 1, 0, 0, 1, 1, 1, 1, 1, 0, 0, 0, 1, 0, 0, 0, 1, 1, 1, 1, 0, 1, 0, 1, 0, 1, 0, 1, 0, 0, 1, 1, 0, 0, 1, 0, 1, 0, 0]","{'n_estimators': 200, 'learning_rate': 10.0, 'max_depth': 3, 'min_samples_split': 10, 'min_samples_leaf': 50, 'subsample': 0.7, 'max_features': None}",COMPLETE
195,0.40322580632154004,2024-07-08 12:35:22.990876,2024-07-08 12:36:00.371344,0 days 00:00:37.380468,GradientBoostingClassifier,MaxAbsScaler,,"[1, 1, 1, 1, 0, 1, 1, 1, 0, 0, 0, 0, 0, 1, 0, 0, 0, 0, 1, 1, 1, 0, 1, 0, 0, 0, 0, 0, 1, 0, 0, 1, 0, 1, 1, 1, 0, 0, 1, 1, 1, 1, 0, 0, 0, 0, 0, 0, 1]","{'n_estimators': 50, 'learning_rate': 10.0, 'max_depth': 5, 'min_samples_split': 5, 'min_samples_leaf': 5, 'subsample': 0.7, 'max_features': 'log2'}",COMPLETE
196,0.6838709675213319,2024-07-08 12:35:23.059872,2024-07-08 12:35:51.084316,0 days 00:00:28.024444,GradientBoostingClassifier,StandardScaler,,"[1, 0, 0, 0, 0, 1, 0, 0, 0, 1, 0, 0, 1, 1, 1, 0, 1, 1, 0, 1, 0, 1, 1, 1, 0, 0, 1, 0, 0, 1, 0, 0, 1, 1, 1, 0, 1, 1, 0, 0, 0, 1, 1, 1, 1, 1, 0, 0, 1]","{'n_estimators': 100, 'learning_rate': 1.0, 'max_depth': 3, 'min_samples_split': 100, 'min_samples_leaf': 1, 'subsample': 0.7, 'max_features': None}",COMPLETE
197,0.7935483868407908,2024-07-08 12:35:23.328875,2024-07-08 12:35:33.282873,0 days 00:00:09.953998,XGBClassifier,Normalize_L1_1,,"[1, 1, 0, 1, 1, 1, 1, 1, 0, 1, 1, 0, 1, 1, 1, 1, 1, 1, 0, 1, 1, 1, 0, 1, 1, 1, 1, 1, 0, 1, 0, 1, 1, 0, 1, 0, 0, 0, 1, 0, 0, 1, 1, 1, 0, 0, 1, 0, 0]","{'n_estimators': 1000, 'learning_rate': 10.0, 'max_depth': 3, 'min_child_weight': 10, 'subsample': 0.7, 'colsample_bytree': 0.7, 'gamma': 0.1, 'reg_alpha': 0.0, 'reg_lambda': 0.0}",COMPLETE
198,0.7580645158844953,2024-07-08 12:35:23.699874,2024-07-08 12:36:00.976363,0 days 00:00:37.276489,GradientBoostingClassifier,StandardScaler,,"[0, 0, 0, 0, 0, 1, 1, 0, 1, 1, 0, 0, 1, 0, 1, 1, 0, 1, 1, 1, 0, 1, 1, 0, 0, 0, 1, 0, 0, 1, 1, 0, 0, 1, 1, 1, 1, 1, 1, 1, 0, 0, 1, 1, 1, 1, 0, 0, 0]","{'n_estimators': 1000, 'learning_rate': 0.01, 'max_depth': 7, 'min_samples_split': 100, 'min_samples_leaf': 5, 'subsample': 0.7, 'max_features': 'log2'}",COMPLETE
199,0.593548386905307,2024-07-08 12:35:23.770876,2024-07-08 12:35:53.013315,0 days 00:00:29.242439,GradientBoostingClassifier,MaxAbsScaler,SMOTEENN,"[0, 0, 0, 1, 0, 0, 0, 1, 1, 1, 1, 0, 1, 1, 0, 0, 0, 1, 0, 1, 1, 1, 1, 1, 1, 0, 0, 0, 0, 1, 0, 0, 1, 1, 0, 0, 1, 0, 0, 0, 1, 1, 0, 1, 0, 1, 1, 1, 0]","{'n_estimators': 10, 'learning_rate': 0.5, 'max_depth': 7, 'min_samples_split': 100, 'min_samples_leaf': 5, 'subsample': 0.7, 'max_features': 'log2'}",COMPLETE
200,0.7935483868407908,2024-07-08 12:35:23.913872,2024-07-08 12:35:52.812316,0 days 00:00:28.898444,GradientBoostingClassifier,StandardScaler,,"[0, 0, 1, 1, 1, 0, 0, 0, 1, 0, 1, 1, 1, 1, 1, 0, 1, 1, 1, 0, 1, 1, 1, 0, 1, 1, 0, 1, 0, 0, 0, 0, 1, 1, 0, 1, 1, 0, 1, 1, 1, 1, 1, 0, 0, 1, 1, 0, 1]","{'n_estimators': 50, 'learning_rate': 0.01, 'max_depth': 3, 'min_samples_split': 10, 'min_samples_leaf': 2, 'subsample': 0.5, 'max_features': None}",COMPLETE
201,0.0,2024-07-08 12:35:24.694875,2024-07-08 12:35:45.290312,0 days 00:00:20.595437,GradientBoostingClassifier,StandardScaler,,"[1, 0, 0, 0, 1, 0, 0, 0, 0, 1, 1, 0, 0, 0, 0, 1, 0, 1, 0, 0, 1, 0, 1, 1, 0, 1, 1, 1, 1, 0, 1, 1, 1, 1, 1, 0, 1, 1, 0, 1, 0, 0, 1, 0, 1, 0, 1, 0, 1]","{'n_estimators': 500, 'learning_rate': 0.01, 'max_depth': 3, 'min_samples_split': 10, 'min_samples_leaf': 2, 'subsample': 0.7, 'max_features': 'auto'}",COMPLETE
202,0.7935483868407908,2024-07-08 12:35:24.743873,2024-07-08 12:35:43.161313,0 days 00:00:18.417440,XGBClassifier,StandardScaler,,"[1, 0, 0, 0, 0, 0, 1, 1, 0, 1, 1, 1, 0, 0, 0, 1, 1, 1, 1, 1, 0, 0, 1, 0, 1, 0, 0, 1, 0, 0, 0, 0, 0, 0, 1, 1, 1, 0, 0, 0, 0, 1, 1, 1, 0, 0, 0, 1, 0]","{'n_estimators': 1000, 'learning_rate': 0.5, 'max_depth': 5, 'min_child_weight': 3, 'subsample': 1.0, 'colsample_bytree': 1.0, 'gamma': 0.5, 'reg_alpha': 0.1, 'reg_lambda': 0.1}",COMPLETE
203,0.635483870762747,2024-07-08 12:35:25.313877,2024-07-08 12:35:59.489337,0 days 00:00:34.175460,GradientBoostingClassifier,StandardScaler,SMOTEENN,"[0, 0, 1, 1, 1, 1, 0, 0, 0, 1, 0, 1, 0, 0, 1, 1, 1, 0, 1, 1, 0, 0, 1, 0, 1, 1, 1, 1, 1, 0, 1, 0, 0, 1, 0, 0, 1, 0, 0, 0, 0, 1, 1, 1, 1, 1, 0, 0, 1]","{'n_estimators': 1000, 'learning_rate': 0.5, 'max_depth': 9, 'min_samples_split': 10, 'min_samples_leaf': 50, 'subsample': 0.5, 'max_features': None}",COMPLETE
204,0.7322580642799167,2024-07-08 12:35:25.365874,2024-07-08 12:35:35.124875,0 days 00:00:09.759001,XGBClassifier,StandardScaler,,"[1, 0, 1, 0, 1, 1, 0, 1, 1, 0, 1, 0, 1, 1, 0, 0, 1, 1, 0, 0, 0, 1, 1, 0, 1, 0, 0, 0, 1, 1, 1, 1, 1, 1, 1, 1, 0, 1, 1, 0, 1, 0, 0, 0, 1, 0, 1, 1, 0]","{'n_estimators': 100, 'learning_rate': 0.5, 'max_depth': 5, 'min_child_weight': 5, 'subsample': 0.5, 'colsample_bytree': 0.7, 'gamma': 0.1, 'reg_alpha': 0.0, 'reg_lambda': 0.1}",COMPLETE
205,0.5870967740041623,2024-07-08 12:35:25.790873,2024-07-08 12:35:57.841314,0 days 00:00:32.050441,GradientBoostingClassifier,MaxAbsScaler,SMOTEENN,"[1, 1, 1, 1, 1, 1, 1, 0, 0, 1, 1, 0, 0, 0, 1, 1, 0, 1, 1, 1, 0, 0, 1, 1, 0, 0, 0, 1, 0, 1, 0, 1, 1, 0, 1, 0, 1, 0, 0, 1, 1, 1, 0, 1, 1, 0, 0, 0, 1]","{'n_estimators': 100, 'learning_rate': 0.01, 'max_depth': 3, 'min_samples_split': 10, 'min_samples_leaf': 100, 'subsample': 0.7, 'max_features': 'sqrt'}",COMPLETE
206,0.5419354836961499,2024-07-08 12:35:25.855873,2024-07-08 12:35:58.861327,0 days 00:00:33.005454,GradientBoostingClassifier,MaxAbsScaler,SMOTEENN,"[1, 1, 0, 0, 1, 0, 1, 1, 1, 0, 1, 1, 1, 1, 1, 0, 0, 0, 0, 1, 0, 1, 0, 1, 1, 0, 0, 1, 0, 0, 1, 1, 0, 1, 1, 1, 0, 0, 1, 1, 0, 0, 0, 0, 1, 1, 0, 0, 0]","{'n_estimators': 500, 'learning_rate': 0.01, 'max_depth': 3, 'min_samples_split': 2, 'min_samples_leaf': 1, 'subsample': 0.5, 'max_features': 'log2'}",COMPLETE
207,0.7935483868407908,2024-07-08 12:35:26.752876,2024-07-08 12:35:51.512340,0 days 00:00:24.759464,GradientBoostingClassifier,MaxAbsScaler,,"[1, 0, 1, 0, 0, 0, 0, 1, 1, 0, 1, 0, 0, 0, 0, 1, 0, 1, 1, 0, 0, 1, 1, 1, 0, 0, 1, 0, 1, 1, 0, 1, 1, 0, 1, 1, 0, 1, 1, 0, 1, 0, 1, 0, 0, 1, 0, 0, 0]","{'n_estimators': 200, 'learning_rate': 0.1, 'max_depth': 7, 'min_samples_split': 100, 'min_samples_leaf': 100, 'subsample': 0.7, 'max_features': 'log2'}",COMPLETE
