number,value,datetime_start,datetime_complete,duration,params_model,params_normTechnique,params_sampleTechnique,user_attrs_binIndices,user_attrs_hyperparams,state
1025,0.7935483868407908,2024-07-08 12:44:09.559125,2024-07-08 12:44:29.748142,0 days 00:00:20.189017,XGBClassifier,StandardScaler,,"[0, 1, 1, 1, 1, 0, 0, 0, 0, 1, 1, 0, 0, 0, 0, 0, 0, 0, 0, 1, 0, 1, 0, 1, 0, 1, 1, 0, 0, 0, 1, 0, 0, 0, 0, 0, 1, 0, 1, 1, 1, 1, 1, 0, 1, 1, 0, 1, 1]","{'n_estimators': 100, 'learning_rate': 10.0, 'max_depth': 3, 'min_child_weight': 5, 'subsample': 0.7, 'colsample_bytree': 0.7, 'gamma': 1.0, 'reg_alpha': 0.1, 'reg_lambda': 1.0}",COMPLETE
1026,0.7838709674890738,2024-07-08 12:44:10.122137,2024-07-08 12:44:35.209138,0 days 00:00:25.087001,BaggingClassifier,StandardScaler,,"[0, 0, 0, 0, 1, 0, 1, 0, 1, 1, 0, 1, 1, 1, 0, 1, 1, 0, 1, 1, 1, 1, 0, 1, 1, 0, 0, 0, 1, 0, 1, 1, 1, 0, 1, 0, 1, 1, 1, 1, 1, 1, 1, 1, 1, 1, 1, 0, 1]","{'n_estimators': 50, 'max_samples': 0.1, 'max_features': 1.0, 'bootstrap': False, 'bootstrap_features': True}",COMPLETE
1027,0.6999999997741935,2024-07-08 12:44:10.423139,2024-07-08 12:44:42.066138,0 days 00:00:31.642999,XGBClassifier,Normalize_Max_0,,"[1, 0, 1, 0, 1, 1, 0, 1, 1, 0, 1, 1, 0, 0, 1, 0, 1, 0, 1, 0, 0, 1, 0, 1, 1, 1, 0, 1, 1, 1, 0, 1, 1, 1, 0, 1, 1, 0, 0, 0, 0, 1, 0, 1, 1, 0, 1, 1, 0]","{'n_estimators': 200, 'learning_rate': 0.5, 'max_depth': 9, 'min_child_weight': 3, 'subsample': 0.7, 'colsample_bytree': 0.5, 'gamma': 0.1, 'reg_alpha': 1.0, 'reg_lambda': 0.0}",COMPLETE
1028,0.7870967739396462,2024-07-08 12:44:10.721127,2024-07-08 12:44:35.975144,0 days 00:00:25.254017,XGBClassifier,Normalize_L2_1,,"[1, 1, 0, 1, 0, 1, 0, 1, 1, 1, 0, 1, 1, 1, 1, 0, 1, 0, 0, 0, 1, 1, 1, 1, 0, 0, 0, 0, 0, 1, 0, 0, 1, 1, 1, 0, 0, 1, 0, 0, 0, 1, 0, 0, 1, 1, 1, 0, 0]","{'n_estimators': 200, 'learning_rate': 0.01, 'max_depth': 5, 'min_child_weight': 1, 'subsample': 0.7, 'colsample_bytree': 0.7, 'gamma': 0.5, 'reg_alpha': 1.0, 'reg_lambda': 0.0}",COMPLETE
1029,0.32258064505723205,2024-07-08 12:44:11.909147,2024-07-08 12:45:18.862093,0 days 00:01:06.952946,BaggingClassifier,Normalize_L2_1,BorderlineSMOTE,"[0, 1, 1, 0, 0, 1, 1, 1, 0, 0, 1, 0, 0, 0, 0, 1, 0, 1, 1, 1, 1, 1, 0, 1, 0, 1, 1, 0, 0, 0, 1, 0, 1, 0, 1, 0, 0, 1, 1, 0, 1, 1, 0, 0, 1, 0, 0, 1, 0]","{'n_estimators': 1000, 'max_samples': 1.0, 'max_features': 0.5, 'bootstrap': False, 'bootstrap_features': False}",COMPLETE
1030,0.7903225803902184,2024-07-08 12:44:13.401141,2024-07-08 12:44:46.166125,0 days 00:00:32.764984,XGBClassifier,Normalize_L2_1,,"[1, 1, 1, 1, 1, 0, 1, 0, 1, 1, 0, 0, 1, 0, 0, 1, 1, 1, 0, 1, 0, 0, 1, 1, 1, 1, 0, 1, 1, 0, 0, 1, 0, 0, 1, 0, 0, 1, 0, 0, 1, 0, 1, 1, 1, 0, 1, 0, 0]","{'n_estimators': 200, 'learning_rate': 0.1, 'max_depth': 3, 'min_child_weight': 3, 'subsample': 1.0, 'colsample_bytree': 0.7, 'gamma': 0.5, 'reg_alpha': 0.1, 'reg_lambda': 1.0}",COMPLETE
1031,0.7709677416867845,2024-07-08 12:44:14.853124,2024-07-08 12:45:25.592140,0 days 00:01:10.739016,BaggingClassifier,Normalize_L1_0,,"[1, 1, 0, 1, 1, 0, 1, 0, 0, 0, 1, 0, 0, 1, 0, 1, 0, 1, 1, 1, 1, 0, 0, 0, 1, 0, 0, 1, 0, 0, 0, 1, 0, 1, 0, 0, 1, 0, 0, 1, 0, 1, 1, 1, 1, 0, 0, 0, 0]","{'n_estimators': 50, 'max_samples': 0.5, 'max_features': 0.1, 'bootstrap': True, 'bootstrap_features': False}",COMPLETE
1032,0.6935483868730489,2024-07-08 12:44:16.720139,2024-07-08 12:44:39.484122,0 days 00:00:22.763983,BaggingClassifier,Normalize_Max_0,,"[0, 0, 1, 0, 1, 0, 0, 1, 0, 0, 1, 0, 0, 1, 0, 1, 1, 0, 0, 0, 1, 1, 0, 0, 1, 1, 1, 1, 0, 0, 1, 0, 0, 0, 1, 0, 1, 1, 1, 0, 0, 1, 1, 1, 0, 0, 1, 1, 0]","{'n_estimators': 100, 'max_samples': 0.5, 'max_features': 0.1, 'bootstrap': False, 'bootstrap_features': False}",COMPLETE
1033,0.7935483868407908,2024-07-08 12:44:17.456123,2024-07-08 12:44:38.726140,0 days 00:00:21.270017,XGBClassifier,Normalize_L2_1,,"[0, 0, 0, 0, 0, 1, 0, 1, 0, 1, 1, 0, 0, 0, 0, 0, 0, 0, 1, 0, 0, 1, 0, 0, 1, 0, 1, 1, 1, 0, 0, 1, 0, 1, 0, 0, 0, 1, 1, 0, 1, 1, 0, 0, 0, 1, 0, 0, 0]","{'n_estimators': 200, 'learning_rate': 0.01, 'max_depth': 3, 'min_child_weight': 5, 'subsample': 0.5, 'colsample_bytree': 0.7, 'gamma': 0.0, 'reg_alpha': 0.0, 'reg_lambda': 1.0}",COMPLETE
1034,0.574193548201873,2024-07-08 12:44:18.614095,2024-07-08 12:44:56.663153,0 days 00:00:38.049058,BaggingClassifier,Normalize_Max_0,BorderlineSMOTE,"[1, 1, 0, 0, 0, 0, 0, 1, 0, 1, 1, 1, 0, 0, 1, 0, 0, 0, 0, 0, 0, 0, 1, 1, 1, 1, 0, 0, 1, 0, 1, 0, 0, 1, 0, 0, 1, 1, 1, 1, 1, 0, 1, 1, 0, 1, 0, 0, 0]","{'n_estimators': 10, 'max_samples': 0.1, 'max_features': 0.5, 'bootstrap': True, 'bootstrap_features': True}",COMPLETE
1035,0.5838709675535899,2024-07-08 12:44:22.517125,2024-07-08 12:45:04.041139,0 days 00:00:41.524014,BaggingClassifier,Normalize_L1_1,SMOTETomek,"[1, 0, 0, 1, 0, 0, 1, 1, 0, 1, 1, 0, 0, 1, 1, 1, 1, 1, 1, 1, 1, 0, 0, 0, 0, 0, 1, 0, 1, 1, 0, 0, 1, 1, 0, 1, 1, 0, 1, 0, 0, 1, 0, 1, 0, 1, 0, 1, 0]","{'n_estimators': 50, 'max_samples': 0.1, 'max_features': 0.1, 'bootstrap': False, 'bootstrap_features': False}",COMPLETE
1036,0.7580645158844953,2024-07-08 12:44:24.389094,2024-07-08 12:44:56.717142,0 days 00:00:32.328048,BaggingClassifier,Normalize_L1_1,,"[1, 0, 1, 1, 0, 0, 0, 0, 1, 0, 0, 1, 1, 1, 0, 0, 0, 0, 0, 0, 1, 1, 1, 1, 0, 1, 1, 1, 1, 1, 1, 0, 0, 1, 1, 0, 1, 1, 0, 0, 1, 0, 1, 0, 0, 0, 1, 1, 1]","{'n_estimators': 100, 'max_samples': 1.0, 'max_features': 1.0, 'bootstrap': True, 'bootstrap_features': False}",COMPLETE
1037,0.5258064514432882,2024-07-08 12:44:26.580126,2024-07-08 12:45:15.651145,0 days 00:00:49.071019,BaggingClassifier,Normalize_Max_0,BorderlineSMOTE,"[1, 0, 1, 1, 1, 1, 0, 1, 1, 1, 0, 1, 1, 1, 0, 1, 1, 0, 1, 1, 1, 1, 1, 0, 0, 0, 1, 0, 1, 1, 0, 1, 1, 1, 1, 0, 1, 0, 0, 1, 0, 1, 0, 0, 1, 1, 1, 1, 1]","{'n_estimators': 200, 'max_samples': 1.0, 'max_features': 1.0, 'bootstrap': False, 'bootstrap_features': True}",COMPLETE
1038,0.7935483868407908,2024-07-08 12:44:26.786123,2024-07-08 12:45:02.777138,0 days 00:00:35.991015,AdaBoostClassifier,Normalize_L1_1,,"[0, 1, 0, 0, 0, 1, 0, 1, 1, 0, 1, 0, 1, 0, 0, 1, 0, 0, 1, 0, 0, 1, 1, 1, 0, 1, 1, 1, 0, 1, 0, 1, 0, 0, 0, 1, 1, 0, 0, 0, 1, 1, 1, 0, 1, 0, 1, 1, 1]","{'n_estimators': 10, 'learning_rate': 0.01, 'algorithm': 'SAMME'}",COMPLETE
1039,0.7935483868407908,2024-07-08 12:44:26.983094,2024-07-08 12:45:03.499141,0 days 00:00:36.516047,XGBClassifier,Normalize_L1_1,,"[0, 0, 0, 1, 1, 0, 0, 0, 0, 1, 0, 0, 1, 1, 0, 0, 0, 0, 1, 0, 0, 0, 0, 1, 1, 1, 0, 1, 0, 0, 0, 0, 1, 0, 0, 0, 1, 0, 1, 1, 0, 1, 0, 0, 0, 0, 1, 0, 0]","{'n_estimators': 100, 'learning_rate': 0.01, 'max_depth': 9, 'min_child_weight': 3, 'subsample': 1.0, 'colsample_bytree': 0.5, 'gamma': 0.5, 'reg_alpha': 0.0, 'reg_lambda': 0.0}",COMPLETE
1040,0.47096774178355877,2024-07-08 12:44:27.906122,2024-07-08 12:45:03.703124,0 days 00:00:35.797002,BaggingClassifier,Normalize_L1_1,SMOTETomek,"[1, 0, 0, 1, 0, 0, 0, 0, 0, 0, 1, 0, 1, 0, 1, 1, 0, 0, 0, 1, 0, 1, 0, 1, 1, 0, 0, 1, 1, 0, 0, 1, 0, 0, 0, 0, 1, 1, 0, 1, 0, 0, 1, 0, 0, 0, 1, 1, 0]","{'n_estimators': 100, 'max_samples': 0.5, 'max_features': 0.5, 'bootstrap': False, 'bootstrap_features': True}",COMPLETE
1041,0.7677419352362123,2024-07-08 12:44:28.226136,2024-07-08 12:44:56.343147,0 days 00:00:28.117011,BaggingClassifier,Normalize_L1_1,,"[0, 0, 1, 0, 0, 0, 0, 1, 1, 1, 0, 1, 0, 1, 1, 1, 1, 0, 0, 1, 0, 1, 1, 1, 0, 0, 0, 0, 1, 1, 0, 0, 0, 0, 0, 0, 1, 1, 0, 1, 1, 0, 1, 1, 0, 1, 0, 1, 0]","{'n_estimators': 100, 'max_samples': 0.5, 'max_features': 0.1, 'bootstrap': False, 'bootstrap_features': False}",COMPLETE
1042,0.5096774191904266,2024-07-08 12:44:29.301123,2024-07-08 12:45:03.930142,0 days 00:00:34.629019,XGBClassifier,Normalize_L1_1,,"[1, 0, 0, 1, 0, 0, 1, 1, 1, 0, 1, 1, 1, 1, 1, 1, 0, 0, 0, 0, 1, 1, 1, 0, 0, 1, 1, 1, 0, 0, 0, 1, 1, 1, 1, 0, 1, 0, 1, 1, 0, 1, 0, 0, 0, 1, 0, 0, 0]","{'n_estimators': 50, 'learning_rate': 10.0, 'max_depth': 9, 'min_child_weight': 5, 'subsample': 1.0, 'colsample_bytree': 1.0, 'gamma': 0.1, 'reg_alpha': 0.0, 'reg_lambda': 1.0}",COMPLETE
1043,0.7645161287856399,2024-07-08 12:44:29.401128,2024-07-08 12:45:01.036095,0 days 00:00:31.634967,BaggingClassifier,Normalize_L1_1,,"[1, 1, 0, 1, 0, 1, 0, 0, 0, 1, 0, 0, 1, 0, 1, 0, 0, 0, 0, 1, 1, 1, 1, 0, 0, 1, 0, 0, 1, 0, 1, 1, 1, 0, 1, 0, 0, 0, 1, 1, 0, 0, 0, 0, 0, 0, 0, 1, 1]","{'n_estimators': 1000, 'max_samples': 1.0, 'max_features': 0.1, 'bootstrap': False, 'bootstrap_features': True}",COMPLETE
1044,0.8064516126430801,2024-07-08 12:44:29.560139,2024-07-08 12:45:02.886137,0 days 00:00:33.325998,BaggingClassifier,Normalize_L1_1,,"[0, 1, 1, 0, 0, 0, 0, 0, 0, 1, 0, 0, 0, 1, 1, 0, 1, 1, 0, 0, 1, 0, 0, 1, 1, 0, 0, 0, 1, 0, 1, 1, 0, 1, 1, 0, 0, 0, 1, 0, 0, 1, 0, 1, 1, 0, 0, 1, 1]","{'n_estimators': 1000, 'max_samples': 0.1, 'max_features': 0.1, 'bootstrap': True, 'bootstrap_features': True}",COMPLETE
1045,0.7612903223350675,2024-07-08 12:44:30.790092,2024-07-08 12:45:03.635124,0 days 00:00:32.845032,BaggingClassifier,Normalize_L1_1,,"[0, 1, 1, 0, 1, 1, 1, 1, 0, 0, 1, 1, 0, 0, 0, 1, 0, 1, 0, 0, 1, 1, 0, 1, 0, 0, 1, 1, 0, 1, 0, 0, 0, 0, 0, 1, 0, 0, 1, 0, 1, 1, 0, 1, 0, 1, 0, 1, 0]","{'n_estimators': 500, 'max_samples': 1.0, 'max_features': 0.5, 'bootstrap': False, 'bootstrap_features': True}",COMPLETE
1046,0.4612903224318418,2024-07-08 12:44:32.621125,2024-07-08 12:45:03.271122,0 days 00:00:30.649997,BaggingClassifier,Normalize_L1_1,SMOTETomek,"[0, 0, 1, 1, 1, 0, 0, 0, 0, 0, 1, 1, 1, 0, 0, 1, 0, 1, 1, 1, 0, 1, 1, 1, 1, 0, 0, 0, 0, 1, 0, 1, 0, 0, 1, 0, 1, 1, 0, 0, 1, 0, 1, 1, 0, 0, 0, 1, 0]","{'n_estimators': 500, 'max_samples': 0.5, 'max_features': 0.1, 'bootstrap': True, 'bootstrap_features': True}",COMPLETE
1047,0.4451612901789802,2024-07-08 12:44:33.250140,2024-07-08 12:45:24.649122,0 days 00:00:51.398982,XGBClassifier,Normalize_L1_1,,"[0, 1, 1, 1, 0, 1, 0, 0, 0, 1, 1, 1, 0, 0, 1, 0, 1, 1, 0, 1, 0, 0, 0, 1, 1, 1, 0, 0, 0, 0, 0, 1, 1, 0, 1, 0, 1, 0, 1, 1, 1, 0, 0, 1, 1, 1, 0, 0, 1]","{'n_estimators': 1000, 'learning_rate': 10.0, 'max_depth': 7, 'min_child_weight': 3, 'subsample': 0.5, 'colsample_bytree': 0.7, 'gamma': 0.1, 'reg_alpha': 0.1, 'reg_lambda': 0.1}",COMPLETE
1048,0.7645161287856399,2024-07-08 12:44:33.588123,2024-07-08 12:45:21.929137,0 days 00:00:48.341014,BaggingClassifier,Normalize_L1_1,,"[1, 0, 0, 0, 0, 0, 1, 0, 1, 1, 1, 1, 1, 0, 1, 1, 1, 0, 0, 1, 1, 0, 1, 1, 1, 0, 0, 1, 1, 1, 1, 1, 0, 0, 1, 0, 1, 1, 1, 0, 0, 0, 1, 0, 1, 0, 0, 0, 1]","{'n_estimators': 1000, 'max_samples': 1.0, 'max_features': 1.0, 'bootstrap': True, 'bootstrap_features': True}",COMPLETE
1049,0.7612903223350675,2024-07-08 12:44:33.966127,2024-07-08 12:45:07.080124,0 days 00:00:33.113997,BaggingClassifier,Normalize_L1_1,,"[0, 0, 1, 0, 1, 1, 0, 1, 0, 1, 1, 1, 0, 1, 1, 0, 1, 0, 0, 1, 0, 0, 1, 0, 1, 1, 0, 1, 1, 0, 1, 0, 0, 1, 1, 0, 1, 1, 1, 1, 1, 1, 0, 0, 0, 1, 0, 0, 1]","{'n_estimators': 200, 'max_samples': 0.5, 'max_features': 1.0, 'bootstrap': False, 'bootstrap_features': True}",COMPLETE
1050,0.7612903223350675,2024-07-08 12:44:34.232126,2024-07-08 12:45:23.044126,0 days 00:00:48.812000,BaggingClassifier,Normalize_L1_1,,"[1, 0, 0, 0, 1, 1, 0, 0, 1, 1, 1, 0, 0, 1, 0, 0, 1, 1, 1, 1, 1, 1, 0, 0, 0, 0, 1, 0, 0, 1, 0, 1, 0, 1, 0, 0, 1, 0, 1, 0, 1, 0, 0, 1, 0, 1, 1, 1, 0]","{'n_estimators': 500, 'max_samples': 1.0, 'max_features': 0.5, 'bootstrap': False, 'bootstrap_features': False}",COMPLETE
1051,0.45161290308012486,2024-07-08 12:44:34.385138,2024-07-08 12:45:02.186125,0 days 00:00:27.800987,BaggingClassifier,Normalize_L1_1,SMOTETomek,"[1, 0, 0, 1, 1, 0, 0, 1, 0, 1, 0, 1, 1, 1, 0, 0, 0, 0, 0, 1, 1, 1, 1, 0, 1, 0, 1, 0, 0, 0, 1, 1, 1, 1, 0, 0, 0, 0, 1, 1, 0, 0, 0, 1, 1, 0, 1, 0, 0]","{'n_estimators': 100, 'max_samples': 0.5, 'max_features': 0.1, 'bootstrap': False, 'bootstrap_features': True}",COMPLETE
1052,0.7322580642799167,2024-07-08 12:44:34.449122,2024-07-08 12:45:25.892138,0 days 00:00:51.443016,XGBClassifier,Normalize_L1_1,,"[1, 0, 0, 0, 0, 0, 0, 0, 1, 0, 1, 1, 0, 0, 0, 1, 0, 0, 1, 0, 0, 1, 1, 0, 0, 1, 0, 0, 0, 0, 1, 0, 0, 1, 1, 1, 0, 1, 0, 0, 0, 0, 0, 0, 0, 1, 0, 0, 1]","{'n_estimators': 200, 'learning_rate': 0.1, 'max_depth': 9, 'min_child_weight': 3, 'subsample': 0.7, 'colsample_bytree': 1.0, 'gamma': 0.1, 'reg_alpha': 0.0, 'reg_lambda': 1.0}",COMPLETE
1053,0.745161290082206,2024-07-08 12:44:34.501137,2024-07-08 12:45:19.161137,0 days 00:00:44.660000,BaggingClassifier,Normalize_L2_1,,"[0, 1, 0, 0, 1, 0, 0, 1, 0, 0, 0, 1, 0, 0, 0, 0, 0, 0, 1, 0, 1, 0, 0, 1, 0, 1, 0, 0, 0, 0, 0, 0, 1, 1, 1, 0, 0, 0, 0, 0, 1, 1, 1, 1, 0, 0, 1, 1, 1]","{'n_estimators': 200, 'max_samples': 1.0, 'max_features': 0.1, 'bootstrap': False, 'bootstrap_features': True}",COMPLETE
1054,0.7935483868407908,2024-07-08 12:44:35.510126,2024-07-08 12:45:24.064123,0 days 00:00:48.553997,XGBClassifier,Normalize_L1_0,,"[1, 1, 1, 0, 0, 0, 1, 1, 1, 1, 0, 0, 1, 1, 0, 0, 1, 0, 1, 1, 1, 0, 1, 0, 1, 1, 1, 1, 0, 0, 0, 1, 0, 0, 0, 0, 1, 0, 0, 1, 1, 1, 0, 0, 0, 1, 0, 0, 1]","{'n_estimators': 500, 'learning_rate': 1.0, 'max_depth': 7, 'min_child_weight': 10, 'subsample': 1.0, 'colsample_bytree': 0.7, 'gamma': 0.1, 'reg_alpha': 0.0, 'reg_lambda': 0.0}",COMPLETE
1055,0.7999999997419355,2024-07-08 12:44:35.812124,2024-07-08 12:45:09.525137,0 days 00:00:33.713013,XGBClassifier,Normalize_L1_1,,"[1, 0, 1, 1, 1, 1, 1, 1, 0, 0, 0, 1, 1, 0, 0, 0, 0, 1, 1, 0, 1, 1, 0, 1, 1, 1, 0, 1, 1, 1, 0, 1, 0, 1, 1, 0, 1, 0, 1, 0, 0, 1, 0, 0, 0, 0, 1, 1, 1]","{'n_estimators': 100, 'learning_rate': 0.01, 'max_depth': 5, 'min_child_weight': 1, 'subsample': 0.7, 'colsample_bytree': 0.7, 'gamma': 0.1, 'reg_alpha': 1.0, 'reg_lambda': 1.0}",COMPLETE
1056,0.45806451598126946,2024-07-08 12:44:36.073138,2024-07-08 12:45:04.020142,0 days 00:00:27.947004,XGBClassifier,Normalize_L1_1,,"[1, 0, 0, 1, 0, 0, 1, 1, 0, 1, 0, 1, 1, 1, 0, 1, 0, 0, 0, 1, 0, 1, 1, 0, 1, 1, 1, 0, 0, 0, 0, 1, 1, 1, 1, 0, 1, 1, 1, 1, 0, 0, 1, 0, 0, 1, 0, 0, 1]","{'n_estimators': 50, 'learning_rate': 10.0, 'max_depth': 5, 'min_child_weight': 3, 'subsample': 1.0, 'colsample_bytree': 0.7, 'gamma': 0.1, 'reg_alpha': 0.0, 'reg_lambda': 1.0}",COMPLETE
1057,0.47096774178355877,2024-07-08 12:44:36.744128,2024-07-08 12:45:29.279125,0 days 00:00:52.534997,AdaBoostClassifier,Normalize_L1_1,SMOTETomek,"[0, 1, 0, 0, 1, 0, 0, 1, 0, 0, 0, 1, 0, 1, 1, 1, 1, 0, 1, 1, 1, 0, 1, 1, 1, 0, 1, 0, 0, 0, 1, 0, 0, 1, 0, 1, 0, 0, 0, 0, 1, 1, 0, 1, 0, 0, 0, 1, 0]","{'n_estimators': 1000, 'learning_rate': 0.1, 'algorithm': 'SAMME.R'}",COMPLETE
1058,0.7935483868407908,2024-07-08 12:44:37.061131,2024-07-08 12:45:15.706127,0 days 00:00:38.644996,BaggingClassifier,Normalize_L1_1,,"[0, 1, 1, 1, 0, 1, 0, 0, 0, 0, 0, 1, 0, 0, 0, 1, 0, 1, 1, 1, 0, 0, 1, 1, 1, 1, 0, 0, 0, 1, 0, 1, 0, 0, 0, 1, 0, 1, 0, 1, 0, 1, 1, 1, 0, 1, 0, 0, 0]","{'n_estimators': 100, 'max_samples': 0.1, 'max_features': 0.5, 'bootstrap': True, 'bootstrap_features': True}",COMPLETE
1059,0.7612903223350675,2024-07-08 12:44:37.287126,2024-07-08 12:45:24.200123,0 days 00:00:46.912997,XGBClassifier,Normalize_L1_0,,"[1, 1, 1, 1, 1, 1, 0, 1, 0, 1, 0, 1, 1, 1, 0, 1, 0, 0, 0, 0, 1, 1, 1, 0, 0, 0, 0, 0, 1, 1, 0, 1, 0, 1, 0, 0, 0, 1, 1, 0, 1, 0, 1, 1, 0, 1, 1, 0, 1]","{'n_estimators': 1000, 'learning_rate': 1.0, 'max_depth': 5, 'min_child_weight': 3, 'subsample': 0.7, 'colsample_bytree': 1.0, 'gamma': 1.0, 'reg_alpha': 0.0, 'reg_lambda': 1.0}",COMPLETE
1060,0.7935483868407908,2024-07-08 12:44:37.458097,2024-07-08 12:45:24.233124,0 days 00:00:46.775027,AdaBoostClassifier,Normalize_L1_1,,"[0, 1, 1, 0, 0, 0, 1, 1, 1, 0, 1, 1, 0, 1, 1, 1, 1, 0, 1, 0, 0, 1, 1, 1, 0, 0, 0, 1, 0, 0, 1, 1, 0, 1, 1, 0, 0, 0, 1, 0, 1, 0, 0, 0, 0, 1, 1, 0, 0]","{'n_estimators': 1000, 'learning_rate': 0.01, 'algorithm': 'SAMME.R'}",COMPLETE
1061,0.754838709433923,2024-07-08 12:44:38.456093,2024-07-08 12:45:25.497125,0 days 00:00:47.041032,XGBClassifier,Normalize_L1_0,,"[1, 1, 1, 0, 1, 0, 1, 0, 1, 0, 0, 0, 0, 0, 1, 0, 0, 0, 0, 0, 0, 0, 0, 0, 1, 1, 0, 1, 0, 0, 0, 0, 1, 0, 0, 0, 1, 1, 1, 0, 1, 0, 0, 0, 0, 1, 1, 0, 1]","{'n_estimators': 500, 'learning_rate': 0.5, 'max_depth': 9, 'min_child_weight': 5, 'subsample': 0.7, 'colsample_bytree': 0.7, 'gamma': 0.0, 'reg_alpha': 0.1, 'reg_lambda': 0.1}",COMPLETE
1062,0.7935483868407908,2024-07-08 12:44:43.815124,2024-07-08 12:45:07.017123,0 days 00:00:23.201999,AdaBoostClassifier,Normalize_L1_1,,"[1, 1, 0, 0, 0, 0, 0, 0, 0, 1, 1, 0, 0, 0, 1, 1, 0, 0, 1, 1, 1, 1, 0, 0, 1, 0, 0, 0, 1, 0, 1, 0, 0, 0, 1, 0, 0, 1, 0, 0, 1, 1, 0, 0, 1, 1, 1, 0, 0]","{'n_estimators': 50, 'learning_rate': 0.01, 'algorithm': 'SAMME'}",COMPLETE
1063,0.0,2024-07-08 12:44:44.990142,2024-07-08 12:45:25.340137,0 days 00:00:40.349995,XGBClassifier,Normalize_L1_1,KMeansSMOTE,,"{'n_estimators': 200, 'learning_rate': 0.01, 'max_depth': 7, 'min_child_weight': 5, 'subsample': 0.7, 'colsample_bytree': 1.0, 'gamma': 0.1, 'reg_alpha': 0.0, 'reg_lambda': 0.1}",COMPLETE
1064,0.7741935481373569,2024-07-08 12:44:46.390123,2024-07-08 12:45:19.113126,0 days 00:00:32.723003,XGBClassifier,Normalize_L1_0,,"[0, 1, 0, 0, 0, 1, 1, 0, 1, 0, 1, 0, 0, 1, 1, 0, 1, 0, 1, 1, 0, 1, 0, 1, 0, 1, 1, 0, 0, 1, 0, 1, 1, 0, 0, 0, 0, 1, 1, 1, 0, 1, 1, 0, 0, 1, 1, 1, 1]","{'n_estimators': 50, 'learning_rate': 1.0, 'max_depth': 5, 'min_child_weight': 10, 'subsample': 0.7, 'colsample_bytree': 0.7, 'gamma': 1.0, 'reg_alpha': 0.0, 'reg_lambda': 0.0}",COMPLETE
1065,0.7935483868407908,2024-07-08 12:44:47.747138,2024-07-08 12:45:25.058138,0 days 00:00:37.311000,XGBClassifier,Normalize_L1_0,,"[0, 0, 1, 1, 0, 1, 1, 0, 1, 0, 1, 1, 1, 1, 0, 1, 0, 1, 1, 1, 1, 1, 1, 0, 1, 1, 1, 0, 1, 1, 0, 0, 1, 1, 0, 0, 1, 0, 0, 1, 0, 0, 1, 1, 0, 0, 0, 1, 1]","{'n_estimators': 50, 'learning_rate': 0.5, 'max_depth': 3, 'min_child_weight': 1, 'subsample': 1.0, 'colsample_bytree': 0.7, 'gamma': 0.5, 'reg_alpha': 1.0, 'reg_lambda': 1.0}",COMPLETE
1066,0.7903225803902184,2024-07-08 12:44:50.012142,2024-07-08 12:45:22.612141,0 days 00:00:32.599999,BaggingClassifier,Normalize_L2_1,,"[1, 1, 0, 0, 0, 0, 0, 1, 1, 1, 1, 1, 0, 1, 0, 1, 0, 0, 0, 1, 0, 1, 0, 1, 0, 1, 0, 1, 0, 0, 1, 1, 1, 1, 0, 0, 1, 0, 1, 0, 1, 1, 0, 1, 1, 0, 1, 1, 1]","{'n_estimators': 200, 'max_samples': 0.1, 'max_features': 0.5, 'bootstrap': False, 'bootstrap_features': True}",COMPLETE
1067,0.7903225803902184,2024-07-08 12:44:52.009138,2024-07-08 12:45:24.192124,0 days 00:00:32.182986,XGBClassifier,Normalize_L2_1,,"[1, 1, 0, 1, 0, 1, 1, 1, 1, 1, 1, 0, 0, 1, 1, 1, 1, 1, 0, 0, 1, 1, 1, 0, 0, 0, 0, 0, 1, 1, 0, 0, 0, 1, 1, 0, 0, 1, 1, 0, 0, 1, 1, 1, 1, 0, 1, 1, 0]","{'n_estimators': 1000, 'learning_rate': 0.01, 'max_depth': 3, 'min_child_weight': 3, 'subsample': 1.0, 'colsample_bytree': 0.7, 'gamma': 0.0, 'reg_alpha': 0.0, 'reg_lambda': 1.0}",COMPLETE
1068,0.0,2024-07-08 12:44:54.554135,2024-07-08 12:45:17.770124,0 days 00:00:23.215989,MLPClassifier,,,,,COMPLETE
1069,0.7838709674890738,2024-07-08 12:44:56.536123,2024-07-08 12:45:23.216122,0 days 00:00:26.679999,XGBClassifier,Normalize_L1_0,,"[0, 0, 1, 0, 1, 1, 0, 0, 0, 0, 0, 1, 1, 0, 0, 0, 1, 0, 0, 1, 1, 1, 1, 0, 1, 0, 0, 0, 0, 0, 0, 1, 1, 1, 1, 0, 1, 0, 0, 1, 0, 1, 0, 1, 1, 0, 1, 0, 0]","{'n_estimators': 50, 'learning_rate': 1.0, 'max_depth': 5, 'min_child_weight': 10, 'subsample': 0.5, 'colsample_bytree': 0.7, 'gamma': 0.5, 'reg_alpha': 0.1, 'reg_lambda': 1.0}",COMPLETE
1070,0.7870967739396462,2024-07-08 12:44:56.858138,2024-07-08 12:45:21.939137,0 days 00:00:25.080999,XGBClassifier,Normalize_L1_0,,"[0, 0, 1, 1, 0, 1, 0, 0, 1, 1, 1, 1, 1, 1, 1, 0, 0, 0, 1, 0, 0, 1, 0, 0, 0, 1, 0, 0, 1, 1, 1, 1, 0, 0, 1, 0, 1, 0, 0, 1, 0, 1, 1, 1, 0, 0, 1, 0, 1]","{'n_estimators': 1000, 'learning_rate': 1.0, 'max_depth': 7, 'min_child_weight': 5, 'subsample': 1.0, 'colsample_bytree': 0.7, 'gamma': 0.1, 'reg_alpha': 0.0, 'reg_lambda': 1.0}",COMPLETE
1071,0.6903225804224765,2024-07-08 12:44:57.280137,2024-07-08 12:45:25.386127,0 days 00:00:28.105990,XGBClassifier,Normalize_L1_1,,"[0, 0, 0, 1, 0, 1, 0, 1, 1, 1, 0, 1, 0, 1, 1, 1, 1, 0, 0, 0, 0, 1, 1, 0, 0, 1, 1, 1, 1, 0, 1, 1, 0, 1, 0, 0, 1, 0, 1, 1, 0, 0, 1, 0, 0, 0, 1, 1, 0]","{'n_estimators': 1000, 'learning_rate': 1.0, 'max_depth': 9, 'min_child_weight': 5, 'subsample': 0.5, 'colsample_bytree': 1.0, 'gamma': 1.0, 'reg_alpha': 1.0, 'reg_lambda': 1.0}",COMPLETE
1072,0.745161290082206,2024-07-08 12:44:58.527137,2024-07-08 12:45:26.123141,0 days 00:00:27.596004,BaggingClassifier,Normalize_L2_1,,"[1, 1, 1, 0, 1, 0, 1, 0, 0, 0, 0, 0, 1, 0, 0, 1, 0, 0, 1, 0, 0, 0, 0, 1, 0, 1, 0, 1, 1, 1, 0, 0, 1, 1, 0, 1, 1, 1, 1, 1, 0, 1, 0, 0, 1, 1, 1, 1, 1]","{'n_estimators': 50, 'max_samples': 1.0, 'max_features': 0.1, 'bootstrap': False, 'bootstrap_features': True}",COMPLETE
1073,0.0,2024-07-08 12:44:59.786129,2024-07-08 12:45:24.191122,0 days 00:00:24.404993,XGBClassifier,Normalize_L1_1,KMeansSMOTE,,"{'n_estimators': 500, 'learning_rate': 10.0, 'max_depth': 7, 'min_child_weight': 1, 'subsample': 0.7, 'colsample_bytree': 1.0, 'gamma': 1.0, 'reg_alpha': 0.1, 'reg_lambda': 0.0}",COMPLETE
1074,0.7387096771810613,2024-07-08 12:45:00.646140,2024-07-08 12:45:27.152139,0 days 00:00:26.505999,XGBClassifier,Normalize_L1_1,,"[1, 1, 1, 1, 0, 0, 1, 1, 0, 1, 0, 1, 0, 0, 0, 0, 1, 0, 0, 0, 0, 1, 1, 1, 0, 1, 1, 1, 1, 0, 1, 0, 0, 0, 1, 0, 1, 1, 1, 1, 1, 0, 1, 0, 0, 1, 1, 1, 1]","{'n_estimators': 500, 'learning_rate': 0.1, 'max_depth': 7, 'min_child_weight': 5, 'subsample': 0.5, 'colsample_bytree': 1.0, 'gamma': 0.0, 'reg_alpha': 0.1, 'reg_lambda': 0.1}",COMPLETE
1075,0.7612903223350675,2024-07-08 12:45:01.182122,2024-07-08 12:45:54.007165,0 days 00:00:52.825043,BaggingClassifier,Normalize_L1_0,,"[1, 1, 1, 0, 0, 0, 1, 0, 0, 1, 0, 1, 1, 0, 0, 1, 0, 0, 1, 1, 0, 1, 0, 1, 1, 1, 1, 0, 1, 0, 1, 1, 1, 1, 0, 1, 0, 1, 0, 0, 1, 0, 1, 0, 0, 0, 1, 1, 0]","{'n_estimators': 500, 'max_samples': 1.0, 'max_features': 1.0, 'bootstrap': False, 'bootstrap_features': False}",COMPLETE
