number,value,datetime_start,datetime_complete,duration,params_model,params_normTechnique,params_sampleTechnique,user_attrs_binIndices,user_attrs_hyperparams,state
0,0.0,2024-07-08 12:33:45.990882,2024-07-08 12:33:49.297910,0 days 00:00:03.307028,MLPClassifier,,,,,COMPLETE
1,0.0,2024-07-08 12:33:46.001907,2024-07-08 12:34:03.289881,0 days 00:00:17.287974,DecisionTreeClassifier,,SVMSMOTE,,"{'max_depth': 200, 'min_samples_split': 100, 'min_samples_leaf': 5, 'max_features': 'sqrt', 'splitter': 'random'}",COMPLETE
2,0.6999999997741935,2024-07-08 12:33:46.084882,2024-07-08 12:34:13.813121,0 days 00:00:27.728239,RandomForestClassifier,RobustScaler,,"[0, 1, 1, 0, 1, 1, 1, 0, 1, 1, 0, 0, 1, 0, 0, 1, 1, 1, 0, 0, 1, 0, 1, 1, 0, 1, 1, 0, 1, 1, 1, 0, 1, 0, 0, 0, 1, 1, 1, 0, 0, 1, 0, 1, 0, 1, 1, 1, 1]","{'n_estimators': 200, 'max_features': 'sqrt', 'max_depth': 500, 'min_samples_split': 10, 'min_samples_leaf': 1, 'bootstrap': True}",COMPLETE
3,0.7806451610385015,2024-07-08 12:33:46.114908,2024-07-08 12:34:05.337987,0 days 00:00:19.223079,ExtraTreesClassifier,Normalize_L1_0,,"[0, 0, 1, 1, 1, 0, 0, 1, 1, 0, 0, 0, 1, 1, 1, 0, 0, 0, 0, 1, 1, 1, 1, 1, 0, 0, 1, 1, 0, 1, 0, 0, 0, 0, 0, 0, 1, 0, 1, 1, 1, 0, 0, 0, 1, 1, 1, 0, 1]","{'n_estimators': 10, 'max_features': None, 'max_depth': 50, 'min_samples_split': 10, 'min_samples_leaf': 2, 'bootstrap': True}",COMPLETE
4,0.0,2024-07-08 12:33:46.153882,2024-07-08 12:33:50.839883,0 days 00:00:04.686001,RandomForestClassifier,,SMOTETomek,,"{'n_estimators': 500, 'max_features': 'auto', 'max_depth': 100, 'min_samples_split': 200, 'min_samples_leaf': 100, 'bootstrap': False}",COMPLETE
5,0.3193548386066597,2024-07-08 12:33:46.190907,2024-07-08 12:34:05.052948,0 days 00:00:18.862041,DecisionTreeClassifier,Normalize_Max_1,RandomUnderSampler,"[1, 0, 1, 1, 1, 0, 0, 0, 0, 0, 0, 0, 1, 1, 0, 0, 1, 0, 0, 0, 1, 1, 0, 0, 1, 0, 0, 0, 1, 0, 0, 0, 0, 1, 1, 0, 0, 0, 1, 1, 0, 0, 0, 1, 1, 0, 0, 1, 0]","{'max_depth': 200, 'min_samples_split': 10, 'min_samples_leaf': 10, 'max_features': None, 'splitter': 'best'}",COMPLETE
6,0.7709677416867845,2024-07-08 12:33:46.223908,2024-07-08 12:34:15.833118,0 days 00:00:29.609210,KNeighborsClassifier,Normalize_L1_1,TomekLinks,"[1, 1, 0, 0, 0, 0, 1, 0, 1, 0, 1, 0, 1, 1, 0, 1, 1, 1, 1, 1, 1, 0, 1, 0, 0, 0, 0, 1, 0, 1, 1, 0, 0, 0, 0, 0, 1, 1, 1, 0, 1, 1, 0, 1, 0, 1, 1, 1, 0]","{'n_neighbors': 20, 'weights': 'distance', 'algorithm': 'ball_tree', 'leaf_size': 60, 'p': 2, 'metric': 'euclidean'}",COMPLETE
7,0.0,2024-07-08 12:33:46.255908,2024-07-08 12:34:05.129947,0 days 00:00:18.874039,GradientBoostingClassifier,RobustScaler,RandomUnderSampler,"[1, 1, 0, 0, 0, 1, 0, 1, 0, 1, 0, 1, 0, 1, 1, 1, 1, 1, 1, 0, 1, 0, 1, 0, 1, 0, 1, 1, 1, 0, 0, 1, 0, 1, 0, 0, 0, 0, 1, 0, 1, 0, 0, 0, 1, 1, 1, 0, 1]","{'n_estimators': 200, 'learning_rate': 0.5, 'max_depth': 3, 'min_samples_split': 50, 'min_samples_leaf': 100, 'subsample': 1.0, 'max_features': 'auto'}",COMPLETE
8,0.6451612901144641,2024-07-08 12:33:46.293932,2024-07-08 12:34:05.100948,0 days 00:00:18.807016,KNeighborsClassifier,Normalize_L2_0,SVMSMOTE,"[1, 1, 0, 0, 0, 1, 0, 0, 1, 1, 1, 1, 0, 1, 1, 0, 1, 0, 1, 1, 1, 1, 1, 1, 1, 0, 1, 0, 1, 1, 0, 1, 0, 0, 0, 1, 0, 0, 1, 1, 0, 0, 0, 0, 1, 0, 1, 1, 0]","{'n_neighbors': 7, 'weights': 'uniform', 'algorithm': 'auto', 'leaf_size': 20, 'p': 1, 'metric': 'euclidean'}",COMPLETE
9,0.0,2024-07-08 12:33:46.296890,2024-07-08 12:33:55.694880,0 days 00:00:09.397990,SVC,StandardScaler,SMOTE,"[0, 0, 1, 1, 0, 0, 0, 1, 1, 0, 0, 1, 0, 0, 0, 0, 0, 0, 0, 0, 1, 1, 1, 1, 0, 1, 0, 1, 1, 0, 1, 0, 1, 0, 0, 0, 0, 0, 1, 1, 1, 0, 1, 0, 1, 0, 0, 1, 0]","{'C': 1.0, 'kernel': 'linear', 'degree': 5, 'gamma': '0.001', 'coef0': 2.0, 'shrinking': True, 'probability': True, 'class_weight': None, 'decision_function_shape': 'ovr'}",COMPLETE
10,0.0,2024-07-08 12:33:46.349905,2024-07-08 12:34:05.328988,0 days 00:00:18.979083,SVC,,RandomOverSampler,,"{'C': 0.01, 'kernel': 'linear', 'degree': 3, 'gamma': '0.01', 'coef0': 0.5, 'shrinking': False, 'probability': True, 'class_weight': None, 'decision_function_shape': 'ovr'}",COMPLETE
11,0.24516129024349634,2024-07-08 12:33:46.382908,2024-07-08 12:34:00.499880,0 days 00:00:14.116972,AdaBoostClassifier,Normalize_Max_1,RandomUnderSampler,"[1, 0, 1, 0, 0, 1, 1, 0, 0, 1, 0, 0, 1, 0, 0, 0, 1, 1, 0, 1, 1, 0, 0, 0, 1, 1, 1, 0, 0, 1, 1, 1, 0, 0, 1, 1, 1, 0, 0, 0, 0, 0, 0, 1, 0, 0, 0, 1, 0]","{'n_estimators': 200, 'learning_rate': 10.0, 'algorithm': 'SAMME.R'}",COMPLETE
12,0.0,2024-07-08 12:33:46.414923,2024-07-08 12:34:05.678014,0 days 00:00:19.263091,GradientBoostingClassifier,,ADASYN,,"{'n_estimators': 10, 'learning_rate': 0.01, 'max_depth': 7, 'min_samples_split': 10, 'min_samples_leaf': 5, 'subsample': 0.5, 'max_features': 'sqrt'}",COMPLETE
13,0.754838709433923,2024-07-08 12:33:46.473926,2024-07-08 12:34:05.806033,0 days 00:00:19.332107,KNeighborsClassifier,Normalize_L1_1,TomekLinks,"[1, 1, 1, 0, 1, 0, 0, 1, 1, 0, 0, 0, 1, 1, 0, 1, 0, 0, 0, 0, 1, 1, 1, 0, 0, 1, 0, 0, 0, 1, 0, 1, 1, 1, 1, 0, 0, 0, 0, 1, 1, 1, 1, 0, 0, 1, 1, 1, 0]","{'n_neighbors': 10, 'weights': 'distance', 'algorithm': 'kd_tree', 'leaf_size': 30, 'p': 1, 'metric': 'manhattan'}",COMPLETE
14,0.7258064513787721,2024-07-08 12:33:46.506926,2024-07-08 12:34:05.834036,0 days 00:00:19.327110,KNeighborsClassifier,Normalize_L2_1,TomekLinks,"[1, 1, 0, 1, 1, 0, 1, 0, 0, 1, 0, 0, 1, 0, 1, 0, 1, 0, 0, 1, 0, 0, 0, 1, 0, 1, 0, 1, 1, 1, 1, 1, 1, 0, 1, 0, 0, 1, 0, 1, 0, 0, 0, 1, 0, 0, 1, 1, 0]","{'n_neighbors': 10, 'weights': 'uniform', 'algorithm': 'auto', 'leaf_size': 60, 'p': 2, 'metric': 'minkowski'}",COMPLETE
15,0.2645161289469303,2024-07-08 12:33:46.551893,2024-07-08 12:34:03.543880,0 days 00:00:16.991987,XGBClassifier,Normalize_L2_0,SVMSMOTE,"[0, 1, 0, 1, 0, 1, 0, 0, 1, 0, 1, 0, 1, 1, 1, 0, 1, 1, 0, 1, 1, 0, 1, 0, 0, 1, 0, 0, 0, 0, 1, 0, 0, 1, 0, 0, 1, 1, 1, 1, 0, 1, 0, 1, 1, 1, 0, 0, 0]","{'n_estimators': 100, 'learning_rate': 10.0, 'max_depth': 5, 'min_child_weight': 1, 'subsample': 0.7, 'colsample_bytree': 0.7, 'gamma': 0.0, 'reg_alpha': 0.0, 'reg_lambda': 1.0}",COMPLETE
16,0.0,2024-07-08 12:33:46.581912,2024-07-08 12:34:05.602986,0 days 00:00:19.021074,SVC,StandardScaler,RandomUnderSampler,"[0, 1, 1, 0, 0, 1, 0, 0, 1, 1, 1, 0, 1, 1, 0, 0, 1, 0, 1, 1, 1, 0, 0, 1, 1, 0, 0, 1, 1, 0, 0, 0, 0, 1, 1, 0, 1, 0, 0, 0, 1, 1, 0, 0, 1, 1, 1, 0, 1]","{'C': 1.0, 'kernel': 'sigmoid', 'degree': 2, 'gamma': '0.01', 'coef0': 0.5, 'shrinking': False, 'probability': False, 'class_weight': 'balanced', 'decision_function_shape': 'ovr'}",COMPLETE
17,0.6580645159167533,2024-07-08 12:33:46.613917,2024-07-08 12:33:56.698907,0 days 00:00:10.084990,KNeighborsClassifier,StandardScaler,TomekLinks,"[1, 1, 0, 0, 1, 0, 1, 0, 1, 0, 1, 1, 1, 0, 1, 1, 1, 1, 1, 1, 1, 1, 1, 1, 1, 1, 1, 0, 1, 1, 1, 0, 0, 1, 0, 1, 1, 1, 1, 1, 0, 1, 1, 1, 0, 0, 0, 1, 1]","{'n_neighbors': 7, 'weights': 'distance', 'algorithm': 'brute', 'leaf_size': 20, 'p': 1, 'metric': 'euclidean'}",COMPLETE
18,0.5419354836961499,2024-07-08 12:33:46.650923,2024-07-08 12:34:04.702927,0 days 00:00:18.052004,RandomForestClassifier,StandardScaler,SMOTETomek,"[0, 0, 1, 0, 1, 0, 0, 1, 0, 1, 0, 1, 1, 1, 1, 1, 1, 0, 0, 1, 0, 1, 1, 1, 1, 0, 1, 1, 1, 1, 1, 0, 0, 0, 1, 1, 1, 1, 0, 1, 1, 0, 0, 0, 1, 1, 1, 1, 0]","{'n_estimators': 500, 'max_features': 'sqrt', 'max_depth': None, 'min_samples_split': 100, 'min_samples_leaf': 2, 'bootstrap': True}",COMPLETE
19,0.0,2024-07-08 12:33:46.703932,2024-07-08 12:33:56.697880,0 days 00:00:09.993948,ExtraTreesClassifier,Normalize_L2_0,,"[1, 1, 0, 1, 0, 0, 1, 1, 0, 0, 0, 0, 0, 1, 0, 1, 0, 1, 0, 0, 0, 0, 1, 0, 0, 0, 1, 0, 1, 0, 1, 1, 1, 1, 0, 1, 1, 0, 0, 0, 0, 1, 1, 0, 0, 0, 0, 1, 0]","{'n_estimators': 50, 'max_features': 'auto', 'max_depth': 1000, 'min_samples_split': 10, 'min_samples_leaf': 5, 'bootstrap': False}",COMPLETE
20,0.0,2024-07-08 12:33:46.740922,2024-07-08 12:34:03.060882,0 days 00:00:16.319960,RandomForestClassifier,Normalize_Max_1,,"[0, 0, 0, 0, 0, 0, 0, 1, 1, 0, 0, 1, 1, 0, 0, 0, 1, 1, 1, 1, 1, 1, 0, 0, 1, 0, 1, 1, 1, 1, 0, 1, 0, 0, 1, 0, 1, 1, 0, 1, 0, 0, 0, 0, 1, 1, 1, 0, 1]","{'n_estimators': 500, 'max_features': 'auto', 'max_depth': None, 'min_samples_split': 50, 'min_samples_leaf': 10, 'bootstrap': True}",COMPLETE
21,0.7387096771810613,2024-07-08 12:33:46.783923,2024-07-08 12:34:08.039119,0 days 00:00:21.255196,KNeighborsClassifier,RobustScaler,TomekLinks,"[0, 0, 1, 0, 0, 1, 0, 0, 0, 1, 1, 1, 1, 1, 0, 1, 1, 0, 1, 1, 1, 1, 1, 0, 1, 1, 1, 0, 1, 0, 1, 0, 1, 1, 0, 0, 0, 1, 1, 0, 0, 1, 1, 1, 0, 1, 0, 1, 0]","{'n_neighbors': 7, 'weights': 'uniform', 'algorithm': 'auto', 'leaf_size': 60, 'p': 1, 'metric': 'manhattan'}",COMPLETE
22,0.41935483857440164,2024-07-08 12:33:46.814923,2024-07-08 12:33:59.139931,0 days 00:00:12.325008,XGBClassifier,Normalize_Max_0,NearMiss,"[0, 0, 0, 1, 0, 1, 0, 1, 0, 1, 1, 0, 1, 0, 0, 1, 0, 1, 0, 0, 1, 1, 0, 1, 0, 0, 0, 0, 1, 1, 0, 1, 1, 0, 0, 0, 1, 1, 0, 0, 1, 1, 1, 0, 0, 1, 1, 0, 0]","{'n_estimators': 100, 'learning_rate': 1.0, 'max_depth': 7, 'min_child_weight': 10, 'subsample': 0.7, 'colsample_bytree': 0.7, 'gamma': 1.0, 'reg_alpha': 0.0, 'reg_lambda': 0.1}",COMPLETE
23,0.35806451601352757,2024-07-08 12:33:46.859885,2024-07-08 12:34:13.144121,0 days 00:00:26.284236,BaggingClassifier,Normalize_L2_1,BorderlineSMOTE,"[1, 1, 0, 1, 1, 0, 0, 1, 0, 0, 0, 0, 0, 1, 1, 0, 0, 0, 0, 0, 1, 1, 0, 0, 0, 0, 0, 0, 0, 0, 1, 1, 1, 1, 0, 0, 0, 1, 0, 0, 0, 0, 0, 1, 1, 1, 1, 0, 1]","{'n_estimators': 200, 'max_samples': 0.5, 'max_features': 0.1, 'bootstrap': False, 'bootstrap_features': True}",COMPLETE
24,0.5870967740041623,2024-07-08 12:33:46.828944,2024-07-08 12:34:03.372880,0 days 00:00:16.543936,RandomForestClassifier,MinMaxScaler,SMOTEENN,"[0, 1, 0, 1, 1, 1, 0, 0, 1, 0, 0, 1, 0, 0, 0, 0, 1, 1, 1, 0, 1, 1, 0, 1, 0, 0, 0, 0, 1, 1, 0, 0, 1, 1, 1, 0, 1, 0, 1, 0, 0, 0, 1, 0, 0, 1, 1, 1, 0]","{'n_estimators': 10, 'max_features': 'log2', 'max_depth': 50, 'min_samples_split': 10, 'min_samples_leaf': 2, 'bootstrap': True}",COMPLETE
25,0.0,2024-07-08 12:33:46.934915,2024-07-08 12:34:08.047119,0 days 00:00:21.112204,GradientBoostingClassifier,Normalize_L1_1,NearMiss,"[0, 0, 1, 1, 1, 0, 1, 1, 1, 1, 0, 1, 1, 0, 0, 0, 1, 0, 0, 1, 0, 1, 1, 0, 0, 0, 1, 0, 0, 1, 0, 1, 1, 0, 0, 0, 1, 1, 1, 0, 0, 0, 1, 1, 1, 0, 1, 1, 0]","{'n_estimators': 50, 'learning_rate': 0.1, 'max_depth': 3, 'min_samples_split': 50, 'min_samples_leaf': 50, 'subsample': 0.5, 'max_features': 'auto'}",COMPLETE
26,0.0,2024-07-08 12:33:46.987941,2024-07-08 12:33:51.352885,0 days 00:00:04.364944,RandomForestClassifier,,TomekLinks,,"{'n_estimators': 100, 'max_features': None, 'max_depth': 1000, 'min_samples_split': 2, 'min_samples_leaf': 10, 'bootstrap': False}",COMPLETE
27,0.3677419353652445,2024-07-08 12:33:47.038882,2024-07-08 12:33:59.758924,0 days 00:00:12.720042,SVC,MaxAbsScaler,SVMSMOTE,"[1, 0, 1, 1, 0, 0, 0, 1, 1, 0, 1, 0, 0, 0, 1, 0, 1, 0, 1, 0, 0, 1, 1, 0, 1, 0, 1, 0, 0, 1, 0, 1, 0, 1, 0, 0, 0, 1, 1, 0, 1, 0, 1, 0, 1, 0, 0, 1, 0]","{'C': 1.0, 'kernel': 'sigmoid', 'degree': 3, 'gamma': 'scale', 'coef0': 0.1, 'shrinking': False, 'probability': True, 'class_weight': None, 'decision_function_shape': 'ovr'}",COMPLETE
28,0.7967741932913631,2024-07-08 12:33:47.075911,2024-07-08 12:34:52.260580,0 days 00:01:05.184669,RandomForestClassifier,Normalize_L1_1,,"[1, 0, 0, 0, 1, 1, 0, 0, 1, 1, 0, 1, 1, 0, 1, 1, 1, 1, 0, 1, 0, 0, 0, 0, 1, 0, 1, 1, 0, 0, 1, 0, 1, 0, 1, 0, 1, 1, 0, 0, 1, 0, 1, 0, 0, 1, 0, 0, 0]","{'n_estimators': 2000, 'max_features': 'sqrt', 'max_depth': 10, 'min_samples_split': 100, 'min_samples_leaf': 5, 'bootstrap': True}",COMPLETE
29,0.554838709498439,2024-07-08 12:33:47.106910,2024-07-08 12:36:07.125350,0 days 00:02:20.018440,RandomForestClassifier,MaxAbsScaler,BorderlineSMOTE,"[0, 1, 1, 1, 1, 1, 1, 0, 1, 1, 1, 1, 0, 1, 1, 0, 0, 1, 0, 1, 0, 0, 0, 1, 1, 0, 0, 1, 1, 0, 1, 0, 0, 0, 1, 1, 0, 0, 0, 1, 0, 0, 1, 1, 0, 1, 1, 0, 0]","{'n_estimators': 2000, 'max_features': None, 'max_depth': 1000, 'min_samples_split': 10, 'min_samples_leaf': 5, 'bootstrap': False}",COMPLETE
30,0.7774193545879292,2024-07-08 12:33:47.160923,2024-07-08 12:34:11.354121,0 days 00:00:24.193198,ExtraTreesClassifier,Normalize_L1_0,RandomOverSampler,"[0, 0, 1, 1, 0, 0, 0, 1, 0, 0, 1, 0, 1, 0, 0, 0, 0, 0, 0, 0, 1, 1, 0, 0, 0, 1, 0, 0, 0, 1, 1, 1, 1, 1, 0, 1, 0, 0, 1, 1, 0, 0, 0, 0, 1, 1, 1, 1, 0]","{'n_estimators': 2000, 'max_features': 'sqrt', 'max_depth': None, 'min_samples_split': 10, 'min_samples_leaf': 5, 'bootstrap': False}",COMPLETE
31,0.0,2024-07-08 12:33:47.211921,2024-07-08 12:34:05.124949,0 days 00:00:17.913028,MLPClassifier,,,,,COMPLETE
32,0.4161290321238293,2024-07-08 12:33:47.212935,2024-07-08 12:34:06.054096,0 days 00:00:18.841161,RandomForestClassifier,RobustScaler,NearMiss,"[0, 1, 0, 0, 1, 1, 0, 1, 1, 0, 0, 0, 1, 0, 1, 1, 0, 0, 0, 0, 1, 0, 0, 1, 1, 1, 1, 0, 1, 1, 0, 0, 1, 0, 0, 0, 1, 1, 1, 0, 1, 1, 1, 0, 1, 0, 0, 0, 1]","{'n_estimators': 50, 'max_features': None, 'max_depth': 200, 'min_samples_split': 10, 'min_samples_leaf': 2, 'bootstrap': True}",COMPLETE
33,0.6032258062570239,2024-07-08 12:33:47.371892,2024-07-08 12:34:58.278575,0 days 00:01:10.906683,GradientBoostingClassifier,Normalize_L2_0,SMOTE,"[0, 0, 1, 1, 0, 0, 0, 0, 1, 1, 1, 0, 1, 0, 0, 1, 0, 1, 0, 0, 1, 0, 1, 0, 0, 0, 0, 0, 0, 1, 1, 0, 1, 1, 0, 0, 0, 0, 0, 0, 0, 1, 0, 0, 1, 0, 1, 1, 1]","{'n_estimators': 500, 'learning_rate': 1.0, 'max_depth': 9, 'min_samples_split': 10, 'min_samples_leaf': 1, 'subsample': 0.7, 'max_features': None}",COMPLETE
34,0.5774193546524453,2024-07-08 12:33:47.405882,2024-07-08 12:34:02.519883,0 days 00:00:15.114001,KNeighborsClassifier,Normalize_Max_0,SMOTETomek,"[0, 0, 0, 0, 1, 0, 0, 0, 0, 0, 0, 0, 1, 1, 1, 1, 0, 0, 1, 0, 1, 0, 1, 1, 1, 0, 0, 0, 1, 0, 0, 0, 0, 0, 0, 1, 1, 1, 1, 1, 0, 0, 1, 0, 1, 1, 0, 0, 1]","{'n_neighbors': 5, 'weights': 'distance', 'algorithm': 'brute', 'leaf_size': 30, 'p': 2, 'metric': 'euclidean'}",COMPLETE
35,0.22580645154006243,2024-07-08 12:33:47.455908,2024-07-08 12:34:02.860939,0 days 00:00:15.405031,ExtraTreesClassifier,Normalize_L1_0,RandomOverSampler,"[1, 0, 0, 1, 1, 0, 1, 0, 0, 1, 0, 1, 0, 1, 0, 0, 0, 1, 0, 0, 1, 0, 1, 0, 0, 0, 1, 1, 0, 0, 0, 1, 0, 1, 0, 0, 1, 1, 0, 1, 1, 1, 1, 1, 1, 1, 0, 1, 0]","{'n_estimators': 200, 'max_features': None, 'max_depth': 100, 'min_samples_split': 200, 'min_samples_leaf': 2, 'bootstrap': False}",COMPLETE
36,0.0,2024-07-08 12:33:47.490912,2024-07-08 12:34:16.176118,0 days 00:00:28.685206,BaggingClassifier,Normalize_L1_0,KMeansSMOTE,,"{'n_estimators': 50, 'max_samples': 0.5, 'max_features': 0.1, 'bootstrap': False, 'bootstrap_features': False}",COMPLETE
37,0.0,2024-07-08 12:33:47.519888,2024-07-08 12:34:05.772060,0 days 00:00:18.252172,MLPClassifier,,,,,COMPLETE
38,0.5161290320915712,2024-07-08 12:33:47.628886,2024-07-08 12:34:14.312120,0 days 00:00:26.683234,BaggingClassifier,MinMaxScaler,ADASYN,"[0, 0, 0, 1, 1, 0, 0, 1, 0, 1, 0, 0, 1, 0, 1, 0, 1, 0, 1, 1, 1, 0, 0, 0, 0, 0, 1, 1, 1, 1, 1, 0, 1, 1, 1, 0, 1, 0, 1, 1, 0, 1, 0, 1, 1, 0, 1, 0, 1]","{'n_estimators': 100, 'max_samples': 1.0, 'max_features': 1.0, 'bootstrap': False, 'bootstrap_features': True}",COMPLETE
39,0.7225806449281997,2024-07-08 12:33:47.689924,2024-07-08 12:34:53.108577,0 days 00:01:05.418653,BaggingClassifier,Normalize_L1_0,BorderlineSMOTE,"[1, 0, 0, 0, 1, 0, 1, 0, 1, 0, 1, 0, 0, 1, 0, 1, 0, 1, 1, 0, 1, 1, 1, 1, 0, 0, 0, 1, 1, 0, 0, 0, 0, 0, 1, 0, 0, 0, 0, 0, 1, 1, 1, 0, 1, 1, 1, 1, 0]","{'n_estimators': 1000, 'max_samples': 0.5, 'max_features': 0.5, 'bootstrap': True, 'bootstrap_features': True}",COMPLETE
40,0.6548387094661811,2024-07-08 12:33:47.754928,2024-07-08 12:34:10.551122,0 days 00:00:22.796194,KNeighborsClassifier,Normalize_L2_1,TomekLinks,"[1, 1, 0, 1, 0, 0, 0, 1, 0, 1, 1, 1, 0, 1, 1, 1, 1, 0, 0, 0, 1, 0, 0, 1, 1, 1, 1, 1, 1, 1, 1, 0, 1, 0, 1, 0, 1, 1, 0, 1, 0, 0, 1, 0, 0, 0, 1, 0, 0]","{'n_neighbors': 3, 'weights': 'uniform', 'algorithm': 'kd_tree', 'leaf_size': 20, 'p': 1, 'metric': 'manhattan'}",COMPLETE
41,0.7290322578293443,2024-07-08 12:33:47.806884,2024-07-08 12:34:06.137032,0 days 00:00:18.330148,KNeighborsClassifier,Normalize_L1_1,TomekLinks,"[0, 0, 1, 1, 1, 1, 1, 1, 0, 0, 0, 0, 0, 0, 0, 0, 0, 1, 0, 1, 0, 1, 0, 1, 0, 0, 0, 0, 0, 0, 1, 0, 0, 1, 0, 1, 1, 1, 1, 1, 0, 0, 1, 1, 0, 0, 1, 1, 1]","{'n_neighbors': 5, 'weights': 'distance', 'algorithm': 'kd_tree', 'leaf_size': 30, 'p': 1, 'metric': 'manhattan'}",COMPLETE
42,0.5064516127398543,2024-07-08 12:33:47.854909,2024-07-08 12:34:51.459578,0 days 00:01:03.604669,AdaBoostClassifier,Normalize_Max_0,RandomOverSampler,"[0, 0, 1, 0, 0, 0, 0, 1, 1, 1, 1, 0, 0, 0, 1, 1, 1, 0, 0, 1, 1, 0, 1, 1, 1, 1, 0, 1, 0, 1, 1, 1, 1, 0, 1, 0, 1, 1, 1, 0, 1, 1, 1, 1, 0, 1, 0, 0, 1]","{'n_estimators': 10, 'learning_rate': 1.0, 'algorithm': 'SAMME'}",COMPLETE
43,0.6387096772133194,2024-07-08 12:33:47.908909,2024-07-08 12:34:06.400123,0 days 00:00:18.491214,KNeighborsClassifier,MinMaxScaler,TomekLinks,"[0, 0, 0, 0, 0, 1, 0, 1, 0, 1, 1, 0, 0, 1, 1, 0, 0, 1, 1, 0, 1, 1, 1, 0, 0, 0, 1, 1, 0, 1, 0, 1, 1, 0, 0, 0, 0, 0, 1, 0, 1, 1, 0, 1, 1, 1, 1, 0, 1]","{'n_neighbors': 5, 'weights': 'distance', 'algorithm': 'auto', 'leaf_size': 50, 'p': 1, 'metric': 'minkowski'}",COMPLETE
44,0.4774193546847034,2024-07-08 12:33:47.950891,2024-07-08 12:34:02.908892,0 days 00:00:14.958001,DecisionTreeClassifier,MinMaxScaler,SMOTETomek,"[1, 0, 1, 0, 0, 1, 1, 0, 0, 0, 0, 0, 1, 0, 0, 1, 1, 0, 1, 1, 1, 1, 1, 1, 0, 1, 1, 1, 1, 0, 0, 1, 1, 1, 1, 1, 0, 1, 0, 1, 0, 0, 0, 0, 1, 0, 1, 1, 1]","{'max_depth': 1000, 'min_samples_split': 200, 'min_samples_leaf': 100, 'max_features': None, 'splitter': 'best'}",COMPLETE
45,0.7806451610385015,2024-07-08 12:33:48.004930,2024-07-08 12:34:14.307121,0 days 00:00:26.302191,KNeighborsClassifier,Normalize_L1_1,TomekLinks,"[1, 0, 1, 0, 1, 0, 0, 0, 1, 1, 0, 0, 0, 0, 1, 1, 1, 0, 1, 0, 1, 0, 1, 1, 1, 0, 0, 0, 0, 1, 1, 1, 0, 1, 0, 0, 0, 0, 0, 0, 0, 1, 0, 1, 0, 0, 1, 1, 0]","{'n_neighbors': 20, 'weights': 'distance', 'algorithm': 'ball_tree', 'leaf_size': 30, 'p': 2, 'metric': 'minkowski'}",COMPLETE
46,0.0,2024-07-08 12:33:48.056895,2024-07-08 12:33:59.503885,0 days 00:00:11.446990,MLPClassifier,,,,,COMPLETE
47,0.7870967739396462,2024-07-08 12:33:48.107910,2024-07-08 12:34:08.175122,0 days 00:00:20.067212,KNeighborsClassifier,Normalize_L1_0,TomekLinks,"[0, 0, 1, 0, 0, 1, 0, 1, 0, 1, 1, 1, 0, 1, 0, 1, 1, 1, 0, 1, 1, 0, 0, 1, 1, 0, 0, 0, 0, 1, 1, 0, 0, 1, 1, 0, 0, 0, 0, 0, 0, 1, 1, 1, 0, 0, 1, 1, 1]","{'n_neighbors': 10, 'weights': 'uniform', 'algorithm': 'brute', 'leaf_size': 10, 'p': 2, 'metric': 'minkowski'}",COMPLETE
48,0.7483870965327784,2024-07-08 12:33:48.156891,2024-07-08 12:34:11.554122,0 days 00:00:23.397231,KNeighborsClassifier,Normalize_L1_1,TomekLinks,"[1, 0, 0, 0, 0, 1, 1, 1, 0, 1, 1, 0, 0, 0, 0, 0, 0, 0, 0, 1, 1, 0, 0, 1, 0, 1, 1, 0, 1, 0, 0, 1, 0, 0, 0, 0, 0, 0, 1, 0, 0, 0, 0, 1, 1, 1, 0, 0, 0]","{'n_neighbors': 5, 'weights': 'uniform', 'algorithm': 'brute', 'leaf_size': 50, 'p': 1, 'metric': 'euclidean'}",COMPLETE
49,0.22580645154006243,2024-07-08 12:33:48.205924,2024-07-08 12:34:51.673577,0 days 00:01:03.467653,ExtraTreesClassifier,Normalize_L1_0,RandomOverSampler,"[1, 0, 1, 0, 1, 1, 0, 0, 1, 0, 1, 1, 1, 0, 1, 1, 1, 1, 0, 1, 0, 1, 0, 0, 0, 0, 1, 0, 1, 0, 1, 0, 0, 1, 0, 1, 1, 1, 0, 0, 1, 0, 0, 0, 1, 0, 0, 1, 0]","{'n_estimators': 2000, 'max_features': 'sqrt', 'max_depth': 100, 'min_samples_split': 100, 'min_samples_leaf': 50, 'bootstrap': False}",COMPLETE
50,0.6838709675213319,2024-07-08 12:33:48.544919,2024-07-08 12:35:59.482328,0 days 00:02:10.937409,BaggingClassifier,Normalize_L1_0,BorderlineSMOTE,"[1, 0, 1, 0, 1, 0, 1, 0, 1, 1, 1, 0, 1, 1, 0, 0, 1, 1, 1, 1, 0, 0, 0, 1, 1, 1, 1, 0, 0, 1, 1, 0, 1, 0, 0, 0, 1, 1, 0, 1, 1, 1, 1, 0, 1, 1, 1, 0, 0]","{'n_estimators': 1000, 'max_samples': 1.0, 'max_features': 1.0, 'bootstrap': False, 'bootstrap_features': False}",COMPLETE
51,0.7741935481373569,2024-07-08 12:33:48.732880,2024-07-08 12:34:08.641123,0 days 00:00:19.908243,KNeighborsClassifier,Normalize_Max_0,TomekLinks,"[1, 0, 0, 1, 0, 0, 0, 1, 1, 1, 1, 0, 1, 1, 0, 1, 1, 0, 1, 1, 1, 0, 1, 0, 1, 0, 0, 1, 0, 1, 0, 1, 0, 1, 1, 1, 0, 1, 0, 0, 1, 1, 1, 0, 1, 1, 0, 1, 0]","{'n_neighbors': 15, 'weights': 'uniform', 'algorithm': 'ball_tree', 'leaf_size': 50, 'p': 1, 'metric': 'euclidean'}",COMPLETE
52,0.0,2024-07-08 12:33:49.235884,2024-07-08 12:34:18.310118,0 days 00:00:29.074234,BaggingClassifier,Normalize_L1_0,KMeansSMOTE,,"{'n_estimators': 200, 'max_samples': 1.0, 'max_features': 0.1, 'bootstrap': True, 'bootstrap_features': True}",COMPLETE
53,0.7774193545879292,2024-07-08 12:33:50.395932,2024-07-08 12:34:29.181373,0 days 00:00:38.785441,BaggingClassifier,Normalize_L1_1,TomekLinks,"[0, 1, 1, 0, 0, 1, 0, 1, 0, 0, 0, 0, 0, 1, 0, 0, 0, 1, 0, 0, 0, 0, 0, 1, 0, 1, 1, 0, 1, 0, 1, 0, 1, 1, 1, 1, 1, 1, 1, 1, 0, 1, 0, 0, 0, 0, 0, 0, 0]","{'n_estimators': 1000, 'max_samples': 0.1, 'max_features': 0.5, 'bootstrap': False, 'bootstrap_features': False}",COMPLETE
54,0.41935483857440164,2024-07-08 12:33:50.960885,2024-07-08 12:34:18.126118,0 days 00:00:27.165233,BaggingClassifier,Normalize_L1_1,SMOTEENN,"[0, 1, 0, 0, 1, 1, 0, 0, 0, 0, 0, 0, 0, 1, 0, 1, 0, 1, 0, 1, 1, 0, 0, 1, 0, 1, 1, 1, 1, 0, 1, 1, 1, 0, 0, 1, 0, 0, 0, 0, 1, 0, 0, 1, 1, 0, 1, 0, 0]","{'n_estimators': 200, 'max_samples': 1.0, 'max_features': 1.0, 'bootstrap': False, 'bootstrap_features': True}",COMPLETE
55,0.0,2024-07-08 12:33:54.179924,2024-07-08 12:34:27.138135,0 days 00:00:32.958211,BaggingClassifier,Normalize_L1_0,KMeansSMOTE,,"{'n_estimators': 1000, 'max_samples': 0.1, 'max_features': 0.5, 'bootstrap': True, 'bootstrap_features': False}",COMPLETE
