number,value,datetime_start,datetime_complete,duration,params_model,params_normTechnique,params_sampleTechnique,user_attrs_binIndices,user_attrs_hyperparams,state
512,0.0,2024-07-08 12:38:00.133349,2024-07-08 12:38:25.312821,0 days 00:00:25.179472,XGBClassifier,Normalize_L2_0,KMeansSMOTE,,"{'n_estimators': 10, 'learning_rate': 0.01, 'max_depth': 7, 'min_child_weight': 5, 'subsample': 0.5, 'colsample_bytree': 0.7, 'gamma': 0.1, 'reg_alpha': 1.0, 'reg_lambda': 0.1}",COMPLETE
513,0.745161290082206,2024-07-08 12:38:00.384352,2024-07-08 12:38:17.428547,0 days 00:00:17.044195,XGBClassifier,Normalize_L1_1,,"[1, 1, 0, 1, 0, 0, 1, 1, 1, 1, 0, 0, 0, 0, 1, 1, 1, 0, 1, 1, 0, 1, 1, 0, 1, 1, 1, 0, 0, 0, 1, 1, 1, 1, 0, 1, 1, 1, 1, 1, 1, 0, 0, 1, 0, 0, 0, 1, 1]","{'n_estimators': 500, 'learning_rate': 0.1, 'max_depth': 7, 'min_child_weight': 3, 'subsample': 0.7, 'colsample_bytree': 0.5, 'gamma': 0.5, 'reg_alpha': 1.0, 'reg_lambda': 1.0}",COMPLETE
514,0.7774193545879292,2024-07-08 12:38:02.132351,2024-07-08 12:38:15.719522,0 days 00:00:13.587171,XGBClassifier,Normalize_L1_1,,"[0, 1, 1, 0, 1, 0, 0, 0, 0, 0, 1, 0, 1, 1, 0, 1, 0, 1, 1, 1, 1, 1, 1, 1, 0, 0, 0, 1, 1, 0, 0, 0, 0, 0, 1, 0, 0, 0, 1, 1, 0, 1, 1, 0, 1, 0, 0, 1, 1]","{'n_estimators': 100, 'learning_rate': 0.1, 'max_depth': 9, 'min_child_weight': 5, 'subsample': 0.7, 'colsample_bytree': 0.5, 'gamma': 1.0, 'reg_alpha': 0.1, 'reg_lambda': 0.0}",COMPLETE
515,0.0,2024-07-08 12:38:02.265349,2024-07-08 12:38:18.359548,0 days 00:00:16.094199,MLPClassifier,,,,,COMPLETE
516,0.7935483868407908,2024-07-08 12:38:02.344350,2024-07-08 12:38:18.889573,0 days 00:00:16.545223,XGBClassifier,Normalize_L2_1,,"[0, 0, 0, 0, 0, 0, 0, 1, 0, 1, 1, 0, 0, 1, 0, 0, 1, 1, 0, 1, 0, 0, 1, 0, 1, 0, 0, 1, 1, 1, 1, 1, 1, 0, 1, 0, 1, 1, 1, 1, 0, 1, 0, 0, 0, 1, 1, 1, 1]","{'n_estimators': 10, 'learning_rate': 10.0, 'max_depth': 5, 'min_child_weight': 5, 'subsample': 0.7, 'colsample_bytree': 0.7, 'gamma': 0.1, 'reg_alpha': 0.1, 'reg_lambda': 0.1}",COMPLETE
517,0.7161290320270551,2024-07-08 12:38:02.426350,2024-07-08 12:38:17.432544,0 days 00:00:15.006194,XGBClassifier,Normalize_L1_1,,"[0, 0, 1, 0, 1, 1, 0, 1, 0, 1, 0, 1, 0, 0, 0, 0, 0, 1, 0, 0, 0, 0, 0, 1, 0, 1, 0, 1, 1, 0, 0, 0, 0, 0, 0, 0, 0, 1, 1, 0, 0, 0, 0, 0, 1, 0, 0, 0, 1]","{'n_estimators': 100, 'learning_rate': 0.5, 'max_depth': 7, 'min_child_weight': 1, 'subsample': 1.0, 'colsample_bytree': 0.5, 'gamma': 0.1, 'reg_alpha': 0.1, 'reg_lambda': 0.0}",COMPLETE
518,0.7935483868407908,2024-07-08 12:38:02.757349,2024-07-08 12:38:36.287798,0 days 00:00:33.530449,AdaBoostClassifier,Normalize_L2_0,,"[1, 0, 1, 0, 1, 0, 0, 1, 0, 0, 1, 0, 0, 1, 0, 0, 1, 0, 0, 1, 0, 1, 0, 1, 1, 0, 1, 1, 1, 0, 1, 1, 0, 0, 1, 0, 1, 1, 0, 1, 1, 1, 0, 0, 1, 0, 0, 0, 1]","{'n_estimators': 500, 'learning_rate': 10.0, 'algorithm': 'SAMME'}",COMPLETE
519,0.7258064513787721,2024-07-08 12:38:02.837349,2024-07-08 12:38:18.179587,0 days 00:00:15.342238,XGBClassifier,Normalize_L2_1,,"[1, 0, 1, 0, 0, 0, 1, 0, 0, 0, 0, 1, 1, 1, 1, 0, 0, 1, 0, 1, 1, 1, 1, 0, 0, 0, 1, 1, 1, 0, 1, 0, 0, 1, 1, 0, 1, 1, 1, 1, 1, 0, 1, 1, 1, 0, 0, 1, 1]","{'n_estimators': 1000, 'learning_rate': 0.5, 'max_depth': 7, 'min_child_weight': 3, 'subsample': 1.0, 'colsample_bytree': 0.5, 'gamma': 0.1, 'reg_alpha': 0.0, 'reg_lambda': 0.0}",COMPLETE
520,0.0,2024-07-08 12:38:02.941349,2024-07-08 12:38:24.660798,0 days 00:00:21.719449,SVC,Normalize_L2_0,,"[1, 1, 1, 1, 1, 1, 1, 0, 1, 1, 1, 1, 0, 0, 0, 1, 0, 1, 1, 1, 1, 0, 1, 1, 1, 0, 1, 1, 0, 1, 1, 0, 0, 0, 0, 1, 0, 0, 1, 0, 1, 0, 1, 1, 1, 1, 1, 0, 0]","{'C': 10.0, 'kernel': 'poly', 'degree': 6, 'gamma': '0.01', 'coef0': 0.0, 'shrinking': False, 'probability': True, 'class_weight': 'balanced', 'decision_function_shape': 'ovo'}",COMPLETE
521,0.7709677416867845,2024-07-08 12:38:03.034348,2024-07-08 12:38:19.524543,0 days 00:00:16.490195,XGBClassifier,Normalize_L2_1,,"[0, 1, 0, 0, 1, 0, 0, 0, 1, 0, 1, 0, 1, 0, 0, 1, 1, 1, 1, 0, 1, 0, 1, 0, 0, 0, 0, 1, 0, 0, 0, 0, 0, 0, 0, 0, 1, 0, 0, 1, 1, 1, 1, 0, 1, 1, 1, 1, 1]","{'n_estimators': 50, 'learning_rate': 0.5, 'max_depth': 7, 'min_child_weight': 10, 'subsample': 1.0, 'colsample_bytree': 0.5, 'gamma': 0.1, 'reg_alpha': 1.0, 'reg_lambda': 0.1}",COMPLETE
522,0.32580645150780435,2024-07-08 12:38:03.695350,2024-07-08 12:38:32.113798,0 days 00:00:28.418448,AdaBoostClassifier,Normalize_L1_0,NearMiss,"[0, 0, 1, 0, 0, 0, 0, 0, 1, 1, 0, 1, 1, 1, 1, 1, 0, 0, 0, 1, 0, 1, 0, 1, 1, 1, 0, 0, 1, 1, 0, 0, 0, 0, 1, 0, 0, 1, 0, 1, 1, 1, 1, 0, 0, 1, 1, 0, 1]","{'n_estimators': 10, 'learning_rate': 0.1, 'algorithm': 'SAMME'}",COMPLETE
523,0.7870967739396462,2024-07-08 12:38:04.922350,2024-07-08 12:38:22.381813,0 days 00:00:17.459463,XGBClassifier,Normalize_L2_0,,"[0, 1, 1, 0, 1, 1, 1, 0, 0, 1, 0, 1, 1, 1, 0, 1, 0, 1, 1, 1, 0, 0, 0, 1, 1, 1, 0, 0, 0, 0, 0, 0, 1, 1, 1, 1, 0, 1, 0, 1, 1, 0, 0, 0, 0, 0, 1, 0, 0]","{'n_estimators': 500, 'learning_rate': 0.1, 'max_depth': 7, 'min_child_weight': 10, 'subsample': 0.5, 'colsample_bytree': 0.7, 'gamma': 0.5, 'reg_alpha': 0.0, 'reg_lambda': 1.0}",COMPLETE
524,0.7935483868407908,2024-07-08 12:38:05.235351,2024-07-08 12:38:29.687775,0 days 00:00:24.452424,XGBClassifier,Normalize_L2_0,,"[0, 1, 0, 1, 0, 0, 0, 0, 0, 1, 1, 0, 1, 0, 0, 0, 1, 1, 0, 0, 1, 0, 1, 1, 0, 0, 0, 0, 1, 1, 1, 0, 1, 0, 1, 0, 1, 0, 1, 0, 1, 1, 1, 0, 0, 1, 0, 1, 0]","{'n_estimators': 500, 'learning_rate': 0.01, 'max_depth': 5, 'min_child_weight': 3, 'subsample': 0.7, 'colsample_bytree': 1.0, 'gamma': 0.5, 'reg_alpha': 0.0, 'reg_lambda': 0.1}",COMPLETE
525,0.6451612901144641,2024-07-08 12:38:08.934349,2024-07-08 12:38:24.697772,0 days 00:00:15.763423,XGBClassifier,Normalize_L2_0,SVMSMOTE,"[1, 0, 1, 1, 1, 1, 0, 0, 1, 0, 1, 0, 0, 1, 1, 1, 0, 1, 0, 0, 1, 1, 1, 0, 0, 0, 1, 1, 0, 1, 0, 1, 0, 1, 0, 1, 1, 1, 1, 1, 0, 1, 0, 0, 0, 0, 1, 0, 0]","{'n_estimators': 500, 'learning_rate': 0.5, 'max_depth': 3, 'min_child_weight': 5, 'subsample': 0.7, 'colsample_bytree': 1.0, 'gamma': 0.5, 'reg_alpha': 1.0, 'reg_lambda': 1.0}",COMPLETE
526,0.6999999997741935,2024-07-08 12:38:09.524352,2024-07-08 12:38:21.890777,0 days 00:00:12.366425,XGBClassifier,Normalize_L2_0,,"[0, 1, 0, 0, 1, 0, 0, 1, 0, 1, 0, 1, 0, 0, 1, 0, 1, 1, 1, 0, 1, 1, 0, 1, 1, 0, 1, 1, 0, 1, 1, 1, 1, 1, 0, 0, 1, 0, 0, 0, 0, 1, 0, 0, 0, 0, 0, 1, 0]","{'n_estimators': 500, 'learning_rate': 1.0, 'max_depth': 5, 'min_child_weight': 3, 'subsample': 0.7, 'colsample_bytree': 0.7, 'gamma': 1.0, 'reg_alpha': 0.0, 'reg_lambda': 0.1}",COMPLETE
527,0.7935483868407908,2024-07-08 12:38:10.657349,2024-07-08 12:38:23.339800,0 days 00:00:12.682451,XGBClassifier,Normalize_L2_0,,"[0, 1, 0, 1, 0, 1, 1, 0, 0, 0, 0, 0, 1, 1, 1, 0, 0, 0, 0, 1, 0, 1, 0, 0, 1, 1, 0, 1, 0, 1, 0, 1, 0, 1, 0, 0, 1, 0, 1, 1, 0, 0, 1, 0, 0, 1, 0, 0, 0]","{'n_estimators': 500, 'learning_rate': 0.5, 'max_depth': 3, 'min_child_weight': 10, 'subsample': 1.0, 'colsample_bytree': 0.5, 'gamma': 1.0, 'reg_alpha': 0.1, 'reg_lambda': 0.1}",COMPLETE
528,0.0,2024-07-08 12:38:11.584353,2024-07-08 12:38:24.561776,0 days 00:00:12.977423,KNeighborsClassifier,Normalize_L2_0,KMeansSMOTE,,"{'n_neighbors': 20, 'weights': 'uniform', 'algorithm': 'ball_tree', 'leaf_size': 20, 'p': 2, 'metric': 'euclidean'}",COMPLETE
529,0.3387096773100936,2024-07-08 12:38:14.261354,2024-07-08 12:38:32.116773,0 days 00:00:17.855419,XGBClassifier,Normalize_L2_0,SVMSMOTE,"[0, 0, 0, 0, 1, 0, 1, 0, 0, 0, 1, 0, 1, 1, 0, 1, 0, 1, 0, 1, 0, 1, 1, 1, 0, 1, 1, 0, 1, 0, 0, 1, 0, 0, 1, 0, 1, 1, 0, 1, 1, 1, 1, 0, 1, 1, 1, 1, 1]","{'n_estimators': 50, 'learning_rate': 1.0, 'max_depth': 3, 'min_child_weight': 10, 'subsample': 1.0, 'colsample_bytree': 1.0, 'gamma': 0.1, 'reg_alpha': 1.0, 'reg_lambda': 0.1}",COMPLETE
530,0.0,2024-07-08 12:38:15.236525,2024-07-08 12:38:21.826814,0 days 00:00:06.590289,XGBClassifier,Normalize_L2_0,KMeansSMOTE,,"{'n_estimators': 100, 'learning_rate': 10.0, 'max_depth': 3, 'min_child_weight': 5, 'subsample': 0.5, 'colsample_bytree': 1.0, 'gamma': 0.5, 'reg_alpha': 0.0, 'reg_lambda': 0.1}",COMPLETE
531,0.31290322570551504,2024-07-08 12:38:15.985545,2024-07-08 12:38:24.625772,0 days 00:00:08.640227,XGBClassifier,Normalize_L2_0,SVMSMOTE,"[0, 1, 1, 1, 1, 0, 1, 0, 1, 1, 0, 0, 1, 1, 1, 1, 0, 0, 1, 1, 1, 1, 0, 1, 1, 1, 1, 0, 0, 1, 1, 1, 0, 0, 0, 0, 0, 1, 1, 1, 1, 1, 0, 1, 1, 1, 1, 1, 0]","{'n_estimators': 10, 'learning_rate': 0.01, 'max_depth': 9, 'min_child_weight': 3, 'subsample': 0.7, 'colsample_bytree': 1.0, 'gamma': 0.5, 'reg_alpha': 0.1, 'reg_lambda': 0.1}",COMPLETE
532,0.0,2024-07-08 12:38:16.736575,2024-07-08 12:38:24.636799,0 days 00:00:07.900224,SVC,Normalize_L1_0,,"[1, 0, 1, 1, 1, 1, 0, 0, 1, 0, 1, 1, 1, 1, 0, 1, 1, 0, 1, 1, 1, 0, 1, 0, 0, 1, 1, 0, 1, 1, 0, 1, 1, 1, 0, 1, 1, 0, 0, 1, 1, 0, 1, 0, 1, 1, 0, 1, 0]","{'C': 10.0, 'kernel': 'rbf', 'degree': 5, 'gamma': '0.01', 'coef0': 0.0, 'shrinking': True, 'probability': False, 'class_weight': 'balanced', 'decision_function_shape': 'ovo'}",COMPLETE
533,0.7935483868407908,2024-07-08 12:38:17.276543,2024-07-08 12:38:44.939807,0 days 00:00:27.663264,XGBClassifier,MinMaxScaler,TomekLinks,"[1, 1, 1, 1, 0, 1, 0, 1, 0, 0, 1, 0, 0, 1, 1, 0, 0, 0, 0, 0, 0, 0, 0, 1, 1, 1, 0, 1, 0, 1, 0, 1, 1, 0, 1, 0, 0, 1, 1, 1, 1, 1, 0, 0, 1, 0, 0, 1, 0]","{'n_estimators': 1000, 'learning_rate': 0.01, 'max_depth': 9, 'min_child_weight': 1, 'subsample': 0.5, 'colsample_bytree': 1.0, 'gamma': 1.0, 'reg_alpha': 1.0, 'reg_lambda': 1.0}",COMPLETE
534,0.0,2024-07-08 12:38:17.613599,2024-07-08 12:38:25.360804,0 days 00:00:07.747205,SVC,Normalize_L2_0,,"[1, 1, 1, 0, 0, 0, 1, 0, 0, 1, 0, 1, 0, 0, 0, 0, 1, 0, 1, 0, 1, 1, 0, 1, 0, 1, 0, 1, 1, 0, 1, 1, 1, 1, 0, 1, 1, 1, 1, 1, 0, 0, 1, 1, 1, 0, 1, 1, 0]","{'C': 100.0, 'kernel': 'linear', 'degree': 2, 'gamma': '0.001', 'coef0': 2.0, 'shrinking': True, 'probability': False, 'class_weight': 'balanced', 'decision_function_shape': 'ovr'}",COMPLETE
535,0.754838709433923,2024-07-08 12:38:17.776575,2024-07-08 12:38:41.998803,0 days 00:00:24.222228,XGBClassifier,Normalize_L1_1,TomekLinks,"[0, 1, 1, 1, 0, 0, 1, 0, 0, 1, 1, 0, 1, 1, 0, 1, 1, 0, 0, 0, 1, 0, 1, 0, 0, 1, 1, 1, 1, 1, 1, 1, 1, 0, 0, 1, 1, 0, 1, 0, 1, 1, 1, 1, 1, 0, 1, 0, 0]","{'n_estimators': 50, 'learning_rate': 0.5, 'max_depth': 7, 'min_child_weight': 5, 'subsample': 1.0, 'colsample_bytree': 1.0, 'gamma': 0.5, 'reg_alpha': 0.1, 'reg_lambda': 0.1}",COMPLETE
536,0.4096774192226847,2024-07-08 12:38:17.825583,2024-07-08 12:38:32.180802,0 days 00:00:14.355219,AdaBoostClassifier,Normalize_L2_0,NearMiss,"[0, 0, 0, 1, 1, 0, 0, 1, 1, 1, 1, 1, 0, 0, 1, 1, 1, 1, 0, 1, 0, 1, 0, 1, 1, 1, 0, 1, 0, 1, 1, 1, 0, 0, 1, 0, 0, 0, 0, 0, 0, 0, 0, 1, 1, 0, 1, 1, 1]","{'n_estimators': 50, 'learning_rate': 1.0, 'algorithm': 'SAMME.R'}",COMPLETE
537,0.3354838708595213,2024-07-08 12:38:17.879545,2024-07-08 12:38:31.607813,0 days 00:00:13.728268,XGBClassifier,Normalize_L2_0,SVMSMOTE,"[1, 1, 0, 1, 1, 1, 0, 0, 1, 0, 1, 0, 0, 0, 1, 1, 1, 1, 0, 0, 1, 1, 1, 1, 0, 0, 1, 1, 0, 0, 1, 0, 1, 0, 1, 1, 1, 1, 1, 0, 1, 0, 1, 0, 1, 1, 1, 1, 1]","{'n_estimators': 1000, 'learning_rate': 0.1, 'max_depth': 7, 'min_child_weight': 10, 'subsample': 1.0, 'colsample_bytree': 0.7, 'gamma': 1.0, 'reg_alpha': 0.0, 'reg_lambda': 1.0}",COMPLETE
538,0.0,2024-07-08 12:38:17.985545,2024-07-08 12:38:27.850800,0 days 00:00:09.865255,SVC,Normalize_L2_0,SVMSMOTE,"[0, 0, 1, 1, 1, 0, 0, 1, 1, 0, 1, 0, 1, 1, 0, 0, 0, 1, 0, 0, 0, 0, 1, 1, 0, 0, 0, 0, 0, 1, 0, 0, 1, 0, 0, 0, 0, 0, 1, 0, 1, 0, 1, 1, 0, 0, 0, 1, 0]","{'C': 100.0, 'kernel': 'poly', 'degree': 6, 'gamma': '0.1', 'coef0': 0.0, 'shrinking': True, 'probability': False, 'class_weight': None, 'decision_function_shape': 'ovr'}",COMPLETE
539,0.41935483857440164,2024-07-08 12:38:18.044545,2024-07-08 12:38:32.614815,0 days 00:00:14.570270,AdaBoostClassifier,Normalize_L2_0,NearMiss,"[0, 1, 0, 1, 1, 1, 0, 0, 1, 1, 0, 0, 1, 1, 0, 1, 0, 0, 0, 1, 0, 1, 1, 1, 1, 0, 1, 1, 1, 0, 1, 1, 0, 1, 1, 0, 0, 1, 1, 1, 0, 0, 0, 1, 0, 0, 0, 1, 0]","{'n_estimators': 200, 'learning_rate': 0.01, 'algorithm': 'SAMME'}",COMPLETE
540,0.41935483857440164,2024-07-08 12:38:18.498547,2024-07-08 12:38:33.062821,0 days 00:00:14.564274,AdaBoostClassifier,Normalize_L2_0,NearMiss,"[0, 1, 0, 1, 1, 1, 1, 0, 0, 0, 1, 0, 1, 0, 1, 0, 1, 1, 1, 1, 1, 0, 0, 0, 1, 1, 0, 0, 0, 1, 1, 0, 1, 0, 1, 0, 0, 1, 1, 0, 0, 1, 1, 0, 0, 0, 0, 0, 0]","{'n_estimators': 200, 'learning_rate': 0.1, 'algorithm': 'SAMME'}",COMPLETE
541,0.7935483868407908,2024-07-08 12:38:18.735547,2024-07-08 12:38:54.679820,0 days 00:00:35.944273,DecisionTreeClassifier,Normalize_L1_1,,"[0, 1, 0, 0, 1, 0, 0, 1, 0, 0, 0, 0, 1, 0, 0, 0, 0, 1, 0, 0, 0, 1, 0, 1, 0, 1, 1, 0, 1, 0, 1, 0, 1, 0, 0, 1, 1, 1, 0, 0, 1, 1, 0, 1, 1, 1, 0, 0, 0]","{'max_depth': 100, 'min_samples_split': 10, 'min_samples_leaf': 50, 'max_features': 'sqrt', 'splitter': 'random'}",COMPLETE
542,0.41935483857440164,2024-07-08 12:38:19.799546,2024-07-08 12:38:32.330815,0 days 00:00:12.531269,AdaBoostClassifier,Normalize_L2_0,NearMiss,"[1, 0, 1, 0, 0, 1, 0, 0, 1, 1, 0, 1, 1, 0, 0, 1, 1, 0, 1, 0, 0, 0, 0, 1, 1, 1, 0, 0, 1, 1, 1, 0, 1, 1, 1, 0, 1, 1, 0, 1, 1, 0, 1, 1, 1, 1, 1, 1, 0]","{'n_estimators': 100, 'learning_rate': 0.1, 'algorithm': 'SAMME'}",COMPLETE
543,0.0,2024-07-08 12:38:19.927543,2024-07-08 12:38:32.733800,0 days 00:00:12.806257,SVC,Normalize_L1_0,SVMSMOTE,"[0, 1, 1, 0, 0, 0, 0, 0, 0, 0, 0, 1, 0, 0, 0, 1, 0, 1, 0, 0, 1, 1, 1, 0, 0, 1, 1, 1, 1, 0, 1, 1, 0, 0, 1, 1, 1, 0, 0, 0, 0, 1, 0, 1, 1, 0, 1, 1, 0]","{'C': 100.0, 'kernel': 'poly', 'degree': 2, 'gamma': '0.1', 'coef0': 2.0, 'shrinking': True, 'probability': True, 'class_weight': 'balanced', 'decision_function_shape': 'ovo'}",COMPLETE
544,0.4322580643766909,2024-07-08 12:38:20.336545,2024-07-08 12:38:36.102815,0 days 00:00:15.766270,AdaBoostClassifier,Normalize_L2_0,NearMiss,"[0, 0, 0, 0, 1, 0, 1, 1, 1, 0, 1, 1, 1, 0, 0, 0, 0, 0, 1, 0, 0, 0, 1, 1, 1, 1, 0, 1, 0, 1, 0, 0, 0, 0, 0, 1, 1, 1, 1, 1, 1, 0, 0, 0, 0, 0, 0, 1, 0]","{'n_estimators': 100, 'learning_rate': 10.0, 'algorithm': 'SAMME.R'}",COMPLETE
545,0.7838709674890738,2024-07-08 12:38:20.886547,2024-07-08 12:38:42.185799,0 days 00:00:21.299252,XGBClassifier,Normalize_L2_1,,"[0, 0, 1, 0, 0, 1, 1, 1, 1, 0, 0, 1, 1, 1, 1, 0, 1, 1, 0, 1, 0, 0, 0, 0, 0, 1, 0, 0, 1, 0, 1, 1, 0, 0, 1, 1, 1, 0, 0, 0, 0, 1, 0, 1, 1, 1, 0, 0, 1]","{'n_estimators': 200, 'learning_rate': 0.1, 'max_depth': 5, 'min_child_weight': 5, 'subsample': 0.7, 'colsample_bytree': 0.7, 'gamma': 1.0, 'reg_alpha': 0.0, 'reg_lambda': 1.0}",COMPLETE
546,0.41935483857440164,2024-07-08 12:38:21.237543,2024-07-08 12:38:32.047801,0 days 00:00:10.810258,AdaBoostClassifier,Normalize_L2_0,NearMiss,"[1, 1, 1, 1, 1, 1, 1, 1, 1, 0, 1, 1, 1, 1, 1, 0, 0, 1, 1, 0, 0, 0, 0, 0, 1, 0, 1, 1, 0, 1, 1, 0, 1, 1, 1, 0, 0, 0, 0, 1, 1, 0, 1, 0, 0, 1, 0, 1, 1]","{'n_estimators': 50, 'learning_rate': 0.01, 'algorithm': 'SAMME'}",COMPLETE
547,0.7935483868407908,2024-07-08 12:38:21.400544,2024-07-08 12:39:00.773863,0 days 00:00:39.373319,AdaBoostClassifier,Normalize_L1_1,,"[0, 1, 0, 0, 1, 1, 0, 0, 0, 0, 0, 1, 0, 1, 0, 0, 0, 0, 1, 1, 1, 0, 0, 1, 1, 1, 1, 0, 1, 0, 0, 1, 1, 1, 0, 1, 1, 0, 0, 0, 1, 1, 0, 1, 1, 1, 0, 0, 1]","{'n_estimators': 1000, 'learning_rate': 1.0, 'algorithm': 'SAMME'}",COMPLETE
548,0.42258064502497394,2024-07-08 12:38:21.433547,2024-07-08 12:38:47.967800,0 days 00:00:26.534253,XGBClassifier,Normalize_L2_0,NearMiss,"[1, 1, 0, 0, 1, 1, 1, 0, 1, 0, 0, 0, 1, 1, 1, 1, 1, 0, 1, 1, 0, 1, 0, 1, 1, 0, 0, 0, 0, 0, 1, 1, 1, 0, 1, 1, 1, 0, 0, 1, 0, 0, 0, 0, 0, 1, 0, 0, 1]","{'n_estimators': 1000, 'learning_rate': 0.1, 'max_depth': 7, 'min_child_weight': 5, 'subsample': 0.7, 'colsample_bytree': 1.0, 'gamma': 1.0, 'reg_alpha': 0.0, 'reg_lambda': 1.0}",COMPLETE
549,0.7935483868407908,2024-07-08 12:38:21.550547,2024-07-08 12:38:37.919800,0 days 00:00:16.369253,AdaBoostClassifier,Normalize_L2_0,,"[1, 1, 1, 0, 0, 0, 0, 1, 1, 1, 1, 0, 0, 1, 1, 1, 0, 1, 0, 1, 0, 1, 0, 1, 0, 0, 1, 0, 0, 0, 1, 1, 0, 0, 0, 0, 0, 0, 0, 0, 0, 1, 0, 1, 1, 1, 0, 0, 0]","{'n_estimators': 500, 'learning_rate': 10.0, 'algorithm': 'SAMME'}",COMPLETE
550,0.6580645159167533,2024-07-08 12:38:22.024800,2024-07-08 12:38:42.710814,0 days 00:00:20.686014,XGBClassifier,MinMaxScaler,TomekLinks,"[0, 1, 0, 1, 1, 0, 0, 0, 0, 1, 1, 0, 1, 1, 1, 1, 1, 1, 1, 0, 0, 0, 0, 1, 0, 0, 0, 0, 0, 1, 0, 0, 1, 1, 0, 1, 1, 0, 1, 1, 0, 0, 1, 0, 0, 1, 1, 0, 0]","{'n_estimators': 500, 'learning_rate': 1.0, 'max_depth': 9, 'min_child_weight': 1, 'subsample': 0.5, 'colsample_bytree': 0.5, 'gamma': 0.5, 'reg_alpha': 0.0, 'reg_lambda': 0.1}",COMPLETE
551,0.30645161280437044,2024-07-08 12:38:22.148814,2024-07-08 12:38:37.053814,0 days 00:00:14.905000,XGBClassifier,Normalize_L1_0,NearMiss,"[1, 1, 0, 0, 0, 1, 1, 1, 1, 1, 1, 1, 0, 0, 0, 1, 0, 1, 0, 1, 0, 0, 0, 0, 1, 1, 0, 1, 1, 0, 1, 0, 1, 0, 1, 0, 0, 0, 0, 0, 0, 0, 0, 1, 0, 0, 1, 0, 0]","{'n_estimators': 1000, 'learning_rate': 1.0, 'max_depth': 9, 'min_child_weight': 3, 'subsample': 1.0, 'colsample_bytree': 1.0, 'gamma': 0.5, 'reg_alpha': 1.0, 'reg_lambda': 1.0}",COMPLETE
552,0.32580645150780435,2024-07-08 12:38:22.522776,2024-07-08 12:38:37.236814,0 days 00:00:14.714038,AdaBoostClassifier,Normalize_L1_0,NearMiss,"[0, 1, 0, 1, 0, 1, 1, 0, 0, 0, 0, 0, 1, 0, 0, 0, 1, 1, 1, 0, 0, 0, 0, 1, 0, 0, 1, 1, 1, 0, 0, 0, 0, 0, 0, 0, 0, 0, 1, 1, 1, 0, 1, 1, 0, 1, 1, 0, 1]","{'n_estimators': 200, 'learning_rate': 0.1, 'algorithm': 'SAMME.R'}",COMPLETE
553,0.6709677417190426,2024-07-08 12:38:22.657820,2024-07-08 12:38:44.599768,0 days 00:00:21.941948,XGBClassifier,Normalize_L1_1,TomekLinks,"[0, 1, 1, 1, 0, 0, 1, 1, 1, 0, 1, 1, 0, 0, 0, 0, 1, 0, 0, 1, 0, 0, 0, 1, 1, 0, 0, 0, 0, 0, 1, 1, 0, 1, 0, 0, 1, 0, 0, 0, 0, 1, 1, 1, 0, 1, 1, 1, 0]","{'n_estimators': 1000, 'learning_rate': 1.0, 'max_depth': 3, 'min_child_weight': 5, 'subsample': 0.7, 'colsample_bytree': 0.5, 'gamma': 0.1, 'reg_alpha': 0.0, 'reg_lambda': 0.1}",COMPLETE
554,0.7838709674890738,2024-07-08 12:38:22.954814,2024-07-08 12:38:42.711812,0 days 00:00:19.756998,GradientBoostingClassifier,MaxAbsScaler,,"[0, 0, 0, 0, 1, 0, 1, 1, 0, 1, 0, 1, 0, 0, 1, 0, 1, 0, 0, 1, 0, 1, 0, 0, 0, 0, 1, 1, 0, 1, 1, 0, 1, 1, 0, 0, 1, 0, 0, 0, 0, 0, 1, 1, 0, 1, 1, 1, 1]","{'n_estimators': 50, 'learning_rate': 0.1, 'max_depth': 3, 'min_samples_split': 10, 'min_samples_leaf': 5, 'subsample': 0.5, 'max_features': None}",COMPLETE
555,0.5225806449927158,2024-07-08 12:38:23.053804,2024-07-08 12:39:35.703997,0 days 00:01:12.650193,BaggingClassifier,StandardScaler,SMOTETomek,"[0, 1, 0, 0, 1, 1, 0, 0, 1, 0, 1, 0, 1, 0, 0, 1, 0, 0, 0, 0, 0, 0, 1, 0, 1, 1, 1, 0, 0, 1, 1, 0, 0, 1, 1, 0, 1, 1, 0, 0, 1, 0, 0, 1, 1, 1, 1, 0, 0]","{'n_estimators': 1000, 'max_samples': 1.0, 'max_features': 0.5, 'bootstrap': True, 'bootstrap_features': False}",COMPLETE
556,0.674193548169615,2024-07-08 12:38:23.109814,2024-07-08 12:38:38.466771,0 days 00:00:15.356957,XGBClassifier,MinMaxScaler,TomekLinks,"[0, 1, 1, 0, 1, 1, 0, 1, 0, 0, 0, 0, 0, 1, 0, 1, 0, 1, 1, 1, 0, 0, 0, 0, 1, 0, 1, 1, 1, 0, 1, 0, 0, 0, 0, 1, 1, 1, 0, 1, 0, 0, 1, 0, 0, 0, 1, 1, 1]","{'n_estimators': 200, 'learning_rate': 1.0, 'max_depth': 7, 'min_child_weight': 1, 'subsample': 0.5, 'colsample_bytree': 1.0, 'gamma': 0.1, 'reg_alpha': 1.0, 'reg_lambda': 0.0}",COMPLETE
557,0.7193548384776274,2024-07-08 12:38:23.259815,2024-07-08 12:38:37.886800,0 days 00:00:14.626985,XGBClassifier,Normalize_L1_1,TomekLinks,"[1, 0, 1, 0, 0, 1, 1, 0, 1, 1, 0, 0, 0, 0, 1, 1, 0, 1, 0, 0, 1, 1, 1, 0, 0, 0, 1, 1, 0, 1, 1, 1, 0, 1, 0, 0, 0, 1, 1, 1, 1, 0, 1, 1, 0, 1, 1, 0, 1]","{'n_estimators': 10, 'learning_rate': 1.0, 'max_depth': 9, 'min_child_weight': 5, 'subsample': 0.7, 'colsample_bytree': 0.5, 'gamma': 0.0, 'reg_alpha': 1.0, 'reg_lambda': 0.0}",COMPLETE
558,0.3935483869698231,2024-07-08 12:38:23.565800,2024-07-08 12:38:35.350771,0 days 00:00:11.784971,XGBClassifier,Normalize_L1_1,NearMiss,"[1, 0, 1, 0, 0, 1, 1, 0, 0, 1, 1, 0, 1, 0, 1, 1, 1, 1, 0, 1, 1, 0, 1, 1, 0, 1, 1, 0, 0, 0, 1, 0, 0, 0, 0, 0, 0, 1, 0, 0, 1, 1, 1, 1, 0, 1, 1, 0, 0]","{'n_estimators': 50, 'learning_rate': 0.5, 'max_depth': 7, 'min_child_weight': 10, 'subsample': 1.0, 'colsample_bytree': 0.7, 'gamma': 0.0, 'reg_alpha': 0.1, 'reg_lambda': 0.1}",COMPLETE
559,0.7935483868407908,2024-07-08 12:38:24.100782,2024-07-08 12:38:41.065827,0 days 00:00:16.965045,XGBClassifier,MinMaxScaler,,"[0, 1, 0, 0, 0, 1, 1, 0, 1, 0, 1, 0, 1, 0, 1, 0, 1, 1, 1, 0, 1, 1, 1, 1, 1, 0, 0, 1, 0, 1, 1, 0, 1, 1, 1, 1, 1, 0, 1, 0, 0, 0, 0, 1, 1, 0, 1, 1, 0]","{'n_estimators': 10, 'learning_rate': 0.5, 'max_depth': 3, 'min_child_weight': 5, 'subsample': 0.7, 'colsample_bytree': 0.7, 'gamma': 0.0, 'reg_alpha': 0.1, 'reg_lambda': 0.1}",COMPLETE
560,0.7645161287856399,2024-07-08 12:38:24.392817,2024-07-08 12:38:41.891818,0 days 00:00:17.499001,XGBClassifier,MinMaxScaler,,"[0, 0, 0, 0, 0, 1, 0, 1, 1, 0, 0, 0, 0, 0, 0, 1, 1, 0, 0, 1, 0, 1, 1, 0, 1, 0, 0, 1, 1, 0, 0, 0, 0, 0, 0, 0, 1, 1, 1, 1, 1, 0, 0, 1, 1, 1, 1, 0, 1]","{'n_estimators': 200, 'learning_rate': 0.1, 'max_depth': 7, 'min_child_weight': 3, 'subsample': 0.7, 'colsample_bytree': 1.0, 'gamma': 0.5, 'reg_alpha': 0.0, 'reg_lambda': 0.0}",COMPLETE
561,0.6838709675213319,2024-07-08 12:38:24.451802,2024-07-08 12:38:37.150772,0 days 00:00:12.698970,XGBClassifier,Normalize_L1_1,TomekLinks,"[1, 1, 1, 0, 0, 0, 0, 1, 0, 0, 1, 1, 1, 0, 0, 1, 1, 0, 1, 1, 0, 1, 1, 0, 1, 0, 1, 1, 1, 0, 1, 1, 1, 1, 1, 1, 0, 0, 0, 1, 1, 0, 0, 1, 0, 0, 1, 0, 1]","{'n_estimators': 200, 'learning_rate': 0.5, 'max_depth': 7, 'min_child_weight': 5, 'subsample': 0.7, 'colsample_bytree': 0.5, 'gamma': 0.1, 'reg_alpha': 1.0, 'reg_lambda': 1.0}",COMPLETE
562,0.7064516126753382,2024-07-08 12:38:24.765818,2024-07-08 12:38:40.877815,0 days 00:00:16.111997,GradientBoostingClassifier,MaxAbsScaler,,"[0, 0, 1, 0, 0, 1, 1, 1, 0, 1, 1, 1, 1, 1, 1, 0, 0, 1, 0, 1, 0, 1, 0, 1, 1, 1, 1, 0, 1, 1, 1, 1, 0, 1, 1, 1, 1, 0, 0, 0, 0, 0, 0, 0, 1, 0, 1, 1, 1]","{'n_estimators': 50, 'learning_rate': 0.5, 'max_depth': 9, 'min_samples_split': 50, 'min_samples_leaf': 10, 'subsample': 1.0, 'max_features': 'sqrt'}",COMPLETE
