number,value,datetime_start,datetime_complete,duration,params_model,params_normTechnique,params_sampleTechnique,user_attrs_binIndices,user_attrs_hyperparams,state
870,0.7935483868407908,2024-07-08 12:42:39.681131,2024-07-08 12:42:58.010125,0 days 00:00:18.328994,DecisionTreeClassifier,Normalize_L1_1,,"[1, 1, 1, 0, 1, 1, 0, 0, 1, 0, 0, 1, 1, 1, 1, 1, 1, 0, 0, 1, 0, 1, 1, 1, 1, 0, 1, 0, 0, 1, 1, 0, 1, 1, 1, 0, 0, 0, 1, 1, 1, 1, 1, 0, 1, 0, 1, 1, 0]","{'max_depth': 200, 'min_samples_split': 5, 'min_samples_leaf': 100, 'max_features': 'sqrt', 'splitter': 'best'}",COMPLETE
871,0.7645161287856399,2024-07-08 12:42:39.869122,2024-07-08 12:42:50.245138,0 days 00:00:10.376016,XGBClassifier,Normalize_L2_1,TomekLinks,"[0, 0, 1, 1, 0, 1, 1, 1, 1, 0, 1, 0, 1, 0, 1, 0, 0, 0, 1, 1, 0, 0, 1, 1, 0, 0, 0, 1, 1, 1, 0, 1, 1, 1, 1, 0, 1, 1, 0, 1, 1, 0, 1, 0, 0, 1, 0, 1, 1]","{'n_estimators': 100, 'learning_rate': 0.1, 'max_depth': 5, 'min_child_weight': 3, 'subsample': 0.7, 'colsample_bytree': 0.5, 'gamma': 0.5, 'reg_alpha': 1.0, 'reg_lambda': 0.1}",COMPLETE
872,0.6193548385098855,2024-07-08 12:42:40.209137,2024-07-08 12:43:23.644093,0 days 00:00:43.434956,XGBClassifier,Normalize_L1_1,ADASYN,"[0, 1, 0, 0, 0, 0, 1, 0, 0, 0, 0, 0, 1, 0, 1, 0, 1, 0, 0, 0, 0, 1, 0, 0, 1, 0, 1, 1, 0, 0, 1, 1, 0, 1, 0, 0, 0, 1, 0, 0, 1, 0, 1, 0, 1, 0, 0, 1, 0]","{'n_estimators': 10, 'learning_rate': 1.0, 'max_depth': 7, 'min_child_weight': 5, 'subsample': 0.7, 'colsample_bytree': 0.7, 'gamma': 1.0, 'reg_alpha': 0.0, 'reg_lambda': 0.1}",COMPLETE
873,0.6580645159167533,2024-07-08 12:42:40.742138,2024-07-08 12:42:58.806137,0 days 00:00:18.063999,DecisionTreeClassifier,Normalize_L1_1,RandomOverSampler,"[1, 1, 0, 1, 0, 0, 0, 1, 0, 0, 1, 0, 1, 0, 0, 0, 0, 0, 0, 0, 1, 1, 0, 0, 1, 1, 1, 1, 0, 1, 0, 1, 0, 0, 0, 0, 0, 1, 0, 0, 1, 0, 0, 1, 1, 0, 0, 0, 0]","{'max_depth': 50, 'min_samples_split': 2, 'min_samples_leaf': 50, 'max_features': None, 'splitter': 'random'}",COMPLETE
874,0.6870967739719042,2024-07-08 12:42:40.815125,2024-07-08 12:42:51.684123,0 days 00:00:10.868998,XGBClassifier,Normalize_L1_1,RandomOverSampler,"[1, 0, 1, 0, 0, 1, 0, 1, 1, 0, 0, 0, 0, 0, 1, 0, 1, 0, 0, 0, 1, 0, 0, 1, 0, 1, 1, 1, 0, 1, 1, 0, 1, 0, 1, 1, 0, 0, 1, 0, 0, 0, 0, 1, 0, 0, 0, 1, 0]","{'n_estimators': 100, 'learning_rate': 0.5, 'max_depth': 7, 'min_child_weight': 5, 'subsample': 0.5, 'colsample_bytree': 1.0, 'gamma': 0.5, 'reg_alpha': 0.0, 'reg_lambda': 0.1}",COMPLETE
875,0.7935483868407908,2024-07-08 12:42:40.977123,2024-07-08 12:42:59.867139,0 days 00:00:18.890016,RandomForestClassifier,Normalize_L1_1,,"[1, 0, 0, 0, 0, 0, 0, 0, 1, 0, 1, 1, 1, 0, 1, 1, 0, 1, 0, 1, 1, 1, 0, 1, 1, 1, 1, 1, 1, 1, 0, 0, 1, 0, 0, 0, 1, 1, 1, 0, 1, 1, 0, 1, 0, 0, 0, 0, 0]","{'n_estimators': 50, 'max_features': 'log2', 'max_depth': 1000, 'min_samples_split': 50, 'min_samples_leaf': 50, 'bootstrap': False}",COMPLETE
876,0.6387096772133194,2024-07-08 12:42:40.978123,2024-07-08 12:42:57.051137,0 days 00:00:16.073014,XGBClassifier,Normalize_L1_1,RandomOverSampler,"[1, 1, 1, 1, 1, 0, 0, 1, 1, 0, 1, 1, 1, 1, 0, 0, 0, 1, 0, 1, 0, 0, 1, 0, 1, 1, 0, 1, 0, 1, 0, 1, 1, 1, 0, 0, 1, 1, 0, 0, 1, 1, 0, 0, 0, 0, 0, 1, 0]","{'n_estimators': 500, 'learning_rate': 1.0, 'max_depth': 3, 'min_child_weight': 5, 'subsample': 0.5, 'colsample_bytree': 1.0, 'gamma': 0.5, 'reg_alpha': 0.1, 'reg_lambda': 0.1}",COMPLETE
877,0.664516128817898,2024-07-08 12:42:41.074138,2024-07-08 12:42:57.916137,0 days 00:00:16.841999,XGBClassifier,Normalize_L1_1,TomekLinks,"[1, 0, 0, 0, 0, 1, 1, 1, 0, 1, 1, 0, 0, 0, 0, 1, 0, 1, 1, 0, 1, 0, 1, 0, 0, 1, 1, 0, 1, 0, 0, 0, 0, 0, 0, 1, 0, 1, 0, 1, 0, 0, 1, 1, 0, 1, 0, 0, 0]","{'n_estimators': 50, 'learning_rate': 1.0, 'max_depth': 5, 'min_child_weight': 1, 'subsample': 0.5, 'colsample_bytree': 0.7, 'gamma': 0.5, 'reg_alpha': 0.1, 'reg_lambda': 0.0}",COMPLETE
878,0.6774193546201872,2024-07-08 12:42:41.430128,2024-07-08 12:42:52.512137,0 days 00:00:11.082009,XGBClassifier,Normalize_L1_1,,"[1, 0, 0, 1, 0, 0, 1, 1, 1, 1, 0, 0, 1, 0, 1, 1, 1, 0, 0, 0, 0, 0, 1, 0, 1, 0, 1, 1, 0, 1, 1, 0, 0, 1, 1, 0, 0, 0, 0, 0, 0, 0, 1, 0, 1, 1, 1, 1, 1]","{'n_estimators': 100, 'learning_rate': 10.0, 'max_depth': 7, 'min_child_weight': 1, 'subsample': 1.0, 'colsample_bytree': 0.5, 'gamma': 0.1, 'reg_alpha': 0.1, 'reg_lambda': 1.0}",COMPLETE
879,0.0,2024-07-08 12:42:42.064128,2024-07-08 12:43:00.189122,0 days 00:00:18.124994,DecisionTreeClassifier,Normalize_L1_1,,"[1, 0, 1, 0, 1, 1, 0, 1, 1, 1, 0, 1, 0, 0, 0, 1, 1, 1, 0, 1, 0, 0, 0, 1, 1, 1, 0, 1, 1, 0, 1, 0, 1, 0, 0, 1, 1, 1, 1, 0, 1, 1, 0, 0, 0, 1, 1, 0, 0]","{'max_depth': 100, 'min_samples_split': 5, 'min_samples_leaf': 50, 'max_features': 'auto', 'splitter': 'best'}",COMPLETE
880,0.2064516128366285,2024-07-08 12:42:42.341125,2024-07-08 12:42:51.198123,0 days 00:00:08.856998,XGBClassifier,Normalize_L1_1,RandomOverSampler,"[0, 0, 0, 0, 1, 1, 1, 0, 0, 0, 1, 0, 0, 1, 0, 0, 1, 1, 1, 0, 1, 1, 0, 1, 1, 1, 0, 1, 0, 0, 0, 0, 0, 0, 1, 0, 1, 1, 1, 0, 1, 0, 1, 0, 0, 0, 0, 1, 0]","{'n_estimators': 200, 'learning_rate': 10.0, 'max_depth': 7, 'min_child_weight': 10, 'subsample': 0.5, 'colsample_bytree': 1.0, 'gamma': 0.1, 'reg_alpha': 0.0, 'reg_lambda': 1.0}",COMPLETE
881,0.7935483868407908,2024-07-08 12:42:42.409141,2024-07-08 12:42:53.482138,0 days 00:00:11.072997,DecisionTreeClassifier,Normalize_L1_1,,"[1, 0, 1, 1, 1, 0, 0, 0, 1, 0, 1, 1, 1, 0, 0, 0, 1, 0, 1, 0, 0, 0, 1, 1, 0, 0, 1, 0, 1, 0, 0, 0, 0, 1, 0, 0, 0, 1, 0, 1, 0, 1, 0, 1, 1, 1, 0, 1, 1]","{'max_depth': 10, 'min_samples_split': 2, 'min_samples_leaf': 50, 'max_features': 'sqrt', 'splitter': 'best'}",COMPLETE
882,0.7870967739396462,2024-07-08 12:42:42.846138,2024-07-08 12:42:56.943096,0 days 00:00:14.096958,XGBClassifier,Normalize_L1_1,,"[1, 0, 0, 0, 1, 0, 0, 1, 1, 0, 0, 1, 1, 0, 1, 1, 0, 0, 1, 1, 1, 0, 1, 1, 1, 0, 1, 1, 0, 0, 0, 0, 1, 1, 0, 0, 0, 1, 0, 1, 0, 1, 0, 0, 1, 1, 0, 0, 1]","{'n_estimators': 200, 'learning_rate': 0.01, 'max_depth': 7, 'min_child_weight': 3, 'subsample': 1.0, 'colsample_bytree': 0.5, 'gamma': 1.0, 'reg_alpha': 0.1, 'reg_lambda': 0.1}",COMPLETE
883,0.4612903224318418,2024-07-08 12:42:45.159122,2024-07-08 12:43:20.873144,0 days 00:00:35.714022,RandomForestClassifier,Normalize_L1_1,NearMiss,"[1, 1, 0, 1, 1, 0, 1, 0, 0, 1, 1, 1, 0, 1, 1, 1, 0, 1, 0, 1, 1, 0, 1, 1, 0, 0, 1, 1, 1, 0, 1, 0, 0, 0, 1, 1, 1, 1, 0, 0, 0, 0, 0, 1, 0, 1, 0, 0, 1]","{'n_estimators': 1000, 'max_features': None, 'max_depth': 200, 'min_samples_split': 2, 'min_samples_leaf': 2, 'bootstrap': True}",COMPLETE
884,0.7967741932913631,2024-07-08 12:42:45.339139,2024-07-08 12:43:01.422139,0 days 00:00:16.083000,BaggingClassifier,Normalize_L1_1,,"[0, 0, 1, 0, 1, 0, 0, 1, 0, 1, 1, 0, 0, 0, 0, 1, 1, 1, 1, 0, 0, 0, 0, 0, 1, 1, 1, 0, 0, 1, 0, 1, 0, 0, 1, 1, 0, 0, 0, 0, 1, 1, 1, 1, 1, 1, 1, 1, 0]","{'n_estimators': 200, 'max_samples': 0.1, 'max_features': 0.5, 'bootstrap': False, 'bootstrap_features': False}",COMPLETE
885,0.7516129029833506,2024-07-08 12:42:45.561138,2024-07-08 12:42:57.885137,0 days 00:00:12.323999,XGBClassifier,Normalize_L1_1,,"[1, 0, 1, 0, 0, 1, 0, 1, 1, 0, 1, 1, 0, 1, 0, 1, 1, 0, 0, 0, 1, 1, 0, 1, 1, 1, 1, 1, 0, 1, 1, 0, 0, 0, 0, 1, 0, 1, 1, 1, 0, 0, 1, 0, 1, 1, 1, 1, 0]","{'n_estimators': 1000, 'learning_rate': 0.1, 'max_depth': 9, 'min_child_weight': 10, 'subsample': 0.5, 'colsample_bytree': 0.5, 'gamma': 0.0, 'reg_alpha': 1.0, 'reg_lambda': 1.0}",COMPLETE
886,0.4677419353329864,2024-07-08 12:42:45.859139,2024-07-08 12:43:26.046137,0 days 00:00:40.186998,BaggingClassifier,Normalize_L1_1,NearMiss,"[1, 0, 1, 1, 0, 1, 0, 0, 1, 0, 1, 1, 0, 1, 1, 1, 1, 1, 1, 0, 0, 0, 1, 1, 1, 0, 0, 0, 0, 1, 0, 1, 1, 1, 0, 1, 1, 0, 1, 1, 0, 1, 1, 0, 0, 1, 1, 0, 1]","{'n_estimators': 1000, 'max_samples': 1.0, 'max_features': 0.5, 'bootstrap': False, 'bootstrap_features': True}",COMPLETE
887,0.4806451611352757,2024-07-08 12:42:46.187150,2024-07-08 12:42:57.706137,0 days 00:00:11.518987,DecisionTreeClassifier,Normalize_L1_1,NearMiss,"[0, 0, 1, 0, 1, 0, 0, 0, 0, 0, 1, 1, 1, 1, 0, 0, 1, 1, 1, 0, 0, 0, 1, 0, 1, 1, 0, 1, 0, 1, 0, 1, 0, 0, 1, 1, 1, 0, 1, 1, 0, 1, 0, 0, 0, 1, 1, 1, 1]","{'max_depth': 50, 'min_samples_split': 50, 'min_samples_leaf': 2, 'max_features': 'sqrt', 'splitter': 'best'}",COMPLETE
888,0.7806451610385015,2024-07-08 12:42:46.293137,2024-07-08 12:42:59.248125,0 days 00:00:12.954988,XGBClassifier,Normalize_L1_1,,"[1, 1, 1, 1, 0, 1, 1, 0, 0, 1, 1, 1, 1, 1, 0, 1, 0, 0, 0, 1, 1, 1, 1, 0, 1, 1, 1, 0, 1, 1, 1, 1, 0, 1, 1, 0, 1, 0, 1, 0, 0, 1, 1, 0, 0, 1, 1, 1, 0]","{'n_estimators': 500, 'learning_rate': 0.01, 'max_depth': 3, 'min_child_weight': 5, 'subsample': 0.7, 'colsample_bytree': 1.0, 'gamma': 0.5, 'reg_alpha': 0.0, 'reg_lambda': 1.0}",COMPLETE
889,0.7967741932913631,2024-07-08 12:42:47.104126,2024-07-08 12:42:54.162122,0 days 00:00:07.057996,DecisionTreeClassifier,Normalize_L1_1,,"[1, 1, 0, 0, 0, 0, 0, 1, 0, 1, 1, 0, 1, 1, 1, 0, 1, 0, 1, 1, 0, 0, 0, 0, 1, 1, 1, 0, 0, 1, 1, 0, 1, 1, 0, 1, 1, 0, 1, 1, 0, 1, 0, 0, 1, 0, 1, 0, 0]","{'max_depth': 200, 'min_samples_split': 50, 'min_samples_leaf': 10, 'max_features': None, 'splitter': 'best'}",COMPLETE
890,0.7806451610385015,2024-07-08 12:42:47.185137,2024-07-08 12:43:03.837131,0 days 00:00:16.651994,BaggingClassifier,Normalize_L1_1,,"[1, 0, 1, 1, 0, 0, 1, 0, 0, 1, 1, 1, 1, 0, 0, 0, 1, 0, 0, 0, 1, 1, 0, 1, 0, 1, 0, 1, 1, 1, 1, 1, 0, 1, 1, 1, 1, 1, 0, 1, 0, 1, 1, 1, 0, 1, 1, 0, 0]","{'n_estimators': 100, 'max_samples': 0.5, 'max_features': 0.5, 'bootstrap': True, 'bootstrap_features': True}",COMPLETE
891,0.7645161287856399,2024-07-08 12:42:47.368137,2024-07-08 12:42:59.208137,0 days 00:00:11.840000,BaggingClassifier,Normalize_L1_1,,"[0, 0, 0, 0, 1, 0, 1, 1, 0, 0, 0, 1, 0, 0, 1, 1, 0, 1, 0, 1, 1, 1, 0, 1, 1, 1, 1, 0, 0, 1, 0, 0, 1, 1, 1, 1, 1, 0, 0, 1, 1, 1, 0, 1, 1, 0, 0, 0, 0]","{'n_estimators': 100, 'max_samples': 1.0, 'max_features': 1.0, 'bootstrap': False, 'bootstrap_features': True}",COMPLETE
892,0.7806451610385015,2024-07-08 12:42:47.573139,2024-07-08 12:42:55.766126,0 days 00:00:08.192987,DecisionTreeClassifier,Normalize_L1_1,,"[0, 1, 0, 0, 0, 1, 0, 0, 1, 0, 0, 1, 1, 0, 1, 1, 0, 0, 1, 1, 0, 0, 1, 1, 1, 0, 0, 0, 0, 0, 1, 1, 1, 0, 1, 1, 1, 1, 0, 1, 0, 0, 1, 0, 0, 1, 1, 0, 1]","{'max_depth': 10, 'min_samples_split': 200, 'min_samples_leaf': 1, 'max_features': None, 'splitter': 'best'}",COMPLETE
893,0.7999999997419355,2024-07-08 12:42:47.640125,2024-07-08 12:42:56.207151,0 days 00:00:08.567026,DecisionTreeClassifier,Normalize_L1_1,,"[0, 0, 0, 0, 1, 1, 0, 1, 1, 1, 0, 1, 0, 1, 1, 1, 0, 0, 0, 1, 0, 0, 0, 0, 0, 1, 1, 0, 1, 0, 1, 1, 1, 0, 1, 0, 1, 0, 1, 0, 1, 0, 0, 1, 1, 1, 0, 1, 0]","{'max_depth': 100, 'min_samples_split': 5, 'min_samples_leaf': 10, 'max_features': 'log2', 'splitter': 'random'}",COMPLETE
894,0.43870967727783555,2024-07-08 12:42:47.734139,2024-07-08 12:42:58.805122,0 days 00:00:11.070983,BaggingClassifier,Normalize_L1_1,NearMiss,"[1, 0, 0, 1, 1, 1, 1, 1, 0, 1, 0, 1, 1, 1, 0, 1, 1, 0, 0, 1, 1, 0, 0, 0, 1, 1, 0, 1, 0, 0, 1, 0, 1, 1, 0, 0, 1, 0, 1, 0, 1, 1, 0, 0, 1, 1, 1, 1, 1]","{'n_estimators': 50, 'max_samples': 0.5, 'max_features': 1.0, 'bootstrap': False, 'bootstrap_features': True}",COMPLETE
895,0.0,2024-07-08 12:42:47.860122,2024-07-08 12:43:04.291128,0 days 00:00:16.431006,DecisionTreeClassifier,Normalize_L1_1,SVMSMOTE,"[1, 1, 0, 0, 0, 1, 1, 1, 1, 1, 0, 0, 0, 1, 1, 0, 1, 1, 0, 1, 1, 1, 0, 1, 1, 0, 0, 1, 1, 1, 1, 1, 1, 0, 0, 1, 0, 0, 0, 1, 0, 0, 1, 1, 1, 0, 1, 1, 1]","{'max_depth': 1000, 'min_samples_split': 100, 'min_samples_leaf': 5, 'max_features': 'auto', 'splitter': 'best'}",COMPLETE
896,0.0,2024-07-08 12:42:48.048125,2024-07-08 12:42:59.252146,0 days 00:00:11.204021,RandomForestClassifier,Normalize_L1_1,NearMiss,"[1, 1, 0, 1, 1, 1, 0, 1, 1, 0, 1, 0, 0, 1, 1, 0, 0, 0, 1, 0, 0, 1, 0, 0, 0, 0, 1, 0, 1, 1, 1, 0, 1, 0, 1, 0, 0, 1, 0, 0, 0, 1, 1, 1, 0, 0, 1, 0, 1]","{'n_estimators': 50, 'max_features': 'auto', 'max_depth': 1000, 'min_samples_split': 50, 'min_samples_leaf': 100, 'bootstrap': False}",COMPLETE
897,0.0,2024-07-08 12:42:49.016124,2024-07-08 12:42:59.460126,0 days 00:00:10.444002,DecisionTreeClassifier,Normalize_L1_1,NearMiss,"[0, 0, 1, 1, 0, 1, 0, 1, 0, 0, 0, 1, 0, 1, 0, 0, 0, 1, 1, 0, 0, 0, 0, 1, 1, 0, 0, 0, 0, 0, 0, 0, 1, 1, 0, 0, 0, 1, 1, 1, 1, 1, 1, 1, 1, 0, 0, 0, 0]","{'max_depth': 10, 'min_samples_split': 2, 'min_samples_leaf': 100, 'max_features': 'auto', 'splitter': 'random'}",COMPLETE
898,0.2225806450894901,2024-07-08 12:42:49.517125,2024-07-08 12:43:04.654138,0 days 00:00:15.137013,DecisionTreeClassifier,Normalize_L1_0,SVMSMOTE,"[1, 1, 1, 1, 1, 0, 1, 1, 0, 1, 0, 0, 0, 0, 0, 1, 0, 1, 1, 1, 0, 1, 1, 0, 0, 0, 0, 1, 0, 0, 1, 1, 1, 0, 1, 1, 1, 1, 0, 1, 0, 1, 0, 0, 1, 1, 0, 0, 0]","{'max_depth': 200, 'min_samples_split': 5, 'min_samples_leaf': 50, 'max_features': None, 'splitter': 'random'}",COMPLETE
899,0.0,2024-07-08 12:42:49.736126,2024-07-08 12:43:00.006124,0 days 00:00:10.269998,DecisionTreeClassifier,Normalize_L1_1,KMeansSMOTE,,"{'max_depth': 100, 'min_samples_split': 2, 'min_samples_leaf': 5, 'max_features': None, 'splitter': 'best'}",COMPLETE
900,0.0,2024-07-08 12:42:50.042137,2024-07-08 12:43:00.295122,0 days 00:00:10.252985,DecisionTreeClassifier,Normalize_L1_1,SMOTETomek,"[1, 0, 0, 0, 1, 1, 1, 0, 0, 0, 1, 0, 0, 1, 1, 1, 1, 0, 0, 0, 0, 1, 0, 1, 0, 0, 0, 1, 0, 0, 0, 1, 1, 0, 0, 1, 1, 1, 0, 0, 1, 0, 0, 0, 0, 1, 0, 0, 0]","{'max_depth': 200, 'min_samples_split': 200, 'min_samples_leaf': 10, 'max_features': 'auto', 'splitter': 'best'}",COMPLETE
901,0.7935483868407908,2024-07-08 12:42:50.168099,2024-07-08 12:43:24.651091,0 days 00:00:34.482992,ExtraTreesClassifier,Normalize_Max_1,,"[0, 0, 0, 1, 0, 1, 0, 0, 1, 1, 1, 1, 1, 0, 1, 0, 1, 0, 1, 0, 0, 1, 1, 1, 0, 1, 1, 1, 0, 0, 1, 1, 0, 1, 1, 1, 1, 1, 1, 0, 0, 0, 0, 0, 0, 0, 0, 1, 0]","{'n_estimators': 2000, 'max_features': 'log2', 'max_depth': None, 'min_samples_split': 10, 'min_samples_leaf': 50, 'bootstrap': True}",COMPLETE
902,0.7290322578293443,2024-07-08 12:42:50.422145,2024-07-08 12:43:26.430140,0 days 00:00:36.007995,DecisionTreeClassifier,Normalize_L1_1,SVMSMOTE,"[0, 1, 0, 1, 0, 0, 1, 0, 0, 1, 0, 0, 1, 0, 0, 1, 0, 0, 1, 1, 1, 1, 1, 1, 1, 0, 0, 1, 1, 0, 1, 0, 0, 0, 1, 1, 0, 1, 1, 1, 1, 0, 1, 1, 1, 0, 1, 1, 0]","{'max_depth': 10, 'min_samples_split': 2, 'min_samples_leaf': 5, 'max_features': 'sqrt', 'splitter': 'random'}",COMPLETE
903,0.0,2024-07-08 12:42:51.623123,2024-07-08 12:43:04.907137,0 days 00:00:13.284014,DecisionTreeClassifier,Normalize_L1_0,,"[1, 0, 1, 0, 1, 1, 1, 1, 0, 1, 1, 0, 1, 0, 1, 0, 0, 0, 0, 1, 1, 0, 1, 0, 1, 1, 1, 1, 0, 0, 0, 0, 0, 1, 1, 1, 1, 0, 0, 0, 0, 1, 0, 1, 0, 0, 0, 1, 1]","{'max_depth': 10, 'min_samples_split': 2, 'min_samples_leaf': 2, 'max_features': 'auto', 'splitter': 'random'}",COMPLETE
904,0.7935483868407908,2024-07-08 12:42:52.167123,2024-07-08 12:43:24.402093,0 days 00:00:32.234970,ExtraTreesClassifier,RobustScaler,,"[0, 1, 1, 0, 0, 1, 1, 0, 0, 1, 1, 0, 1, 1, 0, 1, 0, 0, 0, 1, 0, 1, 1, 1, 1, 1, 1, 1, 1, 0, 0, 0, 0, 1, 1, 1, 1, 1, 0, 1, 0, 1, 1, 0, 1, 0, 0, 0, 0]","{'n_estimators': 1000, 'max_features': 'log2', 'max_depth': 500, 'min_samples_split': 5, 'min_samples_leaf': 50, 'bootstrap': True}",COMPLETE
905,0.0,2024-07-08 12:42:53.629137,2024-07-08 12:43:05.141122,0 days 00:00:11.511985,DecisionTreeClassifier,Normalize_L1_1,KMeansSMOTE,,"{'max_depth': 50, 'min_samples_split': 2, 'min_samples_leaf': 2, 'max_features': 'sqrt', 'splitter': 'best'}",COMPLETE
906,0.7096774191259104,2024-07-08 12:42:53.783146,2024-07-08 12:43:11.520138,0 days 00:00:17.736992,DecisionTreeClassifier,Normalize_L1_1,SVMSMOTE,"[1, 1, 0, 0, 0, 1, 0, 0, 0, 0, 0, 0, 1, 1, 0, 0, 1, 0, 1, 1, 1, 1, 0, 0, 1, 0, 0, 1, 0, 1, 1, 0, 1, 1, 1, 1, 0, 0, 1, 1, 0, 1, 0, 1, 1, 0, 1, 1, 0]","{'max_depth': 200, 'min_samples_split': 50, 'min_samples_leaf': 100, 'max_features': 'log2', 'splitter': 'random'}",COMPLETE
907,0.23548387089177938,2024-07-08 12:42:53.992137,2024-07-08 12:43:13.558136,0 days 00:00:19.565999,DecisionTreeClassifier,Normalize_L1_0,SVMSMOTE,"[0, 0, 0, 0, 0, 0, 0, 1, 0, 1, 0, 1, 0, 0, 0, 0, 1, 1, 0, 0, 0, 0, 0, 1, 1, 1, 1, 1, 0, 0, 1, 1, 0, 0, 1, 0, 0, 1, 1, 0, 1, 1, 0, 0, 1, 0, 0, 0, 0]","{'max_depth': 50, 'min_samples_split': 100, 'min_samples_leaf': 10, 'max_features': None, 'splitter': 'random'}",COMPLETE
908,0.7935483868407908,2024-07-08 12:42:54.271132,2024-07-08 12:43:05.252127,0 days 00:00:10.980995,DecisionTreeClassifier,Normalize_L1_1,,"[0, 0, 0, 1, 1, 1, 0, 1, 1, 0, 1, 0, 0, 0, 0, 1, 1, 0, 0, 0, 0, 0, 1, 0, 1, 1, 0, 1, 0, 0, 1, 0, 0, 0, 1, 1, 0, 0, 0, 0, 1, 0, 1, 0, 0, 1, 1, 0, 0]","{'max_depth': 1000, 'min_samples_split': 50, 'min_samples_leaf': 10, 'max_features': 'log2', 'splitter': 'best'}",COMPLETE
909,0.0,2024-07-08 12:42:55.185123,2024-07-08 12:43:05.612136,0 days 00:00:10.427013,DecisionTreeClassifier,Normalize_L1_1,,"[1, 1, 1, 0, 0, 1, 1, 0, 0, 0, 0, 1, 1, 0, 1, 0, 0, 1, 1, 0, 0, 1, 1, 1, 1, 1, 0, 1, 1, 1, 1, 0, 0, 0, 0, 1, 1, 1, 1, 0, 0, 1, 1, 1, 0, 1, 1, 1, 0]","{'max_depth': 10, 'min_samples_split': 100, 'min_samples_leaf': 100, 'max_features': 'auto', 'splitter': 'best'}",COMPLETE
910,0.0,2024-07-08 12:42:55.280138,2024-07-08 12:43:22.735125,0 days 00:00:27.454987,MLPClassifier,,,,,COMPLETE
911,0.0,2024-07-08 12:42:56.878138,2024-07-08 12:43:08.147115,0 days 00:00:11.268977,DecisionTreeClassifier,Normalize_L1_1,,"[1, 0, 0, 1, 1, 0, 1, 1, 1, 0, 0, 0, 1, 1, 1, 0, 0, 0, 1, 0, 1, 0, 1, 1, 0, 0, 1, 0, 0, 1, 1, 0, 0, 1, 0, 0, 0, 1, 1, 1, 0, 0, 0, 0, 0, 0, 0, 1, 1]","{'max_depth': 10, 'min_samples_split': 10, 'min_samples_leaf': 5, 'max_features': 'auto', 'splitter': 'best'}",COMPLETE
912,0.674193548169615,2024-07-08 12:42:57.512137,2024-07-08 12:43:04.825125,0 days 00:00:07.312988,DecisionTreeClassifier,Normalize_L1_1,SVMSMOTE,"[0, 0, 1, 0, 1, 1, 0, 0, 1, 1, 0, 0, 0, 1, 1, 1, 1, 1, 1, 1, 1, 0, 1, 1, 1, 0, 0, 1, 0, 1, 0, 0, 1, 1, 1, 1, 1, 0, 0, 1, 0, 1, 1, 1, 1, 0, 1, 1, 1]","{'max_depth': 1000, 'min_samples_split': 10, 'min_samples_leaf': 2, 'max_features': 'log2', 'splitter': 'random'}",COMPLETE
913,0.0,2024-07-08 12:42:57.778123,2024-07-08 12:43:21.801144,0 days 00:00:24.023021,ExtraTreesClassifier,Normalize_Max_1,,"[0, 1, 1, 1, 0, 0, 0, 1, 1, 0, 1, 0, 1, 1, 0, 0, 1, 1, 0, 1, 1, 1, 1, 1, 1, 1, 0, 1, 0, 1, 0, 1, 0, 0, 1, 0, 0, 0, 0, 1, 1, 1, 0, 0, 0, 0, 1, 0, 0]","{'n_estimators': 500, 'max_features': 'auto', 'max_depth': 200, 'min_samples_split': 2, 'min_samples_leaf': 100, 'bootstrap': False}",COMPLETE
914,0.0,2024-07-08 12:42:57.841123,2024-07-08 12:43:14.913124,0 days 00:00:17.072001,MLPClassifier,,,,,COMPLETE
915,0.7935483868407908,2024-07-08 12:42:57.973125,2024-07-08 12:43:12.782138,0 days 00:00:14.809013,DecisionTreeClassifier,Normalize_L1_1,,"[1, 1, 1, 1, 0, 0, 1, 1, 0, 1, 1, 0, 0, 1, 1, 0, 0, 1, 0, 1, 1, 0, 1, 1, 0, 0, 0, 1, 0, 1, 0, 0, 0, 0, 0, 1, 0, 0, 1, 0, 0, 1, 0, 1, 1, 0, 1, 0, 0]","{'max_depth': 200, 'min_samples_split': 10, 'min_samples_leaf': 100, 'max_features': 'sqrt', 'splitter': 'best'}",COMPLETE
916,0.7903225803902184,2024-07-08 12:42:58.251141,2024-07-08 12:43:05.109124,0 days 00:00:06.857983,DecisionTreeClassifier,Normalize_L1_1,,"[1, 1, 1, 0, 1, 1, 1, 0, 1, 1, 0, 1, 1, 1, 1, 0, 1, 1, 0, 0, 0, 1, 1, 1, 0, 1, 1, 0, 1, 0, 1, 1, 1, 0, 1, 1, 0, 0, 1, 1, 0, 1, 1, 0, 1, 0, 1, 1, 1]","{'max_depth': 10, 'min_samples_split': 50, 'min_samples_leaf': 2, 'max_features': 'sqrt', 'splitter': 'best'}",COMPLETE
917,0.5967741933558792,2024-07-08 12:42:58.446139,2024-07-08 12:43:28.030094,0 days 00:00:29.583955,XGBClassifier,Normalize_L1_1,ADASYN,"[1, 1, 0, 1, 1, 1, 1, 0, 0, 0, 1, 0, 0, 1, 1, 1, 0, 0, 1, 1, 0, 1, 1, 1, 0, 1, 0, 0, 1, 0, 1, 0, 1, 0, 0, 0, 0, 0, 1, 1, 1, 0, 1, 0, 0, 0, 0, 1, 1]","{'n_estimators': 200, 'learning_rate': 1.0, 'max_depth': 9, 'min_child_weight': 5, 'subsample': 0.7, 'colsample_bytree': 0.7, 'gamma': 0.1, 'reg_alpha': 0.0, 'reg_lambda': 0.0}",COMPLETE
918,0.754838709433923,2024-07-08 12:42:58.554123,2024-07-08 12:43:05.470140,0 days 00:00:06.916017,DecisionTreeClassifier,Normalize_L1_1,,"[1, 0, 0, 1, 0, 1, 0, 0, 0, 0, 1, 1, 0, 1, 0, 0, 1, 0, 0, 0, 0, 1, 1, 0, 1, 0, 0, 1, 0, 1, 1, 1, 0, 0, 1, 0, 0, 0, 0, 0, 0, 0, 0, 0, 0, 0, 0, 1, 0]","{'max_depth': 50, 'min_samples_split': 10, 'min_samples_leaf': 5, 'max_features': 'sqrt', 'splitter': 'random'}",COMPLETE
919,0.5354838707950051,2024-07-08 12:42:58.949143,2024-07-08 12:43:24.417094,0 days 00:00:25.467951,ExtraTreesClassifier,RobustScaler,ADASYN,"[0, 0, 0, 1, 0, 1, 0, 1, 1, 1, 0, 1, 1, 0, 1, 0, 0, 1, 1, 0, 1, 0, 1, 0, 0, 1, 1, 1, 0, 0, 0, 0, 0, 1, 0, 1, 1, 0, 1, 0, 0, 0, 0, 1, 0, 0, 0, 1, 1]","{'n_estimators': 50, 'max_features': None, 'max_depth': 200, 'min_samples_split': 200, 'min_samples_leaf': 5, 'bootstrap': True}",COMPLETE
920,0.7612903223350675,2024-07-08 12:42:59.027121,2024-07-08 12:43:09.842121,0 days 00:00:10.815000,DecisionTreeClassifier,Normalize_L1_1,,"[1, 1, 1, 0, 0, 0, 1, 0, 1, 1, 0, 0, 1, 0, 0, 1, 0, 1, 0, 1, 1, 0, 1, 0, 1, 0, 0, 1, 1, 0, 0, 1, 1, 1, 0, 0, 0, 1, 0, 1, 0, 1, 1, 1, 1, 1, 1, 1, 1]","{'max_depth': 500, 'min_samples_split': 5, 'min_samples_leaf': 1, 'max_features': 'log2', 'splitter': 'best'}",COMPLETE
921,0.7935483868407908,2024-07-08 12:42:59.515096,2024-07-08 12:43:29.152139,0 days 00:00:29.637043,ExtraTreesClassifier,RobustScaler,,"[1, 1, 1, 1, 1, 0, 0, 0, 0, 1, 1, 0, 1, 1, 0, 1, 1, 0, 1, 1, 1, 1, 1, 1, 1, 0, 1, 1, 0, 0, 0, 0, 0, 0, 1, 0, 1, 0, 0, 1, 0, 1, 1, 0, 0, 0, 0, 0, 1]","{'n_estimators': 500, 'max_features': 'sqrt', 'max_depth': 500, 'min_samples_split': 200, 'min_samples_leaf': 100, 'bootstrap': True}",COMPLETE
922,0.0,2024-07-08 12:42:59.815125,2024-07-08 12:43:21.648136,0 days 00:00:21.833011,ExtraTreesClassifier,,,,"{'n_estimators': 500, 'max_features': None, 'max_depth': 500, 'min_samples_split': 5, 'min_samples_leaf': 5, 'bootstrap': False}",COMPLETE
