number,value,datetime_start,datetime_complete,duration,params_model,params_normTechnique,params_sampleTechnique,user_attrs_binIndices,user_attrs_hyperparams,state
1512,0.6612903223673257,2024-07-08 12:52:27.381618,2024-07-08 12:53:51.750697,0 days 00:01:24.369079,BaggingClassifier,Normalize_Max_0,RandomOverSampler,"[1, 0, 0, 0, 0, 1, 0, 0, 0, 1, 0, 1, 1, 1, 0, 0, 0, 0, 0, 1, 1, 1, 0, 0, 0, 1, 0, 1, 1, 1, 0, 1, 1, 1, 0, 0, 0, 1, 0, 1, 1, 0, 1, 1, 0, 1, 0, 0, 1]","{'n_estimators': 1000, 'max_samples': 1.0, 'max_features': 1.0, 'bootstrap': True, 'bootstrap_features': False}",COMPLETE
1513,0.7806451610385015,2024-07-08 12:52:27.569590,2024-07-08 12:53:21.490568,0 days 00:00:53.920978,BaggingClassifier,Normalize_Max_0,,"[0, 0, 0, 0, 1, 0, 1, 1, 0, 1, 0, 1, 1, 0, 1, 1, 1, 1, 1, 1, 1, 1, 0, 0, 0, 0, 0, 1, 1, 0, 0, 0, 1, 1, 0, 0, 0, 1, 0, 0, 0, 0, 0, 1, 0, 1, 1, 0, 0]","{'n_estimators': 1000, 'max_samples': 0.1, 'max_features': 0.5, 'bootstrap': True, 'bootstrap_features': True}",COMPLETE
1514,0.7709677416867845,2024-07-08 12:52:27.692591,2024-07-08 12:53:21.716566,0 days 00:00:54.023975,BaggingClassifier,Normalize_L1_1,,"[0, 0, 1, 0, 0, 0, 0, 1, 1, 0, 1, 0, 1, 0, 0, 1, 0, 1, 1, 0, 1, 0, 0, 0, 0, 1, 0, 0, 1, 1, 0, 1, 1, 0, 0, 0, 0, 0, 0, 0, 0, 1, 1, 1, 1, 1, 1, 0, 1]","{'n_estimators': 500, 'max_samples': 0.5, 'max_features': 0.1, 'bootstrap': False, 'bootstrap_features': False}",COMPLETE
1515,0.7935483868407908,2024-07-08 12:52:27.771591,2024-07-08 12:52:46.760593,0 days 00:00:18.989002,BaggingClassifier,Normalize_L1_0,,"[1, 1, 1, 0, 1, 1, 1, 0, 0, 1, 0, 0, 0, 0, 0, 0, 0, 0, 0, 1, 1, 0, 1, 0, 0, 1, 1, 1, 0, 0, 0, 0, 1, 1, 0, 1, 1, 0, 1, 1, 1, 1, 1, 0, 1, 0, 0, 0, 0]","{'n_estimators': 200, 'max_samples': 0.1, 'max_features': 1.0, 'bootstrap': True, 'bootstrap_features': False}",COMPLETE
1516,0.7806451610385015,2024-07-08 12:52:27.928593,2024-07-08 12:53:22.397564,0 days 00:00:54.468971,BaggingClassifier,Normalize_L1_1,,"[1, 1, 0, 1, 0, 1, 1, 0, 1, 0, 0, 1, 0, 0, 1, 1, 1, 0, 0, 0, 0, 1, 0, 0, 0, 0, 1, 0, 1, 0, 1, 0, 1, 0, 1, 0, 1, 1, 1, 0, 0, 1, 1, 1, 1, 0, 1, 1, 1]","{'n_estimators': 500, 'max_samples': 0.5, 'max_features': 0.1, 'bootstrap': True, 'bootstrap_features': False}",COMPLETE
1517,0.6290322578616024,2024-07-08 12:52:28.405596,2024-07-08 12:53:23.965592,0 days 00:00:55.559996,BaggingClassifier,RobustScaler,RandomOverSampler,"[0, 1, 0, 0, 0, 0, 1, 0, 0, 0, 0, 0, 1, 1, 1, 0, 0, 1, 0, 0, 0, 1, 0, 0, 1, 0, 0, 0, 1, 0, 0, 1, 0, 1, 0, 0, 1, 0, 0, 0, 1, 1, 1, 1, 1, 0, 0, 0, 0]","{'n_estimators': 500, 'max_samples': 1.0, 'max_features': 1.0, 'bootstrap': True, 'bootstrap_features': False}",COMPLETE
1518,0.8064516126430801,2024-07-08 12:52:28.930590,2024-07-08 12:52:46.228591,0 days 00:00:17.298001,BaggingClassifier,Normalize_L1_1,,"[1, 0, 1, 0, 0, 1, 0, 0, 0, 1, 1, 0, 1, 0, 1, 0, 0, 1, 0, 0, 0, 1, 1, 0, 1, 0, 0, 1, 0, 0, 1, 1, 0, 1, 0, 0, 1, 1, 1, 1, 1, 0, 0, 0, 0, 0, 0, 1, 0]","{'n_estimators': 200, 'max_samples': 0.1, 'max_features': 0.1, 'bootstrap': True, 'bootstrap_features': True}",COMPLETE
1519,0.5032258062892819,2024-07-08 12:52:29.034608,2024-07-08 12:53:50.370681,0 days 00:01:21.336073,BaggingClassifier,Normalize_L1_1,RandomUnderSampler,"[0, 1, 0, 0, 1, 1, 0, 0, 1, 1, 0, 0, 0, 0, 1, 1, 0, 1, 1, 0, 1, 1, 0, 0, 0, 0, 1, 1, 0, 0, 0, 1, 1, 1, 0, 1, 0, 1, 0, 0, 1, 0, 0, 0, 0, 1, 1, 1, 0]","{'n_estimators': 100, 'max_samples': 0.5, 'max_features': 0.1, 'bootstrap': True, 'bootstrap_features': True}",COMPLETE
1520,0.7967741932913631,2024-07-08 12:52:30.067589,2024-07-08 12:53:28.300565,0 days 00:00:58.232976,BaggingClassifier,Normalize_L1_1,,"[0, 0, 1, 1, 1, 0, 0, 1, 1, 0, 0, 1, 0, 0, 1, 0, 0, 1, 0, 0, 1, 0, 1, 0, 1, 0, 1, 0, 0, 1, 1, 0, 0, 0, 1, 0, 1, 0, 0, 1, 1, 1, 0, 1, 0, 0, 1, 0, 1]","{'n_estimators': 50, 'max_samples': 0.1, 'max_features': 0.1, 'bootstrap': True, 'bootstrap_features': False}",COMPLETE
1521,0.4645161288824141,2024-07-08 12:52:30.451600,2024-07-08 12:53:16.286574,0 days 00:00:45.834974,BaggingClassifier,Normalize_L1_1,RandomOverSampler,"[1, 0, 0, 0, 1, 0, 1, 1, 0, 0, 0, 0, 0, 1, 1, 1, 0, 0, 1, 1, 1, 1, 0, 1, 1, 1, 0, 1, 0, 0, 0, 0, 0, 1, 0, 1, 0, 1, 0, 1, 0, 1, 1, 1, 1, 0, 0, 1, 1]","{'n_estimators': 50, 'max_samples': 0.5, 'max_features': 0.1, 'bootstrap': False, 'bootstrap_features': False}",COMPLETE
1522,0.7612903223350675,2024-07-08 12:52:30.624620,2024-07-08 12:53:22.476565,0 days 00:00:51.851945,BaggingClassifier,Normalize_L1_0,,"[1, 1, 0, 1, 1, 1, 1, 1, 1, 0, 0, 0, 0, 0, 0, 0, 0, 0, 0, 0, 0, 0, 0, 1, 0, 0, 1, 0, 0, 0, 0, 0, 0, 0, 0, 1, 0, 1, 1, 0, 0, 1, 1, 1, 1, 1, 1, 1, 1]","{'n_estimators': 500, 'max_samples': 1.0, 'max_features': 0.1, 'bootstrap': False, 'bootstrap_features': False}",COMPLETE
1523,0.7612903223350675,2024-07-08 12:52:32.166618,2024-07-08 12:53:53.279668,0 days 00:01:21.113050,BaggingClassifier,Normalize_L1_1,,"[0, 0, 1, 1, 1, 1, 0, 1, 1, 1, 0, 0, 0, 1, 0, 0, 1, 1, 0, 0, 1, 1, 1, 1, 0, 1, 0, 1, 1, 1, 1, 0, 1, 0, 1, 1, 0, 0, 0, 1, 0, 1, 0, 1, 0, 0, 1, 1, 0]","{'n_estimators': 50, 'max_samples': 1.0, 'max_features': 1.0, 'bootstrap': False, 'bootstrap_features': False}",COMPLETE
1524,0.43870967727783555,2024-07-08 12:52:33.614636,2024-07-08 12:53:31.877596,0 days 00:00:58.262960,BaggingClassifier,Normalize_L1_1,RandomUnderSampler,"[1, 0, 0, 0, 1, 1, 0, 0, 0, 0, 0, 1, 1, 0, 1, 1, 0, 1, 1, 0, 1, 0, 1, 0, 1, 0, 1, 0, 1, 0, 0, 1, 1, 1, 0, 0, 0, 1, 1, 1, 0, 0, 0, 0, 1, 1, 1, 1, 1]","{'n_estimators': 50, 'max_samples': 1.0, 'max_features': 0.5, 'bootstrap': False, 'bootstrap_features': False}",COMPLETE
1525,0.7709677416867845,2024-07-08 12:52:33.800634,2024-07-08 12:53:17.325565,0 days 00:00:43.524931,BaggingClassifier,Normalize_L1_1,,"[1, 0, 0, 1, 1, 0, 1, 0, 0, 1, 1, 0, 0, 1, 1, 0, 0, 1, 1, 0, 1, 0, 0, 1, 1, 1, 1, 1, 0, 0, 0, 1, 0, 0, 0, 0, 1, 1, 0, 0, 1, 0, 1, 0, 0, 1, 1, 1, 1]","{'n_estimators': 200, 'max_samples': 1.0, 'max_features': 0.1, 'bootstrap': True, 'bootstrap_features': True}",COMPLETE
1526,0.7677419352362123,2024-07-08 12:52:33.951617,2024-07-08 12:53:24.237593,0 days 00:00:50.285976,BaggingClassifier,Normalize_L1_1,,"[0, 0, 0, 0, 0, 0, 1, 0, 1, 0, 1, 1, 0, 0, 1, 1, 1, 0, 1, 1, 1, 0, 0, 1, 1, 1, 1, 1, 0, 0, 1, 0, 0, 1, 1, 1, 1, 0, 1, 1, 0, 1, 0, 1, 1, 0, 1, 0, 1]","{'n_estimators': 100, 'max_samples': 1.0, 'max_features': 0.1, 'bootstrap': True, 'bootstrap_features': False}",COMPLETE
1527,0.7838709674890738,2024-07-08 12:52:35.900592,2024-07-08 12:53:21.885566,0 days 00:00:45.984974,BaggingClassifier,Normalize_L1_1,,"[1, 1, 1, 0, 1, 0, 0, 1, 0, 1, 1, 1, 0, 1, 1, 1, 1, 1, 1, 1, 1, 1, 0, 0, 1, 0, 0, 1, 0, 1, 0, 0, 1, 0, 1, 0, 0, 0, 1, 1, 1, 1, 0, 0, 0, 1, 1, 0, 1]","{'n_estimators': 10, 'max_samples': 0.1, 'max_features': 1.0, 'bootstrap': True, 'bootstrap_features': True}",COMPLETE
1528,0.6322580643121748,2024-07-08 12:52:38.397600,2024-07-08 12:53:21.434565,0 days 00:00:43.036965,BaggingClassifier,Normalize_Max_0,RandomOverSampler,"[0, 0, 0, 0, 1, 1, 1, 1, 1, 0, 1, 1, 1, 0, 0, 0, 0, 1, 1, 0, 1, 0, 0, 0, 1, 0, 1, 0, 1, 1, 0, 1, 0, 0, 0, 0, 0, 1, 1, 0, 0, 0, 0, 1, 0, 0, 0, 0, 0]","{'n_estimators': 500, 'max_samples': 0.5, 'max_features': 0.5, 'bootstrap': True, 'bootstrap_features': True}",COMPLETE
1529,0.7612903223350675,2024-07-08 12:52:39.038589,2024-07-08 12:53:22.398565,0 days 00:00:43.359976,BaggingClassifier,Normalize_L1_1,,"[0, 0, 1, 0, 0, 1, 1, 0, 0, 1, 0, 0, 1, 1, 0, 1, 0, 0, 0, 1, 1, 1, 0, 1, 1, 1, 1, 1, 0, 1, 0, 1, 0, 0, 0, 0, 1, 1, 0, 1, 0, 1, 1, 0, 0, 1, 0, 0, 0]","{'n_estimators': 100, 'max_samples': 1.0, 'max_features': 0.1, 'bootstrap': False, 'bootstrap_features': False}",COMPLETE
1530,0.7903225803902184,2024-07-08 12:52:41.605590,2024-07-08 12:53:31.293566,0 days 00:00:49.687976,BaggingClassifier,Normalize_L1_1,,"[0, 0, 0, 1, 1, 0, 1, 0, 0, 0, 1, 1, 0, 1, 0, 1, 1, 1, 1, 1, 0, 1, 1, 1, 0, 0, 1, 0, 0, 1, 0, 0, 1, 1, 1, 1, 0, 0, 0, 1, 0, 1, 1, 0, 0, 1, 0, 1, 0]","{'n_estimators': 100, 'max_samples': 0.1, 'max_features': 0.5, 'bootstrap': False, 'bootstrap_features': False}",COMPLETE
1531,0.6387096772133194,2024-07-08 12:52:41.775589,2024-07-08 12:53:55.676675,0 days 00:01:13.901086,BaggingClassifier,Normalize_L1_1,RandomUnderSampler,"[0, 0, 0, 1, 1, 0, 0, 0, 1, 0, 0, 1, 0, 0, 1, 0, 0, 1, 0, 0, 0, 1, 0, 0, 0, 0, 1, 0, 0, 1, 0, 1, 1, 1, 0, 0, 0, 1, 0, 1, 1, 0, 1, 0, 1, 0, 1, 0, 0]","{'n_estimators': 200, 'max_samples': 0.1, 'max_features': 0.1, 'bootstrap': False, 'bootstrap_features': False}",COMPLETE
1532,0.6612903223673257,2024-07-08 12:52:42.515599,2024-07-08 12:53:28.793568,0 days 00:00:46.277969,BaggingClassifier,Normalize_Max_0,,"[1, 0, 1, 0, 0, 1, 1, 0, 1, 0, 1, 0, 0, 1, 0, 0, 0, 1, 0, 1, 1, 0, 0, 1, 0, 0, 0, 1, 0, 0, 1, 0, 0, 1, 1, 1, 0, 1, 0, 1, 1, 0, 1, 0, 0, 1, 1, 1, 0]","{'n_estimators': 10, 'max_samples': 1.0, 'max_features': 0.5, 'bootstrap': True, 'bootstrap_features': True}",COMPLETE
1533,0.4677419353329864,2024-07-08 12:52:43.689636,2024-07-08 12:53:48.232669,0 days 00:01:04.543033,BaggingClassifier,Normalize_L1_1,RandomOverSampler,"[1, 1, 1, 1, 0, 1, 1, 0, 0, 0, 1, 1, 0, 1, 1, 0, 0, 1, 0, 0, 1, 1, 1, 1, 1, 0, 1, 1, 0, 0, 0, 0, 0, 0, 1, 0, 1, 1, 1, 1, 0, 0, 1, 1, 0, 1, 1, 1, 0]","{'n_estimators': 1000, 'max_samples': 0.5, 'max_features': 0.5, 'bootstrap': False, 'bootstrap_features': False}",COMPLETE
1534,0.7677419352362123,2024-07-08 12:52:44.509590,2024-07-08 12:53:58.161668,0 days 00:01:13.652078,BaggingClassifier,Normalize_L1_1,,"[1, 0, 1, 1, 0, 1, 0, 0, 1, 1, 1, 1, 0, 0, 1, 0, 1, 0, 1, 1, 0, 1, 1, 1, 0, 0, 1, 1, 1, 1, 0, 0, 0, 0, 0, 0, 0, 0, 0, 1, 1, 1, 0, 0, 1, 0, 0, 0, 0]","{'n_estimators': 1000, 'max_samples': 0.5, 'max_features': 1.0, 'bootstrap': False, 'bootstrap_features': False}",COMPLETE
1535,0.6612903223673257,2024-07-08 12:52:45.719591,2024-07-08 12:53:56.790672,0 days 00:01:11.071081,BaggingClassifier,Normalize_Max_0,RandomOverSampler,"[0, 1, 1, 0, 1, 1, 0, 1, 1, 1, 1, 0, 1, 1, 0, 1, 1, 1, 1, 1, 0, 1, 1, 0, 1, 0, 1, 1, 0, 1, 1, 1, 1, 0, 1, 0, 0, 1, 0, 1, 1, 0, 0, 1, 0, 0, 0, 0, 1]","{'n_estimators': 500, 'max_samples': 1.0, 'max_features': 1.0, 'bootstrap': False, 'bootstrap_features': True}",COMPLETE
1536,0.5580645159490114,2024-07-08 12:52:46.395590,2024-07-08 12:53:24.622571,0 days 00:00:38.226981,BaggingClassifier,Normalize_L1_1,RandomOverSampler,"[0, 0, 1, 0, 1, 1, 1, 0, 1, 0, 1, 1, 1, 0, 0, 0, 1, 0, 0, 0, 1, 1, 1, 1, 1, 1, 1, 1, 1, 0, 0, 0, 0, 0, 1, 1, 0, 1, 1, 0, 1, 0, 0, 0, 0, 1, 1, 0, 1]","{'n_estimators': 500, 'max_samples': 0.1, 'max_features': 0.1, 'bootstrap': True, 'bootstrap_features': False}",COMPLETE
1537,0.7774193545879292,2024-07-08 12:52:47.311590,2024-07-08 12:53:24.484567,0 days 00:00:37.172977,BaggingClassifier,Normalize_Max_0,,"[1, 0, 0, 0, 1, 0, 0, 1, 0, 0, 1, 0, 0, 1, 1, 1, 1, 0, 1, 1, 0, 1, 1, 0, 0, 0, 0, 1, 1, 1, 0, 1, 0, 1, 0, 0, 1, 0, 1, 0, 0, 0, 1, 1, 1, 0, 1, 0, 1]","{'n_estimators': 100, 'max_samples': 0.1, 'max_features': 1.0, 'bootstrap': True, 'bootstrap_features': True}",COMPLETE
1538,0.6612903223673257,2024-07-08 12:52:50.818590,2024-07-08 12:53:30.351566,0 days 00:00:39.532976,BaggingClassifier,Normalize_Max_0,,"[1, 0, 1, 0, 0, 1, 0, 0, 0, 1, 0, 1, 0, 1, 0, 1, 1, 1, 0, 0, 0, 0, 1, 0, 1, 0, 1, 1, 0, 1, 1, 0, 1, 0, 1, 0, 0, 0, 1, 1, 0, 1, 0, 1, 1, 1, 0, 1, 1]","{'n_estimators': 50, 'max_samples': 1.0, 'max_features': 0.1, 'bootstrap': True, 'bootstrap_features': False}",COMPLETE
1539,0.6612903223673257,2024-07-08 12:52:54.800589,2024-07-08 12:53:29.907579,0 days 00:00:35.106990,BaggingClassifier,Normalize_L1_1,RandomUnderSampler,"[1, 0, 1, 0, 0, 0, 0, 0, 1, 1, 1, 1, 0, 1, 0, 0, 1, 1, 0, 1, 1, 0, 1, 1, 1, 0, 1, 1, 0, 1, 1, 1, 0, 0, 0, 0, 1, 0, 1, 1, 1, 1, 1, 0, 0, 1, 1, 0, 0]","{'n_estimators': 200, 'max_samples': 0.1, 'max_features': 1.0, 'bootstrap': False, 'bootstrap_features': False}",COMPLETE
1540,0.674193548169615,2024-07-08 12:52:57.897588,2024-07-08 12:53:32.612566,0 days 00:00:34.714978,BaggingClassifier,Normalize_L1_1,RandomUnderSampler,"[1, 0, 1, 0, 0, 0, 1, 0, 0, 1, 1, 1, 1, 1, 0, 0, 1, 1, 1, 0, 0, 0, 1, 0, 1, 0, 1, 1, 0, 1, 0, 0, 1, 1, 0, 0, 0, 1, 1, 0, 1, 0, 1, 1, 0, 0, 1, 0, 1]","{'n_estimators': 10, 'max_samples': 0.1, 'max_features': 0.1, 'bootstrap': True, 'bootstrap_features': True}",COMPLETE
1541,0.7612903223350675,2024-07-08 12:53:01.576563,2024-07-08 12:53:52.610671,0 days 00:00:51.034108,BaggingClassifier,Normalize_L1_1,,"[1, 1, 1, 0, 1, 0, 1, 1, 0, 1, 0, 1, 0, 1, 1, 1, 0, 1, 1, 0, 0, 0, 0, 1, 0, 1, 1, 0, 0, 0, 0, 1, 1, 0, 1, 0, 0, 1, 1, 0, 0, 1, 0, 0, 0, 0, 0, 1, 1]","{'n_estimators': 50, 'max_samples': 1.0, 'max_features': 0.5, 'bootstrap': False, 'bootstrap_features': False}",COMPLETE
1542,0.4806451611352757,2024-07-08 12:53:01.989567,2024-07-08 12:53:35.763569,0 days 00:00:33.774002,BaggingClassifier,Normalize_L1_1,RandomUnderSampler,"[1, 0, 0, 0, 0, 1, 0, 1, 1, 0, 0, 0, 1, 1, 0, 1, 0, 0, 1, 1, 1, 0, 0, 0, 1, 1, 0, 0, 0, 0, 1, 0, 0, 0, 1, 0, 0, 0, 0, 0, 0, 0, 0, 0, 0, 0, 0, 1, 1]","{'n_estimators': 50, 'max_samples': 0.5, 'max_features': 0.5, 'bootstrap': True, 'bootstrap_features': True}",COMPLETE
1543,0.42258064502497394,2024-07-08 12:53:05.068609,2024-07-08 12:53:31.973567,0 days 00:00:26.904958,BaggingClassifier,Normalize_L1_1,RandomUnderSampler,"[1, 1, 1, 1, 1, 0, 1, 1, 0, 0, 0, 0, 0, 0, 0, 1, 0, 1, 0, 0, 1, 0, 0, 0, 1, 1, 0, 0, 0, 1, 0, 1, 1, 0, 0, 0, 1, 1, 0, 0, 1, 1, 0, 1, 0, 0, 1, 0, 1]","{'n_estimators': 100, 'max_samples': 1.0, 'max_features': 0.5, 'bootstrap': False, 'bootstrap_features': True}",COMPLETE
1544,0.7774193545879292,2024-07-08 12:53:12.897625,2024-07-08 12:54:00.351700,0 days 00:00:47.454075,BaggingClassifier,Normalize_L1_1,,"[1, 1, 1, 1, 1, 0, 0, 1, 1, 1, 1, 1, 0, 1, 0, 0, 0, 1, 0, 0, 1, 0, 0, 0, 0, 0, 0, 0, 0, 1, 1, 0, 0, 1, 0, 0, 1, 1, 0, 1, 1, 0, 0, 1, 0, 1, 1, 0, 1]","{'n_estimators': 500, 'max_samples': 0.5, 'max_features': 0.1, 'bootstrap': True, 'bootstrap_features': False}",COMPLETE
1545,0.7806451610385015,2024-07-08 12:53:14.150564,2024-07-08 12:53:56.679669,0 days 00:00:42.529105,KNeighborsClassifier,Normalize_L1_1,,"[1, 1, 1, 1, 0, 1, 1, 1, 1, 0, 1, 1, 0, 0, 1, 0, 0, 0, 1, 1, 0, 1, 1, 1, 1, 1, 1, 0, 0, 0, 0, 1, 1, 1, 0, 0, 1, 1, 1, 1, 0, 1, 0, 0, 0, 0, 0, 1, 0]","{'n_neighbors': 7, 'weights': 'uniform', 'algorithm': 'kd_tree', 'leaf_size': 30, 'p': 2, 'metric': 'euclidean'}",COMPLETE
1546,0.7967741932913631,2024-07-08 12:53:14.617593,2024-07-08 12:53:49.102700,0 days 00:00:34.485107,BaggingClassifier,Normalize_L1_1,,"[0, 0, 1, 1, 0, 1, 0, 0, 0, 1, 1, 1, 0, 0, 0, 0, 1, 0, 1, 1, 1, 1, 1, 1, 1, 0, 1, 1, 0, 0, 1, 1, 0, 0, 1, 0, 0, 1, 0, 1, 1, 0, 1, 0, 0, 0, 0, 1, 0]","{'n_estimators': 500, 'max_samples': 0.1, 'max_features': 0.5, 'bootstrap': True, 'bootstrap_features': True}",COMPLETE
1547,0.7999999997419355,2024-07-08 12:53:16.177565,2024-07-08 12:54:19.649671,0 days 00:01:03.472106,BaggingClassifier,Normalize_L1_1,,"[0, 1, 0, 1, 0, 1, 1, 1, 0, 1, 1, 1, 1, 1, 1, 1, 1, 1, 1, 0, 1, 1, 0, 1, 1, 1, 0, 0, 0, 1, 1, 1, 0, 0, 0, 0, 0, 1, 0, 1, 1, 1, 0, 0, 0, 0, 0, 1, 1]","{'n_estimators': 200, 'max_samples': 0.1, 'max_features': 1.0, 'bootstrap': True, 'bootstrap_features': True}",COMPLETE
1548,0.4806451611352757,2024-07-08 12:53:20.940565,2024-07-08 12:54:22.967668,0 days 00:01:02.027103,BaggingClassifier,Normalize_L1_1,SVMSMOTE,"[1, 0, 1, 1, 1, 0, 0, 1, 1, 0, 0, 1, 1, 1, 0, 0, 0, 0, 1, 0, 0, 1, 0, 0, 1, 0, 0, 1, 1, 0, 1, 0, 1, 1, 1, 1, 1, 1, 1, 0, 1, 1, 0, 0, 1, 0, 0, 1, 0]","{'n_estimators': 1000, 'max_samples': 0.5, 'max_features': 1.0, 'bootstrap': True, 'bootstrap_features': True}",COMPLETE
1549,0.4258064514755463,2024-07-08 12:53:21.640565,2024-07-08 12:53:42.031567,0 days 00:00:20.391002,BaggingClassifier,Normalize_L1_1,RandomUnderSampler,"[0, 0, 0, 1, 1, 0, 1, 0, 0, 0, 0, 1, 1, 0, 1, 0, 0, 0, 1, 0, 0, 0, 1, 1, 0, 0, 0, 1, 0, 0, 0, 0, 1, 1, 0, 0, 0, 0, 1, 1, 0, 1, 1, 1, 1, 0, 1, 0, 1]","{'n_estimators': 100, 'max_samples': 1.0, 'max_features': 0.1, 'bootstrap': False, 'bootstrap_features': False}",COMPLETE
1550,0.5064516127398543,2024-07-08 12:53:21.940565,2024-07-08 12:53:51.711669,0 days 00:00:29.771104,BaggingClassifier,Normalize_L1_1,RandomUnderSampler,"[0, 1, 0, 1, 1, 0, 0, 0, 1, 0, 1, 0, 0, 0, 1, 1, 1, 1, 0, 1, 0, 0, 1, 1, 0, 1, 0, 1, 0, 0, 1, 0, 1, 1, 1, 0, 1, 0, 0, 1, 0, 1, 0, 0, 1, 1, 0, 0, 1]","{'n_estimators': 500, 'max_samples': 1.0, 'max_features': 0.5, 'bootstrap': True, 'bootstrap_features': True}",COMPLETE
1551,0.7967741932913631,2024-07-08 12:53:22.140564,2024-07-08 12:53:55.872671,0 days 00:00:33.732107,BaggingClassifier,Normalize_L1_1,,"[1, 0, 0, 1, 0, 0, 1, 0, 1, 0, 1, 0, 1, 0, 1, 1, 0, 0, 1, 0, 1, 0, 0, 0, 1, 1, 0, 1, 0, 1, 0, 1, 1, 0, 1, 1, 0, 0, 0, 0, 1, 1, 0, 1, 0, 0, 1, 0, 1]","{'n_estimators': 500, 'max_samples': 0.1, 'max_features': 1.0, 'bootstrap': True, 'bootstrap_features': True}",COMPLETE
1552,0.4451612901789802,2024-07-08 12:53:22.351570,2024-07-08 12:53:55.012706,0 days 00:00:32.661136,BaggingClassifier,Normalize_L1_1,SVMSMOTE,"[1, 0, 0, 0, 0, 0, 1, 1, 0, 0, 1, 0, 0, 1, 0, 1, 1, 1, 0, 1, 0, 1, 0, 1, 1, 1, 0, 1, 1, 1, 0, 1, 1, 1, 1, 0, 1, 0, 0, 1, 0, 1, 1, 1, 0, 1, 1, 1, 0]","{'n_estimators': 10, 'max_samples': 1.0, 'max_features': 1.0, 'bootstrap': True, 'bootstrap_features': True}",COMPLETE
1553,0.6129032256087409,2024-07-08 12:53:22.517565,2024-07-08 12:53:58.085668,0 days 00:00:35.568103,BaggingClassifier,Normalize_L1_1,SVMSMOTE,"[0, 0, 0, 0, 0, 0, 0, 0, 1, 1, 1, 1, 1, 0, 0, 1, 1, 1, 0, 0, 1, 1, 1, 1, 1, 1, 0, 1, 1, 1, 0, 0, 0, 1, 1, 0, 1, 1, 0, 0, 1, 1, 1, 0, 0, 1, 1, 0, 1]","{'n_estimators': 500, 'max_samples': 0.1, 'max_features': 1.0, 'bootstrap': True, 'bootstrap_features': True}",COMPLETE
1554,0.7580645158844953,2024-07-08 12:53:23.003563,2024-07-08 12:54:11.178670,0 days 00:00:48.175107,BaggingClassifier,Normalize_L1_1,,"[1, 0, 0, 1, 1, 1, 1, 0, 0, 1, 0, 0, 1, 1, 0, 1, 0, 0, 0, 0, 1, 1, 1, 0, 0, 0, 0, 1, 0, 1, 1, 1, 0, 0, 1, 0, 0, 1, 1, 0, 0, 1, 1, 0, 1, 1, 1, 0, 1]","{'n_estimators': 100, 'max_samples': 1.0, 'max_features': 1.0, 'bootstrap': True, 'bootstrap_features': True}",COMPLETE
1555,0.49677419338813733,2024-07-08 12:53:23.419569,2024-07-08 12:53:53.015706,0 days 00:00:29.596137,BaggingClassifier,Normalize_L1_1,SVMSMOTE,"[0, 0, 0, 0, 1, 0, 1, 0, 0, 0, 1, 1, 0, 0, 0, 1, 1, 1, 0, 1, 0, 1, 0, 1, 1, 0, 0, 1, 1, 0, 0, 1, 0, 1, 0, 1, 1, 0, 1, 0, 0, 1, 0, 0, 0, 1, 0, 1, 1]","{'n_estimators': 200, 'max_samples': 0.5, 'max_features': 0.1, 'bootstrap': True, 'bootstrap_features': True}",COMPLETE
1556,0.43870967727783555,2024-07-08 12:53:24.062570,2024-07-08 12:53:52.539669,0 days 00:00:28.477099,BaggingClassifier,Normalize_L1_1,SVMSMOTE,"[0, 1, 0, 0, 0, 0, 0, 0, 0, 1, 1, 1, 1, 1, 0, 1, 1, 0, 0, 0, 0, 0, 1, 0, 1, 1, 1, 0, 1, 1, 1, 0, 0, 0, 0, 1, 1, 0, 1, 0, 1, 1, 1, 1, 1, 1, 1, 0, 0]","{'n_estimators': 10, 'max_samples': 1.0, 'max_features': 0.5, 'bootstrap': False, 'bootstrap_features': True}",COMPLETE
1557,0.45806451598126946,2024-07-08 12:53:24.391565,2024-07-08 12:53:48.396669,0 days 00:00:24.005104,BaggingClassifier,Normalize_L1_1,SVMSMOTE,"[1, 0, 0, 0, 1, 0, 1, 1, 0, 0, 0, 1, 0, 1, 1, 0, 0, 0, 1, 0, 0, 1, 1, 1, 0, 1, 0, 1, 0, 0, 0, 1, 1, 1, 0, 1, 0, 1, 0, 1, 0, 0, 1, 1, 0, 0, 0, 0, 0]","{'n_estimators': 100, 'max_samples': 0.5, 'max_features': 0.1, 'bootstrap': False, 'bootstrap_features': False}",COMPLETE
1558,0.7870967739396462,2024-07-08 12:53:25.288566,2024-07-08 12:54:01.729672,0 days 00:00:36.441106,KNeighborsClassifier,Normalize_L1_1,,"[0, 0, 0, 1, 1, 0, 1, 1, 1, 1, 1, 1, 1, 1, 1, 1, 0, 0, 0, 1, 1, 0, 0, 1, 0, 0, 1, 0, 1, 0, 0, 1, 0, 1, 1, 0, 1, 1, 1, 1, 0, 0, 1, 1, 1, 1, 1, 1, 0]","{'n_neighbors': 5, 'weights': 'uniform', 'algorithm': 'brute', 'leaf_size': 60, 'p': 1, 'metric': 'euclidean'}",COMPLETE
1559,0.7677419352362123,2024-07-08 12:53:26.402565,2024-07-08 12:53:54.910718,0 days 00:00:28.508153,BaggingClassifier,Normalize_L1_1,,"[0, 0, 1, 1, 1, 1, 1, 1, 0, 0, 0, 1, 0, 0, 1, 0, 0, 1, 0, 1, 0, 1, 0, 0, 0, 1, 0, 0, 0, 0, 0, 0, 0, 0, 0, 1, 1, 1, 1, 1, 0, 0, 1, 0, 0, 0, 1, 1, 0]","{'n_estimators': 200, 'max_samples': 0.5, 'max_features': 0.1, 'bootstrap': True, 'bootstrap_features': True}",COMPLETE
1560,0.0,2024-07-08 12:53:26.922567,2024-07-08 12:53:57.528674,0 days 00:00:30.606107,MLPClassifier,,,,,COMPLETE
1561,0.7967741932913631,2024-07-08 12:53:27.302566,2024-07-08 12:53:56.669671,0 days 00:00:29.367105,BaggingClassifier,Normalize_L1_1,,"[1, 0, 1, 1, 1, 0, 1, 0, 1, 0, 1, 0, 1, 1, 1, 0, 0, 0, 0, 0, 1, 1, 1, 1, 1, 1, 0, 0, 0, 1, 1, 1, 1, 0, 1, 1, 0, 1, 0, 0, 1, 0, 0, 0, 0, 0, 0, 0, 0]","{'n_estimators': 200, 'max_samples': 0.1, 'max_features': 1.0, 'bootstrap': False, 'bootstrap_features': False}",COMPLETE
1562,0.7903225803902184,2024-07-08 12:53:28.932567,2024-07-08 12:54:00.280668,0 days 00:00:31.348101,BaggingClassifier,Normalize_L1_1,,"[1, 1, 1, 1, 1, 0, 1, 1, 1, 1, 0, 1, 1, 0, 0, 1, 0, 1, 1, 1, 1, 1, 0, 1, 0, 0, 0, 1, 1, 0, 0, 1, 1, 0, 1, 1, 1, 1, 0, 0, 0, 0, 0, 0, 0, 1, 0, 1, 0]","{'n_estimators': 100, 'max_samples': 0.1, 'max_features': 1.0, 'bootstrap': False, 'bootstrap_features': False}",COMPLETE
1563,0.5967741933558792,2024-07-08 12:53:29.262565,2024-07-08 12:53:54.763669,0 days 00:00:25.501104,BaggingClassifier,Normalize_L1_1,SVMSMOTE,"[1, 0, 0, 1, 1, 1, 0, 0, 0, 0, 1, 0, 1, 1, 1, 1, 0, 0, 1, 1, 1, 0, 0, 0, 1, 0, 0, 1, 1, 0, 1, 0, 0, 0, 1, 1, 1, 0, 0, 1, 0, 1, 1, 0, 1, 1, 1, 0, 0]","{'n_estimators': 100, 'max_samples': 0.1, 'max_features': 0.5, 'bootstrap': False, 'bootstrap_features': False}",COMPLETE
1564,0.7774193545879292,2024-07-08 12:53:29.445569,2024-07-08 12:53:56.457679,0 days 00:00:27.012110,KNeighborsClassifier,Normalize_L1_1,,"[0, 1, 0, 0, 1, 0, 0, 1, 1, 0, 1, 1, 1, 0, 0, 1, 0, 0, 1, 0, 0, 0, 1, 1, 0, 1, 1, 0, 0, 0, 1, 1, 1, 0, 1, 0, 1, 0, 0, 1, 1, 1, 0, 1, 1, 1, 1, 0, 0]","{'n_neighbors': 5, 'weights': 'uniform', 'algorithm': 'ball_tree', 'leaf_size': 30, 'p': 2, 'metric': 'minkowski'}",COMPLETE
1565,0.0,2024-07-08 12:53:31.173607,2024-07-08 12:54:02.446671,0 days 00:00:31.273064,MLPClassifier,,,,,COMPLETE
