number,value,datetime_start,datetime_complete,duration,params_model,params_normTechnique,params_sampleTechnique,user_attrs_binIndices,user_attrs_hyperparams,state
2860,0.7677419352362123,2024-07-08 13:16:53.162007,2024-07-08 13:17:51.315002,0 days 00:00:58.152995,XGBClassifier,MaxAbsScaler,,"[1, 1, 0, 1, 1, 0, 0, 0, 1, 1, 0, 0, 1, 0, 0, 0, 0, 1, 1, 0, 0, 1, 1, 0, 1, 0, 1, 0, 0, 1, 0, 0, 1, 0, 1, 1, 0, 1, 1, 1, 0, 1, 1, 0, 0, 0, 1, 1, 1]","{'n_estimators': 500, 'learning_rate': 0.1, 'max_depth': 9, 'min_child_weight': 10, 'subsample': 0.5, 'colsample_bytree': 0.7, 'gamma': 0.1, 'reg_alpha': 0.0, 'reg_lambda': 0.0}",COMPLETE
2861,0.6838709675213319,2024-07-08 13:16:55.069007,2024-07-08 13:17:46.178004,0 days 00:00:51.108997,XGBClassifier,Normalize_L1_1,,"[1, 1, 0, 0, 1, 1, 1, 1, 1, 0, 0, 1, 1, 0, 1, 1, 1, 1, 0, 0, 1, 0, 1, 1, 0, 1, 0, 1, 1, 0, 0, 1, 0, 0, 1, 1, 1, 1, 0, 1, 1, 1, 0, 0, 1, 1, 1, 0, 1]","{'n_estimators': 500, 'learning_rate': 1.0, 'max_depth': 5, 'min_child_weight': 10, 'subsample': 0.5, 'colsample_bytree': 0.5, 'gamma': 0.5, 'reg_alpha': 0.1, 'reg_lambda': 0.0}",COMPLETE
2862,0.7612903223350675,2024-07-08 13:16:56.618012,2024-07-08 13:17:44.536002,0 days 00:00:47.917990,BaggingClassifier,Normalize_L1_1,,"[0, 0, 1, 1, 0, 0, 1, 1, 1, 1, 1, 1, 0, 0, 1, 1, 1, 0, 0, 0, 1, 0, 0, 0, 0, 1, 0, 1, 1, 0, 1, 1, 0, 0, 0, 1, 0, 1, 1, 0, 0, 0, 0, 0, 0, 0, 0, 1, 1]","{'n_estimators': 100, 'max_samples': 1.0, 'max_features': 0.1, 'bootstrap': True, 'bootstrap_features': True}",COMPLETE
2863,0.7774193545879292,2024-07-08 13:16:57.056003,2024-07-08 13:18:02.523003,0 days 00:01:05.467000,BaggingClassifier,Normalize_L1_1,,"[1, 1, 1, 0, 0, 0, 1, 0, 1, 1, 0, 0, 0, 1, 1, 1, 1, 1, 0, 1, 0, 1, 0, 0, 1, 1, 0, 1, 0, 1, 1, 0, 1, 0, 1, 0, 0, 1, 0, 0, 1, 0, 0, 0, 0, 1, 1, 0, 1]","{'n_estimators': 50, 'max_samples': 0.5, 'max_features': 1.0, 'bootstrap': True, 'bootstrap_features': True}",COMPLETE
2864,0.0,2024-07-08 13:16:57.473005,2024-07-08 13:17:24.154004,0 days 00:00:26.680999,SVC,Normalize_L1_1,,"[1, 1, 1, 1, 0, 1, 0, 0, 1, 0, 0, 0, 0, 1, 0, 1, 0, 0, 1, 1, 1, 0, 1, 0, 0, 1, 0, 0, 1, 1, 1, 1, 1, 1, 0, 1, 1, 1, 0, 0, 1, 0, 0, 1, 1, 1, 1, 0, 0]","{'C': 0.1, 'kernel': 'rbf', 'degree': 6, 'gamma': '0.001', 'coef0': 0.5, 'shrinking': True, 'probability': True, 'class_weight': None, 'decision_function_shape': 'ovo'}",COMPLETE
2865,0.7516129029833506,2024-07-08 13:17:00.624005,2024-07-08 13:17:25.747040,0 days 00:00:25.123035,BaggingClassifier,Normalize_L2_1,,"[0, 1, 1, 0, 0, 0, 1, 1, 1, 0, 1, 1, 0, 1, 0, 0, 1, 1, 1, 0, 1, 1, 1, 0, 1, 0, 1, 1, 1, 1, 1, 1, 1, 1, 0, 0, 0, 0, 1, 1, 0, 0, 1, 1, 1, 0, 1, 1, 0]","{'n_estimators': 10, 'max_samples': 0.5, 'max_features': 0.1, 'bootstrap': True, 'bootstrap_features': False}",COMPLETE
2866,0.7516129029833506,2024-07-08 13:17:02.238003,2024-07-08 13:17:41.734003,0 days 00:00:39.496000,BaggingClassifier,RobustScaler,TomekLinks,"[1, 1, 1, 1, 1, 0, 1, 1, 1, 1, 0, 0, 1, 0, 0, 1, 1, 1, 0, 1, 0, 1, 0, 0, 0, 1, 1, 0, 1, 1, 0, 0, 1, 0, 1, 1, 0, 0, 0, 1, 0, 0, 0, 1, 0, 1, 1, 1, 1]","{'n_estimators': 50, 'max_samples': 0.1, 'max_features': 0.5, 'bootstrap': False, 'bootstrap_features': True}",COMPLETE
2867,0.745161290082206,2024-07-08 13:17:05.472003,2024-07-08 13:17:42.063029,0 days 00:00:36.591026,BaggingClassifier,Normalize_L2_1,,"[0, 0, 0, 0, 1, 1, 0, 0, 0, 1, 0, 0, 1, 1, 0, 0, 0, 0, 1, 1, 1, 1, 1, 1, 1, 1, 0, 0, 0, 0, 1, 1, 1, 0, 1, 0, 0, 0, 0, 0, 1, 1, 0, 0, 0, 1, 0, 1, 0]","{'n_estimators': 1000, 'max_samples': 1.0, 'max_features': 0.1, 'bootstrap': False, 'bootstrap_features': True}",COMPLETE
2868,0.554838709498439,2024-07-08 13:17:07.433005,2024-07-08 13:17:36.622003,0 days 00:00:29.188998,BaggingClassifier,RobustScaler,RandomUnderSampler,"[1, 0, 0, 0, 1, 1, 1, 0, 1, 1, 1, 0, 0, 0, 1, 1, 0, 0, 0, 0, 1, 1, 1, 1, 1, 1, 0, 0, 0, 0, 0, 0, 0, 1, 1, 0, 1, 1, 1, 0, 1, 0, 0, 1, 0, 0, 0, 1, 1]","{'n_estimators': 100, 'max_samples': 0.5, 'max_features': 0.1, 'bootstrap': False, 'bootstrap_features': False}",COMPLETE
2869,0.7580645158844953,2024-07-08 13:17:10.783005,2024-07-08 13:17:58.394039,0 days 00:00:47.611034,KNeighborsClassifier,Normalize_L2_1,,"[0, 0, 1, 1, 1, 1, 0, 1, 1, 1, 0, 1, 0, 0, 1, 1, 1, 0, 0, 0, 0, 0, 0, 1, 1, 1, 0, 1, 0, 1, 0, 0, 1, 0, 1, 0, 0, 1, 1, 0, 0, 1, 0, 1, 1, 1, 1, 1, 0]","{'n_neighbors': 20, 'weights': 'distance', 'algorithm': 'brute', 'leaf_size': 20, 'p': 2, 'metric': 'minkowski'}",COMPLETE
2870,0.674193548169615,2024-07-08 13:17:11.187002,2024-07-08 13:17:46.844003,0 days 00:00:35.657001,XGBClassifier,Normalize_L1_1,,"[0, 0, 1, 0, 0, 0, 1, 0, 0, 0, 1, 1, 0, 0, 1, 1, 0, 1, 1, 1, 1, 0, 0, 0, 1, 1, 0, 0, 1, 1, 1, 1, 1, 1, 0, 1, 1, 0, 0, 0, 0, 0, 0, 1, 1, 1, 1, 0, 0]","{'n_estimators': 50, 'learning_rate': 1.0, 'max_depth': 5, 'min_child_weight': 5, 'subsample': 0.7, 'colsample_bytree': 0.5, 'gamma': 1.0, 'reg_alpha': 0.1, 'reg_lambda': 0.1}",COMPLETE
2871,0.7580645158844953,2024-07-08 13:17:11.939003,2024-07-08 13:17:33.138004,0 days 00:00:21.199001,BaggingClassifier,Normalize_L1_1,TomekLinks,"[1, 0, 0, 0, 0, 0, 1, 0, 0, 0, 1, 0, 1, 0, 0, 1, 0, 1, 0, 1, 1, 0, 0, 1, 0, 1, 1, 0, 1, 1, 1, 1, 0, 1, 0, 1, 1, 1, 1, 0, 0, 1, 1, 1, 1, 1, 1, 1, 0]","{'n_estimators': 100, 'max_samples': 0.5, 'max_features': 0.5, 'bootstrap': False, 'bootstrap_features': False}",COMPLETE
2872,0.7774193545879292,2024-07-08 13:17:12.501006,2024-07-08 13:18:18.946286,0 days 00:01:06.445280,BaggingClassifier,Normalize_L1_1,,"[0, 1, 0, 1, 0, 0, 1, 0, 1, 1, 1, 1, 1, 1, 0, 1, 0, 0, 0, 0, 0, 0, 1, 0, 1, 0, 0, 0, 1, 1, 0, 1, 1, 1, 0, 1, 0, 0, 1, 0, 0, 1, 0, 0, 0, 0, 1, 1, 0]","{'n_estimators': 500, 'max_samples': 0.5, 'max_features': 0.5, 'bootstrap': True, 'bootstrap_features': True}",COMPLETE
2873,0.6451612901144641,2024-07-08 13:17:15.736005,2024-07-08 13:17:43.911002,0 days 00:00:28.174997,BaggingClassifier,RobustScaler,,"[1, 0, 1, 0, 0, 1, 1, 0, 0, 0, 0, 0, 1, 1, 0, 0, 1, 1, 0, 1, 1, 0, 1, 1, 1, 0, 1, 0, 1, 0, 1, 0, 1, 1, 1, 1, 0, 0, 1, 0, 0, 0, 0, 0, 0, 0, 1, 0, 0]","{'n_estimators': 100, 'max_samples': 0.5, 'max_features': 1.0, 'bootstrap': False, 'bootstrap_features': False}",COMPLETE
2874,0.4451612901789802,2024-07-08 13:17:17.344011,2024-07-08 13:17:58.387004,0 days 00:00:41.042993,XGBClassifier,Normalize_L1_1,,"[1, 0, 1, 1, 1, 0, 1, 0, 1, 0, 1, 0, 1, 1, 0, 0, 0, 0, 0, 0, 0, 0, 1, 1, 1, 1, 0, 1, 1, 1, 0, 1, 1, 0, 1, 0, 0, 1, 1, 0, 1, 1, 0, 0, 0, 1, 0, 1, 0]","{'n_estimators': 200, 'learning_rate': 10.0, 'max_depth': 9, 'min_child_weight': 3, 'subsample': 0.5, 'colsample_bytree': 1.0, 'gamma': 0.0, 'reg_alpha': 0.1, 'reg_lambda': 0.1}",COMPLETE
2875,0.7870967739396462,2024-07-08 13:17:19.412004,2024-07-08 13:17:59.213006,0 days 00:00:39.801002,BaggingClassifier,MinMaxScaler,,"[0, 0, 1, 1, 1, 1, 0, 1, 0, 0, 1, 1, 1, 0, 1, 0, 0, 0, 0, 1, 0, 0, 1, 1, 1, 1, 1, 1, 1, 1, 1, 1, 0, 1, 0, 0, 0, 0, 0, 1, 1, 0, 0, 1, 1, 0, 0, 1, 0]","{'n_estimators': 200, 'max_samples': 0.1, 'max_features': 0.1, 'bootstrap': False, 'bootstrap_features': False}",COMPLETE
2876,0.7161290320270551,2024-07-08 13:17:19.962002,2024-07-08 13:18:05.411016,0 days 00:00:45.449014,XGBClassifier,MaxAbsScaler,,"[1, 0, 1, 1, 1, 0, 0, 0, 0, 0, 0, 1, 0, 0, 0, 0, 0, 1, 1, 0, 1, 0, 1, 1, 1, 0, 1, 0, 1, 0, 0, 1, 0, 0, 1, 0, 0, 1, 0, 1, 0, 0, 1, 0, 1, 0, 0, 1, 1]","{'n_estimators': 50, 'learning_rate': 1.0, 'max_depth': 7, 'min_child_weight': 1, 'subsample': 1.0, 'colsample_bytree': 0.7, 'gamma': 0.1, 'reg_alpha': 0.0, 'reg_lambda': 0.0}",COMPLETE
2877,0.6516129030156087,2024-07-08 13:17:20.144004,2024-07-08 13:17:51.758007,0 days 00:00:31.614003,BaggingClassifier,Normalize_L1_1,RandomUnderSampler,"[0, 0, 0, 1, 1, 0, 0, 0, 0, 1, 1, 0, 0, 1, 1, 1, 1, 1, 1, 0, 1, 1, 0, 0, 1, 0, 1, 0, 1, 1, 1, 0, 0, 0, 1, 1, 1, 1, 1, 1, 1, 0, 1, 0, 0, 1, 0, 0, 1]","{'n_estimators': 500, 'max_samples': 0.1, 'max_features': 0.5, 'bootstrap': False, 'bootstrap_features': True}",COMPLETE
2878,0.6290322578616024,2024-07-08 13:17:21.239002,2024-07-08 13:17:45.777009,0 days 00:00:24.538007,BaggingClassifier,RobustScaler,,"[0, 0, 0, 1, 1, 0, 1, 1, 1, 1, 0, 0, 0, 0, 0, 0, 0, 1, 1, 0, 0, 0, 0, 1, 0, 0, 0, 1, 1, 1, 0, 1, 0, 1, 0, 1, 1, 1, 1, 1, 0, 0, 0, 0, 0, 0, 0, 0, 1]","{'n_estimators': 100, 'max_samples': 1.0, 'max_features': 1.0, 'bootstrap': False, 'bootstrap_features': False}",COMPLETE
2879,0.6387096772133194,2024-07-08 13:17:21.528001,2024-07-08 13:17:43.723034,0 days 00:00:22.195033,BaggingClassifier,MaxAbsScaler,,"[1, 0, 0, 1, 0, 0, 0, 0, 0, 1, 1, 1, 0, 1, 0, 1, 0, 1, 1, 0, 0, 1, 1, 0, 0, 0, 1, 1, 1, 1, 0, 0, 0, 0, 1, 1, 1, 1, 1, 1, 0, 0, 1, 1, 0, 0, 1, 1, 1]","{'n_estimators': 200, 'max_samples': 0.5, 'max_features': 0.5, 'bootstrap': False, 'bootstrap_features': True}",COMPLETE
2880,0.674193548169615,2024-07-08 13:17:22.312004,2024-07-08 13:17:43.535004,0 days 00:00:21.223000,BaggingClassifier,RobustScaler,,"[1, 0, 0, 0, 1, 1, 1, 0, 1, 0, 1, 1, 0, 1, 0, 1, 0, 0, 1, 1, 0, 0, 0, 0, 0, 1, 1, 0, 1, 1, 1, 1, 1, 1, 1, 1, 1, 1, 1, 1, 0, 0, 1, 1, 1, 1, 0, 0, 1]","{'n_estimators': 100, 'max_samples': 0.5, 'max_features': 0.5, 'bootstrap': False, 'bootstrap_features': True}",COMPLETE
2881,0.6290322578616024,2024-07-08 13:17:22.453004,2024-07-08 13:18:56.809288,0 days 00:01:34.356284,BaggingClassifier,MaxAbsScaler,,"[0, 1, 0, 0, 1, 1, 0, 0, 1, 0, 1, 0, 0, 1, 1, 1, 0, 1, 1, 1, 0, 1, 1, 0, 0, 0, 1, 1, 0, 0, 1, 0, 1, 1, 0, 1, 0, 1, 0, 1, 1, 1, 0, 1, 0, 0, 1, 1, 1]","{'n_estimators': 1000, 'max_samples': 1.0, 'max_features': 1.0, 'bootstrap': False, 'bootstrap_features': True}",COMPLETE
2882,0.5225806449927158,2024-07-08 13:17:23.725002,2024-07-08 13:17:45.298001,0 days 00:00:21.572999,BaggingClassifier,RobustScaler,RandomUnderSampler,"[1, 0, 1, 0, 0, 1, 1, 0, 0, 1, 0, 1, 0, 1, 0, 1, 0, 1, 0, 1, 1, 1, 0, 0, 0, 0, 1, 0, 0, 1, 0, 1, 1, 0, 1, 0, 0, 0, 1, 1, 1, 0, 1, 0, 0, 0, 1, 0, 1]","{'n_estimators': 10, 'max_samples': 0.5, 'max_features': 0.5, 'bootstrap': False, 'bootstrap_features': True}",COMPLETE
2883,0.664516128817898,2024-07-08 13:17:25.424004,2024-07-08 13:17:44.187018,0 days 00:00:18.763014,XGBClassifier,Normalize_L1_1,,"[0, 1, 1, 1, 0, 0, 1, 0, 1, 1, 1, 1, 1, 0, 0, 0, 1, 0, 1, 1, 1, 0, 0, 1, 1, 0, 1, 0, 0, 0, 1, 0, 0, 0, 0, 1, 1, 1, 1, 1, 0, 1, 1, 0, 0, 1, 1, 1, 0]","{'n_estimators': 500, 'learning_rate': 1.0, 'max_depth': 7, 'min_child_weight': 5, 'subsample': 0.7, 'colsample_bytree': 0.7, 'gamma': 0.5, 'reg_alpha': 0.1, 'reg_lambda': 1.0}",COMPLETE
2884,0.7870967739396462,2024-07-08 13:17:26.117008,2024-07-08 13:18:00.516002,0 days 00:00:34.398994,BaggingClassifier,MinMaxScaler,,"[1, 0, 0, 1, 0, 0, 0, 0, 0, 1, 1, 0, 1, 1, 1, 0, 1, 0, 0, 1, 1, 0, 0, 0, 1, 0, 0, 0, 0, 1, 0, 1, 1, 1, 1, 0, 1, 0, 1, 0, 1, 0, 1, 0, 0, 1, 0, 1, 1]","{'n_estimators': 100, 'max_samples': 0.1, 'max_features': 0.1, 'bootstrap': False, 'bootstrap_features': True}",COMPLETE
2885,0.2064516128366285,2024-07-08 13:17:26.467005,2024-07-08 13:17:44.467017,0 days 00:00:18.000012,XGBClassifier,MaxAbsScaler,,"[1, 1, 0, 0, 1, 0, 0, 0, 1, 1, 0, 1, 0, 0, 1, 0, 1, 0, 0, 1, 1, 0, 1, 1, 1, 1, 0, 1, 0, 0, 1, 1, 0, 1, 0, 0, 1, 0, 1, 1, 1, 0, 1, 1, 1, 0, 1, 0, 1]","{'n_estimators': 50, 'learning_rate': 10.0, 'max_depth': 3, 'min_child_weight': 5, 'subsample': 0.5, 'colsample_bytree': 0.5, 'gamma': 0.0, 'reg_alpha': 0.0, 'reg_lambda': 1.0}",COMPLETE
2886,0.5483870965972945,2024-07-08 13:17:26.865004,2024-07-08 13:18:24.516288,0 days 00:00:57.651284,BaggingClassifier,Normalize_L1_1,ADASYN,"[0, 0, 0, 0, 1, 1, 0, 0, 0, 1, 1, 1, 1, 0, 0, 0, 1, 1, 0, 0, 1, 0, 0, 1, 0, 0, 0, 1, 0, 0, 1, 1, 1, 1, 0, 1, 1, 0, 1, 0, 0, 0, 1, 1, 1, 0, 0, 1, 1]","{'n_estimators': 1000, 'max_samples': 0.1, 'max_features': 1.0, 'bootstrap': False, 'bootstrap_features': True}",COMPLETE
2887,0.7645161287856399,2024-07-08 13:17:27.588002,2024-07-08 13:18:02.529005,0 days 00:00:34.941003,BaggingClassifier,Normalize_L1_1,,"[0, 1, 1, 1, 1, 0, 1, 0, 0, 1, 0, 1, 0, 0, 0, 1, 0, 0, 0, 1, 1, 1, 0, 0, 1, 1, 1, 0, 0, 0, 0, 1, 1, 0, 0, 1, 1, 0, 1, 0, 0, 1, 0, 0, 0, 1, 1, 0, 1]","{'n_estimators': 100, 'max_samples': 0.5, 'max_features': 1.0, 'bootstrap': True, 'bootstrap_features': False}",COMPLETE
2888,0.7806451610385015,2024-07-08 13:17:28.167004,2024-07-08 13:17:46.090007,0 days 00:00:17.923003,XGBClassifier,Normalize_L1_1,,"[1, 1, 0, 0, 0, 0, 1, 1, 0, 1, 0, 0, 0, 0, 1, 0, 1, 0, 1, 0, 1, 0, 0, 0, 0, 0, 1, 1, 1, 1, 1, 0, 0, 0, 0, 1, 0, 0, 1, 1, 1, 0, 1, 1, 0, 0, 1, 1, 0]","{'n_estimators': 200, 'learning_rate': 0.1, 'max_depth': 9, 'min_child_weight': 3, 'subsample': 0.5, 'colsample_bytree': 1.0, 'gamma': 1.0, 'reg_alpha': 1.0, 'reg_lambda': 0.1}",COMPLETE
2889,0.7612903223350675,2024-07-08 13:17:28.170002,2024-07-08 13:18:05.519002,0 days 00:00:37.349000,BaggingClassifier,Normalize_L1_1,,"[0, 1, 1, 0, 1, 1, 1, 0, 0, 0, 1, 0, 0, 0, 0, 1, 0, 0, 0, 1, 1, 1, 1, 1, 1, 0, 0, 0, 1, 0, 1, 0, 0, 1, 0, 1, 1, 1, 0, 0, 0, 0, 1, 1, 1, 0, 1, 1, 0]","{'n_estimators': 100, 'max_samples': 1.0, 'max_features': 0.5, 'bootstrap': False, 'bootstrap_features': True}",COMPLETE
2890,0.36451612891467217,2024-07-08 13:17:28.301003,2024-07-08 13:18:11.663014,0 days 00:00:43.362011,BaggingClassifier,Normalize_L1_1,ADASYN,"[0, 0, 1, 1, 0, 1, 1, 1, 1, 1, 0, 1, 0, 1, 0, 0, 1, 1, 0, 1, 1, 0, 1, 1, 1, 0, 0, 1, 0, 1, 0, 0, 0, 1, 0, 1, 0, 1, 0, 1, 0, 0, 0, 1, 0, 0, 0, 0, 0]","{'n_estimators': 500, 'max_samples': 1.0, 'max_features': 0.1, 'bootstrap': False, 'bootstrap_features': True}",COMPLETE
2891,0.6290322578616024,2024-07-08 13:17:29.069035,2024-07-08 13:18:00.505002,0 days 00:00:31.435967,BaggingClassifier,MinMaxScaler,,"[1, 0, 1, 0, 0, 0, 1, 0, 0, 0, 0, 1, 1, 1, 0, 0, 0, 0, 1, 1, 0, 0, 1, 1, 1, 0, 1, 0, 0, 1, 0, 0, 0, 0, 1, 0, 1, 1, 1, 1, 1, 1, 1, 1, 0, 0, 0, 1, 1]","{'n_estimators': 100, 'max_samples': 1.0, 'max_features': 1.0, 'bootstrap': True, 'bootstrap_features': True}",COMPLETE
2892,0.7935483868407908,2024-07-08 13:17:29.630003,2024-07-08 13:17:45.781003,0 days 00:00:16.151000,XGBClassifier,MaxAbsScaler,,"[0, 1, 0, 0, 1, 0, 0, 0, 1, 1, 1, 0, 0, 1, 1, 0, 1, 1, 0, 0, 0, 1, 1, 0, 0, 1, 0, 0, 0, 0, 0, 1, 1, 1, 1, 0, 1, 1, 1, 1, 0, 1, 1, 0, 1, 1, 0, 0, 0]","{'n_estimators': 10, 'learning_rate': 0.1, 'max_depth': 9, 'min_child_weight': 5, 'subsample': 0.7, 'colsample_bytree': 0.7, 'gamma': 0.1, 'reg_alpha': 1.0, 'reg_lambda': 0.1}",COMPLETE
2893,0.7193548384776274,2024-07-08 13:17:30.705003,2024-07-08 13:17:51.760031,0 days 00:00:21.055028,XGBClassifier,MaxAbsScaler,,"[0, 1, 0, 0, 0, 1, 1, 0, 0, 1, 0, 1, 1, 1, 1, 1, 1, 1, 0, 0, 0, 1, 0, 0, 1, 1, 1, 1, 0, 0, 1, 1, 1, 0, 0, 0, 0, 0, 0, 0, 1, 0, 0, 1, 1, 0, 0, 0, 0]","{'n_estimators': 500, 'learning_rate': 0.5, 'max_depth': 9, 'min_child_weight': 5, 'subsample': 1.0, 'colsample_bytree': 0.5, 'gamma': 0.0, 'reg_alpha': 0.1, 'reg_lambda': 0.0}",COMPLETE
2894,0.7709677416867845,2024-07-08 13:17:35.430005,2024-07-08 13:17:59.098001,0 days 00:00:23.667996,BaggingClassifier,MinMaxScaler,,"[1, 1, 1, 1, 1, 1, 0, 0, 0, 1, 1, 0, 0, 1, 0, 1, 0, 1, 0, 0, 0, 1, 0, 0, 1, 1, 0, 1, 0, 0, 1, 1, 0, 0, 0, 0, 0, 1, 1, 0, 1, 1, 1, 0, 0, 1, 1, 1, 0]","{'n_estimators': 50, 'max_samples': 0.1, 'max_features': 1.0, 'bootstrap': False, 'bootstrap_features': True}",COMPLETE
2895,0.7612903223350675,2024-07-08 13:17:35.681000,2024-07-08 13:18:00.997001,0 days 00:00:25.316001,BaggingClassifier,Normalize_L1_1,,"[1, 1, 1, 0, 0, 0, 0, 1, 0, 0, 0, 0, 1, 0, 1, 1, 1, 0, 0, 1, 0, 1, 0, 1, 1, 0, 0, 1, 0, 0, 0, 1, 0, 0, 0, 1, 1, 1, 1, 1, 0, 0, 1, 1, 0, 1, 0, 0, 0]","{'n_estimators': 100, 'max_samples': 1.0, 'max_features': 0.1, 'bootstrap': False, 'bootstrap_features': False}",COMPLETE
2896,0.7935483868407908,2024-07-08 13:17:36.252004,2024-07-08 13:18:01.879003,0 days 00:00:25.626999,BaggingClassifier,Normalize_L1_1,,"[0, 1, 0, 1, 1, 1, 0, 0, 1, 1, 1, 0, 1, 1, 0, 0, 1, 1, 0, 1, 0, 1, 1, 1, 1, 1, 1, 0, 0, 1, 0, 0, 1, 0, 0, 0, 0, 1, 0, 1, 0, 0, 0, 1, 1, 1, 1, 1, 1]","{'n_estimators': 200, 'max_samples': 0.1, 'max_features': 0.5, 'bootstrap': True, 'bootstrap_features': False}",COMPLETE
2897,0.7903225803902184,2024-07-08 13:17:36.977029,2024-07-08 13:18:00.578001,0 days 00:00:23.600972,BaggingClassifier,MinMaxScaler,,"[1, 0, 1, 0, 0, 1, 1, 0, 0, 0, 1, 1, 1, 0, 1, 0, 1, 0, 0, 1, 0, 1, 0, 0, 0, 1, 1, 0, 0, 1, 1, 1, 1, 0, 1, 1, 1, 0, 0, 1, 1, 0, 0, 1, 0, 1, 1, 0, 0]","{'n_estimators': 200, 'max_samples': 0.1, 'max_features': 0.5, 'bootstrap': True, 'bootstrap_features': False}",COMPLETE
2898,0.45483870953069716,2024-07-08 13:17:38.561011,2024-07-08 13:18:13.450005,0 days 00:00:34.888994,BaggingClassifier,Normalize_L1_1,ADASYN,"[1, 0, 1, 1, 1, 0, 0, 1, 0, 1, 1, 0, 1, 1, 1, 1, 0, 1, 1, 1, 1, 1, 0, 0, 1, 0, 1, 0, 0, 0, 0, 1, 0, 1, 1, 1, 0, 0, 0, 1, 1, 0, 1, 1, 1, 0, 1, 1, 1]","{'n_estimators': 10, 'max_samples': 0.5, 'max_features': 0.1, 'bootstrap': True, 'bootstrap_features': False}",COMPLETE
2899,0.5354838707950051,2024-07-08 13:17:39.185002,2024-07-08 13:18:16.492287,0 days 00:00:37.307285,BaggingClassifier,MinMaxScaler,ADASYN,"[0, 1, 1, 0, 0, 0, 1, 1, 1, 1, 1, 1, 0, 0, 0, 0, 1, 1, 1, 0, 0, 1, 0, 0, 1, 1, 1, 1, 0, 0, 0, 0, 0, 0, 1, 0, 1, 0, 0, 0, 0, 0, 1, 0, 0, 0, 0, 0, 0]","{'n_estimators': 1000, 'max_samples': 0.1, 'max_features': 0.5, 'bootstrap': True, 'bootstrap_features': False}",COMPLETE
2900,0.7612903223350675,2024-07-08 13:17:39.614005,2024-07-08 13:18:32.665292,0 days 00:00:53.051287,BaggingClassifier,Normalize_L1_1,,"[0, 1, 1, 1, 1, 0, 1, 0, 1, 0, 0, 0, 1, 0, 1, 0, 0, 1, 0, 0, 0, 1, 1, 0, 1, 0, 1, 1, 1, 0, 1, 0, 1, 1, 0, 0, 1, 1, 1, 0, 0, 1, 1, 0, 1, 0, 0, 0, 0]","{'n_estimators': 500, 'max_samples': 1.0, 'max_features': 0.5, 'bootstrap': True, 'bootstrap_features': True}",COMPLETE
2901,0.593548386905307,2024-07-08 13:17:40.104002,2024-07-08 13:18:00.586003,0 days 00:00:20.482001,BaggingClassifier,Normalize_L1_1,ADASYN,"[1, 0, 1, 1, 1, 1, 1, 0, 0, 1, 0, 0, 0, 0, 1, 1, 0, 0, 1, 0, 0, 1, 1, 0, 0, 0, 0, 1, 0, 0, 1, 0, 1, 1, 1, 0, 1, 1, 1, 0, 1, 0, 1, 1, 1, 1, 0, 1, 0]","{'n_estimators': 10, 'max_samples': 0.1, 'max_features': 0.1, 'bootstrap': True, 'bootstrap_features': False}",COMPLETE
2902,0.6290322578616024,2024-07-08 13:17:41.364002,2024-07-08 13:18:05.672003,0 days 00:00:24.308001,BaggingClassifier,MinMaxScaler,,"[1, 0, 0, 1, 0, 1, 1, 0, 0, 0, 0, 1, 1, 0, 1, 1, 1, 0, 1, 1, 0, 1, 0, 1, 0, 1, 0, 0, 1, 0, 0, 0, 0, 1, 0, 1, 1, 1, 1, 0, 1, 0, 0, 1, 0, 0, 0, 0, 1]","{'n_estimators': 100, 'max_samples': 1.0, 'max_features': 0.5, 'bootstrap': False, 'bootstrap_features': False}",COMPLETE
2903,0.5225806449927158,2024-07-08 13:17:41.521002,2024-07-08 13:18:12.561002,0 days 00:00:31.040000,BaggingClassifier,MinMaxScaler,ADASYN,"[0, 0, 1, 1, 1, 1, 1, 1, 1, 0, 0, 1, 0, 1, 1, 0, 1, 0, 0, 1, 0, 1, 0, 1, 1, 1, 1, 0, 1, 0, 1, 1, 0, 1, 0, 0, 0, 1, 1, 1, 0, 0, 1, 0, 1, 0, 0, 0, 1]","{'n_estimators': 50, 'max_samples': 0.5, 'max_features': 0.1, 'bootstrap': False, 'bootstrap_features': True}",COMPLETE
2904,0.7612903223350675,2024-07-08 13:17:41.971004,2024-07-08 13:18:15.960285,0 days 00:00:33.989281,BaggingClassifier,Normalize_L1_1,,"[0, 1, 0, 0, 1, 1, 0, 0, 0, 0, 1, 1, 1, 0, 0, 1, 0, 0, 0, 0, 0, 1, 1, 0, 1, 0, 1, 1, 0, 0, 0, 1, 1, 1, 0, 0, 1, 0, 0, 1, 0, 0, 0, 0, 1, 0, 1, 1, 0]","{'n_estimators': 200, 'max_samples': 1.0, 'max_features': 1.0, 'bootstrap': False, 'bootstrap_features': True}",COMPLETE
2905,0.7677419352362123,2024-07-08 13:17:42.362003,2024-07-08 13:18:46.583287,0 days 00:01:04.221284,BaggingClassifier,Normalize_L1_1,,"[1, 1, 0, 0, 0, 0, 1, 0, 1, 1, 0, 1, 0, 1, 0, 1, 1, 0, 1, 1, 1, 0, 1, 0, 1, 0, 1, 1, 0, 0, 1, 1, 1, 1, 1, 1, 1, 0, 0, 0, 1, 1, 1, 1, 1, 0, 1, 1, 0]","{'n_estimators': 500, 'max_samples': 0.5, 'max_features': 1.0, 'bootstrap': False, 'bootstrap_features': False}",COMPLETE
2906,0.6612903223673257,2024-07-08 13:17:43.806003,2024-07-08 13:18:16.155288,0 days 00:00:32.349285,ExtraTreesClassifier,Normalize_L1_1,SMOTEENN,"[0, 0, 1, 1, 1, 0, 0, 1, 1, 1, 0, 0, 0, 0, 0, 0, 1, 0, 0, 1, 0, 1, 0, 1, 1, 0, 1, 1, 0, 1, 0, 1, 1, 1, 1, 1, 1, 1, 0, 0, 0, 0, 1, 1, 0, 0, 1, 1, 1]","{'n_estimators': 500, 'max_features': 'sqrt', 'max_depth': None, 'min_samples_split': 200, 'min_samples_leaf': 10, 'bootstrap': True}",COMPLETE
2907,0.4258064514755463,2024-07-08 13:17:43.976002,2024-07-08 13:18:06.995002,0 days 00:00:23.019000,BaggingClassifier,Normalize_L1_1,ADASYN,"[1, 0, 0, 1, 1, 1, 0, 0, 1, 1, 0, 0, 0, 1, 0, 0, 1, 1, 1, 1, 0, 1, 0, 0, 1, 1, 1, 1, 0, 1, 1, 0, 1, 0, 0, 0, 1, 0, 0, 1, 1, 0, 0, 1, 0, 1, 1, 0, 0]","{'n_estimators': 10, 'max_samples': 1.0, 'max_features': 1.0, 'bootstrap': True, 'bootstrap_features': True}",COMPLETE
2908,0.7612903223350675,2024-07-08 13:17:44.337006,2024-07-08 13:18:19.702287,0 days 00:00:35.365281,BaggingClassifier,Normalize_L1_1,,"[0, 0, 0, 0, 1, 0, 0, 0, 0, 1, 1, 0, 0, 1, 1, 1, 1, 0, 0, 0, 0, 1, 1, 1, 1, 1, 1, 1, 0, 1, 0, 0, 0, 0, 0, 1, 0, 0, 1, 0, 1, 1, 0, 0, 1, 1, 0, 0, 0]","{'n_estimators': 10, 'max_samples': 1.0, 'max_features': 0.1, 'bootstrap': True, 'bootstrap_features': True}",COMPLETE
2909,0.7935483868407908,2024-07-08 13:17:44.608020,2024-07-08 13:18:26.294286,0 days 00:00:41.686266,AdaBoostClassifier,Normalize_L1_1,,"[1, 1, 1, 1, 1, 1, 1, 0, 1, 1, 1, 1, 1, 0, 1, 1, 1, 0, 1, 0, 1, 1, 0, 0, 1, 0, 1, 1, 0, 0, 1, 1, 1, 1, 1, 1, 1, 0, 0, 0, 0, 1, 0, 1, 0, 0, 1, 1, 1]","{'n_estimators': 10, 'learning_rate': 0.01, 'algorithm': 'SAMME.R'}",COMPLETE
2910,0.4645161288824141,2024-07-08 13:17:44.713002,2024-07-08 13:18:23.275286,0 days 00:00:38.562284,BaggingClassifier,Normalize_L1_1,NearMiss,"[1, 1, 1, 0, 1, 0, 0, 0, 1, 0, 1, 1, 0, 0, 0, 0, 0, 0, 1, 1, 1, 0, 1, 0, 0, 0, 1, 0, 1, 0, 1, 1, 1, 1, 0, 0, 0, 0, 1, 0, 1, 0, 1, 1, 1, 0, 0, 0, 1]","{'n_estimators': 200, 'max_samples': 1.0, 'max_features': 0.5, 'bootstrap': False, 'bootstrap_features': True}",COMPLETE
