number,value,datetime_start,datetime_complete,duration,params_model,params_normTechnique,params_sampleTechnique,user_attrs_binIndices,user_attrs_hyperparams,state
1183,0.7612903223350675,2024-07-08 12:46:28.017281,2024-07-08 12:46:57.790297,0 days 00:00:29.773016,BaggingClassifier,Normalize_L1_1,,"[1, 1, 0, 1, 0, 0, 1, 0, 1, 0, 1, 0, 1, 0, 1, 0, 1, 1, 0, 1, 1, 1, 0, 1, 0, 1, 1, 1, 0, 0, 0, 0, 0, 0, 1, 1, 1, 0, 1, 1, 0, 0, 0, 0, 0, 0, 0, 0, 1]","{'n_estimators': 10, 'max_samples': 1.0, 'max_features': 0.5, 'bootstrap': False, 'bootstrap_features': False}",COMPLETE
1184,0.36451612891467217,2024-07-08 12:46:28.505300,2024-07-08 12:47:25.089861,0 days 00:00:56.584561,BaggingClassifier,Normalize_L1_1,ADASYN,"[0, 1, 0, 1, 0, 0, 0, 0, 1, 0, 1, 0, 0, 0, 1, 0, 0, 1, 1, 1, 0, 0, 0, 1, 1, 0, 1, 1, 0, 0, 1, 1, 0, 1, 0, 0, 0, 1, 1, 1, 1, 0, 1, 1, 1, 0, 0, 1, 1]","{'n_estimators': 500, 'max_samples': 1.0, 'max_features': 0.1, 'bootstrap': False, 'bootstrap_features': False}",COMPLETE
1185,0.7967741932913631,2024-07-08 12:46:29.638285,2024-07-08 12:47:21.696844,0 days 00:00:52.058559,BaggingClassifier,Normalize_L1_1,,"[1, 0, 1, 0, 1, 1, 1, 1, 1, 1, 0, 1, 0, 1, 1, 0, 1, 0, 1, 1, 0, 0, 1, 1, 1, 0, 0, 0, 0, 0, 0, 0, 1, 0, 0, 0, 0, 0, 1, 1, 1, 0, 0, 0, 0, 0, 1, 0, 0]","{'n_estimators': 200, 'max_samples': 0.1, 'max_features': 0.1, 'bootstrap': True, 'bootstrap_features': True}",COMPLETE
1186,0.7677419352362123,2024-07-08 12:46:32.479304,2024-07-08 12:47:18.946865,0 days 00:00:46.467561,BaggingClassifier,Normalize_L1_1,,"[1, 0, 0, 1, 0, 1, 1, 0, 0, 0, 1, 1, 1, 0, 0, 1, 1, 1, 0, 0, 1, 1, 1, 1, 1, 0, 1, 0, 0, 0, 0, 1, 0, 0, 0, 0, 0, 0, 1, 0, 1, 1, 0, 1, 0, 0, 0, 0, 0]","{'n_estimators': 100, 'max_samples': 0.5, 'max_features': 1.0, 'bootstrap': False, 'bootstrap_features': False}",COMPLETE
1187,0.39999999987096774,2024-07-08 12:46:33.127304,2024-07-08 12:47:21.871870,0 days 00:00:48.744566,BaggingClassifier,Normalize_L1_1,ADASYN,"[1, 0, 1, 0, 0, 1, 0, 1, 1, 1, 1, 0, 1, 0, 0, 0, 1, 1, 1, 1, 0, 0, 1, 1, 0, 0, 1, 1, 1, 1, 0, 1, 0, 1, 1, 0, 1, 0, 0, 0, 0, 0, 0, 0, 1, 1, 0, 0, 1]","{'n_estimators': 200, 'max_samples': 1.0, 'max_features': 1.0, 'bootstrap': False, 'bootstrap_features': False}",COMPLETE
1188,0.7774193545879292,2024-07-08 12:46:36.473283,2024-07-08 12:47:21.689877,0 days 00:00:45.216594,BaggingClassifier,Normalize_L1_1,,"[1, 0, 0, 1, 0, 0, 0, 1, 1, 1, 0, 0, 1, 1, 1, 0, 1, 1, 1, 0, 1, 0, 1, 1, 0, 1, 1, 0, 1, 1, 0, 0, 1, 0, 0, 1, 1, 1, 1, 1, 0, 1, 0, 0, 0, 1, 1, 0, 1]","{'n_estimators': 500, 'max_samples': 0.5, 'max_features': 0.1, 'bootstrap': True, 'bootstrap_features': True}",COMPLETE
1189,0.7612903223350675,2024-07-08 12:46:38.153322,2024-07-08 12:48:02.476998,0 days 00:01:24.323676,BaggingClassifier,Normalize_L1_1,,"[1, 0, 1, 0, 1, 1, 1, 1, 0, 1, 0, 0, 0, 1, 1, 0, 0, 0, 0, 1, 1, 0, 0, 1, 1, 0, 0, 0, 0, 0, 0, 0, 0, 0, 0, 1, 1, 0, 1, 0, 0, 1, 0, 1, 0, 0, 1, 0, 0]","{'n_estimators': 1000, 'max_samples': 1.0, 'max_features': 0.5, 'bootstrap': False, 'bootstrap_features': False}",COMPLETE
1190,0.7677419352362123,2024-07-08 12:46:38.561295,2024-07-08 12:47:29.895894,0 days 00:00:51.334599,BaggingClassifier,Normalize_L1_1,,"[0, 1, 0, 1, 1, 1, 1, 0, 1, 1, 0, 0, 1, 1, 0, 0, 0, 1, 0, 1, 0, 0, 0, 0, 1, 1, 1, 1, 1, 0, 0, 1, 0, 0, 0, 1, 1, 1, 0, 1, 1, 1, 0, 1, 1, 1, 0, 0, 0]","{'n_estimators': 50, 'max_samples': 1.0, 'max_features': 0.5, 'bootstrap': True, 'bootstrap_features': True}",COMPLETE
1191,0.7999999997419355,2024-07-08 12:46:40.291281,2024-07-08 12:47:38.155896,0 days 00:00:57.864615,BaggingClassifier,Normalize_L1_1,,"[0, 0, 0, 0, 1, 1, 0, 0, 0, 1, 0, 0, 1, 1, 0, 0, 0, 0, 0, 1, 0, 1, 1, 1, 1, 0, 1, 1, 0, 0, 0, 0, 1, 0, 1, 0, 0, 0, 0, 1, 1, 0, 0, 1, 1, 1, 0, 1, 1]","{'n_estimators': 1000, 'max_samples': 0.1, 'max_features': 0.5, 'bootstrap': False, 'bootstrap_features': False}",COMPLETE
1192,0.8064516126430801,2024-07-08 12:46:43.331300,2024-07-08 12:47:22.696860,0 days 00:00:39.365560,BaggingClassifier,Normalize_L1_1,,"[1, 1, 1, 0, 1, 0, 1, 0, 1, 0, 0, 0, 0, 0, 0, 1, 1, 0, 0, 0, 0, 1, 0, 0, 0, 1, 1, 1, 0, 1, 1, 0, 0, 1, 1, 1, 1, 0, 0, 0, 0, 1, 1, 0, 0, 1, 1, 1, 1]","{'n_estimators': 500, 'max_samples': 0.1, 'max_features': 0.1, 'bootstrap': True, 'bootstrap_features': True}",COMPLETE
1193,0.7645161287856399,2024-07-08 12:46:44.025283,2024-07-08 12:47:46.453897,0 days 00:01:02.428614,BaggingClassifier,Normalize_L1_1,,"[0, 1, 1, 1, 0, 0, 1, 0, 1, 1, 1, 1, 1, 0, 0, 0, 0, 0, 1, 0, 1, 1, 0, 1, 0, 0, 0, 1, 0, 1, 0, 1, 1, 0, 1, 0, 1, 0, 0, 0, 1, 0, 1, 1, 1, 1, 1, 1, 1]","{'n_estimators': 100, 'max_samples': 0.5, 'max_features': 1.0, 'bootstrap': False, 'bootstrap_features': False}",COMPLETE
1194,0.7741935481373569,2024-07-08 12:46:44.261296,2024-07-08 12:47:27.465894,0 days 00:00:43.204598,BaggingClassifier,Normalize_L1_1,,"[0, 0, 0, 1, 1, 0, 1, 0, 0, 0, 0, 0, 1, 1, 0, 0, 1, 0, 0, 1, 1, 0, 1, 1, 1, 1, 0, 1, 1, 0, 0, 0, 0, 1, 0, 1, 1, 0, 0, 1, 1, 0, 0, 1, 1, 0, 0, 0, 0]","{'n_estimators': 100, 'max_samples': 0.5, 'max_features': 1.0, 'bootstrap': True, 'bootstrap_features': True}",COMPLETE
1195,0.8032258061925077,2024-07-08 12:46:46.312285,2024-07-08 12:47:36.132874,0 days 00:00:49.820589,BaggingClassifier,Normalize_L1_1,,"[0, 0, 0, 1, 1, 1, 1, 1, 1, 0, 1, 1, 0, 1, 0, 1, 1, 1, 0, 1, 1, 1, 0, 1, 0, 1, 1, 1, 0, 0, 1, 1, 0, 1, 1, 0, 0, 0, 1, 0, 1, 1, 1, 0, 0, 0, 1, 0, 0]","{'n_estimators': 500, 'max_samples': 0.1, 'max_features': 0.1, 'bootstrap': True, 'bootstrap_features': False}",COMPLETE
1196,0.7612903223350675,2024-07-08 12:46:47.060301,2024-07-08 12:47:49.277897,0 days 00:01:02.217596,BaggingClassifier,Normalize_L1_1,,"[0, 0, 1, 0, 1, 1, 1, 0, 0, 1, 1, 1, 0, 0, 0, 0, 1, 1, 0, 0, 0, 1, 0, 1, 0, 1, 0, 0, 0, 1, 0, 1, 0, 1, 1, 1, 0, 1, 0, 0, 0, 1, 1, 1, 0, 1, 0, 0, 0]","{'n_estimators': 500, 'max_samples': 1.0, 'max_features': 0.5, 'bootstrap': False, 'bootstrap_features': False}",COMPLETE
1197,0.7935483868407908,2024-07-08 12:46:47.862282,2024-07-08 12:47:49.283902,0 days 00:01:01.421620,BaggingClassifier,Normalize_L1_1,,"[1, 0, 0, 0, 1, 1, 1, 1, 0, 0, 1, 1, 0, 1, 1, 0, 0, 0, 0, 0, 1, 1, 1, 0, 1, 0, 0, 0, 1, 1, 0, 1, 0, 1, 0, 1, 1, 1, 1, 1, 1, 0, 0, 1, 1, 1, 1, 0, 1]","{'n_estimators': 100, 'max_samples': 0.1, 'max_features': 0.5, 'bootstrap': False, 'bootstrap_features': True}",COMPLETE
1198,0.7645161287856399,2024-07-08 12:46:48.382299,2024-07-08 12:47:49.399913,0 days 00:01:01.017614,BaggingClassifier,Normalize_L1_1,,"[1, 0, 1, 0, 0, 0, 1, 0, 0, 1, 0, 1, 1, 0, 0, 0, 1, 0, 1, 0, 1, 0, 0, 0, 0, 1, 1, 0, 1, 1, 1, 0, 1, 0, 1, 1, 0, 1, 1, 1, 1, 1, 0, 0, 1, 0, 0, 0, 1]","{'n_estimators': 10, 'max_samples': 0.5, 'max_features': 1.0, 'bootstrap': False, 'bootstrap_features': True}",COMPLETE
1199,0.7741935481373569,2024-07-08 12:46:50.156284,2024-07-08 12:48:02.624015,0 days 00:01:12.467731,BaggingClassifier,Normalize_L1_1,,"[1, 0, 0, 1, 1, 0, 0, 0, 1, 0, 0, 1, 1, 1, 0, 0, 1, 1, 0, 1, 0, 0, 1, 1, 1, 0, 0, 0, 1, 0, 0, 0, 1, 1, 1, 0, 1, 1, 0, 1, 1, 0, 1, 0, 1, 1, 0, 1, 1]","{'n_estimators': 1000, 'max_samples': 0.5, 'max_features': 0.5, 'bootstrap': True, 'bootstrap_features': False}",COMPLETE
1200,0.7709677416867845,2024-07-08 12:46:52.022281,2024-07-08 12:47:24.569867,0 days 00:00:32.547586,BaggingClassifier,Normalize_L1_1,,"[0, 1, 1, 0, 0, 1, 0, 1, 0, 1, 1, 0, 1, 1, 0, 1, 0, 0, 0, 0, 0, 1, 1, 1, 0, 0, 0, 1, 0, 1, 0, 1, 0, 0, 0, 1, 0, 0, 1, 0, 1, 0, 1, 0, 0, 0, 1, 0, 1]","{'n_estimators': 100, 'max_samples': 0.5, 'max_features': 0.1, 'bootstrap': False, 'bootstrap_features': True}",COMPLETE
1201,0.7967741932913631,2024-07-08 12:46:54.108257,2024-07-08 12:47:50.172896,0 days 00:00:56.064639,BaggingClassifier,Normalize_L1_1,,"[1, 0, 0, 0, 1, 1, 0, 1, 1, 0, 1, 0, 1, 1, 1, 1, 0, 0, 0, 0, 1, 0, 1, 1, 1, 0, 1, 1, 1, 0, 0, 0, 1, 1, 0, 1, 1, 0, 1, 1, 1, 0, 1, 1, 0, 0, 1, 1, 0]","{'n_estimators': 10, 'max_samples': 0.1, 'max_features': 0.1, 'bootstrap': False, 'bootstrap_features': True}",COMPLETE
1202,0.8032258061925077,2024-07-08 12:46:54.539285,2024-07-08 12:47:40.562867,0 days 00:00:46.023582,BaggingClassifier,Normalize_L1_1,,"[0, 0, 0, 1, 0, 1, 0, 1, 1, 0, 1, 0, 1, 0, 1, 0, 1, 1, 0, 1, 0, 0, 0, 1, 0, 0, 1, 0, 1, 0, 0, 1, 1, 1, 1, 1, 1, 0, 0, 0, 1, 1, 1, 1, 1, 1, 0, 1, 1]","{'n_estimators': 50, 'max_samples': 0.1, 'max_features': 1.0, 'bootstrap': False, 'bootstrap_features': False}",COMPLETE
1203,0.7580645158844953,2024-07-08 12:46:54.985287,2024-07-08 12:47:29.204908,0 days 00:00:34.219621,BaggingClassifier,Normalize_L1_1,,"[1, 1, 0, 1, 0, 1, 1, 0, 0, 1, 0, 1, 0, 0, 0, 0, 1, 1, 0, 0, 0, 0, 0, 0, 0, 0, 0, 1, 1, 0, 1, 0, 1, 1, 1, 1, 1, 0, 0, 1, 1, 0, 1, 1, 1, 0, 1, 0, 1]","{'n_estimators': 50, 'max_samples': 1.0, 'max_features': 0.5, 'bootstrap': True, 'bootstrap_features': False}",COMPLETE
1204,0.7645161287856399,2024-07-08 12:46:56.029312,2024-07-08 12:47:36.462900,0 days 00:00:40.433588,BaggingClassifier,Normalize_L1_1,,"[1, 1, 1, 1, 1, 1, 0, 1, 1, 1, 0, 1, 1, 0, 1, 1, 1, 1, 1, 0, 0, 1, 1, 0, 0, 0, 1, 0, 0, 0, 0, 0, 0, 0, 1, 0, 0, 0, 0, 0, 1, 0, 0, 0, 1, 0, 1, 0, 0]","{'n_estimators': 100, 'max_samples': 1.0, 'max_features': 0.1, 'bootstrap': True, 'bootstrap_features': True}",COMPLETE
1205,0.0,2024-07-08 12:46:56.718307,2024-07-08 12:48:00.749997,0 days 00:01:04.031690,BaggingClassifier,Normalize_L1_1,KMeansSMOTE,,"{'n_estimators': 50, 'max_samples': 0.1, 'max_features': 0.5, 'bootstrap': True, 'bootstrap_features': False}",COMPLETE
1206,0.7967741932913631,2024-07-08 12:46:58.423287,2024-07-08 12:47:58.502998,0 days 00:01:00.079711,BaggingClassifier,Normalize_L1_1,,"[0, 0, 1, 1, 1, 1, 0, 1, 1, 0, 1, 0, 1, 0, 1, 1, 0, 0, 1, 1, 0, 1, 0, 0, 1, 1, 0, 0, 1, 1, 1, 1, 0, 1, 1, 0, 1, 1, 1, 0, 0, 1, 1, 0, 0, 1, 0, 1, 1]","{'n_estimators': 1000, 'max_samples': 0.1, 'max_features': 1.0, 'bootstrap': False, 'bootstrap_features': True}",COMPLETE
1207,0.7645161287856399,2024-07-08 12:47:03.156771,2024-07-08 12:48:03.843009,0 days 00:01:00.686238,BaggingClassifier,Normalize_L1_1,,"[1, 0, 1, 1, 0, 0, 1, 0, 0, 0, 0, 1, 0, 0, 1, 0, 0, 0, 1, 1, 1, 1, 0, 0, 1, 1, 1, 1, 1, 1, 0, 1, 0, 1, 0, 1, 0, 1, 1, 1, 0, 1, 1, 0, 1, 0, 0, 1, 0]","{'n_estimators': 500, 'max_samples': 1.0, 'max_features': 1.0, 'bootstrap': False, 'bootstrap_features': True}",COMPLETE
1208,0.7774193545879292,2024-07-08 12:47:07.494845,2024-07-08 12:47:38.570897,0 days 00:00:31.076052,BaggingClassifier,Normalize_L1_1,,"[1, 1, 0, 1, 0, 0, 0, 1, 0, 0, 0, 1, 1, 1, 0, 0, 1, 1, 0, 1, 0, 0, 1, 1, 1, 0, 0, 0, 0, 0, 0, 1, 0, 1, 1, 1, 1, 0, 0, 0, 0, 0, 1, 0, 1, 1, 1, 1, 1]","{'n_estimators': 200, 'max_samples': 0.5, 'max_features': 0.1, 'bootstrap': True, 'bootstrap_features': True}",COMPLETE
1209,0.7645161287856399,2024-07-08 12:47:09.790844,2024-07-08 12:47:35.738897,0 days 00:00:25.948053,BaggingClassifier,Normalize_L1_1,,"[0, 1, 0, 1, 0, 1, 1, 1, 0, 0, 1, 0, 0, 0, 1, 1, 0, 1, 0, 1, 1, 0, 0, 1, 1, 1, 1, 0, 0, 1, 1, 1, 0, 1, 1, 1, 1, 1, 1, 0, 0, 0, 1, 0, 1, 1, 0, 1, 0]","{'n_estimators': 10, 'max_samples': 1.0, 'max_features': 0.5, 'bootstrap': False, 'bootstrap_features': True}",COMPLETE
1210,0.7741935481373569,2024-07-08 12:47:15.411860,2024-07-08 12:47:49.727895,0 days 00:00:34.316035,BaggingClassifier,Normalize_L1_1,,"[0, 1, 1, 0, 1, 1, 1, 1, 1, 0, 0, 0, 1, 0, 0, 1, 1, 0, 1, 1, 0, 1, 1, 0, 0, 1, 0, 1, 0, 0, 1, 1, 0, 0, 1, 1, 0, 1, 0, 0, 1, 0, 1, 1, 0, 1, 1, 0, 0]","{'n_estimators': 500, 'max_samples': 0.5, 'max_features': 1.0, 'bootstrap': False, 'bootstrap_features': True}",COMPLETE
1211,0.7645161287856399,2024-07-08 12:47:16.154859,2024-07-08 12:47:37.264896,0 days 00:00:21.110037,BaggingClassifier,Normalize_L1_1,,"[1, 0, 0, 1, 1, 0, 1, 1, 0, 0, 1, 0, 0, 1, 1, 0, 0, 0, 0, 1, 0, 0, 1, 0, 0, 1, 1, 1, 1, 1, 0, 0, 1, 1, 0, 0, 0, 1, 0, 1, 0, 0, 1, 0, 0, 1, 1, 1, 0]","{'n_estimators': 100, 'max_samples': 1.0, 'max_features': 0.5, 'bootstrap': True, 'bootstrap_features': True}",COMPLETE
1212,0.7612903223350675,2024-07-08 12:47:18.877824,2024-07-08 12:47:48.790922,0 days 00:00:29.913098,BaggingClassifier,Normalize_L1_1,,"[0, 1, 1, 0, 0, 1, 0, 1, 1, 0, 1, 0, 0, 1, 1, 0, 1, 1, 0, 1, 0, 0, 0, 1, 0, 1, 0, 1, 1, 1, 0, 0, 1, 1, 1, 1, 0, 1, 0, 1, 1, 0, 0, 1, 0, 0, 1, 1, 1]","{'n_estimators': 100, 'max_samples': 1.0, 'max_features': 1.0, 'bootstrap': True, 'bootstrap_features': True}",COMPLETE
1213,0.0,2024-07-08 12:47:19.559843,2024-07-08 12:48:03.255013,0 days 00:00:43.695170,BaggingClassifier,Normalize_L1_1,KMeansSMOTE,,"{'n_estimators': 10, 'max_samples': 0.1, 'max_features': 0.1, 'bootstrap': False, 'bootstrap_features': True}",COMPLETE
1214,0.7516129029833506,2024-07-08 12:47:19.691845,2024-07-08 12:47:58.378999,0 days 00:00:38.687154,BaggingClassifier,Normalize_L1_1,TomekLinks,"[0, 0, 0, 0, 0, 0, 1, 1, 1, 1, 0, 1, 1, 1, 0, 1, 0, 1, 1, 0, 0, 1, 1, 0, 0, 0, 1, 1, 0, 0, 1, 0, 0, 0, 0, 0, 0, 1, 1, 1, 0, 0, 1, 1, 0, 0, 0, 1, 0]","{'n_estimators': 50, 'max_samples': 0.5, 'max_features': 0.5, 'bootstrap': False, 'bootstrap_features': False}",COMPLETE
1215,0.7483870965327784,2024-07-08 12:47:21.141813,2024-07-08 12:48:30.717000,0 days 00:01:09.575187,BaggingClassifier,Normalize_L1_1,TomekLinks,"[0, 0, 1, 1, 1, 0, 0, 1, 0, 1, 0, 1, 0, 0, 1, 0, 0, 1, 1, 1, 0, 1, 1, 1, 1, 0, 1, 0, 1, 0, 1, 1, 1, 0, 1, 1, 0, 0, 0, 1, 0, 1, 1, 0, 0, 1, 0, 1, 0]","{'n_estimators': 1000, 'max_samples': 0.5, 'max_features': 0.5, 'bootstrap': False, 'bootstrap_features': False}",COMPLETE
1216,0.7483870965327784,2024-07-08 12:47:21.565879,2024-07-08 12:48:16.190028,0 days 00:00:54.624149,BaggingClassifier,Normalize_L1_1,,"[1, 0, 1, 1, 0, 1, 1, 1, 0, 0, 0, 0, 1, 0, 0, 1, 1, 1, 0, 1, 0, 1, 1, 1, 1, 1, 0, 0, 0, 0, 1, 1, 0, 1, 1, 0, 0, 1, 1, 0, 1, 1, 1, 1, 0, 1, 0, 0, 0]","{'n_estimators': 10, 'max_samples': 0.5, 'max_features': 1.0, 'bootstrap': False, 'bootstrap_features': True}",COMPLETE
1217,0.7774193545879292,2024-07-08 12:47:21.768863,2024-07-08 12:48:07.952018,0 days 00:00:46.183155,BaggingClassifier,Normalize_L1_1,,"[1, 1, 1, 0, 0, 0, 0, 0, 1, 1, 1, 0, 1, 0, 1, 0, 0, 0, 0, 0, 0, 1, 0, 1, 0, 1, 1, 0, 1, 1, 1, 1, 1, 1, 0, 1, 1, 1, 1, 1, 1, 0, 1, 1, 1, 0, 1, 0, 0]","{'n_estimators': 50, 'max_samples': 0.5, 'max_features': 1.0, 'bootstrap': True, 'bootstrap_features': True}",COMPLETE
1218,0.7483870965327784,2024-07-08 12:47:22.168860,2024-07-08 12:47:49.830903,0 days 00:00:27.662043,BaggingClassifier,Normalize_L1_1,TomekLinks,"[1, 1, 1, 0, 0, 0, 0, 0, 0, 0, 0, 1, 0, 0, 0, 1, 1, 0, 1, 1, 0, 0, 0, 1, 1, 1, 0, 1, 1, 0, 0, 1, 0, 0, 0, 0, 0, 1, 0, 0, 0, 0, 1, 0, 0, 0, 0, 1, 1]","{'n_estimators': 50, 'max_samples': 1.0, 'max_features': 0.1, 'bootstrap': True, 'bootstrap_features': True}",COMPLETE
1219,0.7645161287856399,2024-07-08 12:47:22.954823,2024-07-08 12:47:52.090002,0 days 00:00:29.135179,BaggingClassifier,Normalize_L1_1,,"[1, 1, 1, 1, 0, 1, 1, 1, 0, 0, 1, 1, 1, 0, 1, 0, 1, 0, 1, 1, 0, 1, 0, 0, 0, 0, 1, 1, 0, 0, 1, 0, 0, 1, 1, 0, 1, 0, 0, 1, 1, 1, 0, 0, 0, 0, 1, 0, 1]","{'n_estimators': 50, 'max_samples': 1.0, 'max_features': 0.1, 'bootstrap': True, 'bootstrap_features': True}",COMPLETE
1220,0.7838709674890738,2024-07-08 12:47:23.259861,2024-07-08 12:47:48.446902,0 days 00:00:25.187041,BaggingClassifier,Normalize_L1_1,,"[1, 1, 0, 0, 1, 0, 0, 0, 1, 0, 0, 0, 0, 1, 1, 1, 0, 0, 1, 1, 0, 1, 1, 0, 1, 0, 1, 1, 0, 0, 1, 1, 0, 0, 0, 1, 1, 0, 0, 1, 1, 0, 1, 1, 1, 0, 1, 0, 1]","{'n_estimators': 200, 'max_samples': 0.5, 'max_features': 0.1, 'bootstrap': True, 'bootstrap_features': False}",COMPLETE
1221,0.7645161287856399,2024-07-08 12:47:23.491846,2024-07-08 12:47:59.059014,0 days 00:00:35.567168,BaggingClassifier,Normalize_L1_1,TomekLinks,"[1, 0, 1, 0, 1, 1, 1, 1, 1, 1, 0, 0, 1, 1, 1, 0, 1, 1, 1, 1, 1, 0, 1, 1, 0, 1, 0, 1, 0, 1, 0, 1, 1, 0, 1, 0, 1, 0, 0, 0, 1, 1, 1, 1, 1, 1, 0, 0, 0]","{'n_estimators': 100, 'max_samples': 0.1, 'max_features': 0.1, 'bootstrap': False, 'bootstrap_features': False}",COMPLETE
1222,0.7741935481373569,2024-07-08 12:47:24.087843,2024-07-08 12:48:01.035008,0 days 00:00:36.947165,BaggingClassifier,Normalize_L1_1,,"[1, 0, 0, 1, 1, 1, 0, 0, 0, 0, 1, 0, 1, 0, 1, 1, 0, 1, 0, 1, 1, 0, 0, 1, 1, 0, 1, 1, 1, 0, 1, 0, 0, 1, 1, 1, 1, 1, 0, 0, 1, 0, 0, 1, 1, 1, 0, 0, 1]","{'n_estimators': 100, 'max_samples': 0.5, 'max_features': 0.1, 'bootstrap': True, 'bootstrap_features': False}",COMPLETE
1223,0.7677419352362123,2024-07-08 12:47:28.665910,2024-07-08 12:49:02.262411,0 days 00:01:33.596501,BaggingClassifier,Normalize_L1_1,TomekLinks,"[0, 0, 1, 0, 0, 0, 1, 1, 1, 1, 0, 0, 1, 1, 1, 1, 1, 1, 1, 0, 1, 1, 1, 0, 0, 0, 0, 0, 1, 0, 0, 1, 1, 1, 1, 1, 1, 1, 0, 0, 1, 0, 0, 0, 1, 1, 0, 0, 1]","{'n_estimators': 1000, 'max_samples': 0.5, 'max_features': 1.0, 'bootstrap': True, 'bootstrap_features': False}",COMPLETE
1224,0.635483870762747,2024-07-08 12:47:30.936895,2024-07-08 12:48:58.812541,0 days 00:01:27.875646,BaggingClassifier,MinMaxScaler,,"[0, 0, 0, 0, 1, 1, 0, 1, 1, 0, 1, 0, 1, 1, 1, 0, 1, 0, 1, 0, 1, 1, 0, 0, 1, 0, 1, 1, 0, 0, 0, 1, 0, 1, 0, 1, 1, 0, 1, 0, 0, 1, 1, 0, 0, 0, 0, 0, 0]","{'n_estimators': 1000, 'max_samples': 0.5, 'max_features': 0.5, 'bootstrap': False, 'bootstrap_features': False}",COMPLETE
1225,0.0,2024-07-08 12:47:31.473908,2024-07-08 12:48:02.272975,0 days 00:00:30.799067,BaggingClassifier,Normalize_L1_1,KMeansSMOTE,,"{'n_estimators': 100, 'max_samples': 0.1, 'max_features': 0.5, 'bootstrap': True, 'bootstrap_features': False}",COMPLETE
1226,0.7580645158844953,2024-07-08 12:47:34.961915,2024-07-08 12:47:53.773016,0 days 00:00:18.811101,BaggingClassifier,Normalize_L1_1,,"[0, 0, 0, 1, 1, 1, 1, 0, 1, 0, 0, 0, 0, 0, 0, 0, 0, 0, 0, 1, 0, 1, 0, 0, 0, 1, 0, 1, 0, 0, 1, 0, 0, 1, 0, 0, 0, 1, 0, 1, 0, 0, 0, 0, 0, 1, 1, 1, 1]","{'n_estimators': 50, 'max_samples': 1.0, 'max_features': 0.1, 'bootstrap': True, 'bootstrap_features': False}",COMPLETE
1227,0.43870967727783555,2024-07-08 12:47:35.367910,2024-07-08 12:48:07.081018,0 days 00:00:31.713108,BaggingClassifier,Normalize_L1_1,SMOTETomek,"[1, 1, 0, 0, 0, 1, 0, 0, 1, 1, 1, 0, 0, 0, 0, 0, 0, 0, 1, 1, 0, 1, 1, 0, 1, 0, 0, 1, 0, 0, 1, 1, 1, 0, 0, 0, 1, 1, 0, 0, 1, 0, 0, 1, 0, 1, 0, 0, 0]","{'n_estimators': 100, 'max_samples': 1.0, 'max_features': 0.5, 'bootstrap': True, 'bootstrap_features': False}",COMPLETE
1228,0.7709677416867845,2024-07-08 12:47:36.029901,2024-07-08 12:48:44.872207,0 days 00:01:08.842306,BaggingClassifier,Normalize_L1_1,,"[0, 0, 1, 1, 1, 0, 1, 0, 1, 0, 0, 1, 1, 0, 0, 0, 1, 0, 0, 1, 0, 1, 0, 1, 1, 1, 1, 1, 0, 0, 1, 1, 0, 0, 1, 0, 1, 0, 0, 0, 1, 0, 1, 1, 1, 1, 1, 0, 1]","{'n_estimators': 1000, 'max_samples': 0.5, 'max_features': 0.1, 'bootstrap': True, 'bootstrap_features': False}",COMPLETE
1229,0.7419354836316336,2024-07-08 12:47:36.675910,2024-07-08 12:47:57.976013,0 days 00:00:21.300103,BaggingClassifier,Normalize_L1_1,TomekLinks,"[0, 0, 1, 0, 0, 1, 0, 1, 1, 0, 0, 1, 1, 0, 1, 1, 1, 1, 0, 1, 0, 0, 1, 0, 0, 0, 1, 1, 1, 1, 1, 1, 0, 0, 0, 0, 1, 0, 1, 0, 0, 0, 1, 1, 0, 0, 1, 0, 0]","{'n_estimators': 10, 'max_samples': 0.1, 'max_features': 0.5, 'bootstrap': True, 'bootstrap_features': True}",COMPLETE
1230,0.4612903224318418,2024-07-08 12:47:36.827898,2024-07-08 12:48:28.657004,0 days 00:00:51.829106,BaggingClassifier,Normalize_L1_1,SMOTETomek,"[0, 0, 0, 1, 1, 1, 1, 0, 0, 1, 0, 1, 0, 0, 1, 0, 0, 1, 1, 1, 1, 0, 0, 0, 0, 0, 1, 1, 0, 0, 0, 1, 0, 0, 0, 0, 0, 1, 0, 1, 0, 0, 0, 1, 0, 0, 1, 0, 1]","{'n_estimators': 500, 'max_samples': 0.5, 'max_features': 0.5, 'bootstrap': True, 'bootstrap_features': False}",COMPLETE
1231,0.7645161287856399,2024-07-08 12:47:36.945910,2024-07-08 12:48:59.496537,0 days 00:01:22.550627,BaggingClassifier,Normalize_L1_1,,"[1, 0, 0, 0, 1, 1, 0, 1, 1, 1, 1, 0, 0, 1, 0, 0, 1, 0, 0, 0, 1, 0, 1, 1, 0, 1, 1, 1, 0, 0, 1, 1, 0, 0, 1, 1, 0, 1, 1, 0, 0, 0, 0, 1, 1, 1, 0, 1, 1]","{'n_estimators': 1000, 'max_samples': 1.0, 'max_features': 0.5, 'bootstrap': False, 'bootstrap_features': True}",COMPLETE
1232,0.0,2024-07-08 12:47:37.556896,2024-07-08 12:48:02.622018,0 days 00:00:25.065122,BaggingClassifier,Normalize_L1_1,KMeansSMOTE,,"{'n_estimators': 200, 'max_samples': 0.5, 'max_features': 1.0, 'bootstrap': False, 'bootstrap_features': True}",COMPLETE
1233,0.0,2024-07-08 12:47:38.057894,2024-07-08 12:47:58.496970,0 days 00:00:20.439076,BaggingClassifier,Normalize_L1_1,KMeansSMOTE,,"{'n_estimators': 100, 'max_samples': 0.5, 'max_features': 0.1, 'bootstrap': False, 'bootstrap_features': True}",COMPLETE
1234,0.7612903223350675,2024-07-08 12:47:38.438894,2024-07-08 12:48:56.991551,0 days 00:01:18.552657,BaggingClassifier,Normalize_L1_1,,"[1, 0, 1, 1, 1, 1, 1, 0, 0, 0, 1, 0, 1, 0, 0, 1, 1, 0, 1, 0, 0, 0, 0, 1, 0, 1, 0, 0, 1, 0, 1, 0, 1, 1, 1, 1, 0, 1, 0, 0, 0, 1, 1, 0, 0, 1, 0, 1, 1]","{'n_estimators': 1000, 'max_samples': 1.0, 'max_features': 1.0, 'bootstrap': False, 'bootstrap_features': True}",COMPLETE
1235,0.8032258061925077,2024-07-08 12:47:39.213900,2024-07-08 12:48:02.051000,0 days 00:00:22.837100,BaggingClassifier,Normalize_L1_1,,"[0, 0, 0, 1, 0, 0, 0, 0, 0, 0, 0, 0, 0, 1, 1, 0, 1, 0, 0, 1, 1, 0, 0, 1, 0, 0, 0, 0, 0, 1, 1, 0, 0, 1, 1, 1, 0, 1, 0, 0, 0, 0, 0, 0, 1, 1, 0, 1, 1]","{'n_estimators': 200, 'max_samples': 0.1, 'max_features': 0.5, 'bootstrap': False, 'bootstrap_features': True}",COMPLETE
1236,0.4161290321238293,2024-07-08 12:47:39.822899,2024-07-08 12:47:59.916001,0 days 00:00:20.093102,BaggingClassifier,Normalize_L1_1,SMOTETomek,"[1, 1, 1, 1, 1, 0, 0, 1, 0, 1, 1, 0, 0, 1, 1, 0, 1, 0, 1, 1, 1, 1, 0, 0, 0, 0, 0, 0, 0, 1, 1, 1, 0, 0, 1, 1, 1, 0, 0, 1, 1, 0, 1, 1, 1, 1, 1, 0, 1]","{'n_estimators': 10, 'max_samples': 0.5, 'max_features': 0.1, 'bootstrap': True, 'bootstrap_features': False}",COMPLETE
1237,0.0,2024-07-08 12:47:41.846899,2024-07-08 12:48:01.028002,0 days 00:00:19.181103,BaggingClassifier,Normalize_L1_1,KMeansSMOTE,,"{'n_estimators': 500, 'max_samples': 0.5, 'max_features': 0.1, 'bootstrap': False, 'bootstrap_features': True}",COMPLETE
