number,value,datetime_start,datetime_complete,duration,params_model,params_normTechnique,params_sampleTechnique,user_attrs_binIndices,user_attrs_hyperparams,state
361,0.7838709674890738,2024-07-08 12:36:50.083705,2024-07-08 12:37:01.483706,0 days 00:00:11.400001,XGBClassifier,Normalize_L1_1,,"[0, 1, 1, 0, 0, 0, 0, 0, 1, 0, 0, 0, 1, 0, 0, 1, 1, 1, 0, 1, 1, 0, 0, 0, 0, 0, 0, 0, 0, 1, 0, 1, 0, 0, 0, 1, 1, 1, 0, 1, 1, 1, 0, 1, 0, 1, 1, 0, 1]","{'n_estimators': 100, 'learning_rate': 1.0, 'max_depth': 3, 'min_child_weight': 10, 'subsample': 1.0, 'colsample_bytree': 0.5, 'gamma': 0.5, 'reg_alpha': 1.0, 'reg_lambda': 1.0}",COMPLETE
362,0.7096774191259104,2024-07-08 12:36:50.750704,2024-07-08 12:37:01.432704,0 days 00:00:10.682000,XGBClassifier,Normalize_L1_1,,"[1, 0, 1, 0, 0, 1, 1, 1, 0, 0, 1, 0, 0, 1, 0, 0, 1, 0, 0, 1, 0, 0, 0, 1, 1, 1, 1, 1, 1, 1, 1, 0, 1, 0, 0, 0, 1, 0, 1, 0, 1, 0, 0, 1, 1, 0, 0, 1, 0]","{'n_estimators': 500, 'learning_rate': 0.5, 'max_depth': 5, 'min_child_weight': 10, 'subsample': 0.7, 'colsample_bytree': 0.7, 'gamma': 0.0, 'reg_alpha': 0.0, 'reg_lambda': 0.0}",COMPLETE
363,0.7935483868407908,2024-07-08 12:36:50.858704,2024-07-08 12:37:00.886706,0 days 00:00:10.028002,XGBClassifier,Normalize_L1_1,,"[1, 1, 1, 0, 0, 1, 0, 0, 1, 1, 1, 0, 1, 0, 1, 0, 0, 1, 1, 1, 1, 0, 0, 1, 1, 1, 0, 0, 1, 1, 1, 0, 1, 0, 1, 0, 0, 1, 0, 1, 1, 0, 0, 0, 0, 1, 0, 0, 0]","{'n_estimators': 1000, 'learning_rate': 10.0, 'max_depth': 9, 'min_child_weight': 3, 'subsample': 1.0, 'colsample_bytree': 0.7, 'gamma': 0.1, 'reg_alpha': 1.0, 'reg_lambda': 0.0}",COMPLETE
364,0.0,2024-07-08 12:36:51.426705,2024-07-08 12:36:59.248704,0 days 00:00:07.821999,XGBClassifier,,SVMSMOTE,,"{'n_estimators': 10, 'learning_rate': 0.5, 'max_depth': 7, 'min_child_weight': 1, 'subsample': 0.7, 'colsample_bytree': 0.5, 'gamma': 1.0, 'reg_alpha': 1.0, 'reg_lambda': 0.0}",COMPLETE
365,0.4451612901789802,2024-07-08 12:36:51.513705,2024-07-08 12:36:58.050710,0 days 00:00:06.537005,XGBClassifier,Normalize_L1_1,,"[1, 0, 0, 1, 1, 0, 0, 0, 0, 0, 1, 0, 0, 1, 0, 0, 0, 0, 0, 0, 1, 0, 0, 1, 0, 1, 0, 1, 1, 1, 0, 1, 1, 0, 0, 0, 0, 1, 1, 0, 1, 1, 1, 1, 1, 1, 1, 1, 1]","{'n_estimators': 100, 'learning_rate': 10.0, 'max_depth': 5, 'min_child_weight': 5, 'subsample': 1.0, 'colsample_bytree': 0.7, 'gamma': 0.5, 'reg_alpha': 0.0, 'reg_lambda': 1.0}",COMPLETE
366,0.735483870730489,2024-07-08 12:36:51.775708,2024-07-08 12:36:59.311714,0 days 00:00:07.536006,XGBClassifier,Normalize_L1_1,,"[1, 1, 0, 0, 0, 0, 1, 0, 0, 0, 0, 1, 0, 1, 0, 0, 0, 1, 0, 1, 1, 1, 0, 0, 0, 0, 0, 1, 0, 1, 1, 1, 1, 0, 1, 0, 1, 0, 1, 1, 0, 0, 1, 0, 0, 0, 1, 1, 1]","{'n_estimators': 500, 'learning_rate': 0.5, 'max_depth': 3, 'min_child_weight': 10, 'subsample': 0.5, 'colsample_bytree': 1.0, 'gamma': 0.0, 'reg_alpha': 0.0, 'reg_lambda': 0.1}",COMPLETE
367,0.6580645159167533,2024-07-08 12:36:51.887707,2024-07-08 12:36:59.931708,0 days 00:00:08.044001,XGBClassifier,Normalize_L1_1,SVMSMOTE,"[1, 0, 0, 0, 0, 0, 0, 1, 1, 0, 0, 0, 0, 0, 0, 1, 1, 0, 1, 1, 0, 0, 1, 1, 0, 0, 1, 1, 1, 0, 0, 0, 1, 1, 0, 1, 0, 1, 0, 1, 1, 1, 0, 1, 1, 0, 0, 1, 1]","{'n_estimators': 100, 'learning_rate': 0.5, 'max_depth': 3, 'min_child_weight': 10, 'subsample': 0.7, 'colsample_bytree': 0.5, 'gamma': 1.0, 'reg_alpha': 1.0, 'reg_lambda': 0.0}",COMPLETE
368,0.3193548386066597,2024-07-08 12:36:52.017704,2024-07-08 12:37:01.249704,0 days 00:00:09.232000,XGBClassifier,Normalize_L1_1,SVMSMOTE,"[1, 1, 0, 0, 0, 1, 0, 1, 1, 1, 0, 1, 0, 0, 0, 0, 0, 1, 1, 0, 0, 1, 0, 1, 1, 1, 1, 0, 1, 0, 0, 0, 1, 0, 0, 1, 1, 0, 1, 1, 1, 0, 0, 1, 1, 0, 0, 0, 1]","{'n_estimators': 50, 'learning_rate': 10.0, 'max_depth': 9, 'min_child_weight': 5, 'subsample': 0.5, 'colsample_bytree': 0.7, 'gamma': 0.5, 'reg_alpha': 1.0, 'reg_lambda': 1.0}",COMPLETE
369,0.7935483868407908,2024-07-08 12:36:52.205713,2024-07-08 12:37:14.906924,0 days 00:00:22.701211,AdaBoostClassifier,Normalize_L2_0,,"[1, 0, 0, 1, 0, 0, 0, 0, 1, 0, 1, 0, 1, 1, 1, 0, 0, 1, 0, 1, 1, 1, 1, 1, 0, 0, 1, 0, 1, 0, 1, 1, 0, 1, 0, 1, 0, 0, 0, 0, 0, 0, 0, 0, 1, 1, 0, 1, 1]","{'n_estimators': 200, 'learning_rate': 0.01, 'algorithm': 'SAMME'}",COMPLETE
370,0.0,2024-07-08 12:36:52.687704,2024-07-08 12:36:58.478705,0 days 00:00:05.791001,XGBClassifier,,RandomOverSampler,,"{'n_estimators': 10, 'learning_rate': 0.01, 'max_depth': 3, 'min_child_weight': 3, 'subsample': 0.7, 'colsample_bytree': 0.7, 'gamma': 1.0, 'reg_alpha': 1.0, 'reg_lambda': 0.1}",COMPLETE
371,0.7483870965327784,2024-07-08 12:36:52.962704,2024-07-08 12:37:09.997923,0 days 00:00:17.035219,KNeighborsClassifier,Normalize_L2_0,,"[1, 0, 0, 0, 0, 0, 1, 0, 0, 1, 1, 0, 0, 1, 0, 1, 0, 1, 1, 1, 0, 0, 0, 1, 0, 1, 0, 0, 0, 1, 0, 1, 1, 1, 0, 1, 1, 0, 0, 0, 1, 1, 0, 0, 0, 1, 1, 1, 1]","{'n_neighbors': 3, 'weights': 'distance', 'algorithm': 'kd_tree', 'leaf_size': 20, 'p': 2, 'metric': 'minkowski'}",COMPLETE
372,0.7935483868407908,2024-07-08 12:36:53.045704,2024-07-08 12:37:08.143923,0 days 00:00:15.098219,AdaBoostClassifier,Normalize_L2_0,,"[0, 0, 0, 1, 0, 0, 0, 1, 0, 0, 1, 0, 0, 0, 1, 0, 1, 0, 0, 1, 0, 0, 0, 1, 1, 1, 0, 1, 1, 0, 0, 1, 0, 0, 0, 0, 0, 1, 1, 0, 1, 1, 0, 0, 1, 1, 0, 1, 1]","{'n_estimators': 10, 'learning_rate': 1.0, 'algorithm': 'SAMME'}",COMPLETE
373,0.664516128817898,2024-07-08 12:36:53.827704,2024-07-08 12:37:08.158933,0 days 00:00:14.331229,XGBClassifier,Normalize_L1_1,SVMSMOTE,"[1, 0, 0, 0, 0, 0, 0, 1, 0, 0, 0, 0, 1, 1, 1, 1, 1, 0, 0, 0, 0, 1, 0, 1, 1, 0, 1, 1, 0, 0, 1, 0, 1, 0, 1, 1, 1, 0, 1, 1, 0, 0, 0, 1, 0, 1, 0, 1, 1]","{'n_estimators': 1000, 'learning_rate': 0.1, 'max_depth': 9, 'min_child_weight': 1, 'subsample': 0.7, 'colsample_bytree': 0.7, 'gamma': 1.0, 'reg_alpha': 0.1, 'reg_lambda': 0.0}",COMPLETE
374,0.2064516128366285,2024-07-08 12:36:54.107705,2024-07-08 12:37:19.053925,0 days 00:00:24.946220,XGBClassifier,StandardScaler,,"[0, 1, 0, 0, 1, 1, 1, 1, 1, 1, 1, 1, 0, 1, 0, 1, 0, 1, 0, 1, 1, 1, 0, 1, 1, 1, 1, 1, 1, 1, 1, 1, 1, 0, 0, 1, 1, 0, 1, 1, 0, 0, 0, 1, 1, 0, 1, 0, 1]","{'n_estimators': 10, 'learning_rate': 10.0, 'max_depth': 7, 'min_child_weight': 3, 'subsample': 0.5, 'colsample_bytree': 0.7, 'gamma': 0.5, 'reg_alpha': 0.1, 'reg_lambda': 0.1}",COMPLETE
375,0.7516129029833506,2024-07-08 12:36:54.341704,2024-07-08 12:37:09.938925,0 days 00:00:15.597221,KNeighborsClassifier,Normalize_L2_0,,"[1, 0, 1, 0, 0, 0, 0, 1, 1, 0, 1, 1, 1, 0, 1, 1, 1, 1, 0, 1, 0, 1, 1, 0, 0, 0, 0, 1, 0, 1, 1, 0, 0, 0, 0, 1, 1, 0, 0, 0, 0, 0, 0, 0, 0, 1, 1, 0, 1]","{'n_neighbors': 7, 'weights': 'distance', 'algorithm': 'kd_tree', 'leaf_size': 50, 'p': 1, 'metric': 'euclidean'}",COMPLETE
376,0.47419354823413107,2024-07-08 12:36:54.408704,2024-07-08 12:37:01.437704,0 days 00:00:07.029000,XGBClassifier,Normalize_L1_1,RandomOverSampler,"[0, 1, 1, 1, 0, 0, 0, 1, 1, 1, 1, 0, 1, 0, 0, 1, 1, 0, 0, 1, 1, 1, 1, 1, 1, 0, 1, 1, 0, 0, 1, 1, 1, 1, 0, 1, 0, 1, 0, 1, 0, 1, 1, 1, 0, 1, 1, 1, 0]","{'n_estimators': 100, 'learning_rate': 10.0, 'max_depth': 7, 'min_child_weight': 3, 'subsample': 0.5, 'colsample_bytree': 0.7, 'gamma': 1.0, 'reg_alpha': 0.1, 'reg_lambda': 1.0}",COMPLETE
377,0.7774193545879292,2024-07-08 12:36:54.716704,2024-07-08 12:37:01.468704,0 days 00:00:06.752000,KNeighborsClassifier,Normalize_L2_0,,"[0, 1, 1, 1, 1, 0, 0, 0, 0, 1, 0, 1, 1, 1, 1, 0, 1, 0, 1, 0, 0, 1, 1, 1, 1, 0, 1, 1, 1, 0, 1, 1, 0, 1, 0, 1, 1, 1, 1, 1, 1, 1, 0, 0, 1, 0, 0, 1, 1]","{'n_neighbors': 15, 'weights': 'distance', 'algorithm': 'ball_tree', 'leaf_size': 60, 'p': 2, 'metric': 'manhattan'}",COMPLETE
378,0.7419354836316336,2024-07-08 12:36:55.064704,2024-07-08 12:37:07.685955,0 days 00:00:12.621251,KNeighborsClassifier,Normalize_L2_0,,"[1, 1, 0, 1, 1, 0, 1, 1, 1, 1, 1, 1, 0, 0, 0, 1, 1, 1, 1, 1, 1, 0, 0, 0, 1, 1, 0, 0, 1, 0, 0, 0, 0, 0, 1, 1, 0, 1, 1, 1, 1, 1, 1, 0, 1, 1, 1, 0, 0]","{'n_neighbors': 5, 'weights': 'distance', 'algorithm': 'ball_tree', 'leaf_size': 50, 'p': 1, 'metric': 'minkowski'}",COMPLETE
379,0.7935483868407908,2024-07-08 12:36:55.905707,2024-07-08 12:37:09.944963,0 days 00:00:14.039256,AdaBoostClassifier,Normalize_L2_0,,"[0, 0, 0, 0, 1, 1, 1, 0, 0, 0, 0, 0, 1, 1, 0, 0, 1, 0, 1, 0, 1, 1, 0, 0, 0, 1, 0, 0, 1, 0, 1, 0, 1, 1, 0, 1, 0, 0, 0, 0, 0, 1, 1, 0, 0, 0, 0, 0, 0]","{'n_estimators': 10, 'learning_rate': 0.01, 'algorithm': 'SAMME.R'}",COMPLETE
380,0.7935483868407908,2024-07-08 12:36:56.168732,2024-07-08 12:37:07.687929,0 days 00:00:11.519197,AdaBoostClassifier,Normalize_L2_0,,"[0, 1, 0, 1, 0, 0, 1, 1, 0, 1, 0, 0, 0, 1, 0, 1, 0, 1, 1, 1, 0, 1, 1, 0, 0, 1, 0, 1, 1, 0, 1, 1, 1, 0, 1, 0, 1, 1, 1, 1, 0, 0, 0, 0, 1, 0, 0, 1, 1]","{'n_estimators': 50, 'learning_rate': 0.1, 'algorithm': 'SAMME.R'}",COMPLETE
381,0.7483870965327784,2024-07-08 12:36:56.595707,2024-07-08 12:37:06.422923,0 days 00:00:09.827216,KNeighborsClassifier,Normalize_L2_0,,"[0, 1, 1, 0, 0, 0, 1, 0, 1, 1, 1, 0, 1, 1, 0, 1, 0, 1, 1, 1, 1, 0, 1, 0, 0, 0, 1, 0, 1, 0, 0, 0, 0, 1, 1, 0, 0, 0, 1, 1, 1, 0, 0, 1, 1, 1, 0, 0, 0]","{'n_neighbors': 3, 'weights': 'uniform', 'algorithm': 'auto', 'leaf_size': 40, 'p': 2, 'metric': 'minkowski'}",COMPLETE
382,0.7935483868407908,2024-07-08 12:36:56.875702,2024-07-08 12:37:15.949924,0 days 00:00:19.074222,AdaBoostClassifier,Normalize_L2_0,,"[0, 1, 1, 1, 1, 1, 1, 0, 0, 1, 1, 0, 1, 0, 0, 1, 1, 0, 0, 0, 0, 0, 1, 1, 0, 1, 0, 0, 1, 0, 1, 0, 0, 1, 1, 0, 0, 1, 1, 1, 1, 1, 1, 1, 0, 1, 1, 0, 0]","{'n_estimators': 500, 'learning_rate': 0.01, 'algorithm': 'SAMME'}",COMPLETE
383,0.7161290320270551,2024-07-08 12:36:56.935705,2024-07-08 12:37:18.378936,0 days 00:00:21.443231,XGBClassifier,StandardScaler,,"[0, 1, 1, 0, 1, 1, 0, 1, 0, 0, 1, 0, 1, 1, 0, 1, 1, 0, 0, 0, 1, 0, 0, 0, 1, 0, 1, 1, 1, 0, 1, 0, 1, 0, 0, 1, 0, 0, 0, 0, 0, 0, 0, 1, 1, 1, 1, 1, 1]","{'n_estimators': 1000, 'learning_rate': 0.1, 'max_depth': 9, 'min_child_weight': 10, 'subsample': 0.5, 'colsample_bytree': 1.0, 'gamma': 0.1, 'reg_alpha': 0.0, 'reg_lambda': 0.1}",COMPLETE
384,0.7935483868407908,2024-07-08 12:36:57.167704,2024-07-08 12:37:30.386004,0 days 00:00:33.218300,AdaBoostClassifier,Normalize_L2_0,,"[1, 1, 0, 0, 1, 1, 0, 1, 1, 1, 1, 0, 0, 1, 1, 0, 0, 0, 1, 1, 0, 1, 1, 0, 0, 1, 1, 0, 1, 0, 0, 1, 1, 0, 1, 0, 1, 1, 0, 0, 1, 1, 1, 1, 0, 1, 1, 0, 0]","{'n_estimators': 1000, 'learning_rate': 0.01, 'algorithm': 'SAMME.R'}",COMPLETE
385,0.7935483868407908,2024-07-08 12:36:57.418717,2024-07-08 12:37:13.596925,0 days 00:00:16.178208,AdaBoostClassifier,Normalize_L2_0,,"[1, 0, 0, 0, 1, 1, 1, 0, 1, 1, 1, 1, 0, 1, 0, 1, 1, 0, 1, 0, 0, 0, 0, 0, 1, 0, 0, 1, 1, 1, 1, 1, 1, 0, 1, 0, 0, 1, 1, 0, 0, 0, 1, 1, 0, 0, 0, 0, 0]","{'n_estimators': 200, 'learning_rate': 0.01, 'algorithm': 'SAMME'}",COMPLETE
386,0.7935483868407908,2024-07-08 12:36:57.608707,2024-07-08 12:37:14.989926,0 days 00:00:17.381219,AdaBoostClassifier,Normalize_L2_0,,"[0, 1, 1, 1, 1, 1, 0, 1, 1, 1, 1, 1, 1, 1, 1, 1, 1, 0, 0, 1, 1, 0, 1, 1, 0, 1, 0, 0, 0, 0, 1, 0, 0, 0, 0, 0, 1, 1, 0, 1, 0, 1, 0, 1, 0, 0, 1, 0, 0]","{'n_estimators': 50, 'learning_rate': 0.01, 'algorithm': 'SAMME'}",COMPLETE
387,0.7806451610385015,2024-07-08 12:36:57.769706,2024-07-08 12:37:20.015930,0 days 00:00:22.246224,XGBClassifier,StandardScaler,,"[1, 1, 0, 1, 0, 1, 0, 0, 1, 1, 0, 1, 0, 1, 0, 1, 1, 1, 0, 1, 1, 1, 1, 0, 1, 1, 0, 0, 0, 0, 0, 0, 0, 1, 0, 1, 1, 1, 0, 1, 0, 0, 1, 1, 1, 0, 0, 0, 1]","{'n_estimators': 500, 'learning_rate': 0.01, 'max_depth': 5, 'min_child_weight': 3, 'subsample': 0.5, 'colsample_bytree': 0.7, 'gamma': 0.1, 'reg_alpha': 0.0, 'reg_lambda': 0.1}",COMPLETE
388,0.7935483868407908,2024-07-08 12:36:58.356705,2024-07-08 12:37:15.373928,0 days 00:00:17.017223,XGBClassifier,StandardScaler,,"[0, 1, 0, 1, 1, 0, 0, 1, 0, 0, 0, 0, 1, 1, 1, 1, 1, 0, 1, 1, 0, 0, 1, 1, 0, 1, 1, 1, 0, 1, 1, 0, 0, 1, 0, 1, 0, 1, 0, 0, 1, 0, 0, 1, 1, 1, 0, 1, 0]","{'n_estimators': 200, 'learning_rate': 0.1, 'max_depth': 7, 'min_child_weight': 10, 'subsample': 0.5, 'colsample_bytree': 1.0, 'gamma': 0.5, 'reg_alpha': 1.0, 'reg_lambda': 1.0}",COMPLETE
389,0.7935483868407908,2024-07-08 12:36:58.430704,2024-07-08 12:37:18.246923,0 days 00:00:19.816219,AdaBoostClassifier,Normalize_L2_0,,"[1, 0, 0, 1, 1, 0, 0, 0, 0, 0, 1, 0, 1, 1, 1, 1, 1, 0, 1, 0, 1, 0, 1, 1, 1, 1, 1, 1, 0, 0, 1, 1, 1, 1, 1, 1, 1, 1, 1, 1, 1, 0, 0, 0, 1, 0, 0, 1, 1]","{'n_estimators': 200, 'learning_rate': 10.0, 'algorithm': 'SAMME.R'}",COMPLETE
390,0.6935483868730489,2024-07-08 12:36:58.518703,2024-07-08 12:37:08.144925,0 days 00:00:09.626222,BaggingClassifier,Normalize_L2_0,,"[1, 1, 1, 1, 1, 1, 1, 0, 1, 1, 0, 0, 0, 0, 0, 0, 0, 1, 1, 0, 0, 1, 0, 0, 0, 0, 1, 1, 1, 1, 1, 1, 1, 1, 1, 0, 0, 1, 1, 0, 0, 1, 1, 0, 1, 0, 1, 0, 1]","{'n_estimators': 10, 'max_samples': 0.5, 'max_features': 1.0, 'bootstrap': True, 'bootstrap_features': False}",COMPLETE
391,0.7774193545879292,2024-07-08 12:36:58.622705,2024-07-08 12:37:20.908925,0 days 00:00:22.286220,XGBClassifier,StandardScaler,,"[0, 0, 1, 0, 0, 1, 1, 1, 0, 0, 1, 0, 0, 1, 0, 0, 1, 1, 1, 0, 1, 1, 1, 1, 0, 1, 1, 0, 1, 0, 1, 1, 0, 0, 1, 0, 0, 1, 0, 0, 0, 1, 0, 1, 1, 1, 0, 1, 0]","{'n_estimators': 10, 'learning_rate': 1.0, 'max_depth': 7, 'min_child_weight': 1, 'subsample': 1.0, 'colsample_bytree': 0.7, 'gamma': 0.0, 'reg_alpha': 1.0, 'reg_lambda': 1.0}",COMPLETE
392,0.7870967739396462,2024-07-08 12:36:58.695704,2024-07-08 12:37:13.878928,0 days 00:00:15.183224,BaggingClassifier,Normalize_L2_0,,"[0, 0, 1, 1, 0, 0, 1, 1, 1, 1, 1, 1, 1, 1, 0, 1, 1, 0, 1, 0, 0, 0, 0, 0, 1, 1, 1, 0, 0, 0, 0, 1, 0, 1, 1, 1, 0, 1, 0, 1, 1, 0, 0, 0, 1, 1, 1, 1, 0]","{'n_estimators': 500, 'max_samples': 0.1, 'max_features': 0.5, 'bootstrap': True, 'bootstrap_features': True}",COMPLETE
393,0.735483870730489,2024-07-08 12:36:59.063717,2024-07-08 12:37:16.983924,0 days 00:00:17.920207,BaggingClassifier,Normalize_L2_0,,"[0, 0, 0, 0, 1, 0, 0, 0, 0, 0, 0, 1, 1, 0, 0, 0, 0, 0, 1, 0, 0, 0, 0, 1, 0, 1, 1, 0, 0, 0, 1, 0, 0, 0, 0, 0, 1, 1, 1, 0, 0, 1, 1, 0, 0, 1, 0, 1, 0]","{'n_estimators': 10, 'max_samples': 0.5, 'max_features': 1.0, 'bootstrap': False, 'bootstrap_features': True}",COMPLETE
394,0.7612903223350675,2024-07-08 12:36:59.123704,2024-07-08 12:37:19.319923,0 days 00:00:20.196219,XGBClassifier,StandardScaler,,"[0, 1, 0, 1, 1, 1, 0, 1, 1, 0, 0, 0, 0, 1, 1, 0, 1, 0, 0, 0, 0, 0, 0, 1, 0, 0, 1, 1, 1, 0, 1, 1, 0, 0, 0, 1, 0, 0, 0, 0, 0, 0, 1, 0, 1, 1, 0, 0, 0]","{'n_estimators': 100, 'learning_rate': 0.5, 'max_depth': 9, 'min_child_weight': 1, 'subsample': 1.0, 'colsample_bytree': 0.7, 'gamma': 0.5, 'reg_alpha': 0.0, 'reg_lambda': 0.1}",COMPLETE
395,0.7935483868407908,2024-07-08 12:36:59.207733,2024-07-08 12:37:20.187924,0 days 00:00:20.980191,AdaBoostClassifier,Normalize_L2_0,,"[0, 1, 1, 0, 0, 1, 1, 0, 0, 1, 1, 1, 0, 0, 0, 1, 0, 0, 0, 0, 0, 0, 0, 0, 0, 1, 0, 0, 1, 0, 1, 0, 0, 1, 1, 0, 1, 0, 0, 1, 1, 0, 0, 0, 1, 1, 0, 0, 0]","{'n_estimators': 500, 'learning_rate': 10.0, 'algorithm': 'SAMME.R'}",COMPLETE
396,0.7935483868407908,2024-07-08 12:36:59.509709,2024-07-08 12:37:18.559926,0 days 00:00:19.050217,AdaBoostClassifier,Normalize_L2_0,,"[1, 0, 0, 1, 0, 1, 0, 0, 0, 0, 1, 0, 0, 1, 1, 1, 1, 1, 1, 1, 0, 1, 1, 0, 1, 0, 1, 1, 1, 0, 0, 0, 1, 1, 0, 0, 0, 1, 0, 0, 1, 0, 1, 0, 0, 0, 0, 0, 0]","{'n_estimators': 500, 'learning_rate': 1.0, 'algorithm': 'SAMME'}",COMPLETE
397,0.7419354836316336,2024-07-08 12:37:00.403705,2024-07-08 12:37:18.459925,0 days 00:00:18.056220,XGBClassifier,StandardScaler,,"[1, 1, 1, 1, 1, 0, 1, 1, 0, 1, 1, 1, 1, 1, 0, 1, 0, 0, 1, 1, 1, 0, 1, 1, 0, 1, 0, 1, 1, 0, 0, 0, 0, 0, 0, 1, 1, 0, 0, 0, 0, 0, 0, 1, 0, 0, 1, 0, 1]","{'n_estimators': 10, 'learning_rate': 1.0, 'max_depth': 7, 'min_child_weight': 1, 'subsample': 0.7, 'colsample_bytree': 1.0, 'gamma': 1.0, 'reg_alpha': 0.1, 'reg_lambda': 0.1}",COMPLETE
398,0.7935483868407908,2024-07-08 12:37:00.462707,2024-07-08 12:37:16.028925,0 days 00:00:15.566218,XGBClassifier,Normalize_L2_1,,"[1, 0, 1, 0, 0, 0, 1, 1, 0, 0, 0, 0, 0, 0, 0, 0, 1, 0, 0, 0, 1, 1, 1, 1, 1, 1, 1, 0, 0, 1, 1, 0, 0, 0, 0, 1, 1, 1, 0, 0, 1, 0, 1, 0, 0, 0, 1, 1, 0]","{'n_estimators': 50, 'learning_rate': 0.01, 'max_depth': 5, 'min_child_weight': 3, 'subsample': 0.7, 'colsample_bytree': 0.5, 'gamma': 1.0, 'reg_alpha': 0.1, 'reg_lambda': 0.1}",COMPLETE
399,0.7838709674890738,2024-07-08 12:37:00.792706,2024-07-08 12:37:21.122924,0 days 00:00:20.330218,XGBClassifier,Normalize_Max_1,,"[1, 0, 1, 1, 1, 0, 1, 0, 0, 0, 0, 0, 0, 0, 1, 1, 0, 1, 0, 1, 0, 1, 0, 0, 0, 1, 1, 1, 1, 1, 0, 0, 1, 1, 0, 1, 0, 0, 1, 0, 1, 1, 0, 0, 0, 1, 1, 1, 0]","{'n_estimators': 1000, 'learning_rate': 0.1, 'max_depth': 9, 'min_child_weight': 5, 'subsample': 1.0, 'colsample_bytree': 1.0, 'gamma': 0.5, 'reg_alpha': 1.0, 'reg_lambda': 1.0}",COMPLETE
400,0.564516128850156,2024-07-08 12:37:00.835704,2024-07-08 12:37:21.486927,0 days 00:00:20.651223,XGBClassifier,Normalize_Max_1,SMOTEENN,"[0, 0, 1, 1, 0, 1, 0, 0, 1, 1, 1, 0, 0, 0, 1, 1, 1, 1, 1, 0, 0, 1, 0, 0, 1, 0, 0, 1, 0, 0, 1, 1, 1, 1, 1, 1, 1, 1, 0, 0, 0, 0, 0, 1, 1, 1, 0, 1, 0]","{'n_estimators': 50, 'learning_rate': 0.01, 'max_depth': 9, 'min_child_weight': 1, 'subsample': 0.7, 'colsample_bytree': 1.0, 'gamma': 0.5, 'reg_alpha': 0.1, 'reg_lambda': 1.0}",COMPLETE
401,0.7645161287856399,2024-07-08 12:37:00.934715,2024-07-08 12:37:22.811951,0 days 00:00:21.877236,XGBClassifier,Normalize_Max_1,,"[1, 0, 1, 1, 0, 0, 0, 0, 0, 0, 1, 1, 1, 1, 0, 1, 1, 0, 0, 0, 1, 1, 1, 1, 0, 1, 0, 1, 0, 1, 0, 1, 1, 0, 1, 0, 0, 0, 0, 0, 1, 1, 1, 0, 1, 1, 0, 0, 0]","{'n_estimators': 1000, 'learning_rate': 0.01, 'max_depth': 3, 'min_child_weight': 1, 'subsample': 1.0, 'colsample_bytree': 1.0, 'gamma': 0.1, 'reg_alpha': 0.0, 'reg_lambda': 0.0}",COMPLETE
402,0.7645161287856399,2024-07-08 12:37:00.982706,2024-07-08 12:37:22.116925,0 days 00:00:21.134219,XGBClassifier,Normalize_L2_1,,"[1, 1, 0, 1, 1, 0, 0, 0, 0, 0, 1, 1, 0, 1, 1, 0, 1, 0, 0, 1, 0, 1, 0, 1, 0, 1, 0, 0, 0, 0, 1, 1, 0, 0, 1, 0, 1, 0, 1, 1, 1, 0, 1, 0, 1, 0, 1, 1, 0]","{'n_estimators': 1000, 'learning_rate': 0.1, 'max_depth': 5, 'min_child_weight': 3, 'subsample': 0.7, 'colsample_bytree': 0.5, 'gamma': 0.5, 'reg_alpha': 1.0, 'reg_lambda': 1.0}",COMPLETE
403,0.7935483868407908,2024-07-08 12:37:01.192704,2024-07-08 12:37:18.146927,0 days 00:00:16.954223,XGBClassifier,StandardScaler,,"[0, 0, 0, 1, 0, 0, 0, 1, 1, 0, 1, 0, 0, 0, 0, 0, 0, 1, 0, 1, 0, 0, 0, 1, 1, 1, 1, 1, 1, 0, 0, 0, 1, 1, 0, 1, 0, 1, 1, 1, 1, 0, 1, 1, 1, 1, 1, 1, 0]","{'n_estimators': 10, 'learning_rate': 0.01, 'max_depth': 5, 'min_child_weight': 3, 'subsample': 1.0, 'colsample_bytree': 0.5, 'gamma': 0.5, 'reg_alpha': 0.1, 'reg_lambda': 0.1}",COMPLETE
404,0.2225806450894901,2024-07-08 12:37:01.422705,2024-07-08 12:37:18.186924,0 days 00:00:16.764219,XGBClassifier,StandardScaler,,"[1, 1, 1, 1, 1, 0, 0, 1, 0, 1, 0, 0, 0, 1, 1, 1, 1, 1, 0, 0, 0, 1, 0, 0, 0, 1, 1, 0, 0, 0, 0, 1, 0, 0, 1, 0, 0, 1, 0, 1, 0, 0, 1, 1, 0, 0, 0, 0, 0]","{'n_estimators': 10, 'learning_rate': 10.0, 'max_depth': 7, 'min_child_weight': 3, 'subsample': 1.0, 'colsample_bytree': 1.0, 'gamma': 0.5, 'reg_alpha': 0.0, 'reg_lambda': 0.0}",COMPLETE
405,0.7806451610385015,2024-07-08 12:37:02.555705,2024-07-08 12:37:18.971926,0 days 00:00:16.416221,XGBClassifier,Normalize_L2_1,,"[1, 1, 1, 0, 1, 0, 0, 1, 1, 1, 0, 0, 1, 0, 0, 1, 0, 0, 0, 0, 0, 1, 1, 0, 1, 0, 0, 1, 0, 1, 0, 0, 0, 1, 0, 0, 1, 1, 0, 0, 0, 1, 0, 1, 0, 0, 1, 1, 0]","{'n_estimators': 50, 'learning_rate': 0.1, 'max_depth': 5, 'min_child_weight': 3, 'subsample': 1.0, 'colsample_bytree': 0.5, 'gamma': 0.0, 'reg_alpha': 1.0, 'reg_lambda': 0.0}",COMPLETE
406,0.7774193545879292,2024-07-08 12:37:02.756704,2024-07-08 12:37:20.001926,0 days 00:00:17.245222,XGBClassifier,Normalize_Max_1,,"[0, 0, 0, 0, 0, 1, 0, 0, 1, 0, 1, 1, 0, 1, 0, 1, 1, 0, 1, 0, 1, 0, 1, 1, 0, 1, 0, 0, 1, 0, 0, 0, 0, 0, 0, 1, 0, 1, 0, 0, 1, 0, 1, 1, 1, 1, 0, 1, 1]","{'n_estimators': 200, 'learning_rate': 0.01, 'max_depth': 9, 'min_child_weight': 3, 'subsample': 0.5, 'colsample_bytree': 0.7, 'gamma': 0.1, 'reg_alpha': 1.0, 'reg_lambda': 0.0}",COMPLETE
407,0.7741935481373569,2024-07-08 12:37:02.859705,2024-07-08 12:37:20.028953,0 days 00:00:17.169248,XGBClassifier,StandardScaler,,"[1, 1, 0, 1, 1, 1, 1, 1, 0, 0, 0, 1, 0, 0, 0, 1, 1, 1, 0, 1, 0, 0, 1, 0, 0, 1, 1, 1, 1, 1, 1, 1, 1, 0, 0, 0, 0, 0, 0, 0, 0, 1, 0, 1, 1, 0, 0, 0, 1]","{'n_estimators': 500, 'learning_rate': 0.1, 'max_depth': 5, 'min_child_weight': 10, 'subsample': 0.5, 'colsample_bytree': 1.0, 'gamma': 0.5, 'reg_alpha': 0.0, 'reg_lambda': 0.1}",COMPLETE
408,0.5419354836961499,2024-07-08 12:37:05.408926,2024-07-08 12:37:24.398934,0 days 00:00:18.990008,XGBClassifier,Normalize_Max_1,SMOTEENN,"[1, 0, 1, 0, 1, 0, 1, 0, 0, 1, 0, 0, 1, 0, 0, 0, 1, 0, 1, 1, 0, 0, 0, 0, 1, 0, 1, 0, 0, 0, 0, 0, 0, 1, 1, 1, 1, 1, 0, 0, 0, 1, 0, 1, 1, 0, 1, 1, 0]","{'n_estimators': 50, 'learning_rate': 0.01, 'max_depth': 7, 'min_child_weight': 1, 'subsample': 0.7, 'colsample_bytree': 1.0, 'gamma': 0.1, 'reg_alpha': 0.0, 'reg_lambda': 1.0}",COMPLETE
409,0.6483870965650363,2024-07-08 12:37:06.235952,2024-07-08 12:37:23.842973,0 days 00:00:17.607021,XGBClassifier,Normalize_L2_1,BorderlineSMOTE,"[1, 1, 0, 1, 1, 1, 0, 1, 1, 0, 0, 0, 1, 0, 1, 1, 0, 0, 0, 0, 0, 1, 0, 0, 0, 1, 1, 0, 1, 0, 0, 1, 1, 1, 0, 1, 0, 1, 1, 0, 0, 1, 1, 0, 1, 1, 1, 0, 0]","{'n_estimators': 10, 'learning_rate': 0.5, 'max_depth': 3, 'min_child_weight': 5, 'subsample': 0.7, 'colsample_bytree': 1.0, 'gamma': 0.1, 'reg_alpha': 0.0, 'reg_lambda': 0.0}",COMPLETE
410,0.4483870966295525,2024-07-08 12:37:09.238925,2024-07-08 12:37:21.595924,0 days 00:00:12.356999,XGBClassifier,Normalize_Max_1,SMOTEENN,"[0, 1, 0, 1, 1, 0, 0, 0, 0, 0, 0, 1, 0, 0, 0, 1, 0, 0, 1, 1, 1, 0, 1, 1, 0, 1, 1, 1, 1, 1, 1, 0, 0, 1, 0, 1, 0, 1, 1, 0, 0, 1, 0, 0, 1, 1, 0, 0, 1]","{'n_estimators': 50, 'learning_rate': 0.01, 'max_depth': 5, 'min_child_weight': 10, 'subsample': 0.5, 'colsample_bytree': 0.5, 'gamma': 1.0, 'reg_alpha': 0.1, 'reg_lambda': 1.0}",COMPLETE
