number,value,datetime_start,datetime_complete,duration,params_model,params_normTechnique,params_sampleTechnique,user_attrs_binIndices,user_attrs_hyperparams,state
2102,0.7612903223350675,2024-07-08 13:02:33.038328,2024-07-08 13:03:06.388304,0 days 00:00:33.349976,BaggingClassifier,Normalize_L1_1,,"[1, 0, 1, 0, 1, 1, 1, 1, 0, 1, 0, 0, 0, 0, 0, 0, 0, 0, 0, 0, 1, 1, 1, 0, 0, 0, 1, 0, 1, 1, 1, 1, 0, 1, 0, 1, 1, 1, 1, 1, 1, 0, 1, 1, 1, 0, 0, 0, 1]","{'n_estimators': 100, 'max_samples': 1.0, 'max_features': 1.0, 'bootstrap': False, 'bootstrap_features': False}",COMPLETE
2103,0.32580645150780435,2024-07-08 13:02:33.214297,2024-07-08 13:03:15.160284,0 days 00:00:41.945987,BaggingClassifier,Normalize_L2_0,SMOTE,"[0, 1, 0, 0, 0, 0, 1, 1, 1, 1, 1, 1, 1, 0, 0, 1, 1, 0, 1, 0, 1, 1, 1, 0, 0, 1, 0, 0, 0, 1, 1, 0, 1, 1, 1, 1, 1, 0, 1, 0, 0, 1, 1, 1, 1, 1, 0, 1, 1]","{'n_estimators': 500, 'max_samples': 0.1, 'max_features': 1.0, 'bootstrap': True, 'bootstrap_features': True}",COMPLETE
2104,0.0,2024-07-08 13:02:34.272315,2024-07-08 13:03:22.884299,0 days 00:00:48.611984,MLPClassifier,,,,,COMPLETE
2105,0.35806451601352757,2024-07-08 13:02:35.641288,2024-07-08 13:03:25.455287,0 days 00:00:49.813999,BaggingClassifier,Normalize_L2_0,SMOTE,"[0, 0, 1, 1, 0, 1, 1, 0, 1, 0, 1, 1, 0, 0, 0, 1, 0, 0, 1, 1, 0, 0, 0, 1, 1, 0, 0, 1, 1, 1, 1, 0, 1, 0, 1, 0, 0, 0, 0, 0, 1, 1, 1, 1, 0, 1, 0, 0, 1]","{'n_estimators': 1000, 'max_samples': 0.5, 'max_features': 0.5, 'bootstrap': True, 'bootstrap_features': False}",COMPLETE
2106,0.5677419353007284,2024-07-08 13:02:36.636287,2024-07-08 13:03:19.128296,0 days 00:00:42.492009,BaggingClassifier,Normalize_L1_1,SMOTE,"[1, 1, 1, 0, 1, 0, 1, 0, 0, 1, 0, 1, 0, 1, 0, 0, 1, 1, 0, 1, 1, 0, 1, 0, 0, 1, 1, 1, 0, 1, 1, 0, 0, 0, 1, 1, 0, 0, 0, 1, 1, 0, 1, 1, 0, 1, 1, 1, 0]","{'n_estimators': 1000, 'max_samples': 0.1, 'max_features': 0.5, 'bootstrap': False, 'bootstrap_features': True}",COMPLETE
2107,0.574193548201873,2024-07-08 13:02:37.264285,2024-07-08 13:03:19.748331,0 days 00:00:42.484046,BaggingClassifier,Normalize_L2_0,SMOTE,"[1, 0, 0, 1, 1, 0, 0, 0, 0, 0, 1, 1, 1, 0, 1, 0, 1, 0, 0, 1, 1, 0, 1, 0, 1, 1, 1, 1, 1, 1, 1, 1, 1, 0, 0, 1, 1, 0, 0, 0, 1, 0, 1, 1, 0, 1, 1, 0, 0]","{'n_estimators': 200, 'max_samples': 1.0, 'max_features': 1.0, 'bootstrap': True, 'bootstrap_features': True}",COMPLETE
2108,0.7838709674890738,2024-07-08 13:02:38.347286,2024-07-08 13:03:22.642286,0 days 00:00:44.295000,BaggingClassifier,Normalize_L1_1,,"[0, 0, 1, 1, 1, 1, 1, 0, 1, 0, 0, 1, 1, 0, 1, 1, 0, 0, 0, 1, 0, 0, 1, 0, 1, 1, 1, 1, 1, 1, 1, 1, 0, 1, 1, 0, 0, 1, 1, 0, 0, 1, 1, 0, 0, 1, 0, 1, 0]","{'n_estimators': 10, 'max_samples': 0.1, 'max_features': 0.5, 'bootstrap': False, 'bootstrap_features': True}",COMPLETE
2109,0.7999999997419355,2024-07-08 13:02:39.419303,2024-07-08 13:03:18.143289,0 days 00:00:38.723986,BaggingClassifier,Normalize_L1_1,,"[0, 0, 0, 1, 0, 1, 1, 1, 1, 1, 0, 0, 0, 1, 0, 1, 1, 0, 0, 0, 0, 0, 1, 0, 1, 0, 1, 1, 0, 1, 1, 0, 0, 1, 1, 1, 1, 0, 0, 0, 1, 0, 0, 0, 1, 0, 1, 0, 1]","{'n_estimators': 1000, 'max_samples': 0.1, 'max_features': 0.5, 'bootstrap': False, 'bootstrap_features': False}",COMPLETE
2110,0.5999999998064516,2024-07-08 13:02:39.768285,2024-07-08 13:03:16.053285,0 days 00:00:36.285000,BaggingClassifier,Normalize_L2_0,SMOTE,"[0, 1, 1, 0, 0, 0, 1, 1, 1, 0, 0, 1, 1, 1, 1, 0, 1, 0, 0, 0, 1, 1, 1, 0, 0, 0, 1, 1, 1, 1, 0, 1, 1, 0, 0, 1, 0, 0, 1, 1, 0, 1, 0, 1, 0, 0, 0, 1, 1]","{'n_estimators': 10, 'max_samples': 0.1, 'max_features': 1.0, 'bootstrap': True, 'bootstrap_features': False}",COMPLETE
2111,0.0,2024-07-08 13:02:39.978286,2024-07-08 13:03:24.729328,0 days 00:00:44.751042,MLPClassifier,,,,,COMPLETE
2112,0.4451612901789802,2024-07-08 13:02:40.342286,2024-07-08 13:03:18.211287,0 days 00:00:37.869001,BaggingClassifier,Normalize_L1_1,SMOTE,"[1, 1, 1, 0, 1, 0, 1, 1, 1, 0, 1, 0, 0, 1, 0, 0, 0, 1, 0, 1, 0, 0, 1, 1, 0, 0, 0, 0, 0, 1, 1, 0, 0, 0, 1, 1, 1, 0, 0, 1, 1, 1, 1, 1, 0, 0, 1, 0, 1]","{'n_estimators': 50, 'max_samples': 0.5, 'max_features': 0.1, 'bootstrap': False, 'bootstrap_features': True}",COMPLETE
2113,0.7741935481373569,2024-07-08 13:02:40.594283,2024-07-08 13:03:25.361288,0 days 00:00:44.767005,BaggingClassifier,Normalize_L1_1,TomekLinks,"[1, 1, 1, 1, 0, 0, 0, 1, 0, 1, 1, 1, 1, 0, 1, 1, 1, 1, 0, 1, 0, 1, 0, 1, 0, 1, 1, 0, 0, 1, 0, 1, 0, 1, 0, 0, 0, 1, 0, 1, 1, 0, 1, 0, 1, 0, 0, 1, 0]","{'n_estimators': 10, 'max_samples': 0.5, 'max_features': 0.5, 'bootstrap': True, 'bootstrap_features': False}",COMPLETE
2114,0.0,2024-07-08 13:02:40.954285,2024-07-08 13:03:25.275283,0 days 00:00:44.320998,MLPClassifier,,,,,COMPLETE
2115,0.7935483868407908,2024-07-08 13:02:41.030286,2024-07-08 13:03:20.134296,0 days 00:00:39.104010,BaggingClassifier,Normalize_L1_1,TomekLinks,"[1, 0, 1, 1, 0, 0, 0, 0, 0, 0, 0, 1, 0, 1, 0, 1, 1, 0, 0, 0, 1, 1, 0, 1, 0, 0, 0, 0, 1, 1, 0, 0, 1, 0, 1, 1, 0, 1, 0, 1, 1, 0, 1, 1, 0, 0, 1, 0, 1]","{'n_estimators': 100, 'max_samples': 0.1, 'max_features': 1.0, 'bootstrap': False, 'bootstrap_features': True}",COMPLETE
2116,0.554838709498439,2024-07-08 13:02:41.703285,2024-07-08 13:03:20.140302,0 days 00:00:38.437017,BaggingClassifier,Normalize_L1_1,SMOTE,"[0, 1, 0, 0, 1, 0, 0, 0, 0, 1, 0, 1, 0, 1, 0, 1, 0, 1, 1, 0, 0, 0, 1, 0, 1, 1, 1, 0, 1, 1, 0, 0, 0, 1, 0, 0, 1, 0, 0, 1, 1, 1, 0, 1, 1, 0, 1, 1, 0]","{'n_estimators': 100, 'max_samples': 0.1, 'max_features': 1.0, 'bootstrap': True, 'bootstrap_features': False}",COMPLETE
2117,0.0,2024-07-08 13:02:42.585299,2024-07-08 13:03:26.741293,0 days 00:00:44.155994,MLPClassifier,,,,,COMPLETE
2118,0.7741935481373569,2024-07-08 13:02:42.897286,2024-07-08 13:03:19.133293,0 days 00:00:36.236007,BaggingClassifier,Normalize_L1_1,TomekLinks,"[1, 1, 0, 0, 0, 0, 0, 1, 0, 0, 0, 0, 0, 1, 0, 1, 1, 0, 1, 0, 0, 1, 1, 0, 1, 0, 0, 1, 0, 1, 1, 1, 0, 0, 0, 1, 0, 1, 0, 1, 0, 1, 0, 1, 0, 1, 0, 1, 1]","{'n_estimators': 500, 'max_samples': 0.1, 'max_features': 1.0, 'bootstrap': False, 'bootstrap_features': False}",COMPLETE
2119,0.7612903223350675,2024-07-08 13:02:43.682284,2024-07-08 13:03:25.355287,0 days 00:00:41.673003,BaggingClassifier,Normalize_L1_1,TomekLinks,"[1, 0, 0, 0, 1, 0, 0, 1, 0, 0, 0, 0, 1, 1, 0, 0, 0, 0, 0, 0, 0, 0, 1, 1, 0, 0, 1, 0, 0, 1, 1, 0, 0, 1, 1, 1, 0, 0, 0, 0, 1, 0, 1, 1, 1, 1, 1, 1, 0]","{'n_estimators': 10, 'max_samples': 0.5, 'max_features': 0.1, 'bootstrap': False, 'bootstrap_features': True}",COMPLETE
2120,0.4612903224318418,2024-07-08 13:02:44.185284,2024-07-08 13:03:18.219317,0 days 00:00:34.034033,BaggingClassifier,Normalize_L1_1,SMOTE,"[0, 0, 1, 0, 0, 1, 1, 0, 0, 0, 1, 0, 0, 0, 0, 0, 1, 1, 1, 1, 1, 0, 1, 1, 1, 0, 0, 0, 1, 0, 1, 0, 1, 0, 0, 1, 1, 0, 1, 1, 1, 1, 0, 1, 1, 0, 0, 1, 1]","{'n_estimators': 50, 'max_samples': 0.5, 'max_features': 1.0, 'bootstrap': False, 'bootstrap_features': False}",COMPLETE
2121,0.574193548201873,2024-07-08 13:02:44.376285,2024-07-08 13:03:41.123313,0 days 00:00:56.747028,BaggingClassifier,StandardScaler,SVMSMOTE,"[0, 0, 0, 1, 1, 1, 1, 1, 0, 0, 0, 1, 0, 0, 0, 1, 1, 0, 1, 0, 1, 1, 1, 1, 1, 1, 1, 0, 0, 0, 1, 0, 1, 1, 1, 0, 0, 0, 1, 1, 1, 0, 1, 1, 0, 1, 0, 0, 0]","{'n_estimators': 50, 'max_samples': 0.1, 'max_features': 0.1, 'bootstrap': False, 'bootstrap_features': False}",COMPLETE
2122,0.6483870965650363,2024-07-08 13:02:44.741285,2024-07-08 13:03:41.183286,0 days 00:00:56.442001,BaggingClassifier,StandardScaler,,"[0, 1, 0, 1, 0, 0, 0, 1, 0, 1, 0, 0, 0, 1, 1, 1, 0, 0, 1, 1, 1, 0, 1, 0, 1, 1, 1, 1, 1, 0, 1, 0, 0, 0, 0, 0, 1, 1, 1, 0, 1, 0, 0, 1, 1, 1, 1, 0, 0]","{'n_estimators': 500, 'max_samples': 0.5, 'max_features': 0.5, 'bootstrap': False, 'bootstrap_features': False}",COMPLETE
2123,0.7419354836316336,2024-07-08 13:02:46.487285,2024-07-08 13:03:22.632287,0 days 00:00:36.145002,BaggingClassifier,Normalize_L1_1,TomekLinks,"[0, 1, 1, 0, 1, 1, 0, 0, 1, 0, 1, 1, 0, 1, 0, 0, 0, 0, 0, 0, 1, 1, 1, 0, 0, 1, 1, 1, 0, 1, 1, 1, 0, 1, 1, 1, 1, 1, 1, 1, 0, 0, 0, 1, 1, 0, 0, 1, 1]","{'n_estimators': 10, 'max_samples': 0.1, 'max_features': 0.5, 'bootstrap': False, 'bootstrap_features': False}",COMPLETE
2124,0.0,2024-07-08 13:02:47.962289,2024-07-08 13:03:25.416284,0 days 00:00:37.453995,MLPClassifier,,,,,COMPLETE
2125,0.8032258061925077,2024-07-08 13:02:48.757324,2024-07-08 13:03:34.012285,0 days 00:00:45.254961,BaggingClassifier,Normalize_L1_1,,"[1, 1, 1, 0, 0, 0, 0, 0, 0, 0, 1, 1, 0, 1, 0, 0, 1, 0, 1, 1, 1, 0, 0, 0, 0, 0, 1, 0, 0, 0, 0, 1, 0, 1, 0, 1, 1, 0, 1, 0, 0, 1, 0, 0, 0, 1, 0, 0, 1]","{'n_estimators': 1000, 'max_samples': 0.1, 'max_features': 0.1, 'bootstrap': True, 'bootstrap_features': False}",COMPLETE
2126,0.7741935481373569,2024-07-08 13:02:50.140294,2024-07-08 13:03:34.406285,0 days 00:00:44.265991,BaggingClassifier,Normalize_L1_1,TomekLinks,"[1, 1, 1, 0, 0, 0, 1, 0, 0, 0, 0, 1, 0, 1, 1, 0, 0, 0, 0, 1, 0, 0, 0, 0, 1, 0, 1, 1, 1, 0, 0, 1, 0, 0, 0, 0, 1, 0, 1, 0, 1, 0, 0, 1, 1, 0, 0, 1, 0]","{'n_estimators': 500, 'max_samples': 0.5, 'max_features': 0.1, 'bootstrap': True, 'bootstrap_features': True}",COMPLETE
2127,0.7774193545879292,2024-07-08 13:02:50.556297,2024-07-08 13:03:22.878293,0 days 00:00:32.321996,BaggingClassifier,Normalize_L1_1,TomekLinks,"[1, 0, 1, 0, 1, 0, 0, 0, 1, 0, 0, 1, 1, 1, 0, 0, 0, 0, 0, 0, 1, 0, 1, 0, 1, 1, 1, 0, 0, 0, 0, 1, 1, 1, 0, 1, 1, 1, 1, 0, 0, 1, 1, 1, 0, 0, 0, 0, 0]","{'n_estimators': 500, 'max_samples': 0.1, 'max_features': 1.0, 'bootstrap': True, 'bootstrap_features': False}",COMPLETE
2128,0.7612903223350675,2024-07-08 13:02:53.155289,2024-07-08 13:03:25.206286,0 days 00:00:32.050997,BaggingClassifier,Normalize_L1_1,,"[1, 0, 0, 0, 1, 1, 0, 1, 0, 1, 1, 0, 1, 0, 1, 0, 0, 1, 0, 0, 1, 1, 0, 1, 0, 1, 0, 1, 1, 1, 1, 1, 0, 0, 1, 1, 0, 1, 1, 1, 1, 1, 1, 0, 1, 0, 1, 0, 1]","{'n_estimators': 50, 'max_samples': 1.0, 'max_features': 0.5, 'bootstrap': True, 'bootstrap_features': False}",COMPLETE
2129,0.6290322578616024,2024-07-08 13:02:54.100285,2024-07-08 13:03:38.501287,0 days 00:00:44.401002,BaggingClassifier,RobustScaler,,"[0, 0, 0, 0, 0, 1, 1, 1, 0, 1, 0, 1, 1, 0, 0, 0, 0, 0, 1, 1, 1, 1, 0, 1, 1, 0, 1, 1, 0, 1, 0, 0, 1, 0, 0, 1, 1, 0, 0, 0, 0, 0, 1, 1, 1, 0, 0, 1, 1]","{'n_estimators': 50, 'max_samples': 1.0, 'max_features': 1.0, 'bootstrap': True, 'bootstrap_features': False}",COMPLETE
2130,0.6290322578616024,2024-07-08 13:02:55.855364,2024-07-08 13:03:38.058288,0 days 00:00:42.202924,BaggingClassifier,StandardScaler,,"[1, 1, 0, 1, 0, 0, 0, 0, 0, 0, 1, 0, 1, 0, 0, 0, 0, 1, 1, 0, 1, 1, 1, 1, 0, 0, 1, 1, 1, 1, 1, 0, 0, 0, 1, 1, 1, 0, 0, 1, 1, 0, 0, 0, 0, 1, 1, 1, 1]","{'n_estimators': 50, 'max_samples': 1.0, 'max_features': 0.1, 'bootstrap': False, 'bootstrap_features': True}",COMPLETE
2131,0.0,2024-07-08 13:02:56.235285,2024-07-08 13:03:25.907287,0 days 00:00:29.672002,MLPClassifier,,,,,COMPLETE
2132,0.7967741932913631,2024-07-08 13:02:56.647284,2024-07-08 13:03:36.609313,0 days 00:00:39.962029,BaggingClassifier,RobustScaler,,"[0, 1, 0, 0, 1, 1, 0, 1, 0, 0, 1, 0, 1, 0, 0, 1, 0, 1, 0, 0, 1, 1, 0, 1, 1, 0, 1, 1, 0, 1, 0, 0, 0, 1, 0, 1, 0, 1, 0, 1, 1, 1, 0, 1, 1, 0, 0, 0, 0]","{'n_estimators': 50, 'max_samples': 0.1, 'max_features': 0.1, 'bootstrap': True, 'bootstrap_features': True}",COMPLETE
2133,0.6580645159167533,2024-07-08 13:02:56.979290,2024-07-08 13:03:39.921286,0 days 00:00:42.941996,BaggingClassifier,StandardScaler,,"[1, 0, 0, 1, 0, 1, 1, 0, 1, 1, 0, 1, 0, 0, 0, 0, 1, 1, 0, 0, 0, 0, 0, 1, 1, 0, 1, 0, 1, 1, 1, 1, 0, 1, 0, 1, 0, 1, 0, 1, 0, 1, 1, 0, 0, 1, 0, 1, 1]","{'n_estimators': 500, 'max_samples': 0.5, 'max_features': 0.5, 'bootstrap': False, 'bootstrap_features': False}",COMPLETE
2134,0.7806451610385015,2024-07-08 13:02:58.031293,2024-07-08 13:03:37.364289,0 days 00:00:39.332996,BaggingClassifier,StandardScaler,,"[1, 1, 1, 1, 0, 1, 1, 1, 0, 0, 1, 0, 0, 1, 0, 0, 1, 0, 0, 1, 1, 1, 0, 0, 1, 0, 0, 0, 0, 0, 0, 1, 0, 0, 1, 1, 0, 0, 1, 1, 0, 1, 1, 1, 1, 1, 0, 1, 1]","{'n_estimators': 200, 'max_samples': 0.1, 'max_features': 0.1, 'bootstrap': True, 'bootstrap_features': True}",COMPLETE
2135,0.7838709674890738,2024-07-08 13:03:01.236287,2024-07-08 13:03:52.045286,0 days 00:00:50.808999,BaggingClassifier,RobustScaler,,"[0, 0, 1, 0, 0, 1, 1, 0, 0, 1, 0, 1, 0, 0, 0, 1, 0, 1, 1, 0, 0, 0, 1, 1, 1, 1, 1, 1, 1, 1, 1, 1, 0, 0, 1, 0, 0, 0, 1, 1, 1, 1, 0, 0, 1, 0, 1, 1, 0]","{'n_estimators': 1000, 'max_samples': 0.1, 'max_features': 0.1, 'bootstrap': True, 'bootstrap_features': True}",COMPLETE
2136,0.0,2024-07-08 13:03:05.461286,2024-07-08 13:03:33.298285,0 days 00:00:27.836999,MLPClassifier,,,,,COMPLETE
2137,0.6709677417190426,2024-07-08 13:03:06.977289,2024-07-08 13:03:44.686285,0 days 00:00:37.708996,BaggingClassifier,StandardScaler,,"[0, 0, 1, 1, 0, 0, 1, 1, 0, 0, 0, 1, 1, 1, 1, 1, 1, 1, 0, 1, 1, 0, 1, 0, 1, 0, 0, 0, 0, 0, 0, 0, 0, 1, 0, 1, 1, 0, 1, 0, 0, 1, 0, 1, 0, 0, 0, 1, 0]","{'n_estimators': 10, 'max_samples': 0.5, 'max_features': 0.5, 'bootstrap': False, 'bootstrap_features': False}",COMPLETE
2138,0.7935483868407908,2024-07-08 13:03:11.322288,2024-07-08 13:03:45.587287,0 days 00:00:34.264999,BaggingClassifier,Normalize_L1_1,,"[1, 0, 1, 0, 0, 0, 0, 1, 1, 0, 0, 1, 1, 0, 1, 0, 0, 1, 1, 0, 1, 1, 0, 1, 1, 1, 0, 1, 1, 1, 1, 0, 0, 1, 0, 1, 0, 0, 0, 0, 1, 0, 1, 0, 1, 1, 1, 1, 1]","{'n_estimators': 100, 'max_samples': 0.1, 'max_features': 0.5, 'bootstrap': False, 'bootstrap_features': False}",COMPLETE
2139,0.6161290320593131,2024-07-08 13:03:11.695285,2024-07-08 13:03:41.505290,0 days 00:00:29.810005,BaggingClassifier,Normalize_L1_1,SVMSMOTE,"[0, 0, 1, 0, 1, 1, 0, 0, 0, 0, 1, 0, 0, 0, 1, 1, 1, 1, 0, 0, 0, 0, 0, 1, 0, 0, 1, 1, 0, 0, 1, 0, 0, 1, 1, 1, 1, 1, 1, 0, 0, 0, 0, 1, 1, 0, 1, 1, 0]","{'n_estimators': 500, 'max_samples': 0.1, 'max_features': 0.1, 'bootstrap': False, 'bootstrap_features': True}",COMPLETE
2140,0.43548387082726325,2024-07-08 13:03:12.632328,2024-07-08 13:03:48.358283,0 days 00:00:35.725955,BaggingClassifier,Normalize_L1_1,SVMSMOTE,"[1, 0, 1, 0, 1, 0, 1, 1, 0, 0, 0, 0, 1, 1, 0, 1, 1, 1, 1, 1, 1, 0, 1, 1, 1, 1, 1, 1, 1, 0, 1, 0, 1, 1, 1, 0, 1, 0, 0, 0, 1, 1, 1, 1, 1, 0, 0, 1, 0]","{'n_estimators': 50, 'max_samples': 1.0, 'max_features': 1.0, 'bootstrap': False, 'bootstrap_features': False}",COMPLETE
2141,0.7580645158844953,2024-07-08 13:03:13.123312,2024-07-08 13:03:41.133292,0 days 00:00:28.009980,BaggingClassifier,StandardScaler,,"[1, 0, 0, 0, 1, 0, 0, 0, 0, 0, 1, 0, 1, 0, 1, 1, 0, 0, 1, 1, 1, 0, 0, 1, 1, 0, 0, 1, 1, 0, 0, 0, 1, 0, 0, 0, 0, 1, 1, 0, 0, 1, 0, 1, 0, 1, 0, 0, 1]","{'n_estimators': 10, 'max_samples': 0.1, 'max_features': 1.0, 'bootstrap': False, 'bootstrap_features': True}",COMPLETE
2142,0.574193548201873,2024-07-08 13:03:14.895318,2024-07-08 13:03:57.123285,0 days 00:00:42.227967,BaggingClassifier,Normalize_L1_1,SMOTETomek,"[1, 0, 0, 1, 0, 1, 0, 1, 0, 0, 0, 1, 0, 0, 1, 1, 0, 0, 1, 0, 0, 0, 0, 1, 0, 1, 1, 1, 0, 0, 0, 0, 0, 0, 1, 0, 1, 0, 0, 1, 1, 1, 0, 1, 0, 1, 1, 1, 1]","{'n_estimators': 500, 'max_samples': 0.1, 'max_features': 0.1, 'bootstrap': True, 'bootstrap_features': True}",COMPLETE
2143,0.6161290320593131,2024-07-08 13:03:17.704337,2024-07-08 13:04:25.074283,0 days 00:01:07.369946,BaggingClassifier,StandardScaler,SVMSMOTE,"[1, 1, 0, 0, 0, 0, 1, 0, 1, 0, 1, 1, 0, 1, 1, 0, 1, 0, 0, 1, 1, 0, 1, 0, 0, 1, 0, 0, 0, 1, 0, 0, 0, 0, 1, 1, 0, 1, 1, 1, 1, 1, 0, 1, 1, 0, 0, 1, 0]","{'n_estimators': 500, 'max_samples': 0.1, 'max_features': 0.1, 'bootstrap': True, 'bootstrap_features': True}",COMPLETE
2144,0.5258064514432882,2024-07-08 13:03:18.403314,2024-07-08 13:03:44.682289,0 days 00:00:26.278975,BaggingClassifier,StandardScaler,SVMSMOTE,"[0, 1, 1, 0, 0, 1, 0, 0, 1, 1, 1, 0, 0, 0, 0, 1, 0, 0, 0, 0, 0, 0, 1, 1, 0, 1, 1, 1, 0, 0, 1, 1, 0, 1, 0, 0, 1, 0, 0, 1, 0, 0, 1, 1, 0, 1, 0, 0, 1]","{'n_estimators': 10, 'max_samples': 1.0, 'max_features': 0.5, 'bootstrap': False, 'bootstrap_features': False}",COMPLETE
2145,0.2064516128366285,2024-07-08 13:03:19.924328,2024-07-08 13:03:50.940287,0 days 00:00:31.015959,SVC,Normalize_L1_1,ADASYN,"[1, 1, 0, 1, 0, 1, 0, 0, 1, 0, 1, 1, 1, 1, 1, 0, 0, 0, 1, 1, 0, 1, 1, 1, 0, 1, 0, 0, 0, 0, 1, 1, 1, 0, 1, 1, 0, 1, 1, 0, 0, 0, 0, 1, 0, 0, 0, 0, 1]","{'C': 0.1, 'kernel': 'sigmoid', 'degree': 5, 'gamma': 'scale', 'coef0': 2.0, 'shrinking': True, 'probability': True, 'class_weight': 'balanced', 'decision_function_shape': 'ovr'}",COMPLETE
2146,0.0,2024-07-08 13:03:22.307288,2024-07-08 13:03:58.370284,0 days 00:00:36.062996,AdaBoostClassifier,Normalize_L1_1,KMeansSMOTE,,"{'n_estimators': 200, 'learning_rate': 0.1, 'algorithm': 'SAMME.R'}",COMPLETE
2147,0.5096774191904266,2024-07-08 13:03:22.404343,2024-07-08 13:04:15.715330,0 days 00:00:53.310987,BaggingClassifier,RobustScaler,SVMSMOTE,"[0, 0, 0, 1, 1, 1, 0, 0, 0, 1, 1, 0, 1, 0, 0, 1, 1, 1, 1, 0, 0, 0, 1, 0, 0, 0, 0, 0, 1, 0, 1, 0, 1, 1, 0, 1, 1, 1, 1, 0, 0, 0, 0, 0, 0, 0, 0, 1, 1]","{'n_estimators': 500, 'max_samples': 1.0, 'max_features': 1.0, 'bootstrap': True, 'bootstrap_features': True}",COMPLETE
2148,0.0,2024-07-08 13:03:23.324328,2024-07-08 13:03:49.288286,0 days 00:00:25.963958,SVC,Normalize_L1_1,SMOTETomek,"[1, 0, 1, 1, 1, 0, 0, 0, 0, 0, 1, 0, 1, 1, 0, 0, 1, 0, 1, 0, 1, 1, 1, 0, 0, 1, 0, 0, 1, 1, 0, 0, 1, 0, 0, 0, 1, 1, 1, 0, 0, 0, 0, 0, 1, 1, 0, 0, 1]","{'C': 0.1, 'kernel': 'linear', 'degree': 4, 'gamma': '1', 'coef0': 2.0, 'shrinking': False, 'probability': True, 'class_weight': 'balanced', 'decision_function_shape': 'ovr'}",COMPLETE
2149,0.0,2024-07-08 13:03:24.344333,2024-07-08 13:03:50.931287,0 days 00:00:26.586954,SVC,Normalize_L1_1,KMeansSMOTE,,"{'C': 10.0, 'kernel': 'sigmoid', 'degree': 4, 'gamma': '0.1', 'coef0': 2.0, 'shrinking': False, 'probability': True, 'class_weight': 'balanced', 'decision_function_shape': 'ovo'}",COMPLETE
2150,0.0,2024-07-08 13:03:24.987294,2024-07-08 13:03:51.202285,0 days 00:00:26.214991,SVC,Normalize_L1_1,,"[1, 1, 1, 0, 0, 1, 0, 0, 1, 0, 1, 0, 1, 0, 0, 1, 0, 0, 0, 0, 1, 0, 0, 1, 0, 1, 0, 0, 0, 1, 0, 1, 1, 0, 0, 1, 0, 0, 0, 1, 0, 0, 1, 0, 0, 1, 1, 0, 1]","{'C': 100.0, 'kernel': 'linear', 'degree': 6, 'gamma': '0.1', 'coef0': 0.5, 'shrinking': True, 'probability': True, 'class_weight': 'balanced', 'decision_function_shape': 'ovo'}",COMPLETE
2151,0.5387096772455775,2024-07-08 13:03:25.120301,2024-07-08 13:03:57.021284,0 days 00:00:31.900983,BaggingClassifier,Normalize_L1_1,ADASYN,"[0, 0, 0, 0, 1, 1, 1, 0, 0, 0, 0, 0, 1, 1, 0, 1, 0, 0, 1, 1, 0, 1, 0, 1, 1, 1, 1, 0, 1, 1, 1, 0, 1, 0, 1, 1, 0, 0, 1, 1, 1, 0, 0, 1, 1, 1, 0, 1, 1]","{'n_estimators': 100, 'max_samples': 0.1, 'max_features': 1.0, 'bootstrap': True, 'bootstrap_features': False}",COMPLETE
2152,0.47096774178355877,2024-07-08 13:03:25.565286,2024-07-08 13:03:48.706286,0 days 00:00:23.141000,SVC,Normalize_L1_1,ADASYN,"[0, 0, 1, 0, 1, 0, 1, 0, 1, 1, 1, 1, 1, 1, 1, 1, 0, 1, 0, 0, 1, 0, 0, 0, 0, 1, 1, 0, 1, 0, 1, 0, 1, 0, 1, 0, 0, 1, 1, 1, 1, 1, 0, 1, 0, 1, 1, 0, 1]","{'C': 0.1, 'kernel': 'poly', 'degree': 4, 'gamma': 'scale', 'coef0': 0.0, 'shrinking': False, 'probability': False, 'class_weight': 'balanced', 'decision_function_shape': 'ovr'}",COMPLETE
2153,0.0,2024-07-08 13:03:26.200330,2024-07-08 13:03:56.602285,0 days 00:00:30.401955,BaggingClassifier,Normalize_L1_1,KMeansSMOTE,,"{'n_estimators': 10, 'max_samples': 1.0, 'max_features': 0.5, 'bootstrap': False, 'bootstrap_features': True}",COMPLETE
2154,0.7838709674890738,2024-07-08 13:03:26.414315,2024-07-08 13:05:21.555564,0 days 00:01:55.141249,BaggingClassifier,MaxAbsScaler,,"[1, 1, 0, 1, 1, 0, 1, 0, 0, 1, 0, 0, 0, 1, 1, 1, 1, 1, 1, 1, 1, 0, 0, 0, 0, 0, 0, 1, 0, 0, 0, 1, 0, 0, 0, 1, 1, 0, 1, 1, 1, 0, 0, 0, 0, 1, 0, 0, 0]","{'n_estimators': 1000, 'max_samples': 0.1, 'max_features': 0.5, 'bootstrap': False, 'bootstrap_features': False}",COMPLETE
2155,0.49999999983870963,2024-07-08 13:03:26.571288,2024-07-08 13:04:26.001286,0 days 00:00:59.429998,AdaBoostClassifier,Normalize_L1_1,SMOTETomek,"[0, 0, 1, 0, 0, 0, 1, 0, 1, 0, 1, 1, 0, 0, 0, 1, 0, 1, 1, 1, 0, 1, 1, 1, 1, 0, 1, 0, 1, 1, 1, 0, 0, 1, 1, 1, 0, 0, 0, 0, 1, 0, 1, 0, 0, 0, 0, 0, 0]","{'n_estimators': 1000, 'learning_rate': 10.0, 'algorithm': 'SAMME.R'}",COMPLETE
2156,0.7612903223350675,2024-07-08 13:03:26.699292,2024-07-08 13:04:20.016288,0 days 00:00:53.316996,BaggingClassifier,Normalize_L1_1,,"[1, 1, 0, 1, 0, 0, 0, 1, 0, 0, 0, 0, 0, 0, 1, 0, 1, 0, 0, 1, 1, 0, 0, 0, 0, 1, 1, 1, 0, 0, 0, 0, 1, 1, 1, 1, 1, 0, 0, 1, 1, 1, 0, 1, 0, 0, 1, 1, 0]","{'n_estimators': 1000, 'max_samples': 1.0, 'max_features': 0.5, 'bootstrap': False, 'bootstrap_features': False}",COMPLETE
2157,0.5999999998064516,2024-07-08 13:03:28.804317,2024-07-08 13:04:21.105283,0 days 00:00:52.300966,SVC,Normalize_L1_1,SMOTETomek,"[1, 0, 0, 0, 0, 0, 1, 1, 1, 1, 1, 0, 0, 0, 0, 1, 0, 0, 0, 0, 0, 1, 0, 0, 1, 1, 1, 1, 1, 1, 1, 0, 1, 0, 0, 0, 0, 0, 1, 1, 1, 1, 1, 1, 1, 0, 0, 0, 1]","{'C': 10.0, 'kernel': 'poly', 'degree': 6, 'gamma': 'scale', 'coef0': 0.0, 'shrinking': False, 'probability': True, 'class_weight': 'balanced', 'decision_function_shape': 'ovo'}",COMPLETE
2158,0.0,2024-07-08 13:03:29.790284,2024-07-08 13:03:50.929286,0 days 00:00:21.139002,SVC,Normalize_L1_1,KMeansSMOTE,,"{'C': 1.0, 'kernel': 'poly', 'degree': 4, 'gamma': '1', 'coef0': 2.0, 'shrinking': True, 'probability': True, 'class_weight': None, 'decision_function_shape': 'ovo'}",COMPLETE
2159,0.0,2024-07-08 13:03:31.728297,2024-07-08 13:03:50.935287,0 days 00:00:19.206990,SVC,Normalize_L1_1,SMOTETomek,"[0, 0, 0, 1, 1, 1, 0, 0, 1, 1, 1, 1, 0, 1, 0, 0, 1, 0, 1, 1, 0, 1, 1, 0, 1, 0, 1, 1, 1, 1, 0, 0, 1, 0, 1, 1, 0, 0, 1, 0, 0, 0, 0, 0, 0, 0, 0, 0, 1]","{'C': 1.0, 'kernel': 'sigmoid', 'degree': 6, 'gamma': '0.01', 'coef0': 0.0, 'shrinking': True, 'probability': True, 'class_weight': 'balanced', 'decision_function_shape': 'ovo'}",COMPLETE
