number,value,datetime_start,datetime_complete,duration,params_model,params_normTechnique,params_sampleTechnique,user_attrs_binIndices,user_attrs_hyperparams,state
1351,0.7645161287856399,2024-07-08 12:49:38.869844,2024-07-08 12:50:16.234081,0 days 00:00:37.364237,BaggingClassifier,Normalize_L1_1,,"[0, 1, 0, 0, 0, 1, 1, 1, 1, 1, 0, 1, 1, 0, 1, 1, 1, 1, 1, 1, 1, 1, 0, 0, 1, 0, 1, 1, 1, 0, 0, 0, 0, 0, 1, 1, 1, 1, 1, 0, 0, 1, 1, 0, 1, 0, 1, 0, 0]","{'n_estimators': 100, 'max_samples': 0.5, 'max_features': 0.1, 'bootstrap': False, 'bootstrap_features': True}",COMPLETE
1352,0.2064516128366285,2024-07-08 12:49:39.513883,2024-07-08 12:49:57.316043,0 days 00:00:17.802160,GradientBoostingClassifier,Normalize_L1_1,ADASYN,"[0, 1, 0, 1, 1, 1, 1, 0, 0, 1, 0, 1, 1, 1, 1, 1, 1, 0, 0, 1, 0, 1, 0, 0, 0, 1, 0, 1, 0, 1, 1, 1, 0, 0, 1, 0, 1, 0, 0, 1, 1, 0, 0, 1, 0, 1, 1, 0, 0]","{'n_estimators': 200, 'learning_rate': 10.0, 'max_depth': 3, 'min_samples_split': 10, 'min_samples_leaf': 100, 'subsample': 0.5, 'max_features': 'sqrt'}",COMPLETE
1353,0.7612903223350675,2024-07-08 12:49:40.293872,2024-07-08 12:50:23.236048,0 days 00:00:42.942176,BaggingClassifier,Normalize_L1_1,,"[1, 0, 1, 0, 1, 1, 0, 0, 0, 0, 0, 1, 1, 1, 1, 0, 1, 1, 1, 1, 0, 1, 1, 1, 1, 0, 0, 1, 0, 1, 0, 1, 1, 1, 1, 1, 0, 1, 1, 1, 0, 0, 1, 0, 1, 1, 1, 1, 0]","{'n_estimators': 500, 'max_samples': 0.5, 'max_features': 0.5, 'bootstrap': False, 'bootstrap_features': True}",COMPLETE
1354,0.4322580643766909,2024-07-08 12:49:40.762870,2024-07-08 12:49:58.916043,0 days 00:00:18.153173,GradientBoostingClassifier,Normalize_L1_1,SMOTEENN,"[1, 0, 0, 1, 0, 0, 0, 1, 0, 1, 0, 0, 1, 0, 0, 0, 1, 0, 1, 0, 0, 1, 1, 0, 0, 1, 1, 1, 0, 1, 1, 1, 0, 1, 0, 1, 0, 0, 0, 0, 1, 0, 1, 1, 1, 0, 1, 1, 0]","{'n_estimators': 200, 'learning_rate': 1.0, 'max_depth': 3, 'min_samples_split': 50, 'min_samples_leaf': 10, 'subsample': 1.0, 'max_features': None}",COMPLETE
1355,0.7999999997419355,2024-07-08 12:49:42.576887,2024-07-08 12:50:30.180038,0 days 00:00:47.603151,BaggingClassifier,Normalize_L1_1,,"[0, 0, 1, 1, 1, 1, 1, 1, 0, 0, 1, 0, 0, 1, 1, 1, 0, 1, 0, 0, 1, 0, 0, 0, 0, 0, 1, 1, 1, 0, 1, 0, 0, 0, 0, 0, 1, 1, 0, 0, 1, 1, 0, 1, 0, 0, 1, 0, 0]","{'n_estimators': 500, 'max_samples': 0.1, 'max_features': 0.1, 'bootstrap': True, 'bootstrap_features': False}",COMPLETE
1356,0.8032258061925077,2024-07-08 12:49:43.980890,2024-07-08 12:50:04.401039,0 days 00:00:20.420149,BaggingClassifier,Normalize_L1_1,,"[0, 0, 1, 0, 0, 1, 1, 1, 0, 0, 1, 1, 1, 0, 1, 1, 0, 0, 0, 0, 0, 1, 1, 1, 1, 1, 1, 1, 1, 0, 0, 1, 0, 1, 1, 1, 1, 0, 1, 1, 0, 0, 1, 0, 0, 1, 0, 0, 0]","{'n_estimators': 500, 'max_samples': 0.1, 'max_features': 0.1, 'bootstrap': False, 'bootstrap_features': False}",COMPLETE
1357,0.7935483868407908,2024-07-08 12:49:44.296883,2024-07-08 12:50:12.353069,0 days 00:00:28.056186,BaggingClassifier,Normalize_L1_1,,"[1, 1, 0, 0, 0, 1, 1, 1, 1, 0, 0, 1, 0, 1, 0, 0, 0, 1, 1, 0, 1, 0, 0, 0, 0, 1, 0, 0, 1, 1, 0, 1, 0, 1, 0, 1, 0, 0, 1, 1, 0, 1, 1, 1, 0, 1, 1, 0, 0]","{'n_estimators': 500, 'max_samples': 0.1, 'max_features': 0.1, 'bootstrap': True, 'bootstrap_features': True}",COMPLETE
1358,0.7645161287856399,2024-07-08 12:49:44.461883,2024-07-08 12:50:39.776051,0 days 00:00:55.314168,BaggingClassifier,Normalize_L1_1,,"[0, 1, 1, 0, 1, 0, 1, 0, 1, 0, 0, 1, 0, 1, 1, 1, 0, 0, 0, 0, 1, 1, 0, 1, 0, 1, 1, 1, 1, 0, 1, 0, 0, 0, 1, 1, 1, 0, 1, 0, 1, 1, 0, 0, 1, 1, 1, 0, 0]","{'n_estimators': 500, 'max_samples': 0.5, 'max_features': 1.0, 'bootstrap': False, 'bootstrap_features': False}",COMPLETE
1359,0.2064516128366285,2024-07-08 12:49:44.648894,2024-07-08 12:50:12.117041,0 days 00:00:27.468147,GradientBoostingClassifier,Normalize_L1_1,,"[0, 1, 1, 1, 1, 0, 1, 0, 1, 0, 0, 0, 1, 1, 1, 1, 1, 1, 0, 1, 1, 0, 1, 0, 0, 1, 0, 1, 0, 0, 1, 1, 0, 0, 0, 0, 0, 1, 0, 1, 1, 0, 1, 1, 0, 1, 0, 1, 1]","{'n_estimators': 500, 'learning_rate': 10.0, 'max_depth': 7, 'min_samples_split': 10, 'min_samples_leaf': 100, 'subsample': 0.5, 'max_features': None}",COMPLETE
1360,0.7677419352362123,2024-07-08 12:49:45.065387,2024-07-08 12:50:14.248040,0 days 00:00:29.182653,BaggingClassifier,Normalize_L1_1,,"[0, 0, 1, 0, 1, 1, 0, 1, 0, 0, 1, 0, 1, 0, 0, 1, 1, 0, 1, 1, 1, 1, 0, 0, 1, 0, 1, 1, 0, 1, 1, 0, 1, 1, 0, 0, 0, 1, 1, 0, 0, 1, 1, 1, 0, 0, 1, 0, 1]","{'n_estimators': 1000, 'max_samples': 1.0, 'max_features': 0.1, 'bootstrap': True, 'bootstrap_features': True}",COMPLETE
1361,0.754838709433923,2024-07-08 12:49:45.261386,2024-07-08 12:50:19.769042,0 days 00:00:34.507656,BaggingClassifier,Normalize_L1_1,,"[1, 0, 1, 0, 0, 0, 1, 0, 1, 1, 1, 0, 1, 0, 0, 1, 0, 0, 0, 0, 0, 0, 1, 0, 0, 0, 1, 0, 1, 0, 0, 1, 1, 1, 0, 0, 1, 0, 0, 1, 1, 1, 0, 1, 1, 1, 0, 1, 1]","{'n_estimators': 10, 'max_samples': 0.5, 'max_features': 0.5, 'bootstrap': False, 'bootstrap_features': True}",COMPLETE
1362,0.6516129030156087,2024-07-08 12:49:45.378383,2024-07-08 12:50:12.463041,0 days 00:00:27.084658,GradientBoostingClassifier,Normalize_L1_1,,"[0, 0, 1, 1, 0, 0, 0, 1, 1, 1, 1, 0, 0, 1, 0, 1, 0, 0, 0, 0, 0, 1, 1, 0, 0, 1, 0, 1, 1, 1, 0, 0, 1, 1, 1, 1, 1, 0, 0, 0, 1, 1, 0, 1, 0, 0, 1, 1, 1]","{'n_estimators': 200, 'learning_rate': 1.0, 'max_depth': 7, 'min_samples_split': 2, 'min_samples_leaf': 10, 'subsample': 0.7, 'max_features': 'sqrt'}",COMPLETE
1363,0.7645161287856399,2024-07-08 12:49:45.442344,2024-07-08 12:50:24.610042,0 days 00:00:39.167698,BaggingClassifier,Normalize_L1_1,,"[1, 1, 1, 0, 0, 1, 0, 0, 1, 1, 1, 0, 0, 1, 0, 0, 0, 0, 1, 0, 1, 1, 1, 1, 1, 0, 0, 0, 1, 0, 0, 1, 1, 1, 1, 0, 1, 0, 1, 0, 0, 0, 0, 1, 0, 0, 1, 1, 1]","{'n_estimators': 100, 'max_samples': 1.0, 'max_features': 0.1, 'bootstrap': False, 'bootstrap_features': False}",COMPLETE
1364,0.7645161287856399,2024-07-08 12:49:45.492352,2024-07-08 12:50:39.938051,0 days 00:00:54.445699,BaggingClassifier,Normalize_L1_1,,"[1, 1, 0, 0, 0, 1, 0, 0, 1, 1, 0, 0, 0, 0, 0, 0, 1, 0, 1, 1, 1, 0, 1, 1, 0, 0, 1, 0, 0, 0, 1, 0, 0, 1, 1, 0, 0, 1, 1, 0, 0, 0, 1, 0, 1, 1, 0, 0, 0]","{'n_estimators': 50, 'max_samples': 1.0, 'max_features': 0.1, 'bootstrap': True, 'bootstrap_features': True}",COMPLETE
1365,0.4290322579261186,2024-07-08 12:49:45.677384,2024-07-08 12:51:03.778053,0 days 00:01:18.100669,BaggingClassifier,Normalize_L1_1,SMOTETomek,"[1, 0, 0, 0, 1, 1, 0, 1, 1, 1, 0, 1, 0, 0, 1, 1, 0, 0, 0, 1, 0, 1, 1, 1, 0, 1, 1, 1, 1, 0, 1, 0, 1, 0, 1, 1, 0, 1, 1, 1, 0, 1, 0, 1, 1, 0, 0, 1, 1]","{'n_estimators': 500, 'max_samples': 0.5, 'max_features': 0.1, 'bootstrap': False, 'bootstrap_features': True}",COMPLETE
1366,0.7096774191259104,2024-07-08 12:49:46.788038,2024-07-08 12:50:13.530037,0 days 00:00:26.741999,GradientBoostingClassifier,Normalize_L1_1,,"[0, 0, 0, 0, 0, 0, 1, 1, 1, 0, 0, 1, 1, 1, 1, 0, 0, 1, 1, 0, 1, 0, 0, 0, 1, 1, 1, 0, 0, 0, 1, 1, 1, 1, 0, 1, 0, 0, 1, 0, 0, 1, 0, 1, 0, 0, 1, 0, 0]","{'n_estimators': 100, 'learning_rate': 1.0, 'max_depth': 5, 'min_samples_split': 2, 'min_samples_leaf': 10, 'subsample': 0.7, 'max_features': 'sqrt'}",COMPLETE
1367,0.8096774190936524,2024-07-08 12:49:47.243041,2024-07-08 12:50:43.508053,0 days 00:00:56.265012,BaggingClassifier,Normalize_L1_1,,"[1, 1, 1, 1, 1, 1, 0, 0, 1, 1, 0, 1, 1, 1, 1, 0, 0, 0, 1, 1, 0, 1, 0, 1, 1, 0, 1, 0, 0, 0, 1, 0, 1, 0, 1, 0, 0, 0, 1, 1, 0, 1, 1, 0, 1, 1, 0, 0, 1]","{'n_estimators': 200, 'max_samples': 0.1, 'max_features': 0.1, 'bootstrap': False, 'bootstrap_features': True}",COMPLETE
1368,0.483870967585848,2024-07-08 12:49:47.362039,2024-07-08 12:50:36.386052,0 days 00:00:49.024013,BaggingClassifier,Normalize_L1_1,SVMSMOTE,"[1, 1, 0, 1, 0, 0, 0, 1, 1, 0, 1, 0, 1, 1, 0, 0, 1, 0, 0, 1, 1, 1, 1, 1, 0, 1, 0, 1, 0, 1, 0, 1, 0, 1, 0, 0, 0, 1, 0, 0, 1, 0, 1, 0, 0, 0, 1, 0, 1]","{'n_estimators': 100, 'max_samples': 0.5, 'max_features': 0.5, 'bootstrap': True, 'bootstrap_features': False}",COMPLETE
1369,0.4258064514755463,2024-07-08 12:49:47.893048,2024-07-08 12:50:39.778052,0 days 00:00:51.885004,BaggingClassifier,Normalize_L1_1,SVMSMOTE,"[0, 0, 1, 1, 1, 0, 1, 0, 1, 1, 0, 0, 1, 1, 0, 1, 1, 1, 1, 1, 1, 0, 0, 0, 0, 1, 1, 0, 0, 0, 0, 1, 1, 0, 1, 0, 0, 1, 0, 0, 1, 1, 1, 1, 1, 0, 0, 1, 0]","{'n_estimators': 200, 'max_samples': 1.0, 'max_features': 1.0, 'bootstrap': True, 'bootstrap_features': False}",COMPLETE
1370,0.8032258061925077,2024-07-08 12:49:48.113040,2024-07-08 12:50:29.697042,0 days 00:00:41.584002,BaggingClassifier,Normalize_L1_1,,"[1, 1, 1, 0, 0, 0, 1, 1, 0, 1, 0, 1, 1, 1, 1, 0, 1, 1, 1, 0, 1, 0, 1, 0, 1, 0, 0, 0, 1, 1, 0, 1, 0, 0, 0, 0, 0, 0, 0, 1, 1, 0, 0, 0, 1, 0, 0, 1, 0]","{'n_estimators': 1000, 'max_samples': 0.1, 'max_features': 1.0, 'bootstrap': False, 'bootstrap_features': False}",COMPLETE
1371,0.7709677416867845,2024-07-08 12:49:49.478039,2024-07-08 12:50:31.265038,0 days 00:00:41.786999,BaggingClassifier,Normalize_L1_1,,"[0, 0, 0, 0, 0, 1, 1, 0, 1, 1, 0, 1, 0, 1, 1, 1, 1, 0, 0, 0, 1, 1, 1, 0, 0, 1, 0, 0, 0, 0, 0, 0, 0, 0, 1, 0, 1, 0, 1, 0, 0, 1, 0, 0, 0, 0, 1, 1, 0]","{'n_estimators': 200, 'max_samples': 0.5, 'max_features': 0.1, 'bootstrap': False, 'bootstrap_features': False}",COMPLETE
1372,0.574193548201873,2024-07-08 12:49:50.491038,2024-07-08 12:51:17.831056,0 days 00:01:27.340018,BaggingClassifier,Normalize_Max_0,BorderlineSMOTE,"[0, 0, 1, 0, 0, 1, 0, 1, 1, 0, 1, 1, 1, 0, 0, 1, 0, 0, 0, 0, 0, 1, 0, 1, 0, 1, 1, 1, 0, 0, 1, 0, 1, 0, 1, 0, 1, 0, 1, 1, 0, 1, 1, 1, 0, 0, 0, 0, 1]","{'n_estimators': 1000, 'max_samples': 0.5, 'max_features': 0.5, 'bootstrap': True, 'bootstrap_features': True}",COMPLETE
1373,0.7612903223350675,2024-07-08 12:49:52.596048,2024-07-08 12:50:23.691069,0 days 00:00:31.095021,BaggingClassifier,Normalize_L1_1,,"[1, 0, 1, 1, 1, 0, 0, 0, 0, 1, 1, 0, 0, 0, 0, 1, 1, 1, 0, 0, 0, 0, 0, 0, 0, 0, 1, 1, 1, 0, 0, 0, 1, 0, 0, 0, 0, 1, 1, 1, 1, 1, 1, 1, 1, 0, 1, 0, 0]","{'n_estimators': 200, 'max_samples': 1.0, 'max_features': 0.1, 'bootstrap': False, 'bootstrap_features': False}",COMPLETE
1374,0.5483870965972945,2024-07-08 12:49:54.547046,2024-07-08 12:50:56.361051,0 days 00:01:01.814005,BaggingClassifier,MinMaxScaler,SVMSMOTE,"[1, 0, 0, 1, 0, 0, 0, 0, 1, 1, 0, 1, 0, 1, 0, 1, 1, 1, 1, 0, 1, 1, 0, 1, 1, 0, 0, 0, 0, 0, 1, 0, 0, 0, 1, 1, 1, 1, 0, 1, 0, 0, 1, 0, 0, 1, 0, 0, 0]","{'n_estimators': 100, 'max_samples': 1.0, 'max_features': 0.5, 'bootstrap': True, 'bootstrap_features': True}",COMPLETE
1375,0.45806451598126946,2024-07-08 12:49:54.985088,2024-07-08 12:51:26.821058,0 days 00:01:31.835970,BaggingClassifier,Normalize_L1_1,SMOTE,"[0, 0, 1, 0, 0, 0, 1, 1, 0, 1, 0, 1, 0, 1, 0, 0, 1, 1, 0, 1, 0, 0, 0, 0, 0, 1, 1, 0, 1, 1, 1, 0, 0, 1, 0, 1, 0, 1, 0, 0, 1, 0, 1, 0, 0, 0, 1, 0, 0]","{'n_estimators': 50, 'max_samples': 0.5, 'max_features': 0.5, 'bootstrap': False, 'bootstrap_features': True}",COMPLETE
1376,0.7741935481373569,2024-07-08 12:49:55.712050,2024-07-08 12:50:55.412051,0 days 00:00:59.700001,BaggingClassifier,Normalize_L1_1,,"[0, 0, 0, 1, 0, 0, 0, 1, 1, 0, 0, 1, 1, 1, 1, 1, 1, 0, 0, 0, 1, 1, 1, 1, 0, 1, 1, 1, 1, 1, 0, 0, 0, 1, 1, 0, 1, 1, 0, 0, 1, 0, 0, 0, 1, 0, 1, 1, 0]","{'n_estimators': 500, 'max_samples': 0.5, 'max_features': 0.1, 'bootstrap': False, 'bootstrap_features': True}",COMPLETE
1377,0.7709677416867845,2024-07-08 12:49:56.643086,2024-07-08 12:50:49.391051,0 days 00:00:52.747965,BaggingClassifier,Normalize_L1_1,,"[0, 1, 0, 0, 0, 1, 0, 0, 1, 1, 0, 0, 0, 0, 0, 1, 1, 0, 0, 0, 0, 0, 0, 0, 0, 1, 1, 0, 0, 1, 1, 0, 0, 0, 1, 1, 1, 1, 0, 0, 0, 1, 0, 1, 0, 1, 1, 1, 1]","{'n_estimators': 50, 'max_samples': 1.0, 'max_features': 0.1, 'bootstrap': True, 'bootstrap_features': False}",COMPLETE
1378,0.7967741932913631,2024-07-08 12:49:56.924040,2024-07-08 12:50:31.041037,0 days 00:00:34.116997,BaggingClassifier,Normalize_L1_1,,"[0, 0, 0, 1, 0, 0, 1, 1, 0, 0, 0, 0, 1, 0, 0, 0, 0, 1, 0, 1, 0, 1, 0, 1, 1, 1, 0, 1, 1, 1, 1, 1, 0, 1, 0, 1, 0, 1, 0, 1, 0, 1, 1, 0, 0, 0, 0, 1, 1]","{'n_estimators': 10, 'max_samples': 0.1, 'max_features': 0.1, 'bootstrap': False, 'bootstrap_features': False}",COMPLETE
1379,0.6935483868730489,2024-07-08 12:49:57.427077,2024-07-08 12:50:39.720052,0 days 00:00:42.292975,BaggingClassifier,Normalize_Max_0,,"[1, 0, 1, 0, 0, 1, 0, 1, 0, 1, 0, 1, 1, 0, 1, 1, 1, 0, 0, 0, 1, 0, 1, 0, 0, 1, 0, 0, 1, 0, 1, 1, 1, 1, 1, 1, 0, 0, 1, 1, 0, 1, 0, 0, 1, 0, 1, 1, 1]","{'n_estimators': 200, 'max_samples': 0.5, 'max_features': 0.5, 'bootstrap': False, 'bootstrap_features': True}",COMPLETE
1380,0.7709677416867845,2024-07-08 12:49:57.753080,2024-07-08 12:50:43.082061,0 days 00:00:45.328981,BaggingClassifier,Normalize_L1_1,,"[0, 0, 1, 1, 0, 0, 0, 0, 1, 0, 1, 0, 0, 0, 0, 1, 0, 0, 0, 1, 1, 0, 0, 0, 0, 1, 0, 0, 1, 1, 1, 1, 0, 1, 1, 0, 0, 1, 0, 0, 1, 0, 1, 1, 0, 0, 1, 1, 1]","{'n_estimators': 500, 'max_samples': 0.5, 'max_features': 1.0, 'bootstrap': True, 'bootstrap_features': False}",COMPLETE
1381,0.6806451610707596,2024-07-08 12:49:58.393041,2024-07-08 12:50:43.079053,0 days 00:00:44.686012,BaggingClassifier,MinMaxScaler,,"[0, 0, 1, 0, 1, 0, 0, 0, 0, 0, 0, 0, 1, 1, 0, 0, 1, 1, 0, 0, 1, 1, 1, 0, 1, 1, 1, 0, 1, 1, 0, 1, 1, 1, 1, 1, 1, 0, 0, 1, 1, 0, 1, 1, 0, 0, 0, 0, 1]","{'n_estimators': 10, 'max_samples': 0.5, 'max_features': 0.5, 'bootstrap': True, 'bootstrap_features': False}",COMPLETE
1382,0.7709677416867845,2024-07-08 12:50:01.280088,2024-07-08 12:50:55.271051,0 days 00:00:53.990963,BaggingClassifier,Normalize_L1_1,,"[0, 0, 1, 0, 0, 0, 0, 1, 1, 0, 0, 0, 0, 1, 0, 1, 0, 0, 1, 0, 0, 1, 1, 0, 1, 1, 1, 1, 0, 1, 1, 1, 1, 1, 1, 1, 0, 1, 0, 1, 1, 0, 0, 1, 1, 0, 1, 1, 0]","{'n_estimators': 1000, 'max_samples': 0.5, 'max_features': 0.5, 'bootstrap': False, 'bootstrap_features': False}",COMPLETE
1383,0.7677419352362123,2024-07-08 12:50:03.337046,2024-07-08 12:50:28.154070,0 days 00:00:24.817024,BaggingClassifier,Normalize_L1_1,,"[1, 1, 0, 1, 0, 0, 1, 0, 0, 0, 1, 0, 0, 1, 0, 1, 1, 0, 1, 0, 1, 0, 1, 1, 1, 0, 0, 1, 1, 0, 1, 1, 0, 0, 1, 0, 1, 0, 0, 1, 1, 1, 0, 0, 1, 1, 0, 0, 1]","{'n_estimators': 100, 'max_samples': 0.5, 'max_features': 0.5, 'bootstrap': False, 'bootstrap_features': False}",COMPLETE
1384,0.7999999997419355,2024-07-08 12:50:04.216041,2024-07-08 12:50:47.161067,0 days 00:00:42.945026,BaggingClassifier,Normalize_L1_1,,"[0, 1, 1, 1, 0, 0, 1, 0, 1, 1, 0, 1, 0, 0, 1, 0, 0, 1, 1, 1, 1, 0, 0, 1, 0, 0, 1, 0, 0, 1, 0, 1, 1, 1, 1, 1, 0, 1, 0, 0, 0, 0, 0, 0, 1, 1, 1, 1, 1]","{'n_estimators': 1000, 'max_samples': 0.1, 'max_features': 0.5, 'bootstrap': False, 'bootstrap_features': True}",COMPLETE
1385,0.7935483868407908,2024-07-08 12:50:04.761043,2024-07-08 12:50:45.271051,0 days 00:00:40.510008,BaggingClassifier,Normalize_L1_1,,"[0, 1, 0, 1, 1, 1, 1, 1, 1, 0, 0, 0, 1, 1, 0, 0, 0, 0, 1, 1, 1, 0, 1, 0, 1, 1, 1, 1, 0, 1, 0, 0, 1, 0, 0, 1, 1, 1, 0, 1, 0, 1, 0, 1, 0, 0, 1, 0, 1]","{'n_estimators': 200, 'max_samples': 0.1, 'max_features': 0.5, 'bootstrap': True, 'bootstrap_features': False}",COMPLETE
1386,0.6612903223673257,2024-07-08 12:50:07.050039,2024-07-08 12:50:31.129037,0 days 00:00:24.078998,BaggingClassifier,Normalize_Max_0,,"[0, 1, 0, 0, 0, 1, 1, 0, 0, 1, 0, 1, 1, 1, 1, 0, 0, 0, 0, 0, 0, 0, 1, 0, 0, 1, 0, 0, 1, 0, 0, 1, 0, 1, 1, 0, 1, 0, 0, 0, 0, 1, 1, 0, 0, 0, 1, 1, 1]","{'n_estimators': 50, 'max_samples': 1.0, 'max_features': 0.5, 'bootstrap': True, 'bootstrap_features': True}",COMPLETE
1387,0.7870967739396462,2024-07-08 12:50:07.629049,2024-07-08 12:50:52.453051,0 days 00:00:44.824002,BaggingClassifier,MinMaxScaler,,"[1, 0, 1, 1, 1, 1, 0, 0, 0, 1, 1, 1, 0, 1, 0, 1, 0, 0, 0, 0, 1, 1, 1, 1, 0, 1, 0, 1, 0, 1, 1, 1, 0, 0, 0, 0, 0, 1, 0, 1, 1, 1, 1, 1, 0, 0, 1, 1, 0]","{'n_estimators': 100, 'max_samples': 0.1, 'max_features': 0.1, 'bootstrap': True, 'bootstrap_features': False}",COMPLETE
1388,0.45483870953069716,2024-07-08 12:50:08.168066,2024-07-08 12:50:43.458051,0 days 00:00:35.289985,BaggingClassifier,Normalize_L1_1,BorderlineSMOTE,"[0, 0, 1, 1, 0, 0, 1, 0, 1, 1, 0, 1, 1, 0, 0, 1, 0, 1, 0, 1, 1, 1, 1, 1, 0, 0, 1, 1, 0, 0, 1, 0, 1, 0, 0, 0, 0, 1, 0, 1, 1, 0, 0, 0, 1, 1, 1, 0, 1]","{'n_estimators': 50, 'max_samples': 0.5, 'max_features': 1.0, 'bootstrap': True, 'bootstrap_features': False}",COMPLETE
1389,0.5387096772455775,2024-07-08 12:50:08.503039,2024-07-08 12:50:42.597052,0 days 00:00:34.094013,BaggingClassifier,MinMaxScaler,BorderlineSMOTE,"[0, 0, 0, 1, 0, 0, 1, 0, 0, 0, 1, 0, 0, 0, 0, 0, 0, 0, 1, 0, 1, 1, 0, 1, 0, 1, 0, 1, 1, 1, 0, 1, 1, 0, 0, 1, 0, 1, 1, 1, 0, 0, 0, 1, 1, 0, 1, 1, 1]","{'n_estimators': 10, 'max_samples': 0.5, 'max_features': 1.0, 'bootstrap': True, 'bootstrap_features': False}",COMPLETE
1390,0.7612903223350675,2024-07-08 12:50:08.867038,2024-07-08 12:51:26.824057,0 days 00:01:17.957019,BaggingClassifier,Normalize_L1_1,,"[0, 1, 1, 0, 1, 0, 1, 1, 1, 0, 0, 1, 0, 0, 0, 0, 0, 0, 0, 0, 1, 0, 1, 1, 0, 1, 1, 1, 0, 1, 0, 0, 1, 1, 1, 0, 1, 0, 1, 0, 0, 1, 0, 1, 0, 0, 0, 0, 1]","{'n_estimators': 100, 'max_samples': 1.0, 'max_features': 0.5, 'bootstrap': True, 'bootstrap_features': True}",COMPLETE
1391,0.5161290320915712,2024-07-08 12:50:11.035037,2024-07-08 12:51:14.127053,0 days 00:01:03.092016,BaggingClassifier,MinMaxScaler,BorderlineSMOTE,"[0, 0, 1, 0, 0, 0, 0, 1, 0, 0, 1, 1, 1, 0, 0, 1, 0, 1, 0, 1, 0, 0, 1, 0, 1, 1, 0, 1, 1, 0, 0, 1, 0, 0, 0, 0, 0, 0, 1, 1, 1, 1, 1, 1, 0, 1, 1, 1, 1]","{'n_estimators': 1000, 'max_samples': 0.5, 'max_features': 0.1, 'bootstrap': False, 'bootstrap_features': True}",COMPLETE
1392,0.4612903224318418,2024-07-08 12:50:12.480039,2024-07-08 12:50:39.842051,0 days 00:00:27.362012,BaggingClassifier,Normalize_L1_1,BorderlineSMOTE,"[0, 0, 1, 1, 1, 0, 1, 0, 1, 1, 0, 1, 0, 1, 1, 0, 0, 0, 0, 1, 0, 0, 0, 0, 1, 1, 1, 0, 1, 1, 1, 0, 0, 1, 0, 1, 1, 0, 0, 1, 1, 0, 1, 1, 0, 1, 1, 0, 0]","{'n_estimators': 100, 'max_samples': 0.5, 'max_features': 1.0, 'bootstrap': True, 'bootstrap_features': True}",COMPLETE
1393,0.6612903223673257,2024-07-08 12:50:14.133038,2024-07-08 12:50:42.038051,0 days 00:00:27.905013,BaggingClassifier,MinMaxScaler,,"[1, 0, 0, 1, 1, 1, 1, 0, 1, 0, 1, 1, 0, 0, 0, 1, 1, 0, 0, 1, 1, 1, 1, 1, 0, 0, 0, 1, 1, 1, 1, 1, 1, 0, 1, 1, 0, 1, 0, 1, 1, 1, 1, 1, 0, 1, 1, 1, 1]","{'n_estimators': 10, 'max_samples': 0.5, 'max_features': 0.5, 'bootstrap': True, 'bootstrap_features': False}",COMPLETE
1394,0.5483870965972945,2024-07-08 12:50:14.637038,2024-07-08 12:50:56.494051,0 days 00:00:41.857013,BaggingClassifier,MinMaxScaler,BorderlineSMOTE,"[0, 1, 0, 1, 1, 0, 1, 0, 1, 0, 0, 1, 0, 1, 0, 1, 0, 0, 0, 1, 0, 1, 1, 1, 1, 1, 1, 1, 0, 0, 1, 1, 1, 1, 1, 1, 1, 0, 1, 1, 0, 1, 1, 0, 1, 0, 1, 0, 0]","{'n_estimators': 10, 'max_samples': 0.5, 'max_features': 0.1, 'bootstrap': True, 'bootstrap_features': False}",COMPLETE
1395,0.7129032255764828,2024-07-08 12:50:15.638038,2024-07-08 12:50:39.564051,0 days 00:00:23.926013,BaggingClassifier,Normalize_Max_0,,"[0, 1, 0, 1, 0, 0, 1, 0, 1, 1, 0, 0, 0, 0, 1, 0, 0, 1, 1, 0, 1, 0, 1, 0, 1, 0, 0, 0, 0, 1, 0, 0, 0, 0, 1, 0, 1, 1, 1, 0, 1, 1, 0, 0, 1, 1, 1, 0, 0]","{'n_estimators': 10, 'max_samples': 0.5, 'max_features': 0.1, 'bootstrap': True, 'bootstrap_features': True}",COMPLETE
1396,0.44193548372840785,2024-07-08 12:50:15.816038,2024-07-08 12:51:10.077054,0 days 00:00:54.261016,BaggingClassifier,Normalize_L1_1,BorderlineSMOTE,"[1, 1, 0, 1, 0, 0, 1, 1, 0, 1, 1, 0, 1, 0, 1, 1, 0, 1, 1, 0, 1, 1, 1, 0, 1, 0, 0, 1, 0, 0, 0, 0, 0, 1, 1, 1, 1, 1, 1, 1, 1, 0, 0, 0, 0, 1, 0, 1, 1]","{'n_estimators': 500, 'max_samples': 0.5, 'max_features': 1.0, 'bootstrap': True, 'bootstrap_features': True}",COMPLETE
1397,0.6064516127075962,2024-07-08 12:50:15.908058,2024-07-08 12:51:03.820053,0 days 00:00:47.911995,BaggingClassifier,Normalize_L1_1,SMOTETomek,"[0, 1, 1, 1, 0, 1, 1, 0, 0, 0, 1, 1, 0, 1, 0, 0, 0, 1, 0, 0, 0, 0, 0, 1, 1, 1, 1, 1, 0, 0, 0, 1, 1, 1, 0, 1, 0, 1, 1, 1, 1, 1, 0, 0, 0, 1, 1, 1, 0]","{'n_estimators': 100, 'max_samples': 0.1, 'max_features': 0.5, 'bootstrap': False, 'bootstrap_features': True}",COMPLETE
1398,0.0,2024-07-08 12:50:16.914045,2024-07-08 12:50:54.888052,0 days 00:00:37.974007,ExtraTreesClassifier,Normalize_L1_1,SMOTETomek,"[0, 0, 1, 1, 1, 0, 0, 0, 0, 0, 1, 1, 0, 1, 1, 0, 1, 0, 1, 0, 1, 0, 0, 1, 0, 0, 1, 0, 1, 0, 0, 0, 0, 0, 0, 1, 1, 1, 0, 1, 0, 0, 0, 1, 1, 0, 0, 1, 1]","{'n_estimators': 2000, 'max_features': 'auto', 'max_depth': 500, 'min_samples_split': 10, 'min_samples_leaf': 10, 'bootstrap': False}",COMPLETE
1399,0.4870967740364204,2024-07-08 12:50:17.301066,2024-07-08 12:50:39.937052,0 days 00:00:22.635986,BaggingClassifier,Normalize_L1_1,SVMSMOTE,"[1, 1, 0, 0, 1, 0, 0, 0, 0, 1, 1, 0, 1, 0, 0, 1, 0, 1, 0, 0, 1, 0, 0, 0, 0, 1, 1, 0, 0, 0, 1, 1, 1, 1, 0, 1, 0, 0, 0, 1, 0, 1, 0, 0, 0, 1, 1, 0, 1]","{'n_estimators': 50, 'max_samples': 0.5, 'max_features': 0.1, 'bootstrap': False, 'bootstrap_features': True}",COMPLETE
1400,0.5258064514432882,2024-07-08 12:50:18.971038,2024-07-08 12:50:52.459065,0 days 00:00:33.488027,BaggingClassifier,MinMaxScaler,BorderlineSMOTE,"[1, 0, 1, 0, 0, 1, 1, 1, 1, 1, 1, 0, 0, 0, 1, 1, 1, 1, 1, 0, 1, 0, 1, 0, 1, 1, 0, 0, 0, 1, 0, 1, 0, 1, 1, 0, 0, 1, 0, 0, 1, 0, 0, 1, 1, 1, 1, 0, 0]","{'n_estimators': 100, 'max_samples': 0.5, 'max_features': 1.0, 'bootstrap': False, 'bootstrap_features': True}",COMPLETE
1401,0.4096774192226847,2024-07-08 12:50:24.682067,2024-07-08 12:51:18.897053,0 days 00:00:54.214986,BaggingClassifier,Normalize_L1_1,SMOTETomek,"[1, 0, 0, 0, 1, 1, 1, 0, 0, 1, 1, 1, 1, 1, 0, 0, 0, 1, 0, 0, 1, 0, 0, 1, 1, 0, 0, 1, 0, 1, 1, 1, 1, 1, 1, 1, 0, 0, 0, 1, 0, 0, 1, 1, 0, 1, 1, 1, 1]","{'n_estimators': 500, 'max_samples': 1.0, 'max_features': 0.5, 'bootstrap': False, 'bootstrap_features': True}",COMPLETE
1402,0.4258064514755463,2024-07-08 12:50:26.119042,2024-07-08 12:51:09.173052,0 days 00:00:43.054010,BaggingClassifier,Normalize_L1_1,SMOTE,"[0, 1, 0, 1, 0, 0, 0, 1, 1, 0, 0, 0, 1, 1, 1, 0, 1, 1, 1, 0, 0, 0, 0, 0, 1, 1, 1, 0, 0, 0, 0, 0, 0, 1, 0, 0, 0, 0, 1, 0, 0, 1, 1, 0, 0, 1, 1, 1, 0]","{'n_estimators': 200, 'max_samples': 1.0, 'max_features': 0.5, 'bootstrap': True, 'bootstrap_features': True}",COMPLETE
