number,value,datetime_start,datetime_complete,duration,params_model,params_normTechnique,params_sampleTechnique,user_attrs_binIndices,user_attrs_hyperparams,state
1403,0.7645161287856399,2024-07-08 12:50:27.504043,2024-07-08 12:51:18.821053,0 days 00:00:51.317010,BaggingClassifier,Normalize_L1_1,,"[0, 1, 1, 0, 0, 0, 1, 0, 1, 0, 0, 1, 0, 1, 1, 1, 1, 1, 0, 1, 1, 0, 0, 0, 1, 1, 0, 1, 0, 0, 0, 1, 0, 0, 1, 1, 1, 0, 1, 0, 1, 0, 0, 0, 0, 1, 0, 1, 0]","{'n_estimators': 100, 'max_samples': 1.0, 'max_features': 0.5, 'bootstrap': True, 'bootstrap_features': False}",COMPLETE
1404,0.7999999997419355,2024-07-08 12:50:28.379039,2024-07-08 12:50:55.812054,0 days 00:00:27.433015,BaggingClassifier,Normalize_L1_1,,"[1, 1, 1, 0, 1, 1, 0, 1, 0, 1, 0, 0, 0, 0, 0, 1, 1, 0, 0, 0, 0, 1, 0, 1, 1, 1, 0, 0, 0, 0, 0, 0, 1, 1, 0, 1, 0, 1, 1, 1, 0, 1, 0, 1, 0, 0, 0, 0, 0]","{'n_estimators': 100, 'max_samples': 0.1, 'max_features': 0.1, 'bootstrap': True, 'bootstrap_features': True}",COMPLETE
1405,0.7677419352362123,2024-07-08 12:50:29.443038,2024-07-08 12:51:23.233055,0 days 00:00:53.790017,BaggingClassifier,Normalize_L1_1,,"[1, 1, 0, 0, 1, 1, 1, 0, 1, 0, 0, 1, 1, 1, 0, 1, 0, 0, 0, 1, 0, 0, 0, 1, 1, 0, 0, 0, 1, 1, 1, 1, 0, 0, 0, 0, 0, 0, 0, 1, 1, 1, 0, 1, 1, 0, 1, 0, 1]","{'n_estimators': 100, 'max_samples': 0.5, 'max_features': 0.1, 'bootstrap': True, 'bootstrap_features': False}",COMPLETE
1406,0.4290322579261186,2024-07-08 12:50:31.582038,2024-07-08 12:51:05.392055,0 days 00:00:33.810017,BaggingClassifier,Normalize_L1_1,SMOTE,"[0, 1, 1, 0, 0, 0, 0, 0, 0, 0, 0, 0, 1, 1, 1, 1, 1, 0, 0, 0, 1, 0, 0, 1, 0, 0, 0, 0, 1, 1, 0, 1, 1, 1, 0, 0, 1, 0, 0, 0, 1, 1, 0, 0, 0, 0, 0, 0, 0]","{'n_estimators': 200, 'max_samples': 1.0, 'max_features': 0.1, 'bootstrap': True, 'bootstrap_features': False}",COMPLETE
1407,0.7999999997419355,2024-07-08 12:50:33.019043,2024-07-08 12:51:28.516054,0 days 00:00:55.497011,BaggingClassifier,Normalize_L1_1,,"[1, 1, 0, 0, 1, 0, 1, 1, 1, 0, 0, 1, 0, 1, 1, 1, 1, 0, 1, 1, 0, 1, 0, 1, 0, 0, 1, 0, 0, 0, 0, 0, 0, 1, 1, 1, 0, 1, 1, 1, 1, 1, 1, 0, 1, 1, 1, 0, 0]","{'n_estimators': 1000, 'max_samples': 0.1, 'max_features': 1.0, 'bootstrap': True, 'bootstrap_features': True}",COMPLETE
1408,0.5903225804547346,2024-07-08 12:50:34.329050,2024-07-08 12:51:28.526052,0 days 00:00:54.197002,BaggingClassifier,Normalize_L1_1,SMOTE,"[0, 1, 1, 0, 0, 0, 1, 1, 1, 1, 0, 0, 0, 0, 0, 1, 1, 0, 0, 1, 0, 1, 1, 1, 1, 1, 1, 1, 1, 1, 0, 0, 0, 0, 1, 1, 1, 1, 1, 0, 1, 1, 0, 1, 1, 0, 1, 0, 0]","{'n_estimators': 100, 'max_samples': 0.1, 'max_features': 0.5, 'bootstrap': False, 'bootstrap_features': False}",COMPLETE
1409,0.3967741934203954,2024-07-08 12:50:34.830038,2024-07-08 12:50:55.824055,0 days 00:00:20.994017,BaggingClassifier,Normalize_L1_1,SMOTETomek,"[1, 0, 0, 1, 1, 1, 0, 0, 0, 0, 1, 0, 0, 0, 0, 1, 0, 0, 0, 0, 0, 0, 1, 1, 0, 1, 0, 0, 0, 1, 0, 1, 0, 0, 0, 1, 1, 1, 1, 1, 1, 1, 1, 1, 1, 0, 0, 1, 1]","{'n_estimators': 200, 'max_samples': 1.0, 'max_features': 0.1, 'bootstrap': False, 'bootstrap_features': False}",COMPLETE
1410,0.7967741932913631,2024-07-08 12:50:37.527052,2024-07-08 12:51:26.793057,0 days 00:00:49.266005,BaggingClassifier,Normalize_L1_1,,"[0, 0, 0, 0, 0, 1, 0, 0, 1, 0, 0, 1, 1, 1, 0, 1, 0, 1, 0, 1, 0, 1, 1, 1, 1, 0, 0, 1, 1, 1, 1, 0, 0, 0, 0, 0, 0, 0, 1, 0, 0, 0, 0, 1, 1, 1, 0, 0, 1]","{'n_estimators': 1000, 'max_samples': 0.1, 'max_features': 0.5, 'bootstrap': True, 'bootstrap_features': True}",COMPLETE
1411,0.42258064502497394,2024-07-08 12:50:37.732052,2024-07-08 12:51:29.387052,0 days 00:00:51.655000,BaggingClassifier,Normalize_L1_1,SMOTETomek,"[1, 1, 1, 0, 0, 0, 0, 0, 0, 0, 0, 0, 0, 1, 1, 0, 1, 0, 1, 1, 1, 1, 1, 0, 1, 1, 1, 1, 0, 1, 1, 1, 1, 0, 0, 0, 1, 1, 0, 1, 0, 1, 0, 1, 0, 0, 0, 1, 1]","{'n_estimators': 200, 'max_samples': 1.0, 'max_features': 1.0, 'bootstrap': True, 'bootstrap_features': True}",COMPLETE
1412,0.7709677416867845,2024-07-08 12:50:38.622051,2024-07-08 12:51:38.341056,0 days 00:00:59.719005,BaggingClassifier,Normalize_L1_1,,"[0, 1, 1, 0, 1, 0, 0, 1, 1, 0, 0, 0, 1, 1, 0, 0, 0, 0, 0, 1, 0, 1, 1, 1, 0, 0, 0, 0, 0, 1, 0, 0, 0, 1, 1, 1, 0, 1, 1, 0, 1, 1, 1, 0, 0, 0, 0, 0, 1]","{'n_estimators': 1000, 'max_samples': 0.5, 'max_features': 1.0, 'bootstrap': False, 'bootstrap_features': True}",COMPLETE
1413,0.45483870953069716,2024-07-08 12:50:39.410057,2024-07-08 12:51:11.567054,0 days 00:00:32.156997,BaggingClassifier,Normalize_L1_1,SMOTE,"[1, 0, 1, 1, 0, 0, 0, 1, 0, 1, 0, 1, 1, 1, 0, 0, 1, 0, 1, 0, 1, 1, 0, 0, 0, 1, 1, 1, 0, 0, 1, 0, 1, 1, 1, 1, 0, 0, 1, 1, 0, 1, 1, 0, 0, 1, 1, 1, 1]","{'n_estimators': 100, 'max_samples': 0.5, 'max_features': 0.5, 'bootstrap': True, 'bootstrap_features': False}",COMPLETE
1414,0.36129032246409987,2024-07-08 12:50:39.623079,2024-07-08 12:51:28.758055,0 days 00:00:49.134976,BaggingClassifier,Normalize_L1_1,SMOTE,"[0, 0, 0, 1, 0, 0, 1, 0, 0, 0, 0, 0, 1, 1, 1, 1, 0, 1, 0, 0, 1, 0, 0, 0, 1, 0, 0, 0, 0, 1, 0, 0, 0, 1, 1, 1, 0, 0, 1, 0, 1, 1, 0, 1, 1, 1, 1, 1, 0]","{'n_estimators': 1000, 'max_samples': 1.0, 'max_features': 0.1, 'bootstrap': False, 'bootstrap_features': True}",COMPLETE
1415,0.4451612901789802,2024-07-08 12:50:41.613051,2024-07-08 12:51:37.711080,0 days 00:00:56.098029,BaggingClassifier,Normalize_L1_1,SMOTE,"[0, 0, 0, 0, 1, 1, 0, 0, 0, 1, 0, 1, 1, 1, 1, 1, 1, 0, 0, 1, 0, 1, 0, 1, 1, 1, 1, 1, 1, 1, 0, 1, 1, 1, 0, 0, 0, 0, 0, 1, 0, 0, 1, 1, 1, 1, 0, 0, 0]","{'n_estimators': 1000, 'max_samples': 0.5, 'max_features': 1.0, 'bootstrap': True, 'bootstrap_features': True}",COMPLETE
1416,0.7645161287856399,2024-07-08 12:50:41.848052,2024-07-08 12:51:23.077053,0 days 00:00:41.229001,BaggingClassifier,Normalize_L1_1,,"[0, 1, 1, 0, 0, 1, 0, 0, 1, 1, 0, 1, 0, 1, 0, 1, 0, 0, 0, 0, 1, 0, 0, 1, 1, 0, 1, 1, 0, 1, 0, 0, 1, 0, 0, 0, 1, 1, 1, 1, 0, 1, 0, 0, 1, 1, 0, 0, 1]","{'n_estimators': 50, 'max_samples': 1.0, 'max_features': 1.0, 'bootstrap': False, 'bootstrap_features': False}",COMPLETE
1417,0.7999999997419355,2024-07-08 12:50:42.215051,2024-07-08 12:51:37.648053,0 days 00:00:55.433002,ExtraTreesClassifier,Normalize_L1_1,,"[0, 1, 1, 0, 1, 1, 0, 0, 1, 0, 0, 1, 1, 1, 1, 1, 1, 1, 0, 1, 1, 1, 1, 1, 0, 0, 0, 0, 0, 0, 0, 0, 1, 0, 1, 0, 1, 1, 0, 1, 0, 0, 0, 0, 0, 1, 1, 0, 0]","{'n_estimators': 50, 'max_features': 'sqrt', 'max_depth': 500, 'min_samples_split': 200, 'min_samples_leaf': 10, 'bootstrap': False}",COMPLETE
1418,0.7709677416867845,2024-07-08 12:50:42.853051,2024-07-08 12:51:41.185051,0 days 00:00:58.332000,BaggingClassifier,Normalize_L1_1,,"[0, 0, 1, 0, 0, 1, 1, 1, 1, 0, 1, 0, 1, 0, 0, 0, 0, 1, 1, 1, 1, 1, 0, 0, 0, 0, 0, 0, 0, 0, 0, 1, 0, 1, 0, 1, 1, 1, 1, 1, 1, 0, 0, 1, 0, 1, 1, 0, 1]","{'n_estimators': 1000, 'max_samples': 0.5, 'max_features': 0.1, 'bootstrap': False, 'bootstrap_features': False}",COMPLETE
1419,0.754838709433923,2024-07-08 12:50:43.350057,2024-07-08 12:52:00.896056,0 days 00:01:17.545999,BaggingClassifier,Normalize_L1_1,TomekLinks,"[0, 0, 1, 0, 1, 1, 0, 0, 1, 1, 1, 1, 0, 1, 0, 0, 1, 0, 0, 0, 0, 1, 1, 1, 0, 1, 0, 1, 0, 1, 1, 1, 1, 1, 0, 0, 0, 1, 1, 0, 0, 0, 1, 0, 1, 0, 1, 0, 1]","{'n_estimators': 500, 'max_samples': 0.5, 'max_features': 0.1, 'bootstrap': False, 'bootstrap_features': False}",COMPLETE
1420,0.7709677416867845,2024-07-08 12:50:45.102051,2024-07-08 12:51:33.393055,0 days 00:00:48.291004,ExtraTreesClassifier,Normalize_L1_1,,"[0, 0, 0, 0, 0, 1, 0, 1, 0, 1, 1, 1, 1, 1, 0, 1, 1, 1, 0, 1, 0, 0, 0, 1, 1, 0, 0, 0, 1, 1, 0, 0, 0, 1, 1, 1, 0, 0, 1, 0, 0, 1, 0, 0, 0, 1, 1, 1, 1]","{'n_estimators': 10, 'max_features': 'log2', 'max_depth': None, 'min_samples_split': 10, 'min_samples_leaf': 1, 'bootstrap': True}",COMPLETE
1421,0.754838709433923,2024-07-08 12:50:47.638052,2024-07-08 12:51:28.848054,0 days 00:00:41.210002,BaggingClassifier,Normalize_L1_1,,"[0, 1, 0, 1, 0, 1, 0, 1, 1, 0, 1, 1, 1, 1, 1, 0, 0, 1, 1, 1, 1, 1, 0, 0, 0, 1, 0, 0, 0, 0, 0, 0, 0, 1, 0, 0, 0, 1, 0, 1, 0, 1, 1, 0, 1, 1, 0, 1, 1]","{'n_estimators': 10, 'max_samples': 0.1, 'max_features': 1.0, 'bootstrap': False, 'bootstrap_features': False}",COMPLETE
1422,0.7967741932913631,2024-07-08 12:50:49.790052,2024-07-08 12:51:32.592057,0 days 00:00:42.802005,BaggingClassifier,Normalize_L1_1,,"[0, 1, 0, 0, 1, 0, 1, 1, 1, 1, 1, 1, 1, 1, 1, 1, 0, 0, 1, 0, 1, 1, 0, 1, 0, 1, 1, 0, 1, 0, 1, 0, 0, 1, 1, 0, 0, 1, 1, 1, 0, 1, 1, 1, 1, 0, 0, 1, 0]","{'n_estimators': 1000, 'max_samples': 0.1, 'max_features': 0.5, 'bootstrap': True, 'bootstrap_features': True}",COMPLETE
1423,0.7709677416867845,2024-07-08 12:50:52.979052,2024-07-08 12:51:41.031078,0 days 00:00:48.052026,BaggingClassifier,Normalize_L1_1,,"[1, 1, 0, 1, 0, 1, 1, 1, 0, 0, 1, 1, 1, 1, 1, 1, 1, 1, 1, 0, 1, 0, 1, 1, 1, 0, 0, 1, 0, 1, 1, 1, 0, 1, 0, 0, 1, 0, 0, 1, 1, 0, 1, 1, 1, 0, 1, 1, 0]","{'n_estimators': 50, 'max_samples': 1.0, 'max_features': 0.1, 'bootstrap': True, 'bootstrap_features': False}",COMPLETE
1424,0.7806451610385015,2024-07-08 12:50:54.828051,2024-07-08 12:51:39.049052,0 days 00:00:44.221001,BaggingClassifier,Normalize_L1_1,,"[0, 1, 1, 0, 0, 1, 0, 0, 1, 0, 0, 0, 0, 0, 0, 1, 1, 0, 0, 1, 0, 0, 0, 1, 1, 1, 0, 0, 1, 0, 0, 1, 0, 0, 1, 0, 0, 0, 0, 1, 1, 1, 1, 1, 0, 0, 1, 0, 1]","{'n_estimators': 50, 'max_samples': 0.5, 'max_features': 0.1, 'bootstrap': True, 'bootstrap_features': True}",COMPLETE
1425,0.8064516126430801,2024-07-08 12:50:55.067051,2024-07-08 12:51:28.754050,0 days 00:00:33.686999,BaggingClassifier,Normalize_L1_1,,"[0, 0, 1, 1, 1, 0, 1, 0, 1, 1, 0, 0, 0, 0, 1, 1, 0, 1, 0, 0, 0, 1, 1, 0, 0, 1, 1, 0, 0, 1, 0, 0, 0, 0, 0, 1, 0, 1, 0, 1, 0, 0, 0, 0, 0, 0, 1, 0, 1]","{'n_estimators': 100, 'max_samples': 0.1, 'max_features': 0.5, 'bootstrap': False, 'bootstrap_features': False}",COMPLETE
1426,0.7483870965327784,2024-07-08 12:50:55.176051,2024-07-08 12:51:39.011055,0 days 00:00:43.835004,BaggingClassifier,Normalize_L1_1,TomekLinks,"[0, 0, 0, 0, 0, 1, 1, 0, 0, 0, 0, 0, 0, 0, 0, 0, 1, 1, 1, 0, 1, 0, 0, 0, 0, 0, 1, 1, 0, 0, 0, 1, 0, 0, 1, 0, 1, 0, 0, 0, 0, 0, 0, 1, 0, 0, 1, 1, 0]","{'n_estimators': 10, 'max_samples': 1.0, 'max_features': 1.0, 'bootstrap': True, 'bootstrap_features': True}",COMPLETE
1427,0.7483870965327784,2024-07-08 12:50:58.067052,2024-07-08 12:51:42.339052,0 days 00:00:44.272000,BaggingClassifier,Normalize_L1_1,TomekLinks,"[0, 0, 1, 0, 0, 1, 1, 0, 0, 0, 0, 0, 0, 0, 0, 1, 0, 1, 0, 0, 1, 1, 1, 1, 0, 0, 1, 0, 0, 0, 0, 1, 1, 0, 0, 1, 1, 1, 1, 0, 1, 1, 1, 0, 0, 1, 0, 1, 0]","{'n_estimators': 500, 'max_samples': 1.0, 'max_features': 0.1, 'bootstrap': False, 'bootstrap_features': False}",COMPLETE
1428,0.7935483868407908,2024-07-08 12:50:59.357054,2024-07-08 12:51:32.834056,0 days 00:00:33.477002,ExtraTreesClassifier,Normalize_L1_1,,"[1, 1, 0, 0, 0, 1, 1, 0, 0, 0, 1, 0, 1, 0, 1, 1, 1, 0, 0, 0, 0, 0, 1, 1, 1, 0, 0, 1, 1, 1, 0, 0, 1, 0, 0, 0, 1, 0, 1, 0, 0, 1, 1, 1, 0, 1, 1, 1, 0]","{'n_estimators': 50, 'max_features': 'sqrt', 'max_depth': 10, 'min_samples_split': 100, 'min_samples_leaf': 100, 'bootstrap': True}",COMPLETE
1429,0.7838709674890738,2024-07-08 12:51:01.360097,2024-07-08 12:51:37.639052,0 days 00:00:36.278955,BaggingClassifier,Normalize_L1_1,TomekLinks,"[1, 1, 0, 1, 1, 0, 0, 1, 0, 0, 0, 1, 1, 0, 0, 1, 0, 0, 1, 1, 1, 1, 0, 1, 0, 0, 0, 0, 0, 0, 1, 0, 1, 0, 1, 0, 1, 0, 1, 1, 0, 1, 0, 1, 0, 1, 1, 0, 0]","{'n_estimators': 10, 'max_samples': 0.1, 'max_features': 0.1, 'bootstrap': False, 'bootstrap_features': True}",COMPLETE
1430,0.7322580642799167,2024-07-08 12:51:03.531056,2024-07-08 12:52:01.852055,0 days 00:00:58.320999,BaggingClassifier,Normalize_L1_1,TomekLinks,"[1, 1, 1, 0, 1, 0, 1, 1, 1, 0, 1, 1, 1, 0, 0, 0, 1, 0, 0, 1, 1, 1, 0, 1, 1, 1, 0, 0, 1, 0, 1, 1, 1, 1, 1, 0, 0, 0, 1, 1, 0, 1, 0, 1, 1, 1, 0, 1, 1]","{'n_estimators': 50, 'max_samples': 1.0, 'max_features': 1.0, 'bootstrap': True, 'bootstrap_features': True}",COMPLETE
1431,0.7645161287856399,2024-07-08 12:51:03.968080,2024-07-08 12:52:00.367056,0 days 00:00:56.398976,BaggingClassifier,Normalize_L1_1,,"[0, 1, 1, 0, 1, 0, 0, 0, 1, 1, 1, 0, 1, 0, 1, 1, 1, 1, 1, 0, 1, 0, 1, 0, 1, 0, 1, 1, 0, 0, 0, 1, 1, 0, 0, 0, 0, 1, 1, 1, 0, 0, 0, 0, 0, 0, 0, 0, 0]","{'n_estimators': 500, 'max_samples': 1.0, 'max_features': 1.0, 'bootstrap': True, 'bootstrap_features': False}",COMPLETE
1432,0.6290322578616024,2024-07-08 12:51:04.957057,2024-07-08 12:52:12.910549,0 days 00:01:07.953492,BaggingClassifier,MaxAbsScaler,,"[1, 1, 0, 1, 1, 1, 0, 0, 0, 0, 0, 1, 1, 0, 0, 1, 1, 1, 0, 0, 0, 0, 0, 1, 1, 1, 1, 0, 0, 1, 0, 1, 1, 0, 0, 0, 1, 1, 1, 0, 0, 1, 0, 0, 0, 1, 0, 0, 0]","{'n_estimators': 100, 'max_samples': 0.5, 'max_features': 0.5, 'bootstrap': False, 'bootstrap_features': True}",COMPLETE
1433,0.7645161287856399,2024-07-08 12:51:06.963055,2024-07-08 12:52:03.448051,0 days 00:00:56.484996,BaggingClassifier,Normalize_L1_1,,"[0, 0, 0, 0, 0, 1, 0, 1, 1, 0, 0, 0, 1, 0, 0, 1, 0, 1, 0, 0, 0, 0, 0, 0, 0, 1, 0, 0, 0, 1, 1, 1, 0, 0, 0, 1, 0, 0, 1, 1, 0, 0, 0, 0, 0, 1, 1, 1, 0]","{'n_estimators': 100, 'max_samples': 1.0, 'max_features': 0.5, 'bootstrap': False, 'bootstrap_features': False}",COMPLETE
1434,0.7709677416867845,2024-07-08 12:51:08.765052,2024-07-08 12:51:59.955052,0 days 00:00:51.190000,BaggingClassifier,Normalize_L1_1,,"[1, 1, 0, 1, 1, 0, 0, 1, 0, 1, 1, 1, 0, 1, 0, 0, 1, 0, 0, 0, 1, 1, 1, 1, 1, 1, 0, 1, 0, 0, 0, 0, 1, 0, 0, 1, 1, 1, 1, 0, 1, 1, 0, 1, 0, 0, 0, 1, 0]","{'n_estimators': 200, 'max_samples': 0.5, 'max_features': 0.1, 'bootstrap': False, 'bootstrap_features': True}",COMPLETE
1435,0.7483870965327784,2024-07-08 12:51:12.719079,2024-07-08 12:51:37.770055,0 days 00:00:25.050976,BaggingClassifier,Normalize_L1_1,TomekLinks,"[1, 1, 1, 1, 0, 1, 0, 1, 0, 0, 0, 0, 0, 0, 1, 0, 0, 1, 0, 1, 0, 0, 0, 1, 0, 0, 1, 0, 1, 1, 1, 0, 1, 1, 0, 0, 0, 1, 0, 1, 0, 1, 1, 1, 1, 1, 0, 1, 1]","{'n_estimators': 10, 'max_samples': 1.0, 'max_features': 0.5, 'bootstrap': False, 'bootstrap_features': False}",COMPLETE
1436,0.7677419352362123,2024-07-08 12:51:14.790055,2024-07-08 12:51:41.181052,0 days 00:00:26.390997,BaggingClassifier,Normalize_L1_1,TomekLinks,"[0, 0, 0, 1, 1, 1, 1, 1, 0, 1, 1, 1, 0, 0, 1, 0, 1, 0, 1, 1, 0, 0, 1, 1, 1, 0, 1, 0, 0, 0, 1, 0, 0, 0, 1, 0, 0, 1, 0, 1, 0, 1, 0, 1, 0, 1, 0, 0, 1]","{'n_estimators': 10, 'max_samples': 0.1, 'max_features': 0.5, 'bootstrap': True, 'bootstrap_features': False}",COMPLETE
1437,0.745161290082206,2024-07-08 12:51:17.700052,2024-07-08 12:52:10.134053,0 days 00:00:52.434001,BaggingClassifier,Normalize_L1_1,TomekLinks,"[0, 0, 1, 1, 0, 1, 0, 0, 0, 0, 0, 1, 0, 0, 1, 0, 1, 1, 1, 0, 0, 1, 1, 0, 0, 0, 0, 1, 0, 1, 0, 1, 1, 0, 0, 1, 1, 1, 1, 0, 1, 1, 1, 0, 0, 0, 0, 0, 0]","{'n_estimators': 200, 'max_samples': 1.0, 'max_features': 1.0, 'bootstrap': True, 'bootstrap_features': True}",COMPLETE
1438,0.23548387089177938,2024-07-08 12:51:19.107052,2024-07-08 12:52:00.317053,0 days 00:00:41.210001,AdaBoostClassifier,Normalize_L1_1,,"[0, 0, 1, 0, 0, 1, 0, 1, 1, 1, 1, 0, 0, 1, 0, 1, 0, 0, 0, 0, 1, 0, 0, 0, 0, 0, 1, 0, 1, 0, 1, 1, 0, 0, 1, 1, 0, 1, 1, 1, 1, 0, 1, 1, 1, 1, 0, 1, 0]","{'n_estimators': 10, 'learning_rate': 10.0, 'algorithm': 'SAMME.R'}",COMPLETE
1439,0.7483870965327784,2024-07-08 12:51:22.821052,2024-07-08 12:51:53.055070,0 days 00:00:30.234018,BaggingClassifier,Normalize_L1_1,TomekLinks,"[1, 1, 1, 0, 0, 0, 1, 0, 1, 0, 1, 1, 1, 0, 0, 0, 0, 1, 0, 0, 0, 1, 0, 1, 0, 1, 0, 1, 0, 1, 1, 0, 0, 1, 1, 1, 1, 1, 0, 0, 1, 0, 1, 1, 0, 0, 0, 0, 0]","{'n_estimators': 500, 'max_samples': 0.5, 'max_features': 0.5, 'bootstrap': False, 'bootstrap_features': False}",COMPLETE
1440,0.745161290082206,2024-07-08 12:51:23.343055,2024-07-08 12:52:15.465592,0 days 00:00:52.122537,BaggingClassifier,Normalize_L1_1,TomekLinks,"[0, 0, 1, 1, 0, 0, 1, 0, 1, 0, 1, 1, 0, 0, 1, 0, 1, 0, 1, 1, 0, 0, 0, 1, 0, 1, 1, 0, 1, 1, 0, 0, 0, 0, 1, 1, 1, 0, 1, 0, 0, 1, 1, 0, 0, 0, 0, 0, 0]","{'n_estimators': 1000, 'max_samples': 1.0, 'max_features': 1.0, 'bootstrap': False, 'bootstrap_features': False}",COMPLETE
1441,0.7903225803902184,2024-07-08 12:51:25.327083,2024-07-08 12:51:46.707055,0 days 00:00:21.379972,BaggingClassifier,Normalize_L1_1,,"[1, 0, 1, 0, 1, 0, 0, 1, 1, 1, 1, 0, 0, 1, 0, 0, 0, 1, 0, 0, 1, 1, 0, 1, 0, 0, 0, 0, 0, 1, 0, 0, 1, 1, 0, 1, 0, 0, 0, 0, 1, 0, 0, 0, 0, 0, 1, 0, 0]","{'n_estimators': 100, 'max_samples': 0.1, 'max_features': 1.0, 'bootstrap': False, 'bootstrap_features': True}",COMPLETE
1442,0.7645161287856399,2024-07-08 12:51:25.519052,2024-07-08 12:52:05.969052,0 days 00:00:40.450000,BaggingClassifier,Normalize_L1_1,,"[1, 0, 0, 0, 1, 0, 1, 1, 0, 0, 0, 1, 0, 1, 1, 0, 0, 1, 0, 0, 0, 1, 0, 0, 0, 1, 0, 0, 0, 1, 1, 1, 0, 0, 0, 0, 1, 1, 0, 0, 0, 1, 1, 1, 0, 1, 1, 0, 0]","{'n_estimators': 100, 'max_samples': 0.5, 'max_features': 0.5, 'bootstrap': False, 'bootstrap_features': False}",COMPLETE
1443,0.7709677416867845,2024-07-08 12:51:26.158066,2024-07-08 12:52:01.281052,0 days 00:00:35.122986,BaggingClassifier,Normalize_L1_1,,"[0, 0, 1, 0, 0, 1, 1, 0, 0, 1, 0, 0, 1, 0, 0, 1, 1, 0, 1, 0, 0, 0, 1, 0, 1, 1, 0, 1, 0, 0, 1, 0, 1, 0, 0, 1, 1, 0, 0, 1, 1, 1, 0, 1, 1, 0, 0, 1, 1]","{'n_estimators': 500, 'max_samples': 0.5, 'max_features': 0.5, 'bootstrap': True, 'bootstrap_features': True}",COMPLETE
1444,0.7645161287856399,2024-07-08 12:51:27.700054,2024-07-08 12:51:59.981056,0 days 00:00:32.281002,BaggingClassifier,Normalize_L1_1,,"[0, 0, 1, 0, 0, 0, 1, 0, 1, 0, 0, 1, 1, 0, 1, 0, 0, 0, 0, 1, 0, 1, 1, 1, 0, 0, 1, 0, 0, 1, 0, 0, 0, 0, 0, 1, 1, 0, 1, 1, 0, 0, 1, 1, 1, 0, 0, 1, 1]","{'n_estimators': 200, 'max_samples': 1.0, 'max_features': 0.5, 'bootstrap': True, 'bootstrap_features': True}",COMPLETE
1445,0.7806451610385015,2024-07-08 12:51:28.371054,2024-07-08 12:52:02.054055,0 days 00:00:33.683001,BaggingClassifier,Normalize_L1_1,,"[0, 1, 1, 1, 1, 0, 0, 0, 0, 0, 1, 1, 1, 0, 1, 0, 1, 1, 1, 0, 1, 0, 0, 0, 0, 1, 0, 1, 0, 0, 0, 1, 0, 1, 1, 0, 0, 0, 0, 0, 1, 0, 0, 0, 1, 0, 1, 1, 0]","{'n_estimators': 100, 'max_samples': 0.5, 'max_features': 0.1, 'bootstrap': False, 'bootstrap_features': False}",COMPLETE
1446,0.7612903223350675,2024-07-08 12:51:28.583052,2024-07-08 12:51:55.148080,0 days 00:00:26.565028,BaggingClassifier,Normalize_L1_1,,"[0, 1, 1, 0, 0, 0, 1, 0, 1, 1, 0, 0, 1, 1, 1, 1, 1, 1, 1, 0, 1, 1, 1, 1, 1, 1, 1, 0, 1, 0, 1, 0, 0, 1, 1, 1, 0, 0, 1, 0, 1, 0, 1, 1, 0, 1, 1, 1, 1]","{'n_estimators': 100, 'max_samples': 1.0, 'max_features': 0.5, 'bootstrap': True, 'bootstrap_features': True}",COMPLETE
1447,0.7612903223350675,2024-07-08 12:51:28.667052,2024-07-08 12:52:26.800591,0 days 00:00:58.133539,BaggingClassifier,Normalize_L1_1,,"[1, 1, 1, 0, 0, 1, 0, 1, 1, 1, 0, 1, 0, 1, 1, 1, 1, 1, 0, 1, 0, 1, 1, 0, 0, 0, 1, 0, 0, 0, 0, 0, 0, 0, 1, 1, 1, 0, 0, 0, 0, 1, 0, 1, 0, 0, 0, 0, 0]","{'n_estimators': 1000, 'max_samples': 1.0, 'max_features': 0.5, 'bootstrap': False, 'bootstrap_features': True}",COMPLETE
1448,0.7580645158844953,2024-07-08 12:51:28.897054,2024-07-08 12:52:00.507069,0 days 00:00:31.610015,BaggingClassifier,Normalize_L1_1,,"[1, 1, 1, 1, 1, 0, 0, 1, 0, 1, 1, 0, 0, 1, 0, 0, 0, 0, 1, 0, 1, 1, 0, 0, 1, 1, 1, 1, 1, 0, 0, 1, 0, 1, 0, 0, 0, 1, 1, 0, 0, 0, 1, 0, 0, 0, 0, 1, 1]","{'n_estimators': 100, 'max_samples': 1.0, 'max_features': 1.0, 'bootstrap': True, 'bootstrap_features': False}",COMPLETE
1449,0.49677419338813733,2024-07-08 12:51:28.956052,2024-07-08 12:52:13.159548,0 days 00:00:44.203496,BaggingClassifier,Normalize_L1_1,SMOTEENN,"[1, 1, 1, 0, 0, 0, 1, 1, 0, 0, 1, 1, 0, 0, 1, 0, 1, 1, 0, 0, 0, 1, 1, 1, 0, 0, 1, 0, 0, 0, 0, 1, 0, 0, 0, 0, 1, 0, 0, 1, 0, 1, 1, 1, 1, 0, 1, 0, 0]","{'n_estimators': 500, 'max_samples': 0.5, 'max_features': 0.1, 'bootstrap': True, 'bootstrap_features': True}",COMPLETE
1450,0.6290322578616024,2024-07-08 12:51:32.203060,2024-07-08 12:52:33.673619,0 days 00:01:01.470559,BaggingClassifier,MaxAbsScaler,,"[0, 1, 1, 0, 0, 0, 1, 0, 1, 0, 0, 0, 1, 1, 1, 0, 1, 1, 0, 1, 0, 0, 1, 1, 1, 0, 1, 0, 1, 0, 1, 1, 1, 0, 1, 0, 0, 1, 0, 0, 1, 0, 1, 0, 1, 0, 0, 0, 1]","{'n_estimators': 500, 'max_samples': 1.0, 'max_features': 1.0, 'bootstrap': True, 'bootstrap_features': False}",COMPLETE
1451,0.7935483868407908,2024-07-08 12:51:32.428064,2024-07-08 12:52:00.891051,0 days 00:00:28.462987,AdaBoostClassifier,Normalize_L1_1,,"[1, 0, 1, 0, 0, 1, 0, 0, 1, 0, 1, 1, 0, 1, 1, 0, 0, 1, 0, 0, 0, 1, 0, 1, 1, 0, 0, 0, 0, 1, 0, 1, 1, 0, 0, 0, 1, 1, 0, 0, 1, 0, 1, 0, 0, 0, 0, 0, 1]","{'n_estimators': 10, 'learning_rate': 0.1, 'algorithm': 'SAMME.R'}",COMPLETE
1452,0.7999999997419355,2024-07-08 12:51:33.245057,2024-07-08 12:52:09.749055,0 days 00:00:36.503998,BaggingClassifier,Normalize_L1_1,,"[1, 1, 1, 0, 0, 0, 0, 1, 1, 0, 1, 1, 1, 0, 1, 1, 0, 0, 0, 0, 0, 1, 0, 0, 1, 1, 1, 1, 0, 0, 0, 1, 1, 0, 0, 0, 1, 0, 1, 1, 0, 0, 0, 1, 1, 0, 0, 1, 0]","{'n_estimators': 1000, 'max_samples': 0.1, 'max_features': 0.5, 'bootstrap': False, 'bootstrap_features': True}",COMPLETE
1453,0.7935483868407908,2024-07-08 12:51:33.994098,2024-07-08 12:52:12.282051,0 days 00:00:38.287953,AdaBoostClassifier,Normalize_L1_1,,"[0, 0, 0, 1, 1, 0, 1, 0, 1, 0, 1, 1, 0, 0, 1, 1, 0, 0, 0, 1, 1, 0, 0, 0, 1, 0, 0, 1, 0, 1, 1, 1, 0, 0, 1, 1, 0, 0, 0, 1, 1, 0, 0, 0, 1, 0, 1, 0, 1]","{'n_estimators': 200, 'learning_rate': 10.0, 'algorithm': 'SAMME'}",COMPLETE
1454,0.7935483868407908,2024-07-08 12:51:34.792054,2024-07-08 12:52:12.131081,0 days 00:00:37.339027,AdaBoostClassifier,Normalize_L1_1,,"[0, 1, 0, 1, 1, 0, 1, 1, 0, 0, 1, 0, 1, 1, 0, 0, 1, 0, 0, 1, 1, 1, 1, 0, 0, 1, 0, 1, 0, 0, 0, 0, 0, 0, 1, 0, 1, 0, 0, 0, 1, 0, 0, 1, 1, 1, 0, 1, 0]","{'n_estimators': 50, 'learning_rate': 1.0, 'algorithm': 'SAMME.R'}",COMPLETE
1455,0.7774193545879292,2024-07-08 12:51:35.967050,2024-07-08 12:52:00.067080,0 days 00:00:24.100030,BaggingClassifier,Normalize_L1_1,,"[1, 0, 1, 1, 1, 0, 1, 0, 0, 1, 1, 1, 0, 1, 1, 0, 0, 0, 1, 1, 1, 0, 1, 1, 1, 0, 0, 1, 0, 1, 0, 1, 1, 0, 0, 0, 1, 1, 1, 1, 1, 0, 1, 0, 0, 1, 0, 1, 0]","{'n_estimators': 100, 'max_samples': 0.5, 'max_features': 0.1, 'bootstrap': True, 'bootstrap_features': False}",COMPLETE
