number,value,datetime_start,datetime_complete,duration,params_model,params_normTechnique,params_sampleTechnique,user_attrs_binIndices,user_attrs_hyperparams,state
1889,0.0,2024-07-08 12:58:35.145243,2024-07-08 12:59:18.002242,0 days 00:00:42.856999,SVC,Normalize_L1_1,BorderlineSMOTE,"[1, 1, 0, 1, 1, 0, 0, 0, 0, 1, 1, 0, 0, 1, 0, 1, 1, 1, 1, 1, 0, 0, 0, 0, 1, 1, 0, 1, 0, 1, 1, 1, 1, 0, 0, 1, 1, 0, 1, 0, 1, 0, 0, 1, 0, 0, 0, 1, 1]","{'C': 10.0, 'kernel': 'sigmoid', 'degree': 5, 'gamma': '1', 'coef0': 1.0, 'shrinking': False, 'probability': False, 'class_weight': None, 'decision_function_shape': 'ovr'}",COMPLETE
1890,0.7935483868407908,2024-07-08 12:58:35.429245,2024-07-08 12:59:09.936242,0 days 00:00:34.506997,SVC,Normalize_L1_1,,"[1, 1, 0, 0, 0, 0, 1, 0, 0, 1, 1, 0, 0, 1, 0, 1, 1, 0, 1, 0, 0, 1, 0, 0, 0, 0, 1, 0, 1, 0, 0, 0, 1, 1, 0, 0, 0, 1, 0, 0, 1, 0, 1, 1, 0, 1, 1, 1, 0]","{'C': 1.0, 'kernel': 'linear', 'degree': 5, 'gamma': 'scale', 'coef0': 0.1, 'shrinking': True, 'probability': False, 'class_weight': None, 'decision_function_shape': 'ovo'}",COMPLETE
1891,0.39999999987096774,2024-07-08 12:58:35.813275,2024-07-08 12:59:15.009278,0 days 00:00:39.196003,BaggingClassifier,Normalize_L1_1,BorderlineSMOTE,"[1, 1, 1, 0, 0, 0, 1, 0, 1, 1, 0, 1, 1, 0, 1, 0, 0, 0, 1, 0, 0, 0, 1, 1, 0, 1, 1, 0, 0, 0, 0, 1, 1, 1, 0, 1, 0, 0, 0, 1, 0, 1, 0, 1, 0, 0, 0, 1, 1]","{'n_estimators': 200, 'max_samples': 1.0, 'max_features': 1.0, 'bootstrap': False, 'bootstrap_features': True}",COMPLETE
1892,0.7612903223350675,2024-07-08 12:58:36.691243,2024-07-08 12:59:35.837243,0 days 00:00:59.146000,BaggingClassifier,Normalize_L1_1,,"[0, 0, 1, 0, 0, 0, 1, 0, 1, 1, 1, 1, 1, 1, 1, 0, 0, 0, 1, 0, 0, 0, 0, 0, 0, 1, 0, 0, 1, 0, 0, 1, 1, 0, 0, 0, 0, 1, 0, 1, 0, 0, 0, 1, 0, 1, 0, 1, 0]","{'n_estimators': 500, 'max_samples': 1.0, 'max_features': 1.0, 'bootstrap': True, 'bootstrap_features': True}",COMPLETE
1893,0.0,2024-07-08 12:58:38.993242,2024-07-08 12:59:13.903246,0 days 00:00:34.910004,SVC,Normalize_L1_1,BorderlineSMOTE,"[1, 0, 1, 1, 0, 1, 0, 1, 0, 0, 0, 0, 0, 0, 0, 1, 1, 1, 1, 0, 1, 0, 0, 1, 0, 0, 1, 1, 0, 0, 1, 0, 0, 1, 0, 1, 1, 0, 0, 1, 1, 0, 1, 0, 0, 0, 1, 0, 1]","{'C': 0.01, 'kernel': 'sigmoid', 'degree': 4, 'gamma': '1', 'coef0': 0.0, 'shrinking': True, 'probability': False, 'class_weight': None, 'decision_function_shape': 'ovo'}",COMPLETE
1894,0.4258064514755463,2024-07-08 12:58:41.882244,2024-07-08 12:59:13.179242,0 days 00:00:31.296998,BaggingClassifier,Normalize_L1_1,BorderlineSMOTE,"[0, 0, 0, 1, 0, 0, 0, 1, 0, 0, 0, 1, 1, 1, 0, 0, 1, 1, 0, 0, 0, 0, 0, 1, 0, 1, 0, 1, 1, 0, 1, 0, 0, 1, 1, 1, 1, 0, 1, 0, 1, 1, 0, 1, 1, 0, 0, 0, 1]","{'n_estimators': 10, 'max_samples': 0.5, 'max_features': 0.5, 'bootstrap': False, 'bootstrap_features': False}",COMPLETE
1895,0.6612903223673257,2024-07-08 12:58:44.164244,2024-07-08 12:59:25.909246,0 days 00:00:41.745002,BaggingClassifier,Normalize_L2_0,,"[1, 1, 1, 1, 0, 1, 1, 1, 1, 1, 1, 0, 0, 1, 1, 1, 1, 0, 0, 0, 0, 0, 1, 0, 1, 1, 1, 0, 1, 1, 1, 1, 0, 1, 0, 0, 1, 1, 0, 1, 0, 1, 0, 0, 0, 0, 1, 1, 0]","{'n_estimators': 100, 'max_samples': 1.0, 'max_features': 0.5, 'bootstrap': True, 'bootstrap_features': True}",COMPLETE
1896,0.7935483868407908,2024-07-08 12:58:46.117243,2024-07-08 12:59:15.385242,0 days 00:00:29.267999,SVC,Normalize_L1_1,,"[1, 1, 1, 0, 0, 1, 1, 1, 1, 0, 1, 1, 0, 0, 0, 1, 1, 0, 0, 0, 0, 0, 0, 1, 0, 0, 0, 1, 0, 0, 0, 0, 1, 0, 0, 1, 1, 0, 0, 0, 0, 0, 1, 1, 1, 0, 1, 0, 1]","{'C': 10.0, 'kernel': 'linear', 'degree': 6, 'gamma': 'scale', 'coef0': 2.0, 'shrinking': True, 'probability': True, 'class_weight': None, 'decision_function_shape': 'ovo'}",COMPLETE
1897,0.5612903223995838,2024-07-08 12:58:49.900244,2024-07-08 12:59:16.100241,0 days 00:00:26.199997,BaggingClassifier,Normalize_L1_1,BorderlineSMOTE,"[0, 1, 0, 0, 0, 1, 1, 1, 1, 1, 0, 0, 0, 0, 0, 0, 1, 0, 1, 0, 0, 0, 1, 0, 1, 1, 1, 0, 1, 1, 0, 0, 1, 1, 1, 1, 1, 0, 1, 0, 1, 0, 0, 0, 0, 0, 0, 0, 0]","{'n_estimators': 500, 'max_samples': 0.1, 'max_features': 0.1, 'bootstrap': True, 'bootstrap_features': False}",COMPLETE
1898,0.4483870966295525,2024-07-08 12:58:56.679280,2024-07-08 12:59:29.304275,0 days 00:00:32.624995,BaggingClassifier,Normalize_L1_1,SMOTETomek,"[0, 0, 0, 1, 0, 0, 1, 1, 0, 0, 1, 1, 0, 0, 1, 0, 1, 0, 0, 0, 0, 1, 0, 0, 0, 1, 1, 0, 1, 0, 0, 0, 0, 0, 1, 1, 1, 0, 1, 1, 0, 0, 1, 0, 1, 1, 1, 1, 1]","{'n_estimators': 200, 'max_samples': 1.0, 'max_features': 0.5, 'bootstrap': True, 'bootstrap_features': True}",COMPLETE
1899,0.7645161287856399,2024-07-08 12:58:58.996243,2024-07-08 12:59:23.831246,0 days 00:00:24.835003,BaggingClassifier,Normalize_L1_1,,"[1, 0, 1, 1, 1, 0, 0, 1, 1, 0, 1, 1, 1, 1, 1, 1, 0, 0, 0, 1, 0, 0, 0, 1, 0, 1, 0, 0, 1, 0, 1, 0, 1, 1, 1, 1, 0, 1, 0, 0, 0, 1, 1, 1, 1, 1, 0, 0, 0]","{'n_estimators': 100, 'max_samples': 0.5, 'max_features': 1.0, 'bootstrap': False, 'bootstrap_features': False}",COMPLETE
1900,0.5064516127398543,2024-07-08 12:59:00.054241,2024-07-08 12:59:23.447242,0 days 00:00:23.393001,BaggingClassifier,Normalize_L1_1,ADASYN,"[1, 0, 0, 1, 0, 1, 1, 0, 1, 1, 0, 1, 0, 0, 1, 1, 1, 1, 0, 0, 0, 0, 0, 0, 0, 0, 1, 0, 1, 0, 1, 0, 1, 1, 1, 1, 0, 1, 1, 0, 1, 0, 1, 1, 1, 1, 1, 1, 1]","{'n_estimators': 10, 'max_samples': 0.1, 'max_features': 0.1, 'bootstrap': True, 'bootstrap_features': False}",COMPLETE
1901,0.7645161287856399,2024-07-08 12:59:00.353243,2024-07-08 12:59:26.172244,0 days 00:00:25.819001,BaggingClassifier,Normalize_L1_1,,"[1, 0, 1, 1, 1, 1, 1, 0, 0, 0, 0, 0, 0, 1, 1, 0, 0, 0, 1, 1, 0, 0, 0, 0, 0, 1, 1, 1, 0, 0, 0, 1, 0, 1, 1, 1, 1, 1, 0, 1, 0, 1, 0, 1, 0, 1, 0, 1, 0]","{'n_estimators': 50, 'max_samples': 1.0, 'max_features': 0.1, 'bootstrap': True, 'bootstrap_features': False}",COMPLETE
1902,0.3677419353652445,2024-07-08 12:59:01.535242,2024-07-08 12:59:35.432243,0 days 00:00:33.897001,BaggingClassifier,Normalize_L2_0,SMOTETomek,"[0, 1, 0, 1, 0, 0, 1, 1, 0, 1, 0, 0, 0, 1, 1, 1, 1, 1, 1, 1, 0, 0, 1, 0, 1, 0, 1, 1, 1, 1, 1, 0, 0, 1, 1, 1, 1, 0, 1, 0, 1, 1, 1, 0, 0, 1, 1, 0, 0]","{'n_estimators': 200, 'max_samples': 0.5, 'max_features': 1.0, 'bootstrap': True, 'bootstrap_features': False}",COMPLETE
1903,0.5967741933558792,2024-07-08 12:59:03.699242,2024-07-08 12:59:27.118244,0 days 00:00:23.419002,BaggingClassifier,Normalize_L1_1,SMOTETomek,"[0, 1, 1, 0, 0, 1, 0, 1, 1, 0, 1, 1, 1, 0, 1, 1, 1, 0, 1, 1, 1, 1, 1, 1, 1, 1, 0, 1, 0, 1, 1, 1, 1, 1, 1, 1, 0, 0, 0, 1, 1, 0, 1, 1, 0, 1, 1, 0, 1]","{'n_estimators': 500, 'max_samples': 0.1, 'max_features': 1.0, 'bootstrap': True, 'bootstrap_features': False}",COMPLETE
1904,0.0,2024-07-08 12:59:06.107243,2024-07-08 12:59:27.219243,0 days 00:00:21.112000,DecisionTreeClassifier,Normalize_L2_0,,"[1, 1, 1, 0, 0, 0, 0, 0, 1, 0, 0, 1, 0, 0, 1, 0, 1, 0, 1, 0, 0, 0, 0, 0, 1, 1, 1, 0, 0, 0, 0, 0, 1, 1, 0, 0, 1, 1, 0, 1, 1, 0, 1, 0, 0, 0, 0, 0, 0]","{'max_depth': 200, 'min_samples_split': 5, 'min_samples_leaf': 2, 'max_features': 'auto', 'splitter': 'random'}",COMPLETE
1905,0.7612903223350675,2024-07-08 12:59:06.609242,2024-07-08 12:59:37.448243,0 days 00:00:30.839001,BaggingClassifier,Normalize_L1_1,,"[0, 0, 1, 1, 0, 1, 1, 0, 0, 0, 1, 0, 0, 0, 0, 0, 1, 0, 0, 1, 1, 0, 0, 0, 1, 0, 1, 0, 0, 1, 0, 0, 0, 0, 1, 0, 1, 0, 1, 1, 0, 0, 1, 0, 1, 1, 1, 0, 0]","{'n_estimators': 500, 'max_samples': 1.0, 'max_features': 0.5, 'bootstrap': False, 'bootstrap_features': True}",COMPLETE
1906,0.5709677417513007,2024-07-08 12:59:07.871270,2024-07-08 12:59:25.775242,0 days 00:00:17.903972,BaggingClassifier,Normalize_L1_1,SMOTETomek,"[0, 1, 0, 1, 1, 1, 0, 1, 1, 0, 0, 1, 1, 1, 0, 1, 0, 0, 0, 1, 0, 0, 0, 0, 1, 1, 1, 1, 1, 1, 0, 1, 1, 0, 0, 0, 0, 1, 1, 1, 0, 0, 0, 0, 0, 1, 1, 1, 0]","{'n_estimators': 200, 'max_samples': 0.1, 'max_features': 1.0, 'bootstrap': False, 'bootstrap_features': False}",COMPLETE
1907,0.4258064514755463,2024-07-08 12:59:08.765243,2024-07-08 12:59:27.553243,0 days 00:00:18.788000,BaggingClassifier,Normalize_L1_1,SMOTETomek,"[1, 1, 0, 0, 0, 0, 0, 1, 0, 0, 1, 0, 0, 1, 0, 0, 1, 0, 0, 1, 0, 0, 1, 1, 1, 0, 1, 0, 0, 0, 0, 0, 0, 1, 0, 0, 0, 1, 0, 0, 0, 1, 1, 1, 1, 0, 1, 1, 1]","{'n_estimators': 100, 'max_samples': 0.5, 'max_features': 1.0, 'bootstrap': False, 'bootstrap_features': False}",COMPLETE
1908,0.7935483868407908,2024-07-08 12:59:09.844244,2024-07-08 12:59:29.598243,0 days 00:00:19.753999,DecisionTreeClassifier,Normalize_L1_1,,"[0, 1, 0, 1, 0, 0, 1, 1, 1, 1, 0, 1, 1, 0, 0, 0, 0, 1, 1, 0, 0, 1, 0, 0, 0, 1, 1, 1, 0, 1, 1, 1, 0, 1, 0, 1, 0, 0, 1, 1, 1, 1, 1, 1, 1, 1, 1, 0, 1]","{'max_depth': 500, 'min_samples_split': 5, 'min_samples_leaf': 50, 'max_features': 'log2', 'splitter': 'best'}",COMPLETE
1909,0.6999999997741935,2024-07-08 12:59:11.435246,2024-07-08 12:59:25.741242,0 days 00:00:14.305996,BaggingClassifier,Normalize_L2_0,,"[0, 0, 0, 0, 0, 1, 1, 1, 1, 0, 1, 1, 1, 1, 0, 0, 0, 0, 1, 1, 1, 1, 1, 1, 0, 1, 0, 1, 0, 1, 1, 0, 1, 0, 0, 0, 1, 1, 0, 0, 1, 1, 0, 0, 0, 1, 1, 0, 0]","{'n_estimators': 100, 'max_samples': 0.5, 'max_features': 0.1, 'bootstrap': True, 'bootstrap_features': False}",COMPLETE
1910,0.7967741932913631,2024-07-08 12:59:12.328243,2024-07-08 12:59:27.549243,0 days 00:00:15.221000,DecisionTreeClassifier,Normalize_L2_0,,"[0, 0, 1, 1, 1, 0, 0, 0, 1, 0, 0, 1, 0, 0, 1, 1, 1, 1, 1, 0, 1, 1, 0, 1, 1, 1, 1, 0, 1, 0, 1, 0, 1, 1, 0, 1, 0, 1, 1, 1, 0, 0, 0, 1, 0, 0, 0, 0, 0]","{'max_depth': None, 'min_samples_split': 100, 'min_samples_leaf': 2, 'max_features': 'log2', 'splitter': 'best'}",COMPLETE
1911,0.0,2024-07-08 12:59:13.333241,2024-07-08 12:59:49.683415,0 days 00:00:36.350174,GradientBoostingClassifier,,,,"{'n_estimators': 100, 'learning_rate': 0.01, 'max_depth': 3, 'min_samples_split': 5, 'min_samples_leaf': 10, 'subsample': 0.5, 'max_features': 'sqrt'}",COMPLETE
1912,0.3935483869698231,2024-07-08 12:59:13.601243,2024-07-08 12:59:50.622411,0 days 00:00:37.021168,BaggingClassifier,Normalize_L2_0,SMOTETomek,"[1, 1, 0, 1, 0, 0, 1, 1, 1, 1, 1, 0, 0, 0, 0, 0, 1, 1, 1, 0, 0, 1, 1, 1, 0, 0, 1, 1, 0, 1, 1, 0, 0, 1, 0, 0, 1, 0, 1, 0, 0, 1, 0, 0, 0, 0, 1, 1, 1]","{'n_estimators': 500, 'max_samples': 0.5, 'max_features': 1.0, 'bootstrap': True, 'bootstrap_features': False}",COMPLETE
1913,0.0,2024-07-08 12:59:13.707244,2024-07-08 12:59:31.499242,0 days 00:00:17.791998,XGBClassifier,,,,"{'n_estimators': 50, 'learning_rate': 1.0, 'max_depth': 3, 'min_child_weight': 5, 'subsample': 0.5, 'colsample_bytree': 0.5, 'gamma': 0.1, 'reg_alpha': 1.0, 'reg_lambda': 0.0}",COMPLETE
1914,0.7290322578293443,2024-07-08 12:59:13.822245,2024-07-08 12:59:35.728258,0 days 00:00:21.906013,GradientBoostingClassifier,Normalize_L1_1,,"[0, 1, 1, 1, 0, 0, 1, 1, 0, 1, 0, 0, 1, 0, 1, 0, 1, 1, 0, 1, 0, 0, 0, 1, 0, 1, 0, 0, 1, 0, 0, 0, 0, 1, 0, 0, 0, 1, 1, 0, 0, 0, 0, 1, 0, 0, 0, 1, 1]","{'n_estimators': 10, 'learning_rate': 1.0, 'max_depth': 7, 'min_samples_split': 10, 'min_samples_leaf': 10, 'subsample': 0.5, 'max_features': 'log2'}",COMPLETE
1915,0.0,2024-07-08 12:59:14.280242,2024-07-08 12:59:37.234246,0 days 00:00:22.954004,GradientBoostingClassifier,Normalize_L1_1,,"[1, 0, 1, 0, 1, 1, 0, 0, 1, 1, 1, 0, 0, 1, 0, 1, 1, 1, 0, 0, 0, 1, 1, 1, 1, 0, 1, 1, 0, 1, 1, 1, 1, 0, 0, 1, 1, 0, 0, 0, 0, 0, 0, 1, 1, 1, 1, 0, 0]","{'n_estimators': 500, 'learning_rate': 10.0, 'max_depth': 9, 'min_samples_split': 50, 'min_samples_leaf': 5, 'subsample': 1.0, 'max_features': 'auto'}",COMPLETE
1916,0.7774193545879292,2024-07-08 12:59:14.416242,2024-07-08 12:59:50.787413,0 days 00:00:36.371171,BaggingClassifier,Normalize_Max_1,,"[1, 1, 1, 1, 0, 0, 0, 0, 1, 0, 0, 0, 1, 0, 0, 0, 0, 0, 0, 1, 0, 1, 1, 1, 0, 0, 0, 0, 1, 1, 0, 1, 0, 0, 0, 0, 1, 0, 0, 0, 0, 0, 1, 1, 1, 0, 0, 0, 1]","{'n_estimators': 50, 'max_samples': 0.5, 'max_features': 0.5, 'bootstrap': True, 'bootstrap_features': True}",COMPLETE
1917,0.7903225803902184,2024-07-08 12:59:14.906242,2024-07-08 12:59:48.359250,0 days 00:00:33.453008,GradientBoostingClassifier,Normalize_L1_1,,"[1, 0, 1, 0, 1, 1, 1, 1, 1, 1, 1, 0, 1, 0, 0, 1, 0, 0, 1, 1, 1, 1, 1, 1, 0, 0, 1, 0, 0, 0, 0, 0, 0, 0, 0, 0, 0, 0, 1, 1, 1, 0, 0, 1, 1, 0, 0, 1, 1]","{'n_estimators': 1000, 'learning_rate': 0.1, 'max_depth': 5, 'min_samples_split': 5, 'min_samples_leaf': 100, 'subsample': 1.0, 'max_features': 'log2'}",COMPLETE
1918,0.7838709674890738,2024-07-08 12:59:15.209242,2024-07-08 12:59:30.246245,0 days 00:00:15.037003,XGBClassifier,Normalize_L1_1,,"[0, 0, 0, 0, 1, 0, 1, 1, 1, 0, 1, 1, 1, 1, 0, 1, 1, 0, 1, 0, 1, 1, 0, 1, 1, 0, 1, 0, 1, 1, 1, 0, 0, 0, 0, 1, 1, 0, 0, 1, 0, 1, 0, 0, 1, 0, 1, 1, 1]","{'n_estimators': 50, 'learning_rate': 0.1, 'max_depth': 3, 'min_child_weight': 5, 'subsample': 1.0, 'colsample_bytree': 0.7, 'gamma': 0.5, 'reg_alpha': 0.1, 'reg_lambda': 0.0}",COMPLETE
1919,0.735483870730489,2024-07-08 12:59:15.530242,2024-07-08 12:59:30.759242,0 days 00:00:15.229000,XGBClassifier,Normalize_L1_1,,"[0, 1, 1, 0, 0, 0, 1, 1, 0, 0, 1, 0, 1, 0, 0, 1, 0, 0, 1, 1, 0, 1, 0, 1, 0, 1, 1, 1, 0, 0, 0, 1, 1, 0, 0, 0, 0, 0, 1, 1, 1, 1, 1, 1, 1, 1, 1, 0, 0]","{'n_estimators': 10, 'learning_rate': 1.0, 'max_depth': 5, 'min_child_weight': 3, 'subsample': 0.7, 'colsample_bytree': 1.0, 'gamma': 0.1, 'reg_alpha': 0.0, 'reg_lambda': 0.0}",COMPLETE
1920,0.7709677416867845,2024-07-08 12:59:15.865242,2024-07-08 12:59:55.100413,0 days 00:00:39.235171,BaggingClassifier,Normalize_L1_1,,"[0, 0, 1, 1, 1, 1, 1, 1, 0, 0, 0, 1, 1, 1, 1, 0, 0, 1, 1, 0, 1, 1, 0, 1, 0, 0, 0, 1, 1, 0, 0, 0, 1, 0, 1, 1, 1, 0, 0, 1, 0, 0, 1, 0, 0, 0, 0, 0, 1]","{'n_estimators': 1000, 'max_samples': 0.5, 'max_features': 0.1, 'bootstrap': False, 'bootstrap_features': False}",COMPLETE
1921,0.0,2024-07-08 12:59:17.806240,2024-07-08 12:59:32.693243,0 days 00:00:14.887003,DecisionTreeClassifier,,,,"{'max_depth': 100, 'min_samples_split': 50, 'min_samples_leaf': 100, 'max_features': 'log2', 'splitter': 'random'}",COMPLETE
1922,0.6483870965650363,2024-07-08 12:59:19.150271,2024-07-08 12:59:53.175412,0 days 00:00:34.025141,XGBClassifier,Normalize_L1_1,,"[0, 1, 1, 0, 1, 1, 0, 1, 0, 1, 1, 1, 1, 1, 0, 1, 0, 0, 0, 0, 1, 1, 0, 1, 0, 1, 0, 0, 0, 0, 1, 1, 0, 0, 0, 1, 1, 1, 1, 0, 1, 0, 1, 0, 0, 1, 0, 0, 1]","{'n_estimators': 1000, 'learning_rate': 1.0, 'max_depth': 9, 'min_child_weight': 3, 'subsample': 0.5, 'colsample_bytree': 0.7, 'gamma': 0.0, 'reg_alpha': 0.0, 'reg_lambda': 1.0}",COMPLETE
1923,0.7741935481373569,2024-07-08 12:59:19.630244,2024-07-08 13:00:13.915200,0 days 00:00:54.284956,BaggingClassifier,Normalize_Max_1,,"[0, 0, 0, 1, 1, 1, 0, 1, 0, 1, 1, 1, 0, 0, 0, 1, 0, 0, 0, 1, 0, 1, 1, 1, 0, 1, 1, 1, 1, 1, 0, 1, 0, 0, 1, 0, 1, 0, 0, 1, 0, 0, 1, 1, 0, 0, 1, 0, 1]","{'n_estimators': 1000, 'max_samples': 0.5, 'max_features': 0.5, 'bootstrap': False, 'bootstrap_features': False}",COMPLETE
1924,0.0,2024-07-08 12:59:20.078242,2024-07-08 12:59:34.036243,0 days 00:00:13.958001,XGBClassifier,,,,"{'n_estimators': 50, 'learning_rate': 10.0, 'max_depth': 7, 'min_child_weight': 5, 'subsample': 0.5, 'colsample_bytree': 0.7, 'gamma': 0.5, 'reg_alpha': 0.1, 'reg_lambda': 1.0}",COMPLETE
1925,0.0,2024-07-08 12:59:20.820245,2024-07-08 12:59:45.958242,0 days 00:00:25.137997,GradientBoostingClassifier,Normalize_L1_1,,"[1, 1, 1, 0, 1, 0, 1, 1, 0, 0, 0, 0, 0, 1, 0, 0, 0, 0, 1, 1, 0, 1, 1, 1, 0, 0, 1, 0, 1, 1, 0, 1, 1, 0, 1, 0, 0, 0, 0, 0, 1, 0, 0, 0, 0, 0, 0, 0, 0]","{'n_estimators': 500, 'learning_rate': 1.0, 'max_depth': 5, 'min_samples_split': 10, 'min_samples_leaf': 10, 'subsample': 0.7, 'max_features': 'auto'}",COMPLETE
1926,0.0,2024-07-08 12:59:22.914244,2024-07-08 12:59:39.536243,0 days 00:00:16.621999,XGBClassifier,,,,"{'n_estimators': 50, 'learning_rate': 0.01, 'max_depth': 7, 'min_child_weight': 5, 'subsample': 1.0, 'colsample_bytree': 0.5, 'gamma': 0.1, 'reg_alpha': 0.1, 'reg_lambda': 0.1}",COMPLETE
1927,0.0,2024-07-08 12:59:23.677271,2024-07-08 12:59:36.091245,0 days 00:00:12.413974,XGBClassifier,,,,"{'n_estimators': 500, 'learning_rate': 0.1, 'max_depth': 5, 'min_child_weight': 1, 'subsample': 0.5, 'colsample_bytree': 1.0, 'gamma': 0.1, 'reg_alpha': 0.1, 'reg_lambda': 1.0}",COMPLETE
1928,0.7483870965327784,2024-07-08 12:59:23.997244,2024-07-08 12:59:44.803274,0 days 00:00:20.806030,GradientBoostingClassifier,StandardScaler,,"[1, 0, 1, 0, 1, 1, 0, 0, 0, 1, 0, 1, 1, 0, 0, 0, 1, 0, 1, 1, 0, 1, 1, 0, 1, 1, 1, 0, 1, 0, 1, 1, 0, 0, 0, 0, 1, 1, 1, 0, 1, 1, 1, 0, 1, 0, 1, 1, 0]","{'n_estimators': 50, 'learning_rate': 1.0, 'max_depth': 5, 'min_samples_split': 10, 'min_samples_leaf': 100, 'subsample': 0.7, 'max_features': 'sqrt'}",COMPLETE
1929,0.0,2024-07-08 12:59:24.100245,2024-07-08 12:59:44.999244,0 days 00:00:20.898999,GradientBoostingClassifier,Normalize_L1_1,,"[1, 1, 1, 0, 1, 0, 1, 0, 1, 1, 1, 1, 0, 1, 1, 0, 0, 1, 1, 1, 1, 0, 0, 1, 0, 0, 1, 0, 0, 0, 1, 1, 1, 0, 0, 1, 1, 0, 1, 1, 1, 1, 1, 1, 1, 0, 1, 1, 0]","{'n_estimators': 10, 'learning_rate': 10.0, 'max_depth': 3, 'min_samples_split': 5, 'min_samples_leaf': 2, 'subsample': 1.0, 'max_features': 'auto'}",COMPLETE
1930,0.0,2024-07-08 12:59:24.359246,2024-07-08 12:59:32.480243,0 days 00:00:08.120997,XGBClassifier,,,,"{'n_estimators': 10, 'learning_rate': 0.01, 'max_depth': 7, 'min_child_weight': 1, 'subsample': 1.0, 'colsample_bytree': 0.5, 'gamma': 0.5, 'reg_alpha': 1.0, 'reg_lambda': 1.0}",COMPLETE
1931,0.5967741933558792,2024-07-08 12:59:24.463242,2024-07-08 12:59:35.372243,0 days 00:00:10.909001,XGBClassifier,Normalize_L1_1,,"[1, 1, 0, 1, 0, 1, 1, 0, 1, 1, 0, 0, 1, 1, 1, 1, 1, 1, 1, 0, 1, 0, 1, 0, 1, 1, 0, 1, 0, 1, 0, 1, 1, 0, 1, 1, 0, 1, 0, 0, 1, 1, 1, 0, 0, 1, 0, 0, 0]","{'n_estimators': 50, 'learning_rate': 10.0, 'max_depth': 9, 'min_child_weight': 1, 'subsample': 0.7, 'colsample_bytree': 1.0, 'gamma': 0.0, 'reg_alpha': 0.0, 'reg_lambda': 0.1}",COMPLETE
1932,0.7580645158844953,2024-07-08 12:59:25.152245,2024-07-08 12:59:46.393243,0 days 00:00:21.240998,BaggingClassifier,Normalize_Max_1,,"[0, 0, 1, 0, 0, 0, 1, 1, 0, 0, 0, 0, 1, 0, 1, 1, 0, 1, 1, 0, 1, 0, 0, 0, 0, 1, 0, 1, 0, 0, 1, 1, 1, 0, 0, 0, 0, 0, 1, 0, 1, 0, 0, 0, 0, 1, 0, 1, 0]","{'n_estimators': 10, 'max_samples': 1.0, 'max_features': 0.1, 'bootstrap': False, 'bootstrap_features': False}",COMPLETE
1933,0.41935483857440164,2024-07-08 12:59:25.502245,2024-07-08 13:00:13.492170,0 days 00:00:47.989925,BaggingClassifier,Normalize_L1_1,ADASYN,"[1, 1, 1, 0, 0, 0, 1, 1, 1, 0, 1, 1, 1, 1, 0, 1, 0, 0, 0, 0, 0, 1, 0, 1, 0, 1, 1, 1, 0, 0, 1, 1, 0, 1, 0, 0, 1, 1, 0, 0, 1, 1, 1, 0, 0, 1, 0, 0, 0]","{'n_estimators': 1000, 'max_samples': 1.0, 'max_features': 0.1, 'bootstrap': True, 'bootstrap_features': True}",COMPLETE
1934,0.0,2024-07-08 12:59:25.683243,2024-07-08 12:59:35.504245,0 days 00:00:09.821002,XGBClassifier,,,,"{'n_estimators': 1000, 'learning_rate': 10.0, 'max_depth': 3, 'min_child_weight': 1, 'subsample': 1.0, 'colsample_bytree': 1.0, 'gamma': 0.1, 'reg_alpha': 0.0, 'reg_lambda': 0.0}",COMPLETE
1935,0.0,2024-07-08 12:59:25.810243,2024-07-08 12:59:50.367414,0 days 00:00:24.557171,BaggingClassifier,Normalize_L1_1,KMeansSMOTE,,"{'n_estimators': 500, 'max_samples': 1.0, 'max_features': 0.5, 'bootstrap': True, 'bootstrap_features': True}",COMPLETE
1936,0.0,2024-07-08 12:59:25.999243,2024-07-08 12:59:37.024242,0 days 00:00:11.024999,GradientBoostingClassifier,Normalize_L1_1,,"[1, 1, 1, 1, 0, 1, 0, 0, 1, 1, 0, 1, 0, 1, 1, 0, 0, 1, 0, 0, 1, 0, 0, 0, 0, 0, 0, 0, 1, 0, 0, 1, 1, 1, 1, 1, 0, 0, 0, 1, 1, 1, 1, 0, 1, 0, 0, 1, 0]","{'n_estimators': 1000, 'learning_rate': 0.5, 'max_depth': 5, 'min_samples_split': 2, 'min_samples_leaf': 5, 'subsample': 1.0, 'max_features': 'auto'}",COMPLETE
1937,0.7645161287856399,2024-07-08 12:59:26.598243,2024-07-08 12:59:52.425414,0 days 00:00:25.827171,BaggingClassifier,Normalize_L1_1,,"[1, 1, 0, 0, 0, 1, 1, 0, 1, 0, 1, 0, 1, 1, 0, 0, 1, 1, 0, 1, 1, 1, 1, 0, 1, 0, 0, 0, 0, 1, 0, 1, 1, 0, 0, 0, 0, 1, 0, 0, 0, 0, 0, 1, 0, 1, 1, 1, 1]","{'n_estimators': 200, 'max_samples': 0.5, 'max_features': 1.0, 'bootstrap': True, 'bootstrap_features': True}",COMPLETE
1938,0.7806451610385015,2024-07-08 12:59:27.414242,2024-07-08 13:00:16.294170,0 days 00:00:48.879928,ExtraTreesClassifier,Normalize_L1_1,,"[1, 0, 1, 1, 0, 1, 0, 1, 0, 0, 1, 0, 1, 0, 1, 1, 0, 0, 1, 1, 1, 1, 0, 0, 1, 1, 0, 0, 1, 1, 0, 1, 0, 0, 0, 0, 1, 0, 0, 0, 1, 1, 0, 0, 1, 1, 1, 1, 0]","{'n_estimators': 50, 'max_features': None, 'max_depth': 50, 'min_samples_split': 100, 'min_samples_leaf': 10, 'bootstrap': True}",COMPLETE
1939,0.7258064513787721,2024-07-08 12:59:28.046242,2024-07-08 12:59:50.676412,0 days 00:00:22.630170,BaggingClassifier,Normalize_Max_1,ADASYN,"[1, 0, 1, 1, 1, 1, 0, 0, 0, 1, 0, 0, 0, 1, 0, 1, 1, 0, 1, 1, 0, 0, 0, 1, 0, 1, 1, 0, 0, 0, 0, 1, 0, 0, 0, 0, 1, 0, 1, 0, 0, 1, 1, 1, 1, 1, 0, 1, 1]","{'n_estimators': 10, 'max_samples': 0.1, 'max_features': 0.1, 'bootstrap': False, 'bootstrap_features': False}",COMPLETE
1940,0.5451612901467221,2024-07-08 12:59:28.256243,2024-07-08 13:00:13.493199,0 days 00:00:45.236956,BaggingClassifier,Normalize_L1_1,ADASYN,"[0, 0, 1, 1, 1, 1, 0, 1, 0, 0, 1, 1, 1, 0, 1, 0, 1, 1, 1, 1, 1, 0, 1, 1, 1, 1, 1, 0, 0, 0, 0, 0, 1, 0, 1, 0, 1, 0, 0, 0, 0, 1, 0, 0, 1, 0, 0, 0, 1]","{'n_estimators': 100, 'max_samples': 0.1, 'max_features': 0.1, 'bootstrap': False, 'bootstrap_features': True}",COMPLETE
1941,0.0,2024-07-08 12:59:28.261243,2024-07-08 12:59:54.747411,0 days 00:00:26.486168,BaggingClassifier,Normalize_L1_1,KMeansSMOTE,,"{'n_estimators': 1000, 'max_samples': 1.0, 'max_features': 1.0, 'bootstrap': True, 'bootstrap_features': False}",COMPLETE
1942,0.5709677417513007,2024-07-08 12:59:28.810242,2024-07-08 12:59:55.047412,0 days 00:00:26.237170,BaggingClassifier,Normalize_L1_1,ADASYN,"[1, 1, 0, 0, 0, 1, 0, 1, 1, 0, 1, 1, 0, 0, 0, 1, 1, 0, 0, 1, 0, 1, 1, 1, 0, 1, 0, 0, 0, 1, 0, 0, 0, 0, 1, 0, 0, 0, 1, 1, 1, 1, 1, 1, 0, 1, 0, 1, 1]","{'n_estimators': 10, 'max_samples': 0.1, 'max_features': 0.5, 'bootstrap': True, 'bootstrap_features': False}",COMPLETE
1943,0.0,2024-07-08 12:59:29.928245,2024-07-08 12:59:55.730413,0 days 00:00:25.802168,BaggingClassifier,Normalize_L1_1,KMeansSMOTE,,"{'n_estimators': 200, 'max_samples': 1.0, 'max_features': 0.5, 'bootstrap': True, 'bootstrap_features': True}",COMPLETE
