number,value,datetime_start,datetime_complete,duration,params_model,params_normTechnique,params_sampleTechnique,user_attrs_binIndices,user_attrs_hyperparams,state
1292,0.0,2024-07-08 12:49:00.798387,2024-07-08 12:49:18.376958,0 days 00:00:17.578571,ExtraTreesClassifier,Normalize_L1_1,,"[0, 0, 1, 0, 0, 1, 0, 0, 0, 1, 1, 0, 0, 1, 0, 0, 0, 0, 1, 1, 0, 1, 1, 0, 0, 0, 1, 0, 1, 1, 0, 0, 0, 1, 1, 0, 1, 0, 0, 0, 1, 0, 1, 0, 1, 0, 0, 0, 1]","{'n_estimators': 1000, 'max_features': 'auto', 'max_depth': 1000, 'min_samples_split': 10, 'min_samples_leaf': 50, 'bootstrap': True}",COMPLETE
1293,0.7774193545879292,2024-07-08 12:49:01.378391,2024-07-08 12:49:15.329831,0 days 00:00:13.951440,KNeighborsClassifier,Normalize_L1_1,,"[0, 0, 1, 0, 0, 1, 0, 1, 0, 1, 0, 0, 1, 0, 1, 0, 1, 0, 1, 0, 0, 1, 0, 0, 0, 1, 1, 1, 0, 1, 0, 0, 0, 0, 0, 0, 1, 1, 0, 1, 0, 0, 0, 1, 0, 1, 0, 0, 1]","{'n_neighbors': 10, 'weights': 'uniform', 'algorithm': 'brute', 'leaf_size': 60, 'p': 2, 'metric': 'manhattan'}",COMPLETE
1294,0.0,2024-07-08 12:49:01.847405,2024-07-08 12:49:20.869361,0 days 00:00:19.021956,MLPClassifier,,,,,COMPLETE
1295,0.7774193545879292,2024-07-08 12:49:02.051389,2024-07-08 12:49:18.758921,0 days 00:00:16.707532,ExtraTreesClassifier,RobustScaler,,"[0, 0, 0, 0, 0, 0, 1, 1, 0, 0, 0, 1, 1, 1, 1, 1, 1, 0, 1, 1, 1, 1, 0, 1, 1, 1, 0, 0, 0, 0, 0, 1, 1, 0, 1, 1, 1, 0, 1, 0, 0, 0, 1, 1, 0, 0, 0, 0, 1]","{'n_estimators': 10, 'max_features': None, 'max_depth': 100, 'min_samples_split': 50, 'min_samples_leaf': 2, 'bootstrap': False}",COMPLETE
1296,0.0,2024-07-08 12:49:02.218402,2024-07-08 12:49:27.062799,0 days 00:00:24.844397,BaggingClassifier,,,,"{'n_estimators': 50, 'max_samples': 1.0, 'max_features': 0.1, 'bootstrap': False, 'bootstrap_features': False}",COMPLETE
1297,0.7935483868407908,2024-07-08 12:49:03.915420,2024-07-08 12:49:31.127781,0 days 00:00:27.212361,ExtraTreesClassifier,RobustScaler,,"[0, 0, 0, 0, 1, 0, 1, 1, 1, 1, 1, 1, 1, 0, 1, 1, 0, 1, 0, 0, 0, 1, 1, 1, 0, 0, 0, 1, 1, 0, 1, 0, 0, 1, 0, 0, 1, 0, 1, 1, 0, 0, 0, 1, 0, 0, 0, 0, 0]","{'n_estimators': 2000, 'max_features': 'log2', 'max_depth': None, 'min_samples_split': 100, 'min_samples_leaf': 1, 'bootstrap': False}",COMPLETE
1298,0.7838709674890738,2024-07-08 12:49:04.073406,2024-07-08 12:49:22.109352,0 days 00:00:18.035946,KNeighborsClassifier,Normalize_L1_1,,"[1, 1, 1, 1, 1, 1, 1, 0, 0, 0, 0, 1, 1, 1, 1, 1, 0, 1, 1, 0, 1, 0, 0, 1, 0, 1, 0, 0, 1, 0, 1, 0, 0, 1, 0, 0, 1, 1, 1, 0, 0, 1, 1, 1, 0, 1, 0, 0, 0]","{'n_neighbors': 20, 'weights': 'uniform', 'algorithm': 'kd_tree', 'leaf_size': 10, 'p': 2, 'metric': 'euclidean'}",COMPLETE
1299,0.7612903223350675,2024-07-08 12:49:06.090497,2024-07-08 12:49:26.308683,0 days 00:00:20.218186,BaggingClassifier,Normalize_L1_1,,"[0, 0, 1, 0, 1, 0, 1, 1, 0, 1, 0, 1, 1, 0, 1, 0, 1, 1, 0, 1, 1, 1, 1, 0, 1, 1, 1, 1, 0, 0, 0, 1, 1, 0, 1, 1, 0, 1, 1, 1, 1, 0, 0, 1, 1, 1, 0, 0, 1]","{'n_estimators': 10, 'max_samples': 1.0, 'max_features': 0.5, 'bootstrap': True, 'bootstrap_features': True}",COMPLETE
1300,0.7903225803902184,2024-07-08 12:49:06.201498,2024-07-08 12:49:19.177007,0 days 00:00:12.975509,KNeighborsClassifier,RobustScaler,,"[0, 0, 1, 0, 1, 1, 1, 1, 1, 0, 0, 1, 1, 0, 1, 1, 0, 0, 0, 0, 1, 1, 1, 0, 1, 1, 1, 1, 0, 0, 0, 1, 0, 1, 1, 0, 0, 0, 0, 0, 1, 0, 0, 0, 0, 0, 1, 1, 0]","{'n_neighbors': 10, 'weights': 'uniform', 'algorithm': 'ball_tree', 'leaf_size': 40, 'p': 2, 'metric': 'manhattan'}",COMPLETE
1301,0.0,2024-07-08 12:49:06.339469,2024-07-08 12:49:20.731095,0 days 00:00:14.391626,MLPClassifier,,,,,COMPLETE
1302,0.0,2024-07-08 12:49:06.508599,2024-07-08 12:49:24.155439,0 days 00:00:17.646840,BaggingClassifier,,,,"{'n_estimators': 500, 'max_samples': 1.0, 'max_features': 1.0, 'bootstrap': False, 'bootstrap_features': True}",COMPLETE
1303,0.7580645158844953,2024-07-08 12:49:06.915599,2024-07-08 12:49:43.739882,0 days 00:00:36.824283,BaggingClassifier,Normalize_L1_1,,"[1, 1, 1, 1, 1, 1, 0, 1, 1, 0, 1, 1, 1, 0, 0, 0, 1, 1, 0, 1, 1, 0, 1, 1, 0, 0, 1, 0, 1, 1, 1, 0, 0, 0, 0, 0, 0, 1, 1, 0, 1, 1, 1, 0, 1, 1, 1, 1, 0]","{'n_estimators': 10, 'max_samples': 0.5, 'max_features': 0.1, 'bootstrap': False, 'bootstrap_features': True}",COMPLETE
1304,0.0,2024-07-08 12:49:07.070618,2024-07-08 12:49:34.164824,0 days 00:00:27.094206,BaggingClassifier,,,,"{'n_estimators': 1000, 'max_samples': 0.1, 'max_features': 1.0, 'bootstrap': False, 'bootstrap_features': False}",COMPLETE
1305,0.0,2024-07-08 12:49:07.254572,2024-07-08 12:49:22.104351,0 days 00:00:14.849779,MLPClassifier,,,,,COMPLETE
1306,0.0,2024-07-08 12:49:07.697612,2024-07-08 12:49:21.367361,0 days 00:00:13.669749,MLPClassifier,,,,,COMPLETE
1307,0.0,2024-07-08 12:49:07.828613,2024-07-08 12:49:22.330354,0 days 00:00:14.501741,MLPClassifier,,,,,COMPLETE
1308,0.7999999997419355,2024-07-08 12:49:08.177612,2024-07-08 12:49:33.771838,0 days 00:00:25.594226,BaggingClassifier,Normalize_L1_1,,"[1, 1, 1, 1, 1, 0, 0, 1, 0, 1, 1, 1, 1, 1, 1, 0, 1, 0, 0, 1, 1, 0, 0, 1, 1, 1, 0, 1, 1, 1, 0, 1, 0, 1, 1, 1, 0, 0, 1, 0, 0, 1, 1, 1, 1, 1, 0, 0, 1]","{'n_estimators': 100, 'max_samples': 0.1, 'max_features': 1.0, 'bootstrap': False, 'bootstrap_features': True}",COMPLETE
1309,0.7645161287856399,2024-07-08 12:49:08.997618,2024-07-08 12:49:29.651782,0 days 00:00:20.654164,BaggingClassifier,Normalize_L1_1,,"[0, 1, 1, 1, 0, 1, 0, 0, 0, 1, 1, 0, 0, 1, 1, 1, 1, 0, 0, 1, 0, 1, 0, 1, 0, 1, 0, 1, 0, 1, 0, 1, 1, 0, 1, 0, 1, 0, 1, 1, 1, 0, 0, 1, 0, 1, 1, 0, 0]","{'n_estimators': 100, 'max_samples': 1.0, 'max_features': 1.0, 'bootstrap': False, 'bootstrap_features': False}",COMPLETE
1310,0.0,2024-07-08 12:49:09.371610,2024-07-08 12:49:44.608870,0 days 00:00:35.237260,BaggingClassifier,,RandomOverSampler,,"{'n_estimators': 100, 'max_samples': 0.5, 'max_features': 0.5, 'bootstrap': False, 'bootstrap_features': True}",COMPLETE
1311,0.7903225803902184,2024-07-08 12:49:10.351596,2024-07-08 12:49:30.218804,0 days 00:00:19.867208,BaggingClassifier,Normalize_L1_1,,"[1, 1, 1, 0, 0, 1, 1, 1, 0, 0, 0, 0, 0, 0, 1, 0, 0, 0, 0, 0, 0, 1, 0, 1, 0, 1, 0, 0, 0, 0, 1, 1, 0, 0, 0, 1, 0, 1, 1, 1, 0, 1, 0, 0, 1, 1, 0, 0, 1]","{'n_estimators': 100, 'max_samples': 0.5, 'max_features': 0.1, 'bootstrap': True, 'bootstrap_features': False}",COMPLETE
1312,0.0,2024-07-08 12:49:12.560748,2024-07-08 12:49:21.792352,0 days 00:00:09.231604,MLPClassifier,,,,,COMPLETE
1313,0.0,2024-07-08 12:49:13.846804,2024-07-08 12:49:25.844563,0 days 00:00:11.997759,BaggingClassifier,,RandomOverSampler,,"{'n_estimators': 100, 'max_samples': 0.1, 'max_features': 1.0, 'bootstrap': False, 'bootstrap_features': True}",COMPLETE
1314,0.4806451611352757,2024-07-08 12:49:14.028831,2024-07-08 12:49:34.180824,0 days 00:00:20.151993,BaggingClassifier,Normalize_L1_1,RandomOverSampler,"[1, 1, 0, 0, 1, 1, 1, 1, 0, 1, 1, 0, 0, 0, 0, 1, 0, 1, 0, 0, 0, 0, 0, 1, 0, 1, 1, 0, 0, 0, 0, 0, 1, 1, 1, 1, 0, 0, 0, 0, 0, 0, 1, 0, 0, 1, 0, 1, 1]","{'n_estimators': 200, 'max_samples': 0.5, 'max_features': 0.1, 'bootstrap': True, 'bootstrap_features': False}",COMPLETE
1315,0.0,2024-07-08 12:49:15.215844,2024-07-08 12:49:46.038045,0 days 00:00:30.822201,SVC,Normalize_L1_1,,"[1, 0, 0, 1, 0, 1, 1, 0, 1, 1, 1, 0, 1, 0, 1, 0, 0, 0, 0, 1, 0, 1, 1, 1, 1, 1, 1, 1, 0, 1, 1, 1, 0, 1, 1, 1, 0, 1, 1, 1, 0, 0, 1, 1, 1, 0, 0, 1, 1]","{'C': 100.0, 'kernel': 'poly', 'degree': 4, 'gamma': '0.1', 'coef0': 1.0, 'shrinking': False, 'probability': False, 'class_weight': 'balanced', 'decision_function_shape': 'ovr'}",COMPLETE
1316,0.7903225803902184,2024-07-08 12:49:15.479832,2024-07-08 12:49:45.640374,0 days 00:00:30.160542,BaggingClassifier,Normalize_L1_1,,"[0, 1, 0, 0, 0, 1, 1, 1, 0, 1, 1, 1, 0, 0, 1, 1, 0, 1, 0, 0, 1, 1, 1, 1, 0, 1, 0, 0, 1, 1, 0, 0, 1, 1, 0, 0, 0, 0, 1, 1, 1, 1, 1, 0, 0, 1, 0, 1, 1]","{'n_estimators': 200, 'max_samples': 0.1, 'max_features': 0.5, 'bootstrap': False, 'bootstrap_features': True}",COMPLETE
1317,0.5774193546524453,2024-07-08 12:49:16.239892,2024-07-08 12:49:38.372872,0 days 00:00:22.132980,BaggingClassifier,Normalize_L1_1,RandomOverSampler,"[0, 0, 0, 0, 0, 1, 1, 1, 0, 0, 0, 1, 1, 1, 1, 1, 0, 1, 1, 0, 0, 1, 1, 0, 1, 1, 1, 1, 0, 0, 0, 1, 1, 0, 0, 0, 1, 1, 0, 0, 0, 1, 1, 0, 0, 1, 1, 1, 0]","{'n_estimators': 100, 'max_samples': 0.1, 'max_features': 1.0, 'bootstrap': False, 'bootstrap_features': True}",COMPLETE
1318,0.7612903223350675,2024-07-08 12:49:16.266927,2024-07-08 12:49:44.528872,0 days 00:00:28.261945,BaggingClassifier,Normalize_L1_1,,"[1, 1, 0, 1, 1, 0, 1, 0, 1, 1, 0, 0, 1, 0, 0, 0, 1, 0, 1, 1, 0, 0, 0, 0, 1, 1, 1, 1, 0, 0, 1, 1, 1, 0, 0, 0, 1, 1, 1, 1, 0, 0, 0, 1, 0, 0, 1, 0, 1]","{'n_estimators': 100, 'max_samples': 1.0, 'max_features': 0.5, 'bootstrap': False, 'bootstrap_features': True}",COMPLETE
1319,0.7806451610385015,2024-07-08 12:49:18.250936,2024-07-08 12:49:33.758825,0 days 00:00:15.507889,BaggingClassifier,Normalize_L1_1,,"[0, 0, 0, 1, 1, 1, 0, 0, 1, 0, 0, 0, 0, 0, 0, 0, 0, 1, 0, 1, 1, 0, 0, 0, 1, 0, 1, 0, 1, 1, 1, 0, 1, 1, 0, 0, 1, 0, 1, 1, 0, 0, 0, 1, 0, 1, 1, 1, 0]","{'n_estimators': 100, 'max_samples': 0.5, 'max_features': 0.5, 'bootstrap': True, 'bootstrap_features': True}",COMPLETE
1320,0.0,2024-07-08 12:49:18.419927,2024-07-08 12:49:26.325686,0 days 00:00:07.905759,BaggingClassifier,,RandomOverSampler,,"{'n_estimators': 200, 'max_samples': 0.5, 'max_features': 0.5, 'bootstrap': False, 'bootstrap_features': False}",COMPLETE
1321,0.8032258061925077,2024-07-08 12:49:18.838946,2024-07-08 12:49:44.235869,0 days 00:00:25.396923,BaggingClassifier,Normalize_L1_1,,"[1, 0, 1, 0, 1, 0, 1, 1, 1, 0, 0, 1, 1, 0, 0, 1, 1, 1, 0, 0, 1, 1, 1, 1, 0, 1, 1, 0, 1, 0, 1, 0, 0, 1, 1, 0, 0, 0, 1, 1, 0, 1, 1, 1, 0, 0, 0, 0, 1]","{'n_estimators': 200, 'max_samples': 0.1, 'max_features': 1.0, 'bootstrap': False, 'bootstrap_features': False}",COMPLETE
1322,0.7645161287856399,2024-07-08 12:49:18.886896,2024-07-08 12:49:44.995382,0 days 00:00:26.108486,BaggingClassifier,Normalize_L1_1,,"[1, 1, 0, 0, 0, 1, 0, 0, 1, 1, 0, 0, 1, 1, 1, 1, 1, 1, 1, 1, 1, 1, 0, 1, 1, 0, 0, 1, 0, 1, 1, 0, 0, 1, 0, 0, 0, 1, 1, 1, 1, 0, 1, 1, 1, 1, 1, 1, 1]","{'n_estimators': 50, 'max_samples': 1.0, 'max_features': 0.5, 'bootstrap': False, 'bootstrap_features': True}",COMPLETE
1323,0.7645161287856399,2024-07-08 12:49:18.975994,2024-07-08 12:49:40.585884,0 days 00:00:21.609890,BaggingClassifier,Normalize_L1_1,,"[0, 1, 1, 0, 0, 1, 1, 1, 0, 0, 1, 1, 0, 1, 0, 1, 0, 1, 0, 0, 1, 0, 0, 1, 1, 1, 0, 1, 0, 1, 1, 0, 0, 1, 1, 0, 1, 1, 0, 0, 0, 0, 0, 0, 1, 0, 1, 1, 0]","{'n_estimators': 10, 'max_samples': 0.1, 'max_features': 1.0, 'bootstrap': True, 'bootstrap_features': True}",COMPLETE
1324,0.23225806444120706,2024-07-08 12:49:19.867101,2024-07-08 12:49:47.982040,0 days 00:00:28.114939,AdaBoostClassifier,Normalize_L1_1,,"[0, 1, 0, 0, 0, 0, 0, 1, 1, 1, 1, 0, 0, 0, 1, 0, 1, 0, 1, 1, 0, 0, 0, 1, 1, 1, 1, 0, 1, 1, 0, 1, 1, 1, 0, 0, 0, 0, 1, 1, 1, 1, 1, 1, 0, 0, 0, 1, 1]","{'n_estimators': 10, 'learning_rate': 10.0, 'algorithm': 'SAMME'}",COMPLETE
1325,0.7645161287856399,2024-07-08 12:49:20.144079,2024-07-08 12:49:43.932884,0 days 00:00:23.788805,BaggingClassifier,Normalize_L1_1,,"[0, 0, 0, 1, 1, 1, 1, 0, 0, 0, 1, 0, 1, 1, 1, 0, 0, 0, 0, 1, 0, 1, 1, 1, 1, 0, 0, 1, 0, 1, 1, 1, 0, 1, 1, 0, 1, 0, 1, 1, 0, 1, 1, 1, 1, 1, 0, 1, 1]","{'n_estimators': 10, 'max_samples': 1.0, 'max_features': 0.5, 'bootstrap': False, 'bootstrap_features': True}",COMPLETE
1326,0.7709677416867845,2024-07-08 12:49:20.291095,2024-07-08 12:49:40.018887,0 days 00:00:19.727792,BaggingClassifier,Normalize_L1_1,,"[0, 0, 1, 1, 1, 0, 0, 1, 0, 1, 1, 1, 0, 1, 1, 0, 0, 0, 1, 1, 0, 1, 1, 1, 0, 1, 0, 0, 0, 1, 1, 1, 0, 1, 1, 1, 1, 1, 1, 1, 1, 1, 0, 1, 0, 0, 0, 0, 0]","{'n_estimators': 50, 'max_samples': 0.5, 'max_features': 1.0, 'bootstrap': True, 'bootstrap_features': True}",COMPLETE
1327,0.7709677416867845,2024-07-08 12:49:20.532059,2024-07-08 12:49:46.169039,0 days 00:00:25.636980,BaggingClassifier,Normalize_L1_1,,"[1, 1, 0, 0, 1, 0, 0, 0, 0, 1, 0, 0, 0, 1, 0, 0, 1, 0, 1, 0, 0, 0, 0, 1, 1, 1, 1, 1, 1, 1, 1, 0, 1, 1, 0, 1, 1, 1, 1, 0, 1, 0, 1, 0, 1, 0, 0, 1, 1]","{'n_estimators': 1000, 'max_samples': 0.5, 'max_features': 0.1, 'bootstrap': False, 'bootstrap_features': False}",COMPLETE
1328,0.7709677416867845,2024-07-08 12:49:20.655095,2024-07-08 12:49:54.330037,0 days 00:00:33.674942,BaggingClassifier,Normalize_L1_1,,"[0, 0, 1, 1, 1, 0, 1, 1, 1, 0, 0, 1, 0, 0, 1, 0, 0, 1, 0, 0, 0, 1, 1, 0, 0, 1, 0, 0, 1, 1, 1, 0, 1, 1, 1, 1, 1, 0, 1, 1, 0, 0, 1, 1, 0, 1, 1, 1, 0]","{'n_estimators': 200, 'max_samples': 0.5, 'max_features': 0.1, 'bootstrap': True, 'bootstrap_features': False}",COMPLETE
1329,0.7999999997419355,2024-07-08 12:49:21.093321,2024-07-08 12:49:44.692881,0 days 00:00:23.599560,BaggingClassifier,Normalize_L1_1,,"[1, 0, 0, 1, 1, 0, 0, 1, 0, 0, 0, 1, 1, 1, 0, 0, 1, 0, 0, 0, 0, 0, 1, 1, 1, 1, 1, 1, 0, 1, 0, 0, 0, 0, 1, 0, 0, 0, 0, 0, 1, 1, 0, 0, 1, 0, 1, 1, 0]","{'n_estimators': 50, 'max_samples': 0.1, 'max_features': 0.1, 'bootstrap': False, 'bootstrap_features': False}",COMPLETE
1330,0.7709677416867845,2024-07-08 12:49:21.664362,2024-07-08 12:49:45.926082,0 days 00:00:24.261720,BaggingClassifier,Normalize_L1_1,,"[1, 0, 0, 0, 1, 1, 0, 1, 0, 1, 1, 0, 1, 0, 1, 0, 0, 0, 1, 1, 1, 1, 0, 1, 0, 0, 1, 1, 0, 0, 1, 0, 1, 0, 1, 0, 0, 1, 0, 0, 1, 0, 0, 1, 1, 0, 1, 1, 0]","{'n_estimators': 1000, 'max_samples': 0.5, 'max_features': 0.1, 'bootstrap': False, 'bootstrap_features': True}",COMPLETE
1331,0.0,2024-07-08 12:49:21.912352,2024-07-08 12:49:45.783040,0 days 00:00:23.870688,SVC,Normalize_L1_1,,"[0, 0, 1, 0, 1, 1, 1, 1, 1, 0, 0, 1, 0, 0, 0, 0, 0, 1, 0, 0, 0, 0, 1, 1, 1, 1, 1, 1, 1, 0, 0, 1, 0, 1, 1, 1, 0, 1, 0, 1, 0, 1, 1, 0, 1, 0, 1, 1, 1]","{'C': 0.01, 'kernel': 'poly', 'degree': 4, 'gamma': '0.001', 'coef0': 0.5, 'shrinking': True, 'probability': False, 'class_weight': None, 'decision_function_shape': 'ovo'}",COMPLETE
1332,0.7935483868407908,2024-07-08 12:49:22.208360,2024-07-08 12:49:44.091887,0 days 00:00:21.883527,BaggingClassifier,Normalize_L1_1,,"[0, 1, 0, 1, 1, 1, 1, 0, 0, 1, 0, 0, 0, 0, 0, 0, 0, 1, 1, 1, 1, 0, 0, 0, 0, 1, 1, 1, 0, 1, 1, 1, 1, 1, 1, 0, 0, 1, 0, 1, 1, 0, 1, 0, 0, 1, 1, 1, 1]","{'n_estimators': 200, 'max_samples': 0.1, 'max_features': 0.1, 'bootstrap': True, 'bootstrap_features': False}",COMPLETE
1333,0.7935483868407908,2024-07-08 12:49:22.883467,2024-07-08 12:49:45.586348,0 days 00:00:22.702881,SVC,Normalize_L1_1,,"[1, 0, 1, 1, 1, 1, 1, 1, 1, 0, 1, 1, 1, 1, 1, 0, 0, 1, 0, 1, 0, 1, 0, 0, 0, 1, 0, 0, 1, 0, 1, 1, 0, 1, 1, 0, 1, 1, 0, 1, 0, 1, 1, 0, 0, 0, 1, 0, 1]","{'C': 100.0, 'kernel': 'rbf', 'degree': 2, 'gamma': 'auto', 'coef0': 0.5, 'shrinking': False, 'probability': False, 'class_weight': 'balanced', 'decision_function_shape': 'ovr'}",COMPLETE
1334,0.7935483868407908,2024-07-08 12:49:23.306452,2024-07-08 12:49:47.173042,0 days 00:00:23.866590,AdaBoostClassifier,Normalize_L1_1,,"[1, 1, 0, 0, 1, 0, 1, 0, 1, 0, 0, 1, 0, 1, 1, 0, 1, 0, 0, 0, 1, 0, 1, 1, 0, 1, 0, 1, 1, 0, 0, 1, 0, 1, 1, 0, 0, 0, 0, 0, 0, 0, 1, 0, 1, 0, 0, 1, 1]","{'n_estimators': 10, 'learning_rate': 1.0, 'algorithm': 'SAMME'}",COMPLETE
1335,0.0,2024-07-08 12:49:23.435444,2024-07-08 12:49:46.519046,0 days 00:00:23.083602,SVC,Normalize_L1_1,,"[1, 1, 1, 1, 0, 0, 1, 1, 1, 1, 1, 1, 1, 1, 0, 1, 1, 0, 1, 0, 0, 1, 0, 0, 0, 0, 1, 0, 0, 0, 0, 1, 0, 0, 1, 1, 0, 1, 1, 0, 1, 1, 0, 1, 1, 1, 1, 1, 0]","{'C': 1.0, 'kernel': 'rbf', 'degree': 4, 'gamma': '0.001', 'coef0': 2.0, 'shrinking': True, 'probability': True, 'class_weight': None, 'decision_function_shape': 'ovo'}",COMPLETE
1336,0.7741935481373569,2024-07-08 12:49:23.797456,2024-07-08 12:49:46.581040,0 days 00:00:22.783584,BaggingClassifier,Normalize_L1_1,,"[0, 1, 0, 1, 0, 1, 0, 0, 1, 0, 1, 1, 1, 1, 1, 0, 0, 0, 0, 0, 1, 1, 1, 0, 1, 0, 0, 1, 1, 0, 0, 0, 0, 0, 0, 0, 0, 1, 1, 1, 1, 0, 1, 1, 1, 0, 0, 0, 0]","{'n_estimators': 200, 'max_samples': 0.5, 'max_features': 1.0, 'bootstrap': False, 'bootstrap_features': False}",COMPLETE
1337,0.7612903223350675,2024-07-08 12:49:23.931416,2024-07-08 12:49:42.146873,0 days 00:00:18.215457,BaggingClassifier,Normalize_L1_1,,"[0, 1, 0, 1, 0, 0, 1, 1, 0, 1, 0, 0, 0, 1, 0, 1, 1, 1, 1, 0, 1, 0, 1, 1, 0, 1, 1, 0, 0, 0, 1, 1, 1, 1, 0, 0, 1, 1, 0, 1, 0, 0, 1, 1, 0, 1, 0, 0, 1]","{'n_estimators': 10, 'max_samples': 0.5, 'max_features': 0.5, 'bootstrap': True, 'bootstrap_features': False}",COMPLETE
1338,0.7935483868407908,2024-07-08 12:49:24.564438,2024-07-08 12:49:45.095394,0 days 00:00:20.530956,SVC,Normalize_L1_1,,"[0, 1, 0, 0, 0, 0, 1, 1, 1, 0, 0, 0, 0, 0, 1, 0, 1, 1, 1, 1, 0, 1, 1, 0, 1, 1, 0, 0, 0, 1, 1, 0, 0, 0, 0, 1, 1, 1, 1, 0, 1, 0, 0, 0, 0, 0, 0, 1, 1]","{'C': 0.1, 'kernel': 'sigmoid', 'degree': 2, 'gamma': 'auto', 'coef0': 2.0, 'shrinking': True, 'probability': False, 'class_weight': None, 'decision_function_shape': 'ovo'}",COMPLETE
1339,0.0,2024-07-08 12:49:24.680436,2024-07-08 12:49:48.303038,0 days 00:00:23.622602,SVC,Normalize_L1_1,ADASYN,"[1, 0, 0, 1, 1, 0, 0, 1, 0, 1, 1, 0, 0, 0, 0, 0, 0, 0, 1, 0, 1, 1, 0, 1, 1, 0, 0, 1, 0, 1, 1, 1, 1, 1, 0, 1, 0, 1, 0, 1, 0, 1, 1, 0, 1, 1, 0, 1, 1]","{'C': 10.0, 'kernel': 'sigmoid', 'degree': 3, 'gamma': '0.1', 'coef0': 0.5, 'shrinking': True, 'probability': True, 'class_weight': None, 'decision_function_shape': 'ovo'}",COMPLETE
1340,0.0,2024-07-08 12:49:24.747440,2024-07-08 12:50:03.985089,0 days 00:00:39.237649,GradientBoostingClassifier,Normalize_L1_1,,"[0, 1, 1, 0, 0, 0, 0, 1, 0, 0, 0, 0, 0, 0, 1, 0, 0, 0, 1, 1, 1, 1, 1, 1, 0, 0, 1, 0, 1, 0, 0, 0, 1, 1, 0, 1, 0, 1, 0, 0, 0, 1, 1, 0, 0, 1, 1, 1, 1]","{'n_estimators': 100, 'learning_rate': 1.0, 'max_depth': 3, 'min_samples_split': 2, 'min_samples_leaf': 50, 'subsample': 0.7, 'max_features': 'auto'}",COMPLETE
1341,0.6129032256087409,2024-07-08 12:49:26.115728,2024-07-08 12:50:09.036037,0 days 00:00:42.920309,BaggingClassifier,Normalize_L1_1,SMOTEENN,"[1, 1, 0, 0, 1, 1, 0, 0, 1, 0, 1, 1, 1, 1, 1, 1, 1, 1, 1, 0, 1, 1, 1, 0, 0, 1, 1, 0, 0, 0, 0, 1, 1, 1, 1, 0, 1, 0, 0, 1, 1, 1, 1, 1, 0, 1, 1, 1, 1]","{'n_estimators': 200, 'max_samples': 0.1, 'max_features': 0.1, 'bootstrap': True, 'bootstrap_features': False}",COMPLETE
1342,0.0,2024-07-08 12:49:28.292755,2024-07-08 12:49:48.176040,0 days 00:00:19.883285,SVC,Normalize_L1_1,,"[0, 0, 1, 0, 1, 0, 1, 0, 0, 1, 0, 0, 1, 0, 0, 1, 1, 0, 1, 0, 0, 1, 1, 1, 1, 1, 1, 0, 1, 1, 1, 0, 0, 0, 1, 0, 1, 1, 0, 0, 0, 1, 0, 1, 1, 1, 1, 0, 0]","{'C': 0.1, 'kernel': 'sigmoid', 'degree': 4, 'gamma': '0.1', 'coef0': 0.1, 'shrinking': True, 'probability': True, 'class_weight': None, 'decision_function_shape': 'ovr'}",COMPLETE
1343,0.7935483868407908,2024-07-08 12:49:28.537796,2024-07-08 12:49:45.588355,0 days 00:00:17.050559,AdaBoostClassifier,Normalize_L1_1,,"[1, 1, 0, 0, 1, 0, 0, 1, 1, 1, 1, 0, 1, 1, 1, 1, 0, 0, 1, 1, 0, 1, 0, 0, 1, 0, 1, 1, 0, 1, 1, 0, 1, 1, 0, 1, 1, 1, 0, 1, 0, 1, 1, 1, 0, 0, 1, 0, 0]","{'n_estimators': 10, 'learning_rate': 0.1, 'algorithm': 'SAMME'}",COMPLETE
1344,0.7096774191259104,2024-07-08 12:49:29.706795,2024-07-08 12:50:11.872037,0 days 00:00:42.165242,GradientBoostingClassifier,Normalize_L1_1,,"[0, 0, 0, 0, 1, 1, 0, 0, 1, 0, 1, 1, 0, 0, 1, 0, 0, 1, 1, 1, 1, 1, 1, 1, 0, 1, 0, 0, 1, 1, 0, 0, 0, 1, 0, 1, 0, 0, 0, 1, 0, 0, 0, 0, 0, 1, 0, 0, 0]","{'n_estimators': 500, 'learning_rate': 0.5, 'max_depth': 9, 'min_samples_split': 100, 'min_samples_leaf': 1, 'subsample': 0.5, 'max_features': None}",COMPLETE
1345,0.7935483868407908,2024-07-08 12:49:29.925795,2024-07-08 12:49:46.069081,0 days 00:00:16.143286,SVC,Normalize_L1_1,,"[0, 0, 0, 1, 1, 0, 1, 0, 0, 0, 1, 1, 1, 1, 1, 0, 1, 1, 0, 0, 1, 1, 1, 0, 0, 1, 1, 0, 1, 1, 0, 1, 1, 1, 0, 0, 0, 0, 0, 1, 0, 0, 1, 0, 1, 0, 1, 0, 0]","{'C': 0.1, 'kernel': 'rbf', 'degree': 5, 'gamma': 'auto', 'coef0': 0.1, 'shrinking': True, 'probability': True, 'class_weight': None, 'decision_function_shape': 'ovr'}",COMPLETE
1346,0.43548387082726325,2024-07-08 12:49:30.075755,2024-07-08 12:50:06.370040,0 days 00:00:36.294285,GradientBoostingClassifier,Normalize_L1_1,SMOTEENN,"[0, 0, 1, 0, 1, 1, 1, 1, 0, 0, 0, 0, 1, 0, 1, 1, 1, 0, 1, 0, 1, 0, 1, 0, 0, 1, 0, 0, 1, 0, 1, 0, 0, 1, 1, 0, 0, 1, 1, 1, 1, 1, 0, 1, 1, 0, 0, 1, 1]","{'n_estimators': 500, 'learning_rate': 1.0, 'max_depth': 5, 'min_samples_split': 5, 'min_samples_leaf': 50, 'subsample': 0.7, 'max_features': 'sqrt'}",COMPLETE
1347,0.4258064514755463,2024-07-08 12:49:30.323795,2024-07-08 12:49:57.222041,0 days 00:00:26.898246,BaggingClassifier,Normalize_L1_1,ADASYN,"[0, 1, 0, 0, 0, 1, 0, 1, 1, 0, 1, 1, 0, 1, 0, 0, 0, 1, 1, 1, 1, 1, 1, 1, 1, 0, 1, 0, 1, 0, 0, 1, 1, 1, 0, 0, 1, 0, 1, 0, 0, 0, 0, 1, 0, 1, 0, 0, 1]","{'n_estimators': 100, 'max_samples': 0.5, 'max_features': 1.0, 'bootstrap': True, 'bootstrap_features': False}",COMPLETE
1348,0.44193548372840785,2024-07-08 12:49:31.228796,2024-07-08 12:50:03.617049,0 days 00:00:32.388253,GradientBoostingClassifier,Normalize_L1_1,ADASYN,"[0, 1, 0, 1, 1, 1, 1, 0, 1, 0, 1, 0, 1, 1, 1, 0, 0, 0, 1, 1, 0, 1, 1, 1, 0, 0, 1, 1, 0, 0, 1, 0, 1, 1, 1, 1, 1, 0, 0, 0, 1, 1, 1, 0, 0, 0, 0, 0, 1]","{'n_estimators': 500, 'learning_rate': 10.0, 'max_depth': 3, 'min_samples_split': 5, 'min_samples_leaf': 50, 'subsample': 1.0, 'max_features': 'log2'}",COMPLETE
1349,0.7967741932913631,2024-07-08 12:49:33.119846,2024-07-08 12:50:18.302037,0 days 00:00:45.182191,BaggingClassifier,Normalize_L1_1,,"[1, 0, 0, 1, 1, 1, 0, 1, 0, 1, 1, 1, 1, 1, 1, 0, 1, 1, 0, 1, 0, 0, 1, 0, 1, 1, 0, 1, 1, 1, 0, 1, 1, 0, 0, 1, 0, 1, 0, 1, 1, 1, 0, 1, 0, 1, 1, 0, 1]","{'n_estimators': 100, 'max_samples': 0.1, 'max_features': 0.1, 'bootstrap': True, 'bootstrap_features': False}",COMPLETE
1350,0.7645161287856399,2024-07-08 12:49:36.551883,2024-07-08 12:50:23.797066,0 days 00:00:47.245183,BaggingClassifier,Normalize_L1_1,,"[0, 0, 0, 1, 1, 1, 1, 1, 0, 1, 1, 1, 1, 0, 1, 0, 0, 1, 0, 0, 1, 0, 0, 0, 1, 0, 0, 1, 1, 0, 1, 1, 0, 1, 0, 0, 0, 1, 1, 1, 0, 0, 1, 1, 0, 0, 1, 1, 0]","{'n_estimators': 200, 'max_samples': 0.5, 'max_features': 1.0, 'bootstrap': False, 'bootstrap_features': True}",COMPLETE
