number,value,datetime_start,datetime_complete,duration,params_model,params_normTechnique,params_sampleTechnique,user_attrs_binIndices,user_attrs_hyperparams,state
2970,0.7741935481373569,2024-07-08 13:18:34.857285,2024-07-08 13:19:28.605348,0 days 00:00:53.748063,BaggingClassifier,Normalize_L1_1,,"[0, 1, 1, 0, 0, 0, 1, 0, 1, 0, 1, 0, 0, 1, 1, 1, 1, 0, 1, 1, 0, 1, 1, 0, 0, 1, 1, 0, 0, 0, 0, 1, 1, 1, 1, 1, 0, 1, 1, 0, 0, 1, 1, 0, 0, 0, 1, 0, 0]","{'n_estimators': 1000, 'max_samples': 0.5, 'max_features': 1.0, 'bootstrap': True, 'bootstrap_features': False}",COMPLETE
2971,0.42258064502497394,2024-07-08 13:18:35.095286,2024-07-08 13:19:39.281302,0 days 00:01:04.186016,BaggingClassifier,Normalize_L1_1,SMOTETomek,"[1, 1, 1, 1, 0, 0, 1, 1, 0, 0, 0, 1, 1, 0, 1, 0, 0, 1, 1, 0, 0, 1, 0, 0, 1, 0, 0, 0, 1, 0, 1, 1, 1, 1, 1, 0, 1, 0, 1, 1, 0, 0, 1, 1, 1, 0, 0, 1, 1]","{'n_estimators': 1000, 'max_samples': 1.0, 'max_features': 1.0, 'bootstrap': False, 'bootstrap_features': True}",COMPLETE
2972,0.7612903223350675,2024-07-08 13:18:35.295286,2024-07-08 13:19:17.326287,0 days 00:00:42.031001,BaggingClassifier,Normalize_L1_1,,"[0, 0, 1, 0, 0, 1, 0, 1, 0, 1, 0, 0, 1, 0, 0, 0, 0, 1, 0, 1, 0, 0, 1, 1, 1, 1, 1, 0, 1, 0, 0, 1, 1, 0, 0, 0, 0, 1, 0, 0, 0, 1, 0, 1, 1, 0, 1, 1, 0]","{'n_estimators': 500, 'max_samples': 1.0, 'max_features': 1.0, 'bootstrap': False, 'bootstrap_features': False}",COMPLETE
2973,0.7774193545879292,2024-07-08 13:18:37.586287,2024-07-08 13:19:28.267308,0 days 00:00:50.681021,KNeighborsClassifier,Normalize_L1_1,TomekLinks,"[1, 1, 1, 0, 0, 1, 1, 0, 0, 0, 1, 0, 1, 1, 1, 1, 0, 1, 1, 0, 0, 0, 1, 1, 0, 1, 1, 0, 0, 1, 0, 1, 1, 0, 1, 1, 1, 0, 0, 1, 0, 1, 1, 0, 0, 0, 0, 0, 1]","{'n_neighbors': 20, 'weights': 'uniform', 'algorithm': 'auto', 'leaf_size': 50, 'p': 1, 'metric': 'manhattan'}",COMPLETE
2974,0.7677419352362123,2024-07-08 13:18:37.685342,2024-07-08 13:19:15.299287,0 days 00:00:37.613945,BaggingClassifier,Normalize_L1_1,,"[0, 0, 0, 0, 1, 0, 0, 1, 1, 1, 1, 1, 1, 1, 0, 1, 1, 0, 1, 0, 0, 0, 0, 0, 1, 0, 0, 1, 1, 1, 1, 1, 0, 0, 0, 0, 1, 1, 0, 1, 0, 0, 0, 1, 0, 1, 1, 1, 0]","{'n_estimators': 100, 'max_samples': 0.5, 'max_features': 0.1, 'bootstrap': False, 'bootstrap_features': True}",COMPLETE
2975,0.7677419352362123,2024-07-08 13:18:38.834286,2024-07-08 13:19:13.334315,0 days 00:00:34.500029,BaggingClassifier,Normalize_L1_1,,"[1, 1, 0, 1, 1, 0, 0, 1, 1, 1, 0, 1, 0, 0, 0, 1, 0, 1, 0, 1, 0, 1, 1, 1, 1, 0, 1, 0, 0, 0, 0, 1, 0, 0, 0, 1, 0, 0, 0, 1, 0, 0, 1, 1, 0, 1, 1, 1, 1]","{'n_estimators': 50, 'max_samples': 0.5, 'max_features': 1.0, 'bootstrap': False, 'bootstrap_features': True}",COMPLETE
2976,0.7612903223350675,2024-07-08 13:18:40.028289,2024-07-08 13:19:17.420286,0 days 00:00:37.391997,BaggingClassifier,Normalize_L1_1,,"[0, 1, 0, 0, 0, 0, 1, 1, 0, 0, 1, 1, 1, 0, 1, 0, 1, 0, 0, 0, 0, 1, 0, 0, 0, 0, 0, 0, 1, 1, 1, 1, 1, 0, 1, 0, 0, 0, 0, 0, 1, 1, 0, 1, 0, 0, 1, 0, 0]","{'n_estimators': 10, 'max_samples': 0.5, 'max_features': 1.0, 'bootstrap': True, 'bootstrap_features': False}",COMPLETE
2977,0.7709677416867845,2024-07-08 13:18:40.643287,2024-07-08 13:19:30.970302,0 days 00:00:50.327015,BaggingClassifier,Normalize_L1_1,,"[1, 1, 1, 0, 0, 0, 0, 1, 0, 1, 0, 0, 0, 1, 1, 1, 0, 0, 0, 1, 0, 0, 1, 0, 0, 1, 1, 1, 0, 0, 1, 1, 1, 1, 1, 0, 0, 0, 1, 1, 1, 0, 0, 1, 1, 1, 1, 1, 1]","{'n_estimators': 1000, 'max_samples': 0.5, 'max_features': 1.0, 'bootstrap': False, 'bootstrap_features': False}",COMPLETE
2978,0.4322580643766909,2024-07-08 13:18:40.840288,2024-07-08 13:19:24.219302,0 days 00:00:43.379014,BaggingClassifier,Normalize_L1_1,SMOTETomek,"[1, 1, 1, 0, 0, 1, 1, 1, 1, 0, 0, 0, 1, 0, 0, 0, 0, 1, 1, 1, 0, 1, 0, 0, 1, 0, 1, 1, 0, 1, 0, 0, 1, 0, 1, 1, 0, 1, 0, 1, 0, 1, 0, 1, 0, 1, 0, 1, 1]","{'n_estimators': 10, 'max_samples': 0.5, 'max_features': 1.0, 'bootstrap': False, 'bootstrap_features': False}",COMPLETE
2979,0.7677419352362123,2024-07-08 13:18:40.967290,2024-07-08 13:19:17.376287,0 days 00:00:36.408997,BaggingClassifier,Normalize_L1_1,,"[1, 0, 0, 0, 0, 0, 1, 0, 0, 1, 0, 0, 0, 1, 0, 0, 0, 1, 1, 1, 1, 0, 1, 1, 0, 1, 0, 1, 1, 1, 0, 0, 0, 0, 1, 0, 0, 1, 1, 0, 0, 0, 1, 1, 1, 1, 0, 0, 1]","{'n_estimators': 500, 'max_samples': 1.0, 'max_features': 0.1, 'bootstrap': True, 'bootstrap_features': True}",COMPLETE
2980,0.8096774190936524,2024-07-08 13:18:41.441287,2024-07-08 13:19:28.259306,0 days 00:00:46.818019,BaggingClassifier,Normalize_L1_1,,"[0, 0, 0, 0, 0, 1, 0, 0, 1, 0, 1, 1, 1, 1, 0, 1, 1, 0, 0, 1, 1, 1, 1, 1, 1, 1, 1, 0, 1, 0, 0, 1, 0, 1, 1, 1, 1, 0, 0, 0, 0, 1, 1, 1, 0, 0, 1, 1, 0]","{'n_estimators': 500, 'max_samples': 0.1, 'max_features': 1.0, 'bootstrap': False, 'bootstrap_features': False}",COMPLETE
2981,0.7645161287856399,2024-07-08 13:18:41.960286,2024-07-08 13:19:25.022303,0 days 00:00:43.062017,BaggingClassifier,Normalize_L1_1,,"[0, 1, 1, 0, 1, 1, 1, 0, 1, 0, 0, 0, 1, 0, 0, 0, 0, 0, 1, 0, 1, 1, 1, 0, 1, 0, 1, 1, 1, 1, 0, 0, 0, 0, 1, 0, 0, 0, 1, 0, 0, 0, 0, 0, 0, 1, 1, 0, 0]","{'n_estimators': 50, 'max_samples': 0.5, 'max_features': 0.1, 'bootstrap': False, 'bootstrap_features': True}",COMPLETE
2982,0.7645161287856399,2024-07-08 13:18:42.122323,2024-07-08 13:19:28.510302,0 days 00:00:46.387979,BaggingClassifier,Normalize_L1_1,,"[1, 0, 0, 1, 1, 1, 0, 0, 1, 1, 0, 0, 1, 0, 1, 1, 1, 1, 0, 1, 1, 1, 0, 0, 1, 0, 1, 0, 1, 1, 1, 0, 0, 1, 0, 1, 1, 0, 0, 0, 0, 1, 1, 1, 0, 0, 0, 1, 0]","{'n_estimators': 1000, 'max_samples': 1.0, 'max_features': 0.5, 'bootstrap': True, 'bootstrap_features': True}",COMPLETE
2983,0.7967741932913631,2024-07-08 13:18:42.362287,2024-07-08 13:19:24.285302,0 days 00:00:41.923015,BaggingClassifier,Normalize_L1_1,,"[1, 1, 1, 1, 0, 1, 0, 1, 1, 0, 0, 0, 1, 1, 0, 0, 0, 1, 0, 0, 1, 0, 1, 0, 1, 0, 1, 1, 0, 0, 1, 0, 1, 0, 1, 0, 1, 1, 0, 1, 0, 1, 0, 0, 1, 0, 1, 1, 0]","{'n_estimators': 500, 'max_samples': 0.1, 'max_features': 0.1, 'bootstrap': False, 'bootstrap_features': True}",COMPLETE
2984,0.32258064505723205,2024-07-08 13:18:42.474286,2024-07-08 13:19:30.955303,0 days 00:00:48.481017,BaggingClassifier,Normalize_L1_0,RandomUnderSampler,"[1, 1, 0, 0, 1, 1, 1, 0, 0, 0, 1, 0, 0, 0, 0, 1, 0, 1, 1, 0, 1, 0, 0, 1, 0, 1, 0, 1, 1, 1, 0, 0, 1, 1, 0, 1, 0, 1, 1, 0, 1, 0, 0, 0, 1, 0, 0, 1, 0]","{'n_estimators': 100, 'max_samples': 0.1, 'max_features': 0.5, 'bootstrap': True, 'bootstrap_features': False}",COMPLETE
2985,0.7612903223350675,2024-07-08 13:18:42.888286,2024-07-08 13:19:27.099310,0 days 00:00:44.211024,BaggingClassifier,Normalize_L1_1,,"[1, 1, 1, 0, 1, 1, 0, 0, 1, 1, 0, 0, 1, 0, 0, 1, 0, 0, 1, 1, 1, 1, 0, 1, 1, 0, 1, 0, 1, 0, 1, 0, 0, 1, 0, 1, 0, 0, 1, 0, 1, 1, 0, 0, 0, 1, 1, 1, 0]","{'n_estimators': 10, 'max_samples': 1.0, 'max_features': 1.0, 'bootstrap': True, 'bootstrap_features': True}",COMPLETE
2986,0.7838709674890738,2024-07-08 13:18:43.880286,2024-07-08 13:19:15.949289,0 days 00:00:32.069003,BaggingClassifier,Normalize_L1_1,,"[1, 0, 0, 0, 1, 0, 0, 0, 1, 1, 0, 0, 0, 0, 0, 0, 0, 0, 1, 0, 0, 0, 1, 1, 0, 0, 0, 1, 0, 1, 1, 1, 0, 0, 0, 1, 0, 0, 1, 0, 1, 0, 1, 1, 0, 0, 0, 1, 0]","{'n_estimators': 200, 'max_samples': 0.5, 'max_features': 0.1, 'bootstrap': True, 'bootstrap_features': True}",COMPLETE
2987,0.7806451610385015,2024-07-08 13:18:44.440289,2024-07-08 13:19:15.909289,0 days 00:00:31.469000,BaggingClassifier,Normalize_L1_1,,"[0, 1, 1, 1, 1, 0, 0, 0, 0, 0, 1, 1, 1, 0, 1, 0, 1, 1, 1, 1, 1, 0, 0, 1, 1, 0, 0, 1, 1, 1, 0, 0, 0, 1, 1, 0, 1, 0, 1, 0, 1, 0, 1, 0, 0, 1, 1, 1, 1]","{'n_estimators': 10, 'max_samples': 0.1, 'max_features': 1.0, 'bootstrap': False, 'bootstrap_features': True}",COMPLETE
2988,0.7612903223350675,2024-07-08 13:18:45.865286,2024-07-08 13:19:40.723308,0 days 00:00:54.858022,BaggingClassifier,Normalize_L1_1,TomekLinks,"[1, 1, 1, 1, 0, 1, 0, 0, 1, 0, 0, 1, 0, 0, 1, 0, 0, 0, 0, 1, 1, 0, 0, 1, 0, 0, 1, 0, 0, 1, 0, 1, 1, 0, 1, 0, 0, 1, 0, 0, 1, 0, 1, 1, 1, 0, 1, 1, 0]","{'n_estimators': 1000, 'max_samples': 0.5, 'max_features': 1.0, 'bootstrap': True, 'bootstrap_features': True}",COMPLETE
2989,0.7645161287856399,2024-07-08 13:18:46.060286,2024-07-08 13:19:41.520308,0 days 00:00:55.460022,BaggingClassifier,Normalize_L1_1,,"[1, 0, 1, 0, 0, 0, 1, 1, 0, 0, 1, 1, 0, 0, 0, 1, 1, 0, 0, 1, 0, 1, 0, 1, 1, 1, 1, 1, 0, 1, 1, 0, 1, 1, 1, 0, 1, 1, 0, 0, 1, 0, 1, 0, 0, 1, 1, 0, 0]","{'n_estimators': 1000, 'max_samples': 1.0, 'max_features': 0.5, 'bootstrap': False, 'bootstrap_features': True}",COMPLETE
2990,0.5677419353007284,2024-07-08 13:18:46.323286,2024-07-08 13:19:29.359302,0 days 00:00:43.036016,ExtraTreesClassifier,StandardScaler,RandomUnderSampler,"[0, 0, 1, 0, 0, 1, 0, 1, 0, 0, 0, 1, 1, 0, 1, 0, 0, 0, 0, 0, 1, 1, 1, 1, 0, 0, 0, 0, 1, 0, 1, 1, 1, 0, 0, 1, 0, 1, 1, 1, 0, 0, 1, 1, 0, 1, 1, 1, 1]","{'n_estimators': 500, 'max_features': 'sqrt', 'max_depth': None, 'min_samples_split': 2, 'min_samples_leaf': 100, 'bootstrap': False}",COMPLETE
2991,0.6419354836638917,2024-07-08 13:18:46.484287,2024-07-08 13:19:36.419301,0 days 00:00:49.935014,BaggingClassifier,StandardScaler,TomekLinks,"[0, 1, 0, 0, 1, 0, 0, 0, 1, 0, 0, 0, 1, 1, 1, 0, 1, 1, 0, 0, 0, 0, 0, 0, 0, 1, 1, 1, 0, 0, 0, 0, 0, 0, 1, 1, 1, 0, 0, 0, 1, 0, 1, 1, 0, 0, 1, 0, 1]","{'n_estimators': 500, 'max_samples': 0.5, 'max_features': 1.0, 'bootstrap': False, 'bootstrap_features': False}",COMPLETE
2992,0.754838709433923,2024-07-08 13:18:46.893292,2024-07-08 13:19:31.233329,0 days 00:00:44.340037,BaggingClassifier,Normalize_L1_1,TomekLinks,"[1, 1, 0, 0, 1, 0, 0, 0, 0, 0, 1, 1, 1, 0, 1, 0, 1, 1, 0, 1, 1, 0, 1, 0, 0, 0, 1, 1, 0, 0, 1, 0, 1, 0, 1, 1, 0, 0, 0, 0, 1, 0, 0, 0, 0, 1, 1, 1, 1]","{'n_estimators': 10, 'max_samples': 0.1, 'max_features': 0.5, 'bootstrap': True, 'bootstrap_features': False}",COMPLETE
2993,0.45483870953069716,2024-07-08 13:18:47.419286,2024-07-08 13:19:32.192302,0 days 00:00:44.773016,BaggingClassifier,Normalize_L2_1,SMOTE,"[1, 0, 0, 1, 0, 0, 0, 0, 0, 1, 0, 0, 0, 1, 1, 1, 0, 1, 1, 1, 0, 0, 0, 1, 1, 1, 1, 1, 0, 0, 1, 0, 0, 0, 0, 1, 0, 1, 0, 0, 0, 0, 0, 1, 0, 0, 1, 0, 1]","{'n_estimators': 10, 'max_samples': 0.1, 'max_features': 0.1, 'bootstrap': False, 'bootstrap_features': True}",COMPLETE
2994,0.0,2024-07-08 13:18:50.616284,2024-07-08 13:19:28.248306,0 days 00:00:37.632022,ExtraTreesClassifier,Normalize_L1_0,,"[1, 1, 1, 1, 0, 0, 0, 1, 1, 1, 0, 0, 1, 0, 0, 0, 1, 0, 0, 0, 0, 0, 0, 1, 0, 1, 0, 0, 1, 0, 1, 0, 0, 0, 0, 1, 0, 0, 1, 1, 0, 0, 1, 1, 0, 1, 1, 1, 0]","{'n_estimators': 200, 'max_features': 'auto', 'max_depth': 100, 'min_samples_split': 2, 'min_samples_leaf': 100, 'bootstrap': True}",COMPLETE
2995,0.5419354836961499,2024-07-08 13:18:51.295289,2024-07-08 13:19:37.677303,0 days 00:00:46.382014,BaggingClassifier,StandardScaler,RandomUnderSampler,"[1, 1, 0, 0, 0, 0, 1, 1, 1, 0, 0, 0, 1, 0, 0, 1, 1, 0, 0, 1, 0, 1, 0, 1, 0, 1, 0, 0, 1, 0, 1, 0, 1, 1, 1, 1, 0, 1, 1, 1, 1, 1, 0, 1, 0, 0, 0, 0, 0]","{'n_estimators': 1000, 'max_samples': 0.1, 'max_features': 0.1, 'bootstrap': False, 'bootstrap_features': False}",COMPLETE
2996,0.0,2024-07-08 13:18:53.243287,2024-07-08 13:19:30.957307,0 days 00:00:37.714020,ExtraTreesClassifier,Normalize_L1_0,TomekLinks,"[1, 0, 1, 1, 1, 1, 0, 1, 1, 1, 0, 1, 0, 1, 1, 1, 0, 0, 1, 0, 1, 1, 0, 1, 0, 1, 0, 0, 1, 1, 1, 1, 0, 1, 1, 0, 1, 1, 1, 0, 1, 1, 0, 0, 0, 1, 1, 0, 1]","{'n_estimators': 200, 'max_features': 'auto', 'max_depth': None, 'min_samples_split': 10, 'min_samples_leaf': 50, 'bootstrap': False}",COMPLETE
2997,0.6129032256087409,2024-07-08 13:18:59.010286,2024-07-08 13:19:30.860304,0 days 00:00:31.850018,BaggingClassifier,StandardScaler,TomekLinks,"[1, 1, 0, 1, 1, 0, 1, 0, 0, 1, 0, 0, 0, 1, 0, 1, 1, 1, 1, 0, 1, 1, 0, 0, 1, 1, 1, 0, 1, 1, 0, 0, 1, 0, 0, 0, 0, 0, 0, 1, 0, 0, 1, 1, 0, 0, 0, 1, 0]","{'n_estimators': 100, 'max_samples': 1.0, 'max_features': 0.5, 'bootstrap': True, 'bootstrap_features': True}",COMPLETE
2998,0.7838709674890738,2024-07-08 13:19:13.120292,2024-07-08 13:19:31.352302,0 days 00:00:18.232010,BaggingClassifier,Normalize_L2_1,TomekLinks,"[1, 1, 1, 1, 1, 0, 1, 0, 0, 1, 0, 0, 0, 1, 1, 0, 1, 0, 1, 1, 1, 1, 0, 1, 1, 0, 0, 1, 1, 0, 1, 1, 1, 1, 0, 1, 1, 1, 0, 1, 0, 0, 1, 0, 0, 0, 0, 1, 1]","{'n_estimators': 10, 'max_samples': 0.1, 'max_features': 0.5, 'bootstrap': False, 'bootstrap_features': True}",COMPLETE
2999,0.5032258062892819,2024-07-08 13:19:19.195286,2024-07-08 13:19:37.447303,0 days 00:00:18.252017,BaggingClassifier,Normalize_L1_1,RandomUnderSampler,"[0, 0, 0, 1, 1, 0, 0, 0, 1, 1, 0, 1, 1, 0, 0, 1, 1, 1, 0, 1, 1, 1, 0, 0, 0, 1, 1, 0, 0, 1, 0, 1, 1, 0, 0, 0, 0, 0, 1, 1, 1, 1, 1, 1, 0, 0, 0, 1, 1]","{'n_estimators': 500, 'max_samples': 1.0, 'max_features': 0.1, 'bootstrap': True, 'bootstrap_features': False}",COMPLETE
