number,value,datetime_start,datetime_complete,duration,params_model,params_normTechnique,params_sampleTechnique,user_attrs_binIndices,user_attrs_hyperparams,state
766,0.7483870965327784,2024-07-08 12:41:23.598137,2024-07-08 12:41:44.513128,0 days 00:00:20.914991,KNeighborsClassifier,Normalize_L1_1,,"[1, 0, 1, 0, 0, 1, 0, 1, 1, 1, 0, 1, 0, 1, 1, 1, 1, 1, 1, 1, 0, 0, 0, 1, 0, 1, 1, 1, 0, 0, 0, 1, 1, 0, 0, 1, 1, 0, 0, 0, 1, 1, 0, 1, 0, 0, 0, 1, 0]","{'n_neighbors': 5, 'weights': 'distance', 'algorithm': 'kd_tree', 'leaf_size': 50, 'p': 2, 'metric': 'manhattan'}",COMPLETE
767,0.0,2024-07-08 12:41:24.367138,2024-07-08 12:41:44.181126,0 days 00:00:19.813988,SVC,,,,"{'C': 0.1, 'kernel': 'rbf', 'degree': 3, 'gamma': '1', 'coef0': 0.5, 'shrinking': False, 'probability': False, 'class_weight': 'balanced', 'decision_function_shape': 'ovr'}",COMPLETE
768,0.7483870965327784,2024-07-08 12:41:24.550124,2024-07-08 12:41:44.909141,0 days 00:00:20.359017,DecisionTreeClassifier,Normalize_L1_1,,"[1, 0, 0, 0, 1, 0, 0, 1, 0, 1, 0, 0, 0, 0, 1, 0, 1, 0, 0, 1, 0, 1, 0, 1, 0, 1, 0, 0, 1, 1, 1, 0, 1, 0, 0, 1, 0, 1, 1, 1, 0, 0, 1, 1, 0, 0, 1, 0, 1]","{'max_depth': 1000, 'min_samples_split': 10, 'min_samples_leaf': 5, 'max_features': None, 'splitter': 'random'}",COMPLETE
769,0.0,2024-07-08 12:41:25.310125,2024-07-08 12:41:38.923124,0 days 00:00:13.612999,RandomForestClassifier,Normalize_L2_1,KMeansSMOTE,,"{'n_estimators': 1000, 'max_features': None, 'max_depth': 200, 'min_samples_split': 10, 'min_samples_leaf': 5, 'bootstrap': False}",COMPLETE
770,0.0,2024-07-08 12:41:26.318124,2024-07-08 12:41:44.229121,0 days 00:00:17.910997,KNeighborsClassifier,,,,"{'n_neighbors': 10, 'weights': 'distance', 'algorithm': 'auto', 'leaf_size': 30, 'p': 1, 'metric': 'euclidean'}",COMPLETE
771,0.7774193545879292,2024-07-08 12:41:26.577126,2024-07-08 12:42:04.894124,0 days 00:00:38.316998,RandomForestClassifier,Normalize_L1_0,,"[1, 0, 1, 1, 0, 0, 1, 1, 1, 0, 1, 1, 0, 0, 1, 1, 1, 1, 0, 1, 0, 1, 1, 1, 1, 1, 0, 0, 1, 0, 0, 0, 0, 1, 0, 1, 1, 0, 0, 1, 1, 0, 1, 1, 0, 0, 0, 0, 1]","{'n_estimators': 500, 'max_features': 'sqrt', 'max_depth': 10, 'min_samples_split': 2, 'min_samples_leaf': 2, 'bootstrap': True}",COMPLETE
772,0.7806451610385015,2024-07-08 12:41:26.908097,2024-07-08 12:41:44.091121,0 days 00:00:17.183024,KNeighborsClassifier,Normalize_L1_1,,"[1, 0, 0, 1, 0, 1, 1, 1, 0, 0, 1, 1, 1, 1, 0, 1, 0, 1, 0, 1, 1, 1, 1, 0, 1, 1, 1, 1, 1, 0, 1, 1, 1, 1, 0, 0, 1, 1, 0, 0, 0, 1, 1, 1, 0, 1, 0, 0, 1]","{'n_neighbors': 15, 'weights': 'uniform', 'algorithm': 'ball_tree', 'leaf_size': 20, 'p': 2, 'metric': 'minkowski'}",COMPLETE
773,0.7806451610385015,2024-07-08 12:41:27.079139,2024-07-08 12:41:44.263137,0 days 00:00:17.183998,DecisionTreeClassifier,Normalize_L1_1,,"[1, 0, 0, 1, 0, 1, 1, 0, 1, 0, 0, 1, 1, 1, 0, 1, 1, 1, 1, 1, 1, 1, 0, 1, 0, 0, 0, 0, 0, 1, 0, 0, 0, 0, 0, 1, 0, 1, 1, 1, 1, 1, 1, 0, 1, 0, 1, 1, 0]","{'max_depth': None, 'min_samples_split': 200, 'min_samples_leaf': 1, 'max_features': 'log2', 'splitter': 'best'}",COMPLETE
774,0.7935483868407908,2024-07-08 12:41:27.954138,2024-07-08 12:41:59.469139,0 days 00:00:31.515001,ExtraTreesClassifier,Normalize_L1_0,,"[1, 1, 0, 0, 1, 0, 1, 0, 0, 1, 1, 0, 0, 1, 1, 0, 0, 0, 0, 0, 0, 0, 1, 1, 1, 1, 1, 1, 1, 0, 1, 0, 1, 0, 0, 0, 0, 1, 0, 0, 1, 1, 0, 0, 0, 0, 1, 0, 1]","{'n_estimators': 500, 'max_features': 'sqrt', 'max_depth': 500, 'min_samples_split': 100, 'min_samples_leaf': 5, 'bootstrap': True}",COMPLETE
775,0.7967741932913631,2024-07-08 12:41:32.631138,2024-07-08 12:41:44.234126,0 days 00:00:11.602988,DecisionTreeClassifier,Normalize_L1_1,,"[0, 0, 1, 0, 1, 1, 0, 1, 1, 0, 1, 0, 1, 1, 0, 1, 0, 1, 0, 1, 0, 0, 1, 1, 0, 0, 1, 1, 1, 1, 1, 0, 1, 1, 1, 0, 1, 1, 0, 1, 0, 0, 1, 0, 0, 1, 1, 0, 0]","{'max_depth': 200, 'min_samples_split': 2, 'min_samples_leaf': 5, 'max_features': None, 'splitter': 'best'}",COMPLETE
776,0.7870967739396462,2024-07-08 12:41:33.940137,2024-07-08 12:41:55.234126,0 days 00:00:21.293989,DecisionTreeClassifier,Normalize_L1_1,,"[0, 0, 0, 0, 0, 1, 1, 1, 1, 1, 1, 1, 0, 1, 1, 0, 1, 0, 1, 0, 1, 1, 0, 0, 1, 0, 1, 1, 1, 0, 1, 0, 0, 1, 1, 0, 0, 1, 1, 1, 0, 0, 0, 1, 0, 1, 1, 0, 0]","{'max_depth': 10, 'min_samples_split': 50, 'min_samples_leaf': 1, 'max_features': 'log2', 'splitter': 'random'}",COMPLETE
777,0.0,2024-07-08 12:41:34.448124,2024-07-08 12:41:46.904128,0 days 00:00:12.456004,ExtraTreesClassifier,Normalize_L1_1,,"[1, 1, 1, 0, 1, 0, 0, 0, 0, 1, 1, 1, 1, 0, 1, 0, 1, 0, 0, 1, 0, 0, 0, 0, 1, 1, 1, 1, 0, 1, 1, 1, 1, 0, 0, 1, 0, 1, 1, 0, 1, 0, 0, 1, 0, 1, 0, 1, 1]","{'n_estimators': 1000, 'max_features': 'auto', 'max_depth': 1000, 'min_samples_split': 50, 'min_samples_leaf': 5, 'bootstrap': False}",COMPLETE
778,0.7774193545879292,2024-07-08 12:41:35.250137,2024-07-08 12:41:53.421128,0 days 00:00:18.170991,ExtraTreesClassifier,Normalize_L1_1,,"[0, 0, 0, 1, 1, 0, 1, 1, 0, 0, 0, 0, 1, 0, 0, 1, 1, 1, 1, 0, 1, 0, 0, 1, 0, 1, 1, 0, 0, 1, 0, 1, 0, 1, 1, 1, 1, 1, 1, 1, 0, 1, 0, 1, 1, 1, 1, 1, 0]","{'n_estimators': 500, 'max_features': 'log2', 'max_depth': 10, 'min_samples_split': 5, 'min_samples_leaf': 1, 'bootstrap': True}",COMPLETE
779,0.0,2024-07-08 12:41:35.595137,2024-07-08 12:41:54.046125,0 days 00:00:18.450988,RandomForestClassifier,Normalize_L1_0,,"[1, 0, 1, 0, 0, 0, 1, 0, 0, 1, 1, 0, 1, 0, 1, 0, 1, 1, 0, 0, 1, 1, 1, 0, 1, 1, 1, 1, 1, 1, 0, 1, 0, 0, 0, 0, 0, 1, 1, 0, 1, 0, 1, 1, 0, 0, 0, 0, 1]","{'n_estimators': 50, 'max_features': 'auto', 'max_depth': 200, 'min_samples_split': 2, 'min_samples_leaf': 2, 'bootstrap': False}",COMPLETE
780,0.7870967739396462,2024-07-08 12:41:35.721139,2024-07-08 12:41:54.044124,0 days 00:00:18.322985,RandomForestClassifier,Normalize_L1_1,,"[0, 0, 1, 1, 0, 1, 1, 1, 0, 0, 1, 0, 1, 1, 1, 1, 0, 1, 1, 1, 1, 0, 0, 1, 0, 1, 1, 0, 1, 0, 0, 0, 0, 0, 0, 1, 1, 1, 0, 1, 1, 0, 0, 0, 1, 1, 1, 0, 0]","{'n_estimators': 100, 'max_features': 'sqrt', 'max_depth': None, 'min_samples_split': 10, 'min_samples_leaf': 1, 'bootstrap': False}",COMPLETE
781,0.7967741932913631,2024-07-08 12:41:35.858129,2024-07-08 12:41:53.993132,0 days 00:00:18.135003,RandomForestClassifier,Normalize_L1_1,,"[0, 1, 1, 0, 0, 1, 0, 1, 1, 1, 0, 1, 1, 0, 0, 0, 0, 1, 1, 0, 1, 1, 1, 0, 0, 1, 0, 0, 1, 1, 0, 1, 0, 1, 1, 0, 1, 1, 1, 0, 1, 0, 0, 1, 1, 0, 1, 0, 1]","{'n_estimators': 50, 'max_features': None, 'max_depth': 100, 'min_samples_split': 2, 'min_samples_leaf': 10, 'bootstrap': True}",COMPLETE
782,0.7935483868407908,2024-07-08 12:41:37.086137,2024-07-08 12:42:01.874136,0 days 00:00:24.787999,RandomForestClassifier,Normalize_L1_1,,"[0, 1, 1, 1, 0, 1, 1, 0, 1, 1, 1, 0, 1, 1, 1, 1, 1, 0, 1, 1, 0, 0, 1, 1, 1, 1, 1, 1, 1, 1, 0, 0, 1, 1, 0, 1, 0, 1, 0, 1, 0, 1, 0, 1, 1, 1, 0, 1, 0]","{'n_estimators': 50, 'max_features': 'sqrt', 'max_depth': 10, 'min_samples_split': 2, 'min_samples_leaf': 50, 'bootstrap': True}",COMPLETE
783,0.0,2024-07-08 12:41:37.288137,2024-07-08 12:41:52.405126,0 days 00:00:15.116989,RandomForestClassifier,Normalize_L1_1,,"[1, 1, 0, 0, 1, 1, 1, 0, 0, 0, 1, 1, 0, 1, 1, 0, 0, 1, 0, 0, 1, 0, 0, 0, 0, 0, 1, 1, 0, 0, 1, 1, 1, 0, 0, 0, 1, 0, 1, 1, 1, 0, 0, 0, 1, 0, 1, 1, 1]","{'n_estimators': 50, 'max_features': 'auto', 'max_depth': 50, 'min_samples_split': 2, 'min_samples_leaf': 5, 'bootstrap': True}",COMPLETE
784,0.0,2024-07-08 12:41:37.414139,2024-07-08 12:41:55.343137,0 days 00:00:17.928998,SVC,Normalize_L1_1,,"[0, 0, 0, 0, 1, 1, 0, 1, 0, 1, 0, 1, 1, 1, 0, 1, 0, 0, 1, 0, 0, 0, 0, 1, 1, 0, 1, 1, 1, 0, 1, 0, 1, 1, 1, 1, 1, 0, 0, 0, 0, 0, 0, 0, 0, 1, 1, 0, 1]","{'C': 100.0, 'kernel': 'linear', 'degree': 3, 'gamma': '1', 'coef0': 0.1, 'shrinking': True, 'probability': True, 'class_weight': 'balanced', 'decision_function_shape': 'ovo'}",COMPLETE
785,0.7806451610385015,2024-07-08 12:41:38.096139,2024-07-08 12:42:01.936125,0 days 00:00:23.839986,RandomForestClassifier,Normalize_L1_1,,"[0, 1, 0, 1, 1, 1, 1, 0, 0, 0, 1, 0, 0, 1, 0, 0, 1, 1, 1, 0, 0, 0, 0, 1, 1, 1, 1, 0, 1, 1, 0, 1, 1, 1, 1, 0, 0, 0, 0, 0, 1, 0, 1, 1, 0, 0, 0, 0, 1]","{'n_estimators': 50, 'max_features': None, 'max_depth': 100, 'min_samples_split': 200, 'min_samples_leaf': 1, 'bootstrap': False}",COMPLETE
786,0.0,2024-07-08 12:41:38.340138,2024-07-08 12:41:53.936137,0 days 00:00:15.595999,ExtraTreesClassifier,Normalize_L1_1,,"[1, 0, 1, 0, 1, 0, 1, 1, 1, 1, 1, 1, 1, 1, 1, 0, 1, 1, 1, 0, 1, 0, 0, 0, 0, 0, 0, 1, 1, 0, 0, 1, 1, 1, 1, 1, 1, 1, 1, 0, 0, 0, 0, 0, 0, 1, 0, 1, 1]","{'n_estimators': 1000, 'max_features': 'auto', 'max_depth': 200, 'min_samples_split': 5, 'min_samples_leaf': 100, 'bootstrap': True}",COMPLETE
787,0.7935483868407908,2024-07-08 12:41:38.797138,2024-07-08 12:41:53.891123,0 days 00:00:15.093985,ExtraTreesClassifier,Normalize_L1_0,,"[1, 1, 1, 1, 1, 0, 1, 1, 1, 0, 1, 0, 1, 0, 1, 0, 1, 1, 1, 1, 1, 1, 0, 0, 0, 0, 0, 1, 0, 0, 0, 1, 1, 1, 1, 0, 1, 0, 0, 1, 1, 0, 0, 0, 1, 1, 1, 1, 0]","{'n_estimators': 500, 'max_features': 'sqrt', 'max_depth': 500, 'min_samples_split': 100, 'min_samples_leaf': 1, 'bootstrap': True}",COMPLETE
788,0.7935483868407908,2024-07-08 12:41:38.798137,2024-07-08 12:42:19.397124,0 days 00:00:40.598987,RandomForestClassifier,Normalize_L1_1,,"[1, 1, 1, 0, 1, 1, 1, 0, 1, 1, 1, 1, 1, 0, 1, 1, 0, 1, 0, 0, 0, 1, 0, 0, 1, 1, 1, 0, 0, 1, 0, 0, 1, 0, 0, 1, 1, 1, 1, 1, 0, 0, 1, 1, 1, 0, 1, 0, 0]","{'n_estimators': 1000, 'max_features': None, 'max_depth': 10, 'min_samples_split': 5, 'min_samples_leaf': 50, 'bootstrap': True}",COMPLETE
789,0.4322580643766909,2024-07-08 12:41:39.342138,2024-07-08 12:42:16.296096,0 days 00:00:36.953958,RandomForestClassifier,Normalize_L1_1,SMOTE,"[0, 1, 0, 0, 1, 1, 0, 1, 0, 0, 1, 1, 1, 1, 0, 0, 0, 0, 1, 0, 0, 0, 1, 0, 0, 1, 0, 0, 0, 0, 0, 1, 0, 1, 1, 0, 1, 1, 0, 0, 0, 0, 1, 1, 1, 0, 1, 0, 1]","{'n_estimators': 200, 'max_features': None, 'max_depth': 50, 'min_samples_split': 50, 'min_samples_leaf': 100, 'bootstrap': False}",COMPLETE
790,0.0,2024-07-08 12:41:40.217122,2024-07-08 12:42:02.754122,0 days 00:00:22.537000,RandomForestClassifier,Normalize_L1_1,,"[1, 1, 0, 1, 1, 0, 1, 0, 1, 1, 0, 1, 1, 0, 0, 1, 0, 1, 1, 0, 1, 1, 1, 0, 1, 1, 1, 0, 1, 0, 0, 0, 0, 0, 1, 1, 1, 0, 1, 0, 1, 1, 1, 1, 0, 1, 0, 0, 1]","{'n_estimators': 2000, 'max_features': 'auto', 'max_depth': 50, 'min_samples_split': 5, 'min_samples_leaf': 10, 'bootstrap': True}",COMPLETE
791,0.0,2024-07-08 12:41:41.294137,2024-07-08 12:41:57.440122,0 days 00:00:16.145985,RandomForestClassifier,Normalize_L1_1,,"[1, 1, 0, 0, 0, 1, 0, 0, 0, 0, 0, 0, 1, 0, 1, 0, 1, 1, 1, 1, 1, 1, 0, 1, 0, 0, 1, 0, 1, 1, 1, 0, 1, 1, 1, 0, 0, 1, 1, 0, 1, 0, 0, 1, 0, 1, 0, 1, 0]","{'n_estimators': 500, 'max_features': 'auto', 'max_depth': 200, 'min_samples_split': 50, 'min_samples_leaf': 2, 'bootstrap': False}",COMPLETE
792,0.0,2024-07-08 12:41:41.478125,2024-07-08 12:41:54.775125,0 days 00:00:13.297000,ExtraTreesClassifier,Normalize_L1_1,,"[1, 0, 1, 0, 1, 1, 0, 0, 0, 0, 0, 1, 0, 1, 0, 1, 1, 0, 0, 0, 1, 0, 1, 0, 0, 0, 0, 0, 0, 1, 0, 1, 1, 0, 0, 0, 1, 1, 0, 1, 0, 0, 0, 0, 1, 1, 0, 1, 0]","{'n_estimators': 100, 'max_features': 'auto', 'max_depth': None, 'min_samples_split': 10, 'min_samples_leaf': 5, 'bootstrap': True}",COMPLETE
793,0.0,2024-07-08 12:41:41.525122,2024-07-08 12:42:14.816125,0 days 00:00:33.291003,RandomForestClassifier,Normalize_L1_1,SMOTE,"[0, 1, 0, 0, 0, 1, 1, 0, 0, 1, 1, 1, 1, 1, 1, 0, 0, 0, 0, 1, 1, 0, 1, 0, 0, 1, 1, 1, 1, 0, 0, 0, 0, 0, 0, 0, 0, 1, 0, 1, 0, 0, 1, 0, 0, 1, 1, 0, 0]","{'n_estimators': 1000, 'max_features': 'auto', 'max_depth': 1000, 'min_samples_split': 10, 'min_samples_leaf': 5, 'bootstrap': False}",COMPLETE
794,0.7935483868407908,2024-07-08 12:41:43.370136,2024-07-08 12:41:59.346138,0 days 00:00:15.976002,RandomForestClassifier,Normalize_L1_1,,"[0, 0, 1, 0, 0, 0, 0, 0, 0, 1, 0, 0, 0, 0, 0, 0, 0, 0, 1, 0, 1, 1, 0, 1, 0, 1, 1, 0, 1, 0, 0, 1, 0, 0, 0, 0, 0, 0, 0, 0, 1, 0, 1, 1, 1, 0, 0, 1, 0]","{'n_estimators': 500, 'max_features': 'sqrt', 'max_depth': 500, 'min_samples_split': 100, 'min_samples_leaf': 50, 'bootstrap': False}",COMPLETE
795,0.7967741932913631,2024-07-08 12:41:43.913124,2024-07-08 12:42:40.336130,0 days 00:00:56.423006,RandomForestClassifier,Normalize_L1_1,,"[0, 0, 0, 1, 1, 0, 0, 0, 1, 1, 0, 0, 0, 1, 0, 1, 0, 0, 0, 0, 0, 1, 1, 1, 1, 0, 0, 0, 1, 0, 1, 0, 1, 0, 1, 0, 1, 1, 0, 0, 0, 1, 1, 0, 1, 1, 1, 0, 0]","{'n_estimators': 1000, 'max_features': None, 'max_depth': 10, 'min_samples_split': 5, 'min_samples_leaf': 10, 'bootstrap': False}",COMPLETE
796,0.332258064408949,2024-07-08 12:41:44.013138,2024-07-08 12:42:18.470139,0 days 00:00:34.457001,GradientBoostingClassifier,Normalize_L1_1,SMOTE,"[0, 0, 1, 0, 0, 0, 1, 1, 1, 0, 1, 1, 0, 0, 1, 0, 1, 0, 0, 1, 1, 1, 1, 0, 0, 1, 0, 1, 0, 0, 1, 1, 1, 1, 1, 0, 1, 0, 1, 1, 1, 0, 0, 0, 0, 1, 0, 1, 1]","{'n_estimators': 200, 'learning_rate': 10.0, 'max_depth': 7, 'min_samples_split': 2, 'min_samples_leaf': 50, 'subsample': 0.5, 'max_features': 'sqrt'}",COMPLETE
797,0.0,2024-07-08 12:41:44.712137,2024-07-08 12:42:04.511123,0 days 00:00:19.798986,MLPClassifier,,,,,COMPLETE
798,0.43548387082726325,2024-07-08 12:41:44.804137,2024-07-08 12:42:14.648150,0 days 00:00:29.844013,RandomForestClassifier,Normalize_L1_1,SMOTE,"[1, 1, 1, 1, 0, 0, 0, 0, 0, 1, 1, 0, 0, 0, 0, 1, 1, 0, 0, 0, 1, 0, 1, 1, 0, 1, 1, 1, 0, 0, 0, 1, 1, 1, 1, 0, 1, 1, 1, 0, 1, 0, 0, 1, 1, 1, 1, 1, 1]","{'n_estimators': 10, 'max_features': None, 'max_depth': 100, 'min_samples_split': 5, 'min_samples_leaf': 50, 'bootstrap': False}",COMPLETE
799,0.0,2024-07-08 12:41:45.008138,2024-07-08 12:41:57.489125,0 days 00:00:12.480987,RandomForestClassifier,Normalize_L1_1,,"[0, 1, 1, 1, 1, 1, 1, 0, 0, 1, 0, 1, 0, 1, 1, 0, 0, 1, 1, 0, 0, 0, 0, 1, 0, 0, 0, 1, 1, 1, 1, 1, 1, 1, 1, 0, 1, 0, 0, 0, 1, 1, 1, 0, 1, 0, 0, 0, 1]","{'n_estimators': 500, 'max_features': 'auto', 'max_depth': 500, 'min_samples_split': 5, 'min_samples_leaf': 5, 'bootstrap': False}",COMPLETE
800,0.7935483868407908,2024-07-08 12:41:45.517129,2024-07-08 12:42:14.845122,0 days 00:00:29.327993,RandomForestClassifier,Normalize_L1_1,,"[1, 0, 0, 1, 1, 0, 1, 1, 0, 0, 0, 0, 1, 0, 1, 1, 1, 0, 0, 1, 0, 0, 0, 0, 1, 1, 1, 1, 0, 1, 0, 1, 1, 0, 1, 0, 0, 0, 0, 0, 1, 1, 0, 0, 0, 1, 0, 0, 1]","{'n_estimators': 200, 'max_features': None, 'max_depth': 500, 'min_samples_split': 2, 'min_samples_leaf': 50, 'bootstrap': False}",COMPLETE
801,0.0,2024-07-08 12:41:45.995138,2024-07-08 12:42:02.112138,0 days 00:00:16.117000,MLPClassifier,,,,,COMPLETE
802,0.7870967739396462,2024-07-08 12:41:46.264128,2024-07-08 12:42:08.284126,0 days 00:00:22.019998,RandomForestClassifier,Normalize_L1_1,,"[0, 1, 0, 0, 1, 1, 1, 0, 0, 1, 1, 0, 0, 1, 0, 1, 1, 1, 1, 0, 0, 1, 1, 1, 1, 0, 0, 1, 1, 0, 0, 0, 0, 0, 0, 1, 0, 0, 0, 1, 1, 0, 1, 1, 1, 0, 1, 0, 1]","{'n_estimators': 200, 'max_features': None, 'max_depth': 10, 'min_samples_split': 100, 'min_samples_leaf': 2, 'bootstrap': False}",COMPLETE
803,0.0,2024-07-08 12:41:46.605123,2024-07-08 12:42:14.931138,0 days 00:00:28.326015,RandomForestClassifier,Normalize_L1_1,,"[1, 1, 0, 1, 0, 1, 1, 1, 0, 0, 0, 1, 1, 1, 0, 1, 1, 0, 0, 1, 1, 1, 0, 1, 0, 0, 1, 0, 0, 0, 0, 0, 0, 0, 1, 1, 0, 0, 0, 0, 1, 1, 0, 1, 0, 1, 0, 1, 1]","{'n_estimators': 2000, 'max_features': 'auto', 'max_depth': 100, 'min_samples_split': 100, 'min_samples_leaf': 1, 'bootstrap': True}",COMPLETE
804,0.0,2024-07-08 12:41:50.900171,2024-07-08 12:41:59.283125,0 days 00:00:08.382954,MLPClassifier,,,,,COMPLETE
805,0.0,2024-07-08 12:41:51.726152,2024-07-08 12:41:59.218138,0 days 00:00:07.491986,MLPClassifier,,,,,COMPLETE
806,0.0,2024-07-08 12:41:52.573139,2024-07-08 12:42:21.677138,0 days 00:00:29.103999,RandomForestClassifier,Normalize_L1_1,,"[1, 1, 0, 0, 0, 1, 1, 1, 1, 1, 1, 1, 0, 0, 1, 0, 1, 1, 0, 0, 0, 0, 1, 0, 1, 0, 0, 1, 1, 1, 1, 0, 1, 1, 0, 1, 0, 0, 1, 0, 1, 0, 0, 1, 0, 0, 1, 0, 1]","{'n_estimators': 50, 'max_features': 'auto', 'max_depth': 200, 'min_samples_split': 10, 'min_samples_leaf': 100, 'bootstrap': True}",COMPLETE
807,0.44193548372840785,2024-07-08 12:41:52.647146,2024-07-08 12:42:16.209125,0 days 00:00:23.561979,GradientBoostingClassifier,Normalize_L1_1,SMOTE,"[0, 0, 1, 1, 1, 1, 1, 1, 1, 1, 1, 1, 1, 0, 1, 0, 1, 0, 1, 1, 1, 1, 0, 1, 0, 0, 1, 0, 0, 0, 1, 1, 0, 0, 1, 1, 0, 0, 0, 1, 1, 0, 1, 1, 1, 1, 0, 0, 0]","{'n_estimators': 500, 'learning_rate': 10.0, 'max_depth': 3, 'min_samples_split': 100, 'min_samples_leaf': 100, 'subsample': 1.0, 'max_features': 'sqrt'}",COMPLETE
808,0.7838709674890738,2024-07-08 12:41:52.711140,2024-07-08 12:42:37.633125,0 days 00:00:44.921985,RandomForestClassifier,StandardScaler,,"[0, 1, 1, 0, 1, 1, 0, 0, 0, 1, 0, 0, 0, 1, 1, 0, 0, 0, 1, 1, 0, 0, 0, 1, 0, 0, 0, 1, 0, 0, 0, 0, 0, 1, 0, 1, 0, 0, 1, 1, 0, 1, 1, 1, 1, 0, 1, 1, 0]","{'n_estimators': 500, 'max_features': 'sqrt', 'max_depth': 200, 'min_samples_split': 200, 'min_samples_leaf': 2, 'bootstrap': False}",COMPLETE
809,0.7999999997419355,2024-07-08 12:41:53.651125,2024-07-08 12:42:08.143122,0 days 00:00:14.491997,RandomForestClassifier,Normalize_L1_1,,"[1, 0, 0, 0, 0, 1, 0, 1, 0, 1, 1, 1, 0, 1, 0, 1, 0, 1, 1, 1, 0, 0, 1, 1, 1, 0, 0, 0, 1, 1, 1, 1, 0, 0, 1, 1, 1, 0, 1, 0, 0, 0, 1, 1, 0, 0, 1, 1, 0]","{'n_estimators': 10, 'max_features': 'sqrt', 'max_depth': None, 'min_samples_split': 2, 'min_samples_leaf': 5, 'bootstrap': False}",COMPLETE
810,0.7870967739396462,2024-07-08 12:41:53.737123,2024-07-08 12:42:35.788133,0 days 00:00:42.051010,RandomForestClassifier,Normalize_L1_1,,"[1, 1, 1, 1, 0, 1, 0, 1, 1, 1, 0, 1, 1, 1, 0, 0, 0, 1, 1, 0, 0, 0, 1, 1, 1, 0, 0, 1, 1, 0, 1, 1, 1, 1, 1, 1, 0, 0, 1, 0, 1, 0, 0, 0, 0, 1, 0, 1, 0]","{'n_estimators': 1000, 'max_features': 'sqrt', 'max_depth': 200, 'min_samples_split': 10, 'min_samples_leaf': 1, 'bootstrap': False}",COMPLETE
811,0.4806451611352757,2024-07-08 12:41:53.831123,2024-07-08 12:42:32.687138,0 days 00:00:38.856015,RandomForestClassifier,Normalize_L1_1,SMOTE,"[0, 0, 1, 1, 1, 0, 1, 1, 1, 1, 1, 1, 0, 1, 0, 0, 1, 1, 1, 0, 1, 1, 0, 1, 1, 1, 0, 0, 1, 1, 0, 1, 1, 1, 0, 0, 1, 0, 0, 1, 0, 1, 1, 0, 1, 1, 0, 0, 0]","{'n_estimators': 100, 'max_features': 'log2', 'max_depth': 100, 'min_samples_split': 100, 'min_samples_leaf': 10, 'bootstrap': True}",COMPLETE
812,0.412903225673257,2024-07-08 12:41:54.117125,2024-07-08 12:42:36.409138,0 days 00:00:42.292013,RandomForestClassifier,Normalize_L1_1,SMOTE,"[0, 0, 1, 1, 1, 0, 1, 1, 1, 0, 1, 1, 0, 1, 0, 0, 1, 1, 0, 0, 1, 1, 0, 0, 0, 1, 0, 0, 0, 0, 1, 0, 1, 0, 1, 0, 1, 1, 0, 1, 0, 1, 0, 1, 0, 1, 0, 1, 1]","{'n_estimators': 2000, 'max_features': 'sqrt', 'max_depth': 500, 'min_samples_split': 50, 'min_samples_leaf': 5, 'bootstrap': False}",COMPLETE
813,0.0,2024-07-08 12:41:54.610123,2024-07-08 12:42:14.564126,0 days 00:00:19.954003,RandomForestClassifier,Normalize_L1_1,SMOTE,"[1, 1, 0, 1, 0, 1, 0, 1, 1, 0, 0, 1, 1, 1, 1, 0, 1, 1, 0, 0, 0, 0, 0, 0, 0, 0, 0, 0, 0, 1, 1, 1, 0, 0, 1, 1, 0, 0, 0, 0, 0, 1, 0, 1, 0, 1, 0, 1, 0]","{'n_estimators': 2000, 'max_features': 'auto', 'max_depth': 200, 'min_samples_split': 200, 'min_samples_leaf': 1, 'bootstrap': False}",COMPLETE
814,0.7806451610385015,2024-07-08 12:41:54.670139,2024-07-08 12:42:32.693137,0 days 00:00:38.022998,RandomForestClassifier,Normalize_L1_1,,"[0, 1, 0, 1, 0, 1, 0, 0, 1, 1, 0, 0, 0, 0, 0, 0, 1, 1, 0, 1, 1, 0, 0, 1, 1, 1, 0, 1, 0, 1, 1, 0, 0, 1, 0, 0, 1, 1, 1, 0, 1, 0, 0, 0, 1, 1, 1, 1, 1]","{'n_estimators': 500, 'max_features': 'log2', 'max_depth': None, 'min_samples_split': 200, 'min_samples_leaf': 1, 'bootstrap': False}",COMPLETE
815,0.4161290321238293,2024-07-08 12:41:54.961094,2024-07-08 12:42:19.190139,0 days 00:00:24.229045,GradientBoostingClassifier,Normalize_L1_1,SMOTE,"[1, 1, 1, 1, 1, 1, 1, 1, 1, 0, 0, 1, 0, 0, 1, 0, 1, 0, 1, 1, 1, 0, 0, 0, 1, 0, 0, 0, 1, 0, 0, 0, 1, 1, 0, 0, 0, 1, 1, 1, 1, 0, 1, 0, 0, 1, 1, 1, 1]","{'n_estimators': 500, 'learning_rate': 0.1, 'max_depth': 7, 'min_samples_split': 10, 'min_samples_leaf': 50, 'subsample': 0.7, 'max_features': 'log2'}",COMPLETE
816,0.4322580643766909,2024-07-08 12:41:55.808102,2024-07-08 12:42:27.210138,0 days 00:00:31.402036,GradientBoostingClassifier,Normalize_L1_1,SMOTE,"[0, 0, 1, 1, 1, 0, 1, 1, 0, 1, 1, 1, 0, 1, 0, 0, 0, 1, 1, 1, 1, 0, 1, 1, 0, 0, 1, 0, 1, 1, 0, 1, 0, 0, 1, 1, 1, 1, 0, 1, 0, 0, 1, 0, 1, 1, 1, 1, 1]","{'n_estimators': 200, 'learning_rate': 0.1, 'max_depth': 3, 'min_samples_split': 5, 'min_samples_leaf': 10, 'subsample': 0.7, 'max_features': None}",COMPLETE
817,0.0,2024-07-08 12:41:56.327124,2024-07-08 12:42:10.275140,0 days 00:00:13.948016,GradientBoostingClassifier,Normalize_L1_1,SMOTE,"[0, 0, 0, 1, 1, 1, 1, 0, 0, 0, 1, 0, 0, 1, 0, 0, 1, 1, 0, 1, 0, 0, 0, 0, 1, 0, 0, 0, 0, 0, 0, 0, 1, 0, 0, 1, 0, 1, 1, 1, 0, 0, 1, 1, 0, 0, 0, 0, 0]","{'n_estimators': 500, 'learning_rate': 0.1, 'max_depth': 7, 'min_samples_split': 2, 'min_samples_leaf': 50, 'subsample': 0.5, 'max_features': 'auto'}",COMPLETE
818,0.7870967739396462,2024-07-08 12:41:56.453122,2024-07-08 12:42:14.524123,0 days 00:00:18.071001,RandomForestClassifier,Normalize_L1_1,,"[1, 0, 0, 1, 0, 1, 0, 0, 0, 0, 1, 0, 1, 0, 1, 0, 0, 0, 1, 1, 0, 1, 0, 0, 0, 1, 1, 1, 1, 1, 1, 1, 0, 0, 0, 1, 0, 0, 0, 1, 1, 0, 0, 1, 0, 1, 1, 1, 0]","{'n_estimators': 10, 'max_features': None, 'max_depth': 1000, 'min_samples_split': 200, 'min_samples_leaf': 2, 'bootstrap': False}",COMPLETE
819,0.7935483868407908,2024-07-08 12:41:56.596137,2024-07-08 12:42:24.305129,0 days 00:00:27.708992,RandomForestClassifier,StandardScaler,,"[1, 1, 1, 1, 1, 1, 1, 1, 1, 1, 0, 1, 0, 0, 1, 1, 0, 0, 1, 1, 1, 0, 0, 0, 1, 1, 1, 1, 1, 0, 1, 0, 0, 0, 1, 1, 0, 0, 0, 0, 1, 0, 0, 1, 1, 0, 1, 1, 1]","{'n_estimators': 50, 'max_features': 'log2', 'max_depth': 500, 'min_samples_split': 200, 'min_samples_leaf': 50, 'bootstrap': False}",COMPLETE
820,0.7096774191259104,2024-07-08 12:41:57.368124,2024-07-08 12:42:32.537141,0 days 00:00:35.169017,RandomForestClassifier,StandardScaler,,"[0, 1, 1, 0, 0, 1, 1, 1, 0, 0, 0, 0, 1, 0, 0, 1, 0, 1, 0, 1, 0, 0, 1, 1, 0, 0, 1, 1, 0, 1, 0, 1, 0, 1, 0, 1, 1, 1, 0, 1, 1, 1, 1, 1, 0, 0, 0, 0, 1]","{'n_estimators': 500, 'max_features': 'sqrt', 'max_depth': 10, 'min_samples_split': 10, 'min_samples_leaf': 2, 'bootstrap': False}",COMPLETE
