number,value,datetime_start,datetime_complete,duration,params_model,params_normTechnique,params_sampleTechnique,user_attrs_binIndices,user_attrs_hyperparams,state
1566,0.7645161287856399,2024-07-08 12:53:31.756565,2024-07-08 12:54:12.376701,0 days 00:00:40.620136,BaggingClassifier,Normalize_L1_1,,"[1, 0, 0, 1, 0, 1, 1, 1, 1, 1, 1, 1, 0, 1, 1, 0, 1, 1, 0, 0, 1, 0, 1, 0, 0, 0, 0, 1, 1, 1, 1, 1, 1, 1, 0, 0, 1, 0, 1, 0, 1, 1, 0, 0, 0, 0, 0, 1, 1]","{'n_estimators': 10, 'max_samples': 1.0, 'max_features': 1.0, 'bootstrap': False, 'bootstrap_features': False}",COMPLETE
1567,0.7580645158844953,2024-07-08 12:53:32.239565,2024-07-08 12:54:14.359671,0 days 00:00:42.120106,BaggingClassifier,Normalize_Max_1,,"[1, 1, 1, 0, 1, 1, 0, 0, 0, 1, 1, 0, 1, 0, 0, 0, 0, 0, 0, 1, 0, 1, 1, 1, 0, 0, 1, 1, 1, 0, 1, 0, 0, 1, 1, 0, 0, 0, 1, 0, 1, 0, 1, 1, 1, 1, 1, 0, 0]","{'n_estimators': 100, 'max_samples': 1.0, 'max_features': 0.1, 'bootstrap': False, 'bootstrap_features': True}",COMPLETE
1568,0.7612903223350675,2024-07-08 12:53:32.473565,2024-07-08 12:53:55.871671,0 days 00:00:23.398106,KNeighborsClassifier,Normalize_L1_1,,"[0, 1, 0, 1, 1, 0, 0, 1, 0, 1, 0, 1, 1, 1, 0, 1, 0, 0, 0, 1, 1, 0, 0, 0, 1, 1, 1, 1, 0, 0, 1, 0, 0, 1, 1, 0, 0, 1, 1, 1, 0, 1, 0, 0, 1, 0, 0, 0, 1]","{'n_neighbors': 10, 'weights': 'distance', 'algorithm': 'brute', 'leaf_size': 20, 'p': 1, 'metric': 'euclidean'}",COMPLETE
1569,0.7774193545879292,2024-07-08 12:53:32.828564,2024-07-08 12:54:23.686669,0 days 00:00:50.858105,BaggingClassifier,Normalize_L1_1,,"[0, 0, 0, 1, 0, 0, 0, 0, 1, 1, 0, 0, 0, 1, 0, 0, 0, 0, 0, 0, 0, 0, 0, 0, 0, 1, 0, 1, 0, 1, 1, 0, 1, 0, 1, 1, 0, 0, 1, 0, 0, 1, 1, 1, 1, 1, 0, 0, 1]","{'n_estimators': 1000, 'max_samples': 0.5, 'max_features': 0.1, 'bootstrap': True, 'bootstrap_features': True}",COMPLETE
1570,0.0,2024-07-08 12:53:33.629564,2024-07-08 12:54:00.604669,0 days 00:00:26.975105,MLPClassifier,,,,,COMPLETE
1571,0.7999999997419355,2024-07-08 12:53:34.315566,2024-07-08 12:54:05.950669,0 days 00:00:31.635103,BaggingClassifier,Normalize_L1_1,,"[1, 0, 1, 1, 1, 0, 1, 1, 0, 0, 0, 0, 0, 1, 1, 0, 0, 1, 0, 1, 1, 1, 1, 0, 0, 0, 1, 0, 1, 0, 0, 1, 1, 0, 1, 1, 0, 1, 1, 1, 0, 1, 0, 1, 0, 0, 0, 1, 0]","{'n_estimators': 200, 'max_samples': 0.1, 'max_features': 0.5, 'bootstrap': False, 'bootstrap_features': False}",COMPLETE
1572,0.7870967739396462,2024-07-08 12:53:36.120608,2024-07-08 12:53:57.585671,0 days 00:00:21.465063,KNeighborsClassifier,Normalize_L1_1,,"[1, 1, 0, 1, 0, 1, 0, 0, 1, 0, 1, 0, 1, 1, 1, 1, 1, 0, 0, 1, 1, 1, 1, 0, 0, 1, 1, 0, 0, 1, 0, 1, 0, 0, 1, 1, 1, 1, 1, 1, 1, 0, 1, 1, 1, 1, 1, 0, 1]","{'n_neighbors': 10, 'weights': 'uniform', 'algorithm': 'brute', 'leaf_size': 50, 'p': 1, 'metric': 'minkowski'}",COMPLETE
1573,0.0,2024-07-08 12:53:38.026566,2024-07-08 12:54:03.396696,0 days 00:00:25.370130,MLPClassifier,,,,,COMPLETE
1574,0.7999999997419355,2024-07-08 12:53:40.640565,2024-07-08 12:54:10.852667,0 days 00:00:30.212102,BaggingClassifier,Normalize_L1_1,,"[0, 0, 0, 1, 0, 1, 0, 0, 1, 0, 1, 0, 1, 1, 0, 0, 0, 0, 1, 1, 0, 0, 0, 1, 0, 0, 1, 0, 0, 1, 0, 0, 0, 1, 1, 1, 0, 1, 1, 0, 1, 1, 1, 1, 0, 1, 1, 0, 1]","{'n_estimators': 500, 'max_samples': 0.1, 'max_features': 1.0, 'bootstrap': True, 'bootstrap_features': True}",COMPLETE
1575,0.7677419352362123,2024-07-08 12:53:43.809568,2024-07-08 12:54:28.169684,0 days 00:00:44.360116,BaggingClassifier,Normalize_Max_1,,"[0, 1, 1, 1, 1, 0, 0, 0, 0, 0, 1, 1, 1, 1, 0, 0, 1, 0, 1, 1, 1, 1, 0, 1, 0, 1, 0, 0, 1, 1, 1, 0, 1, 1, 0, 0, 1, 1, 0, 1, 0, 0, 1, 1, 1, 0, 1, 0, 1]","{'n_estimators': 500, 'max_samples': 1.0, 'max_features': 0.5, 'bootstrap': True, 'bootstrap_features': False}",COMPLETE
1576,0.7645161287856399,2024-07-08 12:53:45.608670,2024-07-08 12:54:19.481668,0 days 00:00:33.872998,BaggingClassifier,Normalize_L1_1,,"[1, 1, 1, 0, 0, 0, 1, 1, 1, 1, 0, 1, 0, 0, 0, 1, 1, 1, 1, 0, 0, 0, 1, 1, 1, 0, 0, 1, 0, 1, 0, 0, 0, 1, 1, 0, 1, 1, 1, 1, 0, 1, 1, 1, 0, 1, 0, 0, 0]","{'n_estimators': 50, 'max_samples': 1.0, 'max_features': 0.1, 'bootstrap': False, 'bootstrap_features': False}",COMPLETE
1577,0.7741935481373569,2024-07-08 12:53:48.121676,2024-07-08 12:54:05.887668,0 days 00:00:17.765992,BaggingClassifier,Normalize_L1_1,,"[0, 1, 0, 0, 0, 0, 0, 1, 0, 0, 1, 0, 1, 0, 1, 1, 1, 1, 1, 1, 1, 0, 0, 1, 1, 1, 0, 1, 0, 0, 1, 1, 0, 0, 0, 1, 0, 0, 0, 0, 1, 0, 1, 1, 0, 1, 0, 1, 1]","{'n_estimators': 100, 'max_samples': 0.5, 'max_features': 1.0, 'bootstrap': True, 'bootstrap_features': True}",COMPLETE
1578,0.7580645158844953,2024-07-08 12:53:48.488669,2024-07-08 12:54:24.043698,0 days 00:00:35.555029,BaggingClassifier,Normalize_Max_1,,"[1, 1, 1, 0, 0, 0, 0, 1, 0, 1, 1, 1, 1, 1, 0, 0, 0, 0, 0, 0, 1, 0, 1, 0, 1, 0, 0, 1, 0, 0, 0, 0, 0, 1, 0, 1, 0, 1, 0, 0, 1, 0, 0, 0, 1, 0, 1, 0, 1]","{'n_estimators': 100, 'max_samples': 1.0, 'max_features': 0.1, 'bootstrap': False, 'bootstrap_features': False}",COMPLETE
1579,0.7741935481373569,2024-07-08 12:53:50.678714,2024-07-08 12:54:05.586668,0 days 00:00:14.907954,BaggingClassifier,Normalize_L1_1,,"[0, 0, 0, 0, 1, 0, 1, 0, 1, 1, 1, 0, 1, 0, 0, 0, 0, 1, 1, 1, 0, 0, 0, 1, 1, 1, 1, 1, 0, 0, 0, 0, 0, 0, 0, 0, 1, 1, 1, 0, 1, 0, 0, 0, 1, 0, 1, 1, 1]","{'n_estimators': 10, 'max_samples': 0.5, 'max_features': 0.5, 'bootstrap': False, 'bootstrap_features': False}",COMPLETE
1580,0.7806451610385015,2024-07-08 12:53:51.797700,2024-07-08 12:54:12.388707,0 days 00:00:20.591007,BaggingClassifier,Normalize_Max_1,,"[1, 1, 1, 0, 0, 0, 1, 0, 1, 0, 0, 1, 0, 0, 0, 1, 1, 1, 0, 1, 1, 0, 1, 0, 1, 1, 0, 0, 0, 0, 1, 0, 0, 1, 0, 0, 1, 1, 1, 0, 0, 0, 0, 1, 1, 0, 0, 0, 1]","{'n_estimators': 200, 'max_samples': 0.5, 'max_features': 0.5, 'bootstrap': True, 'bootstrap_features': False}",COMPLETE
1581,0.6870967739719042,2024-07-08 12:53:51.937670,2024-07-08 12:54:22.355670,0 days 00:00:30.418000,XGBClassifier,Normalize_L1_1,,"[0, 0, 0, 0, 1, 0, 0, 1, 1, 1, 1, 0, 0, 0, 1, 1, 1, 0, 0, 1, 1, 0, 1, 1, 0, 0, 0, 0, 1, 1, 0, 0, 1, 1, 1, 1, 1, 0, 0, 0, 1, 1, 0, 1, 0, 1, 0, 1, 0]","{'n_estimators': 1000, 'learning_rate': 0.5, 'max_depth': 3, 'min_child_weight': 1, 'subsample': 0.7, 'colsample_bytree': 0.7, 'gamma': 0.5, 'reg_alpha': 0.1, 'reg_lambda': 1.0}",COMPLETE
1582,0.7677419352362123,2024-07-08 12:53:52.330669,2024-07-08 12:54:26.701672,0 days 00:00:34.371003,BaggingClassifier,Normalize_L1_1,,"[1, 1, 1, 0, 0, 0, 1, 0, 1, 1, 0, 1, 0, 1, 0, 1, 1, 1, 1, 1, 1, 0, 0, 0, 0, 0, 0, 1, 1, 0, 1, 0, 1, 0, 1, 0, 0, 1, 1, 1, 0, 0, 0, 1, 0, 0, 0, 0, 1]","{'n_estimators': 500, 'max_samples': 1.0, 'max_features': 0.1, 'bootstrap': True, 'bootstrap_features': True}",COMPLETE
1583,0.7999999997419355,2024-07-08 12:53:53.192671,2024-07-08 12:54:25.358673,0 days 00:00:32.166002,BaggingClassifier,Normalize_L1_1,,"[0, 0, 0, 0, 1, 0, 1, 0, 0, 0, 1, 0, 0, 0, 1, 0, 0, 1, 1, 0, 1, 0, 0, 0, 0, 0, 1, 0, 0, 1, 0, 1, 0, 1, 0, 1, 0, 0, 0, 0, 0, 1, 1, 1, 1, 1, 1, 1, 0]","{'n_estimators': 200, 'max_samples': 0.1, 'max_features': 1.0, 'bootstrap': True, 'bootstrap_features': True}",COMPLETE
1584,0.7838709674890738,2024-07-08 12:53:54.436672,2024-07-08 12:54:22.358670,0 days 00:00:27.921998,XGBClassifier,Normalize_L1_1,,"[0, 1, 1, 1, 0, 1, 0, 0, 0, 0, 1, 0, 0, 0, 1, 0, 0, 0, 1, 1, 0, 1, 1, 1, 1, 1, 1, 0, 0, 0, 0, 0, 1, 0, 1, 0, 0, 0, 0, 1, 1, 0, 1, 1, 1, 0, 1, 1, 1]","{'n_estimators': 500, 'learning_rate': 0.01, 'max_depth': 3, 'min_child_weight': 5, 'subsample': 0.7, 'colsample_bytree': 0.5, 'gamma': 0.1, 'reg_alpha': 1.0, 'reg_lambda': 1.0}",COMPLETE
1585,0.7419354836316336,2024-07-08 12:53:54.536672,2024-07-08 12:54:22.969671,0 days 00:00:28.432999,XGBClassifier,Normalize_L1_1,,"[0, 0, 0, 1, 1, 0, 0, 1, 1, 0, 0, 1, 1, 1, 0, 1, 1, 1, 1, 1, 0, 1, 1, 0, 0, 1, 1, 0, 1, 0, 1, 1, 1, 1, 0, 1, 0, 0, 1, 1, 0, 1, 1, 1, 1, 0, 1, 1, 0]","{'n_estimators': 500, 'learning_rate': 0.5, 'max_depth': 3, 'min_child_weight': 10, 'subsample': 0.5, 'colsample_bytree': 1.0, 'gamma': 0.0, 'reg_alpha': 0.1, 'reg_lambda': 1.0}",COMPLETE
1586,0.7709677416867845,2024-07-08 12:53:54.843706,2024-07-08 12:54:19.898666,0 days 00:00:25.054960,BaggingClassifier,Normalize_L1_1,,"[1, 0, 1, 1, 0, 0, 0, 0, 1, 1, 0, 1, 0, 0, 0, 0, 0, 1, 1, 0, 0, 1, 1, 1, 0, 0, 0, 0, 1, 0, 1, 1, 0, 0, 1, 1, 1, 0, 1, 1, 0, 1, 1, 0, 0, 1, 1, 0, 0]","{'n_estimators': 100, 'max_samples': 0.5, 'max_features': 1.0, 'bootstrap': False, 'bootstrap_features': False}",COMPLETE
1587,0.7032258062247658,2024-07-08 12:53:55.437675,2024-07-08 12:54:25.920673,0 days 00:00:30.482998,XGBClassifier,Normalize_L1_1,,"[1, 1, 0, 0, 1, 1, 0, 1, 1, 0, 1, 1, 0, 1, 0, 1, 0, 1, 0, 0, 0, 1, 1, 0, 1, 0, 0, 0, 0, 1, 0, 1, 0, 0, 1, 1, 0, 1, 1, 1, 1, 0, 0, 1, 1, 0, 0, 0, 0]","{'n_estimators': 200, 'learning_rate': 0.5, 'max_depth': 5, 'min_child_weight': 5, 'subsample': 1.0, 'colsample_bytree': 0.5, 'gamma': 0.0, 'reg_alpha': 0.1, 'reg_lambda': 0.1}",COMPLETE
1588,0.4451612901789802,2024-07-08 12:53:55.534699,2024-07-08 12:54:22.393696,0 days 00:00:26.858997,XGBClassifier,Normalize_L1_1,,"[1, 0, 0, 1, 0, 1, 0, 1, 1, 0, 0, 0, 0, 0, 0, 1, 1, 0, 0, 1, 0, 0, 0, 1, 1, 1, 1, 1, 0, 0, 1, 0, 1, 1, 0, 0, 0, 0, 0, 0, 1, 0, 0, 1, 0, 0, 1, 1, 0]","{'n_estimators': 200, 'learning_rate': 10.0, 'max_depth': 3, 'min_child_weight': 3, 'subsample': 1.0, 'colsample_bytree': 0.7, 'gamma': 1.0, 'reg_alpha': 1.0, 'reg_lambda': 0.1}",COMPLETE
1589,0.7645161287856399,2024-07-08 12:53:55.609669,2024-07-08 12:54:19.641669,0 days 00:00:24.032000,BaggingClassifier,Normalize_L1_1,,"[0, 1, 1, 0, 0, 1, 0, 0, 0, 1, 1, 0, 0, 0, 1, 0, 0, 1, 1, 0, 1, 1, 0, 0, 1, 1, 0, 0, 0, 0, 1, 1, 1, 0, 1, 1, 1, 1, 1, 1, 0, 0, 0, 1, 0, 1, 1, 1, 1]","{'n_estimators': 200, 'max_samples': 1.0, 'max_features': 0.5, 'bootstrap': False, 'bootstrap_features': False}",COMPLETE
1590,0.7870967739396462,2024-07-08 12:53:55.717710,2024-07-08 12:54:29.007684,0 days 00:00:33.289974,BaggingClassifier,Normalize_Max_1,,"[1, 1, 0, 1, 0, 1, 0, 1, 0, 0, 0, 0, 0, 0, 0, 1, 1, 0, 0, 1, 0, 0, 0, 0, 1, 0, 0, 0, 0, 1, 0, 1, 0, 0, 1, 0, 0, 0, 1, 0, 1, 0, 1, 1, 1, 0, 1, 0, 1]","{'n_estimators': 1000, 'max_samples': 0.5, 'max_features': 0.5, 'bootstrap': True, 'bootstrap_features': True}",COMPLETE
1591,0.7838709674890738,2024-07-08 12:53:56.582670,2024-07-08 12:54:26.827703,0 days 00:00:30.245033,XGBClassifier,Normalize_L1_1,,"[0, 1, 0, 1, 0, 1, 1, 0, 0, 1, 0, 0, 1, 0, 0, 1, 0, 1, 1, 1, 1, 1, 0, 1, 1, 1, 1, 1, 0, 0, 1, 1, 1, 0, 0, 1, 1, 0, 1, 0, 1, 1, 0, 1, 1, 1, 0, 0, 0]","{'n_estimators': 10, 'learning_rate': 10.0, 'max_depth': 9, 'min_child_weight': 5, 'subsample': 0.5, 'colsample_bytree': 1.0, 'gamma': 0.0, 'reg_alpha': 1.0, 'reg_lambda': 0.1}",COMPLETE
1592,0.7612903223350675,2024-07-08 12:53:57.815671,2024-07-08 12:54:18.167696,0 days 00:00:20.352025,BaggingClassifier,Normalize_L1_1,,"[0, 0, 0, 0, 0, 1, 1, 0, 1, 1, 0, 1, 1, 1, 1, 0, 1, 1, 1, 1, 0, 1, 1, 0, 0, 1, 1, 0, 0, 0, 1, 1, 0, 1, 0, 1, 0, 0, 0, 1, 0, 1, 1, 0, 0, 1, 1, 0, 1]","{'n_estimators': 100, 'max_samples': 1.0, 'max_features': 0.1, 'bootstrap': True, 'bootstrap_features': False}",COMPLETE
1593,0.7903225803902184,2024-07-08 12:53:58.805668,2024-07-08 12:54:19.343669,0 days 00:00:20.538001,XGBClassifier,Normalize_L1_1,,"[1, 1, 0, 1, 0, 1, 0, 1, 1, 0, 1, 1, 1, 0, 0, 1, 0, 1, 1, 0, 1, 0, 0, 1, 1, 1, 0, 1, 1, 0, 1, 1, 0, 0, 0, 0, 1, 1, 0, 1, 0, 1, 1, 1, 1, 0, 1, 1, 1]","{'n_estimators': 200, 'learning_rate': 0.01, 'max_depth': 3, 'min_child_weight': 10, 'subsample': 0.7, 'colsample_bytree': 1.0, 'gamma': 1.0, 'reg_alpha': 0.0, 'reg_lambda': 0.1}",COMPLETE
1594,0.635483870762747,2024-07-08 12:54:00.929673,2024-07-08 12:54:26.486668,0 days 00:00:25.556995,XGBClassifier,Normalize_L1_1,,"[0, 0, 0, 1, 1, 1, 1, 1, 1, 0, 1, 1, 0, 1, 0, 0, 1, 0, 1, 1, 1, 0, 1, 1, 0, 0, 1, 0, 1, 1, 0, 0, 0, 0, 1, 0, 1, 0, 1, 0, 1, 0, 1, 0, 1, 0, 0, 1, 1]","{'n_estimators': 200, 'learning_rate': 10.0, 'max_depth': 9, 'min_child_weight': 3, 'subsample': 0.5, 'colsample_bytree': 1.0, 'gamma': 1.0, 'reg_alpha': 0.0, 'reg_lambda': 0.1}",COMPLETE
1595,0.7999999997419355,2024-07-08 12:54:02.085679,2024-07-08 12:54:26.793677,0 days 00:00:24.707998,BaggingClassifier,Normalize_L1_1,,"[0, 1, 0, 1, 1, 1, 0, 1, 0, 0, 1, 0, 0, 1, 0, 1, 0, 0, 1, 0, 0, 0, 0, 1, 1, 0, 0, 0, 1, 1, 0, 1, 1, 0, 1, 0, 0, 1, 0, 1, 1, 0, 0, 1, 0, 1, 0, 0, 1]","{'n_estimators': 50, 'max_samples': 0.1, 'max_features': 0.5, 'bootstrap': False, 'bootstrap_features': True}",COMPLETE
1596,0.0,2024-07-08 12:54:02.637667,2024-07-08 12:54:26.957716,0 days 00:00:24.320049,SVC,Normalize_L1_1,,"[1, 0, 0, 0, 0, 1, 1, 0, 0, 0, 0, 0, 1, 0, 1, 1, 0, 1, 0, 1, 1, 1, 1, 0, 0, 0, 0, 1, 0, 0, 1, 0, 1, 1, 1, 0, 1, 0, 1, 1, 1, 0, 1, 1, 1, 0, 1, 0, 0]","{'C': 0.1, 'kernel': 'sigmoid', 'degree': 6, 'gamma': '0.01', 'coef0': 2.0, 'shrinking': False, 'probability': True, 'class_weight': 'balanced', 'decision_function_shape': 'ovo'}",COMPLETE
1597,0.7612903223350675,2024-07-08 12:54:05.196671,2024-07-08 12:54:25.924673,0 days 00:00:20.728002,XGBClassifier,Normalize_L1_1,,"[0, 1, 1, 0, 0, 0, 0, 1, 1, 0, 1, 0, 0, 0, 1, 1, 0, 0, 1, 1, 0, 1, 0, 0, 1, 0, 0, 0, 1, 0, 0, 1, 0, 0, 0, 1, 0, 1, 0, 0, 0, 1, 0, 0, 0, 0, 0, 1, 1]","{'n_estimators': 50, 'learning_rate': 0.5, 'max_depth': 3, 'min_child_weight': 5, 'subsample': 0.7, 'colsample_bytree': 1.0, 'gamma': 1.0, 'reg_alpha': 0.0, 'reg_lambda': 0.0}",COMPLETE
1598,0.7580645158844953,2024-07-08 12:54:07.140675,2024-07-08 12:54:32.552681,0 days 00:00:25.412006,XGBClassifier,Normalize_L1_1,,"[1, 0, 1, 0, 0, 1, 1, 0, 1, 0, 0, 0, 1, 1, 1, 0, 1, 1, 0, 1, 0, 1, 0, 0, 1, 1, 0, 1, 1, 0, 0, 0, 1, 1, 0, 0, 0, 0, 0, 0, 0, 1, 0, 0, 0, 1, 1, 0, 0]","{'n_estimators': 500, 'learning_rate': 0.1, 'max_depth': 3, 'min_child_weight': 3, 'subsample': 1.0, 'colsample_bytree': 0.5, 'gamma': 0.0, 'reg_alpha': 1.0, 'reg_lambda': 0.0}",COMPLETE
1599,0.6419354836638917,2024-07-08 12:54:07.904668,2024-07-08 12:54:26.498673,0 days 00:00:18.594005,XGBClassifier,Normalize_L1_1,,"[1, 1, 0, 1, 0, 0, 0, 1, 1, 0, 1, 0, 0, 0, 1, 1, 1, 0, 0, 0, 0, 1, 1, 1, 1, 1, 1, 0, 0, 0, 1, 0, 1, 0, 0, 0, 0, 0, 1, 1, 0, 1, 1, 0, 0, 0, 0, 1, 0]","{'n_estimators': 500, 'learning_rate': 1.0, 'max_depth': 9, 'min_child_weight': 3, 'subsample': 0.7, 'colsample_bytree': 1.0, 'gamma': 0.1, 'reg_alpha': 0.0, 'reg_lambda': 0.1}",COMPLETE
1600,0.6838709675213319,2024-07-08 12:54:08.434699,2024-07-08 12:54:32.744681,0 days 00:00:24.309982,BaggingClassifier,RobustScaler,,"[0, 1, 0, 1, 0, 1, 1, 1, 0, 1, 1, 1, 0, 0, 1, 1, 1, 0, 1, 0, 0, 1, 0, 0, 1, 1, 0, 1, 1, 0, 0, 1, 1, 0, 0, 0, 1, 0, 1, 1, 0, 0, 1, 0, 1, 1, 1, 0, 0]","{'n_estimators': 50, 'max_samples': 0.5, 'max_features': 0.1, 'bootstrap': True, 'bootstrap_features': False}",COMPLETE
1601,0.6838709675213319,2024-07-08 12:54:08.631668,2024-07-08 12:54:25.658697,0 days 00:00:17.027029,XGBClassifier,Normalize_L1_1,,"[1, 0, 0, 0, 0, 0, 1, 0, 1, 0, 1, 0, 0, 1, 0, 0, 0, 0, 0, 1, 1, 1, 0, 0, 0, 0, 0, 1, 1, 1, 1, 1, 0, 0, 0, 0, 0, 0, 1, 1, 1, 0, 1, 0, 1, 0, 0, 0, 1]","{'n_estimators': 200, 'learning_rate': 0.5, 'max_depth': 5, 'min_child_weight': 3, 'subsample': 0.7, 'colsample_bytree': 1.0, 'gamma': 0.5, 'reg_alpha': 0.0, 'reg_lambda': 1.0}",COMPLETE
1602,0.0,2024-07-08 12:54:08.874666,2024-07-08 12:54:28.627712,0 days 00:00:19.753046,SVC,Normalize_L1_1,,"[0, 0, 0, 0, 0, 1, 1, 0, 0, 1, 0, 1, 0, 1, 0, 0, 1, 0, 1, 1, 1, 1, 1, 1, 0, 1, 1, 1, 0, 1, 0, 1, 1, 0, 1, 1, 0, 0, 0, 1, 1, 0, 1, 0, 0, 1, 1, 0, 0]","{'C': 10.0, 'kernel': 'linear', 'degree': 6, 'gamma': '0.01', 'coef0': 0.5, 'shrinking': False, 'probability': False, 'class_weight': 'balanced', 'decision_function_shape': 'ovo'}",COMPLETE
1603,0.7870967739396462,2024-07-08 12:54:09.184666,2024-07-08 12:54:26.646710,0 days 00:00:17.462044,XGBClassifier,Normalize_L1_1,,"[1, 0, 1, 0, 0, 0, 1, 1, 0, 1, 0, 0, 0, 0, 0, 0, 0, 1, 1, 1, 1, 1, 1, 0, 0, 0, 1, 1, 1, 1, 0, 0, 0, 0, 0, 0, 0, 0, 0, 0, 1, 0, 0, 1, 0, 0, 1, 1, 0]","{'n_estimators': 1000, 'learning_rate': 0.5, 'max_depth': 7, 'min_child_weight': 10, 'subsample': 1.0, 'colsample_bytree': 1.0, 'gamma': 1.0, 'reg_alpha': 1.0, 'reg_lambda': 0.1}",COMPLETE
1604,0.7903225803902184,2024-07-08 12:54:10.581683,2024-07-08 12:54:44.282682,0 days 00:00:33.700999,BaggingClassifier,MaxAbsScaler,,"[0, 0, 0, 0, 1, 1, 1, 1, 0, 1, 1, 0, 1, 0, 0, 0, 0, 1, 1, 0, 0, 0, 1, 0, 0, 1, 1, 0, 0, 1, 0, 1, 0, 1, 0, 0, 1, 0, 1, 1, 0, 0, 0, 0, 0, 0, 0, 0, 1]","{'n_estimators': 50, 'max_samples': 0.1, 'max_features': 1.0, 'bootstrap': True, 'bootstrap_features': True}",COMPLETE
1605,0.7645161287856399,2024-07-08 12:54:11.066667,2024-07-08 12:54:25.289669,0 days 00:00:14.223002,XGBClassifier,Normalize_L1_1,,"[1, 0, 0, 1, 0, 0, 1, 0, 0, 1, 0, 1, 1, 1, 0, 0, 1, 0, 0, 0, 0, 1, 0, 1, 0, 0, 0, 0, 1, 1, 1, 0, 1, 0, 0, 0, 0, 0, 1, 1, 1, 0, 1, 0, 1, 0, 1, 1, 0]","{'n_estimators': 10, 'learning_rate': 1.0, 'max_depth': 5, 'min_child_weight': 3, 'subsample': 1.0, 'colsample_bytree': 1.0, 'gamma': 0.5, 'reg_alpha': 1.0, 'reg_lambda': 0.0}",COMPLETE
1606,0.0,2024-07-08 12:54:13.939696,2024-07-08 12:54:31.913687,0 days 00:00:17.973991,BaggingClassifier,MaxAbsScaler,KMeansSMOTE,,"{'n_estimators': 200, 'max_samples': 1.0, 'max_features': 0.1, 'bootstrap': True, 'bootstrap_features': False}",COMPLETE
1607,0.7999999997419355,2024-07-08 12:54:14.263668,2024-07-08 12:54:40.780682,0 days 00:00:26.517014,BaggingClassifier,Normalize_L1_1,,"[1, 0, 0, 1, 1, 0, 0, 1, 0, 0, 1, 1, 0, 0, 1, 0, 0, 1, 0, 0, 1, 0, 0, 0, 1, 1, 0, 0, 0, 1, 0, 1, 1, 0, 0, 0, 0, 1, 0, 0, 1, 0, 0, 0, 0, 0, 1, 0, 0]","{'n_estimators': 200, 'max_samples': 0.1, 'max_features': 0.5, 'bootstrap': False, 'bootstrap_features': True}",COMPLETE
1608,0.6419354836638917,2024-07-08 12:54:14.939669,2024-07-08 12:54:59.236227,0 days 00:00:44.296558,BaggingClassifier,RobustScaler,,"[1, 1, 1, 0, 0, 0, 1, 1, 1, 1, 0, 0, 1, 1, 0, 1, 0, 0, 0, 0, 1, 1, 1, 1, 0, 0, 0, 1, 1, 1, 1, 1, 1, 0, 0, 1, 0, 0, 0, 0, 1, 1, 0, 0, 1, 0, 1, 0, 1]","{'n_estimators': 500, 'max_samples': 0.5, 'max_features': 1.0, 'bootstrap': False, 'bootstrap_features': False}",COMPLETE
1609,0.7612903223350675,2024-07-08 12:54:17.133668,2024-07-08 12:54:46.774681,0 days 00:00:29.641013,BaggingClassifier,Normalize_L1_1,,"[0, 0, 0, 1, 0, 0, 1, 1, 0, 1, 1, 1, 0, 0, 0, 0, 0, 0, 0, 1, 1, 0, 1, 1, 0, 1, 0, 0, 0, 1, 0, 0, 0, 0, 0, 1, 1, 1, 1, 0, 1, 0, 1, 1, 1, 1, 1, 0, 1]","{'n_estimators': 10, 'max_samples': 1.0, 'max_features': 0.5, 'bootstrap': True, 'bootstrap_features': True}",COMPLETE
1610,0.4677419353329864,2024-07-08 12:54:17.368668,2024-07-08 12:54:57.248227,0 days 00:00:39.879559,BaggingClassifier,Normalize_L1_1,SMOTETomek,"[0, 0, 1, 1, 0, 1, 1, 0, 0, 1, 0, 1, 1, 1, 1, 1, 1, 1, 1, 0, 0, 0, 0, 0, 0, 1, 1, 0, 0, 0, 1, 1, 1, 0, 0, 1, 1, 1, 0, 0, 0, 1, 0, 1, 1, 1, 0, 1, 0]","{'n_estimators': 100, 'max_samples': 0.5, 'max_features': 0.5, 'bootstrap': True, 'bootstrap_features': False}",COMPLETE
1611,0.6258064514110301,2024-07-08 12:54:17.557668,2024-07-08 12:54:45.266681,0 days 00:00:27.709013,BaggingClassifier,RobustScaler,,"[0, 0, 1, 0, 1, 0, 0, 1, 1, 0, 0, 1, 0, 1, 1, 1, 0, 0, 0, 1, 0, 1, 0, 0, 1, 0, 0, 0, 0, 1, 1, 0, 1, 0, 1, 0, 0, 1, 0, 1, 1, 0, 1, 1, 0, 0, 1, 1, 0]","{'n_estimators': 50, 'max_samples': 1.0, 'max_features': 0.5, 'bootstrap': True, 'bootstrap_features': True}",COMPLETE
1612,0.2064516128366285,2024-07-08 12:54:18.592696,2024-07-08 12:54:28.998682,0 days 00:00:10.405986,SVC,Normalize_L1_1,,"[1, 0, 1, 1, 1, 1, 0, 1, 0, 0, 0, 1, 1, 1, 0, 0, 1, 0, 1, 1, 0, 1, 1, 0, 0, 0, 1, 0, 1, 1, 0, 0, 0, 1, 1, 0, 0, 0, 0, 0, 0, 0, 1, 0, 1, 1, 1, 0, 0]","{'C': 0.1, 'kernel': 'linear', 'degree': 4, 'gamma': 'scale', 'coef0': 0.5, 'shrinking': True, 'probability': True, 'class_weight': 'balanced', 'decision_function_shape': 'ovr'}",COMPLETE
1613,0.0,2024-07-08 12:54:19.565668,2024-07-08 12:54:37.612680,0 days 00:00:18.047012,BaggingClassifier,Normalize_L1_1,KMeansSMOTE,,"{'n_estimators': 500, 'max_samples': 0.5, 'max_features': 0.1, 'bootstrap': False, 'bootstrap_features': True}",COMPLETE
1614,0.7935483868407908,2024-07-08 12:54:20.558670,2024-07-08 12:55:21.113198,0 days 00:01:00.554528,ExtraTreesClassifier,Normalize_L1_1,,"[0, 0, 0, 1, 0, 1, 1, 0, 1, 1, 1, 0, 0, 1, 1, 1, 1, 1, 0, 1, 1, 0, 1, 0, 0, 1, 0, 1, 0, 0, 0, 0, 1, 0, 1, 0, 0, 0, 1, 1, 1, 1, 0, 1, 0, 1, 1, 0, 1]","{'n_estimators': 10, 'max_features': 'sqrt', 'max_depth': 10, 'min_samples_split': 2, 'min_samples_leaf': 100, 'bootstrap': True}",COMPLETE
1615,0.4290322579261186,2024-07-08 12:54:20.956680,2024-07-08 12:54:46.713681,0 days 00:00:25.757001,BaggingClassifier,Normalize_L1_1,SMOTETomek,"[1, 0, 0, 0, 0, 1, 1, 0, 1, 0, 0, 1, 0, 1, 1, 0, 1, 0, 0, 1, 0, 0, 0, 1, 0, 0, 0, 0, 1, 0, 1, 1, 1, 0, 0, 0, 0, 0, 1, 1, 0, 0, 1, 1, 1, 1, 1, 1, 1]","{'n_estimators': 200, 'max_samples': 0.5, 'max_features': 1.0, 'bootstrap': False, 'bootstrap_features': False}",COMPLETE
1616,0.6290322578616024,2024-07-08 12:54:21.270695,2024-07-08 12:55:08.271198,0 days 00:00:47.000503,BaggingClassifier,RobustScaler,,"[0, 1, 1, 0, 0, 0, 1, 1, 0, 0, 1, 0, 1, 1, 0, 1, 0, 1, 1, 1, 0, 0, 1, 1, 0, 1, 0, 0, 1, 0, 0, 0, 0, 1, 1, 0, 1, 1, 1, 1, 0, 0, 0, 1, 1, 1, 0, 1, 0]","{'n_estimators': 1000, 'max_samples': 1.0, 'max_features': 0.1, 'bootstrap': True, 'bootstrap_features': False}",COMPLETE
1617,0.7935483868407908,2024-07-08 12:54:21.425706,2024-07-08 12:54:33.393681,0 days 00:00:11.967975,BaggingClassifier,MaxAbsScaler,,"[0, 1, 0, 0, 1, 0, 0, 0, 0, 1, 0, 1, 1, 1, 0, 1, 1, 1, 1, 0, 0, 0, 1, 0, 1, 0, 1, 1, 1, 0, 1, 1, 0, 0, 0, 1, 0, 1, 0, 1, 1, 0, 0, 1, 1, 1, 0, 0, 1]","{'n_estimators': 200, 'max_samples': 0.1, 'max_features': 1.0, 'bootstrap': True, 'bootstrap_features': True}",COMPLETE
1618,0.45483870953069716,2024-07-08 12:54:21.498699,2024-07-08 12:54:59.238199,0 days 00:00:37.739500,BaggingClassifier,Normalize_L1_1,SMOTETomek,"[0, 1, 0, 1, 0, 1, 1, 1, 0, 1, 1, 1, 0, 1, 0, 1, 1, 0, 0, 0, 1, 0, 1, 0, 1, 1, 0, 1, 0, 1, 0, 1, 0, 1, 1, 1, 1, 0, 1, 1, 1, 1, 1, 0, 0, 0, 0, 1, 0]","{'n_estimators': 50, 'max_samples': 0.5, 'max_features': 0.1, 'bootstrap': False, 'bootstrap_features': True}",COMPLETE
