number,value,datetime_start,datetime_complete,duration,params_model,params_normTechnique,params_sampleTechnique,user_attrs_binIndices,user_attrs_hyperparams,state
1456,0.6290322578616024,2024-07-08 12:51:37.996057,2024-07-08 12:52:16.291597,0 days 00:00:38.295540,BaggingClassifier,MaxAbsScaler,,"[0, 0, 1, 1, 1, 0, 0, 1, 1, 1, 1, 0, 0, 1, 1, 1, 1, 0, 0, 1, 1, 0, 1, 1, 1, 0, 1, 1, 0, 0, 0, 0, 0, 0, 1, 1, 0, 1, 1, 0, 1, 1, 1, 0, 0, 1, 1, 1, 1]","{'n_estimators': 200, 'max_samples': 1.0, 'max_features': 1.0, 'bootstrap': False, 'bootstrap_features': False}",COMPLETE
1457,0.7935483868407908,2024-07-08 12:51:38.241055,2024-07-08 12:52:10.066056,0 days 00:00:31.825001,AdaBoostClassifier,Normalize_L1_1,,"[1, 1, 1, 0, 1, 0, 1, 1, 0, 0, 1, 0, 0, 1, 1, 1, 1, 1, 1, 0, 0, 1, 0, 1, 1, 0, 1, 0, 1, 0, 0, 0, 1, 1, 0, 1, 1, 1, 1, 1, 0, 0, 0, 1, 0, 1, 0, 1, 1]","{'n_estimators': 10, 'learning_rate': 0.1, 'algorithm': 'SAMME'}",COMPLETE
1458,0.7935483868407908,2024-07-08 12:51:38.525100,2024-07-08 12:52:12.125052,0 days 00:00:33.599952,AdaBoostClassifier,Normalize_L1_1,,"[0, 1, 0, 1, 1, 0, 0, 1, 1, 1, 1, 1, 0, 0, 0, 1, 0, 0, 0, 1, 1, 1, 0, 1, 1, 0, 1, 1, 0, 1, 0, 1, 1, 0, 0, 0, 0, 1, 0, 0, 1, 1, 1, 1, 1, 1, 0, 0, 1]","{'n_estimators': 500, 'learning_rate': 0.01, 'algorithm': 'SAMME.R'}",COMPLETE
1459,0.4483870966295525,2024-07-08 12:51:38.636084,2024-07-08 12:52:42.674617,0 days 00:01:04.038533,BaggingClassifier,Normalize_L1_1,ADASYN,"[1, 1, 0, 1, 1, 0, 0, 0, 0, 0, 1, 1, 0, 0, 1, 1, 0, 0, 0, 0, 1, 0, 1, 1, 1, 1, 1, 1, 0, 1, 0, 1, 1, 0, 1, 1, 0, 0, 1, 1, 0, 1, 1, 1, 0, 1, 0, 0, 1]","{'n_estimators': 50, 'max_samples': 0.5, 'max_features': 1.0, 'bootstrap': True, 'bootstrap_features': True}",COMPLETE
1460,0.0,2024-07-08 12:51:38.939053,2024-07-08 12:52:15.774590,0 days 00:00:36.835537,BaggingClassifier,Normalize_Max_1,KMeansSMOTE,,"{'n_estimators': 1000, 'max_samples': 0.1, 'max_features': 0.1, 'bootstrap': True, 'bootstrap_features': False}",COMPLETE
1461,0.6290322578616024,2024-07-08 12:51:39.447058,2024-07-08 12:52:12.289078,0 days 00:00:32.842020,BaggingClassifier,Normalize_L1_1,SMOTEENN,"[0, 1, 1, 0, 1, 1, 0, 1, 1, 1, 0, 1, 1, 1, 0, 0, 1, 0, 0, 0, 0, 0, 0, 1, 0, 1, 0, 1, 0, 1, 0, 0, 1, 1, 0, 0, 0, 0, 0, 1, 1, 1, 0, 1, 1, 0, 0, 1, 1]","{'n_estimators': 200, 'max_samples': 0.1, 'max_features': 0.5, 'bootstrap': True, 'bootstrap_features': True}",COMPLETE
1462,0.7838709674890738,2024-07-08 12:51:39.635052,2024-07-08 12:52:14.423595,0 days 00:00:34.788543,BaggingClassifier,MaxAbsScaler,,"[1, 0, 1, 1, 0, 1, 0, 0, 0, 0, 0, 0, 0, 1, 1, 0, 1, 0, 1, 1, 1, 1, 0, 0, 1, 1, 1, 1, 0, 0, 0, 0, 1, 0, 1, 0, 1, 0, 0, 1, 1, 0, 1, 1, 1, 0, 0, 1, 1]","{'n_estimators': 100, 'max_samples': 0.1, 'max_features': 0.1, 'bootstrap': True, 'bootstrap_features': False}",COMPLETE
1463,0.7935483868407908,2024-07-08 12:51:39.958052,2024-07-08 12:52:14.489593,0 days 00:00:34.531541,AdaBoostClassifier,Normalize_L1_1,,"[1, 1, 0, 1, 1, 0, 1, 0, 1, 1, 0, 0, 1, 0, 1, 0, 1, 1, 0, 1, 0, 1, 1, 1, 0, 1, 1, 0, 1, 0, 1, 1, 1, 0, 0, 0, 0, 1, 1, 1, 1, 0, 1, 0, 0, 0, 0, 0, 0]","{'n_estimators': 500, 'learning_rate': 10.0, 'algorithm': 'SAMME'}",COMPLETE
1464,0.36129032246409987,2024-07-08 12:51:40.922067,2024-07-08 12:52:33.495638,0 days 00:00:52.573571,BaggingClassifier,Normalize_L1_1,ADASYN,"[0, 0, 0, 0, 1, 0, 0, 1, 0, 0, 0, 0, 0, 1, 1, 0, 1, 1, 0, 0, 0, 0, 1, 1, 1, 1, 0, 1, 1, 1, 0, 1, 1, 0, 0, 1, 0, 1, 1, 1, 1, 0, 0, 0, 1, 0, 1, 0, 0]","{'n_estimators': 500, 'max_samples': 1.0, 'max_features': 0.1, 'bootstrap': False, 'bootstrap_features': True}",COMPLETE
1465,0.5451612901467221,2024-07-08 12:51:43.262052,2024-07-08 12:52:26.844588,0 days 00:00:43.582536,BaggingClassifier,Normalize_L1_1,ADASYN,"[0, 1, 0, 1, 0, 0, 0, 0, 1, 0, 0, 0, 0, 0, 0, 1, 1, 0, 0, 0, 1, 0, 0, 0, 1, 0, 1, 1, 1, 0, 1, 1, 1, 1, 0, 0, 1, 1, 1, 1, 0, 1, 1, 0, 1, 0, 1, 1, 0]","{'n_estimators': 200, 'max_samples': 0.1, 'max_features': 0.5, 'bootstrap': False, 'bootstrap_features': False}",COMPLETE
1466,0.7677419352362123,2024-07-08 12:51:43.981054,2024-07-08 12:52:16.543589,0 days 00:00:32.562535,BaggingClassifier,Normalize_L1_1,,"[0, 1, 0, 1, 1, 0, 1, 0, 1, 0, 1, 0, 0, 0, 1, 1, 1, 1, 0, 1, 0, 0, 0, 0, 1, 0, 1, 0, 1, 1, 0, 0, 0, 0, 1, 1, 1, 0, 0, 0, 1, 1, 1, 1, 0, 1, 1, 0, 0]","{'n_estimators': 100, 'max_samples': 0.5, 'max_features': 1.0, 'bootstrap': False, 'bootstrap_features': False}",COMPLETE
1467,0.8032258061925077,2024-07-08 12:51:44.304083,2024-07-08 12:52:11.872054,0 days 00:00:27.567971,BaggingClassifier,Normalize_L1_1,,"[0, 0, 0, 1, 1, 0, 0, 1, 0, 1, 0, 0, 0, 0, 1, 0, 1, 0, 0, 1, 1, 0, 0, 0, 0, 0, 1, 1, 0, 0, 1, 0, 0, 0, 1, 0, 1, 1, 1, 0, 0, 0, 0, 0, 0, 0, 0, 0, 0]","{'n_estimators': 200, 'max_samples': 0.1, 'max_features': 0.5, 'bootstrap': False, 'bootstrap_features': True}",COMPLETE
1468,0.5903225804547346,2024-07-08 12:51:46.218056,2024-07-08 12:52:14.374620,0 days 00:00:28.156564,BaggingClassifier,MaxAbsScaler,SMOTEENN,"[1, 0, 1, 1, 0, 1, 0, 1, 1, 0, 1, 0, 0, 1, 1, 1, 1, 1, 1, 1, 1, 0, 1, 1, 0, 0, 0, 1, 0, 0, 1, 0, 0, 1, 1, 1, 1, 1, 0, 0, 1, 0, 0, 0, 1, 0, 0, 1, 0]","{'n_estimators': 10, 'max_samples': 1.0, 'max_features': 0.5, 'bootstrap': True, 'bootstrap_features': False}",COMPLETE
1469,0.6258064514110301,2024-07-08 12:51:48.299057,2024-07-08 12:52:16.395614,0 days 00:00:28.096557,BaggingClassifier,Normalize_L1_1,SMOTEENN,"[0, 1, 0, 1, 0, 0, 1, 0, 0, 0, 1, 1, 1, 0, 0, 1, 1, 0, 0, 1, 0, 1, 1, 0, 0, 0, 1, 1, 0, 1, 1, 1, 1, 0, 1, 1, 0, 1, 0, 0, 1, 1, 0, 1, 0, 1, 1, 0, 0]","{'n_estimators': 50, 'max_samples': 0.1, 'max_features': 1.0, 'bootstrap': True, 'bootstrap_features': False}",COMPLETE
1470,0.3741935482663892,2024-07-08 12:51:50.779053,2024-07-08 12:52:50.841590,0 days 00:01:00.062537,BaggingClassifier,Normalize_L1_1,ADASYN,"[0, 1, 1, 1, 0, 1, 0, 1, 0, 0, 0, 0, 0, 1, 1, 0, 1, 0, 1, 1, 1, 1, 0, 0, 1, 0, 0, 1, 0, 1, 0, 1, 0, 1, 1, 0, 0, 1, 0, 1, 1, 1, 1, 0, 0, 0, 0, 1, 1]","{'n_estimators': 200, 'max_samples': 1.0, 'max_features': 0.5, 'bootstrap': False, 'bootstrap_features': True}",COMPLETE
1471,0.7870967739396462,2024-07-08 12:51:51.109055,2024-07-08 12:52:28.246587,0 days 00:00:37.137532,BaggingClassifier,Normalize_L1_1,,"[0, 1, 1, 0, 0, 1, 1, 1, 0, 1, 1, 1, 0, 0, 0, 0, 0, 1, 1, 0, 1, 0, 0, 1, 1, 0, 0, 0, 0, 0, 0, 1, 1, 0, 0, 0, 0, 1, 0, 1, 0, 1, 0, 0, 0, 0, 1, 0, 1]","{'n_estimators': 10, 'max_samples': 0.1, 'max_features': 0.5, 'bootstrap': True, 'bootstrap_features': False}",COMPLETE
1472,0.0,2024-07-08 12:51:51.254055,2024-07-08 12:52:15.463590,0 days 00:00:24.209535,BaggingClassifier,Normalize_Max_1,KMeansSMOTE,,"{'n_estimators': 1000, 'max_samples': 0.5, 'max_features': 0.5, 'bootstrap': True, 'bootstrap_features': True}",COMPLETE
1473,0.43548387082726325,2024-07-08 12:51:52.703054,2024-07-08 12:52:16.544589,0 days 00:00:23.841535,BaggingClassifier,Normalize_L1_1,SMOTEENN,"[1, 0, 1, 1, 1, 1, 0, 1, 1, 0, 1, 0, 0, 1, 1, 1, 0, 1, 0, 0, 1, 0, 0, 1, 0, 1, 0, 1, 1, 1, 0, 1, 0, 0, 0, 0, 1, 0, 1, 1, 1, 0, 1, 1, 0, 1, 0, 0, 0]","{'n_estimators': 10, 'max_samples': 1.0, 'max_features': 0.5, 'bootstrap': False, 'bootstrap_features': True}",COMPLETE
1474,0.3677419353652445,2024-07-08 12:51:53.761063,2024-07-08 12:52:29.171593,0 days 00:00:35.410530,BaggingClassifier,Normalize_L1_1,ADASYN,"[0, 0, 1, 0, 1, 1, 1, 0, 0, 0, 0, 1, 1, 0, 0, 1, 1, 0, 0, 1, 1, 0, 0, 1, 1, 1, 1, 0, 0, 0, 0, 0, 1, 1, 1, 0, 0, 0, 1, 1, 1, 0, 0, 0, 1, 1, 0, 0, 0]","{'n_estimators': 100, 'max_samples': 1.0, 'max_features': 0.5, 'bootstrap': False, 'bootstrap_features': True}",COMPLETE
1475,0.0,2024-07-08 12:51:59.015052,2024-07-08 12:52:14.948596,0 days 00:00:15.933544,BaggingClassifier,Normalize_L1_1,KMeansSMOTE,,"{'n_estimators': 50, 'max_samples': 1.0, 'max_features': 0.5, 'bootstrap': True, 'bootstrap_features': False}",COMPLETE
1476,0.7935483868407908,2024-07-08 12:52:00.238051,2024-07-08 12:52:22.461593,0 days 00:00:22.223542,BaggingClassifier,Normalize_L1_1,,"[1, 0, 0, 1, 0, 0, 1, 1, 0, 1, 1, 0, 0, 1, 1, 1, 0, 0, 1, 0, 1, 0, 1, 0, 1, 0, 1, 1, 0, 0, 0, 1, 0, 1, 1, 1, 0, 0, 0, 0, 0, 1, 1, 0, 1, 1, 1, 1, 0]","{'n_estimators': 50, 'max_samples': 0.1, 'max_features': 0.5, 'bootstrap': False, 'bootstrap_features': False}",COMPLETE
1477,0.38709677406867843,2024-07-08 12:52:00.760102,2024-07-08 12:52:26.706593,0 days 00:00:25.946491,BaggingClassifier,Normalize_L1_1,ADASYN,"[1, 1, 1, 1, 1, 0, 1, 0, 0, 0, 0, 0, 0, 1, 0, 0, 0, 1, 1, 0, 1, 1, 1, 1, 0, 0, 0, 0, 1, 0, 1, 1, 1, 0, 0, 1, 0, 1, 1, 1, 0, 0, 1, 0, 0, 0, 0, 1, 0]","{'n_estimators': 50, 'max_samples': 1.0, 'max_features': 0.1, 'bootstrap': False, 'bootstrap_features': True}",COMPLETE
1478,0.7935483868407908,2024-07-08 12:52:01.038055,2024-07-08 12:52:45.274589,0 days 00:00:44.236534,BaggingClassifier,Normalize_L1_0,,"[0, 0, 0, 0, 1, 0, 1, 1, 0, 1, 0, 0, 0, 0, 0, 1, 0, 1, 0, 1, 0, 1, 0, 1, 0, 0, 0, 1, 0, 0, 0, 0, 1, 1, 0, 0, 0, 1, 0, 1, 0, 0, 0, 1, 0, 0, 0, 1, 0]","{'n_estimators': 50, 'max_samples': 0.1, 'max_features': 1.0, 'bootstrap': True, 'bootstrap_features': False}",COMPLETE
1479,0.0,2024-07-08 12:52:01.344052,2024-07-08 12:52:15.585591,0 days 00:00:14.241539,BaggingClassifier,Normalize_L1_1,KMeansSMOTE,,"{'n_estimators': 500, 'max_samples': 0.1, 'max_features': 0.5, 'bootstrap': False, 'bootstrap_features': True}",COMPLETE
1480,0.31290322570551504,2024-07-08 12:52:03.037053,2024-07-08 12:52:45.291589,0 days 00:00:42.254536,BaggingClassifier,Normalize_L1_0,NearMiss,"[1, 1, 0, 1, 1, 0, 1, 1, 0, 0, 0, 0, 0, 0, 1, 1, 0, 1, 1, 0, 1, 0, 0, 1, 0, 1, 1, 0, 0, 0, 0, 0, 0, 1, 0, 0, 0, 1, 1, 1, 1, 0, 0, 1, 1, 1, 0, 0, 1]","{'n_estimators': 200, 'max_samples': 0.1, 'max_features': 0.1, 'bootstrap': False, 'bootstrap_features': True}",COMPLETE
1481,0.7677419352362123,2024-07-08 12:52:08.713052,2024-07-08 12:52:22.478594,0 days 00:00:13.765542,BaggingClassifier,Normalize_Max_1,,"[0, 0, 1, 1, 1, 1, 0, 1, 0, 0, 0, 0, 0, 1, 1, 0, 0, 0, 1, 0, 0, 0, 0, 0, 1, 0, 0, 0, 1, 0, 0, 1, 1, 0, 1, 0, 1, 1, 0, 0, 0, 0, 0, 1, 1, 0, 1, 1, 0]","{'n_estimators': 50, 'max_samples': 1.0, 'max_features': 0.5, 'bootstrap': True, 'bootstrap_features': False}",COMPLETE
1482,0.564516128850156,2024-07-08 12:52:09.894054,2024-07-08 12:52:28.027593,0 days 00:00:18.133539,BaggingClassifier,Normalize_L1_1,ADASYN,"[1, 0, 0, 0, 1, 0, 1, 1, 0, 1, 0, 1, 1, 1, 1, 0, 0, 0, 1, 0, 0, 0, 0, 1, 0, 1, 0, 1, 0, 1, 1, 1, 1, 0, 0, 0, 0, 0, 0, 0, 1, 0, 0, 0, 1, 0, 0, 1, 1]","{'n_estimators': 500, 'max_samples': 0.1, 'max_features': 0.1, 'bootstrap': False, 'bootstrap_features': True}",COMPLETE
1483,0.7612903223350675,2024-07-08 12:52:10.652055,2024-07-08 12:52:26.039591,0 days 00:00:15.387536,BaggingClassifier,Normalize_L1_1,,"[0, 0, 0, 1, 1, 0, 0, 1, 1, 0, 1, 0, 0, 1, 0, 0, 0, 0, 0, 0, 0, 0, 1, 0, 1, 1, 0, 0, 1, 0, 0, 0, 1, 1, 1, 0, 1, 0, 1, 1, 0, 1, 0, 0, 0, 0, 0, 1, 0]","{'n_estimators': 50, 'max_samples': 1.0, 'max_features': 0.5, 'bootstrap': False, 'bootstrap_features': True}",COMPLETE
1484,0.39999999987096774,2024-07-08 12:52:11.283054,2024-07-08 12:52:28.348630,0 days 00:00:17.065576,BaggingClassifier,Normalize_L1_1,ADASYN,"[0, 1, 1, 0, 0, 1, 1, 0, 0, 0, 0, 1, 1, 1, 0, 0, 1, 0, 1, 1, 0, 0, 1, 1, 0, 1, 1, 1, 1, 0, 0, 0, 0, 0, 1, 1, 1, 1, 0, 1, 1, 1, 1, 1, 1, 0, 0, 0, 1]","{'n_estimators': 100, 'max_samples': 1.0, 'max_features': 0.1, 'bootstrap': True, 'bootstrap_features': False}",COMPLETE
1485,0.0,2024-07-08 12:52:11.641055,2024-07-08 12:52:30.354642,0 days 00:00:18.713587,BaggingClassifier,,NearMiss,,"{'n_estimators': 10, 'max_samples': 0.1, 'max_features': 1.0, 'bootstrap': True, 'bootstrap_features': False}",COMPLETE
1486,0.4483870966295525,2024-07-08 12:52:12.043053,2024-07-08 12:52:26.431637,0 days 00:00:14.388584,BaggingClassifier,Normalize_L1_1,ADASYN,"[0, 1, 1, 0, 0, 1, 0, 1, 1, 0, 0, 1, 1, 0, 0, 0, 1, 1, 0, 1, 0, 0, 1, 1, 0, 0, 0, 0, 1, 0, 0, 1, 0, 0, 0, 1, 1, 1, 0, 0, 1, 1, 1, 0, 0, 0, 1, 1, 1]","{'n_estimators': 100, 'max_samples': 0.5, 'max_features': 0.5, 'bootstrap': True, 'bootstrap_features': False}",COMPLETE
1487,0.7612903223350675,2024-07-08 12:52:13.866638,2024-07-08 12:52:34.903618,0 days 00:00:21.036980,BaggingClassifier,Normalize_L1_1,,"[0, 0, 1, 0, 0, 0, 0, 1, 1, 1, 1, 1, 1, 0, 0, 0, 1, 0, 1, 1, 0, 1, 0, 1, 0, 1, 0, 0, 1, 0, 0, 0, 1, 0, 1, 1, 1, 1, 0, 1, 0, 0, 0, 1, 1, 1, 1, 0, 1]","{'n_estimators': 100, 'max_samples': 1.0, 'max_features': 1.0, 'bootstrap': True, 'bootstrap_features': True}",COMPLETE
1488,0.7580645158844953,2024-07-08 12:52:13.996594,2024-07-08 12:52:27.863618,0 days 00:00:13.867024,BaggingClassifier,Normalize_L1_1,,"[1, 1, 0, 1, 0, 0, 1, 1, 0, 0, 1, 0, 0, 1, 1, 1, 0, 1, 0, 1, 0, 0, 1, 1, 0, 0, 0, 0, 0, 0, 1, 1, 0, 1, 0, 0, 1, 1, 1, 1, 1, 1, 1, 1, 0, 1, 1, 1, 0]","{'n_estimators': 50, 'max_samples': 1.0, 'max_features': 1.0, 'bootstrap': True, 'bootstrap_features': False}",COMPLETE
1489,0.7645161287856399,2024-07-08 12:52:14.054596,2024-07-08 12:52:27.820617,0 days 00:00:13.766021,BaggingClassifier,Normalize_L1_1,,"[0, 1, 0, 1, 0, 1, 1, 0, 1, 0, 0, 0, 1, 0, 1, 1, 0, 1, 1, 0, 1, 0, 0, 0, 1, 1, 1, 1, 1, 0, 1, 0, 0, 1, 1, 0, 0, 1, 1, 1, 1, 0, 1, 1, 1, 0, 0, 0, 1]","{'n_estimators': 100, 'max_samples': 1.0, 'max_features': 0.5, 'bootstrap': True, 'bootstrap_features': True}",COMPLETE
1490,0.7774193545879292,2024-07-08 12:52:14.111600,2024-07-08 12:52:43.234593,0 days 00:00:29.122993,ExtraTreesClassifier,Normalize_L1_1,,"[0, 1, 1, 1, 0, 0, 1, 1, 1, 0, 1, 0, 1, 1, 0, 0, 1, 1, 1, 0, 1, 1, 0, 0, 1, 1, 0, 0, 0, 1, 0, 1, 0, 0, 1, 0, 1, 1, 0, 0, 0, 0, 0, 0, 1, 1, 0, 1, 1]","{'n_estimators': 50, 'max_features': 'log2', 'max_depth': 500, 'min_samples_split': 10, 'min_samples_leaf': 1, 'bootstrap': True}",COMPLETE
1491,0.7612903223350675,2024-07-08 12:52:14.163590,2024-07-08 12:52:53.224590,0 days 00:00:39.061000,BaggingClassifier,Normalize_L1_0,,"[0, 0, 0, 1, 1, 1, 1, 1, 0, 0, 1, 0, 0, 1, 1, 0, 1, 0, 1, 0, 0, 0, 1, 1, 0, 0, 1, 0, 0, 0, 0, 1, 0, 0, 0, 1, 0, 1, 1, 1, 0, 1, 1, 0, 1, 0, 1, 0, 0]","{'n_estimators': 100, 'max_samples': 1.0, 'max_features': 1.0, 'bootstrap': True, 'bootstrap_features': False}",COMPLETE
1492,0.7774193545879292,2024-07-08 12:52:14.211590,2024-07-08 12:52:50.444590,0 days 00:00:36.233000,BaggingClassifier,Normalize_L1_1,,"[1, 1, 1, 1, 0, 1, 1, 0, 0, 1, 1, 1, 1, 0, 0, 0, 1, 0, 0, 1, 1, 1, 1, 0, 0, 0, 0, 1, 0, 0, 1, 0, 0, 1, 0, 0, 0, 1, 0, 0, 1, 0, 0, 1, 1, 1, 1, 1, 0]","{'n_estimators': 50, 'max_samples': 0.1, 'max_features': 0.1, 'bootstrap': False, 'bootstrap_features': False}",COMPLETE
1493,0.4645161288824141,2024-07-08 12:52:14.306594,2024-07-08 12:53:21.799566,0 days 00:01:07.492972,BaggingClassifier,Normalize_L1_1,RandomOverSampler,"[0, 0, 1, 0, 0, 1, 1, 1, 0, 0, 0, 0, 0, 1, 0, 1, 1, 1, 0, 1, 1, 1, 1, 0, 1, 0, 0, 0, 1, 1, 1, 1, 0, 1, 1, 1, 0, 0, 0, 1, 0, 0, 0, 0, 1, 1, 1, 0, 0]","{'n_estimators': 500, 'max_samples': 0.5, 'max_features': 1.0, 'bootstrap': False, 'bootstrap_features': True}",COMPLETE
1494,0.0,2024-07-08 12:52:15.223594,2024-07-08 12:52:33.174632,0 days 00:00:17.951038,ExtraTreesClassifier,,,,"{'n_estimators': 200, 'max_features': 'log2', 'max_depth': 1000, 'min_samples_split': 100, 'min_samples_leaf': 50, 'bootstrap': True}",COMPLETE
1495,0.0,2024-07-08 12:52:15.655591,2024-07-08 12:52:33.811602,0 days 00:00:18.156011,ExtraTreesClassifier,,NearMiss,,"{'n_estimators': 10, 'max_features': 'log2', 'max_depth': 500, 'min_samples_split': 50, 'min_samples_leaf': 2, 'bootstrap': False}",COMPLETE
1496,0.0,2024-07-08 12:52:16.349626,2024-07-08 12:52:34.280597,0 days 00:00:17.930971,ExtraTreesClassifier,,NearMiss,,"{'n_estimators': 50, 'max_features': None, 'max_depth': 200, 'min_samples_split': 50, 'min_samples_leaf': 2, 'bootstrap': True}",COMPLETE
1497,0.7580645158844953,2024-07-08 12:52:16.444606,2024-07-08 12:52:45.286590,0 days 00:00:28.841984,BaggingClassifier,Normalize_L1_0,,"[1, 0, 0, 0, 0, 1, 1, 0, 1, 0, 0, 0, 0, 1, 1, 0, 1, 0, 0, 1, 0, 1, 0, 0, 0, 1, 0, 1, 0, 1, 0, 0, 0, 1, 1, 0, 0, 1, 0, 0, 1, 0, 1, 1, 1, 1, 0, 1, 1]","{'n_estimators': 100, 'max_samples': 0.5, 'max_features': 0.5, 'bootstrap': False, 'bootstrap_features': True}",COMPLETE
1498,0.0,2024-07-08 12:52:16.672633,2024-07-08 12:52:30.816599,0 days 00:00:14.143966,BaggingClassifier,,NearMiss,,"{'n_estimators': 10, 'max_samples': 0.5, 'max_features': 0.1, 'bootstrap': True, 'bootstrap_features': True}",COMPLETE
1499,0.7709677416867845,2024-07-08 12:52:17.654592,2024-07-08 12:53:22.030565,0 days 00:01:04.375973,BaggingClassifier,Normalize_L1_0,,"[0, 0, 0, 0, 0, 1, 1, 1, 1, 1, 1, 1, 0, 1, 0, 0, 1, 0, 1, 1, 1, 0, 1, 1, 1, 1, 0, 1, 1, 0, 1, 1, 0, 0, 0, 1, 0, 0, 1, 1, 1, 0, 1, 1, 1, 1, 0, 1, 0]","{'n_estimators': 1000, 'max_samples': 0.5, 'max_features': 0.5, 'bootstrap': True, 'bootstrap_features': False}",COMPLETE
1500,0.7903225803902184,2024-07-08 12:52:17.770592,2024-07-08 12:52:52.388594,0 days 00:00:34.618002,BaggingClassifier,Normalize_L1_1,,"[1, 0, 1, 1, 0, 0, 1, 0, 1, 1, 1, 0, 0, 1, 1, 0, 0, 1, 1, 0, 1, 1, 1, 1, 1, 0, 0, 0, 0, 1, 0, 0, 1, 0, 0, 1, 1, 1, 0, 0, 0, 0, 1, 1, 0, 1, 0, 1, 1]","{'n_estimators': 50, 'max_samples': 0.1, 'max_features': 0.1, 'bootstrap': True, 'bootstrap_features': True}",COMPLETE
1501,0.4290322579261186,2024-07-08 12:52:18.113637,2024-07-08 12:52:35.654604,0 days 00:00:17.540967,ExtraTreesClassifier,Normalize_L1_1,NearMiss,"[1, 1, 1, 1, 0, 0, 0, 0, 1, 0, 1, 1, 0, 0, 0, 0, 1, 1, 0, 1, 0, 0, 1, 1, 0, 0, 0, 1, 1, 0, 1, 0, 0, 1, 0, 1, 0, 1, 1, 1, 0, 0, 0, 1, 1, 0, 0, 1, 1]","{'n_estimators': 500, 'max_features': None, 'max_depth': None, 'min_samples_split': 200, 'min_samples_leaf': 1, 'bootstrap': False}",COMPLETE
1502,0.0,2024-07-08 12:52:18.300616,2024-07-08 12:52:41.228589,0 days 00:00:22.927973,ExtraTreesClassifier,Normalize_L1_1,,"[0, 0, 1, 1, 1, 1, 0, 1, 0, 0, 1, 0, 1, 1, 1, 0, 0, 1, 1, 0, 0, 0, 1, 0, 1, 1, 1, 1, 0, 0, 0, 1, 1, 0, 1, 1, 1, 0, 0, 1, 0, 0, 1, 1, 0, 0, 0, 0, 0]","{'n_estimators': 10, 'max_features': 'auto', 'max_depth': 10, 'min_samples_split': 100, 'min_samples_leaf': 50, 'bootstrap': True}",COMPLETE
1503,0.7935483868407908,2024-07-08 12:52:18.977590,2024-07-08 12:53:16.875568,0 days 00:00:57.897978,BaggingClassifier,Normalize_L1_0,,"[0, 1, 1, 1, 1, 1, 1, 0, 1, 1, 0, 0, 1, 1, 1, 1, 0, 0, 1, 1, 1, 0, 1, 0, 0, 1, 1, 0, 1, 0, 1, 0, 0, 0, 0, 0, 1, 1, 1, 1, 0, 1, 0, 0, 1, 0, 1, 1, 1]","{'n_estimators': 1000, 'max_samples': 0.1, 'max_features': 1.0, 'bootstrap': True, 'bootstrap_features': True}",COMPLETE
1504,0.6290322578616024,2024-07-08 12:52:22.779620,2024-07-08 12:52:52.770601,0 days 00:00:29.990981,BaggingClassifier,RobustScaler,,"[1, 1, 0, 1, 0, 1, 0, 0, 1, 0, 0, 0, 0, 0, 1, 0, 0, 1, 1, 0, 1, 0, 0, 1, 1, 0, 1, 1, 1, 0, 0, 1, 1, 1, 1, 1, 1, 1, 0, 1, 0, 0, 1, 1, 0, 1, 0, 1, 0]","{'n_estimators': 50, 'max_samples': 1.0, 'max_features': 0.5, 'bootstrap': False, 'bootstrap_features': True}",COMPLETE
1505,0.7870967739396462,2024-07-08 12:52:23.462589,2024-07-08 12:52:46.223638,0 days 00:00:22.761049,ExtraTreesClassifier,Normalize_L1_1,,"[0, 1, 0, 0, 0, 0, 0, 1, 1, 1, 0, 1, 1, 1, 0, 0, 0, 1, 0, 1, 0, 1, 1, 0, 0, 0, 0, 1, 1, 0, 1, 1, 0, 1, 0, 0, 1, 0, 0, 1, 0, 0, 0, 1, 0, 0, 1, 0, 1]","{'n_estimators': 1000, 'max_features': 'sqrt', 'max_depth': 1000, 'min_samples_split': 5, 'min_samples_leaf': 10, 'bootstrap': True}",COMPLETE
1506,0.8032258061925077,2024-07-08 12:52:24.325590,2024-07-08 12:53:04.022569,0 days 00:00:39.696979,BaggingClassifier,Normalize_L1_1,,"[1, 1, 1, 1, 0, 1, 0, 1, 0, 1, 1, 0, 1, 0, 0, 0, 0, 1, 1, 1, 1, 0, 0, 0, 1, 0, 1, 0, 0, 0, 0, 0, 1, 0, 0, 0, 0, 0, 0, 0, 0, 0, 0, 1, 1, 1, 0, 1, 0]","{'n_estimators': 500, 'max_samples': 0.1, 'max_features': 0.5, 'bootstrap': False, 'bootstrap_features': False}",COMPLETE
1507,0.7774193545879292,2024-07-08 12:52:24.607593,2024-07-08 12:52:45.271590,0 days 00:00:20.663997,ExtraTreesClassifier,Normalize_L1_0,,"[1, 1, 0, 1, 1, 1, 1, 1, 0, 1, 1, 1, 0, 1, 0, 0, 0, 0, 0, 0, 0, 1, 1, 1, 1, 0, 0, 0, 1, 0, 1, 0, 0, 0, 1, 0, 0, 1, 0, 0, 0, 0, 1, 0, 0, 1, 1, 1, 0]","{'n_estimators': 10, 'max_features': None, 'max_depth': 50, 'min_samples_split': 10, 'min_samples_leaf': 1, 'bootstrap': False}",COMPLETE
1508,0.6419354836638917,2024-07-08 12:52:26.184622,2024-07-08 12:53:31.296566,0 days 00:01:05.111944,BaggingClassifier,RobustScaler,,"[0, 0, 1, 0, 0, 1, 1, 0, 1, 0, 1, 1, 1, 1, 0, 1, 0, 0, 0, 0, 1, 1, 1, 0, 0, 1, 0, 1, 1, 0, 0, 0, 0, 0, 1, 0, 0, 0, 1, 1, 0, 0, 1, 1, 1, 0, 0, 1, 1]","{'n_estimators': 1000, 'max_samples': 0.5, 'max_features': 1.0, 'bootstrap': False, 'bootstrap_features': False}",COMPLETE
1509,0.7741935481373569,2024-07-08 12:52:26.245635,2024-07-08 12:52:45.293589,0 days 00:00:19.047954,BaggingClassifier,Normalize_L1_0,,"[0, 1, 1, 1, 1, 1, 0, 0, 1, 0, 0, 1, 1, 0, 0, 0, 0, 1, 1, 1, 0, 0, 1, 1, 0, 1, 1, 1, 1, 0, 0, 1, 0, 1, 1, 0, 1, 1, 1, 1, 1, 1, 0, 0, 0, 0, 1, 0, 1]","{'n_estimators': 10, 'max_samples': 0.1, 'max_features': 0.5, 'bootstrap': True, 'bootstrap_features': False}",COMPLETE
1510,0.7645161287856399,2024-07-08 12:52:26.940601,2024-07-08 12:53:19.119567,0 days 00:00:52.178966,BaggingClassifier,Normalize_L1_0,,"[0, 0, 0, 0, 0, 1, 0, 0, 1, 1, 1, 1, 0, 1, 0, 1, 0, 0, 1, 1, 1, 0, 1, 1, 0, 0, 1, 0, 1, 0, 0, 1, 1, 1, 1, 0, 1, 0, 1, 1, 1, 0, 0, 0, 0, 1, 1, 1, 1]","{'n_estimators': 50, 'max_samples': 1.0, 'max_features': 0.1, 'bootstrap': True, 'bootstrap_features': True}",COMPLETE
1511,0.7709677416867845,2024-07-08 12:52:27.270590,2024-07-08 12:52:57.648593,0 days 00:00:30.378003,BaggingClassifier,Normalize_L1_1,,"[0, 1, 0, 0, 0, 1, 1, 1, 1, 1, 1, 0, 0, 0, 1, 1, 1, 0, 0, 0, 0, 1, 0, 1, 1, 1, 1, 0, 0, 1, 0, 1, 0, 0, 0, 1, 1, 1, 1, 0, 1, 0, 0, 0, 0, 1, 1, 1, 1]","{'n_estimators': 500, 'max_samples': 0.5, 'max_features': 0.1, 'bootstrap': False, 'bootstrap_features': True}",COMPLETE
