number,value,datetime_start,datetime_complete,duration,params_model,params_normTechnique,params_sampleTechnique,user_attrs_binIndices,user_attrs_hyperparams,state
2482,0.7935483868407908,2024-07-08 13:09:54.500477,2024-07-08 13:10:14.359473,0 days 00:00:19.858996,BaggingClassifier,Normalize_L1_1,,"[1, 1, 1, 0, 1, 0, 0, 0, 0, 0, 1, 0, 1, 1, 1, 0, 1, 1, 1, 0, 0, 0, 0, 1, 1, 1, 0, 1, 1, 1, 0, 0, 1, 1, 0, 0, 0, 0, 0, 0, 1, 0, 0, 0, 0, 1, 1, 0, 1]","{'n_estimators': 200, 'max_samples': 0.1, 'max_features': 1.0, 'bootstrap': False, 'bootstrap_features': True}",COMPLETE
2483,0.7774193545879292,2024-07-08 13:09:55.865474,2024-07-08 13:10:18.709471,0 days 00:00:22.843997,BaggingClassifier,Normalize_L1_1,TomekLinks,"[0, 0, 0, 1, 0, 1, 1, 0, 0, 1, 1, 1, 0, 1, 0, 1, 0, 0, 0, 0, 0, 1, 0, 1, 0, 0, 0, 0, 1, 1, 0, 1, 0, 1, 1, 1, 1, 1, 0, 1, 0, 0, 1, 0, 1, 0, 0, 0, 0]","{'n_estimators': 1000, 'max_samples': 0.1, 'max_features': 0.1, 'bootstrap': False, 'bootstrap_features': True}",COMPLETE
2484,0.7870967739396462,2024-07-08 13:09:57.064473,2024-07-08 13:10:34.508475,0 days 00:00:37.444002,DecisionTreeClassifier,Normalize_L1_1,,"[0, 0, 1, 0, 1, 1, 0, 0, 1, 1, 0, 1, 1, 0, 1, 1, 1, 1, 1, 0, 1, 1, 1, 1, 0, 0, 0, 1, 0, 0, 0, 1, 0, 0, 1, 1, 0, 1, 1, 0, 0, 1, 1, 0, 1, 0, 1, 0, 1]","{'max_depth': 500, 'min_samples_split': 2, 'min_samples_leaf': 50, 'max_features': None, 'splitter': 'random'}",COMPLETE
2485,0.7645161287856399,2024-07-08 13:09:57.592473,2024-07-08 13:10:14.809477,0 days 00:00:17.217004,BaggingClassifier,Normalize_L1_1,TomekLinks,"[1, 0, 0, 0, 1, 0, 1, 0, 1, 1, 0, 0, 1, 1, 0, 0, 0, 1, 1, 1, 1, 1, 1, 1, 0, 0, 1, 1, 0, 0, 0, 1, 1, 1, 1, 1, 1, 0, 1, 1, 1, 1, 1, 0, 1, 0, 1, 1, 0]","{'n_estimators': 50, 'max_samples': 0.1, 'max_features': 1.0, 'bootstrap': True, 'bootstrap_features': True}",COMPLETE
2486,0.7645161287856399,2024-07-08 13:09:57.996471,2024-07-08 13:10:19.094477,0 days 00:00:21.098006,BaggingClassifier,Normalize_L1_1,,"[0, 0, 1, 1, 0, 1, 1, 1, 1, 0, 0, 0, 0, 0, 0, 1, 1, 0, 0, 1, 0, 1, 1, 1, 1, 0, 0, 0, 0, 1, 0, 0, 0, 0, 0, 0, 0, 1, 0, 0, 1, 0, 1, 1, 0, 0, 0, 0, 1]","{'n_estimators': 10, 'max_samples': 0.5, 'max_features': 0.1, 'bootstrap': False, 'bootstrap_features': False}",COMPLETE
2487,0.7741935481373569,2024-07-08 13:09:58.422475,2024-07-08 13:10:23.962504,0 days 00:00:25.540029,BaggingClassifier,Normalize_L1_1,TomekLinks,"[1, 1, 1, 0, 1, 1, 1, 0, 0, 1, 0, 1, 1, 1, 0, 1, 1, 1, 1, 1, 0, 0, 1, 0, 0, 1, 0, 1, 1, 0, 0, 1, 0, 1, 0, 1, 1, 1, 0, 1, 0, 0, 0, 1, 1, 0, 0, 1, 0]","{'n_estimators': 500, 'max_samples': 0.1, 'max_features': 1.0, 'bootstrap': False, 'bootstrap_features': True}",COMPLETE
2488,0.7258064513787721,2024-07-08 13:09:58.595474,2024-07-08 13:10:26.927477,0 days 00:00:28.332003,KNeighborsClassifier,Normalize_L1_1,,"[0, 0, 1, 1, 1, 1, 0, 1, 0, 1, 1, 1, 1, 1, 1, 0, 1, 0, 1, 1, 0, 0, 0, 1, 1, 0, 1, 0, 0, 1, 1, 0, 0, 0, 1, 1, 0, 0, 0, 0, 0, 1, 1, 0, 0, 1, 0, 0, 1]","{'n_neighbors': 3, 'weights': 'uniform', 'algorithm': 'brute', 'leaf_size': 40, 'p': 1, 'metric': 'euclidean'}",COMPLETE
2489,0.7645161287856399,2024-07-08 13:10:00.471473,2024-07-08 13:10:23.877472,0 days 00:00:23.405999,KNeighborsClassifier,Normalize_L1_1,,"[1, 0, 1, 1, 0, 0, 0, 0, 1, 0, 1, 0, 1, 0, 0, 1, 1, 0, 0, 0, 1, 0, 0, 0, 1, 1, 1, 0, 1, 1, 0, 0, 1, 1, 1, 1, 1, 0, 1, 0, 0, 1, 0, 0, 0, 0, 1, 0, 1]","{'n_neighbors': 10, 'weights': 'distance', 'algorithm': 'kd_tree', 'leaf_size': 30, 'p': 2, 'metric': 'euclidean'}",COMPLETE
2490,0.7806451610385015,2024-07-08 13:10:00.953474,2024-07-08 13:10:30.168472,0 days 00:00:29.214998,BaggingClassifier,Normalize_L1_1,,"[1, 0, 1, 1, 1, 0, 0, 1, 0, 0, 0, 1, 0, 0, 1, 0, 1, 0, 0, 0, 0, 0, 1, 1, 1, 0, 1, 1, 1, 0, 1, 0, 0, 0, 0, 0, 0, 1, 0, 1, 0, 1, 1, 1, 0, 1, 0, 0, 0]","{'n_estimators': 100, 'max_samples': 0.5, 'max_features': 0.1, 'bootstrap': True, 'bootstrap_features': False}",COMPLETE
2491,0.7741935481373569,2024-07-08 13:10:01.173493,2024-07-08 13:10:23.822472,0 days 00:00:22.648979,BaggingClassifier,Normalize_L1_1,,"[1, 0, 1, 1, 1, 0, 0, 1, 1, 0, 0, 0, 1, 0, 1, 1, 1, 1, 0, 0, 0, 1, 0, 0, 0, 1, 0, 0, 1, 1, 1, 0, 0, 1, 0, 1, 0, 0, 0, 0, 0, 1, 1, 0, 0, 0, 1, 1, 1]","{'n_estimators': 500, 'max_samples': 0.5, 'max_features': 0.1, 'bootstrap': False, 'bootstrap_features': False}",COMPLETE
2492,0.7935483868407908,2024-07-08 13:10:02.583474,2024-07-08 13:11:17.651473,0 days 00:01:15.067999,BaggingClassifier,Normalize_L1_1,,"[0, 1, 0, 1, 0, 1, 0, 1, 1, 1, 0, 0, 1, 0, 1, 0, 0, 1, 0, 0, 0, 1, 1, 0, 0, 1, 1, 0, 1, 1, 0, 0, 0, 0, 1, 1, 0, 1, 0, 1, 0, 0, 0, 0, 1, 1, 1, 1, 1]","{'n_estimators': 1000, 'max_samples': 0.1, 'max_features': 1.0, 'bootstrap': False, 'bootstrap_features': False}",COMPLETE
2493,0.7774193545879292,2024-07-08 13:10:03.239472,2024-07-08 13:11:18.001478,0 days 00:01:14.762006,BaggingClassifier,Normalize_L1_1,,"[0, 0, 1, 1, 1, 1, 1, 1, 0, 1, 0, 1, 1, 1, 0, 1, 0, 0, 1, 1, 0, 1, 1, 0, 0, 1, 1, 1, 1, 1, 0, 0, 0, 1, 1, 1, 1, 0, 1, 1, 1, 1, 0, 0, 1, 1, 1, 1, 1]","{'n_estimators': 200, 'max_samples': 0.5, 'max_features': 1.0, 'bootstrap': True, 'bootstrap_features': False}",COMPLETE
2494,0.0,2024-07-08 13:10:03.816471,2024-07-08 13:10:22.263472,0 days 00:00:18.447001,MLPClassifier,,,,,COMPLETE
2495,0.7838709674890738,2024-07-08 13:10:04.127508,2024-07-08 13:10:26.874476,0 days 00:00:22.746968,KNeighborsClassifier,Normalize_L1_1,,"[1, 1, 1, 0, 1, 0, 0, 0, 0, 1, 1, 0, 0, 1, 1, 0, 0, 0, 0, 1, 0, 0, 1, 0, 1, 1, 0, 1, 0, 0, 0, 0, 1, 1, 1, 1, 1, 0, 1, 1, 1, 1, 1, 1, 1, 1, 1, 0, 1]","{'n_neighbors': 10, 'weights': 'uniform', 'algorithm': 'brute', 'leaf_size': 60, 'p': 1, 'metric': 'minkowski'}",COMPLETE
2496,0.7516129029833506,2024-07-08 13:10:06.806476,2024-07-08 13:10:46.734476,0 days 00:00:39.928000,DecisionTreeClassifier,Normalize_L1_1,,"[0, 0, 0, 1, 0, 1, 1, 0, 0, 0, 0, 1, 0, 0, 0, 1, 0, 0, 1, 0, 0, 1, 0, 1, 0, 1, 1, 1, 1, 1, 1, 1, 1, 0, 0, 1, 1, 0, 0, 1, 1, 1, 1, 1, 0, 1, 0, 0, 1]","{'max_depth': 100, 'min_samples_split': 2, 'min_samples_leaf': 5, 'max_features': None, 'splitter': 'random'}",COMPLETE
2497,0.7677419352362123,2024-07-08 13:10:07.826475,2024-07-08 13:10:38.960479,0 days 00:00:31.134004,KNeighborsClassifier,Normalize_L1_1,,"[0, 1, 0, 1, 0, 1, 0, 1, 1, 1, 1, 0, 0, 1, 0, 1, 0, 1, 1, 1, 1, 0, 0, 0, 1, 1, 1, 0, 0, 0, 1, 1, 1, 0, 0, 1, 0, 0, 0, 1, 1, 0, 0, 1, 0, 1, 0, 0, 1]","{'n_neighbors': 10, 'weights': 'distance', 'algorithm': 'auto', 'leaf_size': 20, 'p': 2, 'metric': 'manhattan'}",COMPLETE
2498,0.7645161287856399,2024-07-08 13:10:08.255504,2024-07-08 13:10:34.493503,0 days 00:00:26.237999,BaggingClassifier,Normalize_L1_1,,"[1, 0, 0, 0, 1, 1, 0, 1, 0, 1, 0, 0, 0, 1, 0, 0, 0, 1, 1, 1, 1, 0, 0, 1, 0, 0, 1, 1, 1, 0, 0, 1, 0, 0, 0, 1, 1, 1, 1, 0, 1, 1, 0, 1, 1, 0, 1, 0, 0]","{'n_estimators': 50, 'max_samples': 1.0, 'max_features': 0.5, 'bootstrap': False, 'bootstrap_features': False}",COMPLETE
2499,0.0,2024-07-08 13:10:08.955517,2024-07-08 13:10:23.813472,0 days 00:00:14.857955,MLPClassifier,,,,,COMPLETE
2500,0.7967741932913631,2024-07-08 13:10:09.173533,2024-07-08 13:11:17.281473,0 days 00:01:08.107940,BaggingClassifier,Normalize_L1_1,,"[0, 1, 1, 0, 1, 0, 0, 1, 1, 1, 0, 1, 0, 0, 1, 1, 0, 1, 1, 1, 1, 0, 0, 1, 0, 1, 1, 0, 1, 1, 1, 0, 1, 1, 1, 0, 1, 1, 0, 0, 0, 0, 0, 1, 1, 1, 1, 0, 1]","{'n_estimators': 1000, 'max_samples': 0.1, 'max_features': 1.0, 'bootstrap': False, 'bootstrap_features': True}",COMPLETE
2501,0.0,2024-07-08 13:10:09.727474,2024-07-08 13:10:24.486471,0 days 00:00:14.758997,MLPClassifier,,,,,COMPLETE
2502,0.7903225803902184,2024-07-08 13:10:10.092481,2024-07-08 13:10:51.004474,0 days 00:00:40.911993,DecisionTreeClassifier,Normalize_L1_1,,"[0, 0, 1, 1, 1, 1, 1, 0, 1, 1, 0, 1, 1, 0, 0, 0, 1, 1, 0, 0, 0, 0, 0, 1, 1, 1, 0, 0, 0, 0, 1, 1, 1, 1, 0, 1, 0, 0, 1, 1, 0, 1, 1, 0, 0, 1, 0, 0, 1]","{'max_depth': 1000, 'min_samples_split': 200, 'min_samples_leaf': 1, 'max_features': 'sqrt', 'splitter': 'best'}",COMPLETE
2503,0.7838709674890738,2024-07-08 13:10:10.842481,2024-07-08 13:11:02.336473,0 days 00:00:51.493992,KNeighborsClassifier,Normalize_L1_1,,"[1, 0, 0, 1, 0, 0, 1, 1, 0, 0, 0, 1, 0, 0, 1, 1, 0, 0, 0, 0, 0, 0, 0, 0, 1, 0, 0, 1, 0, 1, 1, 0, 1, 1, 0, 0, 1, 0, 1, 1, 0, 0, 0, 0, 1, 1, 0, 1, 1]","{'n_neighbors': 15, 'weights': 'uniform', 'algorithm': 'kd_tree', 'leaf_size': 60, 'p': 1, 'metric': 'minkowski'}",COMPLETE
2504,0.7709677416867845,2024-07-08 13:10:11.086474,2024-07-08 13:11:17.058472,0 days 00:01:05.971998,BaggingClassifier,Normalize_L1_1,,"[0, 0, 1, 1, 0, 0, 1, 0, 0, 1, 1, 0, 0, 1, 0, 0, 1, 0, 1, 0, 0, 0, 1, 0, 0, 1, 1, 0, 0, 0, 0, 0, 0, 1, 0, 1, 0, 0, 0, 0, 1, 0, 1, 0, 0, 1, 0, 1, 1]","{'n_estimators': 1000, 'max_samples': 0.5, 'max_features': 1.0, 'bootstrap': False, 'bootstrap_features': False}",COMPLETE
2505,0.7580645158844953,2024-07-08 13:10:12.389474,2024-07-08 13:11:00.148526,0 days 00:00:47.759052,BaggingClassifier,Normalize_L1_1,,"[1, 1, 1, 0, 1, 0, 0, 1, 0, 1, 0, 1, 0, 0, 0, 1, 1, 1, 1, 0, 1, 1, 0, 1, 0, 0, 0, 0, 1, 0, 0, 1, 0, 1, 0, 1, 0, 0, 1, 0, 0, 0, 1, 1, 1, 1, 0, 1, 0]","{'n_estimators': 50, 'max_samples': 1.0, 'max_features': 1.0, 'bootstrap': True, 'bootstrap_features': False}",COMPLETE
2506,0.7774193545879292,2024-07-08 13:10:13.563475,2024-07-08 13:11:02.909477,0 days 00:00:49.346002,BaggingClassifier,Normalize_L1_1,,"[1, 0, 0, 1, 0, 0, 0, 1, 0, 1, 0, 0, 1, 0, 0, 1, 0, 1, 0, 1, 0, 0, 0, 1, 1, 1, 0, 1, 0, 1, 0, 0, 1, 0, 0, 0, 0, 0, 1, 0, 1, 0, 0, 0, 1, 1, 1, 0, 0]","{'n_estimators': 1000, 'max_samples': 0.5, 'max_features': 0.1, 'bootstrap': True, 'bootstrap_features': False}",COMPLETE
2507,0.0,2024-07-08 13:10:14.544473,2024-07-08 13:10:56.379472,0 days 00:00:41.834999,DecisionTreeClassifier,Normalize_L1_1,,"[0, 1, 1, 1, 1, 0, 0, 0, 0, 0, 0, 1, 1, 1, 0, 0, 1, 0, 0, 0, 0, 1, 0, 1, 1, 1, 1, 0, 0, 0, 1, 0, 0, 0, 0, 0, 0, 0, 0, 0, 1, 1, 0, 0, 0, 1, 1, 1, 0]","{'max_depth': 1000, 'min_samples_split': 50, 'min_samples_leaf': 2, 'max_features': 'auto', 'splitter': 'random'}",COMPLETE
2508,0.7741935481373569,2024-07-08 13:10:16.325473,2024-07-08 13:10:58.501476,0 days 00:00:42.176003,BaggingClassifier,Normalize_L1_1,,"[1, 0, 0, 0, 0, 1, 1, 1, 0, 1, 1, 1, 0, 1, 0, 0, 0, 1, 1, 1, 1, 0, 1, 1, 1, 1, 1, 0, 0, 1, 0, 1, 0, 0, 0, 1, 1, 0, 0, 0, 1, 1, 1, 1, 1, 0, 1, 1, 0]","{'n_estimators': 10, 'max_samples': 0.1, 'max_features': 0.1, 'bootstrap': True, 'bootstrap_features': False}",COMPLETE
2509,0.7838709674890738,2024-07-08 13:10:17.375474,2024-07-08 13:10:49.073475,0 days 00:00:31.698001,DecisionTreeClassifier,Normalize_L1_1,,"[1, 1, 1, 1, 0, 1, 0, 0, 1, 1, 0, 0, 0, 0, 0, 0, 1, 0, 1, 0, 0, 0, 1, 1, 0, 0, 1, 1, 0, 0, 0, 1, 0, 0, 0, 1, 1, 0, 0, 1, 1, 1, 0, 0, 0, 1, 0, 1, 1]","{'max_depth': 1000, 'min_samples_split': 50, 'min_samples_leaf': 1, 'max_features': None, 'splitter': 'best'}",COMPLETE
2510,0.7774193545879292,2024-07-08 13:10:17.704472,2024-07-08 13:11:05.893473,0 days 00:00:48.189001,BaggingClassifier,Normalize_L1_1,,"[0, 0, 1, 1, 0, 0, 1, 1, 1, 0, 0, 0, 1, 0, 1, 0, 0, 1, 0, 0, 1, 1, 1, 0, 0, 0, 1, 0, 1, 0, 0, 1, 0, 0, 1, 1, 0, 1, 1, 0, 1, 0, 0, 1, 0, 1, 0, 1, 0]","{'n_estimators': 500, 'max_samples': 0.5, 'max_features': 0.1, 'bootstrap': True, 'bootstrap_features': False}",COMPLETE
2511,0.7903225803902184,2024-07-08 13:10:17.850535,2024-07-08 13:11:16.497473,0 days 00:00:58.646938,BaggingClassifier,Normalize_L1_0,,"[0, 1, 0, 0, 0, 0, 0, 1, 0, 1, 0, 0, 0, 1, 1, 0, 0, 0, 1, 0, 0, 1, 1, 1, 0, 1, 1, 1, 0, 0, 1, 1, 1, 1, 0, 1, 1, 0, 0, 1, 1, 0, 0, 1, 1, 1, 0, 0, 0]","{'n_estimators': 100, 'max_samples': 0.1, 'max_features': 0.1, 'bootstrap': True, 'bootstrap_features': False}",COMPLETE
2512,0.0,2024-07-08 13:10:18.389474,2024-07-08 13:11:19.159473,0 days 00:01:00.769999,BaggingClassifier,,,,"{'n_estimators': 200, 'max_samples': 0.5, 'max_features': 0.1, 'bootstrap': True, 'bootstrap_features': True}",COMPLETE
2513,0.7645161287856399,2024-07-08 13:10:19.343485,2024-07-08 13:10:58.670501,0 days 00:00:39.327016,BaggingClassifier,Normalize_L1_1,,"[1, 1, 0, 1, 1, 0, 1, 0, 0, 1, 1, 0, 1, 1, 1, 1, 0, 0, 0, 0, 1, 0, 1, 1, 1, 1, 0, 0, 0, 0, 0, 1, 1, 0, 1, 1, 0, 1, 1, 0, 0, 0, 0, 1, 0, 0, 0, 0, 1]","{'n_estimators': 100, 'max_samples': 1.0, 'max_features': 0.1, 'bootstrap': False, 'bootstrap_features': False}",COMPLETE
2514,0.30967741925494274,2024-07-08 13:10:19.632475,2024-07-08 13:11:20.387471,0 days 00:01:00.754996,BaggingClassifier,Normalize_L1_0,NearMiss,"[0, 1, 1, 1, 0, 1, 0, 0, 1, 0, 1, 1, 0, 1, 0, 0, 1, 0, 0, 0, 0, 1, 0, 1, 1, 1, 0, 1, 0, 0, 0, 0, 1, 0, 0, 1, 1, 0, 0, 1, 1, 0, 0, 0, 0, 1, 0, 0, 0]","{'n_estimators': 1000, 'max_samples': 0.1, 'max_features': 0.1, 'bootstrap': True, 'bootstrap_features': True}",COMPLETE
2515,0.7645161287856399,2024-07-08 13:10:20.380492,2024-07-08 13:11:18.587478,0 days 00:00:58.206986,BaggingClassifier,Normalize_L1_0,,"[0, 0, 0, 0, 0, 0, 0, 0, 1, 1, 0, 1, 1, 1, 0, 1, 0, 0, 1, 0, 0, 1, 1, 1, 1, 1, 1, 0, 1, 0, 1, 0, 0, 1, 0, 1, 1, 0, 0, 1, 1, 0, 0, 1, 0, 1, 0, 0, 1]","{'n_estimators': 500, 'max_samples': 0.5, 'max_features': 0.5, 'bootstrap': False, 'bootstrap_features': False}",COMPLETE
2516,0.7999999997419355,2024-07-08 13:10:20.508475,2024-07-08 13:10:59.155472,0 days 00:00:38.646997,BaggingClassifier,Normalize_L1_1,,"[0, 1, 1, 1, 0, 1, 1, 0, 0, 0, 1, 1, 1, 1, 0, 0, 1, 0, 0, 1, 1, 1, 0, 0, 0, 0, 0, 1, 0, 1, 1, 0, 1, 1, 1, 0, 1, 0, 0, 1, 1, 1, 0, 0, 0, 0, 0, 1, 1]","{'n_estimators': 1000, 'max_samples': 0.1, 'max_features': 0.5, 'bootstrap': True, 'bootstrap_features': True}",COMPLETE
2517,0.7935483868407908,2024-07-08 13:10:20.833471,2024-07-08 13:11:01.089485,0 days 00:00:40.256014,BaggingClassifier,Normalize_L1_1,,"[1, 0, 0, 0, 1, 0, 1, 1, 0, 0, 1, 1, 0, 0, 0, 1, 0, 0, 1, 0, 1, 1, 1, 0, 1, 0, 0, 0, 1, 1, 1, 1, 1, 0, 1, 1, 0, 0, 1, 0, 0, 1, 0, 1, 1, 1, 0, 1, 1]","{'n_estimators': 10, 'max_samples': 0.1, 'max_features': 0.5, 'bootstrap': True, 'bootstrap_features': True}",COMPLETE
2518,0.4677419353329864,2024-07-08 13:10:20.909472,2024-07-08 13:11:17.104472,0 days 00:00:56.195000,BaggingClassifier,Normalize_L1_1,NearMiss,"[0, 0, 0, 1, 0, 0, 0, 1, 1, 1, 1, 1, 1, 1, 1, 1, 1, 1, 0, 1, 0, 0, 1, 0, 1, 0, 1, 1, 1, 1, 1, 1, 1, 0, 0, 1, 0, 1, 1, 0, 1, 0, 0, 0, 1, 0, 0, 1, 0]","{'n_estimators': 200, 'max_samples': 1.0, 'max_features': 0.1, 'bootstrap': False, 'bootstrap_features': True}",COMPLETE
2519,0.754838709433923,2024-07-08 13:10:20.970472,2024-07-08 13:11:01.087476,0 days 00:00:40.117004,BaggingClassifier,Normalize_L1_1,,"[1, 1, 0, 1, 0, 1, 1, 1, 0, 0, 0, 0, 0, 0, 0, 1, 1, 0, 1, 1, 1, 0, 0, 1, 0, 0, 0, 0, 0, 0, 1, 0, 1, 0, 0, 0, 0, 0, 1, 1, 1, 1, 0, 1, 0, 0, 0, 0, 1]","{'n_estimators': 10, 'max_samples': 0.5, 'max_features': 0.5, 'bootstrap': False, 'bootstrap_features': True}",COMPLETE
2520,0.0,2024-07-08 13:10:21.090472,2024-07-08 13:11:25.926473,0 days 00:01:04.836001,XGBClassifier,MinMaxScaler,KMeansSMOTE,,"{'n_estimators': 100, 'learning_rate': 1.0, 'max_depth': 3, 'min_child_weight': 5, 'subsample': 0.5, 'colsample_bytree': 0.5, 'gamma': 1.0, 'reg_alpha': 1.0, 'reg_lambda': 0.1}",COMPLETE
2521,0.7645161287856399,2024-07-08 13:10:21.163472,2024-07-08 13:11:04.567472,0 days 00:00:43.404000,BaggingClassifier,Normalize_L1_1,,"[1, 0, 0, 1, 0, 0, 1, 1, 0, 0, 0, 0, 0, 0, 1, 0, 1, 0, 1, 0, 1, 1, 0, 0, 0, 1, 1, 0, 0, 0, 1, 1, 0, 1, 0, 1, 1, 0, 1, 0, 1, 0, 0, 0, 0, 1, 1, 0, 1]","{'n_estimators': 10, 'max_samples': 0.5, 'max_features': 1.0, 'bootstrap': False, 'bootstrap_features': False}",COMPLETE
2522,0.44193548372840785,2024-07-08 13:10:21.596474,2024-07-08 13:11:42.273478,0 days 00:01:20.677004,BaggingClassifier,Normalize_L1_1,NearMiss,"[1, 0, 0, 1, 1, 0, 1, 0, 1, 0, 0, 1, 0, 0, 1, 1, 1, 0, 0, 0, 1, 1, 0, 1, 1, 1, 1, 0, 0, 0, 0, 1, 0, 1, 1, 1, 0, 1, 1, 0, 1, 0, 1, 1, 1, 0, 0, 1, 0]","{'n_estimators': 1000, 'max_samples': 0.5, 'max_features': 0.5, 'bootstrap': False, 'bootstrap_features': True}",COMPLETE
2523,0.3483870966618106,2024-07-08 13:10:21.796472,2024-07-08 13:11:06.735472,0 days 00:00:44.939000,BaggingClassifier,Normalize_L1_0,NearMiss,"[1, 0, 0, 0, 1, 0, 1, 0, 0, 1, 1, 1, 1, 1, 0, 1, 0, 1, 0, 1, 1, 1, 1, 1, 1, 0, 0, 1, 1, 0, 1, 1, 0, 0, 0, 0, 1, 0, 1, 0, 1, 1, 0, 0, 0, 1, 1, 1, 1]","{'n_estimators': 100, 'max_samples': 0.5, 'max_features': 0.5, 'bootstrap': True, 'bootstrap_features': True}",COMPLETE
2524,0.7999999997419355,2024-07-08 13:10:23.042473,2024-07-08 13:11:19.685499,0 days 00:00:56.643026,BaggingClassifier,Normalize_L1_1,,"[0, 1, 0, 0, 1, 1, 0, 1, 0, 1, 0, 0, 1, 1, 1, 0, 0, 1, 0, 0, 1, 0, 1, 1, 0, 1, 1, 0, 1, 0, 1, 0, 1, 0, 1, 0, 1, 1, 1, 1, 1, 0, 1, 0, 0, 1, 1, 0, 0]","{'n_estimators': 1000, 'max_samples': 0.1, 'max_features': 0.5, 'bootstrap': True, 'bootstrap_features': False}",COMPLETE
2525,0.7677419352362123,2024-07-08 13:10:23.422471,2024-07-08 13:11:16.547472,0 days 00:00:53.125001,BaggingClassifier,Normalize_L1_1,,"[1, 1, 0, 1, 1, 0, 0, 0, 1, 1, 1, 0, 1, 1, 0, 1, 0, 1, 0, 0, 1, 1, 1, 1, 0, 1, 0, 0, 0, 0, 1, 0, 0, 0, 1, 1, 1, 0, 0, 0, 1, 1, 0, 1, 0, 0, 0, 0, 0]","{'n_estimators': 500, 'max_samples': 0.5, 'max_features': 1.0, 'bootstrap': False, 'bootstrap_features': False}",COMPLETE
2526,0.0,2024-07-08 13:10:24.279474,2024-07-08 13:11:46.409475,0 days 00:01:22.130001,XGBClassifier,Normalize_L1_1,KMeansSMOTE,,"{'n_estimators': 1000, 'learning_rate': 0.5, 'max_depth': 9, 'min_child_weight': 5, 'subsample': 1.0, 'colsample_bytree': 1.0, 'gamma': 0.0, 'reg_alpha': 1.0, 'reg_lambda': 0.1}",COMPLETE
2527,0.3354838708595213,2024-07-08 13:10:25.271476,2024-07-08 13:11:15.380475,0 days 00:00:50.108999,BaggingClassifier,Normalize_L1_0,NearMiss,"[1, 1, 1, 1, 0, 0, 0, 1, 1, 0, 1, 0, 1, 1, 1, 1, 0, 0, 1, 0, 1, 1, 1, 1, 0, 1, 1, 0, 0, 0, 1, 1, 1, 0, 0, 1, 1, 0, 0, 1, 0, 1, 0, 0, 1, 1, 1, 0, 0]","{'n_estimators': 10, 'max_samples': 1.0, 'max_features': 0.1, 'bootstrap': True, 'bootstrap_features': True}",COMPLETE
2528,0.4096774192226847,2024-07-08 13:10:27.565474,2024-07-08 13:11:25.839473,0 days 00:00:58.273999,SVC,Normalize_Max_0,,"[0, 0, 1, 1, 1, 0, 1, 0, 0, 1, 0, 1, 1, 1, 0, 0, 0, 1, 0, 1, 1, 1, 0, 1, 1, 0, 1, 1, 1, 0, 1, 0, 0, 0, 1, 1, 0, 1, 0, 0, 0, 1, 1, 0, 1, 0, 1, 0, 1]","{'C': 100.0, 'kernel': 'poly', 'degree': 2, 'gamma': 'scale', 'coef0': 0.5, 'shrinking': False, 'probability': False, 'class_weight': 'balanced', 'decision_function_shape': 'ovr'}",COMPLETE
2529,0.0,2024-07-08 13:10:29.111474,2024-07-08 13:11:23.645473,0 days 00:00:54.533999,XGBClassifier,,ADASYN,,"{'n_estimators': 10, 'learning_rate': 0.1, 'max_depth': 9, 'min_child_weight': 5, 'subsample': 0.7, 'colsample_bytree': 0.5, 'gamma': 1.0, 'reg_alpha': 1.0, 'reg_lambda': 0.0}",COMPLETE
2530,0.7612903223350675,2024-07-08 13:10:30.175473,2024-07-08 13:11:17.001472,0 days 00:00:46.825999,BaggingClassifier,Normalize_L1_0,,"[0, 1, 0, 0, 0, 1, 0, 1, 0, 0, 0, 0, 0, 0, 1, 1, 1, 1, 1, 1, 1, 0, 1, 1, 0, 1, 0, 0, 1, 1, 1, 1, 0, 0, 0, 0, 0, 1, 0, 0, 1, 0, 1, 1, 1, 1, 0, 0, 0]","{'n_estimators': 100, 'max_samples': 1.0, 'max_features': 0.1, 'bootstrap': False, 'bootstrap_features': False}",COMPLETE
2531,0.4870967740364204,2024-07-08 13:10:45.770475,2024-07-08 13:11:47.151473,0 days 00:01:01.380998,BaggingClassifier,Normalize_Max_0,SMOTETomek,"[0, 0, 0, 1, 1, 0, 0, 0, 0, 0, 0, 1, 0, 1, 0, 1, 0, 0, 0, 0, 1, 0, 1, 0, 1, 1, 1, 0, 1, 0, 1, 0, 0, 0, 0, 0, 1, 1, 1, 1, 1, 1, 1, 0, 1, 0, 1, 0, 0]","{'n_estimators': 500, 'max_samples': 0.5, 'max_features': 1.0, 'bootstrap': False, 'bootstrap_features': True}",COMPLETE
2532,0.0,2024-07-08 13:10:46.989473,2024-07-08 13:11:17.311472,0 days 00:00:30.321999,BaggingClassifier,,ADASYN,,"{'n_estimators': 1000, 'max_samples': 1.0, 'max_features': 1.0, 'bootstrap': False, 'bootstrap_features': True}",COMPLETE
2533,0.5838709675535899,2024-07-08 13:10:48.397473,2024-07-08 13:11:25.676471,0 days 00:00:37.278998,BaggingClassifier,Normalize_Max_0,SMOTETomek,"[0, 0, 1, 1, 1, 1, 1, 1, 1, 1, 1, 1, 1, 0, 1, 0, 0, 1, 0, 0, 1, 1, 0, 0, 0, 1, 1, 1, 0, 1, 0, 0, 1, 1, 0, 0, 0, 1, 1, 0, 1, 1, 1, 1, 1, 1, 1, 1, 0]","{'n_estimators': 100, 'max_samples': 1.0, 'max_features': 0.5, 'bootstrap': False, 'bootstrap_features': True}",COMPLETE
2534,0.5612903223995838,2024-07-08 13:10:50.482474,2024-07-08 13:11:27.439472,0 days 00:00:36.956998,BaggingClassifier,Normalize_Max_0,SMOTETomek,"[0, 1, 1, 1, 1, 0, 0, 0, 0, 0, 1, 1, 1, 1, 1, 1, 1, 0, 1, 1, 0, 0, 0, 0, 1, 1, 1, 1, 1, 0, 1, 0, 0, 1, 0, 1, 0, 0, 0, 0, 0, 0, 0, 0, 0, 1, 1, 1, 1]","{'n_estimators': 100, 'max_samples': 1.0, 'max_features': 1.0, 'bootstrap': False, 'bootstrap_features': False}",COMPLETE
2535,0.7999999997419355,2024-07-08 13:10:53.738472,2024-07-08 13:12:17.996473,0 days 00:01:24.258001,BaggingClassifier,Normalize_L1_1,,"[1, 1, 0, 0, 1, 0, 1, 0, 1, 0, 1, 0, 0, 0, 1, 0, 0, 0, 1, 0, 0, 1, 0, 1, 1, 1, 1, 1, 1, 0, 1, 0, 0, 1, 1, 1, 0, 1, 0, 1, 1, 0, 1, 1, 0, 0, 1, 0, 0]","{'n_estimators': 500, 'max_samples': 0.1, 'max_features': 1.0, 'bootstrap': False, 'bootstrap_features': False}",COMPLETE
2536,0.674193548169615,2024-07-08 13:10:54.825472,2024-07-08 13:11:43.483475,0 days 00:00:48.658003,XGBClassifier,Normalize_L1_1,,"[1, 1, 0, 0, 0, 1, 0, 1, 0, 0, 1, 0, 0, 1, 0, 0, 1, 1, 0, 1, 1, 0, 0, 0, 1, 0, 1, 1, 0, 1, 0, 0, 0, 0, 1, 1, 1, 0, 0, 1, 0, 1, 1, 0, 0, 1, 0, 1, 0]","{'n_estimators': 100, 'learning_rate': 1.0, 'max_depth': 5, 'min_child_weight': 1, 'subsample': 0.7, 'colsample_bytree': 0.5, 'gamma': 0.1, 'reg_alpha': 1.0, 'reg_lambda': 0.0}",COMPLETE
2537,0.0,2024-07-08 13:10:55.646473,2024-07-08 13:11:18.236473,0 days 00:00:22.590000,BaggingClassifier,,SMOTETomek,,"{'n_estimators': 500, 'max_samples': 1.0, 'max_features': 0.1, 'bootstrap': True, 'bootstrap_features': True}",COMPLETE
