number,value,datetime_start,datetime_complete,duration,params_model,params_normTechnique,params_sampleTechnique,user_attrs_binIndices,user_attrs_hyperparams,state
2804,0.7806451610385015,2024-07-08 13:15:48.650931,2024-07-08 13:16:13.410932,0 days 00:00:24.760001,BaggingClassifier,Normalize_Max_1,,"[0, 0, 0, 1, 1, 0, 0, 0, 1, 1, 0, 1, 0, 1, 0, 0, 0, 1, 1, 0, 0, 0, 1, 1, 1, 0, 0, 0, 0, 0, 0, 0, 1, 1, 0, 1, 0, 0, 1, 0, 1, 0, 1, 0, 0, 0, 0, 0, 1]","{'n_estimators': 10, 'max_samples': 0.5, 'max_features': 0.1, 'bootstrap': True, 'bootstrap_features': True}",COMPLETE
2805,0.7419354836316336,2024-07-08 13:15:49.509931,2024-07-08 13:16:27.644002,0 days 00:00:38.134071,XGBClassifier,Normalize_L1_1,,"[0, 0, 0, 0, 0, 0, 1, 0, 0, 0, 0, 1, 0, 1, 0, 0, 1, 1, 0, 0, 1, 1, 0, 1, 0, 0, 1, 1, 0, 1, 0, 1, 1, 0, 0, 0, 1, 1, 0, 0, 1, 0, 0, 1, 1, 0, 1, 1, 0]","{'n_estimators': 1000, 'learning_rate': 0.1, 'max_depth': 3, 'min_child_weight': 1, 'subsample': 0.5, 'colsample_bytree': 1.0, 'gamma': 0.1, 'reg_alpha': 1.0, 'reg_lambda': 0.0}",COMPLETE
2806,0.6774193546201872,2024-07-08 13:15:52.351933,2024-07-08 13:16:24.114001,0 days 00:00:31.762068,XGBClassifier,Normalize_L1_1,,"[1, 1, 1, 0, 0, 0, 1, 1, 1, 0, 1, 1, 1, 0, 0, 0, 1, 1, 1, 1, 0, 1, 0, 1, 0, 0, 0, 0, 1, 0, 0, 1, 0, 0, 0, 0, 0, 0, 1, 1, 1, 0, 0, 1, 1, 1, 1, 1, 1]","{'n_estimators': 100, 'learning_rate': 1.0, 'max_depth': 7, 'min_child_weight': 3, 'subsample': 0.7, 'colsample_bytree': 0.5, 'gamma': 0.5, 'reg_alpha': 0.1, 'reg_lambda': 1.0}",COMPLETE
2807,0.0,2024-07-08 13:15:55.110930,2024-07-08 13:16:26.248003,0 days 00:00:31.137073,XGBClassifier,,,,"{'n_estimators': 10, 'learning_rate': 0.01, 'max_depth': 9, 'min_child_weight': 3, 'subsample': 1.0, 'colsample_bytree': 0.7, 'gamma': 0.0, 'reg_alpha': 0.1, 'reg_lambda': 0.0}",COMPLETE
2808,0.0,2024-07-08 13:15:55.548932,2024-07-08 13:16:22.520930,0 days 00:00:26.971998,XGBClassifier,,,,"{'n_estimators': 500, 'learning_rate': 0.1, 'max_depth': 5, 'min_child_weight': 5, 'subsample': 0.7, 'colsample_bytree': 0.7, 'gamma': 1.0, 'reg_alpha': 1.0, 'reg_lambda': 1.0}",COMPLETE
2809,0.7806451610385015,2024-07-08 13:15:57.766932,2024-07-08 13:16:19.481931,0 days 00:00:21.714999,DecisionTreeClassifier,Normalize_L1_1,,"[1, 1, 1, 0, 1, 0, 0, 1, 1, 1, 1, 0, 0, 1, 0, 1, 1, 1, 1, 0, 0, 1, 1, 0, 0, 0, 1, 0, 1, 0, 1, 0, 1, 1, 0, 0, 0, 0, 0, 1, 1, 0, 0, 1, 0, 1, 0, 1, 1]","{'max_depth': 10, 'min_samples_split': 200, 'min_samples_leaf': 1, 'max_features': None, 'splitter': 'best'}",COMPLETE
2810,0.0,2024-07-08 13:15:58.183933,2024-07-08 13:16:20.088930,0 days 00:00:21.904997,DecisionTreeClassifier,,,,"{'max_depth': 1000, 'min_samples_split': 10, 'min_samples_leaf': 50, 'max_features': 'sqrt', 'splitter': 'best'}",COMPLETE
2811,0.2064516128366285,2024-07-08 13:16:00.998932,2024-07-08 13:16:42.212002,0 days 00:00:41.213070,XGBClassifier,MinMaxScaler,,"[1, 1, 1, 1, 1, 1, 0, 0, 1, 0, 0, 1, 1, 1, 1, 0, 1, 0, 0, 0, 1, 1, 1, 0, 1, 0, 1, 0, 0, 0, 1, 1, 0, 1, 0, 0, 0, 0, 0, 1, 0, 1, 1, 1, 0, 1, 0, 1, 0]","{'n_estimators': 500, 'learning_rate': 10.0, 'max_depth': 7, 'min_child_weight': 10, 'subsample': 1.0, 'colsample_bytree': 0.5, 'gamma': 0.1, 'reg_alpha': 1.0, 'reg_lambda': 1.0}",COMPLETE
2812,0.0,2024-07-08 13:16:02.193931,2024-07-08 13:16:30.036005,0 days 00:00:27.842074,MLPClassifier,,,,,COMPLETE
2813,0.7612903223350675,2024-07-08 13:16:08.153937,2024-07-08 13:16:26.200025,0 days 00:00:18.046088,XGBClassifier,Normalize_L1_1,,"[0, 0, 1, 1, 0, 1, 1, 0, 0, 1, 0, 0, 1, 1, 0, 1, 0, 0, 0, 0, 1, 0, 0, 0, 1, 0, 1, 0, 0, 0, 0, 1, 1, 1, 0, 0, 0, 0, 1, 1, 0, 0, 0, 1, 1, 1, 0, 1, 1]","{'n_estimators': 500, 'learning_rate': 0.1, 'max_depth': 3, 'min_child_weight': 5, 'subsample': 1.0, 'colsample_bytree': 0.7, 'gamma': 0.0, 'reg_alpha': 0.0, 'reg_lambda': 0.0}",COMPLETE
2814,0.7645161287856399,2024-07-08 13:16:09.915929,2024-07-08 13:16:52.755005,0 days 00:00:42.839076,BaggingClassifier,Normalize_L1_1,,"[0, 0, 1, 0, 1, 1, 1, 0, 0, 0, 1, 0, 0, 1, 0, 0, 1, 1, 0, 0, 1, 1, 0, 0, 1, 0, 0, 1, 1, 1, 0, 0, 1, 1, 1, 1, 0, 1, 1, 1, 0, 0, 0, 1, 1, 1, 0, 1, 0]","{'n_estimators': 500, 'max_samples': 1.0, 'max_features': 0.1, 'bootstrap': False, 'bootstrap_features': True}",COMPLETE
2815,0.0,2024-07-08 13:16:10.268930,2024-07-08 13:16:30.134002,0 days 00:00:19.865072,MLPClassifier,,,,,COMPLETE
2816,0.0,2024-07-08 13:16:10.749931,2024-07-08 13:16:35.324003,0 days 00:00:24.574072,MLPClassifier,,,,,COMPLETE
2817,0.0,2024-07-08 13:16:11.513931,2024-07-08 13:16:30.527002,0 days 00:00:19.013071,MLPClassifier,,,,,COMPLETE
2818,0.7387096771810613,2024-07-08 13:16:12.051966,2024-07-08 13:16:56.064005,0 days 00:00:44.012039,XGBClassifier,Normalize_L1_1,,"[0, 0, 0, 0, 0, 0, 1, 1, 0, 0, 0, 0, 0, 0, 0, 0, 0, 1, 0, 0, 1, 1, 1, 0, 1, 1, 0, 0, 0, 1, 0, 1, 0, 0, 1, 1, 1, 0, 0, 1, 0, 0, 1, 0, 0, 0, 1, 1, 1]","{'n_estimators': 1000, 'learning_rate': 0.1, 'max_depth': 7, 'min_child_weight': 10, 'subsample': 0.5, 'colsample_bytree': 0.5, 'gamma': 0.1, 'reg_alpha': 0.1, 'reg_lambda': 1.0}",COMPLETE
2819,0.8032258061925077,2024-07-08 13:16:12.667939,2024-07-08 13:17:03.453011,0 days 00:00:50.785072,BaggingClassifier,Normalize_L1_1,,"[1, 0, 0, 1, 1, 1, 1, 1, 1, 1, 0, 1, 0, 0, 1, 1, 0, 1, 1, 0, 0, 0, 0, 1, 1, 1, 0, 0, 1, 0, 1, 1, 0, 0, 1, 0, 0, 1, 0, 1, 0, 1, 0, 0, 1, 0, 0, 1, 0]","{'n_estimators': 500, 'max_samples': 0.1, 'max_features': 1.0, 'bootstrap': True, 'bootstrap_features': False}",COMPLETE
2820,0.31290322570551504,2024-07-08 13:16:13.135932,2024-07-08 13:16:48.980006,0 days 00:00:35.844074,GradientBoostingClassifier,Normalize_L1_1,,"[1, 0, 1, 1, 1, 0, 1, 0, 1, 1, 1, 0, 1, 0, 1, 1, 1, 0, 0, 1, 1, 1, 0, 1, 0, 0, 0, 1, 0, 1, 0, 0, 0, 0, 1, 1, 0, 1, 1, 1, 0, 0, 1, 1, 1, 0, 1, 1, 1]","{'n_estimators': 50, 'learning_rate': 10.0, 'max_depth': 5, 'min_samples_split': 50, 'min_samples_leaf': 1, 'subsample': 0.7, 'max_features': 'sqrt'}",COMPLETE
2821,0.6516129030156087,2024-07-08 13:16:13.497930,2024-07-08 13:16:30.039004,0 days 00:00:16.541074,BaggingClassifier,MinMaxScaler,,"[0, 0, 0, 0, 0, 0, 0, 0, 1, 1, 1, 0, 0, 1, 1, 1, 0, 1, 0, 1, 1, 0, 0, 0, 0, 1, 1, 0, 1, 1, 1, 1, 0, 0, 1, 0, 1, 1, 1, 0, 0, 0, 1, 1, 1, 0, 0, 1, 1]","{'n_estimators': 50, 'max_samples': 0.5, 'max_features': 0.1, 'bootstrap': False, 'bootstrap_features': False}",COMPLETE
2822,0.7806451610385015,2024-07-08 13:16:15.198930,2024-07-08 13:17:24.010002,0 days 00:01:08.811072,GradientBoostingClassifier,Normalize_L1_1,,"[1, 1, 1, 0, 1, 0, 0, 0, 0, 0, 0, 0, 0, 1, 1, 1, 1, 1, 0, 0, 1, 1, 1, 0, 1, 0, 1, 0, 0, 1, 0, 0, 1, 0, 1, 1, 1, 0, 0, 1, 0, 1, 0, 1, 1, 1, 0, 1, 1]","{'n_estimators': 500, 'learning_rate': 0.01, 'max_depth': 9, 'min_samples_split': 100, 'min_samples_leaf': 1, 'subsample': 0.5, 'max_features': 'sqrt'}",COMPLETE
2823,0.7935483868407908,2024-07-08 13:16:16.627933,2024-07-08 13:16:45.338002,0 days 00:00:28.710069,BaggingClassifier,Normalize_L1_1,,"[1, 0, 0, 0, 0, 1, 0, 1, 0, 0, 0, 1, 1, 1, 1, 0, 0, 0, 1, 0, 1, 0, 1, 0, 1, 1, 1, 1, 0, 1, 1, 1, 0, 1, 1, 1, 0, 1, 0, 1, 1, 1, 1, 0, 0, 1, 1, 1, 1]","{'n_estimators': 10, 'max_samples': 0.1, 'max_features': 0.1, 'bootstrap': False, 'bootstrap_features': False}",COMPLETE
2824,0.7935483868407908,2024-07-08 13:16:17.479932,2024-07-08 13:16:49.382008,0 days 00:00:31.902076,BaggingClassifier,Normalize_L1_1,,"[0, 0, 1, 0, 1, 1, 0, 0, 0, 0, 0, 1, 1, 1, 0, 0, 1, 0, 0, 1, 0, 1, 1, 0, 1, 0, 0, 1, 1, 0, 0, 0, 0, 0, 0, 1, 1, 1, 1, 1, 0, 0, 0, 0, 1, 0, 1, 0, 1]","{'n_estimators': 1000, 'max_samples': 0.1, 'max_features': 0.1, 'bootstrap': True, 'bootstrap_features': True}",COMPLETE
2825,0.7903225803902184,2024-07-08 13:16:17.713931,2024-07-08 13:16:57.779002,0 days 00:00:40.065071,GradientBoostingClassifier,Normalize_L1_1,,"[0, 0, 1, 0, 1, 0, 0, 1, 0, 0, 0, 1, 0, 0, 1, 0, 0, 0, 0, 1, 1, 0, 1, 1, 0, 1, 1, 0, 1, 1, 1, 1, 1, 1, 1, 1, 1, 1, 1, 1, 1, 0, 1, 0, 1, 0, 0, 0, 0]","{'n_estimators': 500, 'learning_rate': 0.1, 'max_depth': 3, 'min_samples_split': 50, 'min_samples_leaf': 50, 'subsample': 0.5, 'max_features': 'sqrt'}",COMPLETE
2826,0.7870967739396462,2024-07-08 13:16:18.232929,2024-07-08 13:17:20.068004,0 days 00:01:01.835075,BaggingClassifier,Normalize_Max_0,,"[1, 0, 0, 0, 1, 0, 1, 0, 1, 0, 0, 0, 0, 1, 1, 1, 1, 0, 0, 0, 0, 1, 1, 0, 1, 1, 1, 0, 0, 0, 0, 1, 1, 1, 0, 0, 1, 1, 0, 0, 1, 0, 1, 1, 0, 1, 0, 0, 1]","{'n_estimators': 500, 'max_samples': 0.1, 'max_features': 0.5, 'bootstrap': False, 'bootstrap_features': True}",COMPLETE
2827,0.7483870965327784,2024-07-08 13:16:19.414930,2024-07-08 13:17:44.672002,0 days 00:01:25.257072,GradientBoostingClassifier,Normalize_L1_1,,"[0, 1, 1, 0, 0, 1, 0, 1, 0, 0, 1, 1, 1, 0, 0, 0, 0, 1, 0, 0, 1, 0, 0, 1, 1, 1, 1, 0, 0, 1, 1, 0, 0, 1, 1, 0, 1, 0, 1, 1, 1, 1, 0, 0, 1, 0, 0, 1, 1]","{'n_estimators': 1000, 'learning_rate': 0.01, 'max_depth': 9, 'min_samples_split': 2, 'min_samples_leaf': 1, 'subsample': 0.5, 'max_features': 'sqrt'}",COMPLETE
2828,0.7709677416867845,2024-07-08 13:16:20.404929,2024-07-08 13:17:14.519011,0 days 00:00:54.114082,BaggingClassifier,Normalize_L1_1,,"[1, 1, 1, 0, 0, 1, 1, 1, 0, 0, 0, 1, 0, 0, 0, 0, 0, 0, 0, 1, 0, 1, 1, 0, 0, 1, 0, 0, 1, 0, 0, 1, 0, 0, 0, 1, 0, 0, 0, 1, 0, 0, 0, 1, 0, 0, 0, 0, 1]","{'n_estimators': 200, 'max_samples': 0.5, 'max_features': 0.5, 'bootstrap': False, 'bootstrap_features': False}",COMPLETE
2829,0.7064516126753382,2024-07-08 13:16:20.618932,2024-07-08 13:17:12.229005,0 days 00:00:51.610073,BaggingClassifier,Normalize_Max_0,,"[0, 0, 1, 0, 1, 1, 0, 1, 0, 0, 0, 0, 0, 0, 0, 1, 1, 1, 1, 1, 1, 1, 0, 0, 1, 1, 1, 1, 0, 0, 0, 0, 1, 0, 1, 1, 0, 1, 1, 0, 1, 0, 0, 0, 0, 1, 1, 1, 1]","{'n_estimators': 100, 'max_samples': 0.5, 'max_features': 0.1, 'bootstrap': True, 'bootstrap_features': True}",COMPLETE
2830,0.7580645158844953,2024-07-08 13:16:21.060930,2024-07-08 13:16:53.805005,0 days 00:00:32.744075,BaggingClassifier,Normalize_L1_1,,"[1, 0, 0, 0, 1, 0, 1, 0, 1, 1, 1, 1, 0, 1, 1, 0, 0, 1, 1, 0, 1, 1, 1, 0, 1, 1, 1, 0, 1, 0, 0, 0, 0, 1, 1, 0, 0, 0, 1, 0, 1, 1, 0, 1, 0, 0, 1, 1, 0]","{'n_estimators': 100, 'max_samples': 0.5, 'max_features': 1.0, 'bootstrap': False, 'bootstrap_features': True}",COMPLETE
2831,0.7774193545879292,2024-07-08 13:16:23.969011,2024-07-08 13:17:02.747002,0 days 00:00:38.777991,BaggingClassifier,Normalize_L1_1,,"[1, 0, 1, 1, 1, 1, 1, 0, 0, 1, 0, 1, 0, 0, 1, 1, 0, 0, 1, 1, 1, 1, 1, 0, 0, 1, 0, 0, 1, 0, 0, 0, 0, 0, 0, 1, 1, 0, 1, 0, 0, 1, 1, 0, 0, 0, 0, 1, 0]","{'n_estimators': 10, 'max_samples': 0.5, 'max_features': 0.1, 'bootstrap': False, 'bootstrap_features': True}",COMPLETE
2832,0.7161290320270551,2024-07-08 13:16:24.192004,2024-07-08 13:16:57.845004,0 days 00:00:33.653000,GradientBoostingClassifier,Normalize_L1_1,,"[1, 1, 1, 1, 0, 1, 0, 0, 1, 1, 0, 0, 1, 1, 1, 1, 0, 1, 0, 1, 1, 0, 0, 0, 0, 0, 0, 1, 1, 1, 1, 1, 1, 0, 1, 1, 1, 0, 1, 0, 1, 1, 1, 1, 0, 1, 1, 1, 1]","{'n_estimators': 500, 'learning_rate': 1.0, 'max_depth': 7, 'min_samples_split': 5, 'min_samples_leaf': 1, 'subsample': 1.0, 'max_features': 'log2'}",COMPLETE
2833,0.7774193545879292,2024-07-08 13:16:24.577003,2024-07-08 13:16:52.664004,0 days 00:00:28.087001,GradientBoostingClassifier,Normalize_L1_1,,"[0, 1, 0, 0, 1, 0, 1, 0, 0, 1, 0, 0, 0, 1, 1, 1, 0, 1, 1, 1, 1, 0, 1, 1, 1, 1, 1, 1, 1, 1, 1, 0, 1, 1, 0, 0, 1, 0, 1, 1, 1, 1, 0, 1, 0, 1, 1, 0, 1]","{'n_estimators': 500, 'learning_rate': 0.5, 'max_depth': 7, 'min_samples_split': 10, 'min_samples_leaf': 50, 'subsample': 1.0, 'max_features': 'sqrt'}",COMPLETE
2834,0.7709677416867845,2024-07-08 13:16:24.772002,2024-07-08 13:17:21.636007,0 days 00:00:56.864005,BaggingClassifier,Normalize_L1_1,,"[1, 0, 0, 1, 1, 0, 0, 1, 1, 1, 1, 0, 1, 0, 0, 0, 1, 1, 1, 1, 0, 1, 1, 0, 1, 1, 1, 1, 1, 1, 1, 1, 1, 0, 0, 0, 0, 0, 0, 1, 0, 1, 1, 0, 0, 1, 1, 1, 1]","{'n_estimators': 1000, 'max_samples': 0.5, 'max_features': 0.1, 'bootstrap': False, 'bootstrap_features': True}",COMPLETE
2835,0.7935483868407908,2024-07-08 13:16:25.599001,2024-07-08 13:16:57.732002,0 days 00:00:32.133001,BaggingClassifier,Normalize_L1_1,,"[0, 1, 0, 1, 0, 1, 0, 1, 1, 0, 0, 1, 0, 1, 1, 1, 0, 1, 0, 0, 0, 0, 1, 0, 1, 0, 1, 1, 0, 1, 1, 1, 0, 0, 0, 1, 1, 0, 1, 1, 0, 0, 0, 0, 1, 0, 0, 0, 0]","{'n_estimators': 500, 'max_samples': 0.1, 'max_features': 0.1, 'bootstrap': False, 'bootstrap_features': False}",COMPLETE
2836,0.0,2024-07-08 13:16:25.834004,2024-07-08 13:17:23.376001,0 days 00:00:57.541997,SVC,Normalize_L1_1,,"[0, 0, 1, 0, 0, 1, 1, 0, 1, 1, 1, 1, 0, 0, 0, 0, 0, 0, 1, 1, 1, 0, 0, 0, 0, 0, 0, 1, 1, 1, 1, 1, 1, 0, 1, 1, 0, 0, 0, 0, 0, 0, 0, 0, 0, 0, 1, 1, 1]","{'C': 1.0, 'kernel': 'linear', 'degree': 5, 'gamma': '0.01', 'coef0': 0.1, 'shrinking': True, 'probability': True, 'class_weight': 'balanced', 'decision_function_shape': 'ovr'}",COMPLETE
2837,0.7645161287856399,2024-07-08 13:16:25.919003,2024-07-08 13:17:11.101032,0 days 00:00:45.182029,BaggingClassifier,Normalize_L1_1,,"[1, 1, 0, 0, 0, 1, 0, 0, 1, 0, 0, 1, 1, 0, 0, 0, 1, 0, 1, 1, 1, 0, 0, 1, 1, 0, 0, 0, 1, 1, 1, 0, 0, 0, 0, 1, 1, 0, 0, 1, 0, 1, 1, 1, 0, 0, 1, 0, 0]","{'n_estimators': 100, 'max_samples': 0.5, 'max_features': 0.1, 'bootstrap': False, 'bootstrap_features': True}",COMPLETE
2838,0.664516128817898,2024-07-08 13:16:26.001000,2024-07-08 13:17:14.500049,0 days 00:00:48.499049,BaggingClassifier,Normalize_Max_0,,"[1, 0, 0, 0, 0, 1, 1, 1, 0, 0, 1, 1, 0, 1, 0, 0, 1, 1, 1, 1, 0, 1, 0, 0, 0, 0, 1, 1, 1, 1, 1, 0, 1, 1, 1, 1, 0, 0, 1, 1, 1, 0, 0, 0, 0, 1, 0, 0, 0]","{'n_estimators': 50, 'max_samples': 1.0, 'max_features': 0.5, 'bootstrap': True, 'bootstrap_features': True}",COMPLETE
2839,0.7483870965327784,2024-07-08 13:16:26.740003,2024-07-08 13:16:56.063003,0 days 00:00:29.323000,BaggingClassifier,Normalize_L1_1,,"[1, 0, 0, 0, 0, 1, 0, 1, 0, 0, 0, 1, 0, 0, 1, 1, 1, 0, 1, 0, 0, 1, 1, 0, 0, 0, 0, 1, 1, 1, 1, 1, 0, 0, 1, 0, 0, 1, 1, 0, 1, 0, 1, 0, 0, 1, 0, 0, 0]","{'n_estimators': 10, 'max_samples': 1.0, 'max_features': 0.5, 'bootstrap': True, 'bootstrap_features': False}",COMPLETE
2840,0.6612903223673257,2024-07-08 13:16:26.904013,2024-07-08 13:17:16.922010,0 days 00:00:50.017997,BaggingClassifier,Normalize_Max_0,,"[1, 1, 1, 0, 1, 1, 1, 1, 0, 1, 1, 1, 1, 0, 0, 0, 0, 1, 0, 0, 0, 1, 0, 1, 0, 1, 1, 0, 0, 1, 0, 0, 0, 0, 0, 0, 1, 1, 1, 1, 1, 1, 1, 1, 1, 1, 1, 0, 1]","{'n_estimators': 500, 'max_samples': 1.0, 'max_features': 0.1, 'bootstrap': False, 'bootstrap_features': False}",COMPLETE
2841,0.7612903223350675,2024-07-08 13:16:27.280003,2024-07-08 13:17:15.881003,0 days 00:00:48.601000,BaggingClassifier,Normalize_L1_1,,"[0, 1, 1, 1, 1, 1, 1, 1, 1, 0, 1, 1, 1, 1, 1, 0, 1, 0, 1, 1, 1, 1, 1, 1, 0, 0, 0, 1, 0, 0, 1, 0, 1, 0, 0, 1, 1, 1, 0, 0, 1, 1, 1, 0, 0, 0, 1, 0, 0]","{'n_estimators': 50, 'max_samples': 1.0, 'max_features': 0.1, 'bootstrap': True, 'bootstrap_features': True}",COMPLETE
2842,0.664516128817898,2024-07-08 13:16:27.752003,2024-07-08 13:17:22.687003,0 days 00:00:54.935000,BaggingClassifier,Normalize_Max_0,,"[0, 1, 0, 0, 1, 0, 1, 0, 1, 0, 1, 0, 1, 0, 0, 1, 0, 1, 0, 0, 0, 1, 1, 0, 0, 1, 1, 0, 1, 0, 1, 1, 1, 1, 0, 1, 1, 1, 1, 0, 0, 0, 0, 0, 1, 0, 0, 0, 0]","{'n_estimators': 50, 'max_samples': 1.0, 'max_features': 1.0, 'bootstrap': True, 'bootstrap_features': False}",COMPLETE
2843,0.754838709433923,2024-07-08 13:16:29.217002,2024-07-08 13:17:00.337002,0 days 00:00:31.120000,BaggingClassifier,Normalize_L1_1,,"[1, 0, 0, 0, 0, 1, 1, 0, 1, 1, 1, 1, 0, 0, 1, 0, 1, 0, 1, 1, 0, 1, 0, 1, 0, 0, 0, 1, 1, 0, 1, 0, 0, 0, 0, 0, 1, 1, 1, 0, 0, 0, 0, 0, 1, 0, 0, 0, 0]","{'n_estimators': 10, 'max_samples': 1.0, 'max_features': 1.0, 'bootstrap': True, 'bootstrap_features': True}",COMPLETE
2844,0.6612903223673257,2024-07-08 13:16:29.742002,2024-07-08 13:17:42.579006,0 days 00:01:12.837004,BaggingClassifier,Normalize_Max_0,,"[0, 1, 0, 1, 1, 0, 1, 0, 0, 1, 1, 1, 1, 1, 0, 1, 0, 1, 0, 1, 1, 0, 0, 1, 0, 0, 0, 0, 0, 0, 0, 0, 0, 1, 1, 0, 0, 0, 1, 0, 0, 1, 0, 1, 1, 1, 0, 1, 1]","{'n_estimators': 500, 'max_samples': 1.0, 'max_features': 1.0, 'bootstrap': True, 'bootstrap_features': True}",COMPLETE
2845,0.7612903223350675,2024-07-08 13:16:30.262004,2024-07-08 13:17:04.277004,0 days 00:00:34.015000,BaggingClassifier,Normalize_L1_1,,"[0, 1, 0, 1, 0, 1, 1, 1, 1, 0, 1, 0, 0, 1, 1, 1, 0, 0, 0, 0, 0, 0, 0, 0, 0, 0, 1, 0, 1, 0, 0, 0, 1, 1, 1, 0, 1, 0, 0, 0, 1, 1, 1, 0, 1, 0, 1, 1, 1]","{'n_estimators': 100, 'max_samples': 1.0, 'max_features': 0.5, 'bootstrap': False, 'bootstrap_features': True}",COMPLETE
2846,0.0,2024-07-08 13:16:30.757001,2024-07-08 13:17:26.351004,0 days 00:00:55.594003,SVC,Normalize_L1_1,,"[1, 0, 0, 0, 1, 0, 0, 0, 0, 1, 1, 1, 1, 0, 1, 1, 0, 0, 1, 1, 0, 0, 0, 1, 1, 1, 0, 1, 1, 0, 0, 1, 1, 1, 0, 0, 0, 1, 0, 0, 0, 1, 0, 1, 0, 1, 0, 1, 1]","{'C': 100.0, 'kernel': 'linear', 'degree': 2, 'gamma': '0.001', 'coef0': 0.5, 'shrinking': False, 'probability': False, 'class_weight': None, 'decision_function_shape': 'ovr'}",COMPLETE
2847,0.7129032255764828,2024-07-08 13:16:31.143005,2024-07-08 13:17:37.111002,0 days 00:01:05.967997,KNeighborsClassifier,Normalize_L2_1,TomekLinks,"[1, 1, 0, 1, 1, 1, 1, 1, 1, 1, 0, 0, 0, 0, 0, 1, 0, 0, 0, 1, 0, 0, 0, 0, 0, 0, 1, 0, 1, 0, 1, 0, 1, 1, 1, 0, 0, 0, 1, 0, 0, 1, 0, 0, 0, 0, 1, 1, 1]","{'n_neighbors': 20, 'weights': 'distance', 'algorithm': 'brute', 'leaf_size': 40, 'p': 2, 'metric': 'euclidean'}",COMPLETE
2848,0.7580645158844953,2024-07-08 13:16:31.484002,2024-07-08 13:17:16.931006,0 days 00:00:45.447004,BaggingClassifier,Normalize_L1_1,,"[1, 0, 0, 1, 1, 1, 0, 0, 1, 1, 0, 1, 0, 1, 1, 0, 0, 0, 1, 0, 0, 0, 0, 0, 0, 1, 1, 1, 1, 1, 0, 0, 0, 0, 1, 0, 0, 0, 1, 0, 1, 0, 0, 0, 1, 0, 1, 0, 0]","{'n_estimators': 100, 'max_samples': 1.0, 'max_features': 0.5, 'bootstrap': True, 'bootstrap_features': False}",COMPLETE
2849,0.0,2024-07-08 13:16:33.407003,2024-07-08 13:17:46.333046,0 days 00:01:12.926043,SVC,Normalize_L1_1,,"[0, 1, 1, 0, 0, 1, 0, 1, 0, 1, 1, 0, 1, 1, 1, 0, 0, 1, 1, 1, 1, 1, 1, 1, 0, 1, 0, 0, 1, 0, 0, 0, 0, 0, 0, 0, 1, 0, 1, 0, 0, 1, 1, 1, 0, 0, 0, 0, 1]","{'C': 10.0, 'kernel': 'linear', 'degree': 6, 'gamma': '1', 'coef0': 0.5, 'shrinking': True, 'probability': True, 'class_weight': None, 'decision_function_shape': 'ovo'}",COMPLETE
2850,0.7774193545879292,2024-07-08 13:16:35.095001,2024-07-08 13:17:23.183003,0 days 00:00:48.088002,BaggingClassifier,Normalize_Max_0,,"[1, 0, 1, 1, 1, 1, 1, 0, 1, 1, 1, 1, 1, 1, 0, 1, 1, 0, 1, 0, 1, 1, 0, 1, 0, 1, 0, 1, 1, 0, 1, 0, 0, 1, 1, 1, 0, 1, 1, 0, 0, 0, 0, 1, 0, 1, 1, 1, 0]","{'n_estimators': 100, 'max_samples': 0.1, 'max_features': 0.5, 'bootstrap': False, 'bootstrap_features': True}",COMPLETE
2851,0.7612903223350675,2024-07-08 13:16:36.812003,2024-07-08 13:17:25.006010,0 days 00:00:48.194007,BaggingClassifier,Normalize_L1_1,,"[1, 0, 0, 1, 0, 1, 1, 0, 1, 0, 0, 1, 0, 0, 0, 0, 0, 0, 0, 1, 1, 0, 1, 1, 1, 1, 0, 1, 0, 1, 0, 0, 0, 0, 1, 1, 0, 0, 1, 1, 0, 0, 0, 1, 0, 0, 1, 0, 0]","{'n_estimators': 50, 'max_samples': 1.0, 'max_features': 0.5, 'bootstrap': False, 'bootstrap_features': True}",COMPLETE
2852,0.7612903223350675,2024-07-08 13:16:39.775003,2024-07-08 13:17:20.228003,0 days 00:00:40.453000,BaggingClassifier,Normalize_L1_1,,"[1, 0, 0, 1, 1, 1, 1, 0, 0, 1, 0, 0, 0, 0, 0, 0, 1, 0, 0, 1, 1, 1, 1, 1, 1, 1, 1, 1, 0, 0, 1, 1, 0, 0, 1, 0, 0, 0, 0, 1, 0, 0, 1, 0, 0, 0, 1, 1, 1]","{'n_estimators': 10, 'max_samples': 0.1, 'max_features': 1.0, 'bootstrap': True, 'bootstrap_features': True}",COMPLETE
2853,0.7999999997419355,2024-07-08 13:16:43.768004,2024-07-08 13:17:15.331004,0 days 00:00:31.563000,BaggingClassifier,Normalize_L1_1,,"[1, 1, 0, 0, 1, 1, 1, 0, 1, 1, 1, 0, 0, 1, 0, 1, 1, 1, 1, 0, 1, 0, 1, 1, 1, 0, 0, 1, 0, 0, 0, 0, 0, 1, 1, 1, 0, 0, 1, 0, 0, 1, 0, 0, 0, 1, 0, 0, 0]","{'n_estimators': 100, 'max_samples': 0.1, 'max_features': 0.1, 'bootstrap': False, 'bootstrap_features': True}",COMPLETE
2854,0.0,2024-07-08 13:16:44.811009,2024-07-08 13:17:25.010010,0 days 00:00:40.199001,KNeighborsClassifier,Normalize_L1_1,KMeansSMOTE,,"{'n_neighbors': 3, 'weights': 'distance', 'algorithm': 'ball_tree', 'leaf_size': 10, 'p': 1, 'metric': 'manhattan'}",COMPLETE
2855,0.7935483868407908,2024-07-08 13:16:45.524003,2024-07-08 13:17:21.732004,0 days 00:00:36.208001,SVC,Normalize_L1_1,,"[1, 0, 0, 0, 0, 0, 0, 1, 1, 1, 1, 0, 0, 1, 0, 0, 0, 0, 0, 0, 1, 0, 0, 1, 0, 1, 0, 0, 0, 0, 1, 0, 0, 0, 1, 1, 1, 0, 1, 0, 1, 1, 0, 1, 1, 1, 0, 1, 1]","{'C': 100.0, 'kernel': 'poly', 'degree': 4, 'gamma': 'auto', 'coef0': 2.0, 'shrinking': False, 'probability': False, 'class_weight': 'balanced', 'decision_function_shape': 'ovr'}",COMPLETE
2856,0.7645161287856399,2024-07-08 13:16:48.816004,2024-07-08 13:17:17.975004,0 days 00:00:29.159000,BaggingClassifier,Normalize_L1_1,,"[0, 0, 0, 0, 0, 1, 0, 0, 1, 0, 1, 0, 1, 1, 1, 0, 0, 1, 1, 0, 0, 1, 0, 0, 1, 0, 1, 0, 1, 1, 1, 0, 1, 0, 1, 1, 0, 0, 1, 1, 0, 1, 1, 1, 1, 0, 1, 0, 0]","{'n_estimators': 10, 'max_samples': 1.0, 'max_features': 0.5, 'bootstrap': False, 'bootstrap_features': True}",COMPLETE
2857,0.754838709433923,2024-07-08 13:16:50.218002,2024-07-08 13:17:30.829003,0 days 00:00:40.611001,BaggingClassifier,Normalize_L1_1,,"[1, 1, 0, 0, 0, 0, 0, 0, 1, 1, 0, 0, 1, 1, 1, 1, 1, 1, 0, 1, 1, 0, 0, 1, 1, 0, 1, 0, 0, 0, 1, 1, 0, 0, 0, 1, 1, 1, 1, 0, 1, 0, 1, 0, 0, 1, 1, 0, 1]","{'n_estimators': 50, 'max_samples': 1.0, 'max_features': 0.5, 'bootstrap': True, 'bootstrap_features': False}",COMPLETE
2858,0.0,2024-07-08 13:16:50.733003,2024-07-08 13:17:29.444003,0 days 00:00:38.711000,KNeighborsClassifier,Normalize_L1_1,KMeansSMOTE,,"{'n_neighbors': 10, 'weights': 'uniform', 'algorithm': 'auto', 'leaf_size': 50, 'p': 1, 'metric': 'manhattan'}",COMPLETE
2859,0.7967741932913631,2024-07-08 13:16:52.521010,2024-07-08 13:17:24.070004,0 days 00:00:31.548994,BaggingClassifier,Normalize_L1_1,,"[0, 1, 1, 1, 0, 1, 0, 1, 1, 0, 0, 0, 1, 0, 0, 1, 0, 0, 1, 1, 1, 1, 1, 0, 1, 1, 0, 1, 0, 0, 1, 0, 0, 1, 1, 1, 0, 1, 1, 1, 1, 0, 0, 0, 1, 0, 1, 0, 1]","{'n_estimators': 1000, 'max_samples': 0.1, 'max_features': 0.1, 'bootstrap': False, 'bootstrap_features': False}",COMPLETE
