number,value,datetime_start,datetime_complete,duration,params_model,params_normTechnique,params_sampleTechnique,user_attrs_binIndices,user_attrs_hyperparams,state
1673,0.7709677416867845,2024-07-08 12:55:06.017202,2024-07-08 12:55:28.669197,0 days 00:00:22.651995,BaggingClassifier,Normalize_L1_1,,"[1, 1, 0, 0, 1, 1, 0, 1, 1, 0, 1, 1, 1, 1, 0, 1, 0, 1, 1, 0, 1, 1, 0, 0, 1, 0, 1, 0, 0, 1, 0, 1, 0, 1, 1, 0, 1, 0, 1, 1, 1, 0, 0, 1, 0, 0, 1, 0, 0]","{'n_estimators': 100, 'max_samples': 0.5, 'max_features': 0.5, 'bootstrap': False, 'bootstrap_features': False}",COMPLETE
1674,0.5387096772455775,2024-07-08 12:55:07.041199,2024-07-08 12:55:43.776203,0 days 00:00:36.735004,BaggingClassifier,Normalize_L1_1,BorderlineSMOTE,"[0, 0, 0, 1, 0, 1, 0, 1, 1, 1, 0, 0, 1, 1, 1, 0, 1, 0, 0, 0, 0, 0, 0, 0, 0, 0, 0, 1, 0, 1, 0, 1, 1, 1, 0, 0, 0, 0, 0, 0, 0, 0, 1, 0, 1, 1, 0, 1, 1]","{'n_estimators': 50, 'max_samples': 0.1, 'max_features': 0.5, 'bootstrap': True, 'bootstrap_features': False}",COMPLETE
1675,0.4806451611352757,2024-07-08 12:55:07.321200,2024-07-08 12:56:16.547197,0 days 00:01:09.225997,BaggingClassifier,Normalize_L1_1,BorderlineSMOTE,"[0, 0, 1, 0, 1, 0, 1, 0, 1, 1, 1, 0, 0, 1, 1, 1, 1, 1, 1, 1, 1, 0, 0, 1, 0, 0, 0, 0, 0, 0, 0, 0, 1, 1, 0, 0, 0, 1, 0, 0, 0, 0, 1, 0, 1, 0, 0, 0, 0]","{'n_estimators': 1000, 'max_samples': 0.5, 'max_features': 1.0, 'bootstrap': False, 'bootstrap_features': False}",COMPLETE
1676,0.7612903223350675,2024-07-08 12:55:07.517200,2024-07-08 12:55:45.161201,0 days 00:00:37.644001,BaggingClassifier,Normalize_L1_1,,"[0, 0, 1, 1, 1, 0, 1, 0, 1, 1, 0, 1, 1, 1, 0, 0, 1, 0, 0, 0, 0, 0, 0, 0, 0, 1, 0, 0, 0, 1, 0, 1, 0, 0, 0, 1, 0, 1, 0, 0, 1, 1, 1, 1, 0, 1, 0, 0, 1]","{'n_estimators': 100, 'max_samples': 1.0, 'max_features': 1.0, 'bootstrap': False, 'bootstrap_features': False}",COMPLETE
1677,0.7999999997419355,2024-07-08 12:55:07.628199,2024-07-08 12:55:57.656201,0 days 00:00:50.028002,BaggingClassifier,Normalize_L1_1,,"[1, 0, 1, 0, 1, 1, 1, 1, 1, 1, 0, 0, 0, 1, 1, 1, 1, 1, 0, 0, 0, 1, 1, 0, 1, 1, 1, 1, 0, 0, 1, 1, 1, 0, 0, 1, 1, 0, 1, 0, 0, 1, 0, 0, 0, 1, 0, 1, 1]","{'n_estimators': 500, 'max_samples': 0.1, 'max_features': 0.1, 'bootstrap': True, 'bootstrap_features': True}",COMPLETE
1678,0.7838709674890738,2024-07-08 12:55:07.750200,2024-07-08 12:55:48.384198,0 days 00:00:40.633998,BaggingClassifier,Normalize_L1_1,,"[1, 1, 1, 0, 1, 0, 1, 0, 0, 0, 0, 0, 0, 1, 0, 1, 0, 1, 0, 1, 0, 0, 1, 1, 1, 1, 0, 0, 0, 1, 0, 1, 0, 0, 0, 1, 1, 0, 0, 1, 1, 1, 1, 1, 1, 0, 0, 0, 1]","{'n_estimators': 100, 'max_samples': 0.5, 'max_features': 0.5, 'bootstrap': True, 'bootstrap_features': False}",COMPLETE
1679,0.412903225673257,2024-07-08 12:55:07.850197,2024-07-08 12:56:18.625201,0 days 00:01:10.775004,BaggingClassifier,Normalize_L1_1,BorderlineSMOTE,"[0, 0, 0, 0, 0, 1, 1, 1, 1, 1, 0, 0, 0, 1, 0, 0, 1, 1, 1, 0, 1, 0, 1, 1, 0, 1, 0, 0, 0, 0, 1, 0, 0, 1, 0, 1, 0, 0, 1, 0, 0, 1, 0, 0, 0, 0, 1, 0, 1]","{'n_estimators': 1000, 'max_samples': 1.0, 'max_features': 0.5, 'bootstrap': True, 'bootstrap_features': False}",COMPLETE
1680,0.0,2024-07-08 12:55:08.025198,2024-07-08 12:56:13.789201,0 days 00:01:05.764003,SVC,Normalize_L1_1,NearMiss,"[0, 1, 1, 1, 0, 0, 1, 1, 0, 1, 1, 0, 0, 0, 1, 1, 0, 0, 1, 0, 1, 0, 0, 0, 0, 1, 1, 0, 0, 1, 1, 1, 1, 1, 0, 0, 0, 1, 1, 1, 1, 0, 1, 0, 1, 1, 0, 0, 0]","{'C': 10.0, 'kernel': 'linear', 'degree': 6, 'gamma': '0.01', 'coef0': 0.5, 'shrinking': True, 'probability': False, 'class_weight': 'balanced', 'decision_function_shape': 'ovr'}",COMPLETE
1681,0.7677419352362123,2024-07-08 12:55:08.171196,2024-07-08 12:55:35.937198,0 days 00:00:27.766002,BaggingClassifier,Normalize_L1_1,,"[0, 0, 0, 0, 1, 1, 1, 1, 0, 0, 1, 1, 0, 1, 1, 1, 1, 0, 1, 0, 1, 0, 0, 0, 1, 0, 0, 1, 0, 1, 1, 1, 0, 0, 1, 0, 1, 0, 1, 0, 1, 1, 0, 1, 1, 1, 0, 0, 1]","{'n_estimators': 100, 'max_samples': 1.0, 'max_features': 0.5, 'bootstrap': True, 'bootstrap_features': False}",COMPLETE
1682,0.7999999997419355,2024-07-08 12:55:12.864200,2024-07-08 12:55:41.869201,0 days 00:00:29.005001,BaggingClassifier,Normalize_L1_1,,"[1, 0, 0, 0, 1, 0, 0, 1, 1, 0, 0, 0, 0, 0, 1, 0, 0, 0, 1, 0, 1, 1, 0, 0, 0, 0, 0, 0, 1, 0, 0, 0, 1, 1, 1, 1, 0, 1, 0, 1, 1, 1, 0, 1, 1, 1, 0, 1, 1]","{'n_estimators': 100, 'max_samples': 0.1, 'max_features': 1.0, 'bootstrap': True, 'bootstrap_features': True}",COMPLETE
1683,0.45806451598126946,2024-07-08 12:55:14.207198,2024-07-08 12:55:41.784204,0 days 00:00:27.577006,BaggingClassifier,Normalize_L1_1,BorderlineSMOTE,"[0, 0, 0, 0, 1, 1, 0, 1, 0, 1, 1, 0, 1, 1, 1, 0, 0, 0, 1, 0, 1, 1, 0, 1, 0, 1, 1, 1, 1, 0, 1, 1, 1, 1, 1, 1, 0, 0, 0, 0, 0, 1, 0, 1, 0, 0, 1, 0, 0]","{'n_estimators': 50, 'max_samples': 0.5, 'max_features': 0.5, 'bootstrap': True, 'bootstrap_features': True}",COMPLETE
1684,0.7774193545879292,2024-07-08 12:55:16.458199,2024-07-08 12:56:14.045199,0 days 00:00:57.587000,AdaBoostClassifier,Normalize_L1_1,,"[0, 0, 0, 1, 1, 1, 0, 0, 1, 1, 1, 1, 1, 1, 0, 0, 0, 1, 1, 1, 1, 0, 0, 0, 1, 1, 0, 0, 1, 1, 0, 0, 1, 0, 0, 0, 1, 0, 0, 0, 0, 0, 1, 0, 1, 0, 0, 0, 1]","{'n_estimators': 500, 'learning_rate': 1.0, 'algorithm': 'SAMME.R'}",COMPLETE
1685,0.47419354823413107,2024-07-08 12:55:17.179201,2024-07-08 12:55:45.280198,0 days 00:00:28.100997,BaggingClassifier,Normalize_L1_1,BorderlineSMOTE,"[1, 0, 0, 0, 0, 1, 0, 1, 0, 0, 0, 1, 0, 1, 1, 1, 0, 0, 0, 0, 0, 0, 0, 1, 1, 0, 1, 0, 0, 1, 1, 0, 1, 0, 0, 0, 0, 1, 0, 0, 0, 1, 0, 0, 0, 1, 0, 1, 0]","{'n_estimators': 50, 'max_samples': 0.5, 'max_features': 0.1, 'bootstrap': True, 'bootstrap_features': False}",COMPLETE
1686,0.7935483868407908,2024-07-08 12:55:18.165198,2024-07-08 12:55:53.844199,0 days 00:00:35.679001,AdaBoostClassifier,Normalize_L1_1,,"[0, 0, 1, 0, 1, 0, 1, 1, 0, 1, 0, 1, 1, 1, 0, 0, 0, 0, 0, 0, 0, 1, 1, 1, 1, 0, 0, 1, 0, 1, 1, 1, 1, 1, 0, 0, 0, 1, 0, 1, 1, 1, 0, 1, 1, 1, 0, 1, 1]","{'n_estimators': 50, 'learning_rate': 0.1, 'algorithm': 'SAMME'}",COMPLETE
1687,0.7838709674890738,2024-07-08 12:55:18.356199,2024-07-08 12:56:32.252285,0 days 00:01:13.896086,KNeighborsClassifier,Normalize_L1_1,,"[1, 1, 1, 0, 0, 0, 1, 1, 0, 0, 1, 1, 1, 0, 1, 0, 0, 0, 1, 1, 1, 0, 1, 1, 0, 1, 0, 0, 1, 1, 0, 0, 0, 1, 1, 1, 0, 0, 0, 1, 0, 0, 1, 0, 1, 0, 0, 1, 0]","{'n_neighbors': 15, 'weights': 'uniform', 'algorithm': 'ball_tree', 'leaf_size': 60, 'p': 1, 'metric': 'euclidean'}",COMPLETE
1688,0.7935483868407908,2024-07-08 12:55:18.491199,2024-07-08 12:55:57.442197,0 days 00:00:38.950998,BaggingClassifier,Normalize_L1_1,,"[1, 0, 1, 0, 1, 0, 0, 1, 1, 0, 0, 0, 0, 1, 0, 0, 1, 0, 0, 0, 0, 1, 0, 0, 1, 1, 1, 1, 0, 0, 0, 0, 1, 1, 1, 1, 0, 0, 1, 1, 1, 1, 1, 1, 1, 1, 1, 0, 0]","{'n_estimators': 200, 'max_samples': 0.1, 'max_features': 0.5, 'bootstrap': True, 'bootstrap_features': False}",COMPLETE
1689,0.7709677416867845,2024-07-08 12:55:18.566203,2024-07-08 12:55:41.709198,0 days 00:00:23.142995,BaggingClassifier,Normalize_L1_1,,"[0, 0, 1, 1, 1, 1, 1, 1, 0, 0, 1, 0, 1, 0, 0, 0, 1, 0, 1, 0, 1, 1, 0, 0, 0, 0, 1, 1, 0, 1, 1, 0, 1, 0, 0, 0, 0, 1, 0, 1, 0, 0, 0, 0, 0, 1, 1, 0, 1]","{'n_estimators': 200, 'max_samples': 0.5, 'max_features': 1.0, 'bootstrap': True, 'bootstrap_features': False}",COMPLETE
1690,0.7806451610385015,2024-07-08 12:55:18.635199,2024-07-08 12:56:18.621198,0 days 00:00:59.985999,KNeighborsClassifier,Normalize_L1_1,,"[0, 1, 1, 0, 1, 1, 0, 0, 1, 1, 1, 0, 1, 0, 0, 1, 1, 0, 0, 0, 0, 0, 0, 1, 0, 1, 1, 0, 0, 0, 0, 0, 0, 1, 1, 1, 1, 0, 0, 0, 0, 0, 0, 1, 0, 1, 1, 0, 1]","{'n_neighbors': 10, 'weights': 'uniform', 'algorithm': 'ball_tree', 'leaf_size': 10, 'p': 2, 'metric': 'euclidean'}",COMPLETE
1691,0.7999999997419355,2024-07-08 12:55:18.883217,2024-07-08 12:55:40.962198,0 days 00:00:22.078981,BaggingClassifier,Normalize_L1_1,,"[0, 0, 1, 1, 0, 0, 1, 1, 0, 1, 0, 1, 0, 0, 1, 0, 0, 0, 0, 0, 1, 0, 0, 1, 1, 1, 1, 1, 1, 0, 0, 0, 1, 1, 1, 0, 1, 1, 0, 1, 0, 0, 0, 1, 0, 0, 1, 0, 0]","{'n_estimators': 50, 'max_samples': 0.1, 'max_features': 0.1, 'bootstrap': False, 'bootstrap_features': False}",COMPLETE
1692,0.7935483868407908,2024-07-08 12:55:19.757197,2024-07-08 12:56:26.736243,0 days 00:01:06.979046,AdaBoostClassifier,Normalize_L1_1,,"[0, 1, 0, 1, 0, 0, 0, 1, 0, 1, 0, 1, 1, 1, 1, 1, 0, 0, 1, 0, 1, 0, 1, 1, 0, 1, 1, 0, 0, 1, 1, 0, 0, 0, 0, 1, 0, 0, 0, 0, 0, 0, 0, 1, 1, 1, 0, 1, 0]","{'n_estimators': 1000, 'learning_rate': 0.01, 'algorithm': 'SAMME.R'}",COMPLETE
1693,0.7645161287856399,2024-07-08 12:55:19.984200,2024-07-08 12:56:13.703242,0 days 00:00:53.719042,BaggingClassifier,Normalize_L1_1,,"[1, 1, 1, 1, 1, 1, 1, 1, 0, 1, 0, 1, 1, 1, 1, 0, 1, 0, 1, 1, 1, 0, 0, 0, 1, 0, 0, 1, 0, 1, 1, 1, 0, 0, 0, 0, 1, 1, 0, 1, 0, 1, 1, 1, 1, 1, 1, 1, 1]","{'n_estimators': 10, 'max_samples': 1.0, 'max_features': 0.1, 'bootstrap': False, 'bootstrap_features': True}",COMPLETE
1694,0.754838709433923,2024-07-08 12:55:20.978198,2024-07-08 12:56:14.003207,0 days 00:00:53.025009,BaggingClassifier,Normalize_L1_1,,"[1, 0, 0, 1, 1, 0, 0, 1, 0, 0, 1, 0, 1, 1, 0, 0, 1, 0, 1, 0, 1, 0, 1, 1, 0, 0, 0, 1, 1, 1, 0, 1, 0, 1, 1, 0, 1, 0, 0, 1, 1, 1, 0, 1, 0, 1, 0, 1, 0]","{'n_estimators': 10, 'max_samples': 1.0, 'max_features': 0.1, 'bootstrap': True, 'bootstrap_features': True}",COMPLETE
1695,0.0,2024-07-08 12:55:21.889198,2024-07-08 12:56:14.549198,0 days 00:00:52.660000,MLPClassifier,,,,,COMPLETE
1696,0.7838709674890738,2024-07-08 12:55:24.101225,2024-07-08 12:56:16.479200,0 days 00:00:52.377975,BaggingClassifier,Normalize_L1_1,,"[1, 1, 0, 0, 1, 1, 1, 1, 0, 1, 0, 0, 0, 0, 1, 1, 0, 1, 1, 0, 0, 0, 1, 0, 1, 0, 0, 1, 0, 1, 0, 1, 0, 0, 1, 0, 0, 0, 1, 0, 1, 0, 0, 1, 1, 1, 1, 1, 1]","{'n_estimators': 1000, 'max_samples': 0.5, 'max_features': 0.5, 'bootstrap': True, 'bootstrap_features': False}",COMPLETE
1697,0.7645161287856399,2024-07-08 12:55:26.878199,2024-07-08 12:56:29.386287,0 days 00:01:02.508088,BaggingClassifier,Normalize_L1_1,,"[1, 0, 0, 0, 1, 1, 0, 1, 1, 0, 1, 0, 1, 0, 1, 0, 1, 1, 1, 0, 1, 1, 1, 1, 0, 1, 0, 1, 1, 0, 0, 1, 1, 1, 1, 0, 0, 0, 1, 1, 0, 0, 1, 1, 1, 0, 0, 1, 0]","{'n_estimators': 1000, 'max_samples': 1.0, 'max_features': 0.5, 'bootstrap': False, 'bootstrap_features': True}",COMPLETE
1698,0.7935483868407908,2024-07-08 12:55:29.721198,2024-07-08 12:56:18.606198,0 days 00:00:48.885000,SVC,Normalize_L1_1,NearMiss,"[1, 0, 1, 1, 0, 0, 1, 0, 0, 0, 0, 1, 0, 1, 0, 1, 1, 0, 0, 0, 0, 0, 1, 1, 1, 0, 0, 0, 1, 0, 0, 0, 1, 0, 0, 0, 0, 1, 1, 1, 0, 0, 0, 0, 1, 0, 1, 0, 1]","{'C': 0.1, 'kernel': 'sigmoid', 'degree': 2, 'gamma': 'auto', 'coef0': 1.0, 'shrinking': False, 'probability': False, 'class_weight': None, 'decision_function_shape': 'ovr'}",COMPLETE
1699,0.7935483868407908,2024-07-08 12:55:33.842199,2024-07-08 12:56:16.049201,0 days 00:00:42.207002,AdaBoostClassifier,Normalize_L1_1,,"[0, 0, 0, 1, 0, 0, 1, 0, 1, 1, 0, 0, 0, 0, 0, 1, 0, 1, 1, 1, 0, 0, 0, 1, 1, 1, 1, 1, 0, 1, 1, 0, 1, 1, 0, 0, 0, 1, 1, 0, 1, 0, 1, 0, 0, 1, 1, 0, 0]","{'n_estimators': 50, 'learning_rate': 0.01, 'algorithm': 'SAMME.R'}",COMPLETE
1700,0.0,2024-07-08 12:55:34.944200,2024-07-08 12:56:13.578199,0 days 00:00:38.633999,SVC,Normalize_L1_1,,"[0, 1, 1, 0, 1, 1, 0, 0, 0, 0, 0, 0, 1, 1, 0, 1, 0, 1, 1, 1, 0, 0, 0, 0, 0, 1, 0, 0, 1, 1, 1, 1, 1, 1, 1, 1, 1, 1, 1, 0, 1, 0, 1, 0, 1, 0, 1, 1, 1]","{'C': 10.0, 'kernel': 'sigmoid', 'degree': 2, 'gamma': '0.1', 'coef0': 0.1, 'shrinking': True, 'probability': False, 'class_weight': 'balanced', 'decision_function_shape': 'ovo'}",COMPLETE
1701,0.0,2024-07-08 12:55:37.172198,2024-07-08 12:56:16.473217,0 days 00:00:39.301019,MLPClassifier,,,,,COMPLETE
1702,0.0,2024-07-08 12:55:38.639199,2024-07-08 12:56:14.547198,0 days 00:00:35.907999,SVC,Normalize_L1_1,NearMiss,"[0, 0, 0, 1, 1, 0, 1, 1, 0, 1, 1, 0, 1, 1, 0, 1, 1, 0, 0, 1, 0, 1, 1, 0, 1, 0, 0, 0, 0, 1, 1, 0, 0, 0, 0, 0, 1, 1, 1, 0, 1, 1, 1, 0, 0, 1, 0, 0, 1]","{'C': 0.1, 'kernel': 'rbf', 'degree': 4, 'gamma': '0.01', 'coef0': 0.5, 'shrinking': False, 'probability': False, 'class_weight': 'balanced', 'decision_function_shape': 'ovr'}",COMPLETE
1703,0.0,2024-07-08 12:55:39.258198,2024-07-08 12:56:14.396241,0 days 00:00:35.138043,MLPClassifier,,,,,COMPLETE
1704,0.7935483868407908,2024-07-08 12:55:40.214198,2024-07-08 12:56:14.074198,0 days 00:00:33.860000,AdaBoostClassifier,Normalize_L1_1,,"[0, 1, 1, 0, 0, 1, 0, 1, 1, 1, 0, 1, 1, 1, 1, 1, 1, 1, 0, 0, 0, 0, 0, 0, 0, 0, 1, 0, 0, 0, 0, 0, 1, 1, 1, 1, 0, 1, 0, 1, 0, 1, 1, 0, 0, 0, 0, 0, 0]","{'n_estimators': 500, 'learning_rate': 10.0, 'algorithm': 'SAMME'}",COMPLETE
1705,0.7645161287856399,2024-07-08 12:55:40.530197,2024-07-08 12:56:57.685244,0 days 00:01:17.155047,BaggingClassifier,Normalize_L1_1,,"[1, 1, 1, 0, 1, 1, 1, 1, 0, 1, 1, 0, 1, 0, 1, 0, 1, 1, 1, 0, 0, 1, 1, 0, 0, 0, 0, 0, 1, 0, 1, 1, 1, 1, 1, 1, 0, 1, 0, 0, 1, 1, 1, 1, 0, 0, 1, 0, 1]","{'n_estimators': 100, 'max_samples': 1.0, 'max_features': 1.0, 'bootstrap': False, 'bootstrap_features': True}",COMPLETE
1706,0.7935483868407908,2024-07-08 12:55:40.692199,2024-07-08 12:56:29.245286,0 days 00:00:48.553087,SVC,Normalize_L1_1,,"[1, 0, 1, 0, 1, 0, 0, 1, 0, 1, 1, 1, 0, 1, 1, 0, 1, 0, 1, 1, 1, 1, 0, 0, 0, 0, 1, 0, 1, 0, 0, 1, 0, 1, 1, 1, 1, 1, 1, 0, 0, 0, 1, 1, 0, 0, 1, 0, 1]","{'C': 100.0, 'kernel': 'poly', 'degree': 2, 'gamma': 'auto', 'coef0': 0.0, 'shrinking': True, 'probability': False, 'class_weight': 'balanced', 'decision_function_shape': 'ovr'}",COMPLETE
1707,0.7903225803902184,2024-07-08 12:55:40.902198,2024-07-08 12:56:20.882200,0 days 00:00:39.980002,KNeighborsClassifier,Normalize_L1_1,,"[1, 0, 1, 0, 0, 1, 0, 0, 0, 1, 0, 0, 0, 0, 0, 0, 0, 0, 0, 0, 0, 1, 1, 0, 0, 0, 1, 1, 0, 0, 1, 0, 0, 1, 0, 0, 0, 0, 1, 0, 0, 1, 1, 0, 0, 0, 1, 1, 0]","{'n_neighbors': 20, 'weights': 'uniform', 'algorithm': 'brute', 'leaf_size': 30, 'p': 2, 'metric': 'manhattan'}",COMPLETE
1708,0.7838709674890738,2024-07-08 12:55:41.081198,2024-07-08 12:56:21.174207,0 days 00:00:40.093009,BaggingClassifier,Normalize_L1_1,,"[1, 1, 0, 1, 0, 0, 1, 1, 1, 1, 1, 1, 0, 0, 1, 1, 0, 0, 1, 0, 1, 0, 0, 0, 0, 1, 0, 1, 0, 1, 0, 1, 0, 1, 1, 0, 1, 0, 1, 0, 1, 0, 1, 0, 0, 1, 0, 0, 0]","{'n_estimators': 10, 'max_samples': 0.1, 'max_features': 0.5, 'bootstrap': False, 'bootstrap_features': False}",COMPLETE
1709,0.0,2024-07-08 12:55:41.374198,2024-07-08 12:56:13.818199,0 days 00:00:32.444001,MLPClassifier,,,,,COMPLETE
1710,0.7612903223350675,2024-07-08 12:55:41.632200,2024-07-08 12:57:00.026244,0 days 00:01:18.394044,BaggingClassifier,Normalize_L1_1,,"[1, 0, 0, 1, 0, 0, 0, 0, 1, 0, 1, 1, 1, 0, 0, 0, 0, 0, 1, 1, 0, 0, 1, 1, 0, 1, 0, 0, 1, 1, 0, 1, 1, 0, 0, 1, 0, 0, 0, 1, 0, 1, 0, 1, 1, 1, 1, 1, 0]","{'n_estimators': 1000, 'max_samples': 1.0, 'max_features': 1.0, 'bootstrap': True, 'bootstrap_features': True}",COMPLETE
1711,0.7645161287856399,2024-07-08 12:55:44.064199,2024-07-08 12:56:32.140254,0 days 00:00:48.076055,KNeighborsClassifier,Normalize_L1_1,,"[0, 0, 0, 1, 0, 0, 0, 1, 0, 0, 0, 1, 0, 0, 1, 0, 1, 0, 0, 1, 1, 1, 0, 1, 0, 0, 1, 1, 0, 1, 0, 1, 0, 0, 0, 1, 1, 0, 0, 0, 0, 1, 1, 1, 1, 0, 0, 1, 0]","{'n_neighbors': 10, 'weights': 'distance', 'algorithm': 'ball_tree', 'leaf_size': 40, 'p': 2, 'metric': 'minkowski'}",COMPLETE
1712,0.0,2024-07-08 12:55:47.100197,2024-07-08 12:56:38.665242,0 days 00:00:51.565045,SVC,Normalize_L1_1,,"[1, 1, 0, 0, 1, 1, 0, 0, 0, 1, 0, 1, 0, 1, 0, 0, 0, 1, 1, 0, 1, 1, 1, 1, 1, 1, 0, 0, 1, 0, 1, 0, 0, 1, 0, 1, 1, 0, 1, 1, 1, 0, 0, 0, 0, 0, 0, 0, 0]","{'C': 0.1, 'kernel': 'linear', 'degree': 4, 'gamma': '0.01', 'coef0': 1.0, 'shrinking': False, 'probability': False, 'class_weight': 'balanced', 'decision_function_shape': 'ovr'}",COMPLETE
1713,0.7419354836316336,2024-07-08 12:55:50.918198,2024-07-08 12:56:46.156244,0 days 00:00:55.238046,BaggingClassifier,Normalize_Max_0,,"[1, 1, 0, 1, 1, 1, 0, 0, 1, 1, 0, 0, 1, 0, 1, 1, 0, 0, 0, 1, 0, 1, 0, 0, 0, 1, 0, 0, 1, 0, 0, 1, 0, 1, 0, 0, 1, 0, 0, 1, 0, 1, 1, 1, 0, 1, 1, 0, 1]","{'n_estimators': 10, 'max_samples': 0.1, 'max_features': 0.1, 'bootstrap': False, 'bootstrap_features': False}",COMPLETE
1714,0.7612903223350675,2024-07-08 12:55:51.495198,2024-07-08 12:56:30.620282,0 days 00:00:39.125084,GradientBoostingClassifier,Normalize_L1_1,,"[1, 0, 0, 1, 0, 1, 0, 1, 1, 1, 1, 1, 1, 0, 0, 1, 0, 0, 0, 1, 0, 0, 0, 1, 0, 0, 1, 1, 1, 0, 0, 1, 1, 0, 0, 0, 1, 1, 0, 1, 1, 1, 1, 1, 1, 1, 0, 0, 0]","{'n_estimators': 100, 'learning_rate': 0.1, 'max_depth': 9, 'min_samples_split': 5, 'min_samples_leaf': 1, 'subsample': 0.5, 'max_features': 'log2'}",COMPLETE
1715,0.0,2024-07-08 12:55:51.792198,2024-07-08 12:56:32.192250,0 days 00:00:40.400052,GradientBoostingClassifier,Normalize_L1_1,,"[0, 1, 1, 1, 0, 0, 0, 1, 0, 1, 0, 0, 1, 1, 1, 0, 1, 0, 1, 1, 0, 0, 1, 0, 0, 1, 1, 1, 1, 1, 1, 1, 1, 1, 0, 1, 0, 1, 1, 1, 0, 1, 0, 0, 1, 0, 1, 0, 1]","{'n_estimators': 200, 'learning_rate': 10.0, 'max_depth': 5, 'min_samples_split': 100, 'min_samples_leaf': 1, 'subsample': 0.5, 'max_features': 'auto'}",COMPLETE
1716,0.7967741932913631,2024-07-08 12:55:53.044198,2024-07-08 12:56:38.930244,0 days 00:00:45.886046,BaggingClassifier,Normalize_L1_1,,"[1, 0, 0, 0, 1, 0, 0, 1, 1, 1, 0, 1, 0, 1, 0, 0, 0, 1, 0, 0, 0, 0, 0, 1, 1, 0, 0, 1, 0, 1, 0, 1, 1, 0, 1, 0, 0, 0, 1, 0, 1, 1, 0, 1, 1, 1, 0, 1, 0]","{'n_estimators': 50, 'max_samples': 0.1, 'max_features': 1.0, 'bootstrap': True, 'bootstrap_features': True}",COMPLETE
1717,0.7193548384776274,2024-07-08 12:55:53.512199,2024-07-08 12:56:24.928206,0 days 00:00:31.416007,KNeighborsClassifier,Normalize_L1_1,,"[0, 0, 0, 1, 1, 1, 1, 0, 1, 0, 1, 0, 1, 1, 0, 1, 0, 1, 1, 0, 0, 0, 1, 0, 1, 1, 0, 0, 0, 0, 0, 1, 0, 1, 0, 1, 1, 1, 0, 0, 0, 0, 0, 1, 0, 0, 1, 0, 0]","{'n_neighbors': 3, 'weights': 'uniform', 'algorithm': 'brute', 'leaf_size': 40, 'p': 1, 'metric': 'minkowski'}",COMPLETE
1718,0.7838709674890738,2024-07-08 12:55:55.585227,2024-07-08 12:56:31.600267,0 days 00:00:36.015040,BaggingClassifier,Normalize_L1_1,,"[0, 0, 0, 0, 0, 1, 0, 1, 1, 1, 0, 1, 1, 1, 1, 0, 0, 0, 1, 0, 0, 0, 1, 0, 0, 0, 0, 0, 0, 0, 0, 0, 0, 0, 0, 1, 1, 1, 0, 0, 1, 1, 0, 1, 0, 1, 1, 1, 0]","{'n_estimators': 50, 'max_samples': 0.1, 'max_features': 1.0, 'bootstrap': True, 'bootstrap_features': False}",COMPLETE
1719,0.7612903223350675,2024-07-08 12:56:07.640199,2024-07-08 12:56:31.723243,0 days 00:00:24.083044,GradientBoostingClassifier,Normalize_L1_1,,"[0, 1, 1, 0, 0, 1, 1, 1, 1, 1, 0, 1, 1, 0, 1, 1, 0, 0, 1, 1, 1, 1, 0, 1, 0, 1, 0, 1, 1, 1, 1, 0, 1, 0, 1, 1, 0, 1, 1, 0, 1, 1, 1, 0, 0, 1, 1, 0, 1]","{'n_estimators': 10, 'learning_rate': 1.0, 'max_depth': 7, 'min_samples_split': 100, 'min_samples_leaf': 2, 'subsample': 1.0, 'max_features': 'log2'}",COMPLETE
1720,0.7709677416867845,2024-07-08 12:56:07.991200,2024-07-08 12:56:31.527251,0 days 00:00:23.536051,BaggingClassifier,Normalize_L1_1,,"[1, 1, 1, 1, 1, 1, 0, 1, 0, 1, 1, 1, 0, 1, 0, 1, 0, 1, 0, 1, 1, 0, 1, 1, 0, 1, 0, 0, 0, 0, 0, 0, 1, 0, 1, 1, 0, 1, 1, 0, 0, 0, 0, 0, 0, 0, 1, 0, 1]","{'n_estimators': 500, 'max_samples': 0.5, 'max_features': 0.5, 'bootstrap': False, 'bootstrap_features': False}",COMPLETE
1721,0.7774193545879292,2024-07-08 12:56:09.273201,2024-07-08 12:56:24.140200,0 days 00:00:14.866999,KNeighborsClassifier,Normalize_L1_1,,"[0, 0, 0, 1, 1, 1, 0, 0, 0, 1, 1, 0, 0, 0, 0, 1, 1, 0, 1, 1, 0, 0, 1, 1, 0, 1, 0, 0, 0, 1, 1, 1, 1, 1, 1, 0, 1, 0, 1, 0, 0, 1, 0, 1, 0, 1, 1, 1, 0]","{'n_neighbors': 5, 'weights': 'uniform', 'algorithm': 'ball_tree', 'leaf_size': 60, 'p': 1, 'metric': 'euclidean'}",COMPLETE
1722,0.7838709674890738,2024-07-08 12:56:11.435243,2024-07-08 12:56:32.118291,0 days 00:00:20.683048,BaggingClassifier,Normalize_Max_1,,"[1, 0, 1, 0, 1, 0, 1, 0, 0, 0, 1, 1, 1, 1, 0, 0, 0, 1, 1, 0, 1, 0, 0, 1, 1, 1, 1, 1, 0, 1, 1, 1, 0, 1, 0, 1, 1, 0, 1, 1, 1, 0, 1, 0, 0, 1, 0, 1, 1]","{'n_estimators': 50, 'max_samples': 0.1, 'max_features': 1.0, 'bootstrap': True, 'bootstrap_features': False}",COMPLETE
1723,0.6935483868730489,2024-07-08 12:56:11.498242,2024-07-08 12:56:49.597273,0 days 00:00:38.099031,BaggingClassifier,Normalize_Max_0,,"[0, 1, 1, 0, 0, 0, 1, 0, 0, 1, 1, 1, 1, 1, 0, 1, 0, 0, 0, 0, 1, 0, 0, 1, 1, 1, 1, 0, 1, 1, 1, 0, 1, 1, 1, 1, 0, 0, 1, 0, 0, 0, 1, 0, 0, 0, 0, 0, 1]","{'n_estimators': 50, 'max_samples': 0.5, 'max_features': 0.1, 'bootstrap': False, 'bootstrap_features': True}",COMPLETE
1724,0.7709677416867845,2024-07-08 12:56:11.556202,2024-07-08 12:56:24.632200,0 days 00:00:13.075998,KNeighborsClassifier,Normalize_L1_1,,"[0, 0, 1, 0, 1, 1, 0, 0, 1, 0, 1, 0, 0, 0, 0, 1, 1, 0, 0, 0, 1, 1, 1, 0, 1, 1, 0, 0, 1, 1, 0, 1, 0, 1, 1, 1, 0, 0, 0, 0, 0, 1, 1, 0, 1, 1, 1, 0, 0]","{'n_neighbors': 20, 'weights': 'distance', 'algorithm': 'brute', 'leaf_size': 20, 'p': 1, 'metric': 'manhattan'}",COMPLETE
1725,0.7838709674890738,2024-07-08 12:56:13.226216,2024-07-08 12:56:26.939254,0 days 00:00:13.713038,KNeighborsClassifier,Normalize_L1_1,,"[0, 1, 1, 1, 1, 1, 0, 0, 0, 1, 1, 1, 1, 0, 1, 1, 0, 0, 1, 1, 1, 1, 1, 0, 0, 0, 1, 1, 0, 1, 0, 0, 0, 1, 1, 0, 1, 0, 0, 0, 1, 0, 1, 1, 1, 0, 1, 0, 1]","{'n_neighbors': 20, 'weights': 'uniform', 'algorithm': 'brute', 'leaf_size': 10, 'p': 2, 'metric': 'euclidean'}",COMPLETE
1726,0.0,2024-07-08 12:56:13.345228,2024-07-08 12:56:26.953251,0 days 00:00:13.608023,GradientBoostingClassifier,Normalize_L1_1,,"[1, 1, 1, 0, 1, 0, 1, 1, 0, 1, 1, 0, 1, 0, 1, 0, 0, 1, 0, 0, 0, 1, 1, 0, 1, 1, 1, 1, 0, 1, 0, 0, 0, 1, 0, 1, 0, 0, 0, 1, 1, 0, 1, 1, 0, 0, 0, 0, 1]","{'n_estimators': 50, 'learning_rate': 0.5, 'max_depth': 7, 'min_samples_split': 2, 'min_samples_leaf': 100, 'subsample': 0.5, 'max_features': 'auto'}",COMPLETE
1727,0.7612903223350675,2024-07-08 12:56:13.350216,2024-07-08 12:56:41.880242,0 days 00:00:28.530026,BaggingClassifier,Normalize_Max_1,,"[1, 1, 0, 0, 1, 0, 0, 0, 0, 0, 1, 0, 1, 1, 0, 1, 1, 1, 0, 0, 1, 1, 1, 1, 0, 0, 1, 0, 1, 0, 1, 1, 0, 1, 0, 1, 1, 1, 1, 1, 1, 0, 0, 1, 1, 0, 0, 1, 0]","{'n_estimators': 200, 'max_samples': 1.0, 'max_features': 0.1, 'bootstrap': False, 'bootstrap_features': False}",COMPLETE
