number,value,datetime_start,datetime_complete,duration,params_model,params_normTechnique,params_sampleTechnique,user_attrs_binIndices,user_attrs_hyperparams,state
1076,0.7935483868407908,2024-07-08 12:45:01.279098,2024-07-08 12:45:23.521140,0 days 00:00:22.242042,XGBClassifier,Normalize_L1_0,,"[1, 0, 0, 0, 0, 1, 0, 0, 0, 0, 1, 1, 1, 0, 1, 1, 0, 1, 1, 0, 0, 1, 0, 1, 1, 1, 0, 0, 1, 0, 0, 1, 1, 0, 1, 0, 1, 0, 1, 0, 0, 1, 1, 1, 0, 1, 1, 0, 0]","{'n_estimators': 50, 'learning_rate': 10.0, 'max_depth': 9, 'min_child_weight': 5, 'subsample': 0.7, 'colsample_bytree': 0.7, 'gamma': 0.1, 'reg_alpha': 0.1, 'reg_lambda': 0.0}",COMPLETE
1077,0.7419354836316336,2024-07-08 12:45:01.399138,2024-07-08 12:45:29.041137,0 days 00:00:27.641999,XGBClassifier,Normalize_L1_1,,"[0, 1, 0, 1, 0, 1, 0, 1, 0, 0, 0, 0, 0, 0, 0, 0, 0, 0, 0, 0, 1, 0, 0, 0, 1, 1, 0, 0, 0, 0, 0, 0, 1, 1, 1, 1, 0, 0, 0, 0, 1, 0, 0, 0, 1, 1, 1, 0, 0]","{'n_estimators': 1000, 'learning_rate': 0.1, 'max_depth': 5, 'min_child_weight': 10, 'subsample': 0.5, 'colsample_bytree': 0.7, 'gamma': 0.1, 'reg_alpha': 0.0, 'reg_lambda': 0.0}",COMPLETE
1078,0.7935483868407908,2024-07-08 12:45:02.007122,2024-07-08 12:45:25.286096,0 days 00:00:23.278974,XGBClassifier,Normalize_L1_0,,"[0, 0, 0, 1, 0, 1, 1, 0, 0, 0, 0, 1, 1, 1, 0, 0, 0, 0, 0, 0, 1, 1, 0, 1, 1, 0, 1, 1, 0, 0, 0, 0, 1, 0, 0, 0, 0, 1, 1, 1, 1, 0, 1, 1, 0, 0, 0, 0, 0]","{'n_estimators': 100, 'learning_rate': 0.1, 'max_depth': 7, 'min_child_weight': 10, 'subsample': 0.7, 'colsample_bytree': 0.7, 'gamma': 0.0, 'reg_alpha': 1.0, 'reg_lambda': 1.0}",COMPLETE
1079,0.7645161287856399,2024-07-08 12:45:02.356094,2024-07-08 12:45:22.704122,0 days 00:00:20.348028,XGBClassifier,Normalize_L2_1,,"[1, 1, 1, 1, 0, 0, 0, 0, 0, 0, 0, 0, 1, 1, 0, 0, 1, 1, 1, 1, 0, 1, 0, 1, 0, 0, 0, 0, 1, 0, 1, 0, 1, 0, 1, 0, 1, 0, 1, 1, 1, 1, 0, 0, 0, 0, 1, 1, 0]","{'n_estimators': 1000, 'learning_rate': 0.5, 'max_depth': 9, 'min_child_weight': 3, 'subsample': 1.0, 'colsample_bytree': 0.5, 'gamma': 0.5, 'reg_alpha': 1.0, 'reg_lambda': 0.1}",COMPLETE
1080,0.4451612901789802,2024-07-08 12:45:02.653127,2024-07-08 12:45:25.531125,0 days 00:00:22.877998,XGBClassifier,Normalize_L1_1,,"[0, 0, 1, 1, 1, 0, 1, 0, 1, 1, 1, 0, 0, 1, 1, 0, 1, 0, 1, 0, 1, 1, 1, 0, 1, 1, 0, 0, 0, 1, 1, 1, 1, 0, 0, 1, 1, 1, 1, 0, 1, 0, 1, 0, 0, 1, 1, 1, 0]","{'n_estimators': 100, 'learning_rate': 10.0, 'max_depth': 3, 'min_child_weight': 10, 'subsample': 1.0, 'colsample_bytree': 0.5, 'gamma': 1.0, 'reg_alpha': 0.1, 'reg_lambda': 0.0}",COMPLETE
1081,0.7870967739396462,2024-07-08 12:45:03.023139,2024-07-08 12:45:24.637123,0 days 00:00:21.613984,XGBClassifier,Normalize_L1_0,,"[0, 1, 1, 0, 0, 1, 0, 1, 1, 0, 0, 0, 1, 0, 1, 1, 0, 0, 0, 1, 1, 1, 1, 1, 1, 1, 0, 0, 0, 1, 1, 0, 0, 0, 0, 0, 0, 1, 0, 0, 1, 0, 0, 1, 1, 0, 0, 0, 0]","{'n_estimators': 100, 'learning_rate': 0.1, 'max_depth': 7, 'min_child_weight': 1, 'subsample': 1.0, 'colsample_bytree': 0.5, 'gamma': 0.0, 'reg_alpha': 0.0, 'reg_lambda': 1.0}",COMPLETE
1082,0.7935483868407908,2024-07-08 12:45:03.405124,2024-07-08 12:45:24.647139,0 days 00:00:21.242015,XGBClassifier,Normalize_L1_0,,"[0, 1, 0, 1, 0, 1, 1, 1, 0, 1, 1, 1, 1, 0, 0, 0, 1, 1, 0, 1, 1, 1, 0, 1, 0, 1, 0, 0, 0, 1, 0, 1, 1, 0, 1, 0, 1, 0, 1, 1, 1, 1, 1, 1, 0, 1, 0, 1, 1]","{'n_estimators': 100, 'learning_rate': 0.01, 'max_depth': 5, 'min_child_weight': 1, 'subsample': 0.5, 'colsample_bytree': 0.5, 'gamma': 1.0, 'reg_alpha': 1.0, 'reg_lambda': 0.1}",COMPLETE
1083,0.7903225803902184,2024-07-08 12:45:03.569142,2024-07-08 12:45:25.277129,0 days 00:00:21.707987,XGBClassifier,Normalize_L1_1,,"[0, 1, 1, 1, 1, 1, 1, 0, 0, 0, 1, 1, 1, 0, 1, 1, 0, 0, 0, 0, 0, 1, 1, 1, 1, 0, 1, 0, 1, 1, 1, 0, 0, 1, 1, 1, 0, 1, 0, 0, 1, 1, 1, 1, 0, 0, 1, 1, 0]","{'n_estimators': 200, 'learning_rate': 0.01, 'max_depth': 3, 'min_child_weight': 5, 'subsample': 0.5, 'colsample_bytree': 0.7, 'gamma': 0.5, 'reg_alpha': 1.0, 'reg_lambda': 1.0}",COMPLETE
1084,0.0,2024-07-08 12:45:04.323124,2024-07-08 12:45:27.314098,0 days 00:00:22.990974,XGBClassifier,Normalize_L1_1,KMeansSMOTE,,"{'n_estimators': 10, 'learning_rate': 10.0, 'max_depth': 7, 'min_child_weight': 10, 'subsample': 1.0, 'colsample_bytree': 1.0, 'gamma': 0.0, 'reg_alpha': 0.0, 'reg_lambda': 0.1}",COMPLETE
1085,0.0,2024-07-08 12:45:07.148125,2024-07-08 12:45:26.421138,0 days 00:00:19.273013,XGBClassifier,Normalize_L1_1,KMeansSMOTE,,"{'n_estimators': 50, 'learning_rate': 1.0, 'max_depth': 9, 'min_child_weight': 10, 'subsample': 0.7, 'colsample_bytree': 0.7, 'gamma': 1.0, 'reg_alpha': 1.0, 'reg_lambda': 1.0}",COMPLETE
1086,0.0,2024-07-08 12:45:11.090144,2024-07-08 12:45:32.382166,0 days 00:00:21.292022,SVC,MinMaxScaler,RandomOverSampler,"[1, 0, 1, 1, 1, 1, 1, 0, 0, 0, 0, 1, 0, 1, 1, 1, 0, 1, 0, 0, 0, 1, 0, 1, 1, 0, 1, 0, 1, 1, 1, 1, 1, 0, 1, 1, 1, 1, 0, 1, 1, 1, 0, 0, 0, 0, 1, 1, 0]","{'C': 1.0, 'kernel': 'sigmoid', 'degree': 2, 'gamma': '0.001', 'coef0': 0.0, 'shrinking': True, 'probability': True, 'class_weight': None, 'decision_function_shape': 'ovr'}",COMPLETE
1087,0.7741935481373569,2024-07-08 12:45:15.201138,2024-07-08 12:45:29.855149,0 days 00:00:14.654011,XGBClassifier,Normalize_L1_1,,"[0, 0, 1, 1, 1, 0, 0, 1, 1, 1, 1, 1, 0, 0, 0, 0, 1, 0, 1, 0, 0, 0, 1, 0, 1, 0, 0, 1, 1, 0, 1, 0, 1, 0, 1, 1, 0, 0, 0, 1, 1, 1, 1, 1, 1, 0, 1, 0, 1]","{'n_estimators': 200, 'learning_rate': 1.0, 'max_depth': 9, 'min_child_weight': 10, 'subsample': 1.0, 'colsample_bytree': 0.7, 'gamma': 0.1, 'reg_alpha': 1.0, 'reg_lambda': 0.0}",COMPLETE
1088,0.0,2024-07-08 12:45:15.523124,2024-07-08 12:45:30.469123,0 days 00:00:14.945999,MLPClassifier,,,,,COMPLETE
1089,0.0,2024-07-08 12:45:18.018127,2024-07-08 12:45:33.867181,0 days 00:00:15.849054,XGBClassifier,,RandomOverSampler,,"{'n_estimators': 200, 'learning_rate': 0.5, 'max_depth': 7, 'min_child_weight': 10, 'subsample': 1.0, 'colsample_bytree': 0.5, 'gamma': 0.1, 'reg_alpha': 1.0, 'reg_lambda': 0.0}",COMPLETE
1090,0.4290322579261186,2024-07-08 12:45:18.121125,2024-07-08 12:45:33.743166,0 days 00:00:15.622041,KNeighborsClassifier,Normalize_Max_1,NearMiss,"[1, 0, 0, 1, 1, 0, 0, 1, 0, 1, 0, 0, 1, 1, 0, 1, 1, 1, 0, 0, 0, 0, 1, 1, 0, 1, 0, 1, 1, 0, 0, 1, 0, 0, 0, 1, 0, 0, 0, 0, 0, 0, 0, 1, 1, 0, 1, 1, 1]","{'n_neighbors': 15, 'weights': 'uniform', 'algorithm': 'brute', 'leaf_size': 50, 'p': 1, 'metric': 'euclidean'}",COMPLETE
1091,0.40645161277211234,2024-07-08 12:45:18.203124,2024-07-08 12:45:29.977122,0 days 00:00:11.773998,XGBClassifier,Normalize_L1_1,NearMiss,"[0, 1, 0, 0, 1, 0, 1, 1, 0, 0, 0, 0, 1, 1, 0, 1, 1, 1, 1, 0, 1, 1, 1, 0, 1, 1, 1, 1, 0, 0, 0, 0, 0, 1, 1, 0, 1, 0, 0, 0, 1, 1, 0, 1, 0, 0, 1, 1, 0]","{'n_estimators': 500, 'learning_rate': 1.0, 'max_depth': 9, 'min_child_weight': 3, 'subsample': 1.0, 'colsample_bytree': 0.7, 'gamma': 0.0, 'reg_alpha': 0.0, 'reg_lambda': 0.0}",COMPLETE
1092,0.6967741933236212,2024-07-08 12:45:18.394126,2024-07-08 12:45:29.227122,0 days 00:00:10.832996,KNeighborsClassifier,Normalize_L1_1,TomekLinks,"[0, 0, 1, 1, 0, 1, 1, 0, 1, 1, 1, 0, 1, 0, 0, 0, 1, 1, 1, 0, 0, 1, 0, 1, 0, 1, 1, 1, 1, 1, 0, 0, 0, 1, 0, 1, 1, 0, 0, 0, 0, 1, 1, 1, 0, 1, 0, 1, 1]","{'n_neighbors': 3, 'weights': 'uniform', 'algorithm': 'auto', 'leaf_size': 30, 'p': 2, 'metric': 'minkowski'}",COMPLETE
1093,0.7322580642799167,2024-07-08 12:45:20.205092,2024-07-08 12:45:28.193121,0 days 00:00:07.988029,KNeighborsClassifier,Normalize_Max_1,TomekLinks,"[1, 0, 1, 1, 1, 1, 0, 0, 0, 0, 0, 0, 1, 0, 0, 0, 0, 0, 1, 0, 1, 0, 0, 0, 0, 1, 1, 0, 1, 0, 0, 0, 1, 1, 0, 0, 0, 0, 1, 0, 0, 1, 1, 0, 1, 0, 0, 0, 0]","{'n_neighbors': 20, 'weights': 'distance', 'algorithm': 'auto', 'leaf_size': 50, 'p': 2, 'metric': 'euclidean'}",COMPLETE
1094,0.41935483857440164,2024-07-08 12:45:20.618150,2024-07-08 12:45:29.337123,0 days 00:00:08.718973,KNeighborsClassifier,Normalize_L1_1,NearMiss,"[1, 1, 1, 0, 0, 1, 1, 0, 1, 0, 1, 0, 0, 0, 1, 1, 1, 0, 0, 1, 1, 1, 1, 0, 0, 1, 0, 0, 0, 1, 1, 1, 1, 0, 1, 0, 1, 0, 0, 0, 0, 1, 1, 1, 0, 1, 1, 0, 1]","{'n_neighbors': 7, 'weights': 'uniform', 'algorithm': 'kd_tree', 'leaf_size': 60, 'p': 2, 'metric': 'euclidean'}",COMPLETE
1095,0.7935483868407908,2024-07-08 12:45:22.337123,2024-07-08 12:45:32.215181,0 days 00:00:09.878058,SVC,Normalize_Max_1,NearMiss,"[1, 0, 1, 1, 0, 0, 0, 1, 0, 1, 1, 1, 1, 1, 0, 1, 0, 1, 0, 0, 0, 1, 0, 0, 1, 1, 0, 0, 0, 1, 1, 0, 0, 0, 0, 1, 0, 1, 0, 1, 0, 0, 1, 1, 1, 0, 0, 1, 0]","{'C': 100.0, 'kernel': 'poly', 'degree': 6, 'gamma': 'auto', 'coef0': 2.0, 'shrinking': True, 'probability': True, 'class_weight': None, 'decision_function_shape': 'ovr'}",COMPLETE
1096,0.0,2024-07-08 12:45:22.450124,2024-07-08 12:45:33.624164,0 days 00:00:11.174040,XGBClassifier,,,,"{'n_estimators': 200, 'learning_rate': 0.5, 'max_depth': 5, 'min_child_weight': 1, 'subsample': 0.7, 'colsample_bytree': 1.0, 'gamma': 0.1, 'reg_alpha': 0.0, 'reg_lambda': 0.1}",COMPLETE
1097,0.0,2024-07-08 12:45:22.534122,2024-07-08 12:45:28.639125,0 days 00:00:06.105003,SVC,Normalize_L1_1,NearMiss,"[1, 0, 1, 1, 1, 1, 1, 1, 1, 1, 1, 1, 0, 1, 0, 0, 1, 1, 0, 0, 1, 1, 0, 0, 1, 0, 0, 0, 0, 0, 0, 0, 1, 0, 0, 1, 1, 0, 0, 0, 1, 1, 1, 1, 0, 0, 1, 1, 1]","{'C': 1.0, 'kernel': 'rbf', 'degree': 5, 'gamma': '0.01', 'coef0': 0.1, 'shrinking': False, 'probability': True, 'class_weight': 'balanced', 'decision_function_shape': 'ovo'}",COMPLETE
1098,0.6838709675213319,2024-07-08 12:45:22.827124,2024-07-08 12:45:54.187139,0 days 00:00:31.360015,XGBClassifier,Normalize_L1_1,,"[1, 1, 0, 0, 0, 1, 0, 0, 1, 1, 0, 1, 1, 0, 1, 1, 0, 0, 1, 0, 0, 0, 0, 1, 0, 1, 0, 1, 1, 0, 0, 0, 0, 1, 0, 1, 0, 0, 0, 0, 0, 0, 1, 1, 0, 1, 1, 1, 1]","{'n_estimators': 500, 'learning_rate': 1.0, 'max_depth': 7, 'min_child_weight': 1, 'subsample': 1.0, 'colsample_bytree': 1.0, 'gamma': 0.1, 'reg_alpha': 0.1, 'reg_lambda': 0.0}",COMPLETE
1099,0.7580645158844953,2024-07-08 12:45:23.651131,2024-07-08 12:45:31.143160,0 days 00:00:07.492029,XGBClassifier,Normalize_Max_1,,"[0, 0, 0, 1, 0, 0, 1, 1, 1, 0, 0, 1, 1, 0, 1, 1, 0, 0, 1, 1, 1, 1, 0, 0, 0, 1, 1, 1, 0, 1, 1, 0, 0, 0, 1, 1, 1, 1, 0, 1, 1, 1, 0, 1, 0, 0, 1, 1, 0]","{'n_estimators': 500, 'learning_rate': 0.1, 'max_depth': 3, 'min_child_weight': 5, 'subsample': 0.7, 'colsample_bytree': 0.7, 'gamma': 0.5, 'reg_alpha': 0.0, 'reg_lambda': 0.0}",COMPLETE
1100,0.6258064514110301,2024-07-08 12:45:23.919142,2024-07-08 12:45:52.954165,0 days 00:00:29.035023,XGBClassifier,Normalize_L1_1,,"[1, 0, 1, 0, 1, 1, 0, 0, 1, 1, 0, 0, 0, 1, 1, 1, 1, 1, 0, 1, 1, 1, 0, 0, 0, 1, 1, 0, 0, 1, 1, 1, 0, 0, 0, 0, 1, 1, 0, 0, 0, 1, 1, 1, 1, 1, 1, 0, 1]","{'n_estimators': 1000, 'learning_rate': 1.0, 'max_depth': 5, 'min_child_weight': 1, 'subsample': 1.0, 'colsample_bytree': 0.7, 'gamma': 0.0, 'reg_alpha': 0.0, 'reg_lambda': 0.0}",COMPLETE
1101,0.6774193546201872,2024-07-08 12:45:23.974138,2024-07-08 12:45:33.916182,0 days 00:00:09.942044,XGBClassifier,Normalize_L1_1,RandomOverSampler,"[1, 0, 0, 0, 0, 0, 1, 1, 0, 1, 1, 1, 1, 0, 0, 0, 0, 1, 0, 0, 0, 0, 0, 1, 1, 0, 0, 1, 1, 1, 0, 1, 1, 1, 0, 0, 0, 1, 0, 0, 1, 0, 1, 0, 1, 1, 1, 0, 1]","{'n_estimators': 10, 'learning_rate': 0.1, 'max_depth': 5, 'min_child_weight': 1, 'subsample': 0.5, 'colsample_bytree': 0.5, 'gamma': 0.1, 'reg_alpha': 0.1, 'reg_lambda': 0.0}",COMPLETE
1102,0.0,2024-07-08 12:45:24.473137,2024-07-08 12:45:30.285140,0 days 00:00:05.812003,SVC,MinMaxScaler,TomekLinks,"[1, 0, 1, 1, 1, 0, 0, 1, 1, 1, 1, 1, 1, 1, 0, 0, 1, 0, 1, 0, 0, 0, 0, 1, 1, 1, 1, 0, 1, 1, 1, 0, 1, 0, 1, 0, 0, 0, 1, 0, 1, 1, 0, 1, 1, 0, 1, 0, 0]","{'C': 100.0, 'kernel': 'poly', 'degree': 2, 'gamma': '0.1', 'coef0': 1.0, 'shrinking': False, 'probability': False, 'class_weight': 'balanced', 'decision_function_shape': 'ovr'}",COMPLETE
1103,0.7612903223350675,2024-07-08 12:45:24.976127,2024-07-08 12:45:35.005165,0 days 00:00:10.029038,XGBClassifier,Normalize_L1_1,,"[1, 0, 0, 1, 0, 0, 1, 0, 1, 1, 1, 0, 0, 0, 0, 0, 1, 0, 1, 0, 0, 0, 1, 1, 1, 0, 1, 0, 0, 1, 0, 1, 1, 1, 1, 0, 0, 1, 1, 1, 0, 1, 1, 0, 0, 0, 1, 1, 1]","{'n_estimators': 50, 'learning_rate': 0.1, 'max_depth': 7, 'min_child_weight': 1, 'subsample': 0.5, 'colsample_bytree': 1.0, 'gamma': 0.1, 'reg_alpha': 0.1, 'reg_lambda': 1.0}",COMPLETE
1104,0.0,2024-07-08 12:45:25.134123,2024-07-08 12:45:34.374165,0 days 00:00:09.240042,MLPClassifier,,,,,COMPLETE
1105,0.42258064502497394,2024-07-08 12:45:25.452127,2024-07-08 12:45:33.787177,0 days 00:00:08.335050,XGBClassifier,Normalize_L1_1,RandomOverSampler,"[1, 0, 0, 1, 1, 1, 0, 0, 0, 1, 1, 0, 1, 1, 0, 1, 1, 0, 1, 0, 0, 0, 0, 0, 1, 1, 0, 1, 1, 0, 1, 0, 0, 1, 0, 0, 0, 1, 0, 0, 1, 0, 1, 1, 0, 0, 0, 1, 1]","{'n_estimators': 50, 'learning_rate': 10.0, 'max_depth': 7, 'min_child_weight': 5, 'subsample': 0.5, 'colsample_bytree': 0.5, 'gamma': 1.0, 'reg_alpha': 0.0, 'reg_lambda': 0.0}",COMPLETE
1106,0.6548387094661811,2024-07-08 12:45:26.010125,2024-07-08 12:45:32.329164,0 days 00:00:06.319039,XGBClassifier,Normalize_L1_1,RandomOverSampler,"[0, 0, 1, 1, 0, 0, 1, 1, 0, 1, 0, 0, 1, 0, 1, 0, 0, 0, 1, 1, 0, 0, 1, 1, 1, 1, 0, 0, 0, 1, 0, 1, 1, 1, 0, 1, 1, 0, 0, 1, 0, 0, 1, 1, 1, 1, 0, 1, 0]","{'n_estimators': 100, 'learning_rate': 1.0, 'max_depth': 5, 'min_child_weight': 10, 'subsample': 1.0, 'colsample_bytree': 0.5, 'gamma': 0.5, 'reg_alpha': 0.0, 'reg_lambda': 0.1}",COMPLETE
1107,0.0,2024-07-08 12:45:26.187126,2024-07-08 12:45:31.737165,0 days 00:00:05.550039,MLPClassifier,,,,,COMPLETE
1108,0.0,2024-07-08 12:45:26.256138,2024-07-08 12:45:32.277176,0 days 00:00:06.021038,MLPClassifier,,,,,COMPLETE
1109,0.6935483868730489,2024-07-08 12:45:27.046128,2024-07-08 12:45:42.313135,0 days 00:00:15.267007,XGBClassifier,Normalize_L1_1,,"[1, 0, 0, 1, 0, 0, 0, 0, 1, 0, 1, 1, 0, 0, 0, 1, 0, 0, 1, 1, 0, 0, 1, 0, 0, 0, 1, 0, 1, 0, 0, 0, 0, 0, 0, 1, 0, 0, 0, 1, 0, 1, 1, 0, 1, 0, 0, 1, 1]","{'n_estimators': 200, 'learning_rate': 1.0, 'max_depth': 5, 'min_child_weight': 5, 'subsample': 0.5, 'colsample_bytree': 0.5, 'gamma': 1.0, 'reg_alpha': 0.0, 'reg_lambda': 0.0}",COMPLETE
1110,0.0,2024-07-08 12:45:27.167123,2024-07-08 12:45:33.122177,0 days 00:00:05.955054,XGBClassifier,,,,"{'n_estimators': 100, 'learning_rate': 10.0, 'max_depth': 7, 'min_child_weight': 1, 'subsample': 0.5, 'colsample_bytree': 1.0, 'gamma': 0.0, 'reg_alpha': 0.0, 'reg_lambda': 0.1}",COMPLETE
1111,0.6290322578616024,2024-07-08 12:45:27.543124,2024-07-08 12:45:53.047178,0 days 00:00:25.504054,BaggingClassifier,MaxAbsScaler,,"[0, 1, 0, 0, 1, 1, 0, 0, 1, 1, 1, 0, 0, 0, 1, 1, 0, 0, 0, 0, 0, 1, 0, 1, 1, 1, 0, 0, 0, 0, 0, 0, 0, 1, 1, 1, 1, 1, 0, 0, 0, 0, 1, 1, 1, 1, 1, 0, 0]","{'n_estimators': 100, 'max_samples': 1.0, 'max_features': 0.1, 'bootstrap': True, 'bootstrap_features': False}",COMPLETE
1112,0.6709677417190426,2024-07-08 12:45:27.624143,2024-07-08 12:45:55.476227,0 days 00:00:27.852084,XGBClassifier,Normalize_L1_1,,"[0, 0, 0, 0, 0, 0, 1, 1, 1, 0, 0, 1, 1, 0, 1, 1, 1, 0, 1, 0, 0, 1, 0, 1, 0, 1, 1, 0, 0, 0, 1, 1, 0, 0, 0, 1, 1, 1, 0, 0, 1, 1, 1, 0, 0, 1, 1, 1, 0]","{'n_estimators': 50, 'learning_rate': 0.5, 'max_depth': 7, 'min_child_weight': 3, 'subsample': 0.7, 'colsample_bytree': 0.7, 'gamma': 0.1, 'reg_alpha': 0.0, 'reg_lambda': 0.0}",COMPLETE
1113,0.0,2024-07-08 12:45:27.720122,2024-07-08 12:46:01.123228,0 days 00:00:33.403106,XGBClassifier,,,,"{'n_estimators': 500, 'learning_rate': 0.1, 'max_depth': 3, 'min_child_weight': 5, 'subsample': 1.0, 'colsample_bytree': 0.5, 'gamma': 0.0, 'reg_alpha': 0.0, 'reg_lambda': 1.0}",COMPLETE
1114,0.7645161287856399,2024-07-08 12:45:27.780123,2024-07-08 12:45:54.647163,0 days 00:00:26.867040,BaggingClassifier,Normalize_L1_1,,"[0, 0, 1, 1, 1, 1, 0, 1, 1, 0, 1, 1, 0, 1, 0, 0, 1, 1, 0, 0, 0, 1, 1, 0, 1, 1, 0, 1, 0, 0, 0, 1, 1, 1, 0, 0, 1, 0, 0, 0, 0, 0, 0, 0, 1, 1, 0, 0, 0]","{'n_estimators': 1000, 'max_samples': 1.0, 'max_features': 0.1, 'bootstrap': True, 'bootstrap_features': False}",COMPLETE
1115,0.745161290082206,2024-07-08 12:45:27.903137,2024-07-08 12:46:02.840212,0 days 00:00:34.937075,BaggingClassifier,Normalize_L2_1,,"[0, 0, 1, 1, 1, 0, 1, 0, 0, 1, 0, 1, 1, 1, 0, 1, 0, 1, 1, 0, 0, 0, 1, 0, 0, 0, 1, 1, 1, 1, 1, 0, 1, 1, 0, 1, 1, 1, 1, 1, 0, 1, 0, 0, 1, 0, 1, 0, 0]","{'n_estimators': 50, 'max_samples': 1.0, 'max_features': 0.5, 'bootstrap': False, 'bootstrap_features': True}",COMPLETE
1116,0.6516129030156087,2024-07-08 12:45:27.970140,2024-07-08 12:45:58.737226,0 days 00:00:30.767086,BaggingClassifier,MaxAbsScaler,,"[1, 0, 0, 0, 0, 1, 0, 1, 1, 0, 0, 0, 0, 1, 0, 0, 0, 0, 1, 0, 0, 1, 0, 1, 1, 0, 0, 1, 0, 0, 0, 1, 1, 0, 1, 1, 1, 0, 0, 0, 1, 1, 0, 1, 0, 0, 0, 1, 0]","{'n_estimators': 100, 'max_samples': 0.5, 'max_features': 0.5, 'bootstrap': False, 'bootstrap_features': False}",COMPLETE
1117,0.7677419352362123,2024-07-08 12:45:28.472121,2024-07-08 12:45:34.150174,0 days 00:00:05.678053,XGBClassifier,Normalize_L1_1,,"[0, 1, 0, 1, 1, 0, 0, 0, 0, 1, 1, 1, 1, 0, 1, 0, 1, 1, 1, 1, 1, 0, 1, 0, 1, 1, 1, 1, 0, 1, 1, 1, 0, 0, 0, 1, 1, 1, 0, 0, 1, 0, 1, 0, 0, 0, 1, 1, 1]","{'n_estimators': 10, 'learning_rate': 1.0, 'max_depth': 5, 'min_child_weight': 1, 'subsample': 0.7, 'colsample_bytree': 0.7, 'gamma': 0.1, 'reg_alpha': 1.0, 'reg_lambda': 1.0}",COMPLETE
1118,0.6935483868730489,2024-07-08 12:45:28.590135,2024-07-08 12:45:55.787228,0 days 00:00:27.197093,BaggingClassifier,MaxAbsScaler,,"[0, 1, 0, 0, 0, 1, 0, 0, 1, 0, 0, 0, 0, 0, 0, 1, 0, 0, 1, 1, 0, 0, 1, 1, 0, 1, 0, 0, 1, 1, 0, 0, 1, 1, 0, 1, 1, 0, 0, 1, 1, 0, 0, 1, 1, 1, 0, 1, 0]","{'n_estimators': 500, 'max_samples': 0.5, 'max_features': 1.0, 'bootstrap': True, 'bootstrap_features': False}",COMPLETE
1119,0.7999999997419355,2024-07-08 12:45:28.783122,2024-07-08 12:45:55.431211,0 days 00:00:26.648089,BaggingClassifier,Normalize_L1_1,,"[1, 0, 0, 0, 1, 0, 1, 0, 0, 1, 0, 1, 1, 1, 1, 1, 1, 0, 0, 0, 0, 0, 0, 0, 0, 1, 0, 0, 0, 1, 0, 0, 1, 1, 0, 1, 0, 1, 1, 1, 1, 1, 0, 0, 1, 1, 0, 1, 0]","{'n_estimators': 50, 'max_samples': 0.1, 'max_features': 0.1, 'bootstrap': False, 'bootstrap_features': False}",COMPLETE
1120,0.7967741932913631,2024-07-08 12:45:29.282124,2024-07-08 12:45:56.395212,0 days 00:00:27.113088,BaggingClassifier,Normalize_L1_1,,"[0, 1, 1, 1, 0, 1, 1, 1, 0, 1, 0, 0, 1, 1, 1, 0, 0, 1, 1, 0, 1, 1, 1, 0, 0, 1, 1, 1, 1, 1, 1, 0, 1, 1, 0, 1, 0, 1, 1, 1, 0, 0, 0, 0, 0, 0, 0, 0, 1]","{'n_estimators': 200, 'max_samples': 0.1, 'max_features': 0.1, 'bootstrap': True, 'bootstrap_features': False}",COMPLETE
1121,0.6290322578616024,2024-07-08 12:45:29.434126,2024-07-08 12:46:07.851211,0 days 00:00:38.417085,BaggingClassifier,MaxAbsScaler,,"[1, 1, 1, 1, 1, 0, 0, 0, 0, 1, 1, 1, 1, 1, 1, 0, 1, 1, 1, 1, 0, 0, 0, 1, 0, 1, 1, 0, 1, 0, 1, 1, 0, 1, 0, 0, 0, 0, 0, 1, 1, 1, 0, 1, 1, 0, 0, 1, 0]","{'n_estimators': 200, 'max_samples': 1.0, 'max_features': 1.0, 'bootstrap': True, 'bootstrap_features': False}",COMPLETE
1122,0.7741935481373569,2024-07-08 12:45:29.472137,2024-07-08 12:45:57.182212,0 days 00:00:27.710075,BaggingClassifier,Normalize_L1_1,,"[0, 0, 1, 1, 1, 1, 1, 0, 0, 0, 1, 1, 0, 0, 0, 1, 1, 1, 1, 0, 0, 1, 0, 0, 0, 1, 1, 0, 1, 1, 0, 1, 1, 0, 1, 0, 1, 1, 0, 0, 0, 0, 0, 1, 1, 0, 0, 0, 1]","{'n_estimators': 500, 'max_samples': 0.5, 'max_features': 0.1, 'bootstrap': True, 'bootstrap_features': True}",COMPLETE
1123,0.7774193545879292,2024-07-08 12:45:29.514136,2024-07-08 12:45:54.157164,0 days 00:00:24.643028,BaggingClassifier,MaxAbsScaler,,"[1, 0, 0, 0, 0, 1, 1, 1, 1, 1, 0, 0, 0, 0, 1, 0, 1, 1, 1, 0, 0, 0, 0, 0, 1, 0, 1, 0, 0, 1, 1, 1, 1, 1, 0, 0, 0, 0, 1, 1, 0, 1, 1, 0, 1, 1, 1, 1, 0]","{'n_estimators': 100, 'max_samples': 0.1, 'max_features': 0.1, 'bootstrap': False, 'bootstrap_features': False}",COMPLETE
1124,0.7903225803902184,2024-07-08 12:45:29.774123,2024-07-08 12:46:04.592227,0 days 00:00:34.818104,BaggingClassifier,Normalize_L2_1,,"[0, 1, 1, 0, 1, 1, 0, 1, 0, 0, 1, 0, 0, 1, 0, 0, 0, 0, 0, 0, 1, 0, 1, 1, 0, 1, 1, 1, 1, 0, 0, 1, 1, 1, 0, 1, 1, 0, 0, 0, 0, 1, 0, 1, 1, 1, 0, 0, 0]","{'n_estimators': 50, 'max_samples': 0.1, 'max_features': 0.1, 'bootstrap': False, 'bootstrap_features': False}",COMPLETE
1125,0.6290322578616024,2024-07-08 12:45:30.214122,2024-07-08 12:47:23.169847,0 days 00:01:52.955725,BaggingClassifier,MaxAbsScaler,,"[0, 0, 0, 0, 0, 0, 1, 1, 0, 1, 1, 1, 0, 0, 1, 1, 0, 1, 1, 0, 1, 1, 0, 0, 1, 1, 1, 1, 1, 1, 0, 1, 0, 1, 1, 0, 1, 1, 0, 1, 1, 1, 0, 0, 0, 0, 0, 1, 1]","{'n_estimators': 1000, 'max_samples': 1.0, 'max_features': 1.0, 'bootstrap': False, 'bootstrap_features': False}",COMPLETE
1126,0.7935483868407908,2024-07-08 12:45:30.373137,2024-07-08 12:45:54.730171,0 days 00:00:24.357034,BaggingClassifier,MaxAbsScaler,,"[1, 0, 1, 1, 1, 1, 1, 0, 1, 1, 1, 0, 1, 0, 1, 1, 1, 1, 0, 0, 1, 0, 1, 0, 0, 0, 1, 0, 1, 0, 0, 0, 1, 1, 0, 0, 0, 0, 0, 1, 1, 1, 1, 1, 0, 0, 0, 0, 0]","{'n_estimators': 1000, 'max_samples': 0.1, 'max_features': 0.1, 'bootstrap': True, 'bootstrap_features': True}",COMPLETE
1127,0.7774193545879292,2024-07-08 12:45:31.225179,2024-07-08 12:45:56.287213,0 days 00:00:25.062034,BaggingClassifier,MaxAbsScaler,,"[0, 1, 0, 1, 1, 1, 0, 1, 1, 0, 0, 0, 0, 0, 0, 1, 0, 1, 1, 1, 1, 0, 0, 0, 0, 0, 0, 1, 0, 1, 0, 1, 0, 0, 0, 0, 1, 0, 0, 1, 0, 0, 1, 0, 1, 0, 1, 0, 0]","{'n_estimators': 50, 'max_samples': 0.1, 'max_features': 1.0, 'bootstrap': True, 'bootstrap_features': True}",COMPLETE
1128,0.7870967739396462,2024-07-08 12:45:31.398162,2024-07-08 12:45:58.746228,0 days 00:00:27.348066,BaggingClassifier,MaxAbsScaler,,"[1, 1, 1, 1, 1, 0, 1, 0, 1, 0, 1, 0, 0, 0, 1, 0, 1, 0, 1, 1, 0, 0, 1, 0, 1, 1, 1, 1, 0, 0, 1, 1, 0, 0, 1, 1, 1, 1, 1, 0, 1, 0, 0, 1, 1, 1, 1, 0, 0]","{'n_estimators': 1000, 'max_samples': 0.1, 'max_features': 0.5, 'bootstrap': True, 'bootstrap_features': False}",COMPLETE
1129,0.7774193545879292,2024-07-08 12:45:31.452178,2024-07-08 12:46:07.852213,0 days 00:00:36.400035,BaggingClassifier,Normalize_L2_1,,"[0, 1, 1, 0, 1, 1, 0, 1, 1, 0, 1, 0, 0, 1, 1, 0, 0, 0, 1, 0, 1, 1, 1, 0, 1, 0, 1, 0, 1, 1, 1, 1, 1, 1, 1, 0, 0, 0, 1, 1, 0, 0, 0, 0, 0, 0, 1, 1, 0]","{'n_estimators': 200, 'max_samples': 0.5, 'max_features': 1.0, 'bootstrap': True, 'bootstrap_features': True}",COMPLETE
