number,value,datetime_start,datetime_complete,duration,params_model,params_normTechnique,params_sampleTechnique,user_attrs_binIndices,user_attrs_hyperparams,state
563,0.6387096772133194,2024-07-08 12:38:26.254799,2024-07-08 12:39:41.332003,0 days 00:01:15.077204,ExtraTreesClassifier,Normalize_L2_1,SMOTETomek,"[1, 1, 0, 1, 1, 0, 0, 0, 1, 0, 0, 0, 0, 0, 0, 0, 0, 0, 1, 1, 1, 1, 0, 0, 1, 0, 1, 0, 0, 0, 0, 1, 0, 0, 0, 1, 1, 1, 0, 0, 1, 1, 1, 1, 1, 1, 0, 1, 1]","{'n_estimators': 2000, 'max_features': None, 'max_depth': 50, 'min_samples_split': 5, 'min_samples_leaf': 5, 'bootstrap': True}",COMPLETE
564,0.7935483868407908,2024-07-08 12:38:26.619773,2024-07-08 12:38:38.597832,0 days 00:00:11.978059,XGBClassifier,MinMaxScaler,TomekLinks,"[0, 0, 0, 1, 0, 0, 1, 0, 0, 1, 0, 0, 0, 0, 1, 1, 0, 0, 1, 1, 1, 0, 0, 0, 0, 1, 1, 0, 0, 0, 1, 1, 1, 1, 0, 1, 1, 0, 0, 0, 1, 1, 0, 0, 0, 0, 1, 1, 1]","{'n_estimators': 200, 'learning_rate': 0.01, 'max_depth': 3, 'min_child_weight': 1, 'subsample': 0.7, 'colsample_bytree': 0.7, 'gamma': 0.1, 'reg_alpha': 0.0, 'reg_lambda': 0.0}",COMPLETE
565,0.7870967739396462,2024-07-08 12:38:29.167815,2024-07-08 12:38:44.694771,0 days 00:00:15.526956,XGBClassifier,MinMaxScaler,TomekLinks,"[1, 1, 1, 1, 1, 1, 1, 0, 1, 0, 1, 0, 1, 1, 1, 1, 1, 1, 0, 1, 0, 0, 1, 1, 1, 1, 0, 1, 1, 1, 1, 1, 0, 0, 1, 1, 1, 0, 1, 1, 0, 0, 0, 1, 1, 0, 1, 0, 1]","{'n_estimators': 10, 'learning_rate': 0.5, 'max_depth': 3, 'min_child_weight': 3, 'subsample': 0.5, 'colsample_bytree': 0.5, 'gamma': 0.1, 'reg_alpha': 0.0, 'reg_lambda': 1.0}",COMPLETE
566,0.7903225803902184,2024-07-08 12:38:30.139800,2024-07-08 12:38:57.107800,0 days 00:00:26.968000,ExtraTreesClassifier,Normalize_L2_1,,"[0, 1, 1, 0, 0, 1, 0, 0, 0, 0, 1, 0, 1, 1, 0, 1, 0, 0, 1, 1, 0, 0, 0, 1, 0, 1, 0, 1, 1, 1, 1, 0, 0, 1, 0, 0, 1, 0, 1, 1, 0, 1, 0, 0, 1, 1, 1, 1, 1]","{'n_estimators': 200, 'max_features': 'log2', 'max_depth': 50, 'min_samples_split': 100, 'min_samples_leaf': 1, 'bootstrap': True}",COMPLETE
567,0.7741935481373569,2024-07-08 12:38:30.742781,2024-07-08 12:38:43.148803,0 days 00:00:12.406022,GradientBoostingClassifier,MaxAbsScaler,,"[1, 1, 1, 1, 0, 1, 0, 0, 0, 0, 1, 0, 0, 1, 1, 0, 0, 0, 0, 1, 0, 0, 1, 1, 1, 1, 1, 0, 1, 0, 1, 1, 0, 1, 0, 0, 1, 0, 1, 0, 0, 0, 1, 1, 0, 0, 1, 0, 1]","{'n_estimators': 100, 'learning_rate': 0.1, 'max_depth': 5, 'min_samples_split': 100, 'min_samples_leaf': 5, 'subsample': 0.5, 'max_features': 'sqrt'}",COMPLETE
568,0.664516128817898,2024-07-08 12:38:30.873806,2024-07-08 12:38:59.855818,0 days 00:00:28.982012,ExtraTreesClassifier,Normalize_L2_1,SMOTETomek,"[1, 0, 0, 0, 0, 0, 1, 0, 1, 1, 0, 1, 1, 1, 1, 1, 0, 0, 1, 0, 0, 0, 1, 0, 0, 0, 1, 1, 0, 0, 1, 0, 1, 1, 1, 1, 0, 1, 0, 1, 0, 0, 0, 1, 1, 0, 1, 0, 1]","{'n_estimators': 100, 'max_features': None, 'max_depth': 200, 'min_samples_split': 200, 'min_samples_leaf': 10, 'bootstrap': True}",COMPLETE
569,0.7516129029833506,2024-07-08 12:38:31.474815,2024-07-08 12:38:40.881815,0 days 00:00:09.407000,XGBClassifier,Normalize_L2_1,TomekLinks,"[1, 1, 1, 1, 1, 1, 0, 0, 0, 1, 1, 1, 0, 0, 1, 1, 0, 1, 0, 0, 0, 0, 1, 0, 1, 1, 0, 0, 0, 1, 1, 1, 0, 0, 0, 0, 1, 1, 1, 0, 0, 0, 0, 0, 1, 1, 1, 0, 0]","{'n_estimators': 50, 'learning_rate': 0.5, 'max_depth': 5, 'min_child_weight': 1, 'subsample': 1.0, 'colsample_bytree': 1.0, 'gamma': 0.5, 'reg_alpha': 0.0, 'reg_lambda': 1.0}",COMPLETE
570,0.7870967739396462,2024-07-08 12:38:31.881814,2024-07-08 12:38:54.676802,0 days 00:00:22.794988,BaggingClassifier,StandardScaler,,"[1, 1, 0, 1, 1, 1, 1, 1, 0, 0, 0, 1, 0, 1, 0, 0, 1, 0, 1, 1, 1, 1, 1, 0, 1, 1, 1, 0, 0, 1, 1, 0, 1, 1, 1, 0, 1, 0, 1, 1, 1, 1, 1, 0, 0, 1, 0, 0, 0]","{'n_estimators': 500, 'max_samples': 0.1, 'max_features': 0.1, 'bootstrap': True, 'bootstrap_features': True}",COMPLETE
571,0.7580645158844953,2024-07-08 12:38:32.275807,2024-07-08 12:38:49.835801,0 days 00:00:17.559994,XGBClassifier,Normalize_L1_1,,"[1, 1, 1, 0, 1, 1, 0, 1, 0, 1, 0, 0, 0, 0, 0, 1, 0, 0, 1, 1, 1, 0, 1, 0, 0, 0, 0, 0, 1, 0, 0, 0, 0, 1, 0, 0, 0, 1, 1, 1, 0, 0, 0, 0, 1, 1, 1, 0, 0]","{'n_estimators': 500, 'learning_rate': 0.5, 'max_depth': 9, 'min_child_weight': 1, 'subsample': 1.0, 'colsample_bytree': 0.5, 'gamma': 0.5, 'reg_alpha': 1.0, 'reg_lambda': 0.1}",COMPLETE
572,0.7258064513787721,2024-07-08 12:38:32.436814,2024-07-08 12:38:43.328776,0 days 00:00:10.891962,GradientBoostingClassifier,MaxAbsScaler,,"[1, 0, 0, 0, 1, 1, 1, 1, 1, 0, 1, 1, 0, 1, 0, 1, 1, 1, 1, 0, 0, 0, 0, 1, 1, 0, 1, 0, 1, 1, 0, 1, 1, 1, 1, 1, 1, 1, 1, 0, 1, 1, 1, 1, 0, 0, 1, 1, 1]","{'n_estimators': 200, 'learning_rate': 1.0, 'max_depth': 7, 'min_samples_split': 5, 'min_samples_leaf': 100, 'subsample': 0.5, 'max_features': 'log2'}",COMPLETE
573,0.6967741933236212,2024-07-08 12:38:32.511813,2024-07-08 12:38:59.959800,0 days 00:00:27.447987,BaggingClassifier,StandardScaler,,"[0, 1, 0, 0, 1, 1, 1, 0, 0, 0, 0, 0, 1, 1, 1, 0, 0, 0, 0, 0, 0, 1, 0, 0, 1, 1, 1, 1, 1, 1, 0, 1, 0, 0, 0, 0, 1, 1, 1, 1, 0, 1, 0, 0, 1, 1, 0, 0, 0]","{'n_estimators': 50, 'max_samples': 0.5, 'max_features': 0.5, 'bootstrap': True, 'bootstrap_features': False}",COMPLETE
574,0.0,2024-07-08 12:38:32.965815,2024-07-08 12:38:41.887815,0 days 00:00:08.922000,DecisionTreeClassifier,MaxAbsScaler,,"[0, 1, 1, 1, 0, 0, 0, 0, 1, 1, 0, 0, 1, 1, 1, 0, 1, 1, 0, 0, 0, 0, 0, 1, 0, 1, 1, 1, 0, 1, 1, 0, 1, 1, 0, 0, 1, 1, 0, 0, 1, 1, 1, 1, 0, 0, 1, 1, 1]","{'max_depth': 100, 'min_samples_split': 100, 'min_samples_leaf': 50, 'max_features': 'auto', 'splitter': 'best'}",COMPLETE
575,0.7935483868407908,2024-07-08 12:38:34.137815,2024-07-08 12:38:42.571802,0 days 00:00:08.433987,XGBClassifier,MaxAbsScaler,,"[0, 1, 0, 1, 0, 0, 0, 1, 1, 0, 1, 0, 0, 0, 0, 1, 0, 0, 0, 1, 0, 0, 1, 0, 1, 1, 0, 0, 1, 1, 0, 0, 1, 1, 0, 0, 0, 1, 1, 0, 0, 1, 1, 0, 0, 1, 0, 1, 0]","{'n_estimators': 50, 'learning_rate': 0.01, 'max_depth': 3, 'min_child_weight': 10, 'subsample': 1.0, 'colsample_bytree': 0.5, 'gamma': 1.0, 'reg_alpha': 1.0, 'reg_lambda': 0.1}",COMPLETE
576,0.7935483868407908,2024-07-08 12:38:34.646804,2024-07-08 12:38:42.719815,0 days 00:00:08.073011,GradientBoostingClassifier,MaxAbsScaler,,"[1, 0, 0, 1, 1, 0, 1, 1, 0, 0, 0, 0, 1, 0, 0, 1, 0, 1, 0, 0, 1, 0, 0, 0, 0, 1, 1, 1, 0, 0, 0, 1, 0, 0, 1, 0, 0, 0, 1, 0, 1, 0, 0, 0, 1, 1, 1, 1, 1]","{'n_estimators': 10, 'learning_rate': 0.1, 'max_depth': 3, 'min_samples_split': 5, 'min_samples_leaf': 50, 'subsample': 0.7, 'max_features': 'sqrt'}",COMPLETE
577,0.0,2024-07-08 12:38:34.836800,2024-07-08 12:39:00.492851,0 days 00:00:25.656051,DecisionTreeClassifier,MaxAbsScaler,,"[0, 1, 0, 1, 0, 0, 0, 1, 0, 0, 1, 0, 1, 0, 0, 1, 0, 1, 1, 1, 1, 1, 0, 0, 0, 1, 1, 1, 0, 1, 1, 0, 1, 1, 1, 0, 1, 0, 0, 1, 1, 1, 0, 0, 1, 1, 0, 0, 0]","{'max_depth': None, 'min_samples_split': 100, 'min_samples_leaf': 100, 'max_features': 'auto', 'splitter': 'random'}",COMPLETE
578,0.6548387094661811,2024-07-08 12:38:35.416768,2024-07-08 12:38:58.302800,0 days 00:00:22.886032,KNeighborsClassifier,RobustScaler,,"[0, 1, 0, 0, 1, 1, 0, 0, 1, 1, 1, 1, 1, 1, 0, 1, 0, 0, 0, 1, 0, 0, 0, 0, 0, 0, 1, 0, 0, 1, 1, 0, 0, 1, 0, 1, 1, 0, 1, 0, 0, 0, 0, 1, 0, 0, 1, 1, 1]","{'n_neighbors': 5, 'weights': 'distance', 'algorithm': 'auto', 'leaf_size': 60, 'p': 1, 'metric': 'euclidean'}",COMPLETE
579,0.0,2024-07-08 12:38:36.156813,2024-07-08 12:38:44.702779,0 days 00:00:08.545966,DecisionTreeClassifier,StandardScaler,,"[0, 0, 1, 1, 1, 1, 1, 0, 0, 0, 1, 0, 0, 1, 1, 1, 0, 1, 1, 0, 1, 1, 0, 1, 1, 0, 0, 0, 1, 1, 1, 1, 1, 0, 0, 1, 0, 0, 1, 1, 0, 0, 1, 1, 1, 1, 0, 0, 0]","{'max_depth': 50, 'min_samples_split': 100, 'min_samples_leaf': 1, 'max_features': 'auto', 'splitter': 'random'}",COMPLETE
580,0.7709677416867845,2024-07-08 12:38:36.696815,2024-07-08 12:38:46.369770,0 days 00:00:09.672955,BaggingClassifier,Normalize_L1_1,,"[0, 1, 0, 1, 0, 0, 1, 0, 0, 0, 1, 0, 0, 0, 1, 1, 1, 1, 1, 0, 1, 0, 0, 1, 0, 1, 1, 1, 1, 1, 1, 0, 1, 0, 1, 1, 1, 0, 0, 1, 1, 0, 1, 0, 0, 0, 1, 0, 1]","{'n_estimators': 10, 'max_samples': 0.5, 'max_features': 1.0, 'bootstrap': True, 'bootstrap_features': True}",COMPLETE
581,0.6999999997741935,2024-07-08 12:38:36.954799,2024-07-08 12:38:54.517790,0 days 00:00:17.562991,BaggingClassifier,StandardScaler,,"[0, 1, 1, 1, 1, 0, 1, 1, 0, 1, 0, 1, 1, 0, 0, 1, 0, 1, 1, 0, 1, 1, 0, 1, 1, 0, 0, 0, 1, 1, 1, 1, 1, 0, 1, 1, 1, 1, 0, 0, 0, 0, 1, 0, 1, 1, 0, 1, 0]","{'n_estimators': 500, 'max_samples': 0.5, 'max_features': 0.1, 'bootstrap': True, 'bootstrap_features': True}",COMPLETE
582,0.4258064514755463,2024-07-08 12:38:37.648799,2024-07-08 12:39:14.882996,0 days 00:00:37.234197,BaggingClassifier,Normalize_L1_1,SMOTETomek,"[1, 1, 0, 0, 1, 0, 1, 1, 1, 0, 0, 1, 1, 0, 1, 0, 0, 1, 0, 0, 1, 0, 1, 1, 1, 1, 0, 1, 1, 1, 0, 1, 1, 0, 0, 0, 0, 0, 0, 0, 0, 1, 1, 0, 0, 0, 0, 1, 1]","{'n_estimators': 500, 'max_samples': 1.0, 'max_features': 1.0, 'bootstrap': False, 'bootstrap_features': True}",COMPLETE
583,0.7161290320270551,2024-07-08 12:38:38.161815,2024-07-08 12:38:54.532769,0 days 00:00:16.370954,KNeighborsClassifier,Normalize_L2_1,,"[1, 0, 1, 0, 0, 1, 0, 0, 0, 1, 1, 1, 0, 0, 0, 1, 1, 1, 0, 1, 0, 1, 1, 1, 0, 1, 1, 1, 0, 1, 0, 0, 0, 1, 1, 0, 1, 0, 1, 0, 1, 0, 0, 1, 1, 0, 0, 0, 1]","{'n_neighbors': 10, 'weights': 'distance', 'algorithm': 'ball_tree', 'leaf_size': 10, 'p': 1, 'metric': 'manhattan'}",COMPLETE
584,0.7935483868407908,2024-07-08 12:38:38.391802,2024-07-08 12:39:02.338982,0 days 00:00:23.947180,ExtraTreesClassifier,RobustScaler,,"[0, 1, 1, 1, 0, 0, 0, 0, 0, 0, 1, 1, 0, 0, 0, 1, 1, 1, 0, 1, 1, 1, 1, 0, 0, 0, 1, 0, 1, 1, 1, 1, 1, 1, 0, 0, 0, 1, 0, 0, 1, 0, 0, 1, 1, 1, 1, 0, 0]","{'n_estimators': 100, 'max_features': None, 'max_depth': 10, 'min_samples_split': 100, 'min_samples_leaf': 2, 'bootstrap': True}",COMPLETE
585,0.7935483868407908,2024-07-08 12:38:38.912800,2024-07-08 12:38:59.618770,0 days 00:00:20.705970,XGBClassifier,RobustScaler,,"[0, 0, 1, 0, 0, 0, 1, 1, 1, 0, 1, 1, 1, 0, 1, 1, 1, 0, 1, 1, 0, 1, 0, 1, 1, 0, 0, 0, 1, 1, 0, 1, 1, 0, 0, 1, 1, 1, 1, 0, 1, 0, 0, 1, 1, 0, 1, 0, 0]","{'n_estimators': 100, 'learning_rate': 0.01, 'max_depth': 7, 'min_child_weight': 1, 'subsample': 0.7, 'colsample_bytree': 0.7, 'gamma': 1.0, 'reg_alpha': 0.1, 'reg_lambda': 0.0}",COMPLETE
586,0.0,2024-07-08 12:38:39.292804,2024-07-08 12:39:02.494982,0 days 00:00:23.202178,ExtraTreesClassifier,RobustScaler,,"[1, 0, 0, 0, 0, 0, 0, 0, 0, 1, 0, 0, 1, 0, 1, 0, 0, 1, 1, 0, 1, 0, 0, 1, 0, 1, 1, 0, 1, 0, 0, 1, 0, 0, 1, 1, 0, 0, 0, 0, 0, 1, 1, 1, 0, 1, 0, 0, 1]","{'n_estimators': 1000, 'max_features': 'auto', 'max_depth': 1000, 'min_samples_split': 100, 'min_samples_leaf': 10, 'bootstrap': False}",COMPLETE
587,0.7645161287856399,2024-07-08 12:38:39.391825,2024-07-08 12:38:59.751801,0 days 00:00:20.359976,XGBClassifier,RobustScaler,SMOTETomek,"[1, 1, 0, 0, 1, 1, 0, 1, 1, 1, 0, 0, 0, 1, 0, 0, 1, 0, 1, 0, 1, 1, 1, 1, 0, 1, 0, 0, 1, 0, 1, 0, 0, 0, 1, 0, 1, 0, 1, 1, 0, 0, 1, 1, 1, 1, 1, 0, 0]","{'n_estimators': 50, 'learning_rate': 10.0, 'max_depth': 7, 'min_child_weight': 3, 'subsample': 1.0, 'colsample_bytree': 1.0, 'gamma': 0.5, 'reg_alpha': 0.0, 'reg_lambda': 0.0}",COMPLETE
588,0.5516129030478668,2024-07-08 12:38:39.992798,2024-07-08 12:39:11.590998,0 days 00:00:31.598200,ExtraTreesClassifier,RobustScaler,BorderlineSMOTE,"[1, 1, 0, 1, 1, 0, 0, 0, 1, 0, 0, 0, 0, 1, 1, 0, 0, 0, 0, 1, 0, 1, 1, 0, 1, 0, 0, 0, 1, 0, 1, 0, 1, 0, 0, 1, 1, 1, 0, 0, 0, 1, 0, 1, 0, 0, 1, 0, 1]","{'n_estimators': 2000, 'max_features': None, 'max_depth': 10, 'min_samples_split': 200, 'min_samples_leaf': 100, 'bootstrap': True}",COMPLETE
589,0.0,2024-07-08 12:38:40.104798,2024-07-08 12:38:59.955799,0 days 00:00:19.851001,ExtraTreesClassifier,Normalize_L1_1,SMOTETomek,"[1, 0, 1, 0, 1, 1, 0, 0, 0, 0, 0, 1, 0, 1, 1, 1, 1, 1, 0, 1, 0, 0, 1, 0, 1, 0, 0, 1, 1, 0, 1, 1, 0, 0, 0, 1, 0, 1, 1, 0, 0, 1, 0, 1, 1, 1, 1, 1, 1]","{'n_estimators': 50, 'max_features': 'auto', 'max_depth': None, 'min_samples_split': 200, 'min_samples_leaf': 5, 'bootstrap': False}",COMPLETE
590,0.5354838707950051,2024-07-08 12:38:40.821808,2024-07-08 12:38:58.461803,0 days 00:00:17.639995,KNeighborsClassifier,RobustScaler,SMOTETomek,"[1, 0, 0, 0, 1, 0, 0, 0, 1, 0, 1, 1, 0, 0, 0, 1, 1, 0, 1, 1, 1, 0, 1, 1, 0, 0, 0, 0, 1, 0, 0, 1, 0, 1, 1, 1, 1, 1, 1, 0, 0, 0, 0, 0, 0, 0, 0, 1, 0]","{'n_neighbors': 15, 'weights': 'uniform', 'algorithm': 'brute', 'leaf_size': 30, 'p': 1, 'metric': 'euclidean'}",COMPLETE
591,0.0,2024-07-08 12:38:40.977805,2024-07-08 12:39:09.241998,0 days 00:00:28.264193,ExtraTreesClassifier,Normalize_L2_1,,"[0, 0, 1, 1, 1, 0, 1, 0, 1, 0, 0, 1, 0, 1, 1, 0, 1, 1, 1, 0, 0, 0, 1, 0, 0, 0, 1, 0, 1, 1, 1, 1, 1, 0, 0, 0, 1, 1, 1, 1, 1, 0, 0, 0, 0, 1, 1, 0, 1]","{'n_estimators': 1000, 'max_features': 'auto', 'max_depth': None, 'min_samples_split': 5, 'min_samples_leaf': 2, 'bootstrap': False}",COMPLETE
592,0.7612903223350675,2024-07-08 12:38:41.597776,2024-07-08 12:39:04.243962,0 days 00:00:22.646186,XGBClassifier,Normalize_L1_1,,"[1, 1, 1, 1, 0, 1, 0, 1, 1, 0, 1, 0, 0, 0, 0, 0, 1, 0, 0, 1, 0, 0, 0, 1, 0, 1, 0, 1, 1, 1, 1, 0, 0, 1, 1, 1, 1, 0, 0, 0, 1, 0, 1, 1, 1, 0, 0, 1, 0]","{'n_estimators': 100, 'learning_rate': 1.0, 'max_depth': 7, 'min_child_weight': 5, 'subsample': 1.0, 'colsample_bytree': 0.7, 'gamma': 0.5, 'reg_alpha': 1.0, 'reg_lambda': 0.0}",COMPLETE
593,0.7387096771810613,2024-07-08 12:38:41.705818,2024-07-08 12:39:06.540998,0 days 00:00:24.835180,KNeighborsClassifier,Normalize_L2_1,,"[0, 1, 1, 0, 1, 1, 0, 1, 0, 0, 0, 1, 1, 0, 1, 1, 0, 1, 0, 0, 1, 1, 1, 0, 0, 0, 1, 1, 0, 0, 1, 1, 1, 0, 0, 1, 0, 0, 0, 0, 0, 1, 0, 0, 1, 0, 0, 0, 1]","{'n_neighbors': 15, 'weights': 'distance', 'algorithm': 'brute', 'leaf_size': 20, 'p': 2, 'metric': 'minkowski'}",COMPLETE
594,0.7096774191259104,2024-07-08 12:38:41.760818,2024-07-08 12:39:08.523001,0 days 00:00:26.762183,XGBClassifier,Normalize_L1_1,,"[1, 1, 1, 1, 1, 0, 0, 0, 0, 0, 1, 0, 1, 1, 1, 1, 0, 0, 0, 1, 1, 0, 0, 1, 1, 0, 1, 0, 0, 0, 0, 1, 0, 1, 1, 0, 0, 1, 0, 0, 0, 1, 1, 1, 1, 1, 0, 0, 1]","{'n_estimators': 200, 'learning_rate': 1.0, 'max_depth': 3, 'min_child_weight': 5, 'subsample': 0.5, 'colsample_bytree': 0.5, 'gamma': 0.0, 'reg_alpha': 0.0, 'reg_lambda': 1.0}",COMPLETE
595,0.6096774191581685,2024-07-08 12:38:41.829801,2024-07-08 12:39:10.731953,0 days 00:00:28.902152,XGBClassifier,Normalize_L1_1,SMOTEENN,"[1, 1, 0, 0, 1, 0, 0, 0, 1, 1, 0, 1, 0, 1, 1, 0, 0, 0, 0, 0, 1, 0, 0, 1, 1, 1, 0, 1, 1, 1, 1, 0, 1, 1, 1, 1, 0, 1, 1, 1, 0, 1, 0, 0, 0, 0, 1, 1, 0]","{'n_estimators': 1000, 'learning_rate': 0.01, 'max_depth': 7, 'min_child_weight': 5, 'subsample': 1.0, 'colsample_bytree': 0.7, 'gamma': 0.5, 'reg_alpha': 0.0, 'reg_lambda': 1.0}",COMPLETE
596,0.6258064514110301,2024-07-08 12:38:42.486802,2024-07-08 12:39:12.335983,0 days 00:00:29.849181,XGBClassifier,Normalize_L1_1,BorderlineSMOTE,"[1, 1, 1, 1, 1, 1, 1, 0, 0, 1, 0, 0, 1, 1, 1, 1, 0, 0, 0, 0, 1, 0, 1, 0, 1, 1, 1, 1, 0, 1, 1, 0, 0, 1, 0, 1, 0, 1, 1, 0, 1, 1, 1, 1, 1, 1, 1, 1, 0]","{'n_estimators': 200, 'learning_rate': 0.1, 'max_depth': 5, 'min_child_weight': 3, 'subsample': 1.0, 'colsample_bytree': 0.5, 'gamma': 0.0, 'reg_alpha': 1.0, 'reg_lambda': 0.0}",COMPLETE
597,0.6548387094661811,2024-07-08 12:38:42.968798,2024-07-08 12:39:10.927998,0 days 00:00:27.959200,XGBClassifier,Normalize_L1_1,SMOTETomek,"[0, 1, 1, 0, 0, 1, 1, 1, 1, 0, 0, 0, 0, 1, 1, 0, 1, 0, 0, 1, 0, 1, 1, 1, 1, 1, 0, 1, 1, 1, 0, 0, 1, 1, 0, 0, 0, 1, 1, 1, 0, 1, 0, 1, 1, 1, 1, 0, 1]","{'n_estimators': 1000, 'learning_rate': 0.01, 'max_depth': 7, 'min_child_weight': 10, 'subsample': 0.5, 'colsample_bytree': 0.5, 'gamma': 1.0, 'reg_alpha': 0.1, 'reg_lambda': 0.1}",COMPLETE
598,0.7935483868407908,2024-07-08 12:38:43.398804,2024-07-08 12:40:01.373035,0 days 00:01:17.974231,RandomForestClassifier,Normalize_L1_1,,"[0, 0, 1, 0, 0, 1, 1, 1, 0, 0, 0, 0, 1, 0, 1, 0, 0, 0, 1, 0, 1, 0, 0, 0, 1, 0, 0, 0, 1, 0, 1, 1, 0, 1, 0, 0, 1, 1, 1, 0, 0, 1, 0, 1, 0, 1, 0, 0, 1]","{'n_estimators': 2000, 'max_features': None, 'max_depth': 500, 'min_samples_split': 2, 'min_samples_leaf': 100, 'bootstrap': True}",COMPLETE
599,0.5580645159490114,2024-07-08 12:38:43.617810,2024-07-08 12:39:02.246955,0 days 00:00:18.629145,XGBClassifier,RobustScaler,SMOTETomek,"[0, 0, 1, 1, 0, 0, 0, 0, 1, 1, 0, 1, 1, 1, 1, 1, 0, 0, 0, 0, 1, 1, 1, 0, 1, 0, 0, 0, 0, 1, 0, 0, 0, 0, 0, 0, 1, 1, 1, 1, 1, 1, 1, 1, 0, 1, 0, 1, 0]","{'n_estimators': 100, 'learning_rate': 0.1, 'max_depth': 7, 'min_child_weight': 10, 'subsample': 1.0, 'colsample_bytree': 0.5, 'gamma': 0.5, 'reg_alpha': 0.1, 'reg_lambda': 0.1}",COMPLETE
600,0.6709677417190426,2024-07-08 12:38:44.369802,2024-07-08 12:39:22.828984,0 days 00:00:38.459182,XGBClassifier,Normalize_L1_1,,"[0, 1, 0, 1, 0, 1, 0, 1, 1, 0, 1, 0, 1, 1, 1, 0, 0, 1, 1, 0, 1, 1, 1, 1, 1, 0, 1, 1, 0, 0, 1, 1, 1, 0, 0, 0, 0, 1, 0, 0, 1, 1, 1, 1, 1, 1, 1, 1, 1]","{'n_estimators': 1000, 'learning_rate': 1.0, 'max_depth': 3, 'min_child_weight': 3, 'subsample': 0.7, 'colsample_bytree': 0.7, 'gamma': 1.0, 'reg_alpha': 1.0, 'reg_lambda': 0.1}",COMPLETE
601,0.6419354836638917,2024-07-08 12:38:45.317800,2024-07-08 12:39:08.573001,0 days 00:00:23.255201,XGBClassifier,Normalize_L1_1,BorderlineSMOTE,"[0, 1, 1, 1, 1, 0, 0, 1, 0, 0, 1, 1, 0, 1, 0, 1, 0, 1, 1, 1, 0, 1, 1, 1, 1, 1, 1, 0, 0, 0, 1, 0, 0, 0, 1, 0, 1, 0, 0, 1, 0, 0, 1, 1, 1, 1, 0, 0, 1]","{'n_estimators': 50, 'learning_rate': 1.0, 'max_depth': 5, 'min_child_weight': 10, 'subsample': 0.5, 'colsample_bytree': 1.0, 'gamma': 0.0, 'reg_alpha': 1.0, 'reg_lambda': 0.0}",COMPLETE
602,0.6870967739719042,2024-07-08 12:38:45.333780,2024-07-08 12:39:10.857984,0 days 00:00:25.524204,XGBClassifier,Normalize_L1_1,BorderlineSMOTE,"[1, 0, 0, 1, 1, 0, 1, 0, 1, 1, 0, 1, 1, 1, 1, 1, 1, 1, 0, 0, 0, 1, 0, 1, 0, 0, 0, 1, 1, 0, 1, 0, 0, 0, 1, 0, 1, 1, 0, 0, 1, 1, 0, 1, 0, 0, 0, 0, 0]","{'n_estimators': 1000, 'learning_rate': 10.0, 'max_depth': 5, 'min_child_weight': 3, 'subsample': 0.7, 'colsample_bytree': 0.7, 'gamma': 0.5, 'reg_alpha': 0.1, 'reg_lambda': 1.0}",COMPLETE
603,0.5677419353007284,2024-07-08 12:38:46.694821,2024-07-08 12:39:02.983001,0 days 00:00:16.288180,XGBClassifier,RobustScaler,SMOTETomek,"[0, 1, 0, 0, 0, 0, 1, 1, 1, 0, 0, 0, 0, 0, 1, 1, 1, 1, 1, 0, 0, 0, 1, 1, 0, 0, 1, 0, 0, 1, 0, 0, 1, 0, 1, 0, 1, 1, 1, 1, 1, 1, 0, 0, 1, 1, 0, 0, 1]","{'n_estimators': 500, 'learning_rate': 1.0, 'max_depth': 3, 'min_child_weight': 1, 'subsample': 0.5, 'colsample_bytree': 0.5, 'gamma': 0.0, 'reg_alpha': 0.1, 'reg_lambda': 1.0}",COMPLETE
604,0.7258064513787721,2024-07-08 12:38:47.478800,2024-07-08 12:39:27.520042,0 days 00:00:40.041242,XGBClassifier,Normalize_L1_1,,"[1, 1, 1, 1, 1, 1, 1, 0, 0, 1, 0, 0, 0, 0, 0, 1, 0, 1, 0, 0, 0, 0, 1, 1, 0, 1, 0, 1, 1, 1, 0, 1, 1, 0, 0, 1, 0, 1, 0, 0, 0, 1, 1, 1, 0, 1, 0, 0, 1]","{'n_estimators': 50, 'learning_rate': 0.5, 'max_depth': 9, 'min_child_weight': 5, 'subsample': 0.7, 'colsample_bytree': 0.7, 'gamma': 0.1, 'reg_alpha': 1.0, 'reg_lambda': 1.0}",COMPLETE
605,0.7967741932913631,2024-07-08 12:38:48.560818,2024-07-08 12:39:06.874991,0 days 00:00:18.314173,XGBClassifier,Normalize_L1_1,,"[1, 0, 0, 0, 0, 1, 1, 0, 1, 1, 1, 1, 1, 1, 0, 1, 0, 1, 1, 0, 0, 0, 0, 1, 0, 1, 0, 1, 1, 0, 0, 1, 0, 1, 1, 1, 0, 0, 1, 0, 0, 1, 1, 1, 1, 1, 1, 1, 0]","{'n_estimators': 100, 'learning_rate': 0.01, 'max_depth': 9, 'min_child_weight': 10, 'subsample': 0.7, 'colsample_bytree': 0.5, 'gamma': 0.0, 'reg_alpha': 0.0, 'reg_lambda': 0.0}",COMPLETE
606,0.6838709675213319,2024-07-08 12:38:48.987800,2024-07-08 12:39:12.486986,0 days 00:00:23.499186,XGBClassifier,Normalize_L1_1,,"[1, 0, 1, 1, 0, 1, 0, 1, 1, 1, 0, 1, 1, 0, 0, 0, 1, 1, 0, 1, 1, 1, 0, 0, 0, 0, 1, 1, 0, 0, 1, 0, 0, 0, 1, 1, 0, 0, 0, 1, 1, 1, 0, 1, 1, 0, 0, 1, 0]","{'n_estimators': 100, 'learning_rate': 1.0, 'max_depth': 5, 'min_child_weight': 3, 'subsample': 0.5, 'colsample_bytree': 0.7, 'gamma': 0.1, 'reg_alpha': 0.1, 'reg_lambda': 1.0}",COMPLETE
607,0.7935483868407908,2024-07-08 12:38:49.761801,2024-07-08 12:39:43.156028,0 days 00:00:53.394227,RandomForestClassifier,Normalize_L1_1,,"[1, 1, 0, 1, 0, 1, 0, 1, 1, 0, 1, 0, 1, 1, 0, 1, 0, 1, 1, 0, 1, 1, 0, 1, 0, 0, 0, 0, 1, 0, 0, 1, 1, 0, 1, 0, 0, 1, 0, 1, 0, 0, 1, 0, 1, 0, 1, 0, 1]","{'n_estimators': 1000, 'max_features': None, 'max_depth': 500, 'min_samples_split': 5, 'min_samples_leaf': 100, 'bootstrap': False}",COMPLETE
608,0.6451612901144641,2024-07-08 12:38:49.962814,2024-07-08 12:39:14.215001,0 days 00:00:24.252187,XGBClassifier,Normalize_L1_1,BorderlineSMOTE,"[1, 1, 1, 1, 0, 1, 1, 0, 0, 1, 0, 1, 0, 0, 1, 0, 1, 0, 0, 1, 0, 0, 1, 1, 0, 1, 0, 1, 0, 1, 1, 0, 0, 1, 0, 1, 1, 1, 1, 1, 1, 0, 0, 1, 0, 1, 1, 1, 0]","{'n_estimators': 1000, 'learning_rate': 0.1, 'max_depth': 9, 'min_child_weight': 1, 'subsample': 1.0, 'colsample_bytree': 1.0, 'gamma': 0.0, 'reg_alpha': 1.0, 'reg_lambda': 1.0}",COMPLETE
609,0.6193548385098855,2024-07-08 12:38:50.217813,2024-07-08 12:39:08.575002,0 days 00:00:18.357189,XGBClassifier,Normalize_L1_1,SMOTEENN,"[1, 1, 0, 0, 0, 1, 1, 0, 0, 0, 0, 0, 1, 1, 0, 1, 0, 1, 1, 1, 1, 1, 0, 0, 0, 0, 0, 0, 0, 0, 0, 0, 1, 1, 1, 0, 0, 1, 0, 1, 1, 1, 0, 1, 1, 0, 0, 1, 1]","{'n_estimators': 1000, 'learning_rate': 0.1, 'max_depth': 9, 'min_child_weight': 1, 'subsample': 1.0, 'colsample_bytree': 0.7, 'gamma': 0.5, 'reg_alpha': 1.0, 'reg_lambda': 0.0}",COMPLETE
610,0.7774193545879292,2024-07-08 12:38:51.707798,2024-07-08 12:39:14.438983,0 days 00:00:22.731185,RandomForestClassifier,Normalize_L1_1,,"[1, 0, 0, 1, 0, 0, 0, 1, 1, 1, 1, 1, 1, 0, 1, 0, 0, 0, 0, 0, 0, 0, 0, 1, 0, 1, 1, 0, 1, 0, 0, 1, 0, 0, 0, 0, 0, 0, 1, 0, 0, 0, 1, 1, 1, 0, 0, 1, 1]","{'n_estimators': 10, 'max_features': 'sqrt', 'max_depth': None, 'min_samples_split': 50, 'min_samples_leaf': 1, 'bootstrap': True}",COMPLETE
