number,value,datetime_start,datetime_complete,duration,params_model,params_normTechnique,params_sampleTechnique,user_attrs_binIndices,user_attrs_hyperparams,state
257,0.7935483868407908,2024-07-08 12:36:02.996344,2024-07-08 12:36:20.636352,0 days 00:00:17.640008,XGBClassifier,Normalize_L1_1,,"[1, 0, 1, 0, 0, 0, 1, 1, 0, 0, 1, 0, 1, 0, 0, 0, 0, 0, 0, 1, 1, 0, 0, 0, 0, 1, 1, 0, 1, 1, 1, 1, 1, 0, 1, 1, 1, 1, 0, 1, 0, 0, 1, 0, 1, 1, 1, 1, 1]","{'n_estimators': 10, 'learning_rate': 0.01, 'max_depth': 9, 'min_child_weight': 3, 'subsample': 0.7, 'colsample_bytree': 0.7, 'gamma': 0.1, 'reg_alpha': 0.0, 'reg_lambda': 0.0}",COMPLETE
258,0.8064516126430801,2024-07-08 12:36:03.890370,2024-07-08 12:36:20.877370,0 days 00:00:16.987000,XGBClassifier,Normalize_L1_1,,"[0, 1, 0, 1, 1, 0, 0, 1, 0, 1, 1, 1, 1, 1, 0, 0, 1, 0, 1, 1, 1, 1, 0, 1, 1, 0, 1, 0, 0, 0, 1, 1, 0, 0, 0, 1, 0, 1, 1, 0, 1, 1, 0, 1, 0, 0, 1, 1, 0]","{'n_estimators': 10, 'learning_rate': 0.1, 'max_depth': 3, 'min_child_weight': 5, 'subsample': 1.0, 'colsample_bytree': 1.0, 'gamma': 1.0, 'reg_alpha': 0.0, 'reg_lambda': 0.0}",COMPLETE
259,0.7612903223350675,2024-07-08 12:36:03.893349,2024-07-08 12:36:27.799711,0 days 00:00:23.906362,BaggingClassifier,Normalize_L1_1,,"[1, 1, 1, 0, 1, 0, 0, 1, 0, 0, 0, 1, 1, 0, 0, 0, 1, 0, 0, 0, 0, 0, 0, 1, 1, 1, 1, 1, 1, 1, 1, 1, 0, 0, 0, 0, 0, 1, 1, 0, 1, 1, 1, 0, 0, 1, 0, 0, 0]","{'n_estimators': 500, 'max_samples': 0.5, 'max_features': 1.0, 'bootstrap': False, 'bootstrap_features': True}",COMPLETE
260,0.7322580642799167,2024-07-08 12:36:04.076344,2024-07-08 12:36:20.964391,0 days 00:00:16.888047,XGBClassifier,Normalize_Max_0,,"[0, 0, 0, 0, 0, 0, 1, 1, 1, 1, 0, 0, 0, 1, 1, 0, 1, 1, 0, 1, 1, 0, 0, 1, 1, 0, 0, 0, 0, 1, 1, 0, 1, 0, 1, 1, 1, 1, 1, 0, 1, 1, 0, 0, 1, 1, 0, 0, 0]","{'n_estimators': 10, 'learning_rate': 0.5, 'max_depth': 9, 'min_child_weight': 1, 'subsample': 0.5, 'colsample_bytree': 1.0, 'gamma': 0.0, 'reg_alpha': 1.0, 'reg_lambda': 0.1}",COMPLETE
261,0.7387096771810613,2024-07-08 12:36:04.668370,2024-07-08 12:36:19.910343,0 days 00:00:15.241973,BaggingClassifier,Normalize_Max_0,,"[1, 1, 0, 1, 0, 0, 1, 0, 1, 0, 0, 1, 1, 1, 1, 1, 1, 1, 1, 0, 0, 0, 1, 0, 1, 1, 1, 1, 1, 0, 1, 0, 0, 1, 0, 0, 1, 1, 1, 0, 1, 1, 0, 0, 0, 0, 1, 0, 0]","{'n_estimators': 10, 'max_samples': 0.1, 'max_features': 1.0, 'bootstrap': False, 'bootstrap_features': False}",COMPLETE
262,0.0,2024-07-08 12:36:04.751345,2024-07-08 12:36:27.075705,0 days 00:00:22.324360,DecisionTreeClassifier,Normalize_L1_1,KMeansSMOTE,,"{'max_depth': 50, 'min_samples_split': 50, 'min_samples_leaf': 50, 'max_features': None, 'splitter': 'best'}",COMPLETE
263,0.6516129030156087,2024-07-08 12:36:04.779346,2024-07-08 12:36:19.333350,0 days 00:00:14.554004,XGBClassifier,Normalize_L1_1,,"[1, 0, 0, 1, 0, 0, 0, 1, 1, 1, 0, 1, 1, 1, 0, 0, 0, 0, 1, 0, 0, 0, 1, 0, 0, 1, 0, 1, 1, 0, 0, 0, 1, 1, 1, 1, 1, 1, 0, 0, 0, 0, 1, 1, 0, 0, 1, 0, 1]","{'n_estimators': 500, 'learning_rate': 1.0, 'max_depth': 7, 'min_child_weight': 5, 'subsample': 0.7, 'colsample_bytree': 0.5, 'gamma': 0.1, 'reg_alpha': 0.1, 'reg_lambda': 0.0}",COMPLETE
264,0.7774193545879292,2024-07-08 12:36:04.825347,2024-07-08 12:36:22.190397,0 days 00:00:17.365050,XGBClassifier,Normalize_L2_0,TomekLinks,"[0, 1, 0, 0, 0, 0, 1, 1, 0, 1, 1, 0, 1, 1, 1, 0, 1, 0, 1, 1, 1, 0, 0, 0, 0, 0, 1, 1, 0, 0, 1, 0, 0, 1, 1, 1, 1, 0, 1, 0, 1, 1, 1, 1, 0, 0, 1, 0, 1]","{'n_estimators': 10, 'learning_rate': 0.5, 'max_depth': 5, 'min_child_weight': 3, 'subsample': 0.5, 'colsample_bytree': 0.5, 'gamma': 1.0, 'reg_alpha': 1.0, 'reg_lambda': 0.0}",COMPLETE
265,0.7612903223350675,2024-07-08 12:36:04.885344,2024-07-08 12:36:22.324408,0 days 00:00:17.439064,BaggingClassifier,Normalize_Max_0,,"[0, 1, 0, 1, 1, 1, 1, 1, 0, 1, 0, 1, 1, 1, 0, 0, 0, 1, 0, 0, 0, 1, 1, 0, 1, 1, 1, 1, 1, 1, 0, 0, 1, 1, 0, 0, 1, 1, 1, 0, 1, 0, 0, 1, 0, 0, 0, 1, 0]","{'n_estimators': 100, 'max_samples': 0.1, 'max_features': 1.0, 'bootstrap': True, 'bootstrap_features': False}",COMPLETE
266,0.7870967739396462,2024-07-08 12:36:04.971348,2024-07-08 12:36:21.916448,0 days 00:00:16.945100,XGBClassifier,Normalize_L2_0,,"[0, 1, 1, 1, 1, 0, 1, 0, 0, 0, 0, 0, 0, 0, 1, 1, 0, 1, 1, 0, 0, 0, 0, 0, 0, 0, 1, 1, 1, 0, 1, 0, 1, 1, 0, 1, 1, 1, 1, 1, 0, 0, 0, 1, 0, 1, 1, 1, 0]","{'n_estimators': 200, 'learning_rate': 0.5, 'max_depth': 7, 'min_child_weight': 10, 'subsample': 0.5, 'colsample_bytree': 0.5, 'gamma': 0.5, 'reg_alpha': 1.0, 'reg_lambda': 0.0}",COMPLETE
267,0.29032258055150884,2024-07-08 12:36:05.784359,2024-07-08 12:36:33.324749,0 days 00:00:27.540390,RandomForestClassifier,Normalize_L2_0,SMOTETomek,"[0, 0, 1, 1, 1, 1, 0, 1, 1, 0, 1, 0, 1, 0, 0, 0, 0, 0, 0, 0, 1, 0, 0, 1, 0, 0, 1, 1, 0, 0, 1, 1, 1, 0, 1, 0, 0, 1, 1, 1, 1, 0, 1, 1, 1, 1, 1, 0, 0]","{'n_estimators': 100, 'max_features': 'log2', 'max_depth': 1000, 'min_samples_split': 100, 'min_samples_leaf': 100, 'bootstrap': False}",COMPLETE
268,0.7935483868407908,2024-07-08 12:36:05.945352,2024-07-08 12:36:18.943343,0 days 00:00:12.997991,XGBClassifier,Normalize_Max_0,,"[1, 0, 1, 1, 0, 1, 1, 0, 1, 1, 0, 1, 0, 0, 1, 1, 1, 1, 1, 1, 1, 1, 1, 0, 1, 1, 0, 1, 0, 1, 1, 0, 1, 1, 1, 0, 1, 1, 0, 0, 1, 0, 1, 1, 1, 1, 0, 0, 0]","{'n_estimators': 10, 'learning_rate': 0.1, 'max_depth': 3, 'min_child_weight': 3, 'subsample': 1.0, 'colsample_bytree': 0.5, 'gamma': 1.0, 'reg_alpha': 0.1, 'reg_lambda': 0.1}",COMPLETE
269,0.0,2024-07-08 12:36:06.048375,2024-07-08 12:36:23.335420,0 days 00:00:17.287045,SVC,Normalize_Max_1,KMeansSMOTE,,"{'C': 0.1, 'kernel': 'sigmoid', 'degree': 3, 'gamma': '0.01', 'coef0': 0.0, 'shrinking': True, 'probability': True, 'class_weight': 'balanced', 'decision_function_shape': 'ovr'}",COMPLETE
270,0.7064516126753382,2024-07-08 12:36:06.137350,2024-07-08 12:36:22.756394,0 days 00:00:16.619044,XGBClassifier,Normalize_Max_0,,"[0, 1, 1, 1, 1, 0, 1, 1, 0, 0, 1, 1, 0, 0, 0, 0, 1, 1, 0, 1, 0, 1, 1, 1, 0, 0, 1, 1, 0, 0, 1, 1, 0, 0, 0, 1, 1, 0, 1, 0, 1, 1, 1, 0, 0, 0, 0, 0, 0]","{'n_estimators': 1000, 'learning_rate': 0.1, 'max_depth': 9, 'min_child_weight': 5, 'subsample': 0.5, 'colsample_bytree': 0.7, 'gamma': 0.0, 'reg_alpha': 0.0, 'reg_lambda': 0.0}",COMPLETE
271,0.8032258061925077,2024-07-08 12:36:06.583349,2024-07-08 12:36:19.793344,0 days 00:00:13.209995,XGBClassifier,Normalize_L1_1,,"[1, 1, 0, 0, 1, 0, 1, 1, 0, 1, 0, 0, 1, 1, 0, 0, 1, 1, 1, 1, 1, 1, 1, 1, 1, 0, 1, 0, 1, 0, 1, 0, 1, 0, 0, 1, 1, 1, 0, 1, 1, 1, 0, 0, 0, 0, 1, 1, 1]","{'n_estimators': 10, 'learning_rate': 0.1, 'max_depth': 3, 'min_child_weight': 5, 'subsample': 0.7, 'colsample_bytree': 1.0, 'gamma': 0.5, 'reg_alpha': 1.0, 'reg_lambda': 1.0}",COMPLETE
272,0.0,2024-07-08 12:36:06.668372,2024-07-08 12:36:26.261485,0 days 00:00:19.593113,ExtraTreesClassifier,Normalize_L1_1,,"[1, 1, 0, 0, 0, 1, 1, 0, 1, 1, 1, 1, 1, 0, 1, 0, 1, 0, 0, 0, 1, 1, 1, 0, 1, 1, 0, 1, 1, 0, 0, 1, 0, 0, 0, 1, 0, 1, 1, 1, 1, 0, 1, 0, 1, 1, 1, 1, 1]","{'n_estimators': 100, 'max_features': 'auto', 'max_depth': 200, 'min_samples_split': 5, 'min_samples_leaf': 100, 'bootstrap': True}",COMPLETE
273,0.6999999997741935,2024-07-08 12:36:06.925372,2024-07-08 12:36:18.048344,0 days 00:00:11.122972,BaggingClassifier,Normalize_Max_0,,"[1, 0, 0, 1, 0, 0, 0, 0, 1, 0, 0, 0, 0, 1, 0, 0, 1, 0, 1, 0, 1, 1, 0, 0, 1, 0, 1, 0, 0, 0, 0, 1, 0, 1, 1, 1, 1, 1, 0, 1, 0, 0, 0, 1, 1, 0, 1, 1, 1]","{'n_estimators': 10, 'max_samples': 0.5, 'max_features': 1.0, 'bootstrap': False, 'bootstrap_features': False}",COMPLETE
274,0.7935483868407908,2024-07-08 12:36:06.980401,2024-07-08 12:36:20.662352,0 days 00:00:13.681951,XGBClassifier,Normalize_Max_0,,"[1, 1, 0, 0, 1, 0, 0, 1, 1, 1, 1, 1, 0, 1, 0, 0, 0, 0, 1, 0, 0, 1, 1, 1, 0, 1, 0, 1, 0, 1, 0, 1, 1, 0, 0, 1, 1, 0, 1, 0, 0, 1, 0, 0, 0, 1, 1, 0, 0]","{'n_estimators': 50, 'learning_rate': 0.01, 'max_depth': 9, 'min_child_weight': 5, 'subsample': 0.5, 'colsample_bytree': 0.5, 'gamma': 0.5, 'reg_alpha': 0.1, 'reg_lambda': 0.0}",COMPLETE
275,0.7838709674890738,2024-07-08 12:36:07.180367,2024-07-08 12:36:19.747345,0 days 00:00:12.566978,XGBClassifier,Normalize_L1_1,,"[0, 1, 1, 1, 0, 1, 1, 1, 0, 0, 1, 1, 0, 1, 0, 0, 1, 1, 0, 0, 1, 0, 1, 1, 1, 0, 1, 0, 1, 1, 0, 0, 0, 0, 0, 1, 0, 1, 1, 0, 0, 0, 1, 0, 1, 0, 1, 0, 1]","{'n_estimators': 500, 'learning_rate': 0.01, 'max_depth': 9, 'min_child_weight': 10, 'subsample': 0.5, 'colsample_bytree': 0.7, 'gamma': 0.5, 'reg_alpha': 1.0, 'reg_lambda': 0.0}",COMPLETE
276,0.0,2024-07-08 12:36:07.311371,2024-07-08 12:36:24.474514,0 days 00:00:17.163143,SVC,Normalize_L1_1,KMeansSMOTE,,"{'C': 100.0, 'kernel': 'sigmoid', 'degree': 5, 'gamma': '0.1', 'coef0': 0.1, 'shrinking': False, 'probability': True, 'class_weight': 'balanced', 'decision_function_shape': 'ovo'}",COMPLETE
277,0.6774193546201872,2024-07-08 12:36:07.388387,2024-07-08 12:36:23.518402,0 days 00:00:16.130015,XGBClassifier,Normalize_Max_0,,"[1, 0, 1, 1, 1, 1, 0, 0, 1, 0, 1, 0, 0, 1, 0, 1, 1, 0, 0, 1, 0, 0, 0, 1, 0, 1, 0, 0, 1, 0, 0, 0, 1, 0, 0, 0, 1, 0, 0, 1, 0, 1, 0, 0, 0, 1, 1, 1, 1]","{'n_estimators': 1000, 'learning_rate': 1.0, 'max_depth': 3, 'min_child_weight': 3, 'subsample': 0.5, 'colsample_bytree': 0.7, 'gamma': 0.5, 'reg_alpha': 1.0, 'reg_lambda': 0.1}",COMPLETE
278,0.7935483868407908,2024-07-08 12:36:07.469387,2024-07-08 12:36:23.450438,0 days 00:00:15.981051,SVC,Normalize_L1_1,TomekLinks,"[0, 0, 1, 0, 1, 1, 0, 1, 1, 0, 1, 1, 1, 1, 0, 1, 0, 0, 1, 0, 1, 1, 1, 1, 0, 0, 1, 1, 0, 0, 1, 1, 1, 0, 0, 0, 1, 0, 1, 0, 1, 1, 0, 1, 0, 1, 0, 1, 1]","{'C': 0.01, 'kernel': 'sigmoid', 'degree': 4, 'gamma': 'scale', 'coef0': 0.0, 'shrinking': True, 'probability': False, 'class_weight': None, 'decision_function_shape': 'ovr'}",COMPLETE
279,0.0,2024-07-08 12:36:08.167345,2024-07-08 12:36:26.843528,0 days 00:00:18.676183,SVC,Normalize_L1_1,TomekLinks,"[1, 0, 0, 1, 1, 0, 0, 1, 0, 1, 0, 0, 1, 0, 1, 0, 0, 1, 0, 1, 0, 1, 0, 0, 1, 1, 1, 0, 1, 1, 0, 0, 1, 0, 0, 1, 1, 1, 0, 0, 0, 1, 0, 1, 1, 0, 1, 0, 0]","{'C': 10.0, 'kernel': 'rbf', 'degree': 2, 'gamma': '0.001', 'coef0': 0.5, 'shrinking': True, 'probability': True, 'class_weight': None, 'decision_function_shape': 'ovo'}",COMPLETE
280,0.7935483868407908,2024-07-08 12:36:08.488352,2024-07-08 12:36:26.789521,0 days 00:00:18.301169,DecisionTreeClassifier,Normalize_L1_1,,"[1, 0, 1, 0, 1, 0, 1, 0, 1, 0, 0, 1, 0, 0, 0, 0, 0, 1, 0, 0, 1, 0, 0, 1, 0, 1, 1, 1, 1, 0, 0, 0, 0, 1, 1, 0, 1, 1, 0, 1, 0, 0, 0, 0, 1, 1, 0, 0, 0]","{'max_depth': 100, 'min_samples_split': 100, 'min_samples_leaf': 100, 'max_features': 'sqrt', 'splitter': 'best'}",COMPLETE
281,0.0,2024-07-08 12:36:08.686347,2024-07-08 12:36:24.103867,0 days 00:00:15.417520,SVC,Normalize_L1_1,,"[1, 0, 1, 1, 0, 0, 1, 1, 1, 0, 1, 0, 1, 1, 1, 1, 1, 0, 1, 1, 0, 1, 1, 1, 1, 0, 0, 0, 1, 1, 0, 0, 1, 1, 0, 1, 1, 1, 1, 1, 0, 0, 1, 1, 0, 0, 1, 0, 1]","{'C': 100.0, 'kernel': 'poly', 'degree': 6, 'gamma': '0.01', 'coef0': 0.5, 'shrinking': False, 'probability': True, 'class_weight': None, 'decision_function_shape': 'ovr'}",COMPLETE
282,0.0,2024-07-08 12:36:09.976345,2024-07-08 12:36:28.514704,0 days 00:00:18.538359,ExtraTreesClassifier,Normalize_L1_1,KMeansSMOTE,,"{'n_estimators': 100, 'max_features': 'auto', 'max_depth': 50, 'min_samples_split': 5, 'min_samples_leaf': 5, 'bootstrap': False}",COMPLETE
283,0.7935483868407908,2024-07-08 12:36:11.045345,2024-07-08 12:36:28.620709,0 days 00:00:17.575364,DecisionTreeClassifier,Normalize_L2_1,,"[0, 1, 0, 1, 0, 0, 0, 1, 1, 0, 0, 1, 0, 1, 0, 0, 1, 1, 0, 1, 0, 1, 0, 0, 0, 1, 1, 1, 0, 1, 1, 1, 1, 1, 1, 1, 0, 1, 0, 1, 1, 0, 0, 0, 0, 1, 0, 0, 0]","{'max_depth': 200, 'min_samples_split': 200, 'min_samples_leaf': 50, 'max_features': 'sqrt', 'splitter': 'random'}",COMPLETE
284,0.0,2024-07-08 12:36:11.338344,2024-07-08 12:36:24.242550,0 days 00:00:12.904206,SVC,Normalize_L1_1,KMeansSMOTE,,"{'C': 1.0, 'kernel': 'linear', 'degree': 4, 'gamma': '0.1', 'coef0': 2.0, 'shrinking': True, 'probability': True, 'class_weight': 'balanced', 'decision_function_shape': 'ovo'}",COMPLETE
285,0.754838709433923,2024-07-08 12:36:11.572346,2024-07-08 12:36:21.887396,0 days 00:00:10.315050,XGBClassifier,Normalize_L2_0,TomekLinks,"[1, 0, 0, 1, 0, 1, 1, 0, 1, 0, 0, 1, 0, 1, 0, 0, 1, 1, 1, 1, 0, 0, 0, 0, 0, 0, 1, 1, 0, 0, 1, 0, 0, 0, 0, 0, 0, 1, 0, 1, 0, 1, 1, 1, 0, 0, 1, 0, 0]","{'n_estimators': 50, 'learning_rate': 10.0, 'max_depth': 5, 'min_child_weight': 5, 'subsample': 1.0, 'colsample_bytree': 0.7, 'gamma': 0.1, 'reg_alpha': 0.0, 'reg_lambda': 1.0}",COMPLETE
286,0.0,2024-07-08 12:36:11.769356,2024-07-08 12:36:26.901484,0 days 00:00:15.132128,ExtraTreesClassifier,Normalize_L1_1,,"[1, 1, 0, 1, 1, 0, 0, 1, 1, 0, 1, 0, 0, 1, 1, 1, 0, 0, 0, 1, 1, 1, 0, 0, 0, 1, 0, 1, 0, 1, 0, 0, 1, 0, 1, 0, 0, 1, 1, 1, 0, 0, 0, 1, 0, 0, 1, 0, 1]","{'n_estimators': 200, 'max_features': 'auto', 'max_depth': None, 'min_samples_split': 10, 'min_samples_leaf': 10, 'bootstrap': False}",COMPLETE
287,0.7806451610385015,2024-07-08 12:36:13.948345,2024-07-08 12:36:22.687393,0 days 00:00:08.739048,XGBClassifier,Normalize_L2_0,TomekLinks,"[0, 1, 1, 0, 1, 1, 0, 1, 1, 1, 1, 1, 1, 0, 0, 0, 1, 1, 1, 0, 0, 0, 1, 0, 1, 0, 0, 0, 0, 0, 0, 1, 1, 0, 1, 1, 1, 1, 1, 0, 0, 0, 0, 0, 0, 1, 1, 1, 1]","{'n_estimators': 50, 'learning_rate': 0.1, 'max_depth': 9, 'min_child_weight': 3, 'subsample': 1.0, 'colsample_bytree': 0.7, 'gamma': 0.5, 'reg_alpha': 0.1, 'reg_lambda': 0.0}",COMPLETE
288,0.7774193545879292,2024-07-08 12:36:14.206344,2024-07-08 12:36:34.943705,0 days 00:00:20.737361,XGBClassifier,Normalize_L2_0,,"[0, 1, 0, 1, 0, 0, 1, 0, 0, 1, 1, 1, 0, 1, 1, 1, 1, 1, 1, 1, 1, 0, 0, 0, 1, 0, 1, 1, 1, 1, 1, 0, 1, 0, 0, 0, 1, 0, 0, 0, 0, 0, 0, 1, 0, 1, 0, 0, 0]","{'n_estimators': 100, 'learning_rate': 10.0, 'max_depth': 3, 'min_child_weight': 3, 'subsample': 0.5, 'colsample_bytree': 0.7, 'gamma': 0.0, 'reg_alpha': 0.0, 'reg_lambda': 1.0}",COMPLETE
289,0.7935483868407908,2024-07-08 12:36:15.222351,2024-07-08 12:36:23.044393,0 days 00:00:07.822042,SVC,Normalize_L2_0,,"[1, 0, 0, 1, 1, 1, 0, 1, 1, 0, 1, 0, 0, 1, 0, 0, 0, 0, 1, 0, 1, 1, 1, 1, 0, 1, 0, 1, 0, 1, 0, 1, 0, 0, 0, 1, 0, 0, 0, 0, 1, 1, 0, 1, 0, 0, 1, 1, 1]","{'C': 10.0, 'kernel': 'sigmoid', 'degree': 5, 'gamma': 'auto', 'coef0': 0.1, 'shrinking': True, 'probability': True, 'class_weight': None, 'decision_function_shape': 'ovo'}",COMPLETE
290,0.30967741925494274,2024-07-08 12:36:15.512372,2024-07-08 12:36:40.563706,0 days 00:00:25.051334,XGBClassifier,Normalize_L2_0,SMOTETomek,"[0, 0, 0, 1, 1, 0, 0, 1, 0, 0, 1, 0, 0, 0, 1, 1, 0, 0, 1, 0, 0, 1, 1, 1, 1, 0, 0, 1, 1, 0, 1, 0, 1, 1, 1, 1, 1, 1, 0, 1, 0, 1, 0, 1, 1, 0, 1, 1, 0]","{'n_estimators': 1000, 'learning_rate': 0.1, 'max_depth': 5, 'min_child_weight': 5, 'subsample': 1.0, 'colsample_bytree': 0.7, 'gamma': 0.0, 'reg_alpha': 1.0, 'reg_lambda': 0.1}",COMPLETE
291,0.0,2024-07-08 12:36:17.141374,2024-07-08 12:36:27.024709,0 days 00:00:09.883335,SVC,Normalize_L1_1,KMeansSMOTE,,"{'C': 0.1, 'kernel': 'sigmoid', 'degree': 5, 'gamma': '0.1', 'coef0': 1.0, 'shrinking': False, 'probability': True, 'class_weight': 'balanced', 'decision_function_shape': 'ovr'}",COMPLETE
292,0.7290322578293443,2024-07-08 12:36:17.313376,2024-07-08 12:36:28.671709,0 days 00:00:11.358333,KNeighborsClassifier,Normalize_L2_1,,"[1, 0, 1, 0, 1, 1, 1, 1, 0, 1, 0, 0, 1, 0, 0, 1, 1, 0, 1, 0, 0, 0, 0, 1, 0, 0, 0, 1, 1, 0, 1, 1, 0, 1, 0, 1, 0, 0, 1, 0, 0, 0, 1, 0, 0, 0, 0, 0, 1]","{'n_neighbors': 10, 'weights': 'distance', 'algorithm': 'brute', 'leaf_size': 20, 'p': 2, 'metric': 'minkowski'}",COMPLETE
293,0.0,2024-07-08 12:36:18.460342,2024-07-08 12:36:25.842520,0 days 00:00:07.382178,SVC,Normalize_L1_1,KMeansSMOTE,,"{'C': 1.0, 'kernel': 'rbf', 'degree': 4, 'gamma': '0.001', 'coef0': 2.0, 'shrinking': False, 'probability': False, 'class_weight': 'balanced', 'decision_function_shape': 'ovr'}",COMPLETE
294,0.0,2024-07-08 12:36:18.779370,2024-07-08 12:36:25.758522,0 days 00:00:06.979152,SVC,Normalize_L1_1,KMeansSMOTE,,"{'C': 0.1, 'kernel': 'sigmoid', 'degree': 2, 'gamma': '0.1', 'coef0': 0.0, 'shrinking': True, 'probability': True, 'class_weight': None, 'decision_function_shape': 'ovo'}",COMPLETE
295,0.7935483868407908,2024-07-08 12:36:18.989348,2024-07-08 12:36:45.054704,0 days 00:00:26.065356,RandomForestClassifier,Normalize_L2_1,,"[1, 1, 0, 0, 1, 0, 1, 0, 1, 0, 1, 0, 0, 0, 0, 1, 0, 1, 1, 1, 0, 1, 1, 1, 0, 1, 1, 0, 1, 0, 0, 0, 1, 1, 0, 0, 1, 0, 1, 0, 1, 1, 0, 0, 0, 0, 0, 0, 0]","{'n_estimators': 500, 'max_features': 'sqrt', 'max_depth': 100, 'min_samples_split': 200, 'min_samples_leaf': 10, 'bootstrap': False}",COMPLETE
296,0.7935483868407908,2024-07-08 12:36:19.129347,2024-07-08 12:36:28.050706,0 days 00:00:08.921359,ExtraTreesClassifier,Normalize_L2_1,,"[0, 0, 1, 0, 1, 0, 0, 1, 0, 0, 1, 1, 1, 1, 1, 0, 0, 0, 1, 0, 0, 1, 1, 0, 0, 1, 0, 0, 0, 1, 0, 0, 1, 0, 0, 0, 1, 0, 1, 0, 0, 1, 1, 1, 0, 1, 0, 1, 1]","{'n_estimators': 10, 'max_features': 'sqrt', 'max_depth': 500, 'min_samples_split': 10, 'min_samples_leaf': 100, 'bootstrap': False}",COMPLETE
297,0.7935483868407908,2024-07-08 12:36:19.241344,2024-07-08 12:36:26.728489,0 days 00:00:07.487145,DecisionTreeClassifier,Normalize_L1_1,,"[1, 0, 1, 1, 1, 1, 0, 1, 0, 0, 0, 0, 1, 1, 0, 0, 0, 1, 0, 0, 0, 0, 1, 0, 0, 1, 1, 1, 1, 1, 1, 1, 0, 1, 0, 1, 1, 1, 0, 0, 0, 0, 1, 1, 0, 0, 1, 1, 0]","{'max_depth': 500, 'min_samples_split': 100, 'min_samples_leaf': 10, 'max_features': 'sqrt', 'splitter': 'random'}",COMPLETE
298,0.7999999997419355,2024-07-08 12:36:20.060345,2024-07-08 12:36:42.410706,0 days 00:00:22.350361,ExtraTreesClassifier,Normalize_L1_1,,"[0, 0, 1, 1, 0, 0, 0, 1, 0, 1, 0, 1, 0, 1, 0, 1, 1, 0, 1, 1, 1, 1, 1, 1, 0, 0, 0, 0, 0, 0, 1, 1, 1, 1, 1, 0, 1, 1, 0, 0, 1, 1, 0, 1, 1, 0, 0, 1, 0]","{'n_estimators': 2000, 'max_features': 'log2', 'max_depth': None, 'min_samples_split': 200, 'min_samples_leaf': 1, 'bootstrap': False}",COMPLETE
299,0.7967741932913631,2024-07-08 12:36:20.111344,2024-07-08 12:36:31.040707,0 days 00:00:10.929363,RandomForestClassifier,Normalize_L2_1,,"[0, 1, 1, 0, 0, 1, 0, 1, 0, 1, 0, 0, 1, 1, 1, 1, 1, 0, 0, 0, 1, 0, 1, 0, 1, 0, 0, 0, 0, 1, 0, 0, 0, 0, 0, 1, 0, 1, 1, 1, 0, 0, 1, 0, 0, 0, 1, 0, 0]","{'n_estimators': 50, 'max_features': 'log2', 'max_depth': None, 'min_samples_split': 100, 'min_samples_leaf': 2, 'bootstrap': True}",COMPLETE
300,0.7225806449281997,2024-07-08 12:36:20.247372,2024-07-08 12:36:30.248710,0 days 00:00:10.001338,KNeighborsClassifier,Normalize_L2_1,,"[0, 0, 1, 0, 0, 1, 0, 0, 1, 0, 1, 1, 0, 1, 0, 1, 0, 1, 1, 1, 0, 1, 0, 0, 0, 0, 0, 0, 1, 1, 1, 0, 0, 0, 1, 1, 0, 1, 1, 1, 0, 0, 0, 0, 1, 0, 0, 1, 0]","{'n_neighbors': 10, 'weights': 'distance', 'algorithm': 'brute', 'leaf_size': 40, 'p': 1, 'metric': 'minkowski'}",COMPLETE
301,0.5258064514432882,2024-07-08 12:36:20.318347,2024-07-08 12:36:52.381705,0 days 00:00:32.063358,RandomForestClassifier,RobustScaler,SMOTETomek,"[0, 0, 0, 1, 0, 1, 0, 0, 0, 1, 0, 0, 0, 0, 1, 1, 0, 0, 1, 1, 0, 1, 0, 0, 0, 1, 0, 1, 0, 0, 1, 0, 0, 0, 0, 1, 1, 0, 1, 1, 0, 1, 0, 1, 0, 0, 0, 0, 1]","{'n_estimators': 500, 'max_features': None, 'max_depth': 10, 'min_samples_split': 10, 'min_samples_leaf': 5, 'bootstrap': True}",COMPLETE
302,0.0,2024-07-08 12:36:21.171400,2024-07-08 12:36:34.378736,0 days 00:00:13.207336,RandomForestClassifier,Normalize_L2_0,SMOTETomek,"[0, 1, 0, 0, 0, 0, 0, 0, 0, 1, 1, 0, 0, 0, 1, 0, 0, 0, 0, 0, 1, 0, 1, 1, 1, 0, 1, 0, 1, 0, 1, 0, 1, 0, 0, 0, 0, 0, 1, 0, 0, 0, 1, 0, 0, 0, 1, 1, 1]","{'n_estimators': 1000, 'max_features': 'auto', 'max_depth': 1000, 'min_samples_split': 100, 'min_samples_leaf': 100, 'bootstrap': False}",COMPLETE
303,0.6096774191581685,2024-07-08 12:36:22.149408,2024-07-08 12:36:54.785704,0 days 00:00:32.636296,RandomForestClassifier,RobustScaler,SMOTETomek,"[1, 1, 1, 0, 0, 0, 1, 0, 1, 1, 0, 0, 0, 0, 1, 0, 1, 1, 1, 1, 1, 0, 1, 1, 1, 0, 1, 1, 1, 0, 0, 1, 0, 1, 0, 1, 1, 0, 0, 0, 0, 0, 0, 0, 1, 1, 0, 0, 1]","{'n_estimators': 500, 'max_features': None, 'max_depth': 500, 'min_samples_split': 200, 'min_samples_leaf': 1, 'bootstrap': False}",COMPLETE
304,0.5516129030478668,2024-07-08 12:36:22.238418,2024-07-08 12:36:39.811705,0 days 00:00:17.573287,RandomForestClassifier,RobustScaler,SMOTETomek,"[1, 1, 1, 1, 1, 0, 1, 1, 1, 0, 0, 0, 1, 1, 0, 0, 0, 0, 0, 1, 0, 1, 0, 0, 1, 1, 0, 1, 0, 0, 0, 0, 1, 1, 1, 1, 1, 1, 0, 1, 0, 0, 1, 0, 0, 0, 1, 1, 1]","{'n_estimators': 10, 'max_features': 'log2', 'max_depth': 500, 'min_samples_split': 5, 'min_samples_leaf': 10, 'bootstrap': True}",COMPLETE
305,0.0,2024-07-08 12:36:23.281403,2024-07-08 12:36:38.154709,0 days 00:00:14.873306,RandomForestClassifier,RobustScaler,SMOTETomek,"[1, 0, 0, 0, 1, 1, 0, 0, 0, 0, 1, 1, 1, 1, 1, 0, 0, 0, 1, 1, 0, 0, 0, 1, 0, 1, 0, 1, 0, 0, 0, 0, 0, 0, 1, 0, 0, 1, 1, 1, 0, 1, 0, 0, 1, 0, 0, 1, 0]","{'n_estimators': 50, 'max_features': 'auto', 'max_depth': None, 'min_samples_split': 100, 'min_samples_leaf': 10, 'bootstrap': True}",COMPLETE
306,0.0,2024-07-08 12:36:23.407435,2024-07-08 12:36:38.333707,0 days 00:00:14.926272,RandomForestClassifier,MinMaxScaler,,"[0, 0, 0, 1, 0, 0, 1, 1, 1, 0, 0, 1, 0, 0, 0, 0, 0, 1, 0, 1, 1, 0, 1, 0, 1, 1, 0, 0, 1, 1, 1, 1, 0, 0, 0, 0, 1, 1, 1, 1, 0, 1, 0, 0, 1, 1, 0, 0, 0]","{'n_estimators': 500, 'max_features': 'auto', 'max_depth': 100, 'min_samples_split': 200, 'min_samples_leaf': 50, 'bootstrap': True}",COMPLETE
307,0.7677419352362123,2024-07-08 12:36:23.965938,2024-07-08 12:36:42.797709,0 days 00:00:18.831771,XGBClassifier,Normalize_L2_1,,"[0, 1, 1, 0, 1, 1, 1, 0, 1, 0, 1, 1, 1, 0, 1, 0, 1, 1, 1, 1, 1, 0, 1, 0, 0, 0, 0, 0, 1, 1, 0, 0, 0, 0, 0, 1, 1, 1, 1, 0, 1, 0, 0, 1, 1, 1, 0, 1, 0]","{'n_estimators': 10, 'learning_rate': 0.5, 'max_depth': 9, 'min_child_weight': 3, 'subsample': 0.5, 'colsample_bytree': 0.7, 'gamma': 0.1, 'reg_alpha': 0.0, 'reg_lambda': 1.0}",COMPLETE
