number,value,datetime_start,datetime_complete,duration,params_model,params_normTechnique,params_sampleTechnique,user_attrs_binIndices,user_attrs_hyperparams,state
2217,0.7709677416867845,2024-07-08 13:04:34.007284,2024-07-08 13:05:12.360566,0 days 00:00:38.353282,BaggingClassifier,Normalize_L1_1,,"[0, 0, 0, 0, 1, 1, 1, 1, 1, 0, 0, 1, 0, 1, 0, 1, 1, 1, 1, 0, 0, 0, 0, 1, 1, 1, 1, 0, 0, 1, 1, 0, 0, 0, 1, 1, 0, 1, 1, 0, 0, 1, 1, 0, 0, 0, 1, 0, 1]","{'n_estimators': 100, 'max_samples': 0.5, 'max_features': 0.5, 'bootstrap': True, 'bootstrap_features': False}",COMPLETE
2218,0.5258064514432882,2024-07-08 13:04:34.168285,2024-07-08 13:05:52.331605,0 days 00:01:18.163320,GradientBoostingClassifier,Normalize_L1_1,,"[0, 0, 0, 0, 1, 1, 1, 0, 1, 1, 1, 0, 0, 1, 1, 0, 1, 0, 0, 0, 0, 1, 0, 1, 1, 1, 0, 0, 0, 1, 0, 0, 0, 1, 0, 0, 0, 1, 0, 1, 1, 1, 0, 0, 1, 0, 0, 1, 0]","{'n_estimators': 500, 'learning_rate': 10.0, 'max_depth': 3, 'min_samples_split': 50, 'min_samples_leaf': 5, 'subsample': 0.5, 'max_features': None}",COMPLETE
2219,0.7774193545879292,2024-07-08 13:04:34.426284,2024-07-08 13:05:25.585595,0 days 00:00:51.159311,BaggingClassifier,Normalize_L1_1,,"[0, 1, 0, 1, 1, 1, 0, 1, 1, 0, 1, 0, 0, 0, 0, 0, 1, 1, 0, 0, 1, 0, 0, 1, 1, 0, 1, 1, 1, 1, 0, 1, 0, 1, 0, 1, 0, 1, 1, 1, 1, 1, 1, 0, 1, 0, 0, 0, 1]","{'n_estimators': 100, 'max_samples': 0.5, 'max_features': 0.1, 'bootstrap': False, 'bootstrap_features': True}",COMPLETE
2220,0.7612903223350675,2024-07-08 13:04:34.506285,2024-07-08 13:05:22.435567,0 days 00:00:47.929282,BaggingClassifier,Normalize_L1_1,,"[0, 0, 1, 0, 0, 1, 1, 0, 0, 0, 0, 0, 1, 0, 0, 1, 0, 0, 1, 1, 0, 0, 0, 1, 0, 0, 1, 1, 0, 1, 0, 0, 0, 0, 1, 1, 0, 1, 0, 1, 1, 1, 1, 0, 0, 1, 0, 0, 0]","{'n_estimators': 1000, 'max_samples': 1.0, 'max_features': 0.5, 'bootstrap': True, 'bootstrap_features': True}",COMPLETE
2221,0.554838709498439,2024-07-08 13:04:34.591286,2024-07-08 13:05:29.704566,0 days 00:00:55.113280,BaggingClassifier,Normalize_L1_1,RandomOverSampler,"[0, 0, 1, 1, 0, 1, 1, 1, 0, 1, 0, 0, 1, 0, 0, 0, 0, 1, 0, 1, 1, 0, 0, 1, 1, 1, 0, 0, 0, 1, 1, 1, 0, 1, 1, 0, 0, 1, 1, 1, 1, 1, 0, 1, 1, 1, 0, 1, 0]","{'n_estimators': 10, 'max_samples': 0.1, 'max_features': 0.1, 'bootstrap': True, 'bootstrap_features': False}",COMPLETE
2222,0.7709677416867845,2024-07-08 13:04:34.728314,2024-07-08 13:05:22.165606,0 days 00:00:47.437292,BaggingClassifier,Normalize_L1_1,,"[1, 0, 1, 0, 1, 0, 1, 1, 0, 0, 0, 0, 1, 1, 1, 0, 1, 1, 0, 0, 1, 1, 0, 0, 1, 1, 1, 0, 0, 0, 0, 0, 1, 0, 0, 0, 0, 0, 1, 0, 1, 1, 1, 1, 1, 0, 0, 1, 1]","{'n_estimators': 500, 'max_samples': 0.5, 'max_features': 1.0, 'bootstrap': False, 'bootstrap_features': False}",COMPLETE
2223,0.8064516126430801,2024-07-08 13:04:34.825313,2024-07-08 13:05:19.129568,0 days 00:00:44.304255,BaggingClassifier,Normalize_L1_1,,"[0, 1, 1, 0, 1, 1, 1, 1, 0, 0, 1, 0, 0, 0, 1, 0, 1, 0, 1, 1, 1, 1, 0, 0, 1, 1, 0, 1, 0, 0, 0, 1, 0, 0, 1, 0, 0, 1, 0, 1, 0, 0, 1, 0, 1, 0, 1, 0, 0]","{'n_estimators': 1000, 'max_samples': 0.1, 'max_features': 0.1, 'bootstrap': True, 'bootstrap_features': True}",COMPLETE
2224,0.7838709674890738,2024-07-08 13:04:34.911313,2024-07-08 13:05:28.098608,0 days 00:00:53.187295,BaggingClassifier,Normalize_L1_1,,"[0, 1, 0, 1, 1, 0, 1, 0, 1, 0, 0, 1, 1, 0, 0, 1, 0, 1, 1, 0, 1, 0, 1, 0, 0, 0, 1, 0, 1, 1, 0, 0, 1, 0, 1, 0, 0, 0, 0, 1, 1, 1, 0, 0, 0, 1, 0, 1, 0]","{'n_estimators': 100, 'max_samples': 0.5, 'max_features': 0.5, 'bootstrap': True, 'bootstrap_features': True}",COMPLETE
2225,0.5387096772455775,2024-07-08 13:04:34.967284,2024-07-08 13:05:42.981637,0 days 00:01:08.014353,BaggingClassifier,MinMaxScaler,RandomOverSampler,"[0, 0, 0, 0, 0, 0, 0, 0, 0, 1, 1, 1, 1, 1, 0, 0, 0, 1, 1, 0, 0, 1, 1, 0, 0, 0, 1, 1, 0, 1, 0, 0, 0, 0, 0, 0, 1, 0, 1, 1, 1, 0, 0, 0, 1, 0, 1, 0, 0]","{'n_estimators': 100, 'max_samples': 0.1, 'max_features': 1.0, 'bootstrap': True, 'bootstrap_features': True}",COMPLETE
2226,0.7935483868407908,2024-07-08 13:04:35.122284,2024-07-08 13:05:23.771566,0 days 00:00:48.649282,GradientBoostingClassifier,Normalize_L1_1,,"[0, 1, 1, 1, 1, 0, 1, 0, 0, 1, 1, 1, 0, 1, 1, 1, 0, 0, 1, 1, 0, 1, 0, 0, 1, 1, 0, 1, 1, 0, 1, 1, 0, 0, 0, 1, 1, 0, 1, 1, 1, 0, 1, 0, 0, 0, 1, 1, 0]","{'n_estimators': 10, 'learning_rate': 0.5, 'max_depth': 7, 'min_samples_split': 2, 'min_samples_leaf': 50, 'subsample': 0.7, 'max_features': None}",COMPLETE
2227,0.5677419353007284,2024-07-08 13:04:35.202288,2024-07-08 13:05:49.751639,0 days 00:01:14.549351,BaggingClassifier,MinMaxScaler,RandomUnderSampler,"[0, 1, 1, 0, 0, 1, 1, 0, 1, 1, 1, 1, 1, 1, 1, 1, 0, 1, 0, 1, 1, 1, 0, 1, 0, 1, 0, 0, 0, 0, 1, 1, 1, 1, 1, 0, 1, 1, 1, 1, 0, 0, 0, 0, 0, 1, 0, 1, 1]","{'n_estimators': 10, 'max_samples': 0.5, 'max_features': 0.5, 'bootstrap': False, 'bootstrap_features': True}",COMPLETE
2228,0.0,2024-07-08 13:04:35.401287,2024-07-08 13:05:19.130574,0 days 00:00:43.729287,GradientBoostingClassifier,Normalize_L1_1,,"[0, 0, 1, 0, 1, 1, 0, 1, 0, 1, 0, 0, 0, 0, 1, 0, 0, 1, 1, 0, 1, 0, 0, 1, 1, 1, 0, 1, 1, 0, 0, 0, 1, 1, 1, 0, 1, 1, 1, 0, 1, 0, 0, 1, 1, 1, 0, 1, 0]","{'n_estimators': 200, 'learning_rate': 10.0, 'max_depth': 7, 'min_samples_split': 10, 'min_samples_leaf': 5, 'subsample': 1.0, 'max_features': 'auto'}",COMPLETE
2229,0.7612903223350675,2024-07-08 13:04:35.507287,2024-07-08 13:05:24.769570,0 days 00:00:49.262283,BaggingClassifier,Normalize_L1_1,,"[0, 0, 1, 1, 0, 0, 1, 1, 0, 1, 0, 0, 0, 0, 0, 1, 1, 0, 1, 0, 0, 0, 0, 1, 1, 0, 1, 0, 1, 0, 0, 0, 0, 0, 0, 0, 1, 1, 0, 1, 0, 1, 0, 1, 0, 0, 1, 1, 0]","{'n_estimators': 10, 'max_samples': 1.0, 'max_features': 0.5, 'bootstrap': False, 'bootstrap_features': True}",COMPLETE
2230,0.7838709674890738,2024-07-08 13:04:37.367286,2024-07-08 13:05:24.075563,0 days 00:00:46.708277,BaggingClassifier,Normalize_L1_1,,"[0, 1, 1, 0, 1, 0, 0, 1, 1, 0, 1, 1, 0, 1, 1, 0, 1, 0, 0, 0, 0, 1, 0, 1, 0, 0, 0, 1, 0, 1, 1, 0, 1, 1, 1, 0, 1, 1, 0, 1, 0, 1, 0, 0, 0, 0, 1, 1, 0]","{'n_estimators': 10, 'max_samples': 0.1, 'max_features': 0.5, 'bootstrap': True, 'bootstrap_features': True}",COMPLETE
2231,0.43548387082726325,2024-07-08 13:04:39.078285,2024-07-08 13:05:47.677608,0 days 00:01:08.599323,BaggingClassifier,MinMaxScaler,NearMiss,"[1, 1, 0, 1, 0, 0, 0, 1, 1, 1, 1, 1, 0, 1, 0, 1, 0, 1, 1, 1, 1, 1, 0, 0, 0, 1, 1, 1, 1, 1, 1, 1, 1, 0, 1, 0, 1, 0, 1, 1, 1, 1, 1, 1, 0, 1, 0, 1, 0]","{'n_estimators': 500, 'max_samples': 0.1, 'max_features': 1.0, 'bootstrap': True, 'bootstrap_features': False}",COMPLETE
2232,0.4483870966295525,2024-07-08 13:04:39.415285,2024-07-08 13:05:38.080632,0 days 00:00:58.665347,BaggingClassifier,Normalize_L1_1,BorderlineSMOTE,"[0, 1, 0, 0, 0, 0, 1, 0, 0, 1, 0, 1, 0, 0, 1, 1, 0, 1, 0, 1, 0, 1, 1, 1, 1, 0, 0, 0, 1, 0, 1, 0, 1, 1, 1, 0, 1, 0, 0, 1, 1, 1, 0, 1, 0, 1, 0, 1, 1]","{'n_estimators': 200, 'max_samples': 0.5, 'max_features': 0.5, 'bootstrap': False, 'bootstrap_features': False}",COMPLETE
2233,0.7290322578293443,2024-07-08 13:04:39.849285,2024-07-08 13:05:27.284574,0 days 00:00:47.435289,DecisionTreeClassifier,Normalize_L1_1,,"[1, 0, 0, 1, 1, 0, 1, 1, 1, 0, 1, 1, 0, 0, 0, 0, 1, 1, 0, 1, 1, 0, 1, 1, 0, 0, 0, 1, 1, 0, 0, 0, 1, 1, 0, 0, 1, 0, 0, 0, 1, 0, 0, 1, 1, 0, 1, 0, 1]","{'max_depth': 100, 'min_samples_split': 5, 'min_samples_leaf': 5, 'max_features': 'log2', 'splitter': 'random'}",COMPLETE
2234,0.7580645158844953,2024-07-08 13:04:47.149284,2024-07-08 13:05:28.491618,0 days 00:00:41.342334,BaggingClassifier,Normalize_L1_1,,"[1, 1, 1, 1, 1, 0, 1, 1, 0, 0, 1, 0, 1, 1, 0, 1, 0, 1, 1, 0, 1, 1, 1, 1, 1, 1, 0, 1, 0, 0, 1, 0, 0, 1, 1, 1, 1, 1, 1, 0, 0, 0, 0, 1, 1, 1, 1, 0, 1]","{'n_estimators': 10, 'max_samples': 0.5, 'max_features': 1.0, 'bootstrap': True, 'bootstrap_features': True}",COMPLETE
2235,0.6709677417190426,2024-07-08 13:04:49.452288,2024-07-08 13:05:28.849579,0 days 00:00:39.397291,KNeighborsClassifier,Normalize_L1_1,BorderlineSMOTE,"[0, 0, 0, 1, 0, 0, 1, 1, 0, 1, 1, 0, 1, 0, 1, 1, 0, 1, 0, 0, 1, 1, 0, 1, 1, 0, 0, 0, 1, 0, 1, 0, 1, 0, 0, 0, 0, 1, 0, 1, 0, 1, 1, 1, 1, 1, 0, 1, 0]","{'n_neighbors': 20, 'weights': 'uniform', 'algorithm': 'kd_tree', 'leaf_size': 50, 'p': 1, 'metric': 'minkowski'}",COMPLETE
2236,0.7032258062247658,2024-07-08 13:04:53.462289,2024-07-08 13:06:02.783644,0 days 00:01:09.321355,BaggingClassifier,MinMaxScaler,,"[1, 0, 1, 1, 0, 1, 1, 0, 1, 1, 1, 1, 0, 1, 0, 1, 0, 0, 0, 0, 0, 0, 0, 0, 0, 1, 1, 1, 1, 0, 0, 1, 1, 1, 1, 1, 0, 1, 1, 0, 1, 1, 1, 1, 0, 1, 0, 1, 0]","{'n_estimators': 10, 'max_samples': 0.5, 'max_features': 0.1, 'bootstrap': True, 'bootstrap_features': True}",COMPLETE
2237,0.7516129029833506,2024-07-08 13:04:58.493291,2024-07-08 13:05:26.859596,0 days 00:00:28.366305,BaggingClassifier,Normalize_L1_1,,"[1, 1, 1, 0, 0, 1, 0, 0, 0, 1, 1, 0, 1, 1, 1, 1, 1, 0, 1, 0, 0, 0, 1, 0, 0, 0, 0, 0, 0, 0, 0, 0, 0, 0, 0, 1, 1, 1, 0, 1, 0, 0, 0, 0, 1, 1, 0, 1, 0]","{'n_estimators': 10, 'max_samples': 0.5, 'max_features': 0.1, 'bootstrap': True, 'bootstrap_features': True}",COMPLETE
2238,0.5419354836961499,2024-07-08 13:05:11.989592,2024-07-08 13:05:55.984629,0 days 00:00:43.995037,KNeighborsClassifier,MinMaxScaler,RandomOverSampler,"[1, 0, 0, 0, 0, 0, 0, 0, 1, 1, 0, 1, 0, 0, 1, 1, 0, 1, 1, 0, 1, 0, 1, 0, 1, 0, 0, 0, 1, 1, 1, 0, 1, 1, 1, 1, 0, 0, 0, 0, 1, 0, 0, 1, 1, 0, 0, 1, 1]","{'n_neighbors': 20, 'weights': 'uniform', 'algorithm': 'kd_tree', 'leaf_size': 40, 'p': 2, 'metric': 'minkowski'}",COMPLETE
2239,0.49999999983870963,2024-07-08 13:05:13.261565,2024-07-08 13:06:40.388495,0 days 00:01:27.126930,BaggingClassifier,MinMaxScaler,BorderlineSMOTE,"[0, 0, 1, 1, 0, 0, 0, 1, 0, 1, 1, 0, 0, 0, 0, 1, 0, 0, 0, 1, 0, 0, 0, 1, 0, 0, 0, 0, 1, 1, 0, 0, 1, 0, 0, 1, 0, 1, 0, 0, 0, 0, 1, 0, 1, 0, 0, 0, 1]","{'n_estimators': 1000, 'max_samples': 1.0, 'max_features': 0.5, 'bootstrap': True, 'bootstrap_features': False}",COMPLETE
2240,0.5354838707950051,2024-07-08 13:05:14.539565,2024-07-08 13:05:52.973666,0 days 00:00:38.434101,BaggingClassifier,MinMaxScaler,RandomUnderSampler,"[0, 0, 0, 1, 0, 0, 1, 1, 0, 0, 0, 0, 1, 0, 1, 1, 1, 0, 1, 0, 0, 0, 0, 1, 0, 1, 0, 1, 0, 1, 1, 1, 1, 1, 0, 0, 0, 1, 1, 0, 0, 0, 0, 1, 0, 0, 1, 1, 0]","{'n_estimators': 1000, 'max_samples': 0.1, 'max_features': 1.0, 'bootstrap': True, 'bootstrap_features': True}",COMPLETE
2241,0.6838709675213319,2024-07-08 13:05:15.486565,2024-07-08 13:05:52.487609,0 days 00:00:37.001044,BaggingClassifier,MinMaxScaler,,"[0, 0, 1, 1, 1, 1, 1, 0, 1, 0, 1, 1, 1, 0, 0, 1, 1, 0, 1, 0, 0, 0, 1, 0, 1, 1, 0, 1, 0, 0, 1, 1, 1, 0, 1, 0, 1, 1, 1, 1, 1, 1, 1, 1, 1, 1, 0, 0, 0]","{'n_estimators': 10, 'max_samples': 0.5, 'max_features': 1.0, 'bootstrap': True, 'bootstrap_features': False}",COMPLETE
2242,0.6129032256087409,2024-07-08 13:05:16.113605,2024-07-08 13:05:42.421635,0 days 00:00:26.308030,KNeighborsClassifier,Normalize_L1_1,RandomUnderSampler,"[0, 0, 1, 0, 1, 0, 1, 0, 1, 1, 1, 0, 1, 0, 0, 0, 1, 0, 0, 1, 0, 0, 0, 1, 0, 1, 1, 1, 0, 1, 1, 0, 1, 0, 0, 0, 0, 0, 0, 1, 1, 0, 1, 1, 0, 0, 0, 0, 0]","{'n_neighbors': 20, 'weights': 'distance', 'algorithm': 'kd_tree', 'leaf_size': 50, 'p': 1, 'metric': 'manhattan'}",COMPLETE
2243,0.412903225673257,2024-07-08 13:05:18.586622,2024-07-08 13:06:30.641472,0 days 00:01:12.054850,BaggingClassifier,Normalize_L1_1,RandomUnderSampler,"[0, 1, 1, 1, 1, 0, 1, 1, 1, 1, 1, 1, 1, 0, 1, 0, 0, 1, 1, 0, 0, 0, 0, 0, 0, 1, 1, 1, 0, 0, 1, 1, 1, 0, 0, 1, 1, 1, 1, 0, 0, 0, 1, 0, 0, 1, 0, 0, 0]","{'n_estimators': 50, 'max_samples': 1.0, 'max_features': 0.5, 'bootstrap': False, 'bootstrap_features': True}",COMPLETE
2244,0.0,2024-07-08 13:05:18.822573,2024-07-08 13:05:38.089633,0 days 00:00:19.267060,DecisionTreeClassifier,Normalize_L1_1,RandomOverSampler,"[1, 0, 0, 1, 0, 1, 0, 0, 1, 1, 1, 0, 0, 0, 0, 0, 0, 0, 1, 0, 0, 0, 0, 0, 0, 0, 1, 0, 0, 1, 0, 0, 1, 0, 0, 0, 0, 1, 0, 1, 1, 1, 1, 0, 1, 1, 0, 0, 1]","{'max_depth': 50, 'min_samples_split': 5, 'min_samples_leaf': 2, 'max_features': 'auto', 'splitter': 'best'}",COMPLETE
2245,0.7999999997419355,2024-07-08 13:05:19.255596,2024-07-08 13:06:51.019446,0 days 00:01:31.763850,BaggingClassifier,Normalize_L1_1,,"[0, 1, 0, 0, 0, 0, 0, 0, 0, 0, 0, 1, 0, 1, 1, 1, 1, 1, 0, 0, 1, 1, 1, 0, 0, 1, 1, 1, 1, 1, 1, 0, 0, 0, 0, 1, 0, 1, 1, 0, 0, 1, 0, 1, 0, 0, 0, 1, 0]","{'n_estimators': 500, 'max_samples': 0.1, 'max_features': 0.5, 'bootstrap': False, 'bootstrap_features': False}",COMPLETE
2246,0.7741935481373569,2024-07-08 13:05:19.418609,2024-07-08 13:06:26.617442,0 days 00:01:07.198833,BaggingClassifier,Normalize_L1_1,,"[1, 1, 1, 0, 1, 0, 1, 0, 1, 1, 1, 0, 0, 1, 0, 0, 1, 1, 0, 1, 1, 0, 0, 0, 1, 0, 1, 1, 0, 1, 1, 0, 1, 0, 1, 0, 0, 1, 1, 1, 0, 1, 0, 1, 0, 0, 0, 1, 0]","{'n_estimators': 10, 'max_samples': 0.5, 'max_features': 1.0, 'bootstrap': False, 'bootstrap_features': False}",COMPLETE
2247,0.7709677416867845,2024-07-08 13:05:20.450574,2024-07-08 13:06:17.988875,0 days 00:00:57.538301,BaggingClassifier,Normalize_L1_1,,"[0, 1, 0, 1, 0, 1, 0, 0, 0, 1, 1, 0, 0, 1, 1, 1, 0, 0, 0, 1, 1, 1, 1, 1, 1, 0, 1, 1, 1, 0, 1, 1, 1, 0, 0, 0, 1, 0, 1, 1, 0, 1, 0, 1, 0, 0, 1, 0, 1]","{'n_estimators': 200, 'max_samples': 0.5, 'max_features': 1.0, 'bootstrap': False, 'bootstrap_features': True}",COMPLETE
2248,0.7774193545879292,2024-07-08 13:05:23.889568,2024-07-08 13:06:22.172455,0 days 00:00:58.282887,BaggingClassifier,Normalize_L1_1,,"[0, 1, 0, 1, 1, 1, 0, 1, 0, 1, 0, 1, 1, 1, 0, 1, 1, 0, 1, 0, 0, 1, 0, 0, 1, 0, 1, 0, 0, 1, 0, 0, 1, 0, 1, 0, 1, 1, 1, 1, 1, 0, 0, 0, 0, 1, 0, 0, 0]","{'n_estimators': 500, 'max_samples': 0.5, 'max_features': 0.1, 'bootstrap': True, 'bootstrap_features': False}",COMPLETE
2249,0.4322580643766909,2024-07-08 13:05:24.237566,2024-07-08 13:06:24.520476,0 days 00:01:00.282910,BaggingClassifier,Normalize_L1_1,RandomUnderSampler,"[1, 0, 0, 0, 1, 1, 0, 1, 1, 1, 0, 0, 0, 0, 0, 0, 0, 1, 0, 1, 0, 1, 0, 0, 0, 0, 0, 1, 0, 0, 0, 1, 0, 0, 1, 1, 0, 0, 0, 1, 1, 1, 0, 1, 0, 1, 1, 0, 1]","{'n_estimators': 1000, 'max_samples': 1.0, 'max_features': 0.1, 'bootstrap': False, 'bootstrap_features': False}",COMPLETE
2250,0.7774193545879292,2024-07-08 13:05:25.332574,2024-07-08 13:06:30.632444,0 days 00:01:05.299870,BaggingClassifier,Normalize_L1_1,,"[0, 1, 0, 1, 1, 0, 1, 1, 1, 0, 1, 0, 0, 0, 0, 0, 0, 0, 1, 1, 0, 1, 1, 0, 0, 0, 0, 1, 0, 1, 0, 0, 0, 0, 1, 1, 1, 0, 0, 0, 0, 0, 0, 1, 0, 0, 1, 1, 1]","{'n_estimators': 1000, 'max_samples': 0.5, 'max_features': 0.5, 'bootstrap': True, 'bootstrap_features': True}",COMPLETE
2251,0.7645161287856399,2024-07-08 13:05:25.705567,2024-07-08 13:06:25.696452,0 days 00:00:59.990885,BaggingClassifier,Normalize_L1_1,,"[1, 0, 1, 1, 1, 0, 1, 1, 1, 1, 0, 0, 0, 0, 0, 1, 1, 0, 0, 1, 0, 0, 1, 0, 0, 0, 1, 0, 1, 1, 1, 0, 0, 0, 1, 1, 0, 1, 0, 1, 0, 1, 0, 0, 1, 0, 1, 1, 0]","{'n_estimators': 1000, 'max_samples': 0.5, 'max_features': 0.1, 'bootstrap': False, 'bootstrap_features': False}",COMPLETE
2252,0.7677419352362123,2024-07-08 13:05:25.911573,2024-07-08 13:06:24.427445,0 days 00:00:58.515872,BaggingClassifier,Normalize_L1_1,,"[1, 0, 0, 0, 0, 0, 1, 1, 0, 1, 0, 1, 1, 0, 0, 1, 0, 1, 0, 0, 0, 1, 0, 1, 1, 1, 1, 1, 0, 1, 1, 1, 1, 0, 0, 1, 1, 1, 1, 0, 0, 0, 0, 1, 0, 0, 0, 0, 1]","{'n_estimators': 500, 'max_samples': 0.5, 'max_features': 0.1, 'bootstrap': False, 'bootstrap_features': True}",COMPLETE
2253,0.42258064502497394,2024-07-08 13:05:26.001566,2024-07-08 13:06:43.802443,0 days 00:01:17.800877,BaggingClassifier,Normalize_L1_1,NearMiss,"[1, 1, 1, 1, 0, 1, 1, 0, 0, 0, 0, 0, 0, 0, 1, 1, 0, 0, 0, 1, 1, 0, 1, 1, 0, 0, 0, 0, 0, 1, 1, 0, 0, 0, 1, 0, 0, 1, 0, 1, 1, 1, 0, 0, 0, 1, 0, 1, 0]","{'n_estimators': 500, 'max_samples': 0.1, 'max_features': 0.1, 'bootstrap': False, 'bootstrap_features': False}",COMPLETE
2254,0.6290322578616024,2024-07-08 13:05:26.308597,2024-07-08 13:06:30.659478,0 days 00:01:04.350881,BaggingClassifier,MinMaxScaler,,"[0, 1, 1, 0, 1, 1, 1, 0, 1, 0, 1, 0, 0, 1, 0, 0, 0, 0, 1, 0, 0, 1, 0, 1, 0, 1, 1, 0, 1, 1, 0, 0, 0, 0, 1, 1, 0, 1, 0, 0, 1, 0, 0, 1, 0, 1, 1, 1, 1]","{'n_estimators': 500, 'max_samples': 1.0, 'max_features': 0.1, 'bootstrap': True, 'bootstrap_features': False}",COMPLETE
2255,0.8032258061925077,2024-07-08 13:05:26.489580,2024-07-08 13:06:35.568442,0 days 00:01:09.078862,BaggingClassifier,Normalize_L1_1,,"[0, 1, 0, 0, 0, 0, 1, 1, 1, 1, 0, 1, 0, 0, 0, 1, 1, 0, 1, 1, 0, 1, 1, 1, 1, 1, 0, 0, 0, 0, 0, 1, 0, 1, 0, 1, 0, 0, 0, 1, 1, 0, 1, 1, 1, 1, 0, 0, 1]","{'n_estimators': 1000, 'max_samples': 0.1, 'max_features': 0.1, 'bootstrap': False, 'bootstrap_features': False}",COMPLETE
2256,0.7741935481373569,2024-07-08 13:05:26.691565,2024-07-08 13:06:24.850445,0 days 00:00:58.158880,BaggingClassifier,Normalize_L1_1,,"[1, 1, 0, 1, 1, 0, 1, 1, 1, 0, 1, 0, 0, 1, 1, 0, 0, 1, 0, 0, 0, 1, 1, 0, 0, 1, 0, 0, 0, 1, 1, 1, 0, 0, 1, 1, 1, 0, 0, 1, 1, 0, 0, 0, 0, 1, 0, 0, 1]","{'n_estimators': 100, 'max_samples': 0.5, 'max_features': 1.0, 'bootstrap': True, 'bootstrap_features': True}",COMPLETE
2257,0.6806451610707596,2024-07-08 13:05:27.432567,2024-07-08 13:07:07.266443,0 days 00:01:39.833876,BaggingClassifier,Normalize_Max_0,,"[1, 0, 1, 1, 0, 0, 0, 1, 1, 0, 1, 0, 0, 0, 0, 0, 1, 1, 0, 1, 0, 1, 1, 0, 1, 1, 1, 1, 1, 1, 1, 0, 1, 1, 0, 1, 0, 1, 0, 0, 0, 1, 1, 0, 1, 0, 1, 1, 1]","{'n_estimators': 500, 'max_samples': 0.5, 'max_features': 0.5, 'bootstrap': True, 'bootstrap_features': False}",COMPLETE
2258,0.7999999997419355,2024-07-08 13:05:29.533574,2024-07-08 13:06:23.574445,0 days 00:00:54.040871,BaggingClassifier,Normalize_L1_1,,"[0, 0, 0, 0, 0, 0, 1, 1, 1, 1, 0, 0, 1, 1, 0, 0, 1, 1, 1, 1, 0, 1, 0, 1, 0, 1, 1, 1, 1, 0, 0, 0, 1, 1, 0, 0, 0, 0, 1, 0, 1, 0, 0, 0, 1, 1, 0, 0, 0]","{'n_estimators': 1000, 'max_samples': 0.1, 'max_features': 0.1, 'bootstrap': False, 'bootstrap_features': False}",COMPLETE
2259,0.7999999997419355,2024-07-08 13:05:31.686647,2024-07-08 13:06:27.332443,0 days 00:00:55.645796,BaggingClassifier,Normalize_L1_1,,"[0, 0, 0, 1, 0, 0, 0, 0, 0, 0, 0, 1, 1, 0, 0, 1, 0, 1, 1, 1, 1, 1, 1, 0, 1, 1, 0, 0, 1, 1, 1, 0, 1, 0, 1, 0, 1, 0, 1, 0, 1, 1, 0, 1, 0, 0, 0, 1, 0]","{'n_estimators': 1000, 'max_samples': 0.1, 'max_features': 0.1, 'bootstrap': False, 'bootstrap_features': False}",COMPLETE
2260,0.7612903223350675,2024-07-08 13:05:32.280660,2024-07-08 13:06:35.793453,0 days 00:01:03.512793,BaggingClassifier,Normalize_L1_1,,"[1, 0, 1, 1, 1, 1, 1, 1, 0, 1, 0, 1, 1, 0, 0, 1, 1, 0, 1, 0, 0, 1, 0, 0, 1, 0, 1, 1, 1, 1, 0, 0, 1, 1, 0, 0, 0, 1, 0, 0, 1, 0, 1, 0, 1, 0, 1, 1, 1]","{'n_estimators': 10, 'max_samples': 1.0, 'max_features': 0.1, 'bootstrap': True, 'bootstrap_features': True}",COMPLETE
2261,0.7870967739396462,2024-07-08 13:05:32.932652,2024-07-08 13:06:46.712470,0 days 00:01:13.779818,BaggingClassifier,Normalize_L1_1,,"[0, 0, 0, 1, 0, 1, 1, 1, 0, 0, 1, 0, 1, 0, 1, 0, 1, 0, 1, 1, 0, 0, 0, 1, 0, 0, 0, 0, 1, 1, 0, 0, 0, 1, 0, 1, 1, 1, 1, 0, 0, 0, 1, 0, 0, 0, 0, 1, 0]","{'n_estimators': 50, 'max_samples': 0.1, 'max_features': 0.5, 'bootstrap': True, 'bootstrap_features': False}",COMPLETE
2262,0.7741935481373569,2024-07-08 13:05:33.772606,2024-07-08 13:06:25.479444,0 days 00:00:51.706838,BaggingClassifier,Normalize_L1_1,,"[1, 0, 0, 0, 1, 1, 1, 1, 0, 1, 1, 0, 1, 1, 0, 1, 0, 0, 1, 1, 1, 0, 1, 1, 1, 1, 1, 1, 1, 1, 0, 1, 1, 0, 1, 0, 1, 1, 0, 1, 1, 1, 0, 0, 0, 0, 0, 1, 1]","{'n_estimators': 100, 'max_samples': 0.5, 'max_features': 0.1, 'bootstrap': True, 'bootstrap_features': True}",COMPLETE
2263,0.7645161287856399,2024-07-08 13:05:35.396608,2024-07-08 13:06:21.929454,0 days 00:00:46.532846,BaggingClassifier,Normalize_L1_1,,"[0, 1, 1, 0, 0, 1, 1, 1, 0, 0, 1, 1, 0, 1, 0, 1, 0, 1, 1, 0, 1, 0, 0, 1, 1, 0, 1, 1, 1, 0, 1, 0, 1, 0, 1, 1, 0, 0, 1, 1, 0, 1, 1, 0, 0, 1, 1, 0, 0]","{'n_estimators': 100, 'max_samples': 1.0, 'max_features': 0.5, 'bootstrap': False, 'bootstrap_features': True}",COMPLETE
2264,0.5677419353007284,2024-07-08 13:05:35.785611,2024-07-08 13:06:44.995486,0 days 00:01:09.209875,BaggingClassifier,Normalize_L1_1,SMOTEENN,"[1, 1, 1, 1, 1, 0, 1, 0, 1, 1, 1, 1, 1, 0, 1, 0, 1, 0, 0, 1, 1, 0, 1, 0, 1, 1, 1, 0, 1, 0, 0, 0, 1, 1, 1, 0, 0, 0, 1, 0, 1, 1, 0, 1, 0, 1, 0, 0, 0]","{'n_estimators': 50, 'max_samples': 0.1, 'max_features': 0.1, 'bootstrap': True, 'bootstrap_features': True}",COMPLETE
2265,0.7677419352362123,2024-07-08 13:05:36.640605,2024-07-08 13:06:44.500445,0 days 00:01:07.859840,BaggingClassifier,Normalize_L1_1,,"[0, 0, 1, 0, 0, 1, 0, 0, 0, 1, 0, 1, 1, 1, 0, 0, 0, 1, 1, 1, 1, 0, 0, 0, 0, 0, 1, 0, 1, 1, 1, 1, 1, 1, 1, 1, 0, 1, 0, 1, 1, 1, 1, 1, 0, 0, 1, 1, 1]","{'n_estimators': 1000, 'max_samples': 0.5, 'max_features': 0.1, 'bootstrap': False, 'bootstrap_features': True}",COMPLETE
2266,0.7999999997419355,2024-07-08 13:05:39.001605,2024-07-08 13:06:39.369472,0 days 00:01:00.367867,BaggingClassifier,Normalize_L1_1,,"[1, 0, 0, 1, 1, 1, 0, 0, 1, 1, 1, 1, 0, 1, 1, 1, 1, 0, 0, 1, 0, 1, 0, 0, 0, 1, 1, 0, 1, 1, 0, 0, 0, 1, 1, 0, 0, 0, 0, 0, 0, 1, 1, 1, 0, 0, 1, 0, 0]","{'n_estimators': 50, 'max_samples': 0.1, 'max_features': 0.5, 'bootstrap': False, 'bootstrap_features': False}",COMPLETE
2267,0.7838709674890738,2024-07-08 13:05:40.860611,2024-07-08 13:06:23.447444,0 days 00:00:42.586833,BaggingClassifier,Normalize_L1_1,,"[1, 0, 0, 0, 1, 1, 0, 1, 1, 1, 0, 1, 0, 1, 1, 1, 1, 0, 0, 1, 0, 0, 1, 0, 1, 0, 1, 1, 0, 0, 1, 0, 0, 0, 0, 0, 1, 1, 0, 0, 0, 0, 0, 1, 0, 1, 0, 0, 1]","{'n_estimators': 10, 'max_samples': 0.1, 'max_features': 0.1, 'bootstrap': True, 'bootstrap_features': False}",COMPLETE
2268,0.45161290308012486,2024-07-08 13:05:41.718646,2024-07-08 13:06:43.803443,0 days 00:01:02.084797,BaggingClassifier,Normalize_L1_1,NearMiss,"[0, 0, 0, 1, 1, 0, 0, 0, 1, 1, 0, 1, 0, 1, 0, 0, 0, 1, 1, 0, 1, 0, 1, 0, 1, 0, 0, 1, 1, 0, 0, 0, 0, 1, 1, 1, 1, 0, 1, 1, 1, 1, 1, 1, 1, 0, 1, 1, 0]","{'n_estimators': 10, 'max_samples': 1.0, 'max_features': 0.5, 'bootstrap': True, 'bootstrap_features': False}",COMPLETE
