number,value,datetime_start,datetime_complete,duration,params_model,params_normTechnique,params_sampleTechnique,user_attrs_binIndices,user_attrs_hyperparams,state
2648,0.7258064513787721,2024-07-08 13:13:05.764472,2024-07-08 13:13:25.692473,0 days 00:00:19.928001,KNeighborsClassifier,StandardScaler,,"[0, 0, 1, 1, 1, 1, 1, 0, 0, 1, 0, 1, 1, 0, 1, 0, 0, 1, 0, 0, 0, 0, 1, 0, 0, 1, 1, 1, 1, 0, 1, 0, 1, 0, 1, 0, 1, 0, 0, 1, 1, 1, 1, 0, 0, 0, 0, 1, 1]","{'n_neighbors': 20, 'weights': 'distance', 'algorithm': 'auto', 'leaf_size': 10, 'p': 2, 'metric': 'manhattan'}",COMPLETE
2649,0.6774193546201872,2024-07-08 13:13:06.417476,2024-07-08 13:13:39.739472,0 days 00:00:33.321996,DecisionTreeClassifier,Normalize_L1_1,SMOTE,"[0, 1, 0, 0, 0, 1, 0, 0, 0, 1, 0, 1, 0, 0, 1, 0, 1, 0, 1, 1, 1, 0, 0, 1, 0, 1, 0, 1, 0, 0, 0, 0, 1, 0, 0, 1, 1, 0, 0, 1, 1, 0, 0, 1, 1, 0, 0, 0, 0]","{'max_depth': 10, 'min_samples_split': 2, 'min_samples_leaf': 50, 'max_features': 'sqrt', 'splitter': 'random'}",COMPLETE
2650,0.7967741932913631,2024-07-08 13:13:06.646473,2024-07-08 13:13:36.116476,0 days 00:00:29.470003,DecisionTreeClassifier,Normalize_L1_1,,"[0, 1, 1, 0, 0, 1, 0, 1, 0, 1, 0, 1, 1, 0, 0, 0, 1, 0, 1, 1, 1, 0, 0, 0, 0, 1, 1, 1, 0, 1, 0, 0, 1, 1, 0, 0, 0, 1, 0, 0, 0, 0, 1, 1, 1, 0, 0, 0, 1]","{'max_depth': 10, 'min_samples_split': 5, 'min_samples_leaf': 10, 'max_features': None, 'splitter': 'best'}",COMPLETE
2651,0.7935483868407908,2024-07-08 13:13:06.754474,2024-07-08 13:13:36.273473,0 days 00:00:29.518999,XGBClassifier,Normalize_L1_1,,"[1, 0, 0, 1, 0, 1, 1, 0, 0, 1, 1, 0, 1, 1, 0, 1, 1, 0, 0, 1, 0, 1, 0, 0, 1, 1, 0, 0, 1, 0, 0, 0, 1, 1, 1, 0, 0, 1, 0, 0, 0, 1, 0, 1, 1, 1, 0, 0, 0]","{'n_estimators': 50, 'learning_rate': 0.01, 'max_depth': 9, 'min_child_weight': 5, 'subsample': 1.0, 'colsample_bytree': 1.0, 'gamma': 0.1, 'reg_alpha': 1.0, 'reg_lambda': 1.0}",COMPLETE
2652,0.6387096772133194,2024-07-08 13:13:07.723473,2024-07-08 13:13:35.512474,0 days 00:00:27.789001,XGBClassifier,Normalize_L1_1,SMOTE,"[0, 0, 1, 0, 1, 0, 0, 1, 0, 0, 1, 1, 0, 1, 0, 0, 0, 1, 0, 1, 0, 0, 0, 1, 0, 0, 0, 0, 1, 0, 0, 1, 0, 0, 0, 1, 1, 0, 1, 0, 1, 1, 1, 0, 1, 1, 0, 1, 1]","{'n_estimators': 100, 'learning_rate': 0.1, 'max_depth': 7, 'min_child_weight': 5, 'subsample': 0.7, 'colsample_bytree': 0.7, 'gamma': 0.1, 'reg_alpha': 0.1, 'reg_lambda': 0.0}",COMPLETE
2653,0.7838709674890738,2024-07-08 13:13:13.192473,2024-07-08 13:13:31.654475,0 days 00:00:18.462002,XGBClassifier,Normalize_L1_1,,"[0, 1, 0, 0, 0, 1, 1, 1, 1, 0, 1, 0, 1, 0, 0, 0, 0, 0, 1, 1, 0, 0, 1, 0, 0, 1, 1, 0, 1, 0, 0, 0, 1, 0, 0, 1, 1, 0, 1, 1, 1, 1, 1, 1, 1, 1, 1, 1, 0]","{'n_estimators': 10, 'learning_rate': 0.5, 'max_depth': 7, 'min_child_weight': 5, 'subsample': 1.0, 'colsample_bytree': 0.5, 'gamma': 1.0, 'reg_alpha': 0.1, 'reg_lambda': 0.0}",COMPLETE
2654,0.6677419352684703,2024-07-08 13:13:14.203473,2024-07-08 13:13:41.046474,0 days 00:00:26.843001,XGBClassifier,Normalize_L1_1,SMOTE,"[1, 1, 0, 1, 1, 0, 0, 1, 1, 0, 0, 0, 0, 0, 1, 0, 1, 1, 0, 1, 0, 0, 1, 1, 0, 1, 1, 1, 0, 0, 1, 0, 1, 1, 1, 1, 0, 0, 0, 0, 1, 1, 1, 1, 0, 1, 1, 0, 1]","{'n_estimators': 200, 'learning_rate': 0.01, 'max_depth': 5, 'min_child_weight': 1, 'subsample': 1.0, 'colsample_bytree': 1.0, 'gamma': 0.1, 'reg_alpha': 0.0, 'reg_lambda': 1.0}",COMPLETE
2655,0.7483870965327784,2024-07-08 13:13:15.495471,2024-07-08 13:13:36.255476,0 days 00:00:20.760005,XGBClassifier,Normalize_L1_1,,"[1, 1, 0, 0, 1, 0, 0, 1, 0, 0, 0, 0, 1, 0, 1, 0, 0, 0, 1, 1, 0, 0, 1, 1, 0, 0, 1, 1, 0, 0, 0, 1, 0, 1, 0, 0, 0, 1, 1, 1, 1, 1, 1, 1, 1, 1, 0, 1, 0]","{'n_estimators': 100, 'learning_rate': 0.5, 'max_depth': 3, 'min_child_weight': 5, 'subsample': 0.7, 'colsample_bytree': 0.5, 'gamma': 0.5, 'reg_alpha': 1.0, 'reg_lambda': 0.1}",COMPLETE
2656,0.0,2024-07-08 13:13:15.788477,2024-07-08 13:13:57.846474,0 days 00:00:42.057997,DecisionTreeClassifier,Normalize_L1_1,,"[1, 1, 1, 0, 1, 1, 1, 0, 1, 0, 0, 0, 0, 1, 0, 1, 0, 0, 0, 0, 0, 0, 0, 1, 1, 1, 0, 1, 0, 0, 0, 1, 1, 0, 1, 0, 1, 0, 0, 1, 1, 0, 0, 0, 0, 0, 1, 0, 1]","{'max_depth': None, 'min_samples_split': 5, 'min_samples_leaf': 5, 'max_features': 'auto', 'splitter': 'best'}",COMPLETE
2657,0.7870967739396462,2024-07-08 13:13:15.916472,2024-07-08 13:13:41.143472,0 days 00:00:25.227000,DecisionTreeClassifier,Normalize_L1_1,,"[0, 1, 0, 0, 1, 0, 1, 1, 1, 1, 0, 0, 0, 1, 1, 1, 1, 0, 0, 0, 1, 1, 1, 1, 1, 1, 1, 0, 0, 0, 1, 0, 0, 1, 1, 1, 0, 0, 0, 1, 1, 1, 0, 1, 1, 0, 1, 1, 1]","{'max_depth': 200, 'min_samples_split': 100, 'min_samples_leaf': 1, 'max_features': 'sqrt', 'splitter': 'random'}",COMPLETE
2658,0.7838709674890738,2024-07-08 13:13:16.069472,2024-07-08 13:14:05.026471,0 days 00:00:48.956999,AdaBoostClassifier,Normalize_L1_1,,"[1, 1, 0, 1, 0, 1, 1, 0, 1, 0, 1, 1, 0, 0, 1, 1, 0, 0, 0, 0, 1, 1, 0, 0, 0, 0, 1, 0, 1, 1, 1, 0, 1, 1, 1, 1, 1, 0, 0, 0, 0, 1, 0, 1, 0, 1, 0, 1, 1]","{'n_estimators': 100, 'learning_rate': 1.0, 'algorithm': 'SAMME.R'}",COMPLETE
2659,0.7838709674890738,2024-07-08 13:13:16.222475,2024-07-08 13:13:44.065477,0 days 00:00:27.843002,XGBClassifier,Normalize_L1_1,,"[0, 1, 1, 1, 0, 1, 0, 1, 0, 1, 0, 0, 1, 1, 0, 1, 1, 0, 0, 1, 0, 0, 1, 1, 1, 1, 0, 0, 1, 1, 1, 0, 0, 1, 1, 0, 1, 0, 0, 1, 0, 0, 0, 1, 0, 0, 1, 1, 1]","{'n_estimators': 50, 'learning_rate': 0.1, 'max_depth': 9, 'min_child_weight': 10, 'subsample': 0.7, 'colsample_bytree': 1.0, 'gamma': 0.0, 'reg_alpha': 0.1, 'reg_lambda': 1.0}",COMPLETE
2660,0.0,2024-07-08 13:13:16.364472,2024-07-08 13:13:57.696474,0 days 00:00:41.332002,SVC,,,,"{'C': 0.01, 'kernel': 'poly', 'degree': 4, 'gamma': '0.01', 'coef0': 0.0, 'shrinking': False, 'probability': True, 'class_weight': 'balanced', 'decision_function_shape': 'ovr'}",COMPLETE
2661,0.6709677417190426,2024-07-08 13:13:16.910473,2024-07-08 13:13:52.235475,0 days 00:00:35.325002,XGBClassifier,Normalize_L1_1,,"[0, 1, 1, 1, 0, 0, 1, 1, 0, 0, 0, 1, 1, 1, 0, 0, 1, 1, 1, 0, 0, 1, 1, 0, 1, 0, 1, 0, 0, 1, 1, 1, 0, 1, 1, 0, 1, 0, 1, 1, 0, 0, 1, 0, 0, 0, 1, 1, 0]","{'n_estimators': 500, 'learning_rate': 0.5, 'max_depth': 9, 'min_child_weight': 3, 'subsample': 0.7, 'colsample_bytree': 0.7, 'gamma': 0.0, 'reg_alpha': 1.0, 'reg_lambda': 1.0}",COMPLETE
2662,0.7709677416867845,2024-07-08 13:13:20.770472,2024-07-08 13:13:34.333473,0 days 00:00:13.563001,XGBClassifier,Normalize_L1_1,,"[1, 1, 1, 0, 0, 1, 1, 1, 0, 0, 1, 0, 0, 0, 0, 1, 1, 1, 0, 1, 0, 1, 1, 0, 1, 0, 0, 1, 1, 1, 0, 1, 0, 0, 1, 1, 1, 1, 1, 0, 0, 0, 1, 1, 1, 0, 1, 0, 1]","{'n_estimators': 10, 'learning_rate': 0.5, 'max_depth': 5, 'min_child_weight': 3, 'subsample': 0.7, 'colsample_bytree': 1.0, 'gamma': 0.5, 'reg_alpha': 0.0, 'reg_lambda': 1.0}",COMPLETE
2663,0.7645161287856399,2024-07-08 13:13:21.843480,2024-07-08 13:13:57.443482,0 days 00:00:35.600002,AdaBoostClassifier,Normalize_L1_1,RandomUnderSampler,"[0, 1, 1, 0, 0, 1, 0, 0, 1, 0, 0, 1, 0, 0, 1, 1, 1, 1, 1, 0, 1, 1, 0, 1, 0, 1, 1, 1, 1, 0, 1, 0, 1, 1, 1, 0, 0, 1, 0, 1, 1, 0, 0, 1, 0, 1, 1, 1, 0]","{'n_estimators': 10, 'learning_rate': 10.0, 'algorithm': 'SAMME.R'}",COMPLETE
2664,0.754838709433923,2024-07-08 13:13:22.378471,2024-07-08 13:13:44.155474,0 days 00:00:21.777003,XGBClassifier,Normalize_L1_1,,"[0, 1, 1, 0, 0, 0, 0, 1, 1, 1, 0, 1, 0, 1, 1, 1, 1, 0, 1, 1, 0, 1, 1, 1, 0, 0, 0, 1, 0, 0, 1, 1, 0, 1, 0, 1, 0, 0, 1, 0, 0, 1, 1, 1, 0, 0, 1, 0, 1]","{'n_estimators': 500, 'learning_rate': 10.0, 'max_depth': 5, 'min_child_weight': 5, 'subsample': 0.5, 'colsample_bytree': 0.7, 'gamma': 0.0, 'reg_alpha': 0.0, 'reg_lambda': 0.1}",COMPLETE
2665,0.5032258062892819,2024-07-08 13:13:22.801473,2024-07-08 13:14:07.457473,0 days 00:00:44.656000,AdaBoostClassifier,Normalize_L1_1,RandomUnderSampler,"[1, 1, 1, 1, 0, 0, 1, 0, 0, 1, 0, 0, 0, 1, 0, 0, 1, 1, 0, 0, 1, 1, 0, 0, 1, 0, 1, 0, 0, 1, 1, 0, 0, 0, 1, 0, 0, 1, 1, 1, 0, 0, 1, 1, 0, 1, 1, 0, 0]","{'n_estimators': 500, 'learning_rate': 10.0, 'algorithm': 'SAMME'}",COMPLETE
2666,0.7935483868407908,2024-07-08 13:13:23.071472,2024-07-08 13:13:48.132514,0 days 00:00:25.061042,DecisionTreeClassifier,Normalize_L1_1,,"[0, 0, 0, 0, 0, 1, 0, 0, 1, 0, 1, 1, 1, 1, 1, 1, 1, 0, 0, 0, 1, 1, 1, 1, 0, 1, 1, 1, 0, 1, 1, 1, 1, 0, 0, 1, 1, 1, 1, 1, 0, 1, 1, 0, 0, 1, 1, 1, 1]","{'max_depth': 500, 'min_samples_split': 2, 'min_samples_leaf': 100, 'max_features': 'log2', 'splitter': 'random'}",COMPLETE
2667,0.7935483868407908,2024-07-08 13:13:23.169474,2024-07-08 13:14:16.251473,0 days 00:00:53.081999,AdaBoostClassifier,Normalize_L1_1,,"[0, 0, 0, 0, 1, 0, 0, 1, 1, 0, 1, 1, 0, 1, 0, 1, 1, 0, 0, 1, 1, 0, 1, 1, 0, 0, 0, 1, 0, 0, 0, 1, 1, 0, 1, 1, 1, 0, 0, 0, 1, 0, 1, 0, 1, 0, 1, 1, 0]","{'n_estimators': 1000, 'learning_rate': 1.0, 'algorithm': 'SAMME'}",COMPLETE
2668,0.7935483868407908,2024-07-08 13:13:23.908474,2024-07-08 13:13:46.535474,0 days 00:00:22.627000,AdaBoostClassifier,Normalize_L1_1,,"[0, 1, 0, 0, 0, 0, 1, 1, 0, 1, 0, 1, 0, 1, 0, 0, 0, 0, 1, 0, 0, 1, 0, 1, 1, 0, 1, 1, 0, 1, 1, 0, 1, 0, 1, 0, 0, 1, 1, 0, 1, 1, 0, 0, 1, 0, 1, 1, 0]","{'n_estimators': 50, 'learning_rate': 1.0, 'algorithm': 'SAMME'}",COMPLETE
2669,0.8032258061925077,2024-07-08 13:13:25.567475,2024-07-08 13:14:06.255474,0 days 00:00:40.687999,BaggingClassifier,Normalize_L1_1,,"[0, 1, 0, 0, 1, 1, 0, 0, 1, 0, 0, 1, 1, 1, 1, 0, 0, 0, 1, 0, 1, 1, 1, 1, 0, 1, 0, 0, 0, 0, 1, 1, 1, 0, 1, 0, 1, 1, 0, 1, 0, 1, 1, 1, 0, 1, 0, 1, 0]","{'n_estimators': 200, 'max_samples': 0.1, 'max_features': 0.1, 'bootstrap': False, 'bootstrap_features': False}",COMPLETE
2670,0.7935483868407908,2024-07-08 13:13:25.819473,2024-07-08 13:13:50.312474,0 days 00:00:24.493001,AdaBoostClassifier,Normalize_L1_1,,"[0, 0, 0, 0, 1, 1, 0, 0, 0, 0, 1, 1, 1, 1, 0, 1, 0, 1, 1, 1, 1, 1, 0, 0, 1, 1, 0, 1, 1, 0, 0, 1, 1, 1, 1, 1, 0, 1, 0, 0, 0, 1, 1, 0, 0, 0, 1, 0, 1]","{'n_estimators': 100, 'learning_rate': 0.01, 'algorithm': 'SAMME'}",COMPLETE
2671,0.7935483868407908,2024-07-08 13:13:27.808473,2024-07-08 13:13:50.894482,0 days 00:00:23.086009,AdaBoostClassifier,Normalize_L1_1,,"[1, 0, 0, 1, 1, 1, 1, 1, 1, 1, 1, 0, 1, 0, 1, 1, 0, 1, 1, 0, 0, 1, 1, 0, 0, 0, 0, 0, 0, 0, 1, 1, 1, 1, 1, 0, 1, 1, 1, 0, 0, 1, 0, 0, 0, 0, 1, 0, 0]","{'n_estimators': 200, 'learning_rate': 10.0, 'algorithm': 'SAMME'}",COMPLETE
2672,0.7935483868407908,2024-07-08 13:13:28.194474,2024-07-08 13:13:53.861475,0 days 00:00:25.667001,AdaBoostClassifier,Normalize_L1_1,,"[0, 0, 1, 0, 1, 0, 1, 1, 0, 1, 1, 0, 0, 0, 0, 1, 0, 0, 1, 1, 1, 0, 0, 1, 0, 0, 1, 1, 0, 0, 1, 0, 0, 1, 1, 1, 0, 0, 1, 1, 0, 1, 0, 0, 1, 0, 0, 1, 1]","{'n_estimators': 100, 'learning_rate': 1.0, 'algorithm': 'SAMME'}",COMPLETE
2673,0.7741935481373569,2024-07-08 13:13:28.857502,2024-07-08 13:14:06.251475,0 days 00:00:37.393973,BaggingClassifier,Normalize_L1_1,,"[1, 1, 1, 0, 0, 1, 0, 1, 0, 1, 0, 1, 0, 1, 1, 0, 0, 0, 0, 0, 0, 1, 0, 1, 0, 1, 0, 0, 0, 1, 0, 1, 0, 0, 1, 0, 1, 1, 0, 0, 1, 1, 1, 1, 1, 1, 1, 1, 1]","{'n_estimators': 10, 'max_samples': 0.5, 'max_features': 1.0, 'bootstrap': False, 'bootstrap_features': True}",COMPLETE
2674,0.4451612901789802,2024-07-08 13:13:31.900472,2024-07-08 13:14:10.614473,0 days 00:00:38.714001,AdaBoostClassifier,Normalize_L1_1,RandomUnderSampler,"[1, 0, 1, 1, 0, 0, 0, 0, 0, 1, 1, 1, 1, 0, 0, 1, 0, 1, 1, 1, 0, 1, 1, 1, 1, 0, 0, 1, 0, 0, 0, 0, 0, 0, 0, 0, 0, 0, 1, 1, 1, 1, 1, 1, 1, 1, 0, 0, 0]","{'n_estimators': 1000, 'learning_rate': 0.01, 'algorithm': 'SAMME.R'}",COMPLETE
2675,0.7741935481373569,2024-07-08 13:13:32.200476,2024-07-08 13:14:10.615472,0 days 00:00:38.414996,BaggingClassifier,Normalize_L1_1,,"[0, 0, 1, 1, 1, 0, 0, 0, 0, 1, 1, 1, 0, 1, 0, 0, 1, 0, 0, 1, 0, 0, 0, 0, 0, 1, 0, 1, 1, 0, 1, 1, 1, 1, 0, 0, 1, 1, 1, 0, 0, 0, 1, 1, 1, 1, 1, 0, 1]","{'n_estimators': 100, 'max_samples': 0.5, 'max_features': 0.1, 'bootstrap': True, 'bootstrap_features': True}",COMPLETE
2676,0.4677419353329864,2024-07-08 13:13:32.460475,2024-07-08 13:13:59.368473,0 days 00:00:26.907998,SVC,Normalize_L1_1,RandomUnderSampler,"[1, 0, 0, 1, 1, 1, 0, 1, 1, 0, 0, 1, 1, 0, 0, 1, 1, 0, 0, 1, 0, 0, 0, 0, 1, 0, 0, 0, 1, 0, 1, 0, 1, 1, 1, 0, 1, 0, 1, 0, 0, 1, 1, 0, 1, 0, 0, 1, 1]","{'C': 0.01, 'kernel': 'sigmoid', 'degree': 5, 'gamma': 'scale', 'coef0': 2.0, 'shrinking': False, 'probability': False, 'class_weight': 'balanced', 'decision_function_shape': 'ovr'}",COMPLETE
2677,0.0,2024-07-08 13:13:32.610471,2024-07-08 13:13:58.497475,0 days 00:00:25.887004,SVC,Normalize_L1_1,,"[1, 0, 1, 0, 0, 1, 0, 0, 0, 1, 0, 1, 0, 0, 0, 1, 0, 0, 1, 1, 1, 1, 1, 0, 1, 1, 0, 0, 1, 1, 0, 1, 0, 0, 0, 1, 1, 0, 0, 0, 0, 1, 0, 0, 0, 0, 1, 1, 1]","{'C': 100.0, 'kernel': 'sigmoid', 'degree': 2, 'gamma': '0.1', 'coef0': 0.5, 'shrinking': True, 'probability': True, 'class_weight': None, 'decision_function_shape': 'ovr'}",COMPLETE
2678,0.7612903223350675,2024-07-08 13:13:32.767471,2024-07-08 13:14:01.541478,0 days 00:00:28.774007,BaggingClassifier,Normalize_L1_1,,"[0, 1, 1, 1, 0, 1, 1, 1, 0, 0, 1, 1, 1, 0, 0, 1, 1, 1, 1, 1, 1, 1, 0, 0, 0, 1, 1, 1, 1, 1, 1, 1, 0, 0, 1, 0, 1, 0, 1, 1, 0, 1, 0, 1, 1, 1, 0, 1, 0]","{'n_estimators': 500, 'max_samples': 1.0, 'max_features': 0.5, 'bootstrap': True, 'bootstrap_features': False}",COMPLETE
2679,0.0,2024-07-08 13:13:32.900473,2024-07-08 13:14:06.252474,0 days 00:00:33.352001,SVC,Normalize_L1_1,RandomUnderSampler,"[0, 0, 0, 0, 1, 1, 1, 0, 0, 1, 1, 1, 0, 0, 0, 0, 0, 0, 1, 1, 0, 1, 0, 0, 0, 0, 0, 0, 1, 1, 0, 1, 1, 0, 1, 0, 1, 1, 0, 0, 1, 0, 1, 1, 1, 0, 0, 1, 1]","{'C': 1.0, 'kernel': 'poly', 'degree': 3, 'gamma': '0.001', 'coef0': 0.1, 'shrinking': False, 'probability': False, 'class_weight': None, 'decision_function_shape': 'ovr'}",COMPLETE
2680,0.4612903224318418,2024-07-08 13:13:34.022472,2024-07-08 13:14:14.439472,0 days 00:00:40.417000,BaggingClassifier,Normalize_L1_1,SMOTETomek,"[1, 1, 0, 1, 0, 0, 1, 0, 1, 0, 0, 1, 0, 0, 0, 1, 1, 0, 0, 1, 0, 0, 1, 0, 0, 1, 0, 0, 0, 0, 0, 0, 0, 0, 0, 0, 1, 0, 0, 0, 1, 0, 1, 0, 1, 1, 1, 0, 0]","{'n_estimators': 50, 'max_samples': 1.0, 'max_features': 0.1, 'bootstrap': True, 'bootstrap_features': False}",COMPLETE
2681,0.0,2024-07-08 13:13:34.483471,2024-07-08 13:14:01.011471,0 days 00:00:26.528000,SVC,,RandomUnderSampler,,"{'C': 0.01, 'kernel': 'linear', 'degree': 5, 'gamma': 'scale', 'coef0': 1.0, 'shrinking': True, 'probability': True, 'class_weight': 'balanced', 'decision_function_shape': 'ovo'}",COMPLETE
2682,0.0,2024-07-08 13:13:36.739473,2024-07-08 13:14:10.056477,0 days 00:00:33.317004,BaggingClassifier,,,,"{'n_estimators': 100, 'max_samples': 1.0, 'max_features': 0.5, 'bootstrap': True, 'bootstrap_features': False}",COMPLETE
2683,0.5387096772455775,2024-07-08 13:13:36.880473,2024-07-08 13:14:17.812473,0 days 00:00:40.932000,GradientBoostingClassifier,RobustScaler,SMOTETomek,"[0, 0, 0, 0, 1, 0, 0, 1, 0, 0, 1, 1, 1, 1, 0, 0, 1, 1, 1, 1, 0, 0, 1, 1, 0, 0, 0, 0, 0, 0, 0, 1, 0, 0, 0, 0, 1, 0, 0, 0, 0, 1, 0, 1, 1, 1, 1, 0, 1]","{'n_estimators': 50, 'learning_rate': 0.1, 'max_depth': 3, 'min_samples_split': 50, 'min_samples_leaf': 5, 'subsample': 0.7, 'max_features': 'sqrt'}",COMPLETE
2684,0.4451612901789802,2024-07-08 13:13:36.997472,2024-07-08 13:14:12.067472,0 days 00:00:35.070000,BaggingClassifier,Normalize_L1_1,SMOTETomek,"[1, 0, 1, 1, 0, 1, 0, 0, 1, 0, 1, 0, 0, 1, 1, 1, 0, 1, 1, 0, 1, 1, 0, 1, 0, 0, 1, 0, 0, 0, 1, 0, 0, 1, 1, 0, 1, 0, 1, 0, 1, 0, 0, 0, 1, 1, 1, 0, 0]","{'n_estimators': 500, 'max_samples': 1.0, 'max_features': 0.1, 'bootstrap': True, 'bootstrap_features': False}",COMPLETE
2685,0.6161290320593131,2024-07-08 13:13:37.075477,2024-07-08 13:14:22.654471,0 days 00:00:45.578994,BaggingClassifier,Normalize_L1_1,SMOTETomek,"[1, 0, 1, 1, 0, 1, 0, 0, 0, 1, 1, 0, 1, 1, 0, 1, 0, 0, 1, 0, 1, 0, 0, 0, 1, 0, 1, 0, 1, 1, 0, 0, 0, 0, 0, 1, 1, 1, 0, 1, 1, 0, 0, 1, 1, 0, 1, 0, 0]","{'n_estimators': 200, 'max_samples': 0.1, 'max_features': 0.1, 'bootstrap': True, 'bootstrap_features': True}",COMPLETE
2686,0.7709677416867845,2024-07-08 13:13:37.206471,2024-07-08 13:14:26.897475,0 days 00:00:49.691004,BaggingClassifier,Normalize_L1_1,,"[1, 1, 0, 0, 1, 0, 0, 1, 0, 0, 1, 0, 0, 1, 1, 1, 1, 0, 1, 0, 1, 1, 1, 1, 0, 1, 1, 1, 0, 1, 0, 1, 0, 1, 0, 1, 0, 1, 0, 0, 0, 1, 1, 1, 1, 0, 0, 0, 0]","{'n_estimators': 10, 'max_samples': 0.1, 'max_features': 1.0, 'bootstrap': False, 'bootstrap_features': False}",COMPLETE
2687,0.3516129031123829,2024-07-08 13:13:37.588494,2024-07-08 13:14:20.511472,0 days 00:00:42.922978,BaggingClassifier,Normalize_L1_1,SMOTETomek,"[0, 1, 1, 0, 1, 1, 0, 0, 1, 0, 1, 1, 0, 1, 1, 1, 1, 0, 1, 0, 1, 1, 1, 1, 1, 1, 0, 0, 1, 1, 0, 0, 1, 1, 1, 1, 1, 1, 1, 1, 1, 1, 0, 0, 0, 0, 0, 1, 1]","{'n_estimators': 100, 'max_samples': 1.0, 'max_features': 1.0, 'bootstrap': False, 'bootstrap_features': True}",COMPLETE
2688,0.4451612901789802,2024-07-08 13:13:39.558472,2024-07-08 13:14:26.775471,0 days 00:00:47.216999,BaggingClassifier,Normalize_L1_1,SMOTETomek,"[0, 1, 0, 1, 0, 0, 1, 1, 1, 1, 1, 0, 0, 0, 0, 0, 1, 1, 0, 1, 0, 1, 0, 1, 1, 1, 1, 1, 0, 1, 0, 1, 1, 1, 1, 0, 1, 0, 1, 0, 0, 0, 0, 1, 0, 1, 1, 0, 0]","{'n_estimators': 1000, 'max_samples': 1.0, 'max_features': 0.1, 'bootstrap': True, 'bootstrap_features': False}",COMPLETE
2689,0.7709677416867845,2024-07-08 13:13:39.866473,2024-07-08 13:14:08.476471,0 days 00:00:28.609998,BaggingClassifier,Normalize_L1_1,,"[1, 0, 1, 0, 0, 1, 1, 0, 1, 0, 1, 1, 0, 0, 0, 1, 1, 1, 0, 1, 1, 0, 1, 0, 1, 0, 0, 1, 0, 1, 0, 1, 1, 1, 0, 0, 0, 1, 0, 0, 1, 1, 0, 0, 1, 1, 0, 1, 1]","{'n_estimators': 200, 'max_samples': 0.5, 'max_features': 0.1, 'bootstrap': True, 'bootstrap_features': True}",COMPLETE
2690,0.0,2024-07-08 13:13:40.079471,2024-07-08 13:14:01.230481,0 days 00:00:21.151010,SVC,,,,"{'C': 100.0, 'kernel': 'linear', 'degree': 5, 'gamma': 'scale', 'coef0': 0.0, 'shrinking': True, 'probability': False, 'class_weight': None, 'decision_function_shape': 'ovo'}",COMPLETE
2691,0.40322580632154004,2024-07-08 13:13:43.283478,2024-07-08 13:14:25.588473,0 days 00:00:42.304995,BaggingClassifier,Normalize_L1_1,SMOTETomek,"[0, 0, 1, 1, 0, 0, 1, 1, 0, 0, 1, 0, 1, 0, 0, 1, 1, 1, 0, 0, 0, 1, 0, 0, 1, 0, 0, 1, 1, 1, 1, 0, 1, 1, 1, 1, 1, 0, 1, 1, 1, 0, 1, 0, 0, 0, 0, 0, 1]","{'n_estimators': 1000, 'max_samples': 1.0, 'max_features': 0.1, 'bootstrap': False, 'bootstrap_features': False}",COMPLETE
2692,0.7645161287856399,2024-07-08 13:13:43.990473,2024-07-08 13:14:42.443959,0 days 00:00:58.453486,BaggingClassifier,Normalize_L1_1,,"[1, 1, 0, 0, 0, 0, 0, 0, 1, 1, 1, 1, 0, 0, 1, 1, 0, 1, 1, 0, 1, 0, 1, 1, 0, 0, 0, 1, 1, 0, 0, 1, 1, 1, 1, 1, 1, 0, 0, 0, 1, 1, 1, 1, 1, 0, 0, 1, 1]","{'n_estimators': 100, 'max_samples': 0.5, 'max_features': 1.0, 'bootstrap': True, 'bootstrap_features': True}",COMPLETE
2693,0.6806451610707596,2024-07-08 13:13:44.901474,2024-07-08 13:14:25.828476,0 days 00:00:40.927002,GradientBoostingClassifier,RobustScaler,TomekLinks,"[1, 0, 1, 1, 1, 0, 1, 1, 0, 1, 1, 0, 1, 1, 0, 1, 0, 0, 0, 1, 0, 0, 1, 1, 1, 0, 0, 1, 0, 0, 1, 0, 0, 1, 0, 0, 0, 1, 1, 1, 1, 1, 0, 1, 0, 0, 0, 1, 0]","{'n_estimators': 500, 'learning_rate': 0.5, 'max_depth': 5, 'min_samples_split': 2, 'min_samples_leaf': 100, 'subsample': 1.0, 'max_features': 'log2'}",COMPLETE
2694,0.42258064502497394,2024-07-08 13:13:50.060473,2024-07-08 13:14:14.386474,0 days 00:00:24.326001,BaggingClassifier,Normalize_L1_1,SMOTETomek,"[0, 1, 0, 1, 0, 1, 1, 0, 0, 1, 0, 1, 0, 1, 1, 1, 0, 1, 0, 1, 1, 0, 1, 0, 0, 1, 0, 1, 1, 0, 0, 0, 1, 0, 1, 0, 0, 0, 0, 0, 0, 0, 1, 0, 0, 1, 0, 0, 0]","{'n_estimators': 100, 'max_samples': 1.0, 'max_features': 1.0, 'bootstrap': True, 'bootstrap_features': False}",COMPLETE
2695,0.44193548372840785,2024-07-08 13:13:50.477473,2024-07-08 13:14:56.812930,0 days 00:01:06.335457,BaggingClassifier,Normalize_L1_1,NearMiss,"[1, 0, 1, 0, 0, 0, 0, 0, 0, 1, 0, 1, 1, 0, 0, 0, 0, 0, 0, 1, 0, 1, 0, 0, 1, 0, 1, 0, 1, 1, 0, 1, 1, 1, 0, 1, 0, 1, 0, 1, 0, 0, 0, 0, 1, 0, 1, 1, 1]","{'n_estimators': 1000, 'max_samples': 1.0, 'max_features': 0.1, 'bootstrap': True, 'bootstrap_features': False}",COMPLETE
2696,0.43548387082726325,2024-07-08 13:13:50.666480,2024-07-08 13:14:39.486978,0 days 00:00:48.820498,BaggingClassifier,Normalize_L1_1,NearMiss,"[0, 0, 0, 0, 1, 0, 1, 0, 0, 1, 1, 1, 1, 1, 0, 1, 1, 0, 1, 0, 0, 1, 0, 0, 1, 0, 0, 1, 0, 0, 0, 1, 1, 0, 1, 0, 0, 0, 1, 0, 1, 1, 1, 1, 1, 0, 1, 0, 0]","{'n_estimators': 10, 'max_samples': 1.0, 'max_features': 0.5, 'bootstrap': True, 'bootstrap_features': True}",COMPLETE
2697,0.4677419353329864,2024-07-08 13:13:53.131478,2024-07-08 13:14:45.265929,0 days 00:00:52.134451,BaggingClassifier,Normalize_L1_1,NearMiss,"[0, 0, 0, 1, 1, 1, 0, 0, 0, 0, 1, 1, 0, 0, 0, 0, 0, 0, 0, 1, 1, 1, 0, 1, 0, 0, 0, 1, 1, 0, 0, 1, 1, 0, 1, 1, 1, 0, 1, 0, 1, 0, 1, 0, 1, 1, 0, 1, 1]","{'n_estimators': 500, 'max_samples': 1.0, 'max_features': 1.0, 'bootstrap': False, 'bootstrap_features': False}",COMPLETE
2698,0.7709677416867845,2024-07-08 13:13:55.439479,2024-07-08 13:14:23.817474,0 days 00:00:28.377995,BaggingClassifier,Normalize_L1_1,,"[0, 1, 0, 1, 1, 1, 1, 1, 1, 1, 1, 1, 0, 1, 0, 1, 1, 0, 0, 1, 1, 0, 0, 0, 0, 1, 1, 0, 1, 1, 0, 1, 1, 0, 1, 1, 0, 1, 1, 1, 0, 1, 1, 0, 1, 0, 0, 0, 0]","{'n_estimators': 50, 'max_samples': 1.0, 'max_features': 0.1, 'bootstrap': True, 'bootstrap_features': False}",COMPLETE
2699,0.0,2024-07-08 13:13:57.102474,2024-07-08 13:14:16.765472,0 days 00:00:19.662998,GradientBoostingClassifier,Normalize_L1_1,,"[0, 1, 1, 0, 0, 0, 1, 1, 0, 0, 0, 1, 1, 1, 1, 1, 0, 0, 0, 0, 0, 0, 0, 1, 0, 1, 0, 0, 0, 1, 0, 0, 1, 1, 0, 0, 0, 1, 1, 1, 1, 1, 0, 1, 1, 1, 0, 0, 1]","{'n_estimators': 1000, 'learning_rate': 0.1, 'max_depth': 9, 'min_samples_split': 5, 'min_samples_leaf': 2, 'subsample': 1.0, 'max_features': 'auto'}",COMPLETE
2700,0.7838709674890738,2024-07-08 13:13:57.501481,2024-07-08 13:14:57.626940,0 days 00:01:00.125459,GradientBoostingClassifier,Normalize_L1_1,,"[1, 1, 0, 0, 1, 0, 1, 0, 1, 1, 1, 1, 1, 0, 1, 0, 0, 0, 0, 1, 1, 1, 1, 1, 0, 1, 0, 1, 1, 1, 0, 0, 0, 0, 1, 0, 0, 1, 1, 0, 0, 0, 1, 1, 0, 1, 0, 0, 1]","{'n_estimators': 200, 'learning_rate': 0.1, 'max_depth': 5, 'min_samples_split': 50, 'min_samples_leaf': 10, 'subsample': 0.5, 'max_features': None}",COMPLETE
