number,value,datetime_start,datetime_complete,duration,params_model,params_normTechnique,params_sampleTechnique,user_attrs_binIndices,user_attrs_hyperparams,state
2591,0.7709677416867845,2024-07-08 13:11:48.031471,2024-07-08 13:13:05.456472,0 days 00:01:17.425001,BaggingClassifier,Normalize_L1_1,,"[1, 0, 1, 1, 1, 0, 1, 1, 0, 0, 1, 0, 0, 1, 0, 1, 0, 1, 1, 1, 1, 0, 1, 1, 1, 0, 1, 1, 1, 1, 1, 0, 0, 0, 1, 0, 0, 1, 0, 1, 1, 0, 0, 0, 0, 0, 0, 0, 1]","{'n_estimators': 1000, 'max_samples': 0.5, 'max_features': 1.0, 'bootstrap': False, 'bootstrap_features': True}",COMPLETE
2592,0.7645161287856399,2024-07-08 13:11:48.990473,2024-07-08 13:13:03.604481,0 days 00:01:14.614008,BaggingClassifier,Normalize_L1_1,,"[0, 1, 0, 0, 0, 0, 1, 1, 0, 1, 0, 1, 0, 0, 0, 0, 0, 1, 1, 1, 1, 1, 0, 0, 0, 1, 1, 0, 0, 1, 1, 0, 0, 1, 0, 1, 1, 0, 1, 1, 1, 1, 1, 1, 1, 1, 0, 1, 1]","{'n_estimators': 10, 'max_samples': 1.0, 'max_features': 0.1, 'bootstrap': False, 'bootstrap_features': False}",COMPLETE
2593,0.7612903223350675,2024-07-08 13:11:51.804471,2024-07-08 13:12:43.080471,0 days 00:00:51.276000,BaggingClassifier,Normalize_L1_1,,"[0, 1, 0, 0, 1, 1, 1, 1, 1, 1, 0, 0, 0, 0, 1, 0, 0, 1, 0, 1, 1, 1, 0, 1, 1, 0, 0, 0, 1, 0, 0, 0, 0, 1, 1, 0, 0, 0, 0, 0, 0, 0, 0, 1, 0, 0, 1, 0, 0]","{'n_estimators': 10, 'max_samples': 1.0, 'max_features': 0.5, 'bootstrap': False, 'bootstrap_features': True}",COMPLETE
2594,0.7838709674890738,2024-07-08 13:11:52.278472,2024-07-08 13:13:03.716473,0 days 00:01:11.438001,BaggingClassifier,Normalize_L1_1,,"[0, 1, 1, 0, 1, 1, 1, 1, 1, 1, 0, 0, 1, 1, 0, 0, 1, 1, 1, 0, 1, 0, 1, 0, 0, 0, 1, 1, 0, 0, 0, 1, 0, 0, 0, 1, 0, 0, 0, 1, 0, 1, 0, 1, 1, 0, 0, 0, 0]","{'n_estimators': 200, 'max_samples': 0.5, 'max_features': 1.0, 'bootstrap': True, 'bootstrap_features': True}",COMPLETE
2595,0.7999999997419355,2024-07-08 13:11:53.127478,2024-07-08 13:12:46.848472,0 days 00:00:53.720994,BaggingClassifier,Normalize_L1_1,,"[1, 0, 1, 0, 0, 1, 0, 1, 1, 0, 0, 0, 1, 0, 1, 0, 0, 0, 0, 1, 0, 1, 0, 1, 0, 1, 1, 1, 1, 1, 1, 0, 1, 0, 1, 0, 1, 0, 1, 0, 1, 1, 0, 1, 1, 1, 0, 0, 0]","{'n_estimators': 50, 'max_samples': 0.1, 'max_features': 1.0, 'bootstrap': False, 'bootstrap_features': True}",COMPLETE
2596,0.7612903223350675,2024-07-08 13:11:53.715475,2024-07-08 13:12:39.117475,0 days 00:00:45.402000,BaggingClassifier,Normalize_L1_1,,"[0, 1, 0, 1, 1, 1, 0, 1, 0, 1, 1, 1, 0, 0, 1, 1, 1, 0, 0, 1, 1, 1, 1, 0, 0, 0, 1, 1, 0, 1, 0, 0, 1, 0, 0, 0, 0, 0, 0, 1, 1, 1, 1, 0, 1, 1, 0, 0, 0]","{'n_estimators': 10, 'max_samples': 0.1, 'max_features': 0.1, 'bootstrap': False, 'bootstrap_features': False}",COMPLETE
2597,0.7677419352362123,2024-07-08 13:11:54.322473,2024-07-08 13:12:59.214473,0 days 00:01:04.892000,BaggingClassifier,Normalize_L1_1,,"[1, 1, 0, 1, 0, 1, 1, 1, 1, 0, 1, 1, 1, 1, 0, 0, 1, 0, 1, 0, 0, 1, 1, 1, 0, 0, 0, 0, 0, 0, 0, 0, 0, 1, 1, 1, 1, 0, 1, 1, 0, 1, 0, 1, 0, 0, 1, 0, 0]","{'n_estimators': 1000, 'max_samples': 1.0, 'max_features': 0.1, 'bootstrap': True, 'bootstrap_features': False}",COMPLETE
2598,0.7677419352362123,2024-07-08 13:11:57.427473,2024-07-08 13:13:03.124475,0 days 00:01:05.697002,BaggingClassifier,Normalize_L1_1,,"[1, 0, 0, 0, 1, 1, 1, 1, 1, 1, 1, 1, 0, 0, 1, 0, 0, 1, 1, 0, 1, 0, 1, 0, 1, 0, 1, 0, 0, 0, 0, 1, 1, 0, 0, 1, 0, 1, 1, 1, 0, 0, 1, 0, 1, 1, 0, 1, 0]","{'n_estimators': 500, 'max_samples': 1.0, 'max_features': 0.1, 'bootstrap': True, 'bootstrap_features': True}",COMPLETE
2599,0.7677419352362123,2024-07-08 13:11:57.804472,2024-07-08 13:13:24.215473,0 days 00:01:26.411001,BaggingClassifier,Normalize_L1_1,,"[0, 0, 0, 1, 1, 1, 0, 0, 0, 1, 1, 1, 0, 1, 1, 0, 0, 1, 0, 0, 0, 0, 0, 0, 1, 0, 1, 1, 0, 0, 0, 1, 1, 0, 1, 1, 1, 1, 0, 1, 1, 0, 0, 0, 0, 0, 1, 1, 0]","{'n_estimators': 1000, 'max_samples': 0.5, 'max_features': 1.0, 'bootstrap': False, 'bootstrap_features': True}",COMPLETE
2600,0.7838709674890738,2024-07-08 13:11:59.778472,2024-07-08 13:12:55.993475,0 days 00:00:56.215003,BaggingClassifier,Normalize_L2_0,,"[1, 1, 1, 0, 0, 1, 1, 1, 0, 0, 0, 0, 0, 1, 0, 1, 0, 1, 1, 0, 0, 0, 0, 0, 1, 0, 1, 1, 0, 0, 1, 1, 0, 1, 1, 0, 1, 0, 0, 0, 1, 0, 1, 0, 0, 1, 1, 0, 1]","{'n_estimators': 100, 'max_samples': 0.1, 'max_features': 1.0, 'bootstrap': True, 'bootstrap_features': True}",COMPLETE
2601,0.6774193546201872,2024-07-08 13:12:00.420472,2024-07-08 13:13:04.564474,0 days 00:01:04.144002,BaggingClassifier,Normalize_L2_0,,"[0, 0, 1, 1, 1, 1, 1, 0, 1, 1, 1, 0, 1, 1, 0, 0, 0, 1, 0, 1, 0, 1, 1, 0, 0, 1, 0, 0, 0, 1, 0, 0, 0, 1, 0, 0, 1, 0, 1, 1, 1, 1, 0, 0, 1, 1, 1, 1, 0]","{'n_estimators': 500, 'max_samples': 0.5, 'max_features': 0.1, 'bootstrap': False, 'bootstrap_features': False}",COMPLETE
2602,0.5032258062892819,2024-07-08 13:12:08.703474,2024-07-08 13:13:08.399477,0 days 00:00:59.696003,BaggingClassifier,MaxAbsScaler,ADASYN,"[1, 0, 1, 1, 1, 1, 1, 0, 1, 0, 1, 1, 0, 0, 0, 0, 1, 0, 1, 0, 0, 0, 1, 1, 1, 1, 0, 1, 1, 0, 1, 0, 1, 0, 1, 0, 0, 0, 1, 1, 0, 0, 1, 1, 0, 0, 1, 1, 0]","{'n_estimators': 50, 'max_samples': 1.0, 'max_features': 0.1, 'bootstrap': True, 'bootstrap_features': True}",COMPLETE
2603,0.6774193546201872,2024-07-08 13:12:12.379475,2024-07-08 13:12:55.306481,0 days 00:00:42.927006,BaggingClassifier,Normalize_L2_0,,"[0, 0, 0, 1, 0, 0, 0, 1, 1, 0, 1, 0, 1, 0, 0, 0, 1, 0, 1, 1, 1, 1, 0, 0, 1, 1, 0, 0, 0, 0, 0, 0, 1, 0, 1, 0, 1, 1, 1, 1, 0, 1, 1, 0, 0, 1, 1, 1, 0]","{'n_estimators': 200, 'max_samples': 0.5, 'max_features': 1.0, 'bootstrap': False, 'bootstrap_features': False}",COMPLETE
2604,0.0,2024-07-08 13:12:14.935471,2024-07-08 13:13:03.118476,0 days 00:00:48.183005,MLPClassifier,,,,,COMPLETE
2605,0.43548387082726325,2024-07-08 13:12:18.087471,2024-07-08 13:13:22.626472,0 days 00:01:04.539001,BaggingClassifier,Normalize_L1_1,ADASYN,"[0, 1, 0, 0, 1, 1, 1, 1, 1, 1, 1, 1, 0, 0, 1, 0, 0, 1, 0, 0, 1, 1, 0, 1, 1, 1, 0, 1, 0, 0, 0, 0, 0, 1, 0, 0, 1, 1, 1, 1, 1, 1, 1, 0, 1, 0, 0, 1, 0]","{'n_estimators': 200, 'max_samples': 1.0, 'max_features': 1.0, 'bootstrap': True, 'bootstrap_features': False}",COMPLETE
2606,0.7645161287856399,2024-07-08 13:12:24.228473,2024-07-08 13:13:03.704472,0 days 00:00:39.475999,BaggingClassifier,Normalize_L1_1,,"[0, 0, 0, 0, 1, 1, 1, 1, 0, 1, 0, 0, 1, 1, 0, 1, 0, 1, 0, 0, 0, 1, 1, 0, 1, 0, 1, 1, 0, 0, 0, 0, 1, 0, 0, 0, 1, 0, 0, 0, 0, 0, 0, 1, 0, 0, 1, 0, 1]","{'n_estimators': 200, 'max_samples': 1.0, 'max_features': 0.5, 'bootstrap': True, 'bootstrap_features': False}",COMPLETE
2607,0.0,2024-07-08 13:12:30.385471,2024-07-08 13:13:01.279475,0 days 00:00:30.894004,MLPClassifier,,,,,COMPLETE
2608,0.7838709674890738,2024-07-08 13:12:32.235478,2024-07-08 13:12:52.296471,0 days 00:00:20.060993,BaggingClassifier,Normalize_L1_1,,"[0, 1, 0, 1, 0, 0, 1, 0, 0, 1, 1, 0, 0, 0, 1, 0, 0, 0, 1, 1, 1, 0, 1, 1, 1, 1, 1, 1, 1, 1, 1, 1, 0, 0, 0, 1, 0, 0, 0, 0, 1, 0, 0, 1, 1, 0, 1, 1, 1]","{'n_estimators': 10, 'max_samples': 1.0, 'max_features': 0.1, 'bootstrap': True, 'bootstrap_features': True}",COMPLETE
2609,0.0,2024-07-08 13:12:33.102472,2024-07-08 13:13:03.119471,0 days 00:00:30.016999,MLPClassifier,,,,,COMPLETE
2610,0.0,2024-07-08 13:12:33.302474,2024-07-08 13:12:59.170471,0 days 00:00:25.867997,MLPClassifier,,,,,COMPLETE
2611,0.6290322578616024,2024-07-08 13:12:33.995506,2024-07-08 13:13:03.920472,0 days 00:00:29.924966,BaggingClassifier,MaxAbsScaler,,"[1, 0, 1, 1, 1, 1, 0, 1, 1, 0, 0, 1, 1, 0, 1, 0, 0, 0, 1, 0, 0, 0, 1, 0, 0, 0, 1, 1, 1, 1, 1, 0, 0, 0, 1, 1, 0, 0, 0, 1, 0, 1, 0, 0, 0, 0, 0, 0, 1]","{'n_estimators': 50, 'max_samples': 1.0, 'max_features': 0.5, 'bootstrap': False, 'bootstrap_features': True}",COMPLETE
2612,0.7838709674890738,2024-07-08 13:12:35.635473,2024-07-08 13:13:03.176472,0 days 00:00:27.540999,BaggingClassifier,MaxAbsScaler,,"[1, 1, 0, 1, 0, 0, 0, 1, 1, 1, 0, 1, 0, 0, 1, 0, 1, 0, 1, 0, 1, 1, 1, 1, 0, 0, 0, 1, 1, 0, 0, 0, 0, 1, 1, 0, 0, 1, 1, 1, 0, 0, 0, 0, 1, 1, 0, 1, 0]","{'n_estimators': 500, 'max_samples': 0.1, 'max_features': 0.1, 'bootstrap': True, 'bootstrap_features': False}",COMPLETE
2613,0.7612903223350675,2024-07-08 13:12:37.304502,2024-07-08 13:13:08.377474,0 days 00:00:31.072972,BaggingClassifier,Normalize_L1_1,,"[0, 0, 0, 0, 1, 1, 0, 1, 1, 0, 1, 1, 1, 1, 0, 0, 1, 0, 0, 0, 1, 1, 0, 1, 1, 0, 1, 1, 0, 0, 1, 1, 0, 1, 0, 1, 1, 1, 0, 0, 0, 0, 1, 1, 0, 1, 0, 1, 1]","{'n_estimators': 500, 'max_samples': 1.0, 'max_features': 0.1, 'bootstrap': True, 'bootstrap_features': False}",COMPLETE
2614,0.7774193545879292,2024-07-08 13:12:37.311522,2024-07-08 13:12:55.319473,0 days 00:00:18.007951,BaggingClassifier,Normalize_L2_0,,"[1, 0, 0, 0, 1, 0, 0, 1, 1, 0, 0, 1, 1, 1, 0, 1, 1, 0, 0, 0, 0, 1, 1, 1, 0, 0, 0, 1, 0, 1, 0, 1, 0, 0, 0, 0, 0, 0, 0, 1, 0, 1, 0, 1, 1, 0, 1, 1, 0]","{'n_estimators': 50, 'max_samples': 0.1, 'max_features': 0.5, 'bootstrap': False, 'bootstrap_features': False}",COMPLETE
2615,0.0,2024-07-08 13:12:38.490473,2024-07-08 13:13:04.476473,0 days 00:00:25.986000,MLPClassifier,,,,,COMPLETE
2616,0.5129032256409989,2024-07-08 13:12:39.496473,2024-07-08 13:13:25.512473,0 days 00:00:46.016000,KNeighborsClassifier,StandardScaler,SMOTEENN,"[0, 1, 1, 0, 1, 1, 1, 0, 1, 1, 0, 1, 1, 0, 0, 1, 1, 0, 1, 0, 0, 1, 0, 0, 1, 0, 0, 1, 1, 1, 0, 0, 0, 1, 0, 0, 0, 1, 1, 0, 1, 0, 0, 0, 1, 0, 1, 0, 0]","{'n_neighbors': 15, 'weights': 'uniform', 'algorithm': 'kd_tree', 'leaf_size': 40, 'p': 2, 'metric': 'manhattan'}",COMPLETE
2617,0.0,2024-07-08 13:12:40.017472,2024-07-08 13:13:03.619479,0 days 00:00:23.602007,MLPClassifier,,,,,COMPLETE
2618,0.5032258062892819,2024-07-08 13:12:42.352471,2024-07-08 13:13:21.095472,0 days 00:00:38.743001,BaggingClassifier,StandardScaler,ADASYN,"[1, 0, 0, 1, 0, 0, 1, 0, 1, 1, 0, 0, 0, 1, 1, 1, 1, 0, 1, 1, 0, 0, 1, 0, 0, 0, 1, 1, 1, 1, 1, 0, 0, 0, 1, 1, 0, 0, 1, 0, 1, 0, 1, 0, 0, 0, 1, 0, 1]","{'n_estimators': 100, 'max_samples': 0.5, 'max_features': 1.0, 'bootstrap': True, 'bootstrap_features': False}",COMPLETE
2619,0.0,2024-07-08 13:12:42.561472,2024-07-08 13:13:00.165517,0 days 00:00:17.604045,MLPClassifier,,,,,COMPLETE
2620,0.7064516126753382,2024-07-08 13:12:42.822472,2024-07-08 13:13:06.081474,0 days 00:00:23.259002,BaggingClassifier,MaxAbsScaler,,"[1, 0, 0, 0, 1, 1, 0, 0, 0, 0, 0, 1, 1, 1, 0, 1, 1, 0, 1, 0, 0, 1, 0, 1, 1, 0, 0, 1, 1, 0, 0, 0, 0, 0, 0, 1, 1, 1, 0, 0, 0, 1, 0, 1, 1, 0, 0, 0, 0]","{'n_estimators': 100, 'max_samples': 0.5, 'max_features': 0.1, 'bootstrap': True, 'bootstrap_features': False}",COMPLETE
2621,0.7774193545879292,2024-07-08 13:12:43.791471,2024-07-08 13:13:27.369474,0 days 00:00:43.578003,KNeighborsClassifier,Normalize_L1_1,,"[0, 1, 0, 0, 1, 0, 1, 0, 1, 1, 1, 1, 1, 1, 1, 1, 0, 0, 1, 0, 1, 1, 1, 1, 0, 1, 1, 1, 0, 1, 0, 0, 0, 1, 1, 0, 0, 0, 1, 1, 0, 1, 0, 1, 1, 1, 0, 0, 1]","{'n_neighbors': 10, 'weights': 'uniform', 'algorithm': 'auto', 'leaf_size': 50, 'p': 2, 'metric': 'euclidean'}",COMPLETE
2622,0.5483870965972945,2024-07-08 13:12:45.140474,2024-07-08 13:13:25.285474,0 days 00:00:40.145000,BaggingClassifier,StandardScaler,ADASYN,"[1, 0, 1, 0, 1, 0, 0, 0, 0, 1, 1, 1, 0, 0, 0, 1, 0, 1, 1, 1, 1, 1, 0, 0, 1, 0, 1, 1, 1, 1, 0, 1, 0, 1, 0, 0, 1, 0, 1, 0, 1, 0, 0, 1, 1, 1, 1, 1, 1]","{'n_estimators': 500, 'max_samples': 0.1, 'max_features': 1.0, 'bootstrap': True, 'bootstrap_features': True}",COMPLETE
2623,0.6709677417190426,2024-07-08 13:12:45.558476,2024-07-08 13:13:03.613477,0 days 00:00:18.055001,BaggingClassifier,MaxAbsScaler,,"[0, 1, 1, 0, 0, 1, 1, 1, 1, 1, 1, 1, 0, 0, 1, 0, 0, 0, 0, 1, 0, 1, 1, 1, 0, 1, 1, 1, 1, 1, 0, 1, 1, 0, 0, 0, 0, 0, 1, 1, 0, 1, 1, 1, 1, 1, 0, 0, 0]","{'n_estimators': 10, 'max_samples': 1.0, 'max_features': 1.0, 'bootstrap': True, 'bootstrap_features': False}",COMPLETE
2624,0.6903225804224765,2024-07-08 13:12:46.660475,2024-07-08 13:13:05.955474,0 days 00:00:19.294999,BaggingClassifier,MaxAbsScaler,,"[0, 0, 1, 0, 0, 1, 1, 1, 0, 0, 0, 0, 0, 0, 0, 0, 1, 0, 1, 1, 1, 0, 1, 1, 0, 0, 0, 0, 0, 0, 1, 0, 0, 0, 1, 1, 0, 0, 1, 0, 1, 0, 1, 0, 1, 1, 1, 1, 1]","{'n_estimators': 50, 'max_samples': 0.5, 'max_features': 0.1, 'bootstrap': True, 'bootstrap_features': False}",COMPLETE
2625,0.45483870953069716,2024-07-08 13:12:47.427503,2024-07-08 13:13:06.494474,0 days 00:00:19.066971,BaggingClassifier,Normalize_L1_1,ADASYN,"[1, 1, 1, 1, 0, 1, 0, 1, 1, 1, 1, 1, 1, 0, 1, 1, 1, 0, 0, 0, 1, 0, 1, 0, 0, 0, 0, 0, 1, 0, 1, 1, 0, 1, 1, 0, 1, 1, 0, 0, 0, 1, 1, 1, 0, 0, 0, 1, 0]","{'n_estimators': 10, 'max_samples': 0.5, 'max_features': 1.0, 'bootstrap': True, 'bootstrap_features': False}",COMPLETE
2626,0.7709677416867845,2024-07-08 13:12:47.652503,2024-07-08 13:13:17.113475,0 days 00:00:29.460972,BaggingClassifier,MaxAbsScaler,,"[1, 0, 1, 1, 0, 1, 1, 1, 0, 1, 1, 1, 1, 1, 0, 1, 0, 1, 0, 0, 0, 1, 0, 0, 0, 0, 0, 1, 0, 1, 0, 1, 0, 0, 1, 1, 1, 1, 0, 1, 1, 0, 1, 1, 1, 0, 1, 0, 0]","{'n_estimators': 100, 'max_samples': 0.1, 'max_features': 0.5, 'bootstrap': False, 'bootstrap_features': True}",COMPLETE
2627,0.7645161287856399,2024-07-08 13:12:49.498472,2024-07-08 13:13:46.596475,0 days 00:00:57.098003,BaggingClassifier,Normalize_L1_1,,"[0, 0, 0, 1, 0, 1, 1, 1, 0, 0, 1, 0, 1, 1, 0, 0, 0, 0, 1, 1, 0, 1, 0, 1, 1, 0, 0, 0, 1, 0, 0, 1, 0, 1, 1, 0, 1, 0, 0, 0, 0, 0, 0, 1, 1, 1, 1, 1, 0]","{'n_estimators': 1000, 'max_samples': 1.0, 'max_features': 0.5, 'bootstrap': True, 'bootstrap_features': False}",COMPLETE
2628,0.5483870965972945,2024-07-08 13:12:50.688474,2024-07-08 13:13:05.975472,0 days 00:00:15.286998,BaggingClassifier,MaxAbsScaler,ADASYN,"[0, 1, 1, 1, 0, 1, 1, 1, 1, 1, 1, 0, 0, 0, 1, 1, 0, 1, 1, 1, 1, 0, 1, 1, 0, 0, 0, 0, 0, 0, 0, 0, 1, 1, 0, 1, 1, 1, 0, 1, 0, 0, 1, 0, 0, 1, 1, 0, 0]","{'n_estimators': 10, 'max_samples': 0.5, 'max_features': 1.0, 'bootstrap': True, 'bootstrap_features': True}",COMPLETE
2629,0.41935483857440164,2024-07-08 13:12:51.666472,2024-07-08 13:13:22.968475,0 days 00:00:31.302003,BaggingClassifier,Normalize_L1_1,ADASYN,"[1, 0, 1, 0, 0, 0, 1, 0, 0, 1, 0, 0, 1, 0, 0, 1, 1, 1, 0, 0, 1, 1, 0, 0, 1, 1, 0, 0, 1, 1, 0, 0, 0, 1, 1, 0, 0, 0, 0, 1, 0, 1, 1, 1, 0, 0, 1, 0, 0]","{'n_estimators': 200, 'max_samples': 1.0, 'max_features': 1.0, 'bootstrap': True, 'bootstrap_features': False}",COMPLETE
2630,0.6290322578616024,2024-07-08 13:12:52.125472,2024-07-08 13:13:21.606495,0 days 00:00:29.481023,BaggingClassifier,StandardScaler,,"[0, 1, 0, 0, 0, 0, 1, 0, 0, 0, 0, 1, 0, 0, 0, 0, 0, 1, 0, 0, 1, 0, 0, 1, 0, 0, 1, 1, 0, 1, 0, 0, 0, 0, 0, 0, 1, 1, 1, 1, 1, 1, 0, 1, 1, 1, 1, 0, 1]","{'n_estimators': 200, 'max_samples': 1.0, 'max_features': 1.0, 'bootstrap': True, 'bootstrap_features': False}",COMPLETE
2631,0.7645161287856399,2024-07-08 13:12:53.448472,2024-07-08 13:13:25.683473,0 days 00:00:32.235001,BaggingClassifier,Normalize_L1_1,,"[1, 1, 0, 1, 0, 0, 0, 0, 0, 1, 0, 0, 0, 1, 0, 1, 0, 0, 0, 1, 1, 0, 1, 1, 0, 1, 0, 0, 0, 1, 1, 1, 0, 0, 1, 0, 1, 0, 0, 0, 0, 1, 1, 1, 1, 1, 0, 1, 1]","{'n_estimators': 50, 'max_samples': 1.0, 'max_features': 0.1, 'bootstrap': False, 'bootstrap_features': True}",COMPLETE
2632,0.45483870953069716,2024-07-08 13:12:54.573478,2024-07-08 13:13:40.160472,0 days 00:00:45.586994,BaggingClassifier,Normalize_L1_1,ADASYN,"[0, 1, 0, 0, 1, 0, 1, 1, 1, 0, 0, 1, 0, 0, 1, 0, 0, 1, 0, 1, 0, 1, 0, 1, 1, 1, 0, 0, 0, 1, 1, 1, 1, 0, 1, 0, 1, 1, 1, 0, 1, 1, 0, 0, 0, 0, 1, 0, 0]","{'n_estimators': 1000, 'max_samples': 0.5, 'max_features': 0.5, 'bootstrap': True, 'bootstrap_features': False}",COMPLETE
2633,0.7774193545879292,2024-07-08 13:12:56.360476,2024-07-08 13:14:08.473472,0 days 00:01:12.112996,BaggingClassifier,Normalize_L1_1,,"[1, 0, 0, 1, 0, 0, 0, 0, 1, 0, 1, 1, 1, 0, 0, 0, 0, 0, 0, 0, 0, 1, 0, 1, 1, 1, 0, 1, 0, 1, 1, 1, 1, 1, 1, 1, 1, 1, 0, 1, 0, 1, 1, 1, 1, 0, 0, 0, 1]","{'n_estimators': 1000, 'max_samples': 0.5, 'max_features': 1.0, 'bootstrap': True, 'bootstrap_features': True}",COMPLETE
2634,0.5290322578938605,2024-07-08 13:12:57.360475,2024-07-08 13:13:26.068478,0 days 00:00:28.708003,BaggingClassifier,Normalize_L1_1,SMOTEENN,"[1, 0, 0, 0, 1, 1, 0, 1, 0, 1, 1, 1, 0, 1, 0, 0, 1, 1, 1, 1, 0, 1, 0, 1, 0, 1, 0, 1, 0, 0, 1, 1, 0, 0, 0, 0, 1, 0, 1, 0, 1, 1, 0, 1, 0, 0, 0, 1, 0]","{'n_estimators': 200, 'max_samples': 0.5, 'max_features': 0.5, 'bootstrap': True, 'bootstrap_features': True}",COMPLETE
2635,0.5677419353007284,2024-07-08 13:12:57.848474,2024-07-08 13:13:36.284472,0 days 00:00:38.435998,XGBClassifier,StandardScaler,SMOTEENN,"[1, 0, 1, 0, 0, 0, 1, 1, 0, 0, 1, 1, 1, 0, 1, 1, 1, 0, 0, 0, 0, 1, 0, 1, 0, 0, 1, 0, 1, 0, 1, 1, 1, 0, 0, 1, 0, 1, 0, 1, 1, 1, 1, 0, 0, 1, 0, 1, 0]","{'n_estimators': 1000, 'learning_rate': 0.1, 'max_depth': 5, 'min_child_weight': 3, 'subsample': 1.0, 'colsample_bytree': 0.7, 'gamma': 0.1, 'reg_alpha': 0.1, 'reg_lambda': 1.0}",COMPLETE
2636,0.7838709674890738,2024-07-08 13:12:58.744492,2024-07-08 13:13:26.575474,0 days 00:00:27.830982,KNeighborsClassifier,Normalize_L1_1,,"[0, 0, 0, 0, 1, 0, 1, 1, 0, 1, 1, 0, 1, 0, 1, 0, 1, 1, 1, 1, 1, 0, 1, 0, 1, 0, 1, 1, 1, 1, 1, 0, 1, 1, 0, 0, 1, 0, 1, 1, 1, 1, 1, 0, 1, 1, 0, 1, 0]","{'n_neighbors': 7, 'weights': 'uniform', 'algorithm': 'brute', 'leaf_size': 30, 'p': 2, 'metric': 'manhattan'}",COMPLETE
2637,0.6516129030156087,2024-07-08 13:12:59.100474,2024-07-08 13:13:53.869472,0 days 00:00:54.768998,BaggingClassifier,StandardScaler,,"[0, 1, 0, 1, 1, 1, 0, 0, 0, 0, 1, 0, 1, 0, 1, 1, 1, 1, 1, 0, 0, 1, 1, 0, 0, 1, 1, 0, 1, 1, 0, 0, 0, 1, 0, 1, 0, 1, 1, 1, 1, 1, 0, 1, 1, 1, 0, 0, 1]","{'n_estimators': 1000, 'max_samples': 0.5, 'max_features': 0.5, 'bootstrap': False, 'bootstrap_features': False}",COMPLETE
2638,0.7580645158844953,2024-07-08 13:12:59.188472,2024-07-08 13:13:50.893479,0 days 00:00:51.705007,BaggingClassifier,Normalize_L1_1,,"[0, 1, 0, 0, 0, 1, 0, 0, 0, 0, 0, 0, 1, 1, 1, 1, 0, 0, 0, 1, 1, 1, 0, 0, 0, 0, 0, 0, 1, 0, 1, 1, 0, 0, 0, 1, 1, 0, 1, 1, 0, 1, 1, 0, 0, 1, 0, 0, 0]","{'n_estimators': 1000, 'max_samples': 1.0, 'max_features': 0.5, 'bootstrap': True, 'bootstrap_features': True}",COMPLETE
2639,0.7999999997419355,2024-07-08 13:12:59.511478,2024-07-08 13:13:39.747472,0 days 00:00:40.235994,XGBClassifier,Normalize_L1_1,,"[0, 0, 1, 0, 0, 1, 1, 1, 0, 1, 0, 1, 1, 1, 0, 0, 1, 0, 1, 1, 0, 0, 1, 1, 0, 0, 0, 0, 1, 0, 0, 0, 0, 0, 1, 1, 1, 1, 1, 1, 0, 0, 0, 0, 1, 1, 0, 1, 1]","{'n_estimators': 100, 'learning_rate': 0.01, 'max_depth': 3, 'min_child_weight': 5, 'subsample': 0.7, 'colsample_bytree': 0.7, 'gamma': 0.1, 'reg_alpha': 1.0, 'reg_lambda': 0.1}",COMPLETE
2640,0.5903225804547346,2024-07-08 13:13:00.214480,2024-07-08 13:13:35.750473,0 days 00:00:35.535993,KNeighborsClassifier,Normalize_L1_1,SMOTEENN,"[1, 0, 0, 1, 0, 0, 1, 0, 0, 1, 0, 0, 1, 0, 0, 0, 0, 0, 1, 1, 1, 0, 0, 1, 1, 0, 0, 1, 0, 0, 0, 1, 1, 1, 0, 1, 0, 1, 1, 1, 1, 1, 1, 1, 0, 1, 0, 1, 1]","{'n_neighbors': 7, 'weights': 'uniform', 'algorithm': 'ball_tree', 'leaf_size': 60, 'p': 2, 'metric': 'manhattan'}",COMPLETE
2641,0.7774193545879292,2024-07-08 13:13:00.873472,2024-07-08 13:13:25.690473,0 days 00:00:24.817001,BaggingClassifier,StandardScaler,,"[0, 0, 0, 1, 1, 1, 0, 1, 0, 0, 1, 1, 0, 0, 1, 1, 1, 1, 0, 0, 1, 1, 0, 1, 1, 1, 1, 1, 0, 0, 1, 0, 1, 0, 0, 0, 1, 0, 1, 1, 0, 1, 0, 0, 0, 0, 1, 0, 0]","{'n_estimators': 100, 'max_samples': 0.1, 'max_features': 0.5, 'bootstrap': False, 'bootstrap_features': False}",COMPLETE
2642,0.5870967740041623,2024-07-08 13:13:02.919472,2024-07-08 13:13:29.103474,0 days 00:00:26.184002,KNeighborsClassifier,Normalize_L1_1,SMOTEENN,"[0, 1, 1, 1, 1, 0, 0, 0, 1, 0, 1, 1, 1, 1, 1, 1, 0, 0, 1, 0, 1, 1, 0, 1, 0, 1, 1, 1, 1, 1, 1, 1, 1, 1, 0, 1, 0, 0, 1, 1, 0, 0, 0, 0, 1, 0, 1, 0, 0]","{'n_neighbors': 7, 'weights': 'uniform', 'algorithm': 'ball_tree', 'leaf_size': 60, 'p': 2, 'metric': 'euclidean'}",COMPLETE
2643,0.5709677417513007,2024-07-08 13:13:03.258471,2024-07-08 13:13:25.388474,0 days 00:00:22.130003,KNeighborsClassifier,StandardScaler,SMOTEENN,"[0, 1, 1, 1, 0, 0, 1, 1, 0, 1, 0, 1, 1, 0, 0, 1, 1, 1, 1, 1, 1, 1, 1, 1, 0, 0, 0, 0, 0, 1, 0, 0, 1, 0, 0, 0, 0, 1, 0, 1, 0, 0, 0, 0, 1, 1, 1, 1, 1]","{'n_neighbors': 20, 'weights': 'distance', 'algorithm': 'auto', 'leaf_size': 60, 'p': 1, 'metric': 'minkowski'}",COMPLETE
2644,0.5806451611030177,2024-07-08 13:13:03.446471,2024-07-08 13:13:26.071482,0 days 00:00:22.625011,BaggingClassifier,StandardScaler,SMOTEENN,"[1, 1, 1, 0, 0, 0, 1, 1, 1, 0, 1, 0, 0, 1, 0, 0, 1, 1, 0, 1, 0, 0, 1, 0, 1, 0, 0, 1, 1, 1, 1, 1, 1, 0, 0, 1, 0, 1, 0, 1, 0, 0, 1, 1, 0, 0, 0, 1, 1]","{'n_estimators': 50, 'max_samples': 0.5, 'max_features': 0.5, 'bootstrap': False, 'bootstrap_features': True}",COMPLETE
2645,0.7645161287856399,2024-07-08 13:13:04.191475,2024-07-08 13:13:24.672473,0 days 00:00:20.480998,BaggingClassifier,Normalize_L1_1,,"[1, 0, 1, 1, 0, 1, 0, 0, 0, 1, 0, 1, 1, 1, 1, 0, 1, 0, 1, 1, 1, 1, 1, 1, 1, 0, 1, 1, 1, 0, 1, 1, 1, 0, 1, 0, 0, 0, 1, 0, 0, 1, 0, 0, 0, 0, 0, 1, 0]","{'n_estimators': 10, 'max_samples': 0.1, 'max_features': 0.5, 'bootstrap': True, 'bootstrap_features': False}",COMPLETE
2646,0.6322580643121748,2024-07-08 13:13:05.239472,2024-07-08 13:13:25.279471,0 days 00:00:20.039999,BaggingClassifier,StandardScaler,,"[1, 1, 1, 0, 0, 1, 0, 1, 0, 0, 0, 0, 0, 0, 0, 1, 1, 1, 1, 1, 0, 0, 0, 0, 0, 1, 0, 0, 0, 1, 1, 1, 0, 1, 0, 1, 1, 1, 0, 0, 1, 1, 1, 1, 0, 0, 1, 1, 0]","{'n_estimators': 50, 'max_samples': 1.0, 'max_features': 0.1, 'bootstrap': True, 'bootstrap_features': True}",COMPLETE
2647,0.6290322578616024,2024-07-08 13:13:05.386472,2024-07-08 13:13:31.775471,0 days 00:00:26.388999,XGBClassifier,Normalize_L1_1,SMOTEENN,"[0, 0, 0, 1, 1, 1, 0, 1, 0, 1, 0, 0, 0, 1, 1, 0, 0, 0, 1, 1, 1, 1, 1, 0, 1, 0, 0, 1, 1, 0, 1, 0, 1, 1, 1, 1, 0, 1, 0, 0, 1, 0, 0, 1, 0, 0, 0, 0, 0]","{'n_estimators': 200, 'learning_rate': 0.1, 'max_depth': 5, 'min_child_weight': 5, 'subsample': 0.5, 'colsample_bytree': 0.7, 'gamma': 0.5, 'reg_alpha': 0.1, 'reg_lambda': 1.0}",COMPLETE
