number,value,datetime_start,datetime_complete,duration,params_model,params_normTechnique,params_sampleTechnique,user_attrs_binIndices,user_attrs_hyperparams,state
459,0.6193548385098855,2024-07-08 12:37:28.594010,2024-07-08 12:37:50.087979,0 days 00:00:21.493969,XGBClassifier,MaxAbsScaler,,"[0, 1, 0, 0, 0, 0, 1, 0, 1, 0, 0, 0, 0, 1, 1, 0, 1, 0, 0, 0, 1, 1, 0, 1, 0, 0, 0, 0, 1, 0, 0, 1, 1, 0, 1, 1, 0, 1, 1, 1, 1, 1, 1, 0, 1, 1, 0, 1, 1]","{'n_estimators': 1000, 'learning_rate': 10.0, 'max_depth': 7, 'min_child_weight': 1, 'subsample': 0.7, 'colsample_bytree': 0.5, 'gamma': 0.0, 'reg_alpha': 0.1, 'reg_lambda': 0.0}",COMPLETE
460,0.7999999997419355,2024-07-08 12:37:28.656006,2024-07-08 12:37:36.906003,0 days 00:00:08.249997,XGBClassifier,Normalize_L1_1,,"[1, 1, 1, 1, 0, 0, 0, 0, 1, 1, 1, 1, 0, 0, 0, 0, 0, 0, 1, 1, 0, 1, 1, 1, 1, 1, 1, 0, 1, 1, 1, 1, 0, 0, 0, 1, 0, 1, 0, 0, 0, 0, 1, 0, 0, 0, 1, 1, 1]","{'n_estimators': 10, 'learning_rate': 0.1, 'max_depth': 3, 'min_child_weight': 3, 'subsample': 0.5, 'colsample_bytree': 0.7, 'gamma': 1.0, 'reg_alpha': 0.0, 'reg_lambda': 0.1}",COMPLETE
461,0.5870967740041623,2024-07-08 12:37:29.016004,2024-07-08 12:37:41.933982,0 days 00:00:12.917978,XGBClassifier,Normalize_L1_1,,"[0, 0, 0, 0, 1, 1, 1, 0, 0, 0, 0, 1, 0, 0, 0, 1, 0, 0, 0, 1, 1, 0, 0, 0, 1, 0, 1, 0, 0, 0, 1, 0, 1, 1, 1, 0, 0, 0, 1, 0, 1, 0, 1, 0, 0, 0, 1, 0, 0]","{'n_estimators': 50, 'learning_rate': 10.0, 'max_depth': 5, 'min_child_weight': 10, 'subsample': 1.0, 'colsample_bytree': 1.0, 'gamma': 0.0, 'reg_alpha': 0.1, 'reg_lambda': 0.1}",COMPLETE
462,0.7612903223350675,2024-07-08 12:37:29.197987,2024-07-08 12:38:13.050353,0 days 00:00:43.852366,RandomForestClassifier,Normalize_Max_0,,"[0, 1, 0, 0, 0, 1, 1, 1, 0, 0, 0, 0, 0, 1, 1, 0, 0, 1, 0, 1, 1, 1, 1, 0, 0, 0, 1, 1, 0, 1, 1, 0, 0, 1, 1, 1, 1, 1, 1, 1, 0, 1, 1, 0, 1, 0, 1, 0, 0]","{'n_estimators': 500, 'max_features': None, 'max_depth': 1000, 'min_samples_split': 100, 'min_samples_leaf': 5, 'bootstrap': False}",COMPLETE
463,0.2580645160457856,2024-07-08 12:37:29.391981,2024-07-08 12:37:57.702350,0 days 00:00:28.310369,XGBClassifier,MaxAbsScaler,,"[0, 0, 1, 0, 1, 1, 0, 0, 0, 0, 0, 1, 1, 0, 0, 0, 0, 1, 1, 1, 0, 1, 1, 0, 0, 0, 0, 1, 0, 1, 0, 0, 0, 0, 0, 0, 0, 0, 1, 0, 0, 1, 0, 1, 1, 0, 0, 1, 1]","{'n_estimators': 500, 'learning_rate': 10.0, 'max_depth': 9, 'min_child_weight': 1, 'subsample': 0.5, 'colsample_bytree': 1.0, 'gamma': 0.0, 'reg_alpha': 0.1, 'reg_lambda': 0.1}",COMPLETE
464,0.7935483868407908,2024-07-08 12:37:29.465980,2024-07-08 12:37:40.441979,0 days 00:00:10.975999,XGBClassifier,Normalize_L1_1,,"[0, 0, 1, 0, 1, 1, 1, 0, 0, 1, 0, 1, 0, 1, 1, 1, 0, 0, 1, 0, 0, 0, 1, 0, 0, 1, 1, 1, 0, 0, 1, 1, 0, 0, 1, 0, 1, 0, 1, 0, 0, 0, 0, 0, 1, 0, 1, 0, 0]","{'n_estimators': 200, 'learning_rate': 10.0, 'max_depth': 3, 'min_child_weight': 10, 'subsample': 0.5, 'colsample_bytree': 0.7, 'gamma': 0.5, 'reg_alpha': 1.0, 'reg_lambda': 1.0}",COMPLETE
465,0.0,2024-07-08 12:37:29.538979,2024-07-08 12:37:46.294977,0 days 00:00:16.755998,RandomForestClassifier,MaxAbsScaler,RandomUnderSampler,"[1, 1, 0, 1, 0, 0, 1, 0, 1, 0, 1, 0, 1, 0, 1, 0, 1, 0, 0, 1, 0, 1, 0, 1, 1, 1, 1, 0, 1, 1, 0, 1, 1, 1, 0, 1, 1, 1, 1, 0, 1, 1, 1, 0, 1, 0, 0, 0, 1]","{'n_estimators': 200, 'max_features': 'auto', 'max_depth': None, 'min_samples_split': 5, 'min_samples_leaf': 100, 'bootstrap': False}",COMPLETE
466,0.6967741933236212,2024-07-08 12:37:29.787978,2024-07-08 12:38:05.857381,0 days 00:00:36.069403,RandomForestClassifier,MaxAbsScaler,,"[0, 0, 1, 1, 1, 0, 1, 0, 1, 1, 1, 1, 0, 0, 1, 1, 0, 0, 1, 1, 1, 1, 0, 1, 1, 0, 1, 1, 0, 1, 1, 0, 0, 1, 0, 1, 0, 1, 1, 0, 0, 1, 0, 1, 1, 0, 1, 0, 0]","{'n_estimators': 1000, 'max_features': 'log2', 'max_depth': 50, 'min_samples_split': 10, 'min_samples_leaf': 1, 'bootstrap': True}",COMPLETE
467,0.4903225804869927,2024-07-08 12:37:29.958979,2024-07-08 12:37:40.278980,0 days 00:00:10.320001,XGBClassifier,MaxAbsScaler,RandomUnderSampler,"[0, 0, 1, 1, 0, 0, 0, 1, 1, 0, 1, 0, 0, 1, 0, 1, 0, 0, 1, 0, 1, 1, 1, 1, 0, 0, 1, 1, 1, 1, 0, 1, 1, 0, 1, 1, 0, 0, 0, 0, 0, 1, 0, 1, 0, 0, 1, 1, 0]","{'n_estimators': 10, 'learning_rate': 0.01, 'max_depth': 5, 'min_child_weight': 5, 'subsample': 0.5, 'colsample_bytree': 1.0, 'gamma': 0.1, 'reg_alpha': 0.1, 'reg_lambda': 0.0}",COMPLETE
468,0.7935483868407908,2024-07-08 12:37:30.037004,2024-07-08 12:38:02.483349,0 days 00:00:32.446345,RandomForestClassifier,Normalize_Max_0,,"[1, 0, 1, 0, 1, 0, 1, 0, 1, 1, 1, 0, 0, 1, 0, 1, 1, 0, 1, 1, 0, 1, 1, 0, 0, 1, 0, 1, 1, 0, 0, 0, 1, 0, 0, 0, 1, 0, 0, 0, 0, 1, 0, 1, 0, 0, 1, 0, 1]","{'n_estimators': 500, 'max_features': 'log2', 'max_depth': 100, 'min_samples_split': 10, 'min_samples_leaf': 100, 'bootstrap': True}",COMPLETE
469,0.6677419352684703,2024-07-08 12:37:30.339974,2024-07-08 12:37:56.702351,0 days 00:00:26.362377,XGBClassifier,Normalize_L1_1,,"[0, 0, 1, 1, 0, 0, 1, 0, 1, 0, 1, 0, 0, 1, 1, 1, 1, 0, 1, 1, 1, 0, 1, 0, 0, 1, 0, 0, 1, 0, 1, 1, 1, 0, 0, 1, 1, 0, 1, 0, 1, 0, 0, 0, 1, 1, 0, 1, 0]","{'n_estimators': 1000, 'learning_rate': 0.5, 'max_depth': 7, 'min_child_weight': 1, 'subsample': 0.5, 'colsample_bytree': 1.0, 'gamma': 0.5, 'reg_alpha': 0.0, 'reg_lambda': 0.0}",COMPLETE
470,0.7967741932913631,2024-07-08 12:37:31.531976,2024-07-08 12:37:56.276350,0 days 00:00:24.744374,RandomForestClassifier,Normalize_L1_1,,"[1, 0, 1, 1, 1, 1, 0, 1, 1, 0, 0, 0, 0, 1, 1, 0, 1, 1, 0, 1, 1, 0, 0, 1, 1, 0, 0, 1, 0, 0, 0, 0, 1, 1, 0, 1, 0, 0, 1, 0, 0, 1, 1, 1, 1, 0, 1, 1, 1]","{'n_estimators': 50, 'max_features': None, 'max_depth': 10, 'min_samples_split': 50, 'min_samples_leaf': 2, 'bootstrap': True}",COMPLETE
471,0.7870967739396462,2024-07-08 12:37:31.892019,2024-07-08 12:37:40.413978,0 days 00:00:08.521959,XGBClassifier,Normalize_L1_1,,"[1, 1, 1, 0, 0, 1, 0, 1, 1, 0, 0, 1, 1, 0, 0, 0, 0, 1, 1, 1, 0, 0, 1, 1, 1, 0, 1, 0, 0, 1, 0, 0, 1, 1, 1, 0, 1, 1, 1, 1, 0, 0, 0, 1, 1, 1, 1, 0, 0]","{'n_estimators': 100, 'learning_rate': 0.5, 'max_depth': 5, 'min_child_weight': 5, 'subsample': 1.0, 'colsample_bytree': 0.7, 'gamma': 1.0, 'reg_alpha': 1.0, 'reg_lambda': 0.1}",COMPLETE
472,0.6096774191581685,2024-07-08 12:37:32.684977,2024-07-08 12:37:48.266978,0 days 00:00:15.582001,XGBClassifier,Normalize_L1_1,RandomUnderSampler,"[1, 1, 1, 1, 1, 0, 1, 0, 1, 0, 1, 0, 1, 0, 0, 0, 0, 0, 0, 1, 1, 0, 0, 0, 0, 0, 1, 1, 0, 0, 1, 0, 1, 1, 0, 0, 0, 0, 0, 0, 0, 0, 1, 1, 0, 1, 1, 1, 1]","{'n_estimators': 1000, 'learning_rate': 0.5, 'max_depth': 9, 'min_child_weight': 5, 'subsample': 0.5, 'colsample_bytree': 1.0, 'gamma': 0.5, 'reg_alpha': 0.1, 'reg_lambda': 0.0}",COMPLETE
473,0.7645161287856399,2024-07-08 12:37:33.367009,2024-07-08 12:37:57.610394,0 days 00:00:24.243385,RandomForestClassifier,Normalize_Max_0,,"[1, 1, 1, 0, 1, 0, 1, 1, 0, 0, 0, 0, 0, 0, 0, 1, 1, 1, 1, 1, 1, 1, 1, 1, 1, 0, 1, 0, 0, 1, 1, 0, 0, 1, 1, 0, 0, 0, 1, 0, 1, 1, 1, 1, 0, 0, 1, 1, 1]","{'n_estimators': 10, 'max_features': 'sqrt', 'max_depth': 1000, 'min_samples_split': 100, 'min_samples_leaf': 1, 'bootstrap': False}",COMPLETE
474,0.5419354836961499,2024-07-08 12:37:34.442978,2024-07-08 12:37:43.092977,0 days 00:00:08.649999,RandomForestClassifier,MaxAbsScaler,RandomUnderSampler,"[1, 1, 1, 1, 1, 1, 0, 0, 1, 0, 1, 1, 1, 0, 1, 0, 1, 1, 1, 1, 1, 0, 0, 1, 0, 1, 1, 0, 1, 0, 0, 0, 0, 0, 1, 1, 0, 1, 0, 0, 0, 1, 1, 1, 1, 0, 0, 0, 1]","{'n_estimators': 10, 'max_features': 'log2', 'max_depth': 500, 'min_samples_split': 5, 'min_samples_leaf': 10, 'bootstrap': True}",COMPLETE
475,0.7935483868407908,2024-07-08 12:37:34.666977,2024-07-08 12:38:00.245355,0 days 00:00:25.578378,RandomForestClassifier,Normalize_Max_0,,"[0, 1, 1, 0, 0, 1, 1, 0, 1, 0, 1, 1, 1, 1, 1, 0, 1, 0, 0, 1, 0, 1, 1, 0, 0, 0, 0, 1, 0, 1, 1, 1, 1, 0, 0, 1, 0, 1, 0, 0, 0, 0, 1, 1, 1, 0, 0, 1, 0]","{'n_estimators': 100, 'max_features': None, 'max_depth': 500, 'min_samples_split': 2, 'min_samples_leaf': 100, 'bootstrap': True}",COMPLETE
476,0.7870967739396462,2024-07-08 12:37:35.592979,2024-07-08 12:38:03.097350,0 days 00:00:27.504371,RandomForestClassifier,Normalize_L2_0,,"[0, 0, 0, 0, 0, 1, 0, 0, 0, 0, 0, 1, 1, 0, 0, 1, 0, 0, 0, 0, 1, 0, 1, 0, 1, 1, 1, 0, 1, 0, 1, 1, 1, 1, 0, 1, 1, 0, 1, 0, 0, 0, 0, 0, 1, 1, 1, 0, 1]","{'n_estimators': 1000, 'max_features': 'sqrt', 'max_depth': 1000, 'min_samples_split': 200, 'min_samples_leaf': 5, 'bootstrap': False}",COMPLETE
477,0.7193548384776274,2024-07-08 12:37:36.860004,2024-07-08 12:37:58.808352,0 days 00:00:21.948348,RandomForestClassifier,Normalize_Max_0,,"[0, 0, 0, 0, 1, 0, 0, 1, 0, 0, 1, 0, 1, 1, 0, 0, 0, 0, 0, 0, 1, 1, 0, 0, 0, 1, 0, 1, 0, 0, 0, 0, 0, 1, 1, 1, 0, 1, 0, 1, 1, 0, 0, 1, 1, 0, 1, 1, 1]","{'n_estimators': 1000, 'max_features': 'log2', 'max_depth': 50, 'min_samples_split': 2, 'min_samples_leaf': 10, 'bootstrap': False}",COMPLETE
478,0.7612903223350675,2024-07-08 12:37:37.155009,2024-07-08 12:38:21.126561,0 days 00:00:43.971552,RandomForestClassifier,Normalize_Max_0,,"[1, 1, 0, 1, 1, 0, 1, 0, 1, 0, 0, 0, 0, 0, 0, 1, 1, 0, 1, 1, 1, 1, 0, 1, 1, 0, 1, 1, 1, 0, 1, 1, 0, 1, 0, 0, 1, 0, 1, 1, 0, 0, 1, 0, 0, 1, 0, 0, 1]","{'n_estimators': 2000, 'max_features': 'sqrt', 'max_depth': None, 'min_samples_split': 100, 'min_samples_leaf': 5, 'bootstrap': False}",COMPLETE
479,0.7935483868407908,2024-07-08 12:37:37.365978,2024-07-08 12:37:57.041352,0 days 00:00:19.675374,XGBClassifier,Normalize_Max_0,,"[0, 0, 1, 1, 0, 0, 1, 0, 0, 1, 0, 1, 1, 1, 1, 1, 1, 0, 1, 1, 1, 1, 0, 0, 1, 0, 0, 0, 1, 0, 1, 0, 0, 1, 0, 1, 0, 0, 0, 0, 0, 1, 1, 0, 1, 0, 1, 1, 1]","{'n_estimators': 100, 'learning_rate': 0.01, 'max_depth': 9, 'min_child_weight': 1, 'subsample': 0.5, 'colsample_bytree': 0.5, 'gamma': 1.0, 'reg_alpha': 0.0, 'reg_lambda': 1.0}",COMPLETE
480,0.7935483868407908,2024-07-08 12:37:37.723007,2024-07-08 12:37:52.518349,0 days 00:00:14.795342,RandomForestClassifier,Normalize_Max_0,,"[1, 1, 1, 0, 1, 1, 0, 1, 1, 0, 0, 1, 1, 0, 1, 0, 0, 1, 1, 0, 1, 1, 0, 1, 1, 1, 1, 1, 1, 0, 0, 0, 1, 1, 1, 1, 0, 1, 0, 0, 1, 0, 0, 0, 1, 1, 1, 0, 0]","{'n_estimators': 10, 'max_features': 'sqrt', 'max_depth': 200, 'min_samples_split': 200, 'min_samples_leaf': 100, 'bootstrap': False}",COMPLETE
481,0.7935483868407908,2024-07-08 12:37:38.095003,2024-07-08 12:38:00.450349,0 days 00:00:22.355346,XGBClassifier,Normalize_Max_0,,"[1, 1, 1, 1, 0, 1, 0, 1, 1, 1, 1, 1, 1, 1, 0, 0, 0, 1, 1, 1, 0, 0, 1, 0, 0, 0, 1, 0, 1, 1, 0, 0, 1, 1, 0, 0, 1, 0, 0, 1, 1, 1, 0, 0, 0, 0, 1, 1, 0]","{'n_estimators': 1000, 'learning_rate': 0.01, 'max_depth': 5, 'min_child_weight': 3, 'subsample': 0.7, 'colsample_bytree': 0.5, 'gamma': 1.0, 'reg_alpha': 0.0, 'reg_lambda': 1.0}",COMPLETE
482,0.0,2024-07-08 12:37:38.802976,2024-07-08 12:38:03.941351,0 days 00:00:25.138375,RandomForestClassifier,Normalize_L1_1,,"[0, 1, 0, 0, 0, 0, 0, 0, 0, 0, 0, 0, 1, 0, 1, 0, 0, 0, 1, 0, 1, 0, 0, 0, 1, 1, 1, 0, 0, 1, 1, 1, 0, 0, 0, 1, 0, 1, 1, 0, 0, 1, 1, 0, 1, 1, 1, 0, 1]","{'n_estimators': 50, 'max_features': 'auto', 'max_depth': 10, 'min_samples_split': 10, 'min_samples_leaf': 1, 'bootstrap': True}",COMPLETE
483,0.7612903223350675,2024-07-08 12:37:39.054981,2024-07-08 12:38:00.013350,0 days 00:00:20.958369,XGBClassifier,Normalize_L2_0,SMOTE,"[0, 0, 1, 1, 1, 0, 1, 0, 0, 1, 1, 0, 1, 1, 0, 1, 1, 1, 0, 1, 0, 1, 0, 1, 1, 1, 1, 0, 1, 1, 0, 0, 0, 0, 1, 1, 0, 0, 1, 0, 1, 0, 0, 1, 1, 0, 1, 1, 0]","{'n_estimators': 500, 'learning_rate': 10.0, 'max_depth': 3, 'min_child_weight': 10, 'subsample': 0.7, 'colsample_bytree': 0.5, 'gamma': 0.5, 'reg_alpha': 0.0, 'reg_lambda': 0.1}",COMPLETE
484,0.0,2024-07-08 12:37:40.149976,2024-07-08 12:38:10.407351,0 days 00:00:30.257375,ExtraTreesClassifier,Normalize_L1_1,RandomOverSampler,"[1, 1, 0, 1, 0, 0, 0, 0, 1, 0, 1, 0, 1, 1, 1, 1, 0, 0, 0, 0, 0, 0, 0, 0, 1, 0, 1, 0, 1, 1, 0, 1, 1, 0, 1, 0, 1, 1, 0, 1, 1, 1, 1, 1, 0, 1, 0, 1, 0]","{'n_estimators': 1000, 'max_features': 'auto', 'max_depth': 500, 'min_samples_split': 100, 'min_samples_leaf': 1, 'bootstrap': False}",COMPLETE
485,0.36129032246409987,2024-07-08 12:37:40.569975,2024-07-08 12:38:02.514350,0 days 00:00:21.944375,XGBClassifier,Normalize_L2_0,SMOTE,"[1, 1, 1, 1, 0, 0, 1, 1, 0, 1, 1, 0, 0, 1, 1, 1, 0, 1, 0, 0, 1, 1, 0, 0, 0, 1, 0, 0, 0, 0, 0, 1, 0, 0, 1, 1, 0, 0, 1, 1, 1, 1, 1, 0, 1, 1, 0, 1, 1]","{'n_estimators': 500, 'learning_rate': 1.0, 'max_depth': 9, 'min_child_weight': 1, 'subsample': 0.7, 'colsample_bytree': 0.7, 'gamma': 0.1, 'reg_alpha': 1.0, 'reg_lambda': 1.0}",COMPLETE
486,0.4645161288824141,2024-07-08 12:37:41.168975,2024-07-08 12:38:22.714815,0 days 00:00:41.545840,RandomForestClassifier,Normalize_L1_1,SMOTE,"[0, 1, 0, 0, 1, 1, 1, 1, 1, 1, 0, 0, 0, 0, 1, 0, 1, 0, 0, 1, 0, 0, 1, 0, 1, 1, 0, 0, 1, 1, 0, 0, 0, 0, 0, 1, 0, 1, 1, 1, 0, 1, 0, 1, 0, 0, 0, 0, 0]","{'n_estimators': 500, 'max_features': None, 'max_depth': 100, 'min_samples_split': 200, 'min_samples_leaf': 5, 'bootstrap': False}",COMPLETE
487,0.39032258051925073,2024-07-08 12:37:42.822977,2024-07-08 12:38:15.864710,0 days 00:00:33.041733,RandomForestClassifier,Normalize_L1_1,SMOTE,"[1, 0, 0, 1, 0, 0, 1, 0, 1, 0, 1, 1, 1, 0, 1, 0, 0, 0, 0, 1, 0, 0, 0, 0, 1, 0, 1, 1, 0, 0, 0, 1, 0, 1, 0, 0, 0, 0, 0, 0, 0, 1, 0, 1, 1, 0, 0, 0, 1]","{'n_estimators': 200, 'max_features': None, 'max_depth': None, 'min_samples_split': 2, 'min_samples_leaf': 2, 'bootstrap': False}",COMPLETE
488,0.7935483868407908,2024-07-08 12:37:45.200980,2024-07-08 12:38:18.595547,0 days 00:00:33.394567,RandomForestClassifier,Normalize_L1_1,,"[1, 1, 0, 0, 0, 1, 0, 1, 1, 0, 0, 0, 1, 1, 0, 0, 0, 0, 0, 0, 1, 0, 1, 0, 0, 1, 1, 0, 0, 1, 1, 0, 0, 0, 0, 1, 1, 1, 1, 1, 0, 0, 1, 0, 0, 0, 0, 1, 1]","{'n_estimators': 2000, 'max_features': 'sqrt', 'max_depth': 200, 'min_samples_split': 5, 'min_samples_leaf': 100, 'bootstrap': True}",COMPLETE
489,0.0,2024-07-08 12:37:45.477019,2024-07-08 12:38:00.499350,0 days 00:00:15.022331,RandomForestClassifier,Normalize_L1_1,SMOTE,"[0, 0, 0, 0, 1, 1, 1, 0, 0, 1, 0, 1, 0, 0, 1, 0, 0, 1, 0, 0, 0, 1, 1, 1, 1, 0, 0, 1, 1, 0, 1, 1, 0, 0, 0, 0, 1, 0, 1, 0, 0, 0, 0, 1, 0, 1, 0, 1, 0]","{'n_estimators': 2000, 'max_features': 'auto', 'max_depth': 10, 'min_samples_split': 200, 'min_samples_leaf': 1, 'bootstrap': False}",COMPLETE
490,0.0,2024-07-08 12:37:46.157979,2024-07-08 12:38:19.208544,0 days 00:00:33.050565,MLPClassifier,,,,,COMPLETE
491,0.27096774184807493,2024-07-08 12:37:46.432980,2024-07-08 12:38:23.627770,0 days 00:00:37.194790,XGBClassifier,Normalize_L1_1,RandomOverSampler,"[0, 1, 0, 1, 0, 0, 1, 1, 0, 1, 1, 1, 1, 0, 1, 1, 1, 1, 0, 0, 1, 1, 0, 1, 0, 1, 1, 1, 1, 0, 1, 1, 1, 1, 1, 0, 1, 1, 0, 1, 1, 0, 1, 0, 1, 1, 1, 1, 1]","{'n_estimators': 500, 'learning_rate': 10.0, 'max_depth': 3, 'min_child_weight': 1, 'subsample': 0.7, 'colsample_bytree': 1.0, 'gamma': 0.0, 'reg_alpha': 0.1, 'reg_lambda': 0.0}",COMPLETE
492,0.0,2024-07-08 12:37:47.139989,2024-07-08 12:38:04.010350,0 days 00:00:16.870361,RandomForestClassifier,,,,"{'n_estimators': 50, 'max_features': 'log2', 'max_depth': 50, 'min_samples_split': 50, 'min_samples_leaf': 2, 'bootstrap': True}",COMPLETE
493,0.0,2024-07-08 12:37:47.461978,2024-07-08 12:38:04.218351,0 days 00:00:16.756373,RandomForestClassifier,,,,"{'n_estimators': 200, 'max_features': 'auto', 'max_depth': 1000, 'min_samples_split': 50, 'min_samples_leaf': 100, 'bootstrap': False}",COMPLETE
494,0.0,2024-07-08 12:37:47.624975,2024-07-08 12:38:20.609545,0 days 00:00:32.984570,KNeighborsClassifier,Normalize_L2_0,KMeansSMOTE,,"{'n_neighbors': 3, 'weights': 'distance', 'algorithm': 'kd_tree', 'leaf_size': 40, 'p': 2, 'metric': 'euclidean'}",COMPLETE
495,0.7096774191259104,2024-07-08 12:37:49.929984,2024-07-08 12:38:13.052376,0 days 00:00:23.122392,ExtraTreesClassifier,Normalize_L1_1,RandomOverSampler,"[0, 1, 0, 0, 0, 1, 1, 1, 1, 1, 0, 1, 0, 1, 1, 1, 1, 1, 0, 1, 1, 0, 1, 0, 1, 1, 0, 1, 0, 0, 1, 0, 1, 1, 0, 1, 0, 0, 1, 1, 1, 1, 0, 0, 0, 0, 1, 0, 0]","{'n_estimators': 50, 'max_features': 'sqrt', 'max_depth': 50, 'min_samples_split': 200, 'min_samples_leaf': 2, 'bootstrap': True}",COMPLETE
496,0.7258064513787721,2024-07-08 12:37:51.382349,2024-07-08 12:38:21.992800,0 days 00:00:30.610451,XGBClassifier,Normalize_L1_1,,"[0, 1, 1, 1, 1, 1, 1, 1, 0, 1, 0, 0, 1, 1, 1, 0, 0, 1, 1, 0, 0, 1, 1, 0, 1, 1, 1, 0, 0, 0, 0, 0, 0, 0, 0, 1, 0, 1, 0, 0, 1, 0, 0, 1, 0, 1, 0, 0, 1]","{'n_estimators': 1000, 'learning_rate': 10.0, 'max_depth': 9, 'min_child_weight': 5, 'subsample': 1.0, 'colsample_bytree': 0.5, 'gamma': 0.1, 'reg_alpha': 0.1, 'reg_lambda': 1.0}",COMPLETE
497,0.7677419352362123,2024-07-08 12:37:51.995351,2024-07-08 12:38:23.479801,0 days 00:00:31.484450,XGBClassifier,Normalize_L2_0,,"[1, 0, 0, 0, 0, 1, 1, 0, 0, 1, 0, 0, 0, 1, 0, 1, 0, 0, 1, 0, 1, 1, 0, 0, 0, 1, 0, 1, 1, 1, 0, 0, 0, 1, 1, 1, 0, 0, 1, 0, 0, 1, 0, 1, 0, 1, 1, 0, 0]","{'n_estimators': 50, 'learning_rate': 0.5, 'max_depth': 9, 'min_child_weight': 5, 'subsample': 0.5, 'colsample_bytree': 0.7, 'gamma': 0.1, 'reg_alpha': 0.1, 'reg_lambda': 0.0}",COMPLETE
498,0.0,2024-07-08 12:37:52.817377,2024-07-08 12:38:06.082354,0 days 00:00:13.264977,ExtraTreesClassifier,,RandomOverSampler,,"{'n_estimators': 100, 'max_features': None, 'max_depth': 1000, 'min_samples_split': 2, 'min_samples_leaf': 5, 'bootstrap': True}",COMPLETE
499,0.7290322578293443,2024-07-08 12:37:53.411349,2024-07-08 12:38:18.643580,0 days 00:00:25.232231,XGBClassifier,Normalize_L2_1,,"[1, 1, 0, 0, 1, 0, 1, 1, 1, 1, 1, 1, 1, 1, 1, 0, 1, 1, 0, 0, 1, 1, 1, 1, 0, 1, 1, 0, 1, 1, 0, 0, 1, 1, 1, 1, 0, 0, 0, 1, 0, 1, 1, 1, 0, 1, 0, 1, 0]","{'n_estimators': 500, 'learning_rate': 0.1, 'max_depth': 7, 'min_child_weight': 3, 'subsample': 0.7, 'colsample_bytree': 0.5, 'gamma': 0.1, 'reg_alpha': 0.1, 'reg_lambda': 0.0}",COMPLETE
500,0.0,2024-07-08 12:37:55.382350,2024-07-08 12:38:03.789349,0 days 00:00:08.406999,RandomForestClassifier,,,,"{'n_estimators': 100, 'max_features': None, 'max_depth': 10, 'min_samples_split': 100, 'min_samples_leaf': 10, 'bootstrap': False}",COMPLETE
501,0.0,2024-07-08 12:37:56.435350,2024-07-08 12:38:10.643350,0 days 00:00:14.208000,ExtraTreesClassifier,Normalize_L1_1,RandomOverSampler,"[0, 0, 0, 0, 1, 0, 1, 0, 1, 0, 1, 1, 0, 1, 0, 0, 1, 1, 1, 1, 0, 0, 1, 1, 0, 1, 0, 1, 1, 0, 1, 1, 0, 1, 0, 0, 1, 0, 1, 1, 1, 1, 0, 1, 0, 1, 0, 0, 0]","{'n_estimators': 10, 'max_features': 'auto', 'max_depth': 10, 'min_samples_split': 10, 'min_samples_leaf': 1, 'bootstrap': True}",COMPLETE
502,0.0,2024-07-08 12:37:56.981350,2024-07-08 12:38:11.015350,0 days 00:00:14.034000,RandomForestClassifier,,,,"{'n_estimators': 200, 'max_features': 'log2', 'max_depth': 10, 'min_samples_split': 100, 'min_samples_leaf': 50, 'bootstrap': False}",COMPLETE
503,0.7032258062247658,2024-07-08 12:37:57.411349,2024-07-08 12:38:18.101588,0 days 00:00:20.690239,XGBClassifier,Normalize_L2_1,,"[1, 0, 0, 0, 0, 0, 1, 1, 0, 0, 0, 0, 1, 0, 0, 1, 1, 1, 1, 1, 1, 0, 1, 0, 0, 1, 0, 0, 1, 0, 1, 0, 1, 1, 0, 0, 1, 0, 1, 1, 0, 0, 1, 0, 1, 0, 0, 1, 1]","{'n_estimators': 1000, 'learning_rate': 0.5, 'max_depth': 9, 'min_child_weight': 1, 'subsample': 0.5, 'colsample_bytree': 0.5, 'gamma': 0.5, 'reg_alpha': 0.1, 'reg_lambda': 0.1}",COMPLETE
504,0.6483870965650363,2024-07-08 12:37:57.765351,2024-07-08 12:38:14.760520,0 days 00:00:16.995169,XGBClassifier,Normalize_L1_1,RandomOverSampler,"[0, 1, 0, 1, 1, 1, 0, 1, 0, 1, 0, 1, 0, 1, 1, 0, 1, 0, 1, 0, 0, 1, 0, 1, 1, 0, 1, 1, 0, 1, 1, 1, 1, 1, 0, 1, 0, 1, 1, 0, 1, 0, 0, 1, 0, 1, 1, 0, 1]","{'n_estimators': 50, 'learning_rate': 0.01, 'max_depth': 9, 'min_child_weight': 5, 'subsample': 0.7, 'colsample_bytree': 0.7, 'gamma': 0.1, 'reg_alpha': 0.1, 'reg_lambda': 0.1}",COMPLETE
505,0.7935483868407908,2024-07-08 12:37:57.848352,2024-07-08 12:38:05.865348,0 days 00:00:08.016996,RandomForestClassifier,Normalize_L1_1,,"[0, 0, 0, 0, 1, 1, 1, 1, 0, 1, 1, 0, 1, 0, 0, 1, 0, 0, 0, 0, 1, 1, 1, 0, 0, 1, 0, 0, 1, 0, 0, 1, 0, 1, 1, 0, 0, 1, 1, 1, 1, 0, 0, 0, 1, 1, 1, 1, 0]","{'n_estimators': 10, 'max_features': None, 'max_depth': 10, 'min_samples_split': 100, 'min_samples_leaf': 100, 'bootstrap': True}",COMPLETE
506,0.7838709674890738,2024-07-08 12:37:58.509349,2024-07-08 12:38:32.051800,0 days 00:00:33.542451,ExtraTreesClassifier,Normalize_L1_1,,"[1, 0, 0, 0, 0, 1, 1, 1, 1, 0, 0, 1, 1, 1, 0, 0, 0, 0, 0, 0, 1, 1, 1, 1, 1, 1, 1, 0, 1, 1, 1, 1, 1, 1, 1, 0, 0, 1, 0, 1, 1, 0, 1, 0, 0, 0, 0, 1, 0]","{'n_estimators': 2000, 'max_features': 'sqrt', 'max_depth': 10, 'min_samples_split': 10, 'min_samples_leaf': 5, 'bootstrap': True}",COMPLETE
507,0.0,2024-07-08 12:37:58.646350,2024-07-08 12:38:17.941547,0 days 00:00:19.295197,MLPClassifier,,,,,COMPLETE
508,0.0,2024-07-08 12:37:58.743348,2024-07-08 12:38:19.648548,0 days 00:00:20.905200,MLPClassifier,,,,,COMPLETE
509,0.664516128817898,2024-07-08 12:37:59.728349,2024-07-08 12:38:14.248352,0 days 00:00:14.520003,XGBClassifier,Normalize_L1_1,RandomOverSampler,"[0, 0, 1, 0, 1, 1, 1, 1, 1, 0, 0, 0, 0, 1, 0, 1, 1, 1, 0, 1, 1, 0, 0, 0, 0, 0, 1, 1, 1, 1, 1, 0, 0, 1, 1, 0, 0, 0, 0, 0, 0, 1, 0, 1, 0, 0, 0, 0, 1]","{'n_estimators': 200, 'learning_rate': 1.0, 'max_depth': 5, 'min_child_weight': 10, 'subsample': 1.0, 'colsample_bytree': 1.0, 'gamma': 0.0, 'reg_alpha': 1.0, 'reg_lambda': 0.0}",COMPLETE
510,0.7258064513787721,2024-07-08 12:37:59.823350,2024-07-08 12:38:17.484572,0 days 00:00:17.661222,XGBClassifier,Normalize_L1_1,,"[1, 1, 0, 1, 1, 0, 1, 1, 0, 1, 0, 1, 0, 1, 1, 0, 1, 0, 0, 1, 0, 1, 1, 0, 1, 0, 0, 1, 0, 0, 1, 1, 1, 1, 1, 1, 1, 1, 0, 0, 1, 0, 0, 0, 0, 0, 1, 1, 1]","{'n_estimators': 500, 'learning_rate': 0.1, 'max_depth': 5, 'min_child_weight': 3, 'subsample': 1.0, 'colsample_bytree': 0.7, 'gamma': 0.0, 'reg_alpha': 1.0, 'reg_lambda': 1.0}",COMPLETE
511,0.7580645158844953,2024-07-08 12:37:59.961351,2024-07-08 12:38:19.287547,0 days 00:00:19.326196,XGBClassifier,Normalize_L2_1,,"[1, 1, 0, 0, 0, 0, 1, 0, 0, 0, 1, 1, 1, 1, 1, 0, 0, 1, 0, 1, 1, 0, 1, 1, 1, 0, 1, 1, 0, 1, 0, 0, 1, 1, 1, 1, 1, 1, 0, 1, 1, 0, 0, 1, 1, 0, 0, 1, 1]","{'n_estimators': 10, 'learning_rate': 1.0, 'max_depth': 3, 'min_child_weight': 5, 'subsample': 1.0, 'colsample_bytree': 1.0, 'gamma': 1.0, 'reg_alpha': 0.0, 'reg_lambda': 0.1}",COMPLETE
