number,value,datetime_start,datetime_complete,duration,params_model,params_normTechnique,params_sampleTechnique,user_attrs_binIndices,user_attrs_hyperparams,state
2378,0.6935483868730489,2024-07-08 13:07:43.054477,2024-07-08 13:08:21.751472,0 days 00:00:38.696995,XGBClassifier,Normalize_L1_1,,"[1, 1, 1, 0, 1, 0, 0, 0, 0, 1, 1, 0, 1, 1, 1, 1, 1, 0, 0, 1, 1, 0, 1, 0, 0, 0, 1, 0, 0, 0, 1, 1, 0, 0, 0, 0, 1, 1, 1, 0, 1, 1, 0, 1, 0, 1, 0, 0, 1]","{'n_estimators': 200, 'learning_rate': 0.5, 'max_depth': 5, 'min_child_weight': 1, 'subsample': 0.5, 'colsample_bytree': 1.0, 'gamma': 0.5, 'reg_alpha': 1.0, 'reg_lambda': 0.0}",COMPLETE
2379,0.2612903224963579,2024-07-08 13:07:43.414475,2024-07-08 13:08:29.576475,0 days 00:00:46.162000,XGBClassifier,Normalize_L1_1,RandomOverSampler,"[0, 0, 0, 1, 0, 1, 1, 1, 0, 0, 0, 0, 0, 1, 1, 0, 0, 1, 1, 1, 1, 0, 0, 1, 0, 1, 1, 0, 1, 0, 1, 0, 1, 1, 1, 0, 0, 0, 1, 0, 0, 1, 1, 1, 1, 0, 0, 1, 0]","{'n_estimators': 500, 'learning_rate': 10.0, 'max_depth': 3, 'min_child_weight': 10, 'subsample': 1.0, 'colsample_bytree': 1.0, 'gamma': 0.0, 'reg_alpha': 0.0, 'reg_lambda': 1.0}",COMPLETE
2380,0.7774193545879292,2024-07-08 13:07:45.242476,2024-07-08 13:08:47.049472,0 days 00:01:01.806996,BaggingClassifier,Normalize_Max_1,,"[0, 1, 1, 0, 0, 1, 0, 1, 0, 1, 1, 1, 1, 1, 0, 0, 0, 1, 1, 0, 0, 1, 0, 0, 1, 1, 1, 1, 1, 1, 0, 1, 0, 0, 0, 1, 0, 1, 0, 1, 1, 1, 1, 1, 1, 1, 0, 0, 1]","{'n_estimators': 100, 'max_samples': 0.1, 'max_features': 0.5, 'bootstrap': False, 'bootstrap_features': False}",COMPLETE
2381,0.7870967739396462,2024-07-08 13:07:48.017473,2024-07-08 13:08:26.915473,0 days 00:00:38.898000,XGBClassifier,Normalize_L1_1,,"[0, 1, 1, 1, 1, 1, 0, 0, 1, 1, 1, 1, 0, 1, 0, 1, 1, 0, 1, 1, 1, 0, 0, 1, 1, 1, 1, 0, 1, 1, 0, 0, 1, 1, 1, 0, 0, 1, 0, 0, 1, 0, 1, 0, 0, 1, 0, 0, 0]","{'n_estimators': 50, 'learning_rate': 0.1, 'max_depth': 3, 'min_child_weight': 5, 'subsample': 1.0, 'colsample_bytree': 0.7, 'gamma': 1.0, 'reg_alpha': 0.0, 'reg_lambda': 0.1}",COMPLETE
2382,0.6612903223673257,2024-07-08 13:07:52.305509,2024-07-08 13:08:26.902478,0 days 00:00:34.596969,XGBClassifier,Normalize_L1_1,RandomOverSampler,"[1, 1, 1, 1, 1, 0, 0, 1, 0, 1, 1, 1, 0, 1, 1, 0, 1, 1, 0, 1, 1, 1, 1, 1, 1, 1, 1, 1, 0, 0, 0, 0, 0, 1, 1, 0, 0, 0, 1, 0, 1, 0, 1, 0, 0, 0, 1, 0, 1]","{'n_estimators': 10, 'learning_rate': 1.0, 'max_depth': 3, 'min_child_weight': 3, 'subsample': 1.0, 'colsample_bytree': 1.0, 'gamma': 0.5, 'reg_alpha': 0.1, 'reg_lambda': 0.1}",COMPLETE
2383,0.6806451610707596,2024-07-08 13:07:53.770473,2024-07-08 13:08:34.839472,0 days 00:00:41.068999,XGBClassifier,Normalize_L1_1,,"[0, 0, 1, 1, 0, 0, 1, 1, 1, 1, 1, 1, 1, 1, 0, 1, 1, 1, 1, 1, 1, 0, 0, 0, 0, 0, 1, 0, 1, 0, 0, 1, 1, 0, 0, 0, 0, 0, 1, 0, 1, 0, 1, 1, 0, 1, 0, 1, 1]","{'n_estimators': 1000, 'learning_rate': 1.0, 'max_depth': 3, 'min_child_weight': 5, 'subsample': 0.5, 'colsample_bytree': 0.7, 'gamma': 1.0, 'reg_alpha': 0.1, 'reg_lambda': 1.0}",COMPLETE
2384,0.6548387094661811,2024-07-08 13:07:56.572473,2024-07-08 13:08:31.281474,0 days 00:00:34.709001,XGBClassifier,Normalize_L1_1,RandomOverSampler,"[0, 0, 1, 0, 1, 1, 0, 0, 1, 0, 0, 0, 1, 1, 1, 1, 0, 1, 0, 1, 1, 0, 0, 0, 0, 0, 0, 0, 0, 0, 0, 0, 0, 0, 0, 0, 0, 0, 0, 0, 1, 1, 1, 1, 0, 1, 0, 1, 1]","{'n_estimators': 100, 'learning_rate': 0.5, 'max_depth': 3, 'min_child_weight': 1, 'subsample': 0.5, 'colsample_bytree': 1.0, 'gamma': 1.0, 'reg_alpha': 1.0, 'reg_lambda': 0.1}",COMPLETE
2385,0.0,2024-07-08 13:08:09.197515,2024-07-08 13:08:33.854473,0 days 00:00:24.656958,MLPClassifier,,,,,COMPLETE
2386,0.674193548169615,2024-07-08 13:08:09.861480,2024-07-08 13:08:26.558474,0 days 00:00:16.696994,XGBClassifier,Normalize_L1_1,RandomOverSampler,"[1, 0, 1, 1, 1, 1, 0, 1, 1, 1, 0, 0, 0, 0, 1, 0, 1, 0, 1, 1, 0, 0, 0, 1, 0, 0, 0, 1, 1, 0, 0, 0, 1, 1, 0, 0, 0, 0, 0, 1, 1, 0, 0, 0, 1, 1, 0, 1, 1]","{'n_estimators': 50, 'learning_rate': 0.01, 'max_depth': 9, 'min_child_weight': 5, 'subsample': 1.0, 'colsample_bytree': 1.0, 'gamma': 1.0, 'reg_alpha': 0.1, 'reg_lambda': 0.0}",COMPLETE
2387,0.6064516127075962,2024-07-08 13:08:14.859476,2024-07-08 13:08:41.073473,0 days 00:00:26.213997,XGBClassifier,Normalize_L1_1,BorderlineSMOTE,"[1, 1, 1, 1, 0, 0, 1, 1, 1, 0, 1, 0, 0, 0, 0, 0, 1, 1, 0, 0, 0, 1, 0, 1, 1, 0, 1, 0, 0, 0, 0, 1, 1, 1, 0, 0, 1, 1, 1, 0, 0, 1, 1, 1, 1, 1, 0, 0, 0]","{'n_estimators': 1000, 'learning_rate': 0.1, 'max_depth': 3, 'min_child_weight': 1, 'subsample': 0.5, 'colsample_bytree': 0.5, 'gamma': 0.5, 'reg_alpha': 0.1, 'reg_lambda': 1.0}",COMPLETE
2388,0.0,2024-07-08 13:08:15.835473,2024-07-08 13:08:34.105473,0 days 00:00:18.270000,SVC,RobustScaler,TomekLinks,"[0, 0, 0, 0, 1, 0, 0, 1, 1, 1, 0, 1, 0, 1, 0, 1, 0, 0, 1, 0, 0, 0, 1, 1, 0, 1, 1, 1, 0, 0, 0, 0, 0, 1, 1, 1, 1, 1, 0, 1, 0, 0, 1, 1, 0, 1, 0, 1, 0]","{'C': 1.0, 'kernel': 'linear', 'degree': 6, 'gamma': '1', 'coef0': 0.1, 'shrinking': False, 'probability': False, 'class_weight': None, 'decision_function_shape': 'ovr'}",COMPLETE
2389,0.493548386937565,2024-07-08 13:08:17.935477,2024-07-08 13:08:28.894474,0 days 00:00:10.958997,XGBClassifier,Normalize_L1_1,BorderlineSMOTE,"[0, 1, 1, 0, 1, 1, 0, 1, 1, 1, 1, 0, 1, 1, 1, 0, 0, 1, 0, 0, 0, 1, 1, 0, 1, 0, 0, 0, 1, 0, 1, 0, 0, 0, 1, 0, 0, 1, 1, 0, 1, 0, 1, 1, 1, 0, 0, 0, 1]","{'n_estimators': 50, 'learning_rate': 10.0, 'max_depth': 9, 'min_child_weight': 1, 'subsample': 0.5, 'colsample_bytree': 0.7, 'gamma': 0.1, 'reg_alpha': 0.1, 'reg_lambda': 1.0}",COMPLETE
2390,0.7741935481373569,2024-07-08 13:08:18.274473,2024-07-08 13:09:23.579473,0 days 00:01:05.305000,BaggingClassifier,Normalize_Max_1,,"[0, 1, 0, 0, 1, 1, 1, 1, 1, 1, 1, 1, 1, 1, 1, 0, 0, 1, 0, 0, 1, 0, 1, 1, 1, 1, 0, 1, 1, 0, 1, 1, 0, 0, 1, 1, 0, 1, 1, 0, 0, 1, 0, 0, 1, 1, 0, 1, 0]","{'n_estimators': 10, 'max_samples': 0.5, 'max_features': 0.1, 'bootstrap': False, 'bootstrap_features': True}",COMPLETE
2391,0.22903225799063473,2024-07-08 13:08:18.602480,2024-07-08 13:08:34.082474,0 days 00:00:15.479994,SVC,Normalize_L1_1,BorderlineSMOTE,"[0, 0, 1, 1, 0, 1, 1, 0, 1, 0, 0, 0, 0, 1, 1, 0, 1, 0, 1, 1, 0, 0, 0, 1, 1, 1, 0, 0, 1, 0, 1, 0, 0, 0, 1, 0, 1, 0, 0, 0, 1, 0, 0, 0, 0, 0, 1, 1, 1]","{'C': 0.1, 'kernel': 'sigmoid', 'degree': 2, 'gamma': 'scale', 'coef0': 0.1, 'shrinking': False, 'probability': True, 'class_weight': 'balanced', 'decision_function_shape': 'ovo'}",COMPLETE
2392,0.45483870953069716,2024-07-08 13:08:19.668471,2024-07-08 13:08:46.579475,0 days 00:00:26.911004,BaggingClassifier,Normalize_Max_1,SMOTETomek,"[1, 1, 0, 0, 0, 0, 0, 1, 1, 1, 1, 1, 1, 1, 0, 1, 1, 1, 0, 0, 0, 1, 0, 0, 1, 1, 1, 1, 0, 1, 0, 0, 0, 0, 0, 1, 1, 0, 0, 1, 0, 1, 1, 1, 0, 1, 0, 0, 0]","{'n_estimators': 100, 'max_samples': 0.1, 'max_features': 0.5, 'bootstrap': False, 'bootstrap_features': False}",COMPLETE
2393,0.7677419352362123,2024-07-08 13:08:20.070472,2024-07-08 13:08:43.704473,0 days 00:00:23.634001,BaggingClassifier,Normalize_Max_1,,"[1, 0, 1, 0, 0, 0, 0, 0, 0, 1, 1, 0, 0, 1, 0, 0, 1, 1, 1, 0, 0, 0, 1, 0, 0, 0, 0, 0, 0, 0, 0, 1, 1, 0, 0, 0, 1, 1, 0, 1, 1, 0, 0, 0, 0, 0, 1, 1, 1]","{'n_estimators': 10, 'max_samples': 1.0, 'max_features': 0.1, 'bootstrap': True, 'bootstrap_features': True}",COMPLETE
2394,0.5064516127398543,2024-07-08 13:08:20.229473,2024-07-08 13:09:16.347472,0 days 00:00:56.117999,AdaBoostClassifier,Normalize_L1_1,RandomUnderSampler,"[0, 0, 0, 0, 0, 1, 0, 1, 1, 0, 0, 1, 0, 0, 1, 0, 0, 0, 1, 0, 1, 0, 0, 1, 0, 0, 0, 0, 1, 0, 0, 1, 0, 1, 0, 0, 0, 1, 1, 0, 1, 1, 0, 1, 0, 1, 0, 0, 0]","{'n_estimators': 1000, 'learning_rate': 0.1, 'algorithm': 'SAMME'}",COMPLETE
2395,0.0,2024-07-08 13:08:20.474471,2024-07-08 13:08:32.072471,0 days 00:00:11.598000,SVC,Normalize_L1_1,,"[0, 0, 0, 0, 0, 1, 1, 0, 1, 0, 0, 0, 1, 0, 1, 0, 1, 1, 1, 1, 0, 0, 0, 0, 0, 0, 1, 0, 0, 1, 1, 1, 1, 1, 1, 0, 0, 1, 0, 1, 0, 0, 1, 1, 0, 0, 0, 1, 0]","{'C': 100.0, 'kernel': 'linear', 'degree': 2, 'gamma': '0.01', 'coef0': 0.0, 'shrinking': False, 'probability': False, 'class_weight': 'balanced', 'decision_function_shape': 'ovr'}",COMPLETE
2396,0.2806451611997919,2024-07-08 13:08:23.208474,2024-07-08 13:08:33.836471,0 days 00:00:10.627997,BaggingClassifier,Normalize_L1_0,SMOTETomek,"[1, 1, 0, 1, 1, 1, 1, 0, 1, 1, 0, 0, 1, 1, 1, 1, 1, 1, 1, 0, 1, 0, 1, 1, 1, 1, 0, 1, 0, 0, 0, 1, 0, 0, 1, 0, 1, 1, 0, 1, 1, 1, 1, 1, 0, 1, 1, 1, 1]","{'n_estimators': 10, 'max_samples': 1.0, 'max_features': 1.0, 'bootstrap': True, 'bootstrap_features': False}",COMPLETE
2397,0.0,2024-07-08 13:08:24.102473,2024-07-08 13:08:37.164475,0 days 00:00:13.062002,MLPClassifier,,,,,COMPLETE
2398,0.7935483868407908,2024-07-08 13:08:24.356472,2024-07-08 13:08:58.557474,0 days 00:00:34.201002,AdaBoostClassifier,Normalize_L1_1,,"[1, 0, 1, 1, 0, 0, 1, 1, 0, 1, 0, 0, 1, 0, 1, 0, 0, 1, 0, 0, 1, 1, 0, 1, 1, 1, 0, 1, 0, 1, 0, 0, 0, 1, 1, 0, 0, 1, 1, 1, 0, 1, 1, 0, 0, 0, 0, 0, 0]","{'n_estimators': 50, 'learning_rate': 0.01, 'algorithm': 'SAMME'}",COMPLETE
2399,0.0,2024-07-08 13:08:24.445471,2024-07-08 13:08:33.965481,0 days 00:00:09.520010,SVC,Normalize_L1_0,SMOTETomek,"[1, 1, 0, 1, 1, 1, 0, 1, 1, 1, 1, 1, 0, 1, 1, 0, 0, 1, 1, 1, 0, 0, 0, 1, 0, 1, 0, 0, 0, 1, 0, 0, 1, 1, 0, 1, 1, 1, 1, 0, 1, 1, 1, 0, 0, 0, 0, 0, 1]","{'C': 10.0, 'kernel': 'linear', 'degree': 6, 'gamma': '0.001', 'coef0': 0.0, 'shrinking': False, 'probability': False, 'class_weight': None, 'decision_function_shape': 'ovo'}",COMPLETE
2400,0.7870967739396462,2024-07-08 13:08:24.754475,2024-07-08 13:08:53.334517,0 days 00:00:28.580042,BaggingClassifier,Normalize_L1_1,,"[1, 1, 1, 0, 1, 0, 1, 1, 0, 1, 0, 0, 1, 1, 0, 0, 0, 1, 0, 0, 1, 0, 0, 1, 0, 0, 0, 1, 0, 1, 0, 1, 1, 1, 0, 1, 1, 0, 1, 0, 1, 0, 0, 1, 0, 1, 0, 0, 0]","{'n_estimators': 10, 'max_samples': 0.1, 'max_features': 0.1, 'bootstrap': False, 'bootstrap_features': True}",COMPLETE
2401,0.7870967739396462,2024-07-08 13:08:25.082472,2024-07-08 13:08:43.457472,0 days 00:00:18.375000,BaggingClassifier,Normalize_Max_1,,"[0, 1, 1, 0, 0, 1, 1, 0, 0, 0, 0, 1, 1, 1, 1, 0, 0, 0, 0, 0, 1, 0, 1, 1, 1, 1, 0, 1, 1, 0, 1, 0, 1, 1, 1, 0, 0, 0, 0, 1, 1, 0, 0, 1, 0, 0, 0, 1, 1]","{'n_estimators': 100, 'max_samples': 0.5, 'max_features': 1.0, 'bootstrap': True, 'bootstrap_features': False}",COMPLETE
2402,0.38387096761810613,2024-07-08 13:08:25.245472,2024-07-08 13:08:41.560473,0 days 00:00:16.315001,SVC,Normalize_L1_1,SMOTETomek,"[1, 0, 0, 1, 1, 0, 1, 0, 1, 1, 1, 1, 0, 0, 1, 0, 1, 0, 0, 1, 1, 0, 1, 0, 0, 0, 0, 1, 0, 0, 1, 1, 1, 1, 0, 0, 0, 0, 0, 0, 1, 1, 1, 1, 1, 1, 1, 0, 0]","{'C': 0.1, 'kernel': 'rbf', 'degree': 4, 'gamma': 'auto', 'coef0': 0.5, 'shrinking': False, 'probability': False, 'class_weight': 'balanced', 'decision_function_shape': 'ovr'}",COMPLETE
2403,0.39032258051925073,2024-07-08 13:08:25.307474,2024-07-08 13:08:58.666472,0 days 00:00:33.358998,BaggingClassifier,Normalize_L1_0,TomekLinks,"[1, 1, 1, 0, 1, 1, 1, 0, 0, 1, 1, 0, 1, 0, 0, 1, 0, 0, 1, 0, 0, 0, 0, 0, 0, 1, 1, 1, 1, 1, 0, 0, 0, 1, 0, 1, 0, 1, 0, 1, 0, 0, 0, 0, 0, 0, 1, 1, 0]","{'n_estimators': 200, 'max_samples': 1.0, 'max_features': 0.5, 'bootstrap': True, 'bootstrap_features': False}",COMPLETE
2404,0.7838709674890738,2024-07-08 13:08:25.451475,2024-07-08 13:08:55.307481,0 days 00:00:29.856006,BaggingClassifier,Normalize_Max_1,,"[1, 0, 1, 0, 1, 1, 1, 1, 0, 0, 1, 1, 1, 1, 1, 0, 0, 0, 0, 0, 0, 1, 1, 0, 1, 0, 0, 1, 1, 1, 1, 1, 1, 0, 0, 1, 0, 1, 1, 0, 1, 0, 0, 1, 1, 0, 0, 1, 1]","{'n_estimators': 10, 'max_samples': 0.1, 'max_features': 0.1, 'bootstrap': False, 'bootstrap_features': True}",COMPLETE
2405,0.7709677416867845,2024-07-08 13:08:26.322474,2024-07-08 13:08:58.677474,0 days 00:00:32.355000,BaggingClassifier,Normalize_L1_1,,"[1, 0, 1, 1, 0, 0, 1, 0, 0, 0, 0, 1, 0, 0, 1, 0, 0, 0, 0, 0, 0, 1, 0, 0, 0, 1, 0, 0, 0, 0, 0, 1, 0, 1, 0, 1, 0, 0, 1, 1, 0, 1, 0, 1, 1, 1, 1, 1, 1]","{'n_estimators': 200, 'max_samples': 1.0, 'max_features': 0.1, 'bootstrap': True, 'bootstrap_features': True}",COMPLETE
2406,0.7645161287856399,2024-07-08 13:08:26.633473,2024-07-08 13:08:46.546484,0 days 00:00:19.913011,BaggingClassifier,Normalize_L1_1,,"[1, 1, 0, 1, 0, 1, 0, 0, 1, 1, 0, 0, 1, 0, 0, 1, 0, 0, 1, 0, 1, 1, 1, 1, 1, 1, 1, 0, 0, 0, 1, 0, 1, 1, 1, 0, 1, 0, 1, 0, 0, 0, 1, 0, 1, 0, 0, 1, 1]","{'n_estimators': 50, 'max_samples': 1.0, 'max_features': 1.0, 'bootstrap': False, 'bootstrap_features': True}",COMPLETE
2407,0.7612903223350675,2024-07-08 13:08:27.133473,2024-07-08 13:08:53.411505,0 days 00:00:26.278032,BaggingClassifier,Normalize_Max_1,,"[0, 1, 0, 0, 1, 0, 0, 1, 0, 1, 1, 1, 1, 0, 1, 0, 1, 0, 1, 1, 0, 1, 0, 1, 1, 1, 1, 0, 1, 0, 0, 1, 0, 0, 1, 0, 1, 1, 1, 1, 1, 0, 0, 1, 1, 1, 0, 0, 1]","{'n_estimators': 100, 'max_samples': 1.0, 'max_features': 0.1, 'bootstrap': False, 'bootstrap_features': False}",COMPLETE
2408,0.7612903223350675,2024-07-08 13:08:27.391474,2024-07-08 13:09:16.343473,0 days 00:00:48.951999,BaggingClassifier,Normalize_L1_1,,"[1, 0, 1, 1, 1, 1, 1, 0, 1, 0, 1, 1, 0, 1, 1, 0, 0, 1, 0, 0, 0, 1, 0, 0, 0, 1, 0, 0, 0, 1, 0, 0, 0, 1, 1, 0, 0, 1, 0, 0, 0, 1, 0, 0, 1, 0, 1, 1, 0]","{'n_estimators': 500, 'max_samples': 1.0, 'max_features': 1.0, 'bootstrap': False, 'bootstrap_features': False}",COMPLETE
2409,0.7935483868407908,2024-07-08 13:08:27.529473,2024-07-08 13:09:11.813474,0 days 00:00:44.284001,BaggingClassifier,Normalize_Max_1,,"[0, 1, 1, 1, 0, 1, 1, 1, 1, 1, 0, 0, 0, 0, 0, 1, 0, 0, 1, 0, 1, 0, 1, 1, 0, 0, 0, 1, 1, 1, 0, 0, 1, 0, 1, 0, 0, 1, 0, 0, 0, 1, 0, 1, 1, 1, 1, 0, 0]","{'n_estimators': 500, 'max_samples': 0.1, 'max_features': 1.0, 'bootstrap': True, 'bootstrap_features': False}",COMPLETE
2410,0.4870967740364204,2024-07-08 13:08:28.024504,2024-07-08 13:09:00.710479,0 days 00:00:32.685975,BaggingClassifier,Normalize_L1_1,RandomUnderSampler,"[0, 1, 0, 0, 1, 1, 0, 0, 1, 1, 1, 1, 0, 1, 1, 1, 0, 1, 1, 1, 0, 1, 0, 0, 0, 0, 1, 1, 0, 1, 1, 0, 1, 0, 0, 1, 0, 1, 0, 1, 1, 0, 0, 1, 1, 0, 0, 0, 1]","{'n_estimators': 500, 'max_samples': 1.0, 'max_features': 0.1, 'bootstrap': True, 'bootstrap_features': True}",COMPLETE
2411,0.47419354823413107,2024-07-08 13:08:28.154472,2024-07-08 13:09:23.589474,0 days 00:00:55.435002,BaggingClassifier,Normalize_L1_1,SMOTEENN,"[0, 1, 0, 0, 1, 0, 0, 1, 1, 1, 1, 0, 1, 0, 0, 0, 1, 0, 0, 0, 0, 1, 0, 1, 0, 1, 0, 0, 0, 1, 1, 1, 1, 0, 0, 1, 1, 1, 0, 1, 0, 1, 0, 1, 1, 1, 0, 0, 0]","{'n_estimators': 500, 'max_samples': 1.0, 'max_features': 1.0, 'bootstrap': True, 'bootstrap_features': False}",COMPLETE
2412,0.7806451610385015,2024-07-08 13:08:28.294474,2024-07-08 13:08:48.027476,0 days 00:00:19.733002,BaggingClassifier,Normalize_Max_1,,"[0, 0, 1, 0, 0, 1, 0, 0, 0, 0, 1, 0, 0, 1, 0, 0, 0, 1, 1, 1, 1, 1, 1, 1, 0, 1, 1, 1, 0, 1, 1, 1, 1, 1, 1, 1, 0, 1, 0, 1, 0, 1, 1, 1, 1, 0, 0, 0, 1]","{'n_estimators': 100, 'max_samples': 0.1, 'max_features': 0.1, 'bootstrap': False, 'bootstrap_features': True}",COMPLETE
2413,0.7580645158844953,2024-07-08 13:08:28.651473,2024-07-08 13:08:58.574472,0 days 00:00:29.922999,BaggingClassifier,Normalize_L1_1,,"[0, 0, 1, 1, 0, 0, 1, 1, 1, 0, 1, 0, 1, 1, 1, 1, 1, 0, 0, 1, 0, 1, 0, 1, 1, 1, 0, 0, 1, 1, 0, 0, 1, 0, 1, 1, 1, 0, 0, 0, 0, 0, 0, 0, 0, 0, 1, 1, 1]","{'n_estimators': 100, 'max_samples': 1.0, 'max_features': 1.0, 'bootstrap': True, 'bootstrap_features': False}",COMPLETE
2414,0.7935483868407908,2024-07-08 13:08:28.790471,2024-07-08 13:08:52.018474,0 days 00:00:23.228003,BaggingClassifier,Normalize_L1_1,,"[1, 0, 1, 1, 0, 1, 0, 0, 0, 0, 0, 0, 1, 0, 1, 0, 0, 1, 1, 0, 1, 1, 1, 1, 1, 0, 1, 0, 1, 1, 0, 1, 1, 1, 0, 1, 1, 0, 1, 0, 1, 1, 0, 0, 0, 1, 0, 1, 1]","{'n_estimators': 200, 'max_samples': 0.1, 'max_features': 0.1, 'bootstrap': True, 'bootstrap_features': False}",COMPLETE
2415,0.5258064514432882,2024-07-08 13:08:28.940476,2024-07-08 13:09:57.145475,0 days 00:01:28.204999,AdaBoostClassifier,Normalize_L1_1,RandomUnderSampler,"[1, 1, 0, 1, 1, 1, 1, 0, 1, 1, 0, 0, 0, 1, 1, 0, 1, 0, 0, 1, 1, 1, 0, 1, 0, 0, 1, 1, 1, 1, 0, 1, 0, 1, 0, 0, 1, 0, 1, 1, 1, 0, 0, 0, 1, 1, 0, 1, 0]","{'n_estimators': 200, 'learning_rate': 10.0, 'algorithm': 'SAMME'}",COMPLETE
2416,0.7774193545879292,2024-07-08 13:08:31.823474,2024-07-08 13:09:13.213473,0 days 00:00:41.389999,BaggingClassifier,Normalize_L1_1,,"[0, 0, 1, 0, 1, 1, 0, 0, 1, 1, 0, 1, 0, 1, 0, 1, 1, 1, 0, 1, 0, 0, 0, 1, 0, 0, 1, 1, 0, 1, 1, 0, 1, 1, 1, 1, 0, 0, 1, 1, 0, 0, 0, 1, 0, 0, 1, 0, 1]","{'n_estimators': 50, 'max_samples': 0.5, 'max_features': 1.0, 'bootstrap': True, 'bootstrap_features': True}",COMPLETE
2417,0.7806451610385015,2024-07-08 13:08:31.887472,2024-07-08 13:09:12.918473,0 days 00:00:41.031001,BaggingClassifier,Normalize_L1_1,,"[0, 0, 0, 1, 0, 0, 0, 1, 1, 1, 1, 0, 0, 1, 1, 1, 1, 1, 0, 1, 1, 0, 0, 0, 1, 1, 1, 1, 1, 1, 0, 0, 1, 0, 1, 0, 0, 0, 1, 1, 0, 1, 0, 0, 0, 0, 1, 1, 0]","{'n_estimators': 500, 'max_samples': 0.5, 'max_features': 0.1, 'bootstrap': True, 'bootstrap_features': False}",COMPLETE
2418,0.6193548385098855,2024-07-08 13:08:31.888472,2024-07-08 13:09:03.160474,0 days 00:00:31.272002,BaggingClassifier,Normalize_L1_1,RandomUnderSampler,"[0, 0, 0, 1, 1, 1, 0, 0, 0, 1, 0, 1, 0, 0, 1, 1, 1, 1, 0, 1, 1, 1, 1, 0, 0, 0, 1, 1, 1, 1, 1, 0, 1, 1, 1, 1, 0, 0, 0, 0, 0, 0, 0, 1, 1, 0, 0, 1, 1]","{'n_estimators': 50, 'max_samples': 0.1, 'max_features': 0.1, 'bootstrap': True, 'bootstrap_features': True}",COMPLETE
2419,0.4161290321238293,2024-07-08 13:08:31.971471,2024-07-08 13:09:28.432475,0 days 00:00:56.461004,BaggingClassifier,Normalize_L1_1,RandomUnderSampler,"[1, 1, 1, 1, 1, 1, 1, 0, 1, 0, 1, 0, 1, 0, 1, 1, 1, 0, 0, 1, 1, 0, 0, 1, 1, 0, 0, 0, 0, 1, 1, 1, 0, 1, 0, 0, 1, 0, 0, 0, 0, 0, 0, 1, 1, 1, 1, 1, 1]","{'n_estimators': 1000, 'max_samples': 1.0, 'max_features': 1.0, 'bootstrap': False, 'bootstrap_features': False}",COMPLETE
2420,0.7741935481373569,2024-07-08 13:08:32.512473,2024-07-08 13:08:48.224474,0 days 00:00:15.712001,BaggingClassifier,Normalize_Max_1,,"[0, 0, 1, 1, 1, 1, 1, 0, 0, 1, 1, 1, 1, 0, 0, 0, 0, 1, 0, 1, 1, 0, 1, 0, 0, 0, 1, 0, 0, 0, 0, 1, 1, 1, 0, 1, 0, 0, 0, 0, 0, 1, 0, 1, 0, 0, 1, 1, 1]","{'n_estimators': 10, 'max_samples': 1.0, 'max_features': 0.5, 'bootstrap': True, 'bootstrap_features': False}",COMPLETE
2421,0.7935483868407908,2024-07-08 13:08:32.597472,2024-07-08 13:09:16.078474,0 days 00:00:43.481002,AdaBoostClassifier,Normalize_L1_1,,"[1, 0, 0, 0, 0, 1, 0, 0, 0, 1, 1, 0, 1, 1, 1, 1, 0, 0, 1, 1, 1, 0, 1, 1, 1, 0, 0, 1, 1, 0, 0, 1, 1, 0, 0, 1, 1, 1, 1, 0, 0, 0, 1, 0, 1, 0, 0, 0, 0]","{'n_estimators': 10, 'learning_rate': 1.0, 'algorithm': 'SAMME'}",COMPLETE
2422,0.4870967740364204,2024-07-08 13:08:33.068475,2024-07-08 13:09:25.744474,0 days 00:00:52.675999,BaggingClassifier,Normalize_L1_1,SMOTEENN,"[1, 1, 1, 0, 1, 1, 1, 1, 1, 1, 1, 0, 0, 0, 1, 1, 0, 0, 0, 1, 1, 1, 1, 0, 1, 0, 1, 0, 0, 1, 0, 0, 0, 1, 0, 1, 0, 1, 0, 1, 0, 0, 0, 1, 0, 0, 0, 1, 0]","{'n_estimators': 500, 'max_samples': 0.5, 'max_features': 0.5, 'bootstrap': False, 'bootstrap_features': True}",COMPLETE
2423,0.6064516127075962,2024-07-08 13:08:33.372475,2024-07-08 13:09:24.871471,0 days 00:00:51.498996,BaggingClassifier,Normalize_L1_1,SMOTEENN,"[0, 1, 0, 0, 1, 0, 1, 0, 0, 0, 0, 1, 1, 0, 0, 0, 0, 0, 0, 1, 1, 1, 1, 0, 0, 0, 0, 1, 0, 0, 0, 0, 1, 1, 0, 1, 0, 1, 1, 1, 1, 1, 1, 1, 0, 0, 0, 0, 1]","{'n_estimators': 1000, 'max_samples': 0.1, 'max_features': 1.0, 'bootstrap': False, 'bootstrap_features': False}",COMPLETE
2424,0.7838709674890738,2024-07-08 13:08:33.535471,2024-07-08 13:09:25.134485,0 days 00:00:51.599014,BaggingClassifier,Normalize_Max_1,,"[1, 1, 0, 1, 0, 0, 1, 0, 1, 0, 0, 0, 0, 1, 1, 0, 1, 1, 0, 1, 1, 1, 0, 0, 0, 1, 0, 0, 1, 1, 1, 0, 0, 1, 0, 1, 1, 0, 1, 1, 0, 1, 0, 0, 1, 1, 1, 0, 0]","{'n_estimators': 200, 'max_samples': 0.5, 'max_features': 1.0, 'bootstrap': True, 'bootstrap_features': False}",COMPLETE
2425,0.7741935481373569,2024-07-08 13:08:33.664474,2024-07-08 13:09:01.137474,0 days 00:00:27.473000,BaggingClassifier,Normalize_L1_1,,"[1, 0, 0, 0, 0, 0, 1, 0, 0, 1, 1, 1, 1, 1, 0, 0, 0, 0, 0, 0, 0, 0, 0, 0, 1, 0, 1, 1, 0, 0, 1, 1, 1, 0, 1, 1, 1, 1, 0, 0, 0, 1, 0, 0, 1, 0, 0, 0, 1]","{'n_estimators': 50, 'max_samples': 0.5, 'max_features': 0.1, 'bootstrap': False, 'bootstrap_features': False}",COMPLETE
2426,0.6322580643121748,2024-07-08 13:08:34.158474,2024-07-08 13:09:11.315506,0 days 00:00:37.157032,BaggingClassifier,Normalize_L1_1,RandomUnderSampler,"[1, 0, 0, 1, 1, 1, 1, 0, 1, 0, 0, 0, 0, 0, 0, 1, 0, 0, 0, 0, 0, 1, 0, 0, 1, 1, 0, 0, 1, 1, 0, 1, 0, 0, 1, 1, 1, 1, 0, 1, 0, 0, 0, 0, 0, 0, 1, 0, 1]","{'n_estimators': 500, 'max_samples': 0.1, 'max_features': 1.0, 'bootstrap': True, 'bootstrap_features': True}",COMPLETE
2427,0.43870967727783555,2024-07-08 13:08:36.331492,2024-07-08 13:09:23.786474,0 days 00:00:47.454982,BaggingClassifier,Normalize_L1_1,SMOTEENN,"[1, 1, 1, 1, 0, 1, 1, 0, 0, 0, 1, 0, 1, 0, 1, 1, 1, 0, 1, 1, 1, 0, 1, 0, 1, 0, 0, 0, 1, 0, 0, 1, 0, 1, 0, 1, 1, 1, 0, 1, 1, 0, 0, 0, 0, 1, 1, 1, 1]","{'n_estimators': 100, 'max_samples': 1.0, 'max_features': 1.0, 'bootstrap': True, 'bootstrap_features': False}",COMPLETE
2428,0.554838709498439,2024-07-08 13:08:37.371474,2024-07-08 13:09:44.566476,0 days 00:01:07.195002,AdaBoostClassifier,Normalize_L1_1,RandomUnderSampler,"[1, 1, 0, 0, 0, 1, 0, 0, 1, 0, 1, 1, 0, 0, 1, 1, 0, 1, 0, 0, 0, 0, 1, 1, 0, 1, 0, 0, 1, 0, 0, 1, 1, 0, 0, 1, 0, 1, 1, 1, 1, 0, 0, 0, 1, 0, 0, 0, 0]","{'n_estimators': 1000, 'learning_rate': 1.0, 'algorithm': 'SAMME'}",COMPLETE
2429,0.5967741933558792,2024-07-08 13:08:38.084472,2024-07-08 13:09:23.644474,0 days 00:00:45.560002,BaggingClassifier,Normalize_L1_1,SMOTEENN,"[0, 1, 0, 0, 0, 0, 1, 1, 0, 0, 1, 1, 0, 0, 0, 1, 0, 1, 0, 0, 1, 0, 1, 1, 1, 0, 1, 0, 0, 1, 1, 0, 0, 1, 0, 0, 0, 0, 1, 0, 1, 1, 1, 1, 1, 0, 1, 1, 1]","{'n_estimators': 100, 'max_samples': 0.1, 'max_features': 1.0, 'bootstrap': False, 'bootstrap_features': False}",COMPLETE
