number,value,datetime_start,datetime_complete,duration,params_model,params_normTechnique,params_sampleTechnique,user_attrs_binIndices,user_attrs_hyperparams,state
2911,0.0,2024-07-08 13:17:45.010005,2024-07-08 13:18:12.665003,0 days 00:00:27.654998,ExtraTreesClassifier,Normalize_L1_1,NearMiss,"[1, 1, 0, 1, 0, 0, 0, 0, 1, 0, 0, 0, 1, 0, 0, 1, 0, 1, 0, 1, 1, 0, 0, 1, 0, 1, 0, 0, 1, 0, 0, 0, 1, 1, 1, 1, 1, 1, 0, 0, 0, 1, 1, 1, 0, 0, 0, 0, 0]","{'n_estimators': 2000, 'max_features': 'auto', 'max_depth': 200, 'min_samples_split': 5, 'min_samples_leaf': 10, 'bootstrap': False}",COMPLETE
2912,0.5290322578938605,2024-07-08 13:17:45.100006,2024-07-08 13:18:12.251008,0 days 00:00:27.151002,BaggingClassifier,Normalize_L1_1,ADASYN,"[1, 0, 0, 1, 0, 1, 1, 1, 1, 1, 1, 1, 1, 1, 1, 0, 0, 0, 0, 1, 1, 0, 0, 0, 0, 0, 0, 0, 0, 1, 0, 1, 0, 0, 1, 1, 0, 0, 1, 1, 1, 0, 0, 1, 1, 1, 0, 1, 1]","{'n_estimators': 200, 'max_samples': 0.1, 'max_features': 0.5, 'bootstrap': False, 'bootstrap_features': False}",COMPLETE
2913,0.7935483868407908,2024-07-08 13:17:45.951007,2024-07-08 13:18:58.911285,0 days 00:01:12.960278,AdaBoostClassifier,Normalize_L1_1,,"[0, 1, 1, 1, 0, 1, 1, 1, 1, 1, 1, 0, 0, 1, 1, 1, 1, 0, 0, 1, 1, 1, 0, 1, 0, 0, 1, 0, 1, 0, 1, 1, 0, 1, 0, 1, 1, 0, 1, 1, 1, 0, 0, 0, 1, 0, 0, 1, 0]","{'n_estimators': 1000, 'learning_rate': 0.01, 'algorithm': 'SAMME.R'}",COMPLETE
2914,0.47419354823413107,2024-07-08 13:17:49.586001,2024-07-08 13:18:12.709003,0 days 00:00:23.123002,BaggingClassifier,Normalize_L1_1,SMOTEENN,"[1, 0, 0, 1, 1, 1, 1, 0, 0, 1, 1, 0, 1, 0, 0, 0, 1, 0, 0, 1, 0, 1, 1, 0, 1, 0, 1, 1, 1, 1, 0, 0, 1, 1, 1, 1, 1, 1, 0, 0, 0, 1, 0, 1, 1, 1, 1, 1, 1]","{'n_estimators': 50, 'max_samples': 1.0, 'max_features': 0.1, 'bootstrap': True, 'bootstrap_features': True}",COMPLETE
2915,0.4322580643766909,2024-07-08 13:17:50.649003,2024-07-08 13:18:17.203286,0 days 00:00:26.554283,BaggingClassifier,Normalize_L1_1,NearMiss,"[0, 1, 0, 0, 0, 1, 1, 1, 0, 0, 1, 0, 0, 0, 1, 0, 1, 0, 0, 1, 0, 0, 0, 1, 0, 1, 0, 0, 0, 1, 1, 0, 0, 0, 1, 1, 0, 1, 0, 1, 0, 0, 1, 0, 1, 0, 0, 1, 0]","{'n_estimators': 50, 'max_samples': 0.5, 'max_features': 0.5, 'bootstrap': True, 'bootstrap_features': False}",COMPLETE
2916,0.7645161287856399,2024-07-08 13:17:51.298004,2024-07-08 13:18:26.298285,0 days 00:00:35.000281,BaggingClassifier,Normalize_L1_1,,"[0, 1, 0, 0, 1, 1, 0, 1, 0, 1, 1, 0, 0, 1, 1, 0, 1, 0, 0, 1, 0, 0, 1, 1, 0, 1, 0, 0, 0, 1, 1, 0, 0, 0, 0, 1, 1, 0, 1, 1, 0, 1, 1, 1, 1, 1, 1, 0, 1]","{'n_estimators': 100, 'max_samples': 1.0, 'max_features': 0.1, 'bootstrap': True, 'bootstrap_features': True}",COMPLETE
2917,0.6129032256087409,2024-07-08 13:17:56.302003,2024-07-08 13:18:15.920286,0 days 00:00:19.618283,BaggingClassifier,Normalize_L1_1,SMOTEENN,"[0, 1, 1, 1, 1, 1, 0, 1, 0, 1, 0, 0, 1, 1, 0, 1, 0, 1, 0, 0, 0, 0, 0, 0, 0, 1, 1, 1, 1, 0, 0, 0, 1, 0, 0, 0, 1, 0, 0, 0, 1, 1, 1, 0, 1, 0, 0, 0, 1]","{'n_estimators': 100, 'max_samples': 0.1, 'max_features': 0.1, 'bootstrap': True, 'bootstrap_features': False}",COMPLETE
2918,0.7935483868407908,2024-07-08 13:17:56.692001,2024-07-08 13:18:23.335285,0 days 00:00:26.643284,AdaBoostClassifier,Normalize_L1_1,,"[0, 0, 1, 0, 0, 0, 0, 1, 1, 0, 0, 1, 1, 0, 1, 1, 1, 0, 1, 0, 1, 0, 1, 1, 0, 1, 0, 1, 1, 0, 0, 0, 0, 0, 0, 0, 1, 0, 0, 0, 1, 1, 1, 0, 1, 0, 1, 1, 1]","{'n_estimators': 10, 'learning_rate': 0.01, 'algorithm': 'SAMME'}",COMPLETE
2919,0.7645161287856399,2024-07-08 13:17:57.698002,2024-07-08 13:19:14.879287,0 days 00:01:17.181285,BaggingClassifier,Normalize_L1_1,,"[1, 1, 0, 0, 0, 0, 1, 0, 1, 0, 1, 0, 0, 1, 1, 1, 0, 1, 1, 1, 1, 0, 0, 0, 0, 1, 1, 1, 0, 1, 0, 1, 0, 0, 1, 0, 1, 0, 1, 0, 1, 0, 0, 1, 1, 1, 1, 0, 0]","{'n_estimators': 1000, 'max_samples': 1.0, 'max_features': 1.0, 'bootstrap': True, 'bootstrap_features': False}",COMPLETE
2920,0.41935483857440164,2024-07-08 13:17:58.303004,2024-07-08 13:18:21.025288,0 days 00:00:22.722284,BaggingClassifier,Normalize_L1_1,NearMiss,"[0, 1, 1, 1, 1, 0, 0, 1, 1, 1, 1, 1, 1, 0, 1, 1, 1, 0, 1, 1, 1, 1, 1, 0, 1, 0, 1, 0, 1, 1, 1, 1, 0, 1, 1, 0, 0, 1, 1, 0, 0, 1, 1, 1, 1, 1, 0, 1, 0]","{'n_estimators': 10, 'max_samples': 0.1, 'max_features': 1.0, 'bootstrap': True, 'bootstrap_features': False}",COMPLETE
2921,0.7580645158844953,2024-07-08 13:17:58.979003,2024-07-08 13:18:23.283286,0 days 00:00:24.304283,BaggingClassifier,Normalize_L1_1,,"[0, 1, 0, 1, 0, 0, 0, 1, 0, 0, 0, 1, 1, 1, 1, 0, 0, 1, 0, 1, 1, 0, 1, 0, 0, 1, 0, 1, 1, 1, 1, 1, 1, 0, 0, 1, 1, 1, 0, 1, 1, 1, 0, 0, 1, 0, 0, 1, 1]","{'n_estimators': 100, 'max_samples': 1.0, 'max_features': 0.1, 'bootstrap': True, 'bootstrap_features': True}",COMPLETE
2922,0.7806451610385015,2024-07-08 13:17:59.778004,2024-07-08 13:18:22.644287,0 days 00:00:22.866283,BaggingClassifier,Normalize_L1_1,,"[1, 1, 1, 0, 0, 1, 0, 1, 1, 1, 1, 1, 0, 1, 1, 0, 0, 1, 1, 1, 0, 0, 0, 1, 0, 0, 0, 0, 0, 0, 1, 0, 0, 0, 1, 1, 1, 1, 0, 1, 0, 1, 1, 1, 0, 1, 0, 1, 0]","{'n_estimators': 50, 'max_samples': 0.5, 'max_features': 0.5, 'bootstrap': True, 'bootstrap_features': True}",COMPLETE
2923,0.7645161287856399,2024-07-08 13:18:00.242002,2024-07-08 13:18:25.809286,0 days 00:00:25.567284,BaggingClassifier,Normalize_L1_1,,"[1, 1, 1, 1, 1, 1, 1, 0, 1, 0, 0, 1, 1, 1, 1, 0, 1, 1, 1, 0, 0, 0, 0, 0, 1, 1, 0, 1, 0, 0, 1, 1, 1, 0, 0, 1, 1, 1, 1, 1, 1, 0, 0, 0, 1, 1, 1, 1, 1]","{'n_estimators': 100, 'max_samples': 1.0, 'max_features': 0.5, 'bootstrap': True, 'bootstrap_features': False}",COMPLETE
2924,0.7806451610385015,2024-07-08 13:18:00.929004,2024-07-08 13:18:19.633288,0 days 00:00:18.704284,BaggingClassifier,Normalize_L1_1,,"[0, 1, 1, 0, 0, 1, 1, 0, 0, 1, 0, 0, 1, 0, 1, 0, 1, 1, 1, 1, 0, 0, 0, 0, 1, 0, 0, 1, 1, 1, 1, 0, 1, 0, 0, 0, 0, 0, 1, 0, 1, 0, 0, 1, 1, 0, 0, 1, 0]","{'n_estimators': 10, 'max_samples': 0.1, 'max_features': 1.0, 'bootstrap': False, 'bootstrap_features': True}",COMPLETE
2925,0.7935483868407908,2024-07-08 13:18:05.224003,2024-07-08 13:18:30.682288,0 days 00:00:25.458285,AdaBoostClassifier,Normalize_L1_1,,"[0, 1, 0, 1, 0, 1, 1, 0, 1, 0, 1, 0, 1, 0, 1, 0, 0, 1, 0, 1, 0, 1, 1, 1, 0, 1, 0, 1, 0, 1, 0, 0, 0, 0, 0, 1, 0, 1, 0, 0, 0, 0, 1, 1, 0, 1, 1, 1, 1]","{'n_estimators': 10, 'learning_rate': 0.1, 'algorithm': 'SAMME.R'}",COMPLETE
2926,0.0,2024-07-08 13:18:05.793002,2024-07-08 13:18:32.995287,0 days 00:00:27.202285,MLPClassifier,,,,,COMPLETE
2927,0.7870967739396462,2024-07-08 13:18:06.785003,2024-07-08 13:18:45.447286,0 days 00:00:38.662283,DecisionTreeClassifier,Normalize_L1_1,,"[1, 0, 0, 1, 1, 0, 0, 0, 1, 0, 1, 0, 1, 0, 0, 0, 0, 0, 0, 1, 1, 0, 0, 1, 0, 0, 0, 0, 0, 0, 1, 0, 1, 1, 0, 1, 1, 0, 0, 1, 1, 0, 0, 0, 1, 1, 1, 0, 0]","{'max_depth': 500, 'min_samples_split': 200, 'min_samples_leaf': 2, 'max_features': 'sqrt', 'splitter': 'best'}",COMPLETE
2928,0.7612903223350675,2024-07-08 13:18:07.060001,2024-07-08 13:18:28.910313,0 days 00:00:21.850312,BaggingClassifier,Normalize_L1_1,,"[1, 0, 0, 0, 0, 0, 1, 1, 1, 1, 1, 1, 1, 1, 0, 0, 0, 0, 1, 1, 0, 1, 0, 1, 1, 1, 0, 0, 0, 1, 0, 1, 1, 0, 1, 1, 1, 0, 0, 1, 1, 1, 0, 0, 0, 0, 1, 0, 0]","{'n_estimators': 10, 'max_samples': 0.5, 'max_features': 0.5, 'bootstrap': True, 'bootstrap_features': False}",COMPLETE
2929,0.0,2024-07-08 13:18:08.487002,2024-07-08 13:18:41.179299,0 days 00:00:32.692297,XGBClassifier,,BorderlineSMOTE,,"{'n_estimators': 500, 'learning_rate': 0.5, 'max_depth': 9, 'min_child_weight': 3, 'subsample': 0.7, 'colsample_bytree': 1.0, 'gamma': 0.5, 'reg_alpha': 0.0, 'reg_lambda': 0.0}",COMPLETE
2930,0.7838709674890738,2024-07-08 13:18:09.195006,2024-07-08 13:18:29.172287,0 days 00:00:19.977281,BaggingClassifier,Normalize_L1_1,,"[0, 0, 0, 0, 0, 0, 1, 1, 0, 0, 1, 1, 0, 1, 1, 0, 0, 1, 1, 1, 0, 0, 1, 0, 0, 1, 1, 0, 1, 1, 1, 1, 1, 0, 0, 0, 0, 1, 1, 1, 0, 0, 0, 0, 0, 0, 1, 1, 0]","{'n_estimators': 10, 'max_samples': 0.1, 'max_features': 0.5, 'bootstrap': True, 'bootstrap_features': False}",COMPLETE
2931,0.7774193545879292,2024-07-08 13:18:10.062005,2024-07-08 13:18:32.090286,0 days 00:00:22.028281,BaggingClassifier,Normalize_L1_1,,"[1, 0, 1, 0, 1, 0, 1, 0, 0, 1, 0, 1, 0, 1, 1, 0, 0, 0, 1, 1, 0, 1, 0, 1, 1, 1, 0, 0, 1, 1, 1, 1, 1, 1, 1, 0, 0, 0, 0, 0, 0, 1, 0, 1, 1, 0, 0, 0, 1]","{'n_estimators': 50, 'max_samples': 0.1, 'max_features': 0.5, 'bootstrap': True, 'bootstrap_features': True}",COMPLETE
2932,0.0,2024-07-08 13:18:12.477002,2024-07-08 13:18:32.413289,0 days 00:00:19.936287,AdaBoostClassifier,Normalize_L1_1,KMeansSMOTE,,"{'n_estimators': 500, 'learning_rate': 10.0, 'algorithm': 'SAMME'}",COMPLETE
2933,0.0,2024-07-08 13:18:12.760003,2024-07-08 13:18:32.498286,0 days 00:00:19.738283,BaggingClassifier,Normalize_L1_1,KMeansSMOTE,,"{'n_estimators': 10, 'max_samples': 0.1, 'max_features': 0.5, 'bootstrap': True, 'bootstrap_features': True}",COMPLETE
2934,0.0,2024-07-08 13:18:13.378002,2024-07-08 13:18:30.086289,0 days 00:00:16.708287,BaggingClassifier,Normalize_L1_1,KMeansSMOTE,,"{'n_estimators': 50, 'max_samples': 0.5, 'max_features': 0.5, 'bootstrap': False, 'bootstrap_features': False}",COMPLETE
2935,0.0,2024-07-08 13:18:13.562000,2024-07-08 13:18:30.866289,0 days 00:00:17.304289,BaggingClassifier,Normalize_L1_1,KMeansSMOTE,,"{'n_estimators': 100, 'max_samples': 0.5, 'max_features': 0.1, 'bootstrap': True, 'bootstrap_features': True}",COMPLETE
2936,0.0,2024-07-08 13:18:14.069006,2024-07-08 13:18:40.315292,0 days 00:00:26.246286,XGBClassifier,,BorderlineSMOTE,,"{'n_estimators': 200, 'learning_rate': 1.0, 'max_depth': 3, 'min_child_weight': 10, 'subsample': 0.7, 'colsample_bytree': 1.0, 'gamma': 1.0, 'reg_alpha': 0.1, 'reg_lambda': 0.1}",COMPLETE
2937,0.7967741932913631,2024-07-08 13:18:14.315003,2024-07-08 13:18:35.162285,0 days 00:00:20.847282,BaggingClassifier,Normalize_L1_1,,"[0, 1, 1, 0, 1, 1, 1, 0, 0, 1, 0, 1, 1, 1, 1, 0, 0, 0, 1, 0, 0, 1, 1, 1, 1, 1, 0, 0, 0, 1, 1, 1, 0, 1, 0, 0, 1, 0, 0, 1, 0, 1, 1, 1, 1, 1, 1, 1, 1]","{'n_estimators': 100, 'max_samples': 0.1, 'max_features': 0.5, 'bootstrap': False, 'bootstrap_features': False}",COMPLETE
2938,0.0,2024-07-08 13:18:14.498004,2024-07-08 13:18:28.802286,0 days 00:00:14.304282,BaggingClassifier,Normalize_L1_1,KMeansSMOTE,,"{'n_estimators': 200, 'max_samples': 0.5, 'max_features': 0.5, 'bootstrap': True, 'bootstrap_features': False}",COMPLETE
2939,0.6258064514110301,2024-07-08 13:18:15.539290,2024-07-08 13:18:47.525287,0 days 00:00:31.985997,XGBClassifier,Normalize_L1_1,BorderlineSMOTE,"[0, 0, 1, 0, 0, 1, 1, 1, 0, 1, 1, 1, 0, 0, 0, 0, 0, 0, 1, 1, 1, 0, 1, 0, 0, 1, 1, 1, 1, 0, 0, 0, 1, 1, 0, 1, 1, 1, 1, 0, 0, 0, 1, 1, 0, 1, 1, 1, 1]","{'n_estimators': 1000, 'learning_rate': 0.01, 'max_depth': 3, 'min_child_weight': 3, 'subsample': 0.5, 'colsample_bytree': 0.5, 'gamma': 0.1, 'reg_alpha': 1.0, 'reg_lambda': 1.0}",COMPLETE
2940,0.7612903223350675,2024-07-08 13:18:15.800293,2024-07-08 13:18:38.627288,0 days 00:00:22.826995,BaggingClassifier,Normalize_L1_1,,"[1, 1, 1, 0, 1, 1, 0, 0, 1, 0, 1, 1, 0, 0, 0, 0, 0, 0, 0, 1, 1, 1, 1, 0, 0, 0, 1, 1, 1, 1, 1, 0, 0, 1, 1, 1, 0, 0, 0, 0, 0, 0, 1, 0, 1, 1, 1, 1, 0]","{'n_estimators': 200, 'max_samples': 1.0, 'max_features': 0.5, 'bootstrap': False, 'bootstrap_features': False}",COMPLETE
2941,0.0,2024-07-08 13:18:16.193290,2024-07-08 13:18:32.279284,0 days 00:00:16.085994,BaggingClassifier,Normalize_L1_1,KMeansSMOTE,,"{'n_estimators': 500, 'max_samples': 1.0, 'max_features': 0.5, 'bootstrap': True, 'bootstrap_features': False}",COMPLETE
2942,0.0,2024-07-08 13:18:16.399285,2024-07-08 13:18:32.441289,0 days 00:00:16.042004,MLPClassifier,,,,,COMPLETE
2943,0.0,2024-07-08 13:18:17.148285,2024-07-08 13:18:38.275288,0 days 00:00:21.127003,XGBClassifier,,BorderlineSMOTE,,"{'n_estimators': 200, 'learning_rate': 1.0, 'max_depth': 5, 'min_child_weight': 3, 'subsample': 0.5, 'colsample_bytree': 0.7, 'gamma': 0.0, 'reg_alpha': 1.0, 'reg_lambda': 0.1}",COMPLETE
2944,0.6161290320593131,2024-07-08 13:18:17.369288,2024-07-08 13:18:38.359288,0 days 00:00:20.990000,XGBClassifier,Normalize_L1_1,,"[1, 0, 0, 0, 1, 0, 0, 1, 1, 1, 0, 0, 1, 1, 0, 0, 0, 1, 0, 0, 0, 0, 0, 0, 1, 0, 0, 0, 0, 0, 1, 0, 1, 0, 1, 1, 0, 1, 1, 0, 1, 0, 1, 0, 1, 0, 1, 1, 1]","{'n_estimators': 10, 'learning_rate': 10.0, 'max_depth': 7, 'min_child_weight': 1, 'subsample': 0.7, 'colsample_bytree': 0.7, 'gamma': 1.0, 'reg_alpha': 0.1, 'reg_lambda': 1.0}",COMPLETE
2945,0.0,2024-07-08 13:18:18.572286,2024-07-08 13:18:34.690287,0 days 00:00:16.118001,MLPClassifier,,,,,COMPLETE
2946,0.7903225803902184,2024-07-08 13:18:20.677287,2024-07-08 13:18:40.756289,0 days 00:00:20.079002,XGBClassifier,Normalize_L1_1,,"[1, 0, 1, 0, 1, 1, 1, 0, 1, 0, 0, 1, 0, 1, 0, 1, 1, 0, 0, 1, 1, 1, 1, 1, 0, 0, 1, 0, 1, 0, 0, 0, 0, 1, 0, 0, 1, 0, 0, 0, 1, 0, 1, 0, 0, 0, 1, 0, 0]","{'n_estimators': 50, 'learning_rate': 0.1, 'max_depth': 3, 'min_child_weight': 1, 'subsample': 0.7, 'colsample_bytree': 0.7, 'gamma': 0.1, 'reg_alpha': 1.0, 'reg_lambda': 0.1}",COMPLETE
2947,0.6419354836638917,2024-07-08 13:18:21.189288,2024-07-08 13:18:45.404287,0 days 00:00:24.214999,XGBClassifier,Normalize_L1_1,BorderlineSMOTE,"[0, 0, 1, 0, 0, 1, 1, 1, 1, 0, 0, 1, 0, 0, 0, 1, 0, 0, 1, 1, 0, 1, 1, 1, 1, 0, 1, 0, 1, 0, 0, 1, 1, 1, 1, 0, 1, 0, 0, 1, 0, 1, 1, 1, 0, 1, 1, 0, 1]","{'n_estimators': 500, 'learning_rate': 0.1, 'max_depth': 9, 'min_child_weight': 3, 'subsample': 0.7, 'colsample_bytree': 1.0, 'gamma': 0.5, 'reg_alpha': 1.0, 'reg_lambda': 0.1}",COMPLETE
2948,0.6290322578616024,2024-07-08 13:18:21.657289,2024-07-08 13:18:38.281286,0 days 00:00:16.623997,XGBClassifier,Normalize_L1_1,BorderlineSMOTE,"[1, 1, 0, 1, 1, 0, 1, 1, 1, 0, 0, 0, 0, 1, 0, 0, 1, 1, 1, 1, 1, 0, 0, 1, 1, 0, 1, 1, 1, 0, 0, 0, 0, 1, 1, 0, 0, 1, 0, 0, 0, 1, 1, 1, 0, 1, 1, 1, 1]","{'n_estimators': 50, 'learning_rate': 0.1, 'max_depth': 9, 'min_child_weight': 10, 'subsample': 0.7, 'colsample_bytree': 0.5, 'gamma': 0.1, 'reg_alpha': 1.0, 'reg_lambda': 0.0}",COMPLETE
2949,0.7612903223350675,2024-07-08 13:18:21.720286,2024-07-08 13:18:51.022288,0 days 00:00:29.302002,BaggingClassifier,Normalize_L1_1,,"[1, 0, 0, 1, 0, 0, 1, 0, 0, 1, 1, 1, 1, 1, 1, 0, 0, 0, 1, 1, 0, 1, 1, 1, 0, 1, 1, 1, 1, 0, 1, 1, 0, 0, 0, 1, 1, 0, 1, 1, 1, 1, 0, 1, 1, 0, 1, 0, 0]","{'n_estimators': 200, 'max_samples': 1.0, 'max_features': 0.5, 'bootstrap': True, 'bootstrap_features': False}",COMPLETE
2950,0.7999999997419355,2024-07-08 13:18:21.933285,2024-07-08 13:18:34.432289,0 days 00:00:12.499004,XGBClassifier,Normalize_L1_1,,"[0, 0, 1, 0, 0, 1, 1, 1, 0, 1, 1, 1, 1, 0, 1, 1, 1, 1, 0, 0, 0, 1, 0, 0, 1, 1, 1, 1, 0, 1, 1, 0, 0, 0, 0, 0, 1, 1, 0, 1, 0, 1, 1, 0, 1, 0, 0, 1, 1]","{'n_estimators': 10, 'learning_rate': 0.1, 'max_depth': 5, 'min_child_weight': 3, 'subsample': 0.5, 'colsample_bytree': 1.0, 'gamma': 0.0, 'reg_alpha': 0.0, 'reg_lambda': 0.0}",COMPLETE
2951,0.0,2024-07-08 13:18:22.954286,2024-07-08 13:18:34.183287,0 days 00:00:11.229001,MLPClassifier,,,,,COMPLETE
2952,0.574193548201873,2024-07-08 13:18:24.288286,2024-07-08 13:18:40.318288,0 days 00:00:16.030002,XGBClassifier,Normalize_L1_1,BorderlineSMOTE,"[0, 0, 1, 0, 0, 1, 0, 0, 1, 0, 1, 1, 0, 1, 0, 1, 0, 0, 0, 1, 0, 0, 0, 1, 0, 0, 1, 1, 1, 0, 0, 0, 1, 1, 0, 0, 1, 0, 0, 0, 1, 0, 0, 1, 1, 0, 1, 0, 0]","{'n_estimators': 10, 'learning_rate': 10.0, 'max_depth': 7, 'min_child_weight': 3, 'subsample': 0.5, 'colsample_bytree': 0.5, 'gamma': 1.0, 'reg_alpha': 0.0, 'reg_lambda': 0.1}",COMPLETE
2953,0.7741935481373569,2024-07-08 13:18:24.386286,2024-07-08 13:18:47.102286,0 days 00:00:22.716000,BaggingClassifier,Normalize_L1_1,,"[1, 1, 1, 1, 1, 1, 1, 1, 0, 1, 0, 0, 1, 0, 1, 1, 0, 0, 1, 0, 1, 1, 1, 1, 0, 1, 0, 1, 0, 1, 0, 1, 0, 0, 1, 0, 0, 0, 1, 1, 1, 1, 1, 0, 0, 1, 1, 1, 1]","{'n_estimators': 10, 'max_samples': 0.1, 'max_features': 1.0, 'bootstrap': True, 'bootstrap_features': False}",COMPLETE
2954,0.6774193546201872,2024-07-08 13:18:25.450290,2024-07-08 13:18:47.270286,0 days 00:00:21.819996,XGBClassifier,Normalize_L1_1,,"[0, 0, 0, 1, 1, 0, 0, 0, 1, 1, 1, 1, 1, 1, 1, 0, 1, 1, 1, 1, 0, 0, 0, 0, 0, 0, 1, 1, 0, 1, 0, 1, 0, 1, 1, 1, 0, 0, 1, 1, 0, 0, 1, 0, 0, 0, 1, 1, 0]","{'n_estimators': 1000, 'learning_rate': 0.5, 'max_depth': 7, 'min_child_weight': 10, 'subsample': 0.7, 'colsample_bytree': 1.0, 'gamma': 0.0, 'reg_alpha': 1.0, 'reg_lambda': 0.1}",COMPLETE
2955,0.5709677417513007,2024-07-08 13:18:25.730286,2024-07-08 13:18:38.300287,0 days 00:00:12.570001,XGBClassifier,Normalize_L1_1,,"[1, 1, 1, 1, 1, 1, 1, 1, 1, 1, 1, 1, 0, 0, 0, 1, 0, 0, 0, 0, 1, 0, 1, 1, 1, 0, 1, 0, 1, 1, 1, 1, 1, 1, 0, 0, 1, 1, 0, 1, 1, 0, 1, 0, 1, 0, 0, 0, 0]","{'n_estimators': 500, 'learning_rate': 10.0, 'max_depth': 5, 'min_child_weight': 10, 'subsample': 1.0, 'colsample_bytree': 0.5, 'gamma': 0.1, 'reg_alpha': 1.0, 'reg_lambda': 1.0}",COMPLETE
2956,0.0,2024-07-08 13:18:25.935313,2024-07-08 13:18:46.506286,0 days 00:00:20.570973,XGBClassifier,,BorderlineSMOTE,,"{'n_estimators': 50, 'learning_rate': 0.01, 'max_depth': 7, 'min_child_weight': 3, 'subsample': 0.7, 'colsample_bytree': 0.5, 'gamma': 0.5, 'reg_alpha': 1.0, 'reg_lambda': 0.1}",COMPLETE
2957,0.0,2024-07-08 13:18:26.034284,2024-07-08 13:18:38.288315,0 days 00:00:12.254031,XGBClassifier,,,,"{'n_estimators': 10, 'learning_rate': 0.01, 'max_depth': 9, 'min_child_weight': 1, 'subsample': 0.5, 'colsample_bytree': 0.5, 'gamma': 0.5, 'reg_alpha': 0.0, 'reg_lambda': 0.1}",COMPLETE
2958,0.7612903223350675,2024-07-08 13:18:27.785296,2024-07-08 13:19:13.409315,0 days 00:00:45.624019,BaggingClassifier,Normalize_L1_1,,"[1, 1, 0, 0, 1, 1, 1, 1, 0, 0, 0, 0, 0, 1, 0, 0, 0, 0, 1, 1, 1, 0, 1, 0, 1, 1, 1, 1, 0, 0, 0, 0, 1, 1, 0, 1, 1, 0, 0, 1, 1, 1, 1, 0, 0, 0, 0, 1, 1]","{'n_estimators': 200, 'max_samples': 1.0, 'max_features': 0.5, 'bootstrap': True, 'bootstrap_features': False}",COMPLETE
2959,0.0,2024-07-08 13:18:28.896287,2024-07-08 13:18:40.138287,0 days 00:00:11.242000,XGBClassifier,,BorderlineSMOTE,,"{'n_estimators': 500, 'learning_rate': 0.1, 'max_depth': 7, 'min_child_weight': 1, 'subsample': 0.7, 'colsample_bytree': 1.0, 'gamma': 0.5, 'reg_alpha': 0.0, 'reg_lambda': 0.0}",COMPLETE
2960,0.7677419352362123,2024-07-08 13:18:28.899285,2024-07-08 13:18:44.304287,0 days 00:00:15.405002,BaggingClassifier,Normalize_L1_1,,"[0, 1, 0, 0, 1, 0, 1, 0, 1, 1, 0, 1, 0, 1, 0, 1, 1, 1, 1, 0, 0, 0, 0, 1, 0, 1, 0, 1, 1, 1, 1, 0, 0, 0, 1, 0, 1, 0, 0, 0, 1, 0, 1, 0, 1, 0, 1, 0, 1]","{'n_estimators': 10, 'max_samples': 1.0, 'max_features': 1.0, 'bootstrap': True, 'bootstrap_features': True}",COMPLETE
2961,0.7645161287856399,2024-07-08 13:18:29.072288,2024-07-08 13:19:24.209303,0 days 00:00:55.137015,BaggingClassifier,Normalize_L1_1,,"[1, 0, 0, 1, 0, 1, 1, 0, 0, 0, 0, 0, 1, 1, 0, 0, 1, 0, 0, 0, 0, 1, 0, 0, 0, 0, 0, 0, 1, 0, 1, 1, 1, 1, 0, 1, 1, 1, 1, 1, 0, 0, 0, 0, 0, 0, 0, 0, 1]","{'n_estimators': 10, 'max_samples': 1.0, 'max_features': 0.5, 'bootstrap': False, 'bootstrap_features': False}",COMPLETE
2962,0.43548387082726325,2024-07-08 13:18:29.835292,2024-07-08 13:19:15.916290,0 days 00:00:46.080998,BaggingClassifier,Normalize_L1_1,SMOTETomek,"[1, 0, 1, 0, 1, 0, 1, 1, 1, 1, 1, 0, 1, 0, 1, 1, 0, 0, 0, 0, 1, 1, 1, 1, 0, 0, 0, 0, 1, 0, 0, 1, 0, 1, 1, 1, 1, 1, 1, 1, 1, 0, 1, 0, 0, 0, 0, 1, 0]","{'n_estimators': 10, 'max_samples': 1.0, 'max_features': 0.5, 'bootstrap': True, 'bootstrap_features': False}",COMPLETE
2963,0.0,2024-07-08 13:18:29.983286,2024-07-08 13:18:44.555314,0 days 00:00:14.572028,XGBClassifier,,,,"{'n_estimators': 1000, 'learning_rate': 0.5, 'max_depth': 3, 'min_child_weight': 5, 'subsample': 0.5, 'colsample_bytree': 0.7, 'gamma': 0.5, 'reg_alpha': 0.1, 'reg_lambda': 0.1}",COMPLETE
2964,0.0,2024-07-08 13:18:31.882285,2024-07-08 13:18:51.028287,0 days 00:00:19.146002,DecisionTreeClassifier,Normalize_L1_1,SMOTETomek,"[0, 0, 1, 0, 0, 1, 0, 1, 0, 1, 1, 1, 1, 0, 1, 1, 1, 0, 1, 0, 0, 0, 1, 0, 0, 1, 1, 1, 0, 0, 1, 0, 1, 0, 0, 0, 1, 1, 0, 0, 0, 1, 0, 1, 0, 0, 1, 1, 1]","{'max_depth': 10, 'min_samples_split': 200, 'min_samples_leaf': 5, 'max_features': 'auto', 'splitter': 'random'}",COMPLETE
2965,0.7741935481373569,2024-07-08 13:18:32.037287,2024-07-08 13:18:49.721287,0 days 00:00:17.684000,BaggingClassifier,Normalize_L1_1,,"[0, 1, 0, 1, 1, 0, 1, 1, 1, 1, 0, 1, 1, 0, 0, 0, 1, 1, 0, 1, 0, 1, 0, 1, 0, 0, 0, 0, 0, 0, 1, 0, 1, 0, 1, 0, 0, 1, 0, 0, 1, 0, 0, 0, 0, 0, 0, 0, 1]","{'n_estimators': 200, 'max_samples': 0.5, 'max_features': 0.1, 'bootstrap': False, 'bootstrap_features': True}",COMPLETE
2966,0.7741935481373569,2024-07-08 13:18:32.168285,2024-07-08 13:19:28.404303,0 days 00:00:56.236018,ExtraTreesClassifier,Normalize_L1_1,TomekLinks,"[0, 1, 0, 1, 1, 1, 0, 0, 0, 0, 1, 1, 1, 0, 0, 0, 0, 0, 0, 0, 0, 0, 0, 0, 1, 0, 1, 1, 0, 1, 0, 0, 0, 1, 1, 0, 0, 0, 1, 0, 0, 0, 1, 1, 1, 0, 0, 1, 1]","{'n_estimators': 10, 'max_features': None, 'max_depth': None, 'min_samples_split': 100, 'min_samples_leaf': 50, 'bootstrap': True}",COMPLETE
2967,0.7709677416867845,2024-07-08 13:18:32.341290,2024-07-08 13:19:25.008303,0 days 00:00:52.667013,BaggingClassifier,Normalize_L1_1,,"[0, 1, 1, 0, 0, 0, 0, 0, 1, 0, 0, 0, 1, 0, 0, 1, 0, 0, 0, 1, 1, 0, 1, 1, 1, 0, 0, 1, 0, 1, 1, 0, 1, 1, 1, 1, 1, 0, 0, 0, 1, 0, 1, 1, 1, 1, 0, 0, 1]","{'n_estimators': 500, 'max_samples': 0.5, 'max_features': 0.5, 'bootstrap': True, 'bootstrap_features': False}",COMPLETE
2968,0.745161290082206,2024-07-08 13:18:33.620285,2024-07-08 13:18:49.711290,0 days 00:00:16.091005,DecisionTreeClassifier,Normalize_L1_1,,"[0, 0, 1, 0, 0, 0, 0, 1, 0, 1, 0, 1, 1, 1, 0, 0, 0, 1, 0, 1, 0, 1, 1, 0, 0, 0, 1, 1, 1, 0, 1, 0, 1, 0, 0, 1, 1, 1, 1, 0, 0, 0, 0, 0, 1, 0, 1, 1, 1]","{'max_depth': 200, 'min_samples_split': 10, 'min_samples_leaf': 5, 'max_features': 'log2', 'splitter': 'random'}",COMPLETE
2969,0.7870967739396462,2024-07-08 13:18:34.323286,2024-07-08 13:18:50.960288,0 days 00:00:16.637002,DecisionTreeClassifier,Normalize_L1_1,,"[0, 0, 0, 0, 1, 1, 0, 1, 0, 0, 1, 1, 0, 0, 0, 0, 1, 0, 1, 0, 1, 1, 0, 1, 0, 0, 1, 1, 1, 1, 1, 0, 1, 0, 0, 0, 1, 1, 0, 0, 0, 1, 0, 1, 1, 0, 0, 0, 0]","{'max_depth': 50, 'min_samples_split': 10, 'min_samples_leaf': 100, 'max_features': None, 'splitter': 'random'}",COMPLETE
