number,value,datetime_start,datetime_complete,duration,params_model,params_normTechnique,params_sampleTechnique,user_attrs_binIndices,user_attrs_hyperparams,state
411,0.6677419352684703,2024-07-08 12:37:10.270923,2024-07-08 12:37:59.139349,0 days 00:00:48.868426,BaggingClassifier,Normalize_L2_0,,"[1, 1, 1, 1, 0, 0, 1, 0, 1, 1, 1, 0, 1, 0, 0, 0, 1, 0, 1, 1, 1, 0, 1, 0, 1, 0, 0, 1, 1, 0, 1, 0, 0, 0, 1, 1, 1, 0, 0, 1, 1, 1, 1, 1, 1, 1, 0, 1, 1]","{'n_estimators': 1000, 'max_samples': 0.5, 'max_features': 0.5, 'bootstrap': False, 'bootstrap_features': True}",COMPLETE
412,0.5806451611030177,2024-07-08 12:37:10.534924,2024-07-08 12:37:21.131925,0 days 00:00:10.597001,XGBClassifier,Normalize_Max_1,,"[1, 1, 0, 0, 1, 1, 1, 1, 1, 1, 1, 1, 0, 1, 1, 0, 0, 0, 0, 1, 0, 1, 0, 1, 1, 1, 0, 1, 0, 1, 0, 1, 1, 0, 1, 1, 0, 0, 0, 0, 1, 0, 1, 1, 1, 0, 0, 0, 0]","{'n_estimators': 500, 'learning_rate': 10.0, 'max_depth': 7, 'min_child_weight': 5, 'subsample': 0.7, 'colsample_bytree': 0.7, 'gamma': 0.0, 'reg_alpha': 1.0, 'reg_lambda': 0.0}",COMPLETE
413,0.7935483868407908,2024-07-08 12:37:10.676924,2024-07-08 12:37:20.986924,0 days 00:00:10.310000,XGBClassifier,StandardScaler,,"[0, 1, 0, 1, 0, 0, 1, 1, 0, 0, 0, 0, 0, 1, 1, 0, 1, 0, 1, 1, 0, 0, 1, 0, 1, 1, 0, 0, 1, 0, 1, 0, 1, 1, 0, 1, 1, 1, 1, 0, 1, 0, 1, 0, 0, 0, 1, 1, 1]","{'n_estimators': 50, 'learning_rate': 0.01, 'max_depth': 5, 'min_child_weight': 3, 'subsample': 1.0, 'colsample_bytree': 1.0, 'gamma': 0.1, 'reg_alpha': 0.1, 'reg_lambda': 1.0}",COMPLETE
414,0.6129032256087409,2024-07-08 12:37:12.084926,2024-07-08 12:37:26.572939,0 days 00:00:14.488013,XGBClassifier,Normalize_L2_1,SMOTEENN,"[0, 0, 0, 1, 1, 0, 0, 1, 1, 0, 0, 1, 0, 0, 1, 0, 1, 1, 0, 0, 0, 0, 1, 1, 1, 1, 1, 1, 1, 1, 0, 1, 1, 1, 1, 1, 1, 0, 0, 0, 1, 0, 1, 0, 1, 1, 1, 1, 0]","{'n_estimators': 500, 'learning_rate': 1.0, 'max_depth': 5, 'min_child_weight': 1, 'subsample': 0.5, 'colsample_bytree': 1.0, 'gamma': 0.1, 'reg_alpha': 0.1, 'reg_lambda': 0.0}",COMPLETE
415,0.7258064513787721,2024-07-08 12:37:12.604959,2024-07-08 12:37:22.992960,0 days 00:00:10.388001,XGBClassifier,Normalize_L2_1,,"[0, 1, 0, 0, 1, 0, 0, 1, 1, 1, 1, 1, 0, 0, 0, 1, 0, 1, 1, 1, 1, 1, 0, 1, 1, 0, 0, 0, 0, 1, 1, 1, 0, 0, 0, 1, 1, 1, 1, 1, 1, 0, 0, 1, 1, 1, 1, 1, 0]","{'n_estimators': 100, 'learning_rate': 1.0, 'max_depth': 3, 'min_child_weight': 1, 'subsample': 1.0, 'colsample_bytree': 0.7, 'gamma': 0.0, 'reg_alpha': 0.0, 'reg_lambda': 0.0}",COMPLETE
416,0.735483870730489,2024-07-08 12:37:12.881924,2024-07-08 12:37:24.677927,0 days 00:00:11.796003,XGBClassifier,Normalize_L2_1,,"[0, 0, 1, 0, 1, 1, 0, 0, 1, 0, 1, 0, 0, 0, 1, 1, 0, 1, 0, 0, 0, 0, 1, 1, 0, 0, 0, 0, 1, 0, 1, 0, 0, 1, 0, 1, 1, 0, 0, 0, 0, 0, 0, 1, 0, 1, 0, 1, 0]","{'n_estimators': 10, 'learning_rate': 0.5, 'max_depth': 5, 'min_child_weight': 3, 'subsample': 0.5, 'colsample_bytree': 0.5, 'gamma': 0.1, 'reg_alpha': 0.0, 'reg_lambda': 0.0}",COMPLETE
417,0.7258064513787721,2024-07-08 12:37:14.149924,2024-07-08 12:37:22.162928,0 days 00:00:08.013004,XGBClassifier,Normalize_Max_1,,"[0, 1, 1, 1, 1, 1, 1, 1, 0, 0, 1, 1, 1, 1, 0, 0, 0, 1, 1, 0, 1, 0, 0, 0, 0, 1, 0, 0, 1, 0, 1, 0, 0, 1, 0, 0, 0, 1, 1, 0, 0, 0, 1, 0, 1, 1, 1, 0, 1]","{'n_estimators': 100, 'learning_rate': 0.1, 'max_depth': 9, 'min_child_weight': 5, 'subsample': 1.0, 'colsample_bytree': 0.7, 'gamma': 0.0, 'reg_alpha': 0.0, 'reg_lambda': 0.0}",COMPLETE
418,0.0,2024-07-08 12:37:14.412925,2024-07-08 12:37:28.942979,0 days 00:00:14.530054,DecisionTreeClassifier,Normalize_L2_0,BorderlineSMOTE,"[1, 1, 0, 0, 1, 0, 0, 1, 0, 1, 0, 0, 0, 0, 1, 0, 1, 1, 0, 1, 1, 1, 1, 1, 1, 0, 0, 0, 0, 1, 1, 1, 1, 0, 1, 0, 1, 0, 1, 0, 1, 0, 0, 1, 1, 0, 1, 0, 0]","{'max_depth': 200, 'min_samples_split': 10, 'min_samples_leaf': 2, 'max_features': 'auto', 'splitter': 'best'}",COMPLETE
419,0.635483870762747,2024-07-08 12:37:15.546924,2024-07-08 12:37:27.389951,0 days 00:00:11.843027,XGBClassifier,MinMaxScaler,NearMiss,"[0, 1, 0, 1, 0, 0, 1, 0, 1, 0, 1, 0, 0, 0, 0, 0, 1, 0, 0, 0, 1, 1, 0, 0, 1, 0, 0, 0, 0, 0, 0, 0, 0, 0, 0, 1, 0, 1, 1, 0, 0, 0, 1, 0, 0, 1, 0, 0, 1]","{'n_estimators': 50, 'learning_rate': 10.0, 'max_depth': 9, 'min_child_weight': 3, 'subsample': 1.0, 'colsample_bytree': 0.5, 'gamma': 1.0, 'reg_alpha': 1.0, 'reg_lambda': 0.1}",COMPLETE
420,0.4290322579261186,2024-07-08 12:37:15.856926,2024-07-08 12:37:34.518989,0 days 00:00:18.662063,XGBClassifier,Normalize_L2_1,NearMiss,"[1, 0, 0, 0, 0, 1, 1, 0, 1, 1, 1, 0, 0, 0, 1, 1, 1, 0, 0, 1, 1, 1, 1, 1, 0, 0, 1, 1, 0, 1, 0, 0, 1, 1, 1, 1, 1, 0, 1, 1, 0, 1, 1, 0, 0, 1, 0, 1, 1]","{'n_estimators': 500, 'learning_rate': 1.0, 'max_depth': 3, 'min_child_weight': 10, 'subsample': 0.5, 'colsample_bytree': 1.0, 'gamma': 1.0, 'reg_alpha': 0.0, 'reg_lambda': 0.1}",COMPLETE
421,0.6161290320593131,2024-07-08 12:37:16.598923,2024-07-08 12:37:24.927927,0 days 00:00:08.329004,XGBClassifier,Normalize_L2_1,SMOTEENN,"[1, 0, 1, 0, 1, 0, 0, 1, 1, 1, 1, 0, 0, 1, 1, 0, 0, 1, 1, 0, 0, 0, 1, 1, 1, 1, 1, 1, 1, 0, 0, 0, 0, 1, 0, 1, 0, 1, 1, 1, 0, 1, 0, 1, 0, 1, 1, 1, 1]","{'n_estimators': 1000, 'learning_rate': 0.5, 'max_depth': 3, 'min_child_weight': 10, 'subsample': 1.0, 'colsample_bytree': 0.7, 'gamma': 1.0, 'reg_alpha': 0.1, 'reg_lambda': 0.1}",COMPLETE
422,0.5483870965972945,2024-07-08 12:37:16.683924,2024-07-08 12:37:29.276980,0 days 00:00:12.593056,BaggingClassifier,Normalize_L2_0,TomekLinks,"[0, 1, 1, 1, 0, 0, 0, 1, 1, 1, 0, 0, 0, 1, 1, 1, 1, 0, 1, 0, 0, 0, 1, 1, 0, 0, 1, 0, 1, 1, 0, 0, 1, 1, 0, 0, 1, 0, 0, 1, 1, 0, 0, 1, 0, 1, 0, 0, 1]","{'n_estimators': 100, 'max_samples': 0.5, 'max_features': 0.5, 'bootstrap': False, 'bootstrap_features': False}",COMPLETE
423,0.674193548169615,2024-07-08 12:37:16.751925,2024-07-08 12:37:35.333981,0 days 00:00:18.582056,BaggingClassifier,Normalize_L2_0,,"[1, 0, 1, 0, 0, 0, 0, 0, 0, 0, 1, 1, 1, 0, 1, 1, 1, 1, 1, 0, 1, 0, 1, 1, 0, 1, 0, 0, 0, 0, 0, 1, 1, 0, 1, 1, 1, 1, 0, 1, 1, 1, 0, 1, 1, 1, 1, 0, 1]","{'n_estimators': 10, 'max_samples': 0.5, 'max_features': 1.0, 'bootstrap': False, 'bootstrap_features': False}",COMPLETE
424,0.674193548169615,2024-07-08 12:37:16.815934,2024-07-08 12:37:35.695980,0 days 00:00:18.880046,BaggingClassifier,Normalize_L2_0,,"[1, 1, 0, 0, 0, 1, 1, 0, 0, 1, 0, 1, 1, 0, 0, 0, 0, 1, 0, 1, 0, 1, 0, 1, 1, 0, 0, 0, 0, 1, 0, 0, 0, 1, 0, 1, 1, 1, 1, 0, 1, 1, 0, 1, 1, 0, 1, 1, 1]","{'n_estimators': 200, 'max_samples': 0.5, 'max_features': 0.5, 'bootstrap': False, 'bootstrap_features': False}",COMPLETE
425,0.0,2024-07-08 12:37:16.925926,2024-07-08 12:37:28.778978,0 days 00:00:11.853052,DecisionTreeClassifier,MinMaxScaler,ADASYN,"[0, 0, 0, 0, 0, 0, 0, 0, 1, 0, 1, 1, 1, 0, 0, 0, 0, 1, 0, 0, 1, 0, 0, 0, 0, 1, 1, 0, 1, 1, 0, 1, 1, 1, 0, 1, 0, 1, 0, 0, 1, 0, 1, 1, 1, 0, 1, 0, 1]","{'max_depth': 500, 'min_samples_split': 2, 'min_samples_leaf': 2, 'max_features': 'auto', 'splitter': 'random'}",COMPLETE
426,0.5806451611030177,2024-07-08 12:37:17.291926,2024-07-08 12:37:30.817980,0 days 00:00:13.526054,BaggingClassifier,Normalize_L2_0,ADASYN,"[0, 0, 0, 0, 0, 1, 0, 0, 0, 1, 0, 1, 0, 1, 1, 0, 1, 1, 1, 0, 0, 0, 0, 0, 0, 0, 0, 0, 1, 0, 1, 0, 1, 0, 1, 0, 1, 0, 0, 0, 1, 1, 0, 0, 0, 1, 1, 1, 1]","{'n_estimators': 50, 'max_samples': 0.1, 'max_features': 0.1, 'bootstrap': False, 'bootstrap_features': False}",COMPLETE
427,0.0,2024-07-08 12:37:17.449926,2024-07-08 12:37:24.111952,0 days 00:00:06.662026,DecisionTreeClassifier,Normalize_L2_1,BorderlineSMOTE,"[1, 0, 1, 0, 0, 0, 0, 1, 0, 0, 1, 0, 1, 1, 1, 0, 1, 0, 1, 0, 0, 1, 1, 1, 1, 0, 1, 0, 0, 1, 0, 0, 0, 1, 0, 0, 0, 1, 1, 1, 1, 1, 0, 1, 1, 0, 1, 1, 0]","{'max_depth': 10, 'min_samples_split': 5, 'min_samples_leaf': 2, 'max_features': 'auto', 'splitter': 'best'}",COMPLETE
428,0.3967741934203954,2024-07-08 12:37:18.497924,2024-07-08 12:37:24.559924,0 days 00:00:06.062000,DecisionTreeClassifier,Normalize_L2_1,NearMiss,"[1, 0, 0, 0, 0, 0, 1, 0, 1, 0, 1, 1, 1, 1, 0, 0, 0, 0, 0, 1, 0, 1, 0, 1, 1, 0, 1, 1, 0, 1, 1, 0, 1, 1, 1, 0, 1, 1, 0, 1, 1, 1, 0, 1, 0, 0, 1, 0, 1]","{'max_depth': 50, 'min_samples_split': 50, 'min_samples_leaf': 2, 'max_features': None, 'splitter': 'random'}",COMPLETE
429,0.36451612891467217,2024-07-08 12:37:18.896925,2024-07-08 12:37:25.365924,0 days 00:00:06.468999,DecisionTreeClassifier,Normalize_L2_1,BorderlineSMOTE,"[0, 1, 1, 1, 0, 0, 0, 1, 1, 0, 0, 0, 0, 1, 1, 0, 1, 1, 1, 1, 1, 1, 1, 0, 1, 0, 0, 0, 0, 0, 0, 1, 1, 0, 1, 0, 0, 0, 1, 1, 1, 0, 0, 0, 0, 1, 0, 0, 0]","{'max_depth': 200, 'min_samples_split': 50, 'min_samples_leaf': 1, 'max_features': None, 'splitter': 'best'}",COMPLETE
430,0.6290322578616024,2024-07-08 12:37:19.161924,2024-07-08 12:38:20.425547,0 days 00:01:01.263623,BaggingClassifier,MinMaxScaler,,"[0, 1, 1, 1, 1, 1, 1, 0, 1, 1, 0, 1, 1, 0, 1, 0, 0, 1, 1, 1, 1, 0, 1, 0, 1, 1, 1, 1, 0, 0, 0, 0, 0, 1, 0, 0, 1, 0, 0, 1, 1, 0, 1, 1, 0, 0, 1, 1, 1]","{'n_estimators': 1000, 'max_samples': 1.0, 'max_features': 1.0, 'bootstrap': True, 'bootstrap_features': False}",COMPLETE
431,0.6193548385098855,2024-07-08 12:37:19.665925,2024-07-08 12:37:40.473979,0 days 00:00:20.808054,XGBClassifier,Normalize_L1_1,ADASYN,"[1, 0, 0, 0, 1, 0, 0, 1, 0, 1, 0, 0, 0, 1, 0, 1, 1, 0, 0, 1, 0, 1, 0, 1, 1, 0, 0, 1, 0, 0, 0, 1, 0, 0, 1, 1, 0, 1, 1, 0, 1, 0, 1, 0, 0, 0, 1, 0, 0]","{'n_estimators': 1000, 'learning_rate': 0.5, 'max_depth': 7, 'min_child_weight': 5, 'subsample': 0.5, 'colsample_bytree': 0.7, 'gamma': 0.1, 'reg_alpha': 0.1, 'reg_lambda': 0.0}",COMPLETE
432,0.7741935481373569,2024-07-08 12:37:19.937928,2024-07-08 12:37:35.763976,0 days 00:00:15.826048,XGBClassifier,Normalize_L1_1,,"[1, 1, 1, 1, 0, 1, 1, 0, 1, 1, 0, 1, 0, 0, 1, 0, 1, 0, 1, 1, 0, 1, 0, 0, 1, 1, 0, 0, 0, 0, 0, 0, 0, 1, 1, 1, 0, 0, 1, 0, 1, 1, 1, 0, 1, 1, 1, 1, 0]","{'n_estimators': 500, 'learning_rate': 10.0, 'max_depth': 5, 'min_child_weight': 5, 'subsample': 1.0, 'colsample_bytree': 0.7, 'gamma': 0.1, 'reg_alpha': 1.0, 'reg_lambda': 0.1}",COMPLETE
433,0.5451612901467221,2024-07-08 12:37:20.268924,2024-07-08 12:37:33.866975,0 days 00:00:13.598051,BaggingClassifier,Normalize_L2_0,TomekLinks,"[0, 1, 0, 0, 1, 0, 0, 0, 1, 1, 0, 1, 1, 0, 1, 1, 0, 1, 0, 1, 0, 1, 0, 1, 1, 1, 0, 1, 0, 0, 0, 0, 0, 0, 1, 1, 1, 0, 1, 0, 1, 1, 1, 1, 1, 1, 1, 1, 1]","{'n_estimators': 100, 'max_samples': 0.5, 'max_features': 0.5, 'bootstrap': False, 'bootstrap_features': False}",COMPLETE
434,0.2645161289469303,2024-07-08 12:37:20.689925,2024-07-08 12:37:29.896035,0 days 00:00:09.206110,XGBClassifier,Normalize_L2_0,ADASYN,"[0, 0, 1, 1, 0, 1, 1, 1, 1, 1, 0, 1, 0, 0, 1, 0, 0, 0, 0, 1, 1, 1, 1, 1, 0, 1, 0, 0, 1, 1, 0, 1, 1, 1, 0, 1, 1, 1, 1, 1, 1, 0, 1, 0, 1, 1, 0, 1, 1]","{'n_estimators': 200, 'learning_rate': 0.5, 'max_depth': 5, 'min_child_weight': 10, 'subsample': 1.0, 'colsample_bytree': 0.7, 'gamma': 0.5, 'reg_alpha': 0.0, 'reg_lambda': 1.0}",COMPLETE
435,0.7935483868407908,2024-07-08 12:37:20.949929,2024-07-08 12:37:28.718989,0 days 00:00:07.769060,XGBClassifier,Normalize_L2_0,,"[0, 0, 1, 1, 0, 1, 1, 1, 0, 1, 1, 0, 1, 1, 0, 0, 0, 1, 1, 1, 0, 0, 1, 1, 0, 1, 1, 1, 1, 0, 0, 1, 0, 1, 0, 1, 0, 1, 0, 1, 0, 0, 1, 0, 0, 1, 1, 0, 0]","{'n_estimators': 200, 'learning_rate': 0.1, 'max_depth': 7, 'min_child_weight': 1, 'subsample': 1.0, 'colsample_bytree': 0.7, 'gamma': 1.0, 'reg_alpha': 1.0, 'reg_lambda': 0.0}",COMPLETE
436,0.7838709674890738,2024-07-08 12:37:21.283927,2024-07-08 12:37:40.074976,0 days 00:00:18.791049,XGBClassifier,Normalize_L1_1,,"[0, 0, 1, 1, 0, 1, 1, 1, 1, 1, 1, 0, 1, 0, 0, 1, 1, 1, 1, 0, 0, 0, 0, 1, 0, 0, 1, 0, 1, 1, 1, 1, 0, 1, 0, 0, 0, 1, 0, 0, 1, 0, 0, 0, 0, 1, 1, 1, 1]","{'n_estimators': 200, 'learning_rate': 0.01, 'max_depth': 5, 'min_child_weight': 3, 'subsample': 1.0, 'colsample_bytree': 0.5, 'gamma': 1.0, 'reg_alpha': 0.0, 'reg_lambda': 0.1}",COMPLETE
437,0.5096774191904266,2024-07-08 12:37:21.428926,2024-07-08 12:37:29.743017,0 days 00:00:08.314091,BaggingClassifier,MinMaxScaler,ADASYN,"[1, 1, 1, 1, 1, 0, 0, 1, 0, 1, 1, 0, 0, 0, 0, 1, 1, 0, 1, 1, 0, 1, 0, 0, 0, 1, 1, 0, 0, 0, 1, 1, 0, 1, 0, 0, 0, 1, 1, 1, 1, 1, 1, 1, 1, 0, 1, 0, 1]","{'n_estimators': 100, 'max_samples': 0.1, 'max_features': 0.5, 'bootstrap': True, 'bootstrap_features': True}",COMPLETE
438,0.6548387094661811,2024-07-08 12:37:21.495950,2024-07-08 12:37:39.423978,0 days 00:00:17.928028,XGBClassifier,Normalize_L1_1,,"[0, 1, 1, 0, 1, 0, 1, 0, 0, 1, 1, 1, 0, 0, 1, 1, 1, 0, 1, 1, 1, 0, 1, 1, 0, 0, 0, 0, 0, 0, 1, 1, 0, 1, 0, 1, 0, 0, 1, 0, 0, 1, 1, 0, 0, 1, 1, 1, 0]","{'n_estimators': 500, 'learning_rate': 1.0, 'max_depth': 7, 'min_child_weight': 1, 'subsample': 0.5, 'colsample_bytree': 0.7, 'gamma': 0.0, 'reg_alpha': 0.1, 'reg_lambda': 0.1}",COMPLETE
439,0.5903225804547346,2024-07-08 12:37:21.882924,2024-07-08 12:37:38.106978,0 days 00:00:16.224054,BaggingClassifier,Normalize_L2_0,ADASYN,"[0, 0, 1, 0, 1, 0, 1, 1, 1, 1, 0, 1, 1, 0, 1, 0, 0, 0, 1, 1, 1, 0, 0, 1, 0, 1, 1, 0, 0, 0, 1, 0, 0, 1, 1, 0, 0, 0, 1, 0, 1, 1, 1, 1, 0, 1, 1, 1, 1]","{'n_estimators': 500, 'max_samples': 1.0, 'max_features': 0.1, 'bootstrap': True, 'bootstrap_features': True}",COMPLETE
440,0.7935483868407908,2024-07-08 12:37:22.255967,2024-07-08 12:37:29.613980,0 days 00:00:07.358013,XGBClassifier,Normalize_L2_0,TomekLinks,"[0, 0, 0, 0, 0, 0, 1, 1, 0, 1, 0, 1, 1, 0, 1, 0, 1, 0, 1, 1, 1, 0, 1, 1, 0, 1, 1, 1, 0, 1, 0, 0, 0, 0, 0, 0, 0, 1, 0, 0, 0, 0, 0, 0, 1, 0, 1, 1, 0]","{'n_estimators': 50, 'learning_rate': 10.0, 'max_depth': 9, 'min_child_weight': 3, 'subsample': 0.7, 'colsample_bytree': 0.7, 'gamma': 1.0, 'reg_alpha': 0.0, 'reg_lambda': 0.1}",COMPLETE
441,0.7290322578293443,2024-07-08 12:37:22.709935,2024-07-08 12:37:36.710976,0 days 00:00:14.001041,XGBClassifier,Normalize_L1_1,,"[1, 1, 1, 1, 0, 1, 1, 1, 0, 1, 0, 0, 0, 0, 1, 1, 1, 1, 0, 1, 0, 0, 1, 0, 0, 1, 0, 1, 0, 1, 0, 1, 0, 1, 0, 1, 1, 1, 1, 0, 0, 0, 0, 1, 1, 1, 0, 0, 0]","{'n_estimators': 200, 'learning_rate': 0.5, 'max_depth': 9, 'min_child_weight': 10, 'subsample': 0.7, 'colsample_bytree': 0.5, 'gamma': 0.5, 'reg_alpha': 0.1, 'reg_lambda': 1.0}",COMPLETE
442,0.7419354836316336,2024-07-08 12:37:23.120967,2024-07-08 12:37:38.950977,0 days 00:00:15.830010,XGBClassifier,Normalize_L1_1,,"[0, 0, 1, 1, 1, 0, 0, 1, 1, 0, 0, 0, 1, 1, 0, 1, 0, 1, 0, 0, 1, 0, 0, 0, 1, 1, 1, 0, 1, 1, 0, 1, 1, 1, 0, 0, 1, 1, 1, 0, 1, 1, 1, 1, 1, 1, 0, 1, 1]","{'n_estimators': 50, 'learning_rate': 0.5, 'max_depth': 9, 'min_child_weight': 5, 'subsample': 0.5, 'colsample_bytree': 0.5, 'gamma': 0.1, 'reg_alpha': 1.0, 'reg_lambda': 0.0}",COMPLETE
443,0.7709677416867845,2024-07-08 12:37:23.192928,2024-07-08 12:37:39.309981,0 days 00:00:16.117053,XGBClassifier,Normalize_L1_1,,"[1, 1, 0, 0, 1, 1, 0, 1, 1, 1, 0, 0, 1, 0, 0, 0, 0, 0, 1, 1, 1, 1, 0, 0, 1, 1, 0, 0, 1, 1, 0, 0, 1, 1, 1, 0, 1, 1, 1, 0, 0, 0, 0, 0, 0, 1, 0, 1, 0]","{'n_estimators': 1000, 'learning_rate': 0.1, 'max_depth': 5, 'min_child_weight': 5, 'subsample': 1.0, 'colsample_bytree': 1.0, 'gamma': 0.1, 'reg_alpha': 0.0, 'reg_lambda': 0.0}",COMPLETE
444,0.6129032256087409,2024-07-08 12:37:23.341955,2024-07-08 12:37:47.995976,0 days 00:00:24.654021,XGBClassifier,Normalize_L1_1,RandomUnderSampler,"[0, 0, 1, 0, 1, 0, 0, 1, 0, 1, 0, 1, 0, 0, 0, 0, 0, 0, 0, 1, 0, 1, 1, 1, 1, 1, 0, 1, 0, 1, 0, 0, 0, 0, 1, 0, 0, 0, 0, 1, 1, 0, 1, 1, 0, 0, 0, 0, 0]","{'n_estimators': 10, 'learning_rate': 0.1, 'max_depth': 9, 'min_child_weight': 1, 'subsample': 0.5, 'colsample_bytree': 0.7, 'gamma': 0.1, 'reg_alpha': 0.0, 'reg_lambda': 0.0}",COMPLETE
445,0.7935483868407908,2024-07-08 12:37:23.781971,2024-07-08 12:37:56.510358,0 days 00:00:32.728387,RandomForestClassifier,Normalize_L2_0,,"[1, 0, 0, 0, 1, 0, 1, 1, 0, 0, 0, 1, 0, 0, 1, 0, 0, 1, 1, 1, 0, 0, 1, 0, 0, 1, 1, 1, 0, 0, 0, 1, 0, 1, 1, 0, 0, 0, 1, 1, 0, 1, 0, 0, 0, 0, 0, 1, 1]","{'n_estimators': 500, 'max_features': 'log2', 'max_depth': 100, 'min_samples_split': 100, 'min_samples_leaf': 10, 'bootstrap': True}",COMPLETE
446,0.7161290320270551,2024-07-08 12:37:23.885927,2024-07-08 12:37:37.839981,0 days 00:00:13.954054,XGBClassifier,Normalize_L1_1,,"[1, 1, 0, 0, 0, 0, 1, 1, 1, 0, 1, 1, 1, 1, 1, 0, 1, 1, 0, 1, 0, 0, 1, 0, 1, 1, 1, 1, 0, 0, 0, 0, 0, 1, 1, 0, 1, 0, 0, 1, 0, 0, 1, 0, 0, 0, 1, 0, 0]","{'n_estimators': 200, 'learning_rate': 10.0, 'max_depth': 5, 'min_child_weight': 10, 'subsample': 0.7, 'colsample_bytree': 0.5, 'gamma': 0.5, 'reg_alpha': 0.1, 'reg_lambda': 0.1}",COMPLETE
447,0.5999999998064516,2024-07-08 12:37:24.173926,2024-07-08 12:37:56.104348,0 days 00:00:31.930422,XGBClassifier,Normalize_L1_1,RandomUnderSampler,"[1, 0, 0, 0, 0, 1, 1, 1, 0, 1, 1, 0, 0, 1, 0, 1, 1, 0, 1, 1, 1, 0, 1, 1, 1, 1, 0, 0, 0, 1, 0, 0, 0, 1, 1, 1, 1, 1, 0, 0, 0, 1, 1, 1, 0, 0, 1, 0, 1]","{'n_estimators': 1000, 'learning_rate': 1.0, 'max_depth': 3, 'min_child_weight': 5, 'subsample': 1.0, 'colsample_bytree': 0.7, 'gamma': 0.0, 'reg_alpha': 0.1, 'reg_lambda': 1.0}",COMPLETE
448,0.6806451610707596,2024-07-08 12:37:24.348925,2024-07-08 12:37:42.954994,0 days 00:00:18.606069,XGBClassifier,Normalize_L1_1,,"[0, 0, 0, 1, 0, 0, 1, 1, 1, 1, 0, 0, 0, 1, 1, 0, 1, 1, 0, 0, 1, 1, 0, 0, 1, 0, 0, 0, 1, 0, 0, 0, 0, 0, 0, 1, 1, 1, 0, 0, 1, 1, 0, 0, 1, 1, 0, 0, 0]","{'n_estimators': 1000, 'learning_rate': 0.5, 'max_depth': 9, 'min_child_weight': 1, 'subsample': 0.5, 'colsample_bytree': 1.0, 'gamma': 0.5, 'reg_alpha': 0.0, 'reg_lambda': 0.0}",COMPLETE
449,0.7935483868407908,2024-07-08 12:37:25.534951,2024-07-08 12:37:39.181980,0 days 00:00:13.647029,XGBClassifier,MaxAbsScaler,,"[0, 0, 0, 0, 1, 0, 1, 0, 1, 1, 1, 1, 0, 0, 1, 0, 1, 1, 1, 0, 0, 0, 1, 1, 1, 0, 0, 0, 1, 1, 1, 0, 0, 0, 0, 0, 0, 1, 1, 0, 0, 1, 1, 0, 0, 0, 1, 1, 0]","{'n_estimators': 10, 'learning_rate': 0.01, 'max_depth': 5, 'min_child_weight': 10, 'subsample': 0.5, 'colsample_bytree': 0.7, 'gamma': 0.0, 'reg_alpha': 1.0, 'reg_lambda': 0.1}",COMPLETE
450,0.6225806449604578,2024-07-08 12:37:26.253923,2024-07-08 12:37:39.992978,0 days 00:00:13.739055,XGBClassifier,Normalize_L1_1,,"[1, 1, 1, 1, 0, 1, 0, 1, 1, 1, 0, 1, 1, 0, 1, 1, 1, 1, 0, 0, 0, 0, 1, 0, 0, 1, 1, 0, 0, 1, 1, 1, 0, 0, 1, 1, 0, 1, 0, 1, 1, 1, 1, 0, 0, 1, 0, 0, 1]","{'n_estimators': 500, 'learning_rate': 10.0, 'max_depth': 7, 'min_child_weight': 10, 'subsample': 0.7, 'colsample_bytree': 0.7, 'gamma': 0.1, 'reg_alpha': 0.1, 'reg_lambda': 0.0}",COMPLETE
451,0.6516129030156087,2024-07-08 12:37:26.492924,2024-07-08 12:37:38.040004,0 days 00:00:11.547080,XGBClassifier,Normalize_L1_1,,"[1, 0, 0, 1, 0, 1, 1, 0, 1, 0, 0, 1, 0, 1, 0, 1, 1, 1, 1, 0, 1, 0, 0, 0, 1, 0, 0, 1, 0, 1, 1, 1, 0, 0, 0, 0, 0, 1, 1, 0, 1, 1, 1, 0, 1, 0, 1, 1, 0]","{'n_estimators': 100, 'learning_rate': 0.5, 'max_depth': 7, 'min_child_weight': 1, 'subsample': 0.7, 'colsample_bytree': 0.7, 'gamma': 0.1, 'reg_alpha': 0.1, 'reg_lambda': 1.0}",COMPLETE
452,0.7838709674890738,2024-07-08 12:37:26.857923,2024-07-08 12:37:37.988978,0 days 00:00:11.131055,XGBClassifier,Normalize_L1_1,,"[0, 1, 1, 0, 0, 0, 0, 1, 1, 1, 1, 0, 1, 0, 0, 0, 0, 1, 0, 1, 1, 1, 1, 1, 0, 1, 0, 1, 0, 1, 0, 1, 0, 1, 0, 0, 1, 1, 1, 1, 0, 1, 1, 0, 0, 1, 0, 0, 0]","{'n_estimators': 50, 'learning_rate': 0.1, 'max_depth': 5, 'min_child_weight': 10, 'subsample': 1.0, 'colsample_bytree': 1.0, 'gamma': 0.1, 'reg_alpha': 0.1, 'reg_lambda': 0.1}",COMPLETE
453,0.7935483868407908,2024-07-08 12:37:26.970966,2024-07-08 12:37:39.511981,0 days 00:00:12.541015,XGBClassifier,Normalize_L1_1,,"[1, 1, 0, 0, 0, 0, 0, 1, 0, 1, 0, 1, 1, 1, 0, 0, 1, 0, 1, 1, 0, 0, 1, 1, 0, 0, 0, 0, 0, 0, 1, 1, 0, 1, 1, 0, 0, 0, 0, 1, 0, 1, 0, 0, 1, 1, 1, 1, 0]","{'n_estimators': 10, 'learning_rate': 0.01, 'max_depth': 9, 'min_child_weight': 10, 'subsample': 0.5, 'colsample_bytree': 1.0, 'gamma': 1.0, 'reg_alpha': 0.1, 'reg_lambda': 0.0}",COMPLETE
454,0.7935483868407908,2024-07-08 12:37:27.170935,2024-07-08 12:37:50.984323,0 days 00:00:23.813388,RandomForestClassifier,Normalize_Max_0,,"[1, 0, 1, 1, 1, 1, 0, 0, 1, 0, 0, 1, 1, 0, 1, 0, 1, 0, 1, 0, 1, 0, 1, 1, 1, 1, 1, 0, 0, 1, 0, 0, 1, 0, 0, 1, 0, 0, 1, 1, 1, 0, 1, 1, 0, 1, 0, 1, 1]","{'n_estimators': 100, 'max_features': 'sqrt', 'max_depth': 500, 'min_samples_split': 100, 'min_samples_leaf': 1, 'bootstrap': True}",COMPLETE
455,0.7935483868407908,2024-07-08 12:37:27.239962,2024-07-08 12:37:39.952979,0 days 00:00:12.713017,XGBClassifier,Normalize_L1_1,RandomUnderSampler,"[1, 0, 0, 1, 1, 1, 1, 0, 0, 1, 1, 0, 0, 1, 0, 1, 1, 0, 1, 1, 0, 1, 1, 1, 0, 1, 1, 0, 1, 0, 0, 1, 1, 0, 1, 0, 0, 0, 1, 1, 1, 1, 1, 1, 1, 1, 1, 0, 0]","{'n_estimators': 10, 'learning_rate': 10.0, 'max_depth': 9, 'min_child_weight': 3, 'subsample': 0.7, 'colsample_bytree': 0.5, 'gamma': 0.5, 'reg_alpha': 0.0, 'reg_lambda': 0.1}",COMPLETE
456,0.7161290320270551,2024-07-08 12:37:28.326004,2024-07-08 12:37:40.570975,0 days 00:00:12.244971,XGBClassifier,Normalize_L1_1,,"[1, 0, 0, 1, 0, 0, 1, 0, 1, 0, 1, 0, 1, 0, 0, 1, 1, 1, 1, 1, 0, 0, 1, 0, 0, 0, 1, 0, 1, 1, 0, 1, 0, 0, 1, 0, 1, 0, 0, 1, 1, 1, 0, 0, 1, 0, 1, 0, 0]","{'n_estimators': 200, 'learning_rate': 0.5, 'max_depth': 9, 'min_child_weight': 5, 'subsample': 0.5, 'colsample_bytree': 0.5, 'gamma': 1.0, 'reg_alpha': 1.0, 'reg_lambda': 0.0}",COMPLETE
457,0.6903225804224765,2024-07-08 12:37:28.411977,2024-07-08 12:37:37.219978,0 days 00:00:08.808001,XGBClassifier,Normalize_L1_1,,"[0, 1, 0, 1, 0, 0, 0, 0, 1, 0, 0, 0, 1, 1, 0, 1, 1, 0, 1, 1, 0, 1, 0, 0, 0, 1, 1, 0, 1, 1, 0, 0, 1, 1, 0, 1, 1, 1, 1, 0, 0, 0, 1, 0, 1, 0, 0, 1, 0]","{'n_estimators': 200, 'learning_rate': 0.5, 'max_depth': 5, 'min_child_weight': 5, 'subsample': 0.7, 'colsample_bytree': 0.7, 'gamma': 0.0, 'reg_alpha': 0.1, 'reg_lambda': 0.0}",COMPLETE
458,0.6483870965650363,2024-07-08 12:37:28.487979,2024-07-08 12:37:58.884353,0 days 00:00:30.396374,XGBClassifier,Normalize_L1_1,RandomUnderSampler,"[1, 1, 0, 0, 0, 1, 0, 0, 0, 1, 0, 0, 0, 1, 1, 0, 1, 1, 0, 1, 0, 0, 0, 0, 0, 0, 0, 1, 0, 0, 1, 0, 0, 1, 1, 0, 1, 0, 1, 0, 1, 0, 0, 0, 0, 0, 1, 1, 1]","{'n_estimators': 50, 'learning_rate': 0.01, 'max_depth': 7, 'min_child_weight': 1, 'subsample': 0.7, 'colsample_bytree': 0.5, 'gamma': 1.0, 'reg_alpha': 0.1, 'reg_lambda': 1.0}",COMPLETE
