number,value,datetime_start,datetime_complete,duration,params_model,params_normTechnique,params_sampleTechnique,user_attrs_binIndices,user_attrs_hyperparams,state
1238,0.4290322579261186,2024-07-08 12:47:42.618909,2024-07-08 12:48:04.583012,0 days 00:00:21.964103,BaggingClassifier,Normalize_L1_1,SMOTETomek,"[0, 1, 1, 0, 1, 0, 0, 0, 0, 1, 1, 1, 1, 1, 1, 1, 0, 1, 0, 1, 0, 1, 0, 0, 1, 1, 1, 1, 0, 1, 1, 0, 0, 1, 0, 1, 1, 1, 1, 0, 0, 0, 0, 0, 0, 1, 1, 1, 0]","{'n_estimators': 10, 'max_samples': 1.0, 'max_features': 1.0, 'bootstrap': True, 'bootstrap_features': False}",COMPLETE
1239,0.43548387082726325,2024-07-08 12:47:43.609909,2024-07-08 12:48:31.289017,0 days 00:00:47.679108,BaggingClassifier,Normalize_L1_1,SMOTETomek,"[0, 0, 0, 1, 0, 0, 0, 0, 0, 1, 0, 0, 1, 0, 0, 0, 1, 0, 1, 0, 1, 1, 0, 0, 1, 0, 1, 1, 1, 1, 1, 1, 1, 0, 0, 1, 0, 0, 1, 0, 0, 0, 0, 0, 0, 0, 1, 1, 1]","{'n_estimators': 1000, 'max_samples': 1.0, 'max_features': 0.1, 'bootstrap': True, 'bootstrap_features': True}",COMPLETE
1240,0.8032258061925077,2024-07-08 12:47:44.616911,2024-07-08 12:48:55.624496,0 days 00:01:11.007585,BaggingClassifier,Normalize_L1_1,,"[0, 0, 1, 1, 0, 0, 0, 0, 0, 0, 0, 0, 1, 0, 1, 0, 0, 0, 1, 0, 0, 1, 1, 0, 1, 1, 1, 0, 0, 1, 0, 0, 0, 1, 1, 0, 1, 1, 1, 1, 1, 0, 0, 0, 0, 0, 1, 1, 0]","{'n_estimators': 1000, 'max_samples': 0.1, 'max_features': 1.0, 'bootstrap': True, 'bootstrap_features': True}",COMPLETE
1241,0.7709677416867845,2024-07-08 12:47:45.590911,2024-07-08 12:48:55.893493,0 days 00:01:10.302582,BaggingClassifier,Normalize_L1_1,,"[0, 0, 0, 0, 0, 1, 0, 1, 0, 1, 1, 1, 1, 1, 0, 1, 0, 0, 0, 1, 0, 1, 1, 1, 1, 1, 0, 0, 1, 0, 0, 0, 1, 1, 0, 1, 1, 1, 1, 0, 1, 0, 1, 1, 0, 0, 1, 1, 1]","{'n_estimators': 100, 'max_samples': 0.5, 'max_features': 0.1, 'bootstrap': True, 'bootstrap_features': False}",COMPLETE
1242,0.45483870953069716,2024-07-08 12:47:48.084909,2024-07-08 12:48:50.132369,0 days 00:01:02.047460,BaggingClassifier,Normalize_L1_1,RandomUnderSampler,"[1, 1, 1, 0, 0, 0, 1, 0, 0, 0, 0, 0, 1, 0, 0, 1, 1, 0, 1, 1, 1, 1, 0, 1, 1, 1, 1, 0, 0, 0, 1, 1, 1, 0, 0, 1, 1, 0, 1, 0, 0, 0, 0, 0, 0, 0, 1, 1, 0]","{'n_estimators': 10, 'max_samples': 0.5, 'max_features': 0.1, 'bootstrap': False, 'bootstrap_features': True}",COMPLETE
1243,0.7774193545879292,2024-07-08 12:47:48.696909,2024-07-08 12:48:59.567537,0 days 00:01:10.870628,BaggingClassifier,MinMaxScaler,,"[0, 0, 1, 1, 0, 0, 1, 0, 1, 0, 0, 0, 1, 1, 0, 1, 1, 1, 1, 1, 0, 0, 0, 0, 0, 0, 1, 1, 0, 0, 1, 0, 1, 0, 1, 1, 1, 0, 0, 0, 0, 0, 1, 0, 0, 0, 1, 0, 0]","{'n_estimators': 500, 'max_samples': 0.1, 'max_features': 1.0, 'bootstrap': False, 'bootstrap_features': False}",COMPLETE
1244,0.7838709674890738,2024-07-08 12:47:49.516909,2024-07-08 12:48:49.116355,0 days 00:00:59.599446,BaggingClassifier,MinMaxScaler,,"[0, 0, 1, 1, 1, 1, 0, 1, 0, 0, 1, 1, 1, 1, 1, 0, 1, 0, 1, 0, 1, 1, 1, 0, 0, 1, 1, 0, 1, 0, 1, 1, 1, 0, 1, 0, 0, 0, 1, 1, 0, 1, 1, 0, 0, 1, 0, 1, 1]","{'n_estimators': 200, 'max_samples': 0.1, 'max_features': 1.0, 'bootstrap': True, 'bootstrap_features': False}",COMPLETE
1245,0.7677419352362123,2024-07-08 12:47:51.199998,2024-07-08 12:48:30.678969,0 days 00:00:39.478971,BaggingClassifier,Normalize_L1_1,,"[1, 1, 1, 0, 0, 0, 1, 1, 1, 1, 0, 1, 1, 1, 1, 1, 1, 0, 0, 0, 1, 0, 1, 1, 1, 0, 0, 0, 0, 1, 0, 1, 1, 0, 1, 0, 1, 1, 1, 1, 0, 1, 0, 0, 0, 1, 1, 0, 0]","{'n_estimators': 100, 'max_samples': 1.0, 'max_features': 1.0, 'bootstrap': True, 'bootstrap_features': True}",COMPLETE
1246,0.7774193545879292,2024-07-08 12:47:51.936006,2024-07-08 12:48:52.743510,0 days 00:01:00.807504,BaggingClassifier,MinMaxScaler,,"[1, 1, 0, 0, 1, 1, 1, 1, 1, 0, 0, 0, 0, 1, 1, 0, 1, 0, 1, 1, 0, 1, 1, 1, 1, 1, 0, 1, 0, 0, 0, 1, 1, 0, 0, 1, 1, 1, 1, 1, 1, 1, 0, 0, 1, 0, 0, 0, 1]","{'n_estimators': 100, 'max_samples': 0.1, 'max_features': 1.0, 'bootstrap': False, 'bootstrap_features': True}",COMPLETE
1247,0.7774193545879292,2024-07-08 12:47:52.172998,2024-07-08 12:48:20.635016,0 days 00:00:28.462018,BaggingClassifier,Normalize_L1_1,,"[1, 1, 1, 1, 0, 0, 1, 0, 0, 1, 0, 0, 0, 0, 1, 1, 0, 0, 0, 0, 0, 1, 1, 1, 1, 1, 1, 1, 1, 0, 0, 0, 0, 1, 1, 1, 0, 1, 0, 0, 0, 0, 0, 0, 1, 0, 1, 0, 0]","{'n_estimators': 50, 'max_samples': 0.5, 'max_features': 0.5, 'bootstrap': True, 'bootstrap_features': True}",COMPLETE
1248,0.6709677417190426,2024-07-08 12:47:54.646973,2024-07-08 12:48:57.225542,0 days 00:01:02.578569,BaggingClassifier,Normalize_L1_1,RandomUnderSampler,"[0, 1, 0, 0, 1, 0, 0, 0, 1, 0, 1, 1, 0, 0, 0, 0, 1, 1, 0, 0, 0, 1, 0, 1, 1, 0, 1, 1, 1, 1, 0, 1, 1, 0, 1, 0, 0, 0, 1, 0, 1, 0, 0, 0, 0, 0, 1, 1, 0]","{'n_estimators': 1000, 'max_samples': 0.1, 'max_features': 0.5, 'bootstrap': True, 'bootstrap_features': False}",COMPLETE
1249,0.7838709674890738,2024-07-08 12:47:54.873013,2024-07-08 12:48:20.631014,0 days 00:00:25.758001,BaggingClassifier,MinMaxScaler,,"[0, 0, 1, 1, 0, 1, 0, 1, 0, 0, 0, 1, 1, 0, 1, 1, 0, 1, 1, 0, 0, 0, 0, 0, 1, 1, 1, 0, 1, 0, 0, 0, 0, 1, 1, 0, 0, 0, 0, 1, 1, 0, 0, 0, 1, 0, 1, 1, 0]","{'n_estimators': 50, 'max_samples': 0.1, 'max_features': 0.5, 'bootstrap': True, 'bootstrap_features': False}",COMPLETE
1250,0.7999999997419355,2024-07-08 12:47:58.257000,2024-07-08 12:49:00.745359,0 days 00:01:02.488359,BaggingClassifier,Normalize_L1_1,,"[0, 0, 1, 0, 0, 1, 0, 1, 0, 0, 0, 1, 1, 0, 0, 0, 0, 0, 0, 0, 1, 1, 0, 0, 0, 1, 1, 1, 0, 1, 1, 0, 1, 1, 0, 0, 0, 1, 0, 1, 0, 1, 0, 1, 0, 1, 1, 0, 0]","{'n_estimators': 200, 'max_samples': 0.1, 'max_features': 0.1, 'bootstrap': False, 'bootstrap_features': True}",COMPLETE
1251,0.7967741932913631,2024-07-08 12:47:59.307000,2024-07-08 12:48:55.267507,0 days 00:00:55.960507,BaggingClassifier,Normalize_L1_1,,"[0, 0, 0, 1, 0, 1, 0, 0, 0, 1, 0, 1, 0, 1, 1, 1, 0, 0, 1, 1, 0, 1, 1, 1, 1, 0, 1, 0, 0, 0, 1, 0, 0, 1, 1, 0, 1, 0, 0, 0, 1, 0, 0, 0, 0, 0, 1, 1, 0]","{'n_estimators': 1000, 'max_samples': 0.1, 'max_features': 0.5, 'bootstrap': True, 'bootstrap_features': False}",COMPLETE
1252,0.43870967727783555,2024-07-08 12:47:59.591000,2024-07-08 12:49:00.652663,0 days 00:01:01.061663,BaggingClassifier,Normalize_L1_1,RandomUnderSampler,"[1, 1, 1, 1, 1, 0, 1, 1, 1, 1, 1, 0, 0, 1, 0, 1, 1, 1, 1, 1, 0, 1, 0, 1, 0, 0, 0, 1, 0, 0, 1, 1, 0, 1, 1, 1, 0, 0, 1, 0, 1, 1, 1, 0, 1, 1, 0, 0, 0]","{'n_estimators': 1000, 'max_samples': 1.0, 'max_features': 1.0, 'bootstrap': True, 'bootstrap_features': False}",COMPLETE
1253,0.7645161287856399,2024-07-08 12:48:00.509012,2024-07-08 12:49:00.201550,0 days 00:00:59.692538,BaggingClassifier,Normalize_L1_1,,"[1, 0, 0, 1, 0, 1, 0, 1, 1, 1, 0, 1, 1, 0, 1, 1, 1, 0, 1, 0, 0, 0, 0, 0, 1, 0, 1, 0, 0, 1, 1, 0, 0, 0, 0, 1, 0, 1, 1, 1, 1, 0, 0, 1, 0, 0, 0, 1, 1]","{'n_estimators': 50, 'max_samples': 1.0, 'max_features': 0.5, 'bootstrap': False, 'bootstrap_features': False}",COMPLETE
1254,0.6290322578616024,2024-07-08 12:48:00.900997,2024-07-08 12:49:01.625387,0 days 00:01:00.724390,BaggingClassifier,Normalize_L1_1,RandomUnderSampler,"[1, 0, 0, 0, 1, 1, 1, 0, 1, 0, 0, 1, 0, 1, 1, 0, 0, 0, 1, 0, 0, 0, 0, 0, 0, 1, 0, 1, 0, 1, 1, 1, 1, 0, 1, 0, 0, 1, 0, 1, 1, 1, 1, 1, 0, 1, 1, 1, 0]","{'n_estimators': 200, 'max_samples': 0.1, 'max_features': 0.5, 'bootstrap': False, 'bootstrap_features': True}",COMPLETE
1255,0.4806451611352757,2024-07-08 12:48:01.222967,2024-07-08 12:49:14.353838,0 days 00:01:13.130871,DecisionTreeClassifier,Normalize_L1_1,NearMiss,"[0, 0, 1, 1, 0, 1, 0, 0, 0, 1, 0, 0, 1, 0, 0, 1, 0, 1, 0, 0, 0, 1, 0, 0, 1, 0, 1, 1, 1, 0, 1, 0, 1, 0, 1, 1, 1, 0, 1, 0, 1, 1, 0, 0, 0, 1, 1, 1, 0]","{'max_depth': 100, 'min_samples_split': 2, 'min_samples_leaf': 10, 'max_features': None, 'splitter': 'best'}",COMPLETE
1256,0.5322580643444328,2024-07-08 12:48:01.975998,2024-07-08 12:48:56.432507,0 days 00:00:54.456509,BaggingClassifier,Normalize_Max_0,RandomUnderSampler,"[1, 0, 0, 0, 1, 1, 1, 1, 1, 0, 0, 0, 1, 1, 0, 1, 0, 1, 0, 0, 1, 1, 1, 1, 1, 0, 0, 1, 1, 0, 0, 0, 1, 0, 0, 0, 1, 0, 1, 0, 0, 0, 1, 1, 1, 0, 1, 0, 0]","{'n_estimators': 200, 'max_samples': 0.1, 'max_features': 0.5, 'bootstrap': False, 'bootstrap_features': False}",COMPLETE
1257,0.6451612901144641,2024-07-08 12:48:02.476998,2024-07-08 12:48:59.096541,0 days 00:00:56.619543,BaggingClassifier,Normalize_L1_1,RandomUnderSampler,"[1, 1, 1, 0, 1, 0, 1, 1, 1, 0, 1, 1, 1, 1, 1, 0, 1, 1, 0, 1, 0, 1, 0, 0, 1, 0, 1, 1, 1, 0, 1, 1, 1, 0, 0, 0, 0, 0, 0, 1, 1, 1, 0, 1, 0, 1, 1, 1, 1]","{'n_estimators': 1000, 'max_samples': 0.1, 'max_features': 0.1, 'bootstrap': True, 'bootstrap_features': False}",COMPLETE
1258,0.0,2024-07-08 12:48:03.009999,2024-07-08 12:49:20.805227,0 days 00:01:17.795228,MLPClassifier,,,,,COMPLETE
1259,0.38387096761810613,2024-07-08 12:48:06.747002,2024-07-08 12:49:06.410497,0 days 00:00:59.663495,DecisionTreeClassifier,Normalize_L1_1,NearMiss,"[1, 1, 1, 0, 1, 0, 0, 1, 0, 0, 0, 0, 0, 1, 1, 1, 1, 1, 1, 0, 0, 0, 0, 1, 0, 0, 1, 0, 0, 0, 0, 1, 1, 1, 1, 1, 0, 1, 1, 1, 1, 0, 0, 1, 0, 1, 1, 1, 0]","{'max_depth': 100, 'min_samples_split': 10, 'min_samples_leaf': 2, 'max_features': 'sqrt', 'splitter': 'random'}",COMPLETE
1260,0.49999999983870963,2024-07-08 12:48:07.183999,2024-07-08 12:48:59.492537,0 days 00:00:52.308538,BaggingClassifier,Normalize_Max_0,RandomUnderSampler,"[0, 0, 1, 0, 0, 0, 1, 0, 0, 1, 0, 0, 0, 1, 0, 1, 1, 1, 1, 1, 1, 0, 1, 0, 0, 1, 1, 0, 0, 1, 0, 1, 1, 0, 0, 1, 0, 0, 0, 0, 1, 0, 1, 0, 1, 0, 1, 0, 1]","{'n_estimators': 1000, 'max_samples': 0.5, 'max_features': 0.1, 'bootstrap': True, 'bootstrap_features': True}",COMPLETE
1261,0.7612903223350675,2024-07-08 12:48:09.547018,2024-07-08 12:48:59.156545,0 days 00:00:49.609527,BaggingClassifier,Normalize_L1_1,,"[1, 1, 0, 1, 0, 1, 0, 0, 1, 0, 1, 1, 1, 0, 1, 0, 0, 0, 0, 0, 1, 0, 1, 0, 0, 0, 0, 1, 1, 0, 0, 0, 1, 1, 1, 1, 1, 0, 0, 0, 0, 0, 1, 0, 1, 1, 0, 0, 1]","{'n_estimators': 200, 'max_samples': 1.0, 'max_features': 0.5, 'bootstrap': True, 'bootstrap_features': True}",COMPLETE
1262,0.49999999983870963,2024-07-08 12:48:14.005970,2024-07-08 12:49:00.284551,0 days 00:00:46.278581,BaggingClassifier,Normalize_Max_0,RandomUnderSampler,"[0, 0, 1, 0, 0, 0, 0, 0, 1, 0, 0, 0, 0, 1, 1, 0, 0, 1, 1, 0, 1, 1, 1, 0, 1, 1, 1, 0, 0, 1, 0, 1, 1, 1, 1, 0, 0, 1, 0, 0, 0, 0, 1, 1, 0, 0, 1, 1, 1]","{'n_estimators': 200, 'max_samples': 1.0, 'max_features': 0.5, 'bootstrap': True, 'bootstrap_features': True}",COMPLETE
1263,0.7967741932913631,2024-07-08 12:48:15.497998,2024-07-08 12:49:00.992387,0 days 00:00:45.494389,AdaBoostClassifier,Normalize_L1_1,,"[1, 0, 0, 0, 1, 0, 0, 1, 0, 0, 1, 0, 0, 1, 1, 0, 0, 1, 1, 1, 0, 0, 0, 0, 0, 0, 1, 1, 1, 0, 0, 0, 1, 1, 0, 1, 1, 0, 0, 1, 1, 0, 1, 1, 0, 1, 1, 1, 0]","{'n_estimators': 10, 'learning_rate': 1.0, 'algorithm': 'SAMME.R'}",COMPLETE
1264,0.412903225673257,2024-07-08 12:48:18.264998,2024-07-08 12:49:06.289498,0 days 00:00:48.024500,ExtraTreesClassifier,Normalize_L1_1,NearMiss,"[1, 0, 1, 1, 0, 1, 0, 1, 1, 1, 0, 1, 1, 0, 0, 1, 1, 0, 0, 0, 0, 1, 1, 0, 0, 1, 1, 0, 1, 0, 1, 1, 0, 0, 0, 1, 0, 0, 0, 1, 1, 1, 0, 1, 0, 1, 1, 0, 0]","{'n_estimators': 10, 'max_features': 'log2', 'max_depth': 50, 'min_samples_split': 2, 'min_samples_leaf': 1, 'bootstrap': False}",COMPLETE
1265,0.7935483868407908,2024-07-08 12:48:18.859998,2024-07-08 12:49:14.185845,0 days 00:00:55.325847,AdaBoostClassifier,Normalize_L1_1,,"[1, 0, 1, 1, 0, 1, 0, 1, 0, 0, 1, 0, 0, 1, 1, 0, 1, 1, 1, 1, 1, 0, 0, 0, 0, 0, 0, 1, 1, 0, 1, 1, 0, 0, 0, 1, 1, 0, 1, 1, 1, 0, 0, 0, 0, 1, 0, 1, 1]","{'n_estimators': 500, 'learning_rate': 10.0, 'algorithm': 'SAMME'}",COMPLETE
1266,0.7935483868407908,2024-07-08 12:48:20.090024,2024-07-08 12:49:04.078406,0 days 00:00:43.988382,AdaBoostClassifier,Normalize_L1_1,,"[1, 1, 0, 1, 0, 0, 1, 1, 0, 1, 1, 0, 1, 1, 0, 0, 1, 0, 1, 0, 0, 1, 0, 1, 1, 0, 0, 1, 0, 0, 0, 1, 0, 0, 1, 1, 0, 0, 1, 1, 1, 0, 0, 1, 0, 0, 0, 1, 0]","{'n_estimators': 50, 'learning_rate': 0.1, 'algorithm': 'SAMME.R'}",COMPLETE
1267,0.7612903223350675,2024-07-08 12:48:25.325000,2024-07-08 12:49:00.859401,0 days 00:00:35.534401,BaggingClassifier,Normalize_L1_1,,"[0, 0, 1, 1, 1, 0, 0, 1, 0, 1, 1, 1, 1, 1, 1, 0, 1, 1, 1, 1, 0, 1, 0, 1, 1, 1, 1, 1, 0, 1, 1, 0, 0, 1, 1, 0, 1, 1, 0, 0, 1, 0, 1, 0, 1, 1, 0, 1, 0]","{'n_estimators': 100, 'max_samples': 1.0, 'max_features': 0.5, 'bootstrap': True, 'bootstrap_features': True}",COMPLETE
1268,0.6709677417190426,2024-07-08 12:48:26.360001,2024-07-08 12:49:07.553596,0 days 00:00:41.193595,DecisionTreeClassifier,Normalize_L1_1,,"[1, 1, 0, 0, 0, 0, 1, 1, 1, 1, 1, 1, 1, 0, 1, 1, 0, 1, 0, 0, 1, 0, 1, 0, 0, 0, 1, 0, 0, 0, 0, 1, 1, 1, 0, 1, 1, 0, 0, 1, 0, 0, 1, 1, 0, 0, 0, 1, 1]","{'max_depth': 50, 'min_samples_split': 2, 'min_samples_leaf': 1, 'max_features': None, 'splitter': 'random'}",COMPLETE
1269,0.6903225804224765,2024-07-08 12:48:29.040997,2024-07-08 12:49:00.697662,0 days 00:00:31.656665,BaggingClassifier,Normalize_Max_0,,"[0, 0, 0, 0, 0, 0, 1, 1, 0, 0, 1, 1, 1, 0, 1, 1, 0, 0, 1, 0, 1, 1, 1, 0, 1, 0, 0, 1, 1, 1, 1, 1, 1, 1, 0, 1, 1, 1, 0, 0, 0, 0, 1, 1, 1, 1, 1, 1, 0]","{'n_estimators': 10, 'max_samples': 0.5, 'max_features': 1.0, 'bootstrap': False, 'bootstrap_features': False}",COMPLETE
1270,0.43548387082726325,2024-07-08 12:48:30.004017,2024-07-08 12:49:26.320654,0 days 00:00:56.316637,ExtraTreesClassifier,Normalize_L1_1,NearMiss,"[1, 1, 0, 0, 1, 0, 0, 1, 1, 1, 1, 0, 0, 1, 1, 1, 0, 1, 0, 1, 0, 1, 0, 0, 1, 1, 1, 0, 1, 0, 0, 0, 1, 1, 0, 1, 1, 1, 0, 0, 0, 0, 0, 0, 0, 1, 0, 1, 0]","{'n_estimators': 2000, 'max_features': None, 'max_depth': 1000, 'min_samples_split': 50, 'min_samples_leaf': 2, 'bootstrap': True}",COMPLETE
1271,0.4612903224318418,2024-07-08 12:48:30.520011,2024-07-08 12:49:07.628611,0 days 00:00:37.108600,DecisionTreeClassifier,Normalize_Max_1,NearMiss,"[0, 0, 1, 0, 0, 0, 0, 1, 0, 0, 1, 1, 1, 0, 0, 1, 1, 1, 1, 1, 0, 0, 0, 0, 1, 1, 0, 0, 0, 1, 0, 0, 1, 0, 1, 0, 1, 0, 1, 0, 1, 0, 0, 0, 0, 1, 1, 0, 0]","{'max_depth': 100, 'min_samples_split': 2, 'min_samples_leaf': 2, 'max_features': 'sqrt', 'splitter': 'random'}",COMPLETE
1272,0.0,2024-07-08 12:48:30.792014,2024-07-08 12:49:16.313926,0 days 00:00:45.521912,ExtraTreesClassifier,Normalize_L1_1,,"[1, 1, 1, 1, 1, 0, 0, 0, 0, 1, 0, 0, 1, 0, 1, 0, 0, 1, 0, 1, 0, 0, 0, 1, 0, 1, 0, 0, 1, 1, 1, 0, 0, 1, 1, 0, 1, 0, 0, 0, 1, 1, 1, 1, 0, 0, 1, 1, 1]","{'n_estimators': 100, 'max_features': 'auto', 'max_depth': 10, 'min_samples_split': 5, 'min_samples_leaf': 1, 'bootstrap': True}",COMPLETE
1273,0.4806451611352757,2024-07-08 12:48:31.173002,2024-07-08 12:49:25.795549,0 days 00:00:54.622547,BaggingClassifier,Normalize_L1_1,RandomOverSampler,"[1, 0, 0, 1, 0, 1, 0, 0, 0, 1, 0, 0, 0, 1, 1, 1, 0, 0, 0, 0, 1, 1, 1, 0, 1, 0, 1, 1, 0, 0, 0, 1, 0, 0, 1, 1, 0, 0, 0, 1, 0, 1, 1, 1, 1, 1, 1, 0, 1]","{'n_estimators': 100, 'max_samples': 0.5, 'max_features': 1.0, 'bootstrap': True, 'bootstrap_features': False}",COMPLETE
1274,0.0,2024-07-08 12:48:31.583022,2024-07-08 12:49:07.904621,0 days 00:00:36.321599,DecisionTreeClassifier,Normalize_Max_1,,"[1, 1, 0, 1, 1, 1, 1, 0, 0, 0, 0, 0, 0, 0, 0, 1, 1, 0, 1, 1, 1, 0, 1, 1, 0, 1, 1, 1, 1, 1, 1, 0, 0, 1, 1, 1, 0, 1, 0, 0, 1, 0, 0, 1, 0, 1, 1, 1, 1]","{'max_depth': 500, 'min_samples_split': 2, 'min_samples_leaf': 2, 'max_features': 'auto', 'splitter': 'random'}",COMPLETE
1275,0.0,2024-07-08 12:48:31.754016,2024-07-08 12:49:20.037079,0 days 00:00:48.283063,MLPClassifier,,,,,COMPLETE
1276,0.7193548384776274,2024-07-08 12:48:33.022018,2024-07-08 12:49:22.422348,0 days 00:00:49.400330,KNeighborsClassifier,RobustScaler,,"[1, 0, 1, 1, 1, 0, 1, 1, 0, 0, 1, 0, 0, 0, 0, 1, 0, 0, 0, 1, 0, 1, 1, 1, 1, 1, 0, 0, 0, 0, 0, 0, 0, 0, 1, 0, 0, 1, 1, 0, 1, 0, 0, 1, 0, 1, 0, 0, 1]","{'n_neighbors': 15, 'weights': 'distance', 'algorithm': 'kd_tree', 'leaf_size': 10, 'p': 1, 'metric': 'minkowski'}",COMPLETE
1277,0.7967741932913631,2024-07-08 12:48:38.202012,2024-07-08 12:49:08.094572,0 days 00:00:29.892560,BaggingClassifier,Normalize_L1_1,,"[0, 0, 1, 0, 0, 1, 0, 1, 1, 0, 1, 0, 0, 0, 1, 0, 1, 1, 0, 1, 0, 1, 1, 0, 1, 0, 0, 1, 0, 1, 0, 1, 0, 1, 1, 0, 1, 1, 1, 1, 0, 1, 1, 1, 1, 1, 0, 1, 0]","{'n_estimators': 100, 'max_samples': 0.1, 'max_features': 0.5, 'bootstrap': False, 'bootstrap_features': True}",COMPLETE
1278,0.7838709674890738,2024-07-08 12:48:40.099095,2024-07-08 12:49:16.369924,0 days 00:00:36.270829,ExtraTreesClassifier,Normalize_L1_1,,"[1, 0, 1, 0, 1, 0, 0, 0, 0, 0, 1, 1, 1, 0, 1, 1, 1, 1, 1, 1, 1, 0, 0, 1, 1, 0, 0, 1, 1, 1, 1, 1, 0, 0, 1, 1, 1, 1, 0, 0, 1, 0, 0, 0, 1, 1, 0, 1, 0]","{'n_estimators': 200, 'max_features': None, 'max_depth': None, 'min_samples_split': 200, 'min_samples_leaf': 10, 'bootstrap': False}",COMPLETE
1279,0.745161290082206,2024-07-08 12:48:42.792083,2024-07-08 12:49:07.474597,0 days 00:00:24.682514,DecisionTreeClassifier,Normalize_Max_1,,"[1, 0, 0, 0, 1, 0, 1, 1, 0, 1, 1, 1, 0, 1, 1, 1, 1, 1, 1, 1, 1, 1, 1, 0, 0, 0, 1, 0, 0, 1, 0, 1, 0, 0, 0, 0, 1, 0, 0, 1, 0, 1, 0, 1, 1, 1, 1, 0, 1]","{'max_depth': 1000, 'min_samples_split': 5, 'min_samples_leaf': 10, 'max_features': None, 'splitter': 'random'}",COMPLETE
1280,0.2806451611997919,2024-07-08 12:48:49.391342,2024-07-08 12:49:12.796747,0 days 00:00:23.405405,DecisionTreeClassifier,Normalize_Max_1,SVMSMOTE,"[0, 1, 1, 1, 0, 0, 1, 1, 0, 1, 1, 1, 0, 0, 1, 1, 1, 1, 1, 0, 1, 0, 0, 0, 0, 0, 0, 0, 0, 0, 0, 0, 1, 1, 0, 1, 0, 1, 0, 1, 1, 1, 1, 1, 1, 0, 1, 0, 0]","{'max_depth': 10, 'min_samples_split': 2, 'min_samples_leaf': 10, 'max_features': None, 'splitter': 'best'}",COMPLETE
1281,0.4258064514755463,2024-07-08 12:48:52.706465,2024-07-08 12:49:14.091831,0 days 00:00:21.385366,DecisionTreeClassifier,Normalize_L1_1,NearMiss,"[0, 1, 1, 1, 1, 1, 1, 1, 0, 0, 0, 0, 1, 0, 1, 0, 1, 0, 1, 0, 0, 0, 1, 1, 0, 1, 1, 0, 0, 1, 0, 1, 0, 0, 1, 1, 0, 0, 1, 1, 1, 1, 0, 1, 0, 1, 0, 0, 0]","{'max_depth': 500, 'min_samples_split': 10, 'min_samples_leaf': 10, 'max_features': 'sqrt', 'splitter': 'random'}",COMPLETE
1282,0.7838709674890738,2024-07-08 12:48:55.021494,2024-07-08 12:49:18.511921,0 days 00:00:23.490427,KNeighborsClassifier,Normalize_L1_1,,"[1, 0, 1, 1, 1, 1, 0, 0, 1, 0, 0, 1, 0, 0, 1, 0, 0, 1, 0, 0, 1, 1, 0, 0, 1, 1, 0, 0, 1, 0, 1, 0, 1, 0, 0, 0, 1, 1, 1, 1, 1, 1, 1, 1, 1, 1, 1, 1, 1]","{'n_neighbors': 20, 'weights': 'uniform', 'algorithm': 'brute', 'leaf_size': 10, 'p': 2, 'metric': 'manhattan'}",COMPLETE
1283,0.664516128817898,2024-07-08 12:48:55.713499,2024-07-08 12:49:06.583600,0 days 00:00:10.870101,DecisionTreeClassifier,Normalize_Max_1,SVMSMOTE,"[0, 0, 0, 1, 0, 1, 0, 0, 0, 1, 0, 0, 0, 1, 0, 0, 1, 1, 1, 1, 0, 0, 0, 1, 0, 0, 1, 0, 0, 0, 0, 0, 0, 1, 0, 1, 1, 0, 0, 1, 0, 1, 1, 0, 1, 0, 0, 0, 1]","{'max_depth': 10, 'min_samples_split': 50, 'min_samples_leaf': 5, 'max_features': None, 'splitter': 'random'}",COMPLETE
1284,0.745161290082206,2024-07-08 12:48:56.158460,2024-07-08 12:49:19.174964,0 days 00:00:23.016504,KNeighborsClassifier,RobustScaler,,"[0, 1, 0, 1, 1, 1, 0, 1, 0, 0, 1, 0, 1, 1, 0, 0, 0, 0, 1, 0, 1, 1, 0, 1, 0, 0, 1, 1, 0, 1, 1, 0, 1, 1, 1, 0, 1, 0, 1, 1, 0, 0, 0, 0, 1, 0, 0, 1, 1]","{'n_neighbors': 7, 'weights': 'uniform', 'algorithm': 'kd_tree', 'leaf_size': 50, 'p': 2, 'metric': 'euclidean'}",COMPLETE
1285,0.7870967739396462,2024-07-08 12:48:56.420490,2024-07-08 12:49:19.185007,0 days 00:00:22.764517,ExtraTreesClassifier,Normalize_L1_1,,"[0, 0, 1, 1, 0, 1, 0, 1, 1, 1, 0, 0, 0, 0, 0, 0, 1, 0, 1, 0, 1, 0, 0, 1, 0, 0, 1, 1, 0, 0, 1, 0, 0, 1, 0, 0, 1, 0, 1, 0, 0, 0, 1, 1, 0, 1, 0, 1, 0]","{'n_estimators': 1000, 'max_features': 'log2', 'max_depth': 500, 'min_samples_split': 50, 'min_samples_leaf': 10, 'bootstrap': False}",COMPLETE
1286,0.45483870953069716,2024-07-08 12:48:57.494505,2024-07-08 12:49:07.959604,0 days 00:00:10.465099,DecisionTreeClassifier,Normalize_L1_1,SVMSMOTE,"[0, 1, 0, 0, 1, 1, 1, 0, 0, 1, 0, 0, 1, 0, 1, 0, 0, 1, 0, 1, 1, 0, 1, 0, 1, 1, 0, 0, 1, 1, 0, 0, 1, 1, 0, 1, 1, 0, 0, 1, 1, 0, 0, 1, 1, 1, 0, 1, 0]","{'max_depth': 10, 'min_samples_split': 5, 'min_samples_leaf': 10, 'max_features': 'sqrt', 'splitter': 'best'}",COMPLETE
1287,0.0,2024-07-08 12:48:58.604549,2024-07-08 12:49:08.086613,0 days 00:00:09.482064,SVC,Normalize_Max_1,,"[1, 0, 1, 0, 1, 1, 0, 0, 1, 0, 1, 0, 1, 1, 1, 0, 1, 1, 0, 0, 0, 0, 1, 1, 1, 1, 0, 1, 0, 0, 0, 1, 0, 0, 0, 1, 0, 1, 1, 0, 1, 0, 1, 0, 1, 0, 0, 1, 0]","{'C': 1.0, 'kernel': 'poly', 'degree': 3, 'gamma': '0.01', 'coef0': 0.5, 'shrinking': False, 'probability': False, 'class_weight': None, 'decision_function_shape': 'ovr'}",COMPLETE
1288,0.0,2024-07-08 12:48:58.704513,2024-07-08 12:49:14.254853,0 days 00:00:15.550340,SVC,Normalize_L1_1,,"[0, 0, 0, 0, 1, 0, 1, 1, 1, 1, 1, 1, 0, 1, 1, 0, 0, 0, 0, 1, 0, 0, 0, 0, 1, 0, 0, 0, 1, 1, 0, 1, 1, 0, 1, 0, 0, 0, 1, 0, 0, 0, 0, 0, 1, 0, 1, 0, 0]","{'C': 0.1, 'kernel': 'rbf', 'degree': 5, 'gamma': '0.01', 'coef0': 0.0, 'shrinking': False, 'probability': True, 'class_weight': None, 'decision_function_shape': 'ovr'}",COMPLETE
1289,0.6967741933236212,2024-07-08 12:48:59.397548,2024-07-08 12:49:15.392838,0 days 00:00:15.995290,KNeighborsClassifier,Normalize_L1_1,,"[1, 0, 1, 1, 1, 0, 0, 0, 1, 1, 0, 0, 1, 1, 1, 0, 0, 0, 1, 0, 0, 1, 0, 0, 0, 1, 0, 1, 0, 0, 0, 1, 1, 1, 1, 0, 0, 1, 0, 1, 1, 1, 0, 0, 0, 0, 0, 1, 1]","{'n_neighbors': 3, 'weights': 'distance', 'algorithm': 'brute', 'leaf_size': 50, 'p': 2, 'metric': 'minkowski'}",COMPLETE
1290,0.0,2024-07-08 12:49:00.515552,2024-07-08 12:49:18.021936,0 days 00:00:17.506384,ExtraTreesClassifier,RobustScaler,,"[0, 0, 1, 1, 1, 1, 1, 0, 1, 0, 1, 1, 0, 1, 0, 1, 0, 0, 1, 0, 1, 1, 0, 0, 0, 1, 1, 0, 0, 0, 1, 0, 0, 1, 0, 0, 0, 1, 0, 0, 0, 0, 1, 1, 1, 1, 0, 1, 0]","{'n_estimators': 2000, 'max_features': 'auto', 'max_depth': 10, 'min_samples_split': 100, 'min_samples_leaf': 10, 'bootstrap': True}",COMPLETE
1291,0.7096774191259104,2024-07-08 12:49:00.598666,2024-07-08 12:49:18.026938,0 days 00:00:17.428272,KNeighborsClassifier,RobustScaler,,"[0, 0, 0, 1, 1, 1, 0, 1, 0, 0, 0, 1, 0, 1, 0, 1, 0, 0, 0, 0, 0, 1, 0, 1, 0, 0, 0, 0, 0, 0, 0, 1, 1, 0, 1, 1, 0, 1, 0, 1, 0, 0, 0, 1, 1, 0, 1, 0, 1]","{'n_neighbors': 5, 'weights': 'uniform', 'algorithm': 'ball_tree', 'leaf_size': 50, 'p': 1, 'metric': 'minkowski'}",COMPLETE
