number,value,datetime_start,datetime_complete,duration,params_model,params_normTechnique,params_sampleTechnique,user_attrs_binIndices,user_attrs_hyperparams,state
611,0.6580645159167533,2024-07-08 12:38:51.839771,2024-07-08 12:39:07.875983,0 days 00:00:16.036212,XGBClassifier,Normalize_L1_1,,"[0, 1, 1, 0, 1, 1, 1, 0, 0, 1, 0, 0, 1, 1, 1, 0, 0, 1, 0, 0, 1, 1, 0, 1, 1, 1, 0, 0, 1, 1, 0, 0, 1, 1, 0, 0, 0, 0, 0, 0, 0, 0, 0, 1, 1, 1, 1, 0, 0]","{'n_estimators': 500, 'learning_rate': 1.0, 'max_depth': 3, 'min_child_weight': 1, 'subsample': 0.7, 'colsample_bytree': 0.7, 'gamma': 0.5, 'reg_alpha': 0.1, 'reg_lambda': 0.0}",COMPLETE
612,0.7999999997419355,2024-07-08 12:38:54.246836,2024-07-08 12:39:06.739983,0 days 00:00:12.493147,XGBClassifier,Normalize_L1_1,,"[1, 1, 0, 1, 0, 0, 0, 0, 1, 0, 0, 0, 0, 1, 1, 0, 0, 1, 0, 0, 1, 1, 0, 0, 1, 1, 1, 0, 0, 1, 0, 0, 0, 0, 1, 1, 0, 0, 1, 1, 0, 1, 1, 0, 0, 1, 1, 0, 1]","{'n_estimators': 100, 'learning_rate': 0.01, 'max_depth': 3, 'min_child_weight': 3, 'subsample': 0.5, 'colsample_bytree': 0.5, 'gamma': 1.0, 'reg_alpha': 0.1, 'reg_lambda': 1.0}",COMPLETE
613,0.7967741932913631,2024-07-08 12:38:55.644799,2024-07-08 12:39:13.294983,0 days 00:00:17.650184,XGBClassifier,Normalize_L1_1,,"[1, 1, 1, 0, 1, 1, 1, 0, 0, 1, 1, 1, 0, 1, 1, 0, 1, 0, 0, 0, 0, 0, 1, 1, 1, 1, 0, 0, 1, 1, 0, 0, 1, 1, 0, 0, 0, 0, 0, 1, 1, 0, 1, 1, 0, 1, 0, 0, 1]","{'n_estimators': 10, 'learning_rate': 0.1, 'max_depth': 9, 'min_child_weight': 3, 'subsample': 1.0, 'colsample_bytree': 0.5, 'gamma': 0.5, 'reg_alpha': 0.0, 'reg_lambda': 0.1}",COMPLETE
614,0.7967741932913631,2024-07-08 12:38:56.283816,2024-07-08 12:39:14.179985,0 days 00:00:17.896169,RandomForestClassifier,Normalize_L1_1,,"[1, 1, 1, 1, 1, 1, 1, 0, 0, 0, 1, 1, 1, 1, 1, 1, 0, 0, 0, 1, 1, 1, 1, 0, 0, 1, 0, 1, 1, 0, 1, 1, 0, 0, 0, 1, 0, 1, 0, 1, 1, 1, 1, 0, 1, 0, 1, 1, 0]","{'n_estimators': 50, 'max_features': 'sqrt', 'max_depth': None, 'min_samples_split': 50, 'min_samples_leaf': 5, 'bootstrap': True}",COMPLETE
615,0.6161290320593131,2024-07-08 12:38:56.624798,2024-07-08 12:39:11.556998,0 days 00:00:14.932200,XGBClassifier,Normalize_L1_1,SMOTEENN,"[1, 0, 1, 0, 0, 1, 1, 0, 0, 0, 0, 0, 0, 0, 0, 0, 1, 0, 0, 1, 1, 0, 0, 0, 0, 1, 1, 0, 1, 0, 0, 0, 0, 0, 1, 1, 0, 1, 0, 1, 1, 0, 0, 1, 1, 0, 1, 0, 0]","{'n_estimators': 200, 'learning_rate': 0.01, 'max_depth': 3, 'min_child_weight': 1, 'subsample': 0.5, 'colsample_bytree': 0.7, 'gamma': 0.0, 'reg_alpha': 1.0, 'reg_lambda': 1.0}",COMPLETE
616,0.574193548201873,2024-07-08 12:38:56.726818,2024-07-08 12:39:12.341955,0 days 00:00:15.615137,XGBClassifier,Normalize_L1_1,SMOTEENN,"[0, 0, 0, 1, 0, 0, 0, 1, 0, 1, 0, 1, 0, 1, 1, 1, 0, 1, 1, 1, 0, 1, 0, 0, 0, 0, 1, 0, 1, 1, 0, 1, 0, 0, 0, 0, 1, 1, 1, 0, 1, 0, 1, 0, 0, 1, 1, 1, 0]","{'n_estimators': 50, 'learning_rate': 0.01, 'max_depth': 9, 'min_child_weight': 1, 'subsample': 0.7, 'colsample_bytree': 0.5, 'gamma': 0.0, 'reg_alpha': 0.0, 'reg_lambda': 0.0}",COMPLETE
617,0.7903225803902184,2024-07-08 12:38:57.027771,2024-07-08 12:39:28.519042,0 days 00:00:31.491271,RandomForestClassifier,Normalize_L1_1,,"[1, 1, 1, 0, 0, 0, 0, 0, 0, 0, 0, 0, 0, 0, 1, 1, 1, 1, 1, 0, 0, 0, 1, 0, 1, 1, 1, 1, 0, 1, 1, 1, 0, 0, 1, 1, 0, 1, 1, 0, 0, 1, 0, 1, 0, 0, 1, 0, 1]","{'n_estimators': 100, 'max_features': 'sqrt', 'max_depth': 200, 'min_samples_split': 2, 'min_samples_leaf': 2, 'bootstrap': True}",COMPLETE
618,0.7967741932913631,2024-07-08 12:38:57.221803,2024-07-08 12:39:43.167037,0 days 00:00:45.945234,RandomForestClassifier,Normalize_L1_1,,"[0, 1, 0, 1, 0, 0, 0, 1, 1, 0, 1, 0, 1, 1, 0, 1, 0, 1, 0, 1, 1, 1, 0, 1, 0, 0, 1, 0, 1, 1, 1, 1, 0, 0, 0, 0, 0, 0, 1, 0, 1, 0, 0, 1, 0, 1, 0, 1, 1]","{'n_estimators': 1000, 'max_features': 'sqrt', 'max_depth': 10, 'min_samples_split': 5, 'min_samples_leaf': 10, 'bootstrap': False}",COMPLETE
619,0.7870967739396462,2024-07-08 12:38:57.320813,2024-07-08 12:39:12.131996,0 days 00:00:14.811183,XGBClassifier,Normalize_L1_1,,"[1, 1, 0, 0, 1, 1, 1, 1, 1, 0, 1, 1, 0, 0, 0, 1, 1, 0, 1, 1, 1, 1, 0, 0, 1, 0, 1, 0, 1, 1, 0, 1, 0, 1, 1, 0, 1, 0, 0, 1, 0, 0, 0, 1, 0, 1, 0, 1, 1]","{'n_estimators': 10, 'learning_rate': 0.5, 'max_depth': 9, 'min_child_weight': 10, 'subsample': 1.0, 'colsample_bytree': 0.5, 'gamma': 1.0, 'reg_alpha': 0.0, 'reg_lambda': 1.0}",COMPLETE
620,0.3548387095629552,2024-07-08 12:38:57.413806,2024-07-08 12:39:14.364982,0 days 00:00:16.951176,XGBClassifier,Normalize_L2_0,BorderlineSMOTE,"[0, 1, 1, 0, 0, 0, 0, 1, 0, 0, 1, 0, 0, 0, 1, 0, 0, 0, 1, 1, 0, 0, 1, 0, 0, 0, 0, 1, 0, 1, 1, 1, 1, 0, 1, 1, 0, 0, 0, 0, 0, 1, 0, 0, 1, 0, 0, 1, 1]","{'n_estimators': 100, 'learning_rate': 0.5, 'max_depth': 7, 'min_child_weight': 10, 'subsample': 0.7, 'colsample_bytree': 0.7, 'gamma': 0.0, 'reg_alpha': 0.0, 'reg_lambda': 1.0}",COMPLETE
621,0.6096774191581685,2024-07-08 12:38:57.682802,2024-07-08 12:39:10.018997,0 days 00:00:12.336195,XGBClassifier,Normalize_L2_0,BorderlineSMOTE,"[0, 0, 0, 0, 0, 0, 0, 1, 0, 0, 0, 0, 0, 0, 0, 1, 0, 1, 1, 0, 1, 1, 1, 1, 0, 0, 1, 0, 1, 1, 1, 0, 0, 1, 1, 0, 1, 1, 0, 1, 0, 0, 0, 0, 1, 0, 0, 1, 0]","{'n_estimators': 100, 'learning_rate': 0.01, 'max_depth': 7, 'min_child_weight': 10, 'subsample': 1.0, 'colsample_bytree': 0.5, 'gamma': 1.0, 'reg_alpha': 1.0, 'reg_lambda': 1.0}",COMPLETE
622,0.7677419352362123,2024-07-08 12:38:58.113800,2024-07-08 12:39:29.222042,0 days 00:00:31.108242,XGBClassifier,Normalize_L1_1,,"[0, 1, 0, 0, 0, 1, 0, 0, 0, 1, 1, 1, 0, 1, 1, 1, 0, 1, 0, 1, 1, 0, 1, 1, 0, 1, 1, 1, 0, 0, 1, 0, 1, 1, 1, 0, 1, 1, 1, 0, 1, 1, 0, 0, 0, 1, 0, 1, 0]","{'n_estimators': 200, 'learning_rate': 0.1, 'max_depth': 3, 'min_child_weight': 1, 'subsample': 0.7, 'colsample_bytree': 0.5, 'gamma': 1.0, 'reg_alpha': 0.1, 'reg_lambda': 0.0}",COMPLETE
623,0.6064516127075962,2024-07-08 12:38:58.722800,2024-07-08 12:39:10.990987,0 days 00:00:12.268187,XGBClassifier,Normalize_L2_0,BorderlineSMOTE,"[0, 0, 0, 0, 1, 0, 1, 0, 1, 0, 0, 0, 1, 0, 0, 0, 0, 1, 0, 1, 0, 0, 1, 1, 0, 0, 1, 0, 0, 1, 1, 1, 0, 0, 0, 0, 1, 1, 0, 1, 1, 1, 0, 1, 1, 0, 1, 1, 0]","{'n_estimators': 500, 'learning_rate': 10.0, 'max_depth': 3, 'min_child_weight': 10, 'subsample': 1.0, 'colsample_bytree': 0.5, 'gamma': 1.0, 'reg_alpha': 0.0, 'reg_lambda': 1.0}",COMPLETE
624,0.7935483868407908,2024-07-08 12:38:59.549801,2024-07-08 12:39:41.125999,0 days 00:00:41.576198,XGBClassifier,Normalize_L1_1,,"[1, 0, 1, 1, 1, 0, 0, 1, 0, 0, 0, 1, 0, 1, 1, 0, 1, 0, 0, 0, 0, 0, 1, 1, 0, 1, 1, 0, 0, 1, 1, 0, 0, 1, 1, 1, 1, 0, 0, 0, 0, 0, 1, 1, 1, 0, 1, 1, 0]","{'n_estimators': 200, 'learning_rate': 10.0, 'max_depth': 7, 'min_child_weight': 3, 'subsample': 1.0, 'colsample_bytree': 0.7, 'gamma': 0.0, 'reg_alpha': 0.1, 'reg_lambda': 0.0}",COMPLETE
625,0.7935483868407908,2024-07-08 12:39:01.768983,2024-07-08 12:39:41.115001,0 days 00:00:39.346018,RandomForestClassifier,Normalize_L1_1,,"[1, 1, 0, 0, 1, 0, 1, 0, 0, 1, 0, 0, 1, 1, 0, 0, 1, 1, 1, 0, 1, 0, 1, 1, 0, 0, 1, 0, 1, 1, 0, 1, 1, 1, 1, 0, 0, 0, 0, 1, 0, 0, 0, 1, 1, 0, 1, 1, 0]","{'n_estimators': 50, 'max_features': 'log2', 'max_depth': 100, 'min_samples_split': 100, 'min_samples_leaf': 50, 'bootstrap': True}",COMPLETE
626,0.7741935481373569,2024-07-08 12:39:02.067999,2024-07-08 12:39:32.912998,0 days 00:00:30.844999,BaggingClassifier,Normalize_L1_1,,"[1, 0, 1, 1, 0, 0, 1, 0, 0, 0, 0, 1, 1, 1, 1, 0, 0, 1, 0, 0, 1, 1, 1, 0, 1, 0, 0, 0, 1, 0, 0, 0, 0, 1, 0, 1, 0, 1, 1, 0, 1, 0, 1, 0, 1, 0, 0, 0, 1]","{'n_estimators': 500, 'max_samples': 0.5, 'max_features': 0.1, 'bootstrap': True, 'bootstrap_features': False}",COMPLETE
627,0.7935483868407908,2024-07-08 12:39:04.610998,2024-07-08 12:39:53.078041,0 days 00:00:48.467043,RandomForestClassifier,Normalize_L1_1,,"[0, 0, 1, 1, 0, 0, 0, 0, 1, 0, 0, 1, 0, 1, 0, 0, 0, 0, 0, 0, 0, 0, 0, 0, 1, 0, 1, 1, 1, 0, 1, 1, 0, 1, 0, 0, 1, 0, 0, 1, 0, 1, 1, 1, 0, 0, 1, 1, 0]","{'n_estimators': 2000, 'max_features': 'sqrt', 'max_depth': 500, 'min_samples_split': 200, 'min_samples_leaf': 100, 'bootstrap': False}",COMPLETE
628,0.0,2024-07-08 12:39:05.195010,2024-07-08 12:39:14.527984,0 days 00:00:09.332974,RandomForestClassifier,Normalize_L1_1,,"[1, 0, 1, 0, 1, 1, 1, 0, 0, 1, 0, 1, 1, 1, 1, 1, 0, 1, 1, 0, 0, 0, 0, 1, 0, 0, 0, 1, 0, 0, 1, 0, 0, 1, 0, 1, 1, 0, 1, 1, 0, 1, 0, 0, 0, 0, 1, 0, 1]","{'n_estimators': 50, 'max_features': 'auto', 'max_depth': 1000, 'min_samples_split': 50, 'min_samples_leaf': 10, 'bootstrap': False}",COMPLETE
629,0.7838709674890738,2024-07-08 12:39:06.047982,2024-07-08 12:39:48.672043,0 days 00:00:42.624061,RandomForestClassifier,Normalize_L1_1,,"[0, 0, 0, 0, 0, 0, 1, 0, 1, 1, 1, 0, 1, 0, 0, 0, 0, 0, 1, 1, 0, 0, 1, 1, 1, 0, 0, 0, 0, 0, 0, 1, 1, 1, 0, 1, 1, 1, 1, 1, 0, 1, 0, 0, 0, 1, 1, 0, 0]","{'n_estimators': 2000, 'max_features': 'log2', 'max_depth': 1000, 'min_samples_split': 50, 'min_samples_leaf': 1, 'bootstrap': False}",COMPLETE
630,0.7161290320270551,2024-07-08 12:39:06.331004,2024-07-08 12:39:33.378998,0 days 00:00:27.047994,XGBClassifier,Normalize_L1_1,,"[0, 1, 1, 0, 1, 1, 0, 1, 0, 0, 0, 1, 1, 0, 0, 0, 0, 1, 0, 1, 0, 0, 0, 1, 1, 1, 1, 1, 0, 1, 0, 0, 1, 1, 0, 0, 1, 0, 0, 0, 1, 1, 1, 0, 0, 0, 0, 1, 0]","{'n_estimators': 1000, 'learning_rate': 0.1, 'max_depth': 7, 'min_child_weight': 5, 'subsample': 1.0, 'colsample_bytree': 0.7, 'gamma': 0.0, 'reg_alpha': 0.0, 'reg_lambda': 0.1}",COMPLETE
631,0.7967741932913631,2024-07-08 12:39:07.552998,2024-07-08 12:39:33.645996,0 days 00:00:26.092998,RandomForestClassifier,Normalize_L1_1,,"[0, 0, 0, 0, 0, 1, 0, 1, 0, 0, 0, 0, 1, 1, 0, 1, 1, 0, 0, 1, 1, 1, 0, 1, 1, 1, 1, 1, 0, 0, 1, 0, 1, 0, 1, 1, 0, 1, 1, 0, 1, 1, 1, 1, 1, 1, 0, 1, 1]","{'n_estimators': 500, 'max_features': 'log2', 'max_depth': 500, 'min_samples_split': 10, 'min_samples_leaf': 5, 'bootstrap': True}",COMPLETE
632,0.0,2024-07-08 12:39:08.215985,2024-07-08 12:39:32.094027,0 days 00:00:23.878042,RandomForestClassifier,Normalize_L1_1,,"[0, 1, 0, 0, 0, 0, 0, 0, 0, 1, 1, 1, 1, 0, 1, 1, 0, 1, 1, 1, 0, 0, 1, 1, 0, 0, 1, 1, 1, 1, 0, 1, 0, 0, 0, 0, 0, 1, 0, 0, 0, 1, 1, 1, 0, 0, 0, 1, 0]","{'n_estimators': 200, 'max_features': 'auto', 'max_depth': None, 'min_samples_split': 50, 'min_samples_leaf': 1, 'bootstrap': True}",COMPLETE
633,0.47419354823413107,2024-07-08 12:39:08.717983,2024-07-08 12:39:59.821043,0 days 00:00:51.103060,RandomForestClassifier,Normalize_L1_1,ADASYN,"[1, 0, 1, 1, 0, 1, 0, 1, 0, 1, 0, 0, 0, 1, 1, 0, 0, 1, 0, 1, 1, 0, 1, 1, 0, 0, 1, 1, 0, 0, 1, 0, 1, 0, 1, 0, 0, 0, 0, 1, 1, 1, 0, 1, 0, 1, 1, 1, 0]","{'n_estimators': 10, 'max_features': 'sqrt', 'max_depth': 10, 'min_samples_split': 50, 'min_samples_leaf': 50, 'bootstrap': True}",COMPLETE
634,0.7838709674890738,2024-07-08 12:39:09.560984,2024-07-08 12:39:43.151028,0 days 00:00:33.590044,RandomForestClassifier,Normalize_L1_1,,"[1, 0, 0, 1, 0, 0, 0, 1, 0, 1, 0, 0, 1, 0, 1, 0, 1, 1, 0, 0, 1, 1, 1, 1, 0, 0, 1, 1, 0, 0, 1, 0, 0, 0, 1, 1, 0, 0, 0, 0, 0, 0, 0, 1, 1, 0, 0, 0, 1]","{'n_estimators': 500, 'max_features': 'sqrt', 'max_depth': 100, 'min_samples_split': 50, 'min_samples_leaf': 1, 'bootstrap': False}",COMPLETE
635,0.7935483868407908,2024-07-08 12:39:10.530984,2024-07-08 12:39:32.098041,0 days 00:00:21.567057,RandomForestClassifier,Normalize_L1_1,,"[0, 1, 1, 0, 1, 0, 0, 0, 0, 0, 0, 1, 1, 0, 1, 1, 0, 1, 0, 1, 1, 0, 1, 1, 0, 0, 1, 0, 0, 1, 1, 1, 1, 1, 0, 1, 0, 1, 1, 1, 1, 0, 1, 1, 0, 1, 0, 1, 0]","{'n_estimators': 200, 'max_features': None, 'max_depth': 50, 'min_samples_split': 50, 'min_samples_leaf': 50, 'bootstrap': False}",COMPLETE
636,0.0,2024-07-08 12:39:10.681998,2024-07-08 12:39:34.876997,0 days 00:00:24.194999,MLPClassifier,,,,,COMPLETE
637,0.0,2024-07-08 12:39:10.934998,2024-07-08 12:39:49.782045,0 days 00:00:38.847047,RandomForestClassifier,Normalize_L1_1,,"[0, 1, 1, 1, 1, 1, 0, 0, 0, 1, 1, 0, 1, 0, 0, 1, 1, 0, 1, 1, 1, 0, 0, 0, 1, 1, 0, 1, 0, 0, 1, 0, 1, 0, 0, 0, 0, 0, 0, 1, 0, 0, 1, 0, 0, 1, 0, 0, 1]","{'n_estimators': 200, 'max_features': 'auto', 'max_depth': 200, 'min_samples_split': 2, 'min_samples_leaf': 5, 'bootstrap': False}",COMPLETE
638,0.7806451610385015,2024-07-08 12:39:11.290984,2024-07-08 12:39:33.364998,0 days 00:00:22.074014,RandomForestClassifier,Normalize_L1_1,,"[0, 1, 0, 0, 1, 1, 0, 0, 0, 0, 1, 0, 0, 1, 0, 0, 0, 0, 0, 1, 1, 1, 0, 1, 1, 1, 0, 1, 1, 1, 0, 0, 1, 0, 1, 1, 1, 0, 0, 0, 1, 1, 0, 1, 1, 1, 1, 1, 0]","{'n_estimators': 200, 'max_features': 'log2', 'max_depth': 100, 'min_samples_split': 200, 'min_samples_leaf': 1, 'bootstrap': False}",COMPLETE
639,0.0,2024-07-08 12:39:11.514997,2024-07-08 12:39:45.605027,0 days 00:00:34.090030,RandomForestClassifier,Normalize_L1_1,,"[0, 1, 0, 0, 0, 1, 0, 0, 1, 1, 1, 0, 0, 0, 0, 1, 0, 1, 1, 0, 1, 0, 0, 1, 0, 0, 1, 0, 1, 0, 1, 0, 1, 1, 0, 0, 0, 1, 0, 1, 1, 0, 0, 0, 0, 1, 1, 0, 1]","{'n_estimators': 500, 'max_features': 'auto', 'max_depth': 200, 'min_samples_split': 100, 'min_samples_leaf': 10, 'bootstrap': False}",COMPLETE
640,0.7709677416867845,2024-07-08 12:39:12.006959,2024-07-08 12:39:51.724043,0 days 00:00:39.717084,RandomForestClassifier,Normalize_L1_1,,"[0, 1, 0, 1, 0, 0, 0, 0, 0, 0, 1, 1, 0, 1, 1, 0, 1, 0, 0, 1, 0, 1, 1, 0, 0, 0, 0, 1, 0, 1, 1, 0, 0, 0, 0, 1, 1, 1, 1, 0, 0, 1, 0, 1, 1, 0, 0, 1, 0]","{'n_estimators': 1000, 'max_features': 'log2', 'max_depth': 50, 'min_samples_split': 2, 'min_samples_leaf': 1, 'bootstrap': True}",COMPLETE
641,0.7935483868407908,2024-07-08 12:39:12.218986,2024-07-08 12:39:48.114031,0 days 00:00:35.895045,RandomForestClassifier,Normalize_L1_1,,"[1, 1, 0, 0, 1, 0, 0, 0, 0, 1, 0, 1, 0, 1, 0, 0, 1, 0, 0, 1, 1, 1, 1, 0, 0, 0, 0, 1, 0, 0, 0, 0, 0, 0, 0, 0, 1, 1, 1, 1, 1, 0, 0, 1, 1, 1, 0, 0, 1]","{'n_estimators': 10, 'max_features': None, 'max_depth': 50, 'min_samples_split': 10, 'min_samples_leaf': 5, 'bootstrap': True}",COMPLETE
642,0.7838709674890738,2024-07-08 12:39:12.629000,2024-07-08 12:39:51.145001,0 days 00:00:38.516001,RandomForestClassifier,Normalize_L1_1,,"[0, 1, 0, 1, 0, 1, 1, 1, 0, 0, 1, 0, 0, 1, 0, 0, 0, 0, 0, 1, 1, 1, 1, 1, 0, 1, 1, 0, 1, 1, 1, 0, 0, 1, 1, 0, 1, 0, 1, 0, 0, 0, 1, 1, 0, 1, 1, 0, 0]","{'n_estimators': 200, 'max_features': 'sqrt', 'max_depth': 500, 'min_samples_split': 10, 'min_samples_leaf': 1, 'bootstrap': True}",COMPLETE
643,0.0,2024-07-08 12:39:13.363955,2024-07-08 12:39:55.220042,0 days 00:00:41.856087,RandomForestClassifier,Normalize_L1_1,,"[1, 1, 0, 0, 0, 0, 1, 0, 1, 0, 0, 1, 0, 0, 0, 0, 1, 1, 0, 0, 0, 0, 0, 0, 1, 1, 1, 0, 1, 0, 1, 0, 0, 0, 1, 0, 1, 0, 0, 0, 1, 0, 1, 1, 0, 0, 0, 1, 0]","{'n_estimators': 200, 'max_features': 'auto', 'max_depth': 50, 'min_samples_split': 100, 'min_samples_leaf': 100, 'bootstrap': False}",COMPLETE
644,0.7870967739396462,2024-07-08 12:39:13.930997,2024-07-08 12:39:58.568043,0 days 00:00:44.637046,RandomForestClassifier,Normalize_L1_1,,"[0, 1, 1, 1, 0, 1, 0, 1, 0, 0, 0, 0, 0, 0, 0, 1, 1, 1, 0, 0, 0, 0, 0, 0, 0, 0, 1, 1, 1, 1, 0, 1, 0, 0, 0, 1, 1, 1, 1, 1, 0, 1, 1, 1, 0, 1, 1, 0, 1]","{'n_estimators': 500, 'max_features': 'sqrt', 'max_depth': 200, 'min_samples_split': 2, 'min_samples_leaf': 2, 'bootstrap': False}",COMPLETE
645,0.7806451610385015,2024-07-08 12:39:14.275954,2024-07-08 12:40:33.278121,0 days 00:01:19.002167,RandomForestClassifier,Normalize_L1_1,,"[1, 1, 0, 0, 1, 0, 0, 1, 0, 0, 1, 1, 0, 0, 1, 0, 0, 0, 1, 0, 1, 1, 0, 1, 1, 0, 1, 1, 0, 0, 0, 0, 0, 1, 1, 1, 1, 1, 1, 1, 1, 0, 0, 1, 1, 0, 1, 0, 1]","{'n_estimators': 1000, 'max_features': None, 'max_depth': 1000, 'min_samples_split': 2, 'min_samples_leaf': 2, 'bootstrap': False}",COMPLETE
646,0.7935483868407908,2024-07-08 12:39:16.864981,2024-07-08 12:40:30.640052,0 days 00:01:13.775071,RandomForestClassifier,Normalize_L1_1,,"[0, 1, 1, 0, 1, 0, 1, 1, 0, 1, 0, 0, 0, 1, 1, 1, 1, 0, 1, 1, 1, 1, 1, 0, 0, 0, 0, 1, 1, 1, 1, 0, 0, 0, 1, 0, 1, 0, 0, 1, 0, 1, 0, 1, 0, 0, 0, 0, 0]","{'n_estimators': 1000, 'max_features': None, 'max_depth': 10, 'min_samples_split': 10, 'min_samples_leaf': 2, 'bootstrap': False}",COMPLETE
647,0.7870967739396462,2024-07-08 12:39:18.096994,2024-07-08 12:39:53.315031,0 days 00:00:35.218037,RandomForestClassifier,Normalize_L1_1,,"[1, 1, 0, 0, 0, 1, 0, 0, 1, 1, 0, 1, 1, 1, 0, 1, 0, 1, 1, 0, 1, 1, 0, 1, 0, 0, 1, 1, 0, 0, 0, 0, 0, 0, 0, 1, 0, 1, 0, 1, 1, 0, 0, 0, 1, 0, 1, 1, 1]","{'n_estimators': 100, 'max_features': 'log2', 'max_depth': 200, 'min_samples_split': 50, 'min_samples_leaf': 1, 'bootstrap': True}",COMPLETE
648,0.38709677406867843,2024-07-08 12:39:19.170999,2024-07-08 12:39:59.351996,0 days 00:00:40.180997,RandomForestClassifier,Normalize_L1_1,ADASYN,"[1, 1, 1, 1, 0, 1, 1, 1, 0, 0, 0, 0, 0, 1, 1, 0, 0, 1, 1, 1, 0, 1, 1, 0, 1, 1, 1, 1, 0, 0, 0, 0, 1, 1, 0, 0, 0, 0, 0, 1, 0, 0, 1, 0, 0, 0, 1, 1, 0]","{'n_estimators': 500, 'max_features': 'sqrt', 'max_depth': 1000, 'min_samples_split': 2, 'min_samples_leaf': 10, 'bootstrap': False}",COMPLETE
649,0.7967741932913631,2024-07-08 12:39:19.812002,2024-07-08 12:40:13.439076,0 days 00:00:53.627074,RandomForestClassifier,Normalize_L1_1,,"[0, 0, 1, 1, 0, 0, 0, 1, 0, 1, 0, 0, 0, 0, 0, 1, 0, 1, 0, 1, 1, 0, 1, 1, 0, 1, 0, 0, 0, 0, 1, 0, 0, 1, 1, 1, 0, 1, 1, 0, 1, 1, 0, 1, 0, 1, 0, 0, 0]","{'n_estimators': 500, 'max_features': 'log2', 'max_depth': 50, 'min_samples_split': 100, 'min_samples_leaf': 5, 'bootstrap': False}",COMPLETE
650,0.7967741932913631,2024-07-08 12:39:20.530984,2024-07-08 12:39:49.919043,0 days 00:00:29.388059,RandomForestClassifier,Normalize_L1_1,,"[1, 0, 0, 0, 1, 1, 1, 0, 1, 0, 0, 0, 0, 1, 0, 1, 1, 1, 0, 1, 1, 1, 1, 1, 1, 1, 1, 1, 1, 1, 1, 0, 1, 0, 0, 1, 1, 1, 1, 1, 1, 0, 0, 1, 1, 0, 1, 0, 0]","{'n_estimators': 500, 'max_features': 'sqrt', 'max_depth': None, 'min_samples_split': 50, 'min_samples_leaf': 10, 'bootstrap': True}",COMPLETE
651,0.7935483868407908,2024-07-08 12:39:22.617997,2024-07-08 12:39:53.375028,0 days 00:00:30.757031,RandomForestClassifier,Normalize_L1_1,,"[0, 1, 0, 1, 0, 1, 0, 0, 1, 0, 0, 0, 0, 1, 1, 0, 1, 1, 1, 1, 0, 1, 0, 0, 1, 1, 1, 1, 0, 0, 1, 0, 1, 0, 0, 1, 0, 1, 1, 0, 0, 1, 0, 0, 1, 0, 0, 1, 1]","{'n_estimators': 500, 'max_features': 'log2', 'max_depth': None, 'min_samples_split': 100, 'min_samples_leaf': 50, 'bootstrap': True}",COMPLETE
652,0.7838709674890738,2024-07-08 12:39:27.020042,2024-07-08 12:39:54.915042,0 days 00:00:27.895000,RandomForestClassifier,Normalize_L1_1,,"[0, 0, 0, 1, 1, 1, 1, 0, 0, 1, 1, 1, 0, 0, 1, 1, 0, 1, 1, 1, 1, 0, 1, 0, 1, 0, 0, 1, 0, 0, 1, 1, 0, 0, 1, 1, 0, 0, 1, 1, 1, 1, 0, 1, 1, 0, 1, 1, 1]","{'n_estimators': 200, 'max_features': 'log2', 'max_depth': 10, 'min_samples_split': 10, 'min_samples_leaf': 1, 'bootstrap': True}",COMPLETE
653,0.7967741932913631,2024-07-08 12:39:28.730042,2024-07-08 12:39:52.394032,0 days 00:00:23.663990,RandomForestClassifier,Normalize_L1_1,,"[0, 0, 1, 0, 1, 0, 1, 0, 1, 0, 0, 0, 0, 1, 0, 0, 0, 0, 1, 0, 0, 0, 1, 1, 0, 0, 1, 0, 1, 0, 1, 1, 0, 1, 1, 1, 0, 1, 0, 0, 0, 0, 1, 1, 0, 1, 0, 1, 1]","{'n_estimators': 200, 'max_features': None, 'max_depth': 1000, 'min_samples_split': 10, 'min_samples_leaf': 10, 'bootstrap': False}",COMPLETE
654,0.0,2024-07-08 12:39:29.583999,2024-07-08 12:39:51.776029,0 days 00:00:22.192030,RandomForestClassifier,Normalize_L1_1,,"[0, 0, 0, 0, 0, 1, 0, 0, 0, 1, 1, 0, 0, 0, 1, 0, 0, 1, 0, 1, 1, 1, 0, 1, 1, 1, 1, 0, 1, 1, 0, 0, 0, 0, 0, 1, 1, 0, 1, 0, 0, 0, 0, 0, 1, 0, 0, 0, 1]","{'n_estimators': 200, 'max_features': 'auto', 'max_depth': 1000, 'min_samples_split': 10, 'min_samples_leaf': 10, 'bootstrap': True}",COMPLETE
655,0.7935483868407908,2024-07-08 12:39:30.060027,2024-07-08 12:39:55.647028,0 days 00:00:25.587001,RandomForestClassifier,Normalize_L1_1,,"[1, 1, 1, 0, 1, 1, 0, 0, 0, 0, 0, 1, 0, 1, 0, 1, 1, 0, 0, 0, 1, 0, 1, 1, 1, 0, 1, 0, 1, 1, 1, 1, 1, 0, 1, 0, 1, 0, 1, 1, 0, 1, 1, 0, 0, 1, 0, 1, 0]","{'n_estimators': 1000, 'max_features': 'sqrt', 'max_depth': 50, 'min_samples_split': 5, 'min_samples_leaf': 50, 'bootstrap': False}",COMPLETE
656,0.0,2024-07-08 12:39:30.874042,2024-07-08 12:40:01.255028,0 days 00:00:30.380986,RandomForestClassifier,Normalize_L1_1,ADASYN,"[0, 0, 0, 1, 0, 1, 0, 1, 1, 0, 0, 1, 0, 0, 1, 0, 0, 1, 1, 1, 1, 0, 0, 0, 1, 1, 1, 1, 1, 0, 1, 1, 1, 1, 0, 1, 1, 0, 1, 0, 0, 0, 1, 0, 1, 0, 1, 0, 1]","{'n_estimators': 50, 'max_features': 'auto', 'max_depth': None, 'min_samples_split': 200, 'min_samples_leaf': 1, 'bootstrap': True}",COMPLETE
657,0.4096774192226847,2024-07-08 12:39:31.340044,2024-07-08 12:40:01.726053,0 days 00:00:30.386009,RandomForestClassifier,Normalize_L1_1,SMOTE,"[1, 1, 1, 0, 0, 0, 1, 0, 1, 0, 1, 0, 1, 1, 0, 1, 1, 1, 0, 1, 1, 1, 0, 1, 1, 1, 1, 1, 1, 1, 0, 1, 0, 0, 0, 0, 1, 1, 1, 0, 0, 1, 1, 0, 1, 0, 0, 1, 0]","{'n_estimators': 100, 'max_features': 'log2', 'max_depth': None, 'min_samples_split': 10, 'min_samples_leaf': 2, 'bootstrap': False}",COMPLETE
658,0.0,2024-07-08 12:39:31.625026,2024-07-08 12:40:01.131041,0 days 00:00:29.506015,RandomForestClassifier,Normalize_L1_1,,"[0, 0, 1, 0, 0, 0, 0, 0, 0, 1, 0, 0, 0, 0, 0, 1, 0, 1, 1, 0, 1, 1, 0, 1, 0, 1, 0, 1, 0, 0, 1, 0, 0, 0, 1, 0, 0, 0, 0, 1, 1, 0, 0, 0, 1, 1, 0, 1, 0]","{'n_estimators': 500, 'max_features': 'auto', 'max_depth': 50, 'min_samples_split': 5, 'min_samples_leaf': 100, 'bootstrap': False}",COMPLETE
659,0.4161290321238293,2024-07-08 12:39:31.839999,2024-07-08 12:40:59.219125,0 days 00:01:27.379126,RandomForestClassifier,Normalize_L1_1,ADASYN,"[1, 1, 1, 1, 1, 0, 0, 0, 1, 0, 0, 0, 1, 1, 1, 1, 0, 1, 1, 0, 0, 1, 0, 1, 0, 1, 0, 1, 0, 0, 1, 0, 0, 1, 1, 0, 0, 1, 0, 1, 1, 1, 1, 0, 0, 0, 1, 0, 0]","{'n_estimators': 500, 'max_features': None, 'max_depth': 50, 'min_samples_split': 200, 'min_samples_leaf': 10, 'bootstrap': False}",COMPLETE
660,0.0,2024-07-08 12:39:32.243043,2024-07-08 12:39:57.497029,0 days 00:00:25.253986,RandomForestClassifier,Normalize_L1_1,ADASYN,"[1, 1, 0, 1, 0, 1, 0, 1, 1, 0, 0, 1, 1, 0, 1, 1, 1, 0, 1, 0, 1, 1, 1, 0, 0, 1, 1, 0, 1, 1, 0, 1, 1, 0, 1, 0, 1, 1, 1, 1, 1, 0, 0, 1, 1, 1, 0, 0, 0]","{'n_estimators': 200, 'max_features': 'auto', 'max_depth': None, 'min_samples_split': 10, 'min_samples_leaf': 1, 'bootstrap': False}",COMPLETE
