number,value,datetime_start,datetime_complete,duration,params_model,params_normTechnique,params_sampleTechnique,user_attrs_binIndices,user_attrs_hyperparams,state
2269,0.7709677416867845,2024-07-08 13:05:42.582651,2024-07-08 13:06:51.628446,0 days 00:01:09.045795,BaggingClassifier,Normalize_L1_1,,"[0, 0, 1, 0, 0, 0, 0, 1, 1, 0, 0, 0, 1, 0, 1, 0, 1, 1, 1, 0, 1, 0, 1, 1, 0, 1, 0, 0, 0, 1, 1, 1, 1, 0, 1, 0, 1, 1, 1, 0, 1, 0, 1, 1, 0, 0, 0, 1, 1]","{'n_estimators': 10, 'max_samples': 1.0, 'max_features': 1.0, 'bootstrap': True, 'bootstrap_features': True}",COMPLETE
2270,0.7645161287856399,2024-07-08 13:05:43.152608,2024-07-08 13:06:27.337473,0 days 00:00:44.184865,BaggingClassifier,Normalize_L1_1,,"[0, 0, 1, 1, 0, 1, 0, 1, 1, 1, 1, 1, 1, 1, 1, 1, 0, 1, 0, 1, 1, 1, 0, 1, 1, 1, 1, 1, 0, 1, 0, 1, 0, 1, 1, 1, 0, 1, 0, 1, 0, 1, 1, 1, 0, 0, 0, 1, 1]","{'n_estimators': 200, 'max_samples': 1.0, 'max_features': 0.1, 'bootstrap': True, 'bootstrap_features': False}",COMPLETE
2271,0.4483870966295525,2024-07-08 13:05:44.301638,2024-07-08 13:06:44.624444,0 days 00:01:00.322806,BaggingClassifier,Normalize_L1_1,NearMiss,"[1, 1, 1, 1, 1, 1, 1, 1, 1, 0, 0, 1, 0, 0, 0, 0, 0, 0, 1, 1, 1, 1, 1, 0, 0, 1, 1, 1, 1, 0, 0, 1, 1, 1, 1, 0, 1, 1, 1, 1, 0, 0, 1, 1, 0, 1, 1, 1, 0]","{'n_estimators': 500, 'max_samples': 0.5, 'max_features': 1.0, 'bootstrap': True, 'bootstrap_features': False}",COMPLETE
2272,0.4645161288824141,2024-07-08 13:05:45.831607,2024-07-08 13:06:40.074470,0 days 00:00:54.242863,BaggingClassifier,Normalize_L1_1,NearMiss,"[0, 0, 0, 0, 0, 0, 1, 1, 0, 1, 1, 1, 1, 1, 0, 0, 1, 1, 1, 1, 0, 0, 1, 0, 1, 0, 0, 1, 1, 1, 0, 0, 1, 0, 1, 0, 1, 1, 0, 0, 1, 1, 0, 1, 1, 0, 1, 0, 0]","{'n_estimators': 50, 'max_samples': 1.0, 'max_features': 1.0, 'bootstrap': False, 'bootstrap_features': True}",COMPLETE
2273,0.6129032256087409,2024-07-08 13:05:46.987654,2024-07-08 13:06:49.718470,0 days 00:01:02.730816,BaggingClassifier,Normalize_L1_1,SMOTEENN,"[1, 0, 1, 0, 1, 0, 0, 0, 1, 1, 1, 1, 1, 0, 1, 0, 1, 0, 1, 1, 1, 1, 0, 1, 0, 0, 0, 0, 1, 0, 1, 0, 0, 0, 1, 0, 1, 0, 0, 0, 1, 0, 0, 1, 1, 1, 0, 0, 0]","{'n_estimators': 50, 'max_samples': 0.1, 'max_features': 0.1, 'bootstrap': True, 'bootstrap_features': True}",COMPLETE
2274,0.7967741932913631,2024-07-08 13:05:47.471650,2024-07-08 13:06:49.980447,0 days 00:01:02.508797,BaggingClassifier,Normalize_L1_1,,"[0, 1, 0, 1, 1, 0, 1, 1, 0, 0, 1, 1, 1, 0, 1, 1, 0, 1, 0, 1, 0, 1, 0, 1, 1, 1, 1, 0, 1, 0, 1, 0, 0, 0, 0, 0, 0, 0, 0, 0, 0, 0, 1, 1, 1, 0, 0, 0, 1]","{'n_estimators': 1000, 'max_samples': 0.1, 'max_features': 1.0, 'bootstrap': True, 'bootstrap_features': False}",COMPLETE
2275,0.7935483868407908,2024-07-08 13:05:47.894603,2024-07-08 13:06:51.111448,0 days 00:01:03.216845,BaggingClassifier,RobustScaler,,"[0, 0, 0, 0, 0, 0, 0, 0, 1, 0, 0, 1, 1, 0, 1, 1, 1, 1, 0, 1, 0, 1, 1, 1, 1, 0, 1, 0, 0, 1, 1, 1, 0, 1, 1, 1, 0, 1, 0, 1, 0, 1, 0, 0, 1, 1, 0, 1, 1]","{'n_estimators': 200, 'max_samples': 0.1, 'max_features': 0.1, 'bootstrap': False, 'bootstrap_features': False}",COMPLETE
2276,0.8064516126430801,2024-07-08 13:05:48.929675,2024-07-08 13:06:54.352447,0 days 00:01:05.422772,BaggingClassifier,Normalize_L1_1,,"[1, 0, 0, 1, 0, 0, 0, 0, 1, 0, 1, 1, 0, 1, 1, 0, 1, 1, 0, 1, 1, 1, 0, 0, 1, 0, 0, 0, 1, 0, 1, 1, 0, 0, 0, 1, 0, 0, 0, 1, 0, 1, 1, 1, 1, 1, 1, 1, 1]","{'n_estimators': 500, 'max_samples': 0.1, 'max_features': 0.5, 'bootstrap': False, 'bootstrap_features': False}",COMPLETE
2277,0.6225806449604578,2024-07-08 13:05:49.606603,2024-07-08 13:06:53.868442,0 days 00:01:04.261839,XGBClassifier,Normalize_L1_1,ADASYN,"[0, 0, 1, 1, 1, 1, 1, 0, 0, 1, 0, 0, 1, 1, 0, 1, 0, 0, 1, 1, 1, 0, 1, 0, 1, 1, 0, 0, 1, 0, 1, 0, 1, 1, 0, 1, 1, 0, 1, 1, 1, 1, 1, 0, 0, 0, 0, 1, 0]","{'n_estimators': 100, 'learning_rate': 1.0, 'max_depth': 9, 'min_child_weight': 3, 'subsample': 1.0, 'colsample_bytree': 0.5, 'gamma': 0.5, 'reg_alpha': 1.0, 'reg_lambda': 0.1}",COMPLETE
2278,0.43548387082726325,2024-07-08 13:05:55.228656,2024-07-08 13:06:45.524451,0 days 00:00:50.295795,BaggingClassifier,RobustScaler,NearMiss,"[0, 0, 1, 0, 1, 0, 0, 0, 1, 0, 1, 1, 0, 0, 1, 1, 1, 0, 0, 0, 1, 0, 0, 0, 0, 1, 0, 0, 1, 0, 1, 1, 0, 0, 1, 1, 1, 1, 1, 0, 0, 0, 1, 0, 0, 0, 0, 0, 1]","{'n_estimators': 100, 'max_samples': 0.1, 'max_features': 0.1, 'bootstrap': True, 'bootstrap_features': False}",COMPLETE
2279,0.5709677417513007,2024-07-08 13:06:11.419634,2024-07-08 13:07:09.505493,0 days 00:00:58.085859,XGBClassifier,Normalize_Max_0,ADASYN,"[0, 0, 1, 1, 1, 0, 0, 0, 0, 1, 1, 0, 1, 0, 1, 1, 0, 1, 0, 1, 1, 1, 0, 0, 0, 1, 0, 1, 0, 0, 1, 1, 0, 1, 0, 1, 0, 1, 0, 0, 1, 1, 0, 0, 0, 1, 0, 1, 1]","{'n_estimators': 200, 'learning_rate': 0.5, 'max_depth': 3, 'min_child_weight': 5, 'subsample': 0.7, 'colsample_bytree': 1.0, 'gamma': 0.1, 'reg_alpha': 1.0, 'reg_lambda': 1.0}",COMPLETE
2280,0.49999999983870963,2024-07-08 13:06:13.798626,2024-07-08 13:06:45.080445,0 days 00:00:31.281819,BaggingClassifier,Normalize_L1_1,SMOTEENN,"[1, 0, 1, 0, 0, 0, 0, 0, 0, 0, 1, 1, 1, 1, 0, 0, 1, 1, 0, 1, 0, 1, 0, 1, 1, 1, 0, 1, 0, 0, 0, 1, 0, 1, 1, 1, 0, 1, 0, 0, 1, 1, 1, 0, 1, 0, 0, 0, 1]","{'n_estimators': 100, 'max_samples': 1.0, 'max_features': 0.1, 'bootstrap': True, 'bootstrap_features': False}",COMPLETE
2281,0.6612903223673257,2024-07-08 13:06:16.432634,2024-07-08 13:06:52.040445,0 days 00:00:35.607811,BaggingClassifier,Normalize_Max_0,,"[0, 1, 0, 0, 1, 0, 0, 0, 1, 0, 0, 0, 1, 0, 1, 0, 1, 1, 0, 0, 1, 0, 0, 1, 1, 0, 0, 0, 0, 1, 0, 1, 0, 0, 0, 0, 0, 1, 1, 1, 1, 0, 1, 0, 0, 0, 0, 1, 0]","{'n_estimators': 50, 'max_samples': 1.0, 'max_features': 0.1, 'bootstrap': False, 'bootstrap_features': False}",COMPLETE
2282,0.4258064514755463,2024-07-08 13:06:17.582631,2024-07-08 13:06:45.084446,0 days 00:00:27.501815,BaggingClassifier,Normalize_L1_1,NearMiss,"[1, 0, 0, 1, 1, 1, 1, 0, 0, 1, 1, 1, 1, 1, 0, 0, 1, 1, 0, 0, 0, 0, 0, 1, 1, 0, 1, 0, 1, 0, 0, 0, 1, 1, 1, 1, 1, 1, 0, 0, 0, 1, 0, 1, 0, 0, 0, 0, 1]","{'n_estimators': 10, 'max_samples': 0.1, 'max_features': 0.5, 'bootstrap': True, 'bootstrap_features': False}",COMPLETE
2283,0.4161290321238293,2024-07-08 13:06:19.970486,2024-07-08 13:06:47.399485,0 days 00:00:27.428999,BaggingClassifier,Normalize_L1_1,NearMiss,"[0, 0, 1, 1, 0, 0, 1, 0, 0, 1, 1, 0, 1, 0, 0, 1, 0, 0, 1, 0, 0, 1, 0, 0, 1, 0, 0, 0, 1, 0, 0, 0, 1, 0, 1, 1, 1, 1, 0, 0, 1, 1, 0, 0, 0, 0, 1, 1, 0]","{'n_estimators': 500, 'max_samples': 0.1, 'max_features': 0.1, 'bootstrap': False, 'bootstrap_features': False}",COMPLETE
2284,0.7645161287856399,2024-07-08 13:06:20.904452,2024-07-08 13:06:53.177453,0 days 00:00:32.273001,BaggingClassifier,RobustScaler,,"[0, 0, 1, 1, 1, 0, 0, 1, 1, 1, 0, 1, 0, 0, 1, 0, 1, 1, 1, 1, 1, 1, 1, 0, 0, 0, 1, 1, 0, 0, 0, 1, 1, 0, 1, 1, 1, 1, 0, 0, 1, 1, 1, 1, 1, 0, 1, 1, 0]","{'n_estimators': 50, 'max_samples': 0.1, 'max_features': 1.0, 'bootstrap': False, 'bootstrap_features': False}",COMPLETE
2285,0.7709677416867845,2024-07-08 13:06:20.912444,2024-07-08 13:06:52.912445,0 days 00:00:32.000001,DecisionTreeClassifier,Normalize_L1_1,,"[1, 1, 1, 0, 0, 1, 1, 0, 1, 0, 0, 0, 1, 0, 1, 0, 1, 0, 1, 0, 0, 1, 1, 1, 0, 1, 0, 1, 1, 1, 1, 0, 1, 1, 1, 0, 1, 0, 0, 0, 0, 1, 0, 1, 1, 0, 1, 0, 1]","{'max_depth': 10, 'min_samples_split': 2, 'min_samples_leaf': 10, 'max_features': None, 'splitter': 'random'}",COMPLETE
2286,0.7935483868407908,2024-07-08 13:06:22.564456,2024-07-08 13:06:50.520446,0 days 00:00:27.955990,DecisionTreeClassifier,Normalize_L1_1,,"[1, 1, 1, 1, 0, 1, 1, 1, 1, 0, 1, 1, 1, 0, 1, 1, 1, 1, 0, 1, 1, 1, 1, 0, 0, 0, 0, 1, 1, 0, 0, 1, 0, 0, 0, 0, 0, 0, 0, 1, 1, 0, 1, 1, 0, 0, 0, 0, 0]","{'max_depth': 100, 'min_samples_split': 100, 'min_samples_leaf': 100, 'max_features': None, 'splitter': 'best'}",COMPLETE
2287,0.5451612901467221,2024-07-08 13:06:23.170441,2024-07-08 13:06:48.633452,0 days 00:00:25.463011,BaggingClassifier,RobustScaler,SMOTEENN,"[0, 1, 1, 0, 0, 1, 1, 1, 0, 0, 1, 1, 1, 1, 1, 0, 0, 0, 1, 1, 1, 1, 0, 1, 0, 0, 0, 1, 0, 0, 1, 1, 0, 0, 1, 0, 1, 0, 1, 0, 1, 1, 0, 0, 1, 1, 1, 0, 0]","{'n_estimators': 100, 'max_samples': 0.5, 'max_features': 0.1, 'bootstrap': True, 'bootstrap_features': False}",COMPLETE
2288,0.0,2024-07-08 13:06:24.853471,2024-07-08 13:06:51.281446,0 days 00:00:26.427975,DecisionTreeClassifier,Normalize_L1_1,,"[1, 1, 0, 0, 0, 1, 1, 0, 1, 0, 1, 0, 1, 0, 1, 1, 1, 1, 0, 0, 0, 0, 0, 1, 1, 1, 0, 1, 0, 0, 1, 0, 0, 1, 0, 0, 1, 1, 0, 1, 1, 1, 0, 0, 0, 1, 0, 1, 1]","{'max_depth': 100, 'min_samples_split': 100, 'min_samples_leaf': 10, 'max_features': 'auto', 'splitter': 'best'}",COMPLETE
2289,0.7870967739396462,2024-07-08 13:06:25.799474,2024-07-08 13:06:50.803448,0 days 00:00:25.003974,BaggingClassifier,Normalize_L1_1,,"[0, 0, 1, 1, 0, 1, 0, 0, 1, 0, 1, 0, 0, 0, 1, 1, 0, 1, 0, 0, 1, 0, 0, 1, 0, 1, 0, 0, 1, 0, 0, 1, 0, 0, 0, 1, 0, 1, 0, 1, 1, 0, 0, 0, 1, 0, 1, 0, 0]","{'n_estimators': 50, 'max_samples': 0.5, 'max_features': 1.0, 'bootstrap': True, 'bootstrap_features': True}",COMPLETE
2290,0.0,2024-07-08 13:06:26.405441,2024-07-08 13:06:52.198444,0 days 00:00:25.793003,DecisionTreeClassifier,Normalize_Max_0,,"[0, 0, 0, 0, 0, 0, 0, 1, 1, 1, 0, 0, 0, 0, 0, 1, 0, 1, 0, 1, 1, 1, 1, 1, 0, 1, 1, 1, 1, 0, 0, 1, 1, 0, 1, 0, 0, 0, 1, 0, 1, 0, 0, 0, 0, 1, 1, 0, 0]","{'max_depth': None, 'min_samples_split': 100, 'min_samples_leaf': 5, 'max_features': 'auto', 'splitter': 'best'}",COMPLETE
2291,0.7935483868407908,2024-07-08 13:06:26.746445,2024-07-08 13:06:57.451488,0 days 00:00:30.705043,DecisionTreeClassifier,Normalize_Max_0,,"[1, 0, 0, 1, 0, 0, 1, 0, 1, 1, 0, 0, 1, 0, 0, 1, 1, 0, 0, 1, 0, 1, 1, 1, 1, 1, 0, 0, 1, 0, 1, 0, 1, 1, 0, 0, 0, 1, 0, 0, 1, 0, 0, 1, 1, 1, 0, 1, 0]","{'max_depth': 10, 'min_samples_split': 100, 'min_samples_leaf': 1, 'max_features': None, 'splitter': 'random'}",COMPLETE
2292,0.7774193545879292,2024-07-08 13:06:27.111475,2024-07-08 13:06:55.259443,0 days 00:00:28.147968,BaggingClassifier,Normalize_Max_0,,"[1, 1, 1, 0, 1, 0, 1, 0, 1, 0, 0, 1, 0, 0, 1, 0, 1, 0, 1, 1, 1, 1, 1, 0, 0, 0, 0, 0, 1, 0, 1, 0, 0, 0, 1, 0, 0, 1, 1, 0, 0, 1, 0, 0, 0, 0, 1, 0, 0]","{'n_estimators': 50, 'max_samples': 0.1, 'max_features': 0.1, 'bootstrap': False, 'bootstrap_features': True}",COMPLETE
2293,0.7806451610385015,2024-07-08 13:06:28.001448,2024-07-08 13:07:02.419443,0 days 00:00:34.417995,XGBClassifier,Normalize_L1_1,,"[1, 1, 1, 0, 0, 0, 0, 1, 0, 1, 1, 1, 1, 0, 1, 1, 0, 0, 0, 0, 1, 0, 0, 0, 1, 0, 1, 1, 0, 1, 1, 0, 0, 0, 0, 1, 0, 0, 0, 1, 1, 0, 1, 1, 1, 1, 1, 1, 0]","{'n_estimators': 500, 'learning_rate': 0.01, 'max_depth': 3, 'min_child_weight': 1, 'subsample': 0.5, 'colsample_bytree': 0.7, 'gamma': 0.5, 'reg_alpha': 1.0, 'reg_lambda': 1.0}",COMPLETE
2294,0.7935483868407908,2024-07-08 13:06:28.361442,2024-07-08 13:06:50.758450,0 days 00:00:22.397008,DecisionTreeClassifier,Normalize_L1_1,,"[1, 1, 0, 0, 1, 1, 1, 0, 0, 1, 1, 0, 0, 1, 1, 1, 1, 0, 0, 0, 0, 0, 1, 0, 0, 1, 0, 0, 0, 1, 1, 0, 1, 0, 0, 1, 0, 1, 0, 0, 1, 1, 0, 1, 0, 0, 1, 1, 0]","{'max_depth': 10, 'min_samples_split': 2, 'min_samples_leaf': 50, 'max_features': None, 'splitter': 'best'}",COMPLETE
2295,0.7935483868407908,2024-07-08 13:06:32.738470,2024-07-08 13:06:51.027444,0 days 00:00:18.288974,DecisionTreeClassifier,Normalize_L1_1,,"[0, 0, 1, 0, 1, 0, 1, 1, 1, 0, 0, 0, 0, 1, 1, 0, 0, 0, 1, 0, 1, 1, 0, 1, 0, 1, 0, 0, 0, 0, 1, 0, 1, 1, 1, 1, 1, 0, 1, 1, 0, 0, 1, 0, 0, 1, 0, 1, 0]","{'max_depth': 1000, 'min_samples_split': 100, 'min_samples_leaf': 10, 'max_features': 'log2', 'splitter': 'best'}",COMPLETE
2296,0.2064516128366285,2024-07-08 13:06:35.982449,2024-07-08 13:06:55.224444,0 days 00:00:19.241995,XGBClassifier,Normalize_L1_1,ADASYN,"[1, 0, 0, 0, 0, 1, 0, 0, 1, 0, 1, 0, 0, 1, 0, 1, 0, 0, 1, 1, 0, 1, 1, 0, 1, 0, 1, 0, 1, 1, 0, 1, 1, 0, 0, 1, 1, 0, 0, 0, 1, 0, 1, 1, 0, 0, 0, 1, 1]","{'n_estimators': 100, 'learning_rate': 10.0, 'max_depth': 7, 'min_child_weight': 3, 'subsample': 0.5, 'colsample_bytree': 1.0, 'gamma': 0.0, 'reg_alpha': 0.0, 'reg_lambda': 0.1}",COMPLETE
2297,0.6999999997741935,2024-07-08 13:06:41.532460,2024-07-08 13:06:58.836444,0 days 00:00:17.303984,KNeighborsClassifier,Normalize_L1_1,,"[1, 0, 1, 0, 1, 1, 0, 1, 0, 1, 0, 1, 0, 0, 1, 0, 0, 1, 1, 1, 1, 0, 0, 0, 0, 0, 0, 1, 1, 1, 0, 1, 0, 1, 0, 1, 0, 0, 0, 1, 0, 0, 0, 1, 1, 0, 0, 0, 0]","{'n_neighbors': 3, 'weights': 'distance', 'algorithm': 'kd_tree', 'leaf_size': 20, 'p': 1, 'metric': 'minkowski'}",COMPLETE
2298,0.5483870965972945,2024-07-08 13:06:42.767493,2024-07-08 13:06:56.183449,0 days 00:00:13.415956,XGBClassifier,Normalize_Max_0,,"[0, 0, 1, 0, 1, 0, 0, 1, 1, 0, 1, 0, 0, 1, 0, 1, 1, 0, 0, 1, 0, 1, 1, 1, 0, 0, 0, 0, 0, 1, 0, 0, 0, 0, 1, 1, 0, 1, 1, 1, 0, 1, 0, 0, 1, 1, 0, 1, 1]","{'n_estimators': 1000, 'learning_rate': 10.0, 'max_depth': 9, 'min_child_weight': 5, 'subsample': 0.5, 'colsample_bytree': 0.5, 'gamma': 0.0, 'reg_alpha': 1.0, 'reg_lambda': 1.0}",COMPLETE
2299,0.6096774191581685,2024-07-08 13:06:43.904461,2024-07-08 13:06:57.548471,0 days 00:00:13.644010,XGBClassifier,Normalize_Max_1,ADASYN,"[1, 0, 0, 0, 0, 0, 0, 1, 0, 1, 0, 0, 1, 0, 0, 0, 1, 1, 1, 1, 1, 0, 1, 1, 1, 1, 0, 0, 0, 1, 0, 0, 1, 1, 0, 0, 0, 0, 0, 1, 1, 0, 1, 0, 1, 0, 1, 1, 0]","{'n_estimators': 100, 'learning_rate': 0.1, 'max_depth': 3, 'min_child_weight': 5, 'subsample': 0.7, 'colsample_bytree': 1.0, 'gamma': 0.0, 'reg_alpha': 1.0, 'reg_lambda': 1.0}",COMPLETE
2300,0.7935483868407908,2024-07-08 13:06:44.924474,2024-07-08 13:07:32.603471,0 days 00:00:47.678997,BaggingClassifier,Normalize_L1_1,,"[0, 0, 0, 1, 0, 1, 1, 0, 0, 1, 0, 0, 1, 0, 1, 0, 0, 0, 0, 1, 0, 1, 0, 0, 1, 1, 1, 1, 1, 1, 1, 0, 1, 1, 1, 0, 0, 1, 0, 1, 1, 1, 1, 1, 0, 0, 1, 1, 1]","{'n_estimators': 200, 'max_samples': 0.1, 'max_features': 0.5, 'bootstrap': True, 'bootstrap_features': False}",COMPLETE
2301,0.7935483868407908,2024-07-08 13:06:45.277446,2024-07-08 13:07:32.814500,0 days 00:00:47.537054,BaggingClassifier,Normalize_L1_1,,"[1, 1, 1, 0, 0, 1, 0, 1, 0, 1, 0, 1, 0, 0, 1, 1, 1, 1, 1, 0, 1, 0, 1, 0, 1, 0, 0, 1, 1, 1, 1, 0, 0, 1, 0, 1, 1, 0, 1, 0, 1, 1, 1, 1, 1, 1, 1, 1, 0]","{'n_estimators': 50, 'max_samples': 0.1, 'max_features': 1.0, 'bootstrap': False, 'bootstrap_features': True}",COMPLETE
2302,0.6161290320593131,2024-07-08 13:06:45.377468,2024-07-08 13:06:55.609448,0 days 00:00:10.231980,XGBClassifier,Normalize_L1_1,ADASYN,"[1, 1, 1, 0, 0, 0, 1, 1, 1, 0, 0, 0, 0, 0, 0, 1, 0, 1, 1, 1, 0, 0, 0, 0, 0, 1, 0, 0, 0, 1, 1, 0, 1, 1, 0, 0, 1, 1, 0, 0, 1, 1, 0, 1, 1, 0, 0, 1, 0]","{'n_estimators': 10, 'learning_rate': 0.1, 'max_depth': 9, 'min_child_weight': 1, 'subsample': 1.0, 'colsample_bytree': 0.5, 'gamma': 1.0, 'reg_alpha': 0.0, 'reg_lambda': 1.0}",COMPLETE
2303,0.8064516126430801,2024-07-08 13:06:45.615445,2024-07-08 13:07:22.845454,0 days 00:00:37.230009,BaggingClassifier,Normalize_L1_1,,"[0, 1, 0, 1, 1, 1, 0, 1, 0, 0, 1, 0, 0, 1, 0, 1, 0, 1, 0, 0, 1, 0, 0, 1, 1, 1, 1, 0, 0, 1, 0, 1, 1, 0, 1, 1, 1, 0, 0, 0, 1, 1, 0, 0, 1, 1, 1, 1, 1]","{'n_estimators': 500, 'max_samples': 0.1, 'max_features': 0.1, 'bootstrap': False, 'bootstrap_features': False}",COMPLETE
2304,0.0,2024-07-08 13:06:46.391446,2024-07-08 13:06:58.078444,0 days 00:00:11.686998,MLPClassifier,,,,,COMPLETE
2305,0.40322580632154004,2024-07-08 13:06:46.607451,2024-07-08 13:06:56.188457,0 days 00:00:09.581006,XGBClassifier,Normalize_L1_1,ADASYN,"[0, 1, 0, 0, 1, 1, 1, 0, 0, 1, 1, 0, 0, 0, 1, 1, 0, 1, 0, 1, 0, 0, 1, 0, 1, 1, 1, 0, 1, 1, 1, 1, 1, 1, 0, 0, 1, 0, 1, 0, 1, 1, 0, 0, 1, 1, 0, 1, 1]","{'n_estimators': 50, 'learning_rate': 10.0, 'max_depth': 5, 'min_child_weight': 1, 'subsample': 0.7, 'colsample_bytree': 0.5, 'gamma': 1.0, 'reg_alpha': 0.1, 'reg_lambda': 1.0}",COMPLETE
2306,0.7741935481373569,2024-07-08 13:06:46.746487,2024-07-08 13:07:04.810442,0 days 00:00:18.063955,KNeighborsClassifier,Normalize_L1_1,,"[1, 1, 0, 0, 1, 0, 1, 1, 0, 0, 1, 0, 0, 0, 1, 1, 0, 0, 1, 1, 0, 1, 1, 0, 0, 0, 1, 1, 0, 0, 1, 1, 1, 1, 1, 1, 0, 0, 0, 0, 1, 1, 1, 0, 1, 1, 0, 1, 0]","{'n_neighbors': 10, 'weights': 'uniform', 'algorithm': 'kd_tree', 'leaf_size': 10, 'p': 2, 'metric': 'minkowski'}",COMPLETE
2307,0.5999999998064516,2024-07-08 13:06:47.302444,2024-07-08 13:07:05.039444,0 days 00:00:17.737000,XGBClassifier,Normalize_L1_1,ADASYN,"[0, 1, 0, 1, 1, 1, 1, 1, 0, 0, 1, 1, 1, 0, 0, 1, 1, 1, 0, 0, 0, 1, 0, 1, 0, 1, 0, 0, 1, 0, 0, 1, 0, 0, 0, 0, 1, 1, 1, 0, 0, 0, 1, 0, 1, 1, 0, 1, 0]","{'n_estimators': 200, 'learning_rate': 0.5, 'max_depth': 9, 'min_child_weight': 1, 'subsample': 1.0, 'colsample_bytree': 0.7, 'gamma': 0.0, 'reg_alpha': 0.0, 'reg_lambda': 0.1}",COMPLETE
2308,0.5354838707950051,2024-07-08 13:06:48.478454,2024-07-08 13:06:57.616485,0 days 00:00:09.138031,XGBClassifier,Normalize_L1_1,,"[0, 1, 1, 1, 1, 0, 1, 0, 0, 1, 1, 1, 1, 0, 0, 0, 1, 0, 0, 0, 1, 0, 0, 0, 0, 1, 1, 1, 1, 0, 0, 1, 0, 1, 0, 0, 1, 0, 0, 0, 1, 0, 1, 0, 1, 0, 0, 0, 1]","{'n_estimators': 100, 'learning_rate': 10.0, 'max_depth': 9, 'min_child_weight': 5, 'subsample': 1.0, 'colsample_bytree': 0.7, 'gamma': 0.1, 'reg_alpha': 0.1, 'reg_lambda': 0.0}",COMPLETE
2309,0.7645161287856399,2024-07-08 13:06:48.707486,2024-07-08 13:06:59.987456,0 days 00:00:11.279970,KNeighborsClassifier,Normalize_Max_1,,"[0, 0, 1, 0, 1, 1, 0, 0, 1, 1, 1, 1, 1, 1, 1, 1, 0, 1, 0, 0, 1, 1, 1, 1, 0, 0, 1, 0, 0, 1, 1, 0, 0, 1, 0, 1, 1, 1, 1, 0, 1, 1, 1, 1, 0, 0, 1, 0, 1]","{'n_neighbors': 20, 'weights': 'distance', 'algorithm': 'auto', 'leaf_size': 40, 'p': 2, 'metric': 'manhattan'}",COMPLETE
2310,0.0,2024-07-08 13:06:49.928454,2024-07-08 13:07:00.771451,0 days 00:00:10.842997,MLPClassifier,,,,,COMPLETE
2311,0.7999999997419355,2024-07-08 13:06:50.680448,2024-07-08 13:07:26.537447,0 days 00:00:35.856999,BaggingClassifier,Normalize_L1_1,,"[0, 1, 1, 0, 0, 0, 1, 1, 0, 0, 1, 1, 1, 1, 1, 1, 1, 1, 1, 1, 0, 1, 1, 0, 1, 1, 0, 0, 1, 1, 1, 1, 1, 0, 1, 1, 1, 0, 1, 0, 1, 0, 1, 0, 1, 1, 1, 1, 1]","{'n_estimators': 1000, 'max_samples': 0.1, 'max_features': 0.5, 'bootstrap': True, 'bootstrap_features': False}",COMPLETE
2312,0.7838709674890738,2024-07-08 13:06:50.934456,2024-07-08 13:06:59.373485,0 days 00:00:08.439029,KNeighborsClassifier,Normalize_Max_1,,"[1, 1, 1, 0, 0, 0, 1, 1, 0, 0, 0, 1, 0, 1, 0, 1, 1, 1, 0, 1, 0, 0, 0, 0, 1, 0, 1, 1, 0, 0, 1, 0, 1, 1, 1, 0, 1, 0, 1, 0, 1, 1, 0, 1, 1, 1, 1, 1, 0]","{'n_neighbors': 15, 'weights': 'uniform', 'algorithm': 'kd_tree', 'leaf_size': 50, 'p': 2, 'metric': 'manhattan'}",COMPLETE
2313,0.7096774191259104,2024-07-08 13:06:51.533445,2024-07-08 13:07:06.007443,0 days 00:00:14.473998,KNeighborsClassifier,Normalize_L1_1,,"[0, 0, 0, 0, 1, 1, 1, 1, 0, 0, 0, 1, 0, 0, 0, 0, 0, 1, 0, 0, 1, 0, 1, 0, 0, 0, 1, 0, 1, 1, 0, 0, 0, 0, 1, 1, 1, 1, 0, 0, 0, 0, 1, 0, 0, 0, 1, 1, 0]","{'n_neighbors': 3, 'weights': 'uniform', 'algorithm': 'ball_tree', 'leaf_size': 10, 'p': 1, 'metric': 'manhattan'}",COMPLETE
2314,0.0,2024-07-08 13:06:51.937451,2024-07-08 13:07:05.902443,0 days 00:00:13.964992,MLPClassifier,,,,,COMPLETE
2315,0.7612903223350675,2024-07-08 13:06:52.244442,2024-07-08 13:08:15.335473,0 days 00:01:23.091031,BaggingClassifier,Normalize_L1_1,,"[1, 0, 0, 1, 0, 1, 1, 0, 1, 0, 1, 0, 1, 0, 0, 1, 1, 1, 1, 0, 0, 1, 0, 1, 1, 0, 1, 0, 1, 1, 0, 0, 0, 0, 0, 1, 0, 0, 0, 0, 1, 0, 1, 1, 0, 1, 0, 0, 1]","{'n_estimators': 1000, 'max_samples': 1.0, 'max_features': 0.5, 'bootstrap': True, 'bootstrap_features': False}",COMPLETE
2316,0.7709677416867845,2024-07-08 13:06:52.614441,2024-07-08 13:07:30.065502,0 days 00:00:37.451061,BaggingClassifier,Normalize_L1_1,,"[1, 1, 1, 0, 0, 0, 0, 0, 0, 0, 0, 1, 1, 0, 1, 1, 0, 0, 0, 1, 1, 0, 0, 1, 0, 1, 0, 0, 1, 1, 1, 1, 0, 1, 1, 1, 0, 0, 0, 0, 0, 1, 0, 0, 0, 1, 0, 1, 0]","{'n_estimators': 500, 'max_samples': 0.5, 'max_features': 1.0, 'bootstrap': False, 'bootstrap_features': True}",COMPLETE
2317,0.7774193545879292,2024-07-08 13:06:53.461447,2024-07-08 13:07:31.305483,0 days 00:00:37.844036,BaggingClassifier,Normalize_L1_1,,"[1, 1, 0, 1, 1, 0, 1, 0, 0, 0, 1, 0, 0, 1, 1, 0, 1, 0, 0, 1, 0, 0, 1, 1, 0, 1, 1, 1, 1, 0, 0, 0, 0, 0, 1, 0, 1, 0, 1, 1, 1, 0, 1, 0, 0, 0, 1, 0, 1]","{'n_estimators': 100, 'max_samples': 0.5, 'max_features': 0.1, 'bootstrap': True, 'bootstrap_features': True}",COMPLETE
2318,0.7677419352362123,2024-07-08 13:06:54.141485,2024-07-08 13:07:22.982455,0 days 00:00:28.840970,BaggingClassifier,Normalize_L1_1,,"[0, 1, 1, 1, 1, 0, 0, 1, 0, 0, 1, 1, 1, 0, 1, 0, 1, 0, 0, 1, 1, 0, 1, 1, 0, 1, 0, 1, 1, 0, 0, 1, 0, 1, 0, 1, 0, 0, 1, 0, 0, 0, 0, 0, 1, 0, 1, 1, 0]","{'n_estimators': 200, 'max_samples': 0.5, 'max_features': 0.5, 'bootstrap': False, 'bootstrap_features': False}",COMPLETE
2319,0.7838709674890738,2024-07-08 13:06:54.135451,2024-07-08 13:08:18.215473,0 days 00:01:24.080022,BaggingClassifier,Normalize_L1_1,,"[0, 0, 1, 1, 1, 1, 0, 1, 1, 1, 0, 1, 0, 0, 1, 1, 1, 0, 0, 1, 0, 0, 1, 1, 1, 0, 0, 0, 1, 1, 1, 1, 1, 0, 0, 0, 0, 1, 0, 1, 0, 0, 1, 1, 1, 0, 1, 0, 1]","{'n_estimators': 50, 'max_samples': 0.1, 'max_features': 1.0, 'bootstrap': False, 'bootstrap_features': True}",COMPLETE
2320,0.7612903223350675,2024-07-08 13:06:54.303444,2024-07-08 13:07:29.987504,0 days 00:00:35.684060,BaggingClassifier,Normalize_L1_1,,"[0, 0, 1, 0, 0, 0, 1, 1, 0, 1, 0, 1, 1, 1, 0, 0, 0, 1, 1, 0, 0, 1, 1, 0, 1, 1, 0, 1, 0, 1, 1, 0, 0, 0, 0, 0, 0, 1, 0, 0, 1, 1, 0, 0, 0, 1, 1, 1, 0]","{'n_estimators': 100, 'max_samples': 1.0, 'max_features': 1.0, 'bootstrap': True, 'bootstrap_features': False}",COMPLETE
2321,0.7741935481373569,2024-07-08 13:06:54.939442,2024-07-08 13:07:32.609472,0 days 00:00:37.670030,BaggingClassifier,Normalize_L1_1,,"[0, 0, 0, 1, 1, 0, 1, 1, 0, 1, 1, 0, 1, 0, 1, 1, 1, 1, 1, 0, 1, 1, 0, 0, 0, 0, 1, 0, 1, 1, 0, 0, 1, 0, 1, 0, 1, 1, 0, 0, 0, 0, 1, 0, 0, 1, 0, 1, 0]","{'n_estimators': 500, 'max_samples': 0.5, 'max_features': 1.0, 'bootstrap': True, 'bootstrap_features': False}",COMPLETE
2322,0.0,2024-07-08 13:06:55.064472,2024-07-08 13:07:32.981487,0 days 00:00:37.917015,AdaBoostClassifier,Normalize_L1_1,KMeansSMOTE,,"{'n_estimators': 100, 'learning_rate': 10.0, 'algorithm': 'SAMME'}",COMPLETE
