number,value,datetime_start,datetime_complete,duration,params_model,params_normTechnique,params_sampleTechnique,user_attrs_binIndices,user_attrs_hyperparams,state
1619,0.6290322578616024,2024-07-08 12:54:21.988670,2024-07-08 12:54:39.954682,0 days 00:00:17.966012,BaggingClassifier,MaxAbsScaler,,"[1, 1, 1, 1, 1, 0, 1, 1, 0, 1, 0, 1, 1, 1, 1, 1, 1, 1, 1, 0, 0, 0, 1, 0, 1, 1, 1, 1, 1, 0, 0, 0, 0, 0, 1, 1, 1, 0, 0, 0, 0, 1, 0, 1, 1, 1, 1, 0, 1]","{'n_estimators': 100, 'max_samples': 1.0, 'max_features': 1.0, 'bootstrap': True, 'bootstrap_features': False}",COMPLETE
1620,0.0,2024-07-08 12:54:22.192670,2024-07-08 12:54:33.561680,0 days 00:00:11.369010,BaggingClassifier,MaxAbsScaler,KMeansSMOTE,,"{'n_estimators': 10, 'max_samples': 0.1, 'max_features': 0.5, 'bootstrap': True, 'bootstrap_features': True}",COMPLETE
1621,0.5096774191904266,2024-07-08 12:54:23.248668,2024-07-08 12:56:13.701199,0 days 00:01:50.452531,BaggingClassifier,MaxAbsScaler,SMOTETomek,"[1, 0, 0, 0, 1, 1, 0, 0, 1, 1, 1, 0, 0, 0, 1, 1, 0, 0, 0, 0, 1, 1, 1, 0, 1, 0, 1, 1, 1, 0, 1, 0, 1, 0, 1, 1, 1, 0, 0, 1, 0, 0, 1, 0, 1, 1, 1, 1, 1]","{'n_estimators': 1000, 'max_samples': 1.0, 'max_features': 1.0, 'bootstrap': False, 'bootstrap_features': False}",COMPLETE
1622,0.5419354836961499,2024-07-08 12:54:23.461669,2024-07-08 12:54:39.971683,0 days 00:00:16.510014,BaggingClassifier,MaxAbsScaler,SMOTETomek,"[0, 0, 0, 0, 0, 0, 0, 1, 0, 0, 0, 0, 0, 1, 1, 1, 1, 1, 1, 0, 0, 0, 0, 1, 1, 1, 1, 0, 0, 1, 0, 1, 1, 0, 1, 0, 0, 0, 1, 0, 0, 1, 0, 0, 0, 1, 1, 1, 1]","{'n_estimators': 10, 'max_samples': 1.0, 'max_features': 0.1, 'bootstrap': True, 'bootstrap_features': False}",COMPLETE
1623,0.0,2024-07-08 12:54:24.269669,2024-07-08 12:54:33.352680,0 days 00:00:09.083011,BaggingClassifier,RobustScaler,KMeansSMOTE,,"{'n_estimators': 10, 'max_samples': 0.1, 'max_features': 1.0, 'bootstrap': False, 'bootstrap_features': True}",COMPLETE
1624,0.7870967739396462,2024-07-08 12:54:25.017668,2024-07-08 12:54:40.839681,0 days 00:00:15.822013,BaggingClassifier,MaxAbsScaler,,"[1, 0, 0, 1, 0, 1, 1, 1, 0, 1, 0, 1, 0, 0, 1, 1, 0, 0, 0, 1, 1, 1, 0, 1, 0, 0, 0, 0, 0, 0, 0, 1, 0, 1, 1, 0, 0, 0, 1, 1, 1, 0, 0, 0, 1, 0, 1, 1, 1]","{'n_estimators': 50, 'max_samples': 0.1, 'max_features': 1.0, 'bootstrap': True, 'bootstrap_features': False}",COMPLETE
1625,0.0,2024-07-08 12:54:25.126701,2024-07-08 12:54:56.904229,0 days 00:00:31.777528,ExtraTreesClassifier,Normalize_L1_1,,"[1, 0, 1, 0, 1, 0, 0, 0, 1, 1, 0, 1, 0, 1, 0, 0, 0, 1, 0, 0, 0, 1, 1, 1, 1, 1, 0, 1, 0, 0, 0, 0, 0, 1, 1, 0, 0, 1, 1, 0, 0, 1, 0, 0, 1, 1, 0, 0, 0]","{'n_estimators': 2000, 'max_features': 'auto', 'max_depth': 200, 'min_samples_split': 200, 'min_samples_leaf': 100, 'bootstrap': True}",COMPLETE
1626,0.5806451611030177,2024-07-08 12:54:25.215717,2024-07-08 12:55:00.480197,0 days 00:00:35.264480,ExtraTreesClassifier,Normalize_L1_1,SMOTEENN,"[0, 0, 1, 0, 1, 1, 1, 0, 1, 0, 0, 0, 0, 1, 0, 1, 0, 0, 0, 1, 1, 0, 0, 1, 1, 0, 0, 1, 1, 0, 0, 1, 0, 1, 1, 1, 0, 0, 1, 0, 0, 0, 0, 0, 1, 1, 1, 1, 0]","{'n_estimators': 1000, 'max_features': None, 'max_depth': None, 'min_samples_split': 5, 'min_samples_leaf': 50, 'bootstrap': True}",COMPLETE
1627,0.7999999997419355,2024-07-08 12:54:25.421667,2024-07-08 12:54:45.447681,0 days 00:00:20.026014,BaggingClassifier,Normalize_L1_1,,"[1, 0, 0, 0, 0, 1, 1, 1, 1, 1, 1, 0, 1, 0, 0, 1, 0, 0, 1, 1, 0, 0, 1, 0, 0, 1, 1, 0, 0, 1, 0, 0, 1, 1, 1, 0, 0, 1, 1, 0, 1, 0, 0, 0, 0, 0, 0, 0, 1]","{'n_estimators': 200, 'max_samples': 0.1, 'max_features': 0.5, 'bootstrap': True, 'bootstrap_features': False}",COMPLETE
1628,0.6290322578616024,2024-07-08 12:54:25.801694,2024-07-08 12:55:01.185200,0 days 00:00:35.383506,ExtraTreesClassifier,Normalize_L1_1,SMOTEENN,"[1, 1, 0, 0, 1, 1, 1, 1, 0, 0, 1, 0, 0, 0, 1, 1, 0, 1, 0, 0, 0, 1, 1, 0, 0, 0, 1, 0, 0, 0, 0, 1, 0, 0, 0, 0, 1, 1, 1, 0, 1, 0, 0, 0, 0, 1, 1, 1, 1]","{'n_estimators': 50, 'max_features': None, 'max_depth': 50, 'min_samples_split': 50, 'min_samples_leaf': 1, 'bootstrap': True}",COMPLETE
1629,0.7580645158844953,2024-07-08 12:54:25.864676,2024-07-08 12:54:46.954680,0 days 00:00:21.090004,BaggingClassifier,Normalize_L1_1,,"[1, 0, 0, 1, 1, 0, 0, 0, 0, 1, 0, 1, 1, 0, 0, 1, 1, 0, 0, 1, 1, 1, 1, 0, 1, 1, 1, 1, 1, 1, 0, 1, 1, 1, 0, 0, 0, 0, 0, 0, 0, 1, 1, 0, 0, 1, 0, 1, 1]","{'n_estimators': 200, 'max_samples': 1.0, 'max_features': 0.5, 'bootstrap': True, 'bootstrap_features': False}",COMPLETE
1630,0.4612903224318418,2024-07-08 12:54:26.086668,2024-07-08 12:54:51.166683,0 days 00:00:25.080015,BaggingClassifier,Normalize_L1_1,SMOTETomek,"[1, 0, 0, 0, 0, 0, 0, 0, 1, 0, 1, 1, 1, 1, 0, 1, 1, 0, 1, 1, 1, 0, 0, 1, 0, 1, 0, 0, 1, 1, 0, 0, 0, 1, 1, 1, 1, 0, 0, 0, 1, 0, 0, 0, 0, 1, 0, 0, 1]","{'n_estimators': 500, 'max_samples': 0.5, 'max_features': 0.1, 'bootstrap': False, 'bootstrap_features': True}",COMPLETE
1631,0.4161290321238293,2024-07-08 12:54:26.259669,2024-07-08 12:54:47.301726,0 days 00:00:21.042057,BaggingClassifier,Normalize_L1_1,SMOTETomek,"[0, 0, 0, 0, 0, 0, 1, 1, 0, 0, 1, 1, 1, 0, 1, 1, 0, 0, 1, 0, 0, 1, 0, 1, 1, 1, 0, 1, 1, 0, 0, 1, 1, 1, 0, 0, 0, 1, 0, 1, 0, 0, 1, 1, 0, 0, 0, 1, 1]","{'n_estimators': 50, 'max_samples': 1.0, 'max_features': 0.5, 'bootstrap': False, 'bootstrap_features': False}",COMPLETE
1632,0.41935483857440164,2024-07-08 12:54:26.407697,2024-07-08 12:54:59.304204,0 days 00:00:32.896507,BaggingClassifier,Normalize_L1_1,SMOTETomek,"[1, 0, 0, 1, 1, 0, 0, 1, 0, 1, 0, 0, 1, 0, 1, 0, 0, 1, 1, 0, 0, 1, 1, 0, 1, 1, 0, 0, 1, 0, 1, 0, 1, 0, 1, 0, 1, 1, 1, 1, 1, 1, 0, 1, 0, 1, 0, 0, 1]","{'n_estimators': 200, 'max_samples': 1.0, 'max_features': 0.5, 'bootstrap': True, 'bootstrap_features': False}",COMPLETE
1633,0.7612903223350675,2024-07-08 12:54:26.888697,2024-07-08 12:54:47.976685,0 days 00:00:21.087988,BaggingClassifier,Normalize_L1_1,,"[1, 0, 1, 0, 0, 1, 0, 1, 0, 0, 1, 1, 1, 0, 0, 1, 0, 0, 0, 1, 0, 0, 1, 1, 1, 0, 1, 0, 0, 0, 0, 1, 1, 1, 0, 0, 1, 0, 0, 0, 1, 0, 0, 0, 0, 0, 1, 1, 0]","{'n_estimators': 100, 'max_samples': 0.5, 'max_features': 0.1, 'bootstrap': False, 'bootstrap_features': False}",COMPLETE
1634,0.0,2024-07-08 12:54:27.873693,2024-07-08 12:54:59.233201,0 days 00:00:31.359508,GradientBoostingClassifier,Normalize_L1_1,,"[0, 0, 0, 0, 0, 0, 1, 0, 0, 1, 1, 1, 0, 1, 1, 1, 1, 1, 1, 0, 1, 1, 0, 1, 0, 1, 1, 1, 0, 1, 1, 0, 1, 0, 0, 0, 1, 0, 1, 1, 1, 1, 0, 1, 0, 1, 0, 1, 1]","{'n_estimators': 500, 'learning_rate': 1.0, 'max_depth': 5, 'min_samples_split': 50, 'min_samples_leaf': 2, 'subsample': 0.7, 'max_features': 'auto'}",COMPLETE
1635,0.6774193546201872,2024-07-08 12:54:27.969688,2024-07-08 12:55:06.765198,0 days 00:00:38.795510,XGBClassifier,Normalize_L1_1,,"[1, 0, 1, 0, 1, 0, 0, 0, 0, 1, 1, 1, 1, 0, 0, 1, 0, 1, 1, 0, 1, 1, 1, 1, 1, 1, 0, 1, 0, 0, 1, 1, 1, 0, 1, 0, 0, 1, 1, 1, 1, 0, 0, 0, 1, 0, 1, 0, 1]","{'n_estimators': 100, 'learning_rate': 1.0, 'max_depth': 3, 'min_child_weight': 1, 'subsample': 0.7, 'colsample_bytree': 0.7, 'gamma': 1.0, 'reg_alpha': 1.0, 'reg_lambda': 0.0}",COMPLETE
1636,0.7741935481373569,2024-07-08 12:54:28.102709,2024-07-08 12:54:47.870690,0 days 00:00:19.767981,BaggingClassifier,Normalize_L1_1,,"[0, 1, 0, 0, 1, 0, 1, 0, 0, 1, 0, 0, 0, 1, 1, 0, 0, 1, 0, 0, 1, 1, 0, 0, 1, 0, 1, 1, 0, 1, 0, 1, 0, 0, 1, 1, 1, 0, 0, 0, 1, 0, 1, 0, 1, 1, 1, 0, 1]","{'n_estimators': 200, 'max_samples': 0.5, 'max_features': 1.0, 'bootstrap': True, 'bootstrap_features': True}",COMPLETE
1637,0.7645161287856399,2024-07-08 12:54:30.511684,2024-07-08 12:54:49.111683,0 days 00:00:18.599999,BaggingClassifier,Normalize_L1_1,,"[0, 1, 1, 0, 1, 1, 1, 0, 0, 0, 0, 0, 0, 1, 1, 0, 0, 0, 1, 0, 1, 1, 1, 1, 0, 1, 1, 1, 0, 1, 1, 1, 1, 0, 0, 1, 1, 0, 0, 0, 1, 0, 1, 1, 0, 1, 0, 1, 0]","{'n_estimators': 10, 'max_samples': 1.0, 'max_features': 0.1, 'bootstrap': False, 'bootstrap_features': True}",COMPLETE
1638,0.7645161287856399,2024-07-08 12:54:30.949680,2024-07-08 12:54:56.583204,0 days 00:00:25.633524,BaggingClassifier,Normalize_L1_1,,"[0, 0, 1, 0, 0, 0, 0, 0, 0, 1, 0, 1, 0, 1, 1, 1, 0, 1, 0, 1, 0, 0, 0, 0, 1, 0, 0, 1, 1, 1, 0, 1, 1, 0, 0, 1, 0, 0, 1, 0, 0, 1, 1, 1, 1, 1, 0, 1, 1]","{'n_estimators': 200, 'max_samples': 1.0, 'max_features': 0.1, 'bootstrap': True, 'bootstrap_features': True}",COMPLETE
1639,0.0,2024-07-08 12:54:31.370682,2024-07-08 12:55:00.556198,0 days 00:00:29.185516,GradientBoostingClassifier,Normalize_L1_1,SMOTEENN,"[0, 0, 1, 1, 0, 0, 0, 1, 0, 0, 0, 1, 1, 0, 0, 1, 0, 0, 1, 1, 1, 1, 1, 1, 0, 1, 0, 1, 1, 1, 1, 0, 0, 1, 1, 0, 1, 0, 1, 0, 1, 1, 1, 0, 0, 1, 0, 0, 0]","{'n_estimators': 1000, 'learning_rate': 0.5, 'max_depth': 3, 'min_samples_split': 50, 'min_samples_leaf': 1, 'subsample': 1.0, 'max_features': 'auto'}",COMPLETE
1640,0.7645161287856399,2024-07-08 12:54:31.502681,2024-07-08 12:54:59.274230,0 days 00:00:27.771549,BaggingClassifier,Normalize_L1_1,,"[1, 0, 0, 0, 1, 1, 1, 1, 0, 0, 1, 0, 1, 1, 1, 1, 1, 0, 1, 0, 0, 1, 1, 1, 0, 1, 0, 1, 1, 1, 0, 0, 1, 0, 1, 0, 1, 1, 0, 1, 1, 1, 0, 1, 0, 0, 1, 0, 1]","{'n_estimators': 200, 'max_samples': 1.0, 'max_features': 1.0, 'bootstrap': False, 'bootstrap_features': False}",COMPLETE
1641,0.7903225803902184,2024-07-08 12:54:31.591683,2024-07-08 12:54:58.985228,0 days 00:00:27.393545,ExtraTreesClassifier,Normalize_L1_1,,"[0, 1, 1, 0, 0, 1, 0, 0, 1, 0, 1, 1, 0, 0, 1, 0, 0, 1, 0, 0, 0, 0, 0, 1, 1, 0, 0, 0, 1, 0, 1, 1, 0, 0, 1, 1, 0, 0, 0, 0, 0, 1, 1, 1, 0, 1, 0, 0, 1]","{'n_estimators': 50, 'max_features': 'sqrt', 'max_depth': None, 'min_samples_split': 100, 'min_samples_leaf': 2, 'bootstrap': False}",COMPLETE
1642,0.43548387082726325,2024-07-08 12:54:31.866702,2024-07-08 12:55:13.824209,0 days 00:00:41.957507,BaggingClassifier,Normalize_L1_1,SMOTE,"[0, 1, 0, 1, 1, 1, 1, 0, 1, 0, 1, 1, 0, 1, 0, 1, 1, 1, 1, 1, 1, 0, 1, 0, 0, 1, 1, 0, 0, 0, 0, 1, 1, 0, 0, 0, 1, 0, 1, 1, 1, 1, 1, 1, 1, 1, 0, 1, 0]","{'n_estimators': 200, 'max_samples': 0.5, 'max_features': 0.5, 'bootstrap': False, 'bootstrap_features': False}",COMPLETE
1643,0.7967741932913631,2024-07-08 12:54:32.492681,2024-07-08 12:55:00.409200,0 days 00:00:27.916519,ExtraTreesClassifier,Normalize_L1_1,,"[0, 0, 0, 0, 1, 1, 1, 0, 0, 0, 1, 1, 0, 1, 0, 0, 1, 1, 1, 1, 0, 0, 1, 1, 1, 1, 1, 0, 1, 1, 1, 1, 0, 0, 0, 0, 1, 0, 1, 0, 1, 0, 0, 0, 1, 1, 0, 1, 0]","{'n_estimators': 200, 'max_features': 'sqrt', 'max_depth': 1000, 'min_samples_split': 200, 'min_samples_leaf': 5, 'bootstrap': False}",COMPLETE
1644,0.3774193547169615,2024-07-08 12:54:32.939683,2024-07-08 12:56:08.746202,0 days 00:01:35.806519,BaggingClassifier,Normalize_L1_1,SMOTE,"[1, 0, 0, 1, 0, 0, 1, 0, 1, 1, 0, 1, 0, 0, 0, 1, 1, 0, 1, 0, 1, 1, 1, 1, 0, 0, 0, 1, 1, 0, 0, 1, 1, 1, 1, 0, 1, 1, 0, 0, 0, 1, 0, 1, 1, 1, 1, 0, 1]","{'n_estimators': 1000, 'max_samples': 1.0, 'max_features': 0.5, 'bootstrap': False, 'bootstrap_features': False}",COMPLETE
1645,0.8032258061925077,2024-07-08 12:54:33.175682,2024-07-08 12:54:59.389210,0 days 00:00:26.213528,BaggingClassifier,Normalize_L1_1,,"[1, 0, 1, 0, 1, 1, 1, 1, 0, 0, 0, 0, 0, 0, 0, 0, 0, 0, 0, 1, 1, 1, 0, 1, 0, 1, 0, 0, 1, 0, 1, 1, 1, 0, 0, 1, 0, 1, 1, 0, 0, 0, 0, 0, 1, 0, 1, 0, 1]","{'n_estimators': 500, 'max_samples': 0.1, 'max_features': 0.5, 'bootstrap': True, 'bootstrap_features': False}",COMPLETE
1646,0.49999999983870963,2024-07-08 12:54:33.288682,2024-07-08 12:55:22.343199,0 days 00:00:49.054517,BaggingClassifier,MinMaxScaler,SMOTE,"[1, 0, 0, 0, 0, 1, 1, 1, 0, 0, 1, 0, 1, 0, 0, 0, 1, 0, 0, 0, 0, 1, 1, 1, 1, 0, 0, 0, 0, 0, 1, 0, 1, 1, 1, 0, 0, 1, 1, 1, 1, 0, 1, 0, 1, 0, 1, 0, 0]","{'n_estimators': 100, 'max_samples': 1.0, 'max_features': 0.5, 'bootstrap': False, 'bootstrap_features': False}",COMPLETE
1647,0.6096774191581685,2024-07-08 12:54:33.758681,2024-07-08 12:55:00.180227,0 days 00:00:26.421546,ExtraTreesClassifier,Normalize_L1_1,SMOTEENN,"[1, 1, 1, 0, 1, 1, 1, 0, 0, 0, 1, 0, 0, 1, 0, 0, 0, 0, 1, 1, 1, 0, 0, 0, 1, 1, 1, 0, 0, 1, 0, 1, 1, 0, 1, 1, 0, 1, 1, 1, 0, 1, 0, 0, 0, 0, 1, 1, 0]","{'n_estimators': 1000, 'max_features': 'sqrt', 'max_depth': 1000, 'min_samples_split': 50, 'min_samples_leaf': 2, 'bootstrap': False}",COMPLETE
1648,0.7999999997419355,2024-07-08 12:54:34.568684,2024-07-08 12:55:03.091198,0 days 00:00:28.522514,ExtraTreesClassifier,Normalize_L1_1,,"[1, 1, 0, 1, 1, 1, 0, 0, 1, 0, 1, 0, 0, 0, 0, 1, 0, 1, 1, 1, 0, 0, 0, 0, 0, 1, 1, 0, 0, 0, 1, 1, 1, 0, 0, 0, 0, 0, 0, 0, 1, 1, 0, 1, 1, 1, 1, 1, 0]","{'n_estimators': 50, 'max_features': 'sqrt', 'max_depth': None, 'min_samples_split': 5, 'min_samples_leaf': 50, 'bootstrap': False}",COMPLETE
1649,0.7645161287856399,2024-07-08 12:54:39.039680,2024-07-08 12:55:08.387200,0 days 00:00:29.347520,BaggingClassifier,Normalize_L1_1,,"[1, 1, 0, 1, 1, 0, 0, 1, 1, 0, 0, 0, 1, 0, 0, 1, 0, 1, 1, 1, 1, 1, 0, 1, 0, 1, 1, 1, 1, 0, 0, 1, 1, 0, 1, 1, 0, 0, 0, 0, 1, 1, 1, 1, 1, 1, 1, 0, 1]","{'n_estimators': 200, 'max_samples': 1.0, 'max_features': 0.1, 'bootstrap': False, 'bootstrap_features': True}",COMPLETE
1650,0.6161290320593131,2024-07-08 12:54:40.576684,2024-07-08 12:55:21.051198,0 days 00:00:40.474514,ExtraTreesClassifier,Normalize_L1_1,SMOTEENN,"[0, 0, 1, 1, 1, 0, 1, 0, 0, 0, 1, 1, 1, 1, 1, 1, 0, 0, 0, 1, 0, 0, 0, 1, 1, 0, 0, 0, 0, 1, 1, 0, 1, 1, 1, 0, 0, 1, 0, 0, 0, 0, 0, 1, 0, 1, 0, 0, 0]","{'n_estimators': 2000, 'max_features': None, 'max_depth': None, 'min_samples_split': 50, 'min_samples_leaf': 2, 'bootstrap': True}",COMPLETE
1651,0.0,2024-07-08 12:54:44.058682,2024-07-08 12:55:16.198198,0 days 00:00:32.139516,BaggingClassifier,,,,"{'n_estimators': 100, 'max_samples': 1.0, 'max_features': 0.1, 'bootstrap': True, 'bootstrap_features': True}",COMPLETE
1652,0.6967741933236212,2024-07-08 12:54:45.141681,2024-07-08 12:55:10.261197,0 days 00:00:25.119516,BaggingClassifier,MinMaxScaler,,"[1, 1, 1, 0, 1, 0, 1, 0, 1, 1, 1, 0, 1, 0, 1, 1, 1, 1, 0, 1, 1, 1, 0, 1, 1, 1, 0, 1, 1, 1, 0, 0, 0, 0, 0, 0, 0, 0, 0, 1, 1, 1, 1, 0, 0, 0, 1, 0, 0]","{'n_estimators': 100, 'max_samples': 0.5, 'max_features': 1.0, 'bootstrap': True, 'bootstrap_features': False}",COMPLETE
1653,0.7967741932913631,2024-07-08 12:54:45.949710,2024-07-08 12:55:40.312200,0 days 00:00:54.362490,BaggingClassifier,Normalize_L1_1,,"[1, 0, 1, 1, 0, 0, 0, 1, 0, 1, 1, 0, 1, 0, 1, 0, 0, 0, 0, 0, 0, 1, 0, 0, 0, 0, 1, 1, 1, 0, 0, 0, 0, 0, 1, 0, 1, 1, 1, 0, 1, 1, 1, 1, 0, 0, 0, 1, 0]","{'n_estimators': 50, 'max_samples': 0.1, 'max_features': 0.5, 'bootstrap': False, 'bootstrap_features': False}",COMPLETE
1654,0.5290322578938605,2024-07-08 12:54:46.305691,2024-07-08 12:55:14.062198,0 days 00:00:27.756507,BaggingClassifier,MinMaxScaler,SMOTE,"[1, 1, 0, 0, 1, 0, 0, 0, 0, 1, 1, 0, 1, 1, 1, 1, 0, 1, 0, 0, 0, 1, 1, 0, 1, 1, 1, 1, 1, 0, 0, 0, 1, 1, 1, 0, 1, 0, 1, 1, 0, 1, 1, 1, 0, 0, 1, 1, 0]","{'n_estimators': 200, 'max_samples': 0.1, 'max_features': 0.1, 'bootstrap': True, 'bootstrap_features': True}",COMPLETE
1655,0.0,2024-07-08 12:54:47.438684,2024-07-08 12:55:23.681201,0 days 00:00:36.242517,BaggingClassifier,,,,"{'n_estimators': 10, 'max_samples': 0.1, 'max_features': 0.5, 'bootstrap': False, 'bootstrap_features': True}",COMPLETE
1656,0.6032258062570239,2024-07-08 12:54:53.586217,2024-07-08 12:55:20.915198,0 days 00:00:27.328981,BaggingClassifier,Normalize_L1_1,SMOTE,"[1, 0, 1, 1, 0, 1, 0, 0, 1, 1, 0, 0, 0, 1, 0, 0, 0, 0, 0, 0, 1, 0, 0, 1, 1, 1, 0, 1, 0, 0, 0, 0, 1, 0, 0, 0, 0, 1, 0, 1, 1, 0, 0, 0, 0, 1, 0, 1, 0]","{'n_estimators': 1000, 'max_samples': 0.1, 'max_features': 1.0, 'bootstrap': True, 'bootstrap_features': False}",COMPLETE
1657,0.7612903223350675,2024-07-08 12:54:54.927200,2024-07-08 12:56:16.621228,0 days 00:01:21.694028,BaggingClassifier,Normalize_L1_1,,"[0, 0, 1, 1, 1, 0, 0, 0, 1, 0, 0, 0, 1, 1, 1, 0, 0, 1, 1, 0, 1, 1, 1, 1, 0, 0, 0, 0, 0, 1, 1, 1, 1, 1, 0, 1, 0, 0, 1, 0, 1, 0, 0, 0, 1, 1, 0, 1, 0]","{'n_estimators': 1000, 'max_samples': 1.0, 'max_features': 1.0, 'bootstrap': False, 'bootstrap_features': False}",COMPLETE
1658,0.7903225803902184,2024-07-08 12:54:55.824199,2024-07-08 12:55:22.286198,0 days 00:00:26.461999,BaggingClassifier,MinMaxScaler,,"[1, 0, 0, 1, 1, 0, 1, 0, 0, 1, 0, 1, 0, 1, 1, 0, 0, 1, 1, 0, 1, 0, 0, 1, 0, 0, 0, 1, 0, 0, 1, 1, 0, 0, 0, 0, 1, 1, 0, 1, 1, 0, 0, 1, 1, 0, 1, 1, 1]","{'n_estimators': 100, 'max_samples': 0.1, 'max_features': 0.1, 'bootstrap': False, 'bootstrap_features': True}",COMPLETE
1659,0.7870967739396462,2024-07-08 12:54:56.011241,2024-07-08 12:55:19.877199,0 days 00:00:23.865958,BaggingClassifier,MinMaxScaler,,"[1, 1, 1, 1, 1, 0, 0, 0, 1, 1, 0, 0, 1, 0, 0, 0, 1, 0, 1, 1, 1, 1, 0, 1, 0, 1, 1, 0, 0, 0, 1, 0, 1, 1, 0, 1, 0, 0, 0, 1, 0, 1, 0, 0, 0, 0, 0, 0, 1]","{'n_estimators': 500, 'max_samples': 0.1, 'max_features': 0.1, 'bootstrap': False, 'bootstrap_features': True}",COMPLETE
1660,0.0,2024-07-08 12:54:56.427198,2024-07-08 12:55:22.169201,0 days 00:00:25.742003,BaggingClassifier,,,,"{'n_estimators': 100, 'max_samples': 1.0, 'max_features': 0.1, 'bootstrap': True, 'bootstrap_features': True}",COMPLETE
1661,0.7612903223350675,2024-07-08 12:54:56.652198,2024-07-08 12:55:40.997204,0 days 00:00:44.345006,BaggingClassifier,Normalize_L1_1,,"[0, 1, 1, 1, 0, 0, 1, 1, 0, 1, 1, 1, 0, 0, 1, 1, 0, 0, 1, 1, 1, 1, 1, 0, 0, 0, 0, 1, 0, 0, 1, 0, 0, 0, 1, 0, 0, 0, 1, 0, 0, 1, 0, 1, 1, 1, 1, 1, 0]","{'n_estimators': 500, 'max_samples': 1.0, 'max_features': 1.0, 'bootstrap': True, 'bootstrap_features': False}",COMPLETE
1662,0.5967741933558792,2024-07-08 12:54:56.784199,2024-07-08 12:55:19.208198,0 days 00:00:22.423999,BaggingClassifier,Normalize_L1_1,SMOTE,"[0, 0, 1, 1, 1, 1, 0, 0, 0, 1, 1, 1, 0, 0, 0, 1, 0, 1, 1, 0, 1, 1, 0, 1, 0, 1, 0, 1, 0, 1, 1, 0, 1, 0, 0, 0, 0, 0, 1, 1, 0, 1, 0, 1, 1, 1, 0, 1, 1]","{'n_estimators': 10, 'max_samples': 0.1, 'max_features': 1.0, 'bootstrap': True, 'bootstrap_features': False}",COMPLETE
1663,0.7838709674890738,2024-07-08 12:54:58.910201,2024-07-08 12:55:24.306198,0 days 00:00:25.395997,BaggingClassifier,Normalize_L1_1,,"[0, 0, 1, 0, 1, 0, 1, 0, 0, 1, 0, 0, 0, 0, 0, 1, 1, 0, 0, 1, 1, 0, 0, 0, 1, 1, 0, 1, 1, 1, 1, 1, 0, 0, 0, 1, 1, 0, 1, 1, 1, 1, 0, 1, 0, 1, 0, 1, 1]","{'n_estimators': 10, 'max_samples': 0.1, 'max_features': 1.0, 'bootstrap': False, 'bootstrap_features': False}",COMPLETE
1664,0.7645161287856399,2024-07-08 12:54:59.060202,2024-07-08 12:55:22.707240,0 days 00:00:23.647038,BaggingClassifier,Normalize_L1_1,,"[0, 0, 0, 0, 1, 0, 1, 1, 1, 0, 0, 0, 0, 1, 0, 1, 1, 1, 1, 1, 1, 1, 0, 1, 0, 0, 1, 1, 1, 1, 1, 0, 1, 0, 1, 1, 1, 0, 0, 0, 1, 1, 0, 1, 1, 1, 1, 0, 0]","{'n_estimators': 100, 'max_samples': 1.0, 'max_features': 0.1, 'bootstrap': False, 'bootstrap_features': True}",COMPLETE
1665,0.7645161287856399,2024-07-08 12:54:59.550197,2024-07-08 12:55:48.758202,0 days 00:00:49.208005,BaggingClassifier,Normalize_L1_1,,"[1, 0, 1, 1, 0, 0, 0, 1, 0, 0, 1, 1, 1, 1, 0, 0, 1, 0, 1, 1, 0, 1, 1, 1, 0, 0, 0, 1, 0, 1, 0, 1, 1, 1, 0, 0, 1, 1, 0, 1, 1, 1, 0, 0, 1, 1, 0, 0, 0]","{'n_estimators': 100, 'max_samples': 1.0, 'max_features': 1.0, 'bootstrap': False, 'bootstrap_features': False}",COMPLETE
1666,0.7612903223350675,2024-07-08 12:54:59.879201,2024-07-08 12:55:41.781199,0 days 00:00:41.901998,BaggingClassifier,Normalize_L1_1,,"[0, 1, 0, 1, 0, 0, 0, 0, 1, 0, 0, 0, 0, 0, 1, 0, 0, 0, 0, 0, 1, 1, 1, 1, 1, 0, 1, 1, 0, 0, 0, 0, 0, 0, 1, 0, 1, 0, 0, 1, 0, 1, 1, 1, 0, 0, 1, 1, 1]","{'n_estimators': 500, 'max_samples': 1.0, 'max_features': 0.5, 'bootstrap': False, 'bootstrap_features': True}",COMPLETE
1667,0.7677419352362123,2024-07-08 12:55:00.125200,2024-07-08 12:55:40.965202,0 days 00:00:40.840002,BaggingClassifier,Normalize_L1_1,,"[0, 0, 1, 0, 0, 1, 0, 0, 1, 1, 1, 0, 0, 1, 1, 0, 0, 0, 0, 1, 1, 0, 0, 1, 1, 1, 0, 0, 0, 0, 0, 1, 0, 1, 1, 0, 1, 1, 1, 0, 0, 0, 0, 0, 1, 0, 0, 1, 0]","{'n_estimators': 200, 'max_samples': 1.0, 'max_features': 0.1, 'bootstrap': True, 'bootstrap_features': True}",COMPLETE
1668,0.7903225803902184,2024-07-08 12:55:00.231228,2024-07-08 12:55:26.007201,0 days 00:00:25.775973,BaggingClassifier,Normalize_L1_1,,"[1, 0, 0, 0, 1, 1, 1, 0, 1, 0, 1, 0, 1, 0, 1, 0, 0, 1, 1, 0, 1, 0, 0, 1, 1, 0, 0, 0, 0, 1, 1, 1, 1, 0, 0, 1, 0, 1, 0, 1, 0, 1, 1, 1, 1, 1, 1, 1, 0]","{'n_estimators': 100, 'max_samples': 0.1, 'max_features': 0.5, 'bootstrap': True, 'bootstrap_features': False}",COMPLETE
1669,0.4322580643766909,2024-07-08 12:55:00.320200,2024-07-08 12:55:40.399202,0 days 00:00:40.079002,BaggingClassifier,Normalize_L1_1,BorderlineSMOTE,"[0, 0, 0, 1, 1, 0, 1, 1, 0, 0, 1, 1, 0, 0, 1, 0, 0, 0, 1, 1, 1, 1, 0, 1, 1, 0, 1, 1, 0, 0, 1, 1, 1, 1, 1, 1, 1, 1, 0, 0, 0, 1, 0, 1, 1, 0, 1, 1, 1]","{'n_estimators': 100, 'max_samples': 1.0, 'max_features': 0.5, 'bootstrap': True, 'bootstrap_features': False}",COMPLETE
1670,0.7516129029833506,2024-07-08 12:55:00.476200,2024-07-08 12:55:20.147197,0 days 00:00:19.670997,BaggingClassifier,Normalize_L1_1,,"[0, 0, 1, 1, 1, 0, 1, 0, 0, 1, 1, 0, 1, 0, 1, 1, 1, 0, 0, 1, 1, 0, 0, 1, 1, 0, 0, 1, 1, 0, 0, 1, 0, 0, 0, 1, 1, 0, 0, 1, 1, 0, 1, 1, 1, 0, 0, 1, 1]","{'n_estimators': 50, 'max_samples': 1.0, 'max_features': 1.0, 'bootstrap': True, 'bootstrap_features': False}",COMPLETE
1671,0.7741935481373569,2024-07-08 12:55:02.095199,2024-07-08 12:55:45.288198,0 days 00:00:43.192999,BaggingClassifier,Normalize_L1_1,,"[1, 0, 1, 1, 0, 1, 0, 1, 1, 0, 1, 1, 1, 1, 0, 0, 0, 0, 1, 1, 0, 1, 0, 1, 1, 0, 0, 0, 1, 0, 1, 1, 1, 0, 1, 1, 0, 1, 0, 0, 1, 0, 1, 1, 0, 1, 1, 0, 0]","{'n_estimators': 1000, 'max_samples': 0.5, 'max_features': 0.1, 'bootstrap': True, 'bootstrap_features': False}",COMPLETE
1672,0.7741935481373569,2024-07-08 12:55:03.341226,2024-07-08 12:55:52.170200,0 days 00:00:48.828974,BaggingClassifier,Normalize_L1_1,,"[1, 0, 1, 1, 1, 0, 0, 1, 1, 0, 1, 1, 1, 1, 1, 1, 0, 1, 1, 0, 0, 1, 0, 1, 1, 0, 1, 1, 1, 1, 0, 1, 0, 1, 0, 1, 0, 1, 0, 0, 1, 1, 1, 1, 0, 1, 0, 0, 0]","{'n_estimators': 500, 'max_samples': 0.5, 'max_features': 1.0, 'bootstrap': True, 'bootstrap_features': True}",COMPLETE
