number,value,datetime_start,datetime_complete,duration,params_model,params_normTechnique,params_sampleTechnique,user_attrs_binIndices,user_attrs_hyperparams,state
1728,0.0,2024-07-08 12:56:13.516246,2024-07-08 12:56:26.843313,0 days 00:00:13.327067,GradientBoostingClassifier,Normalize_L1_1,,"[1, 1, 1, 1, 1, 1, 0, 0, 0, 0, 1, 1, 0, 0, 0, 1, 1, 0, 1, 1, 1, 1, 1, 1, 0, 0, 1, 0, 1, 0, 0, 1, 1, 0, 1, 0, 1, 1, 0, 1, 1, 0, 1, 1, 0, 1, 1, 1, 0]","{'n_estimators': 500, 'learning_rate': 10.0, 'max_depth': 5, 'min_samples_split': 100, 'min_samples_leaf': 100, 'subsample': 0.7, 'max_features': 'auto'}",COMPLETE
1729,0.7645161287856399,2024-07-08 12:56:13.880201,2024-07-08 12:56:31.797243,0 days 00:00:17.917042,BaggingClassifier,Normalize_L1_1,,"[0, 0, 1, 1, 1, 0, 1, 1, 1, 0, 1, 1, 1, 0, 0, 0, 0, 0, 0, 0, 0, 0, 1, 1, 0, 0, 1, 0, 1, 0, 1, 0, 1, 1, 0, 1, 1, 0, 1, 0, 0, 1, 1, 1, 0, 1, 0, 0, 0]","{'n_estimators': 10, 'max_samples': 0.1, 'max_features': 0.1, 'bootstrap': True, 'bootstrap_features': True}",COMPLETE
1730,0.7774193545879292,2024-07-08 12:56:13.944199,2024-07-08 12:57:20.213243,0 days 00:01:06.269044,BaggingClassifier,Normalize_Max_0,,"[1, 0, 1, 0, 0, 0, 1, 1, 0, 1, 1, 0, 1, 0, 1, 0, 0, 0, 1, 1, 0, 1, 0, 1, 1, 0, 1, 0, 0, 0, 1, 0, 0, 1, 1, 0, 0, 0, 1, 1, 0, 1, 1, 0, 0, 0, 1, 0, 0]","{'n_estimators': 1000, 'max_samples': 0.1, 'max_features': 1.0, 'bootstrap': True, 'bootstrap_features': True}",COMPLETE
1731,0.7903225803902184,2024-07-08 12:56:14.265233,2024-07-08 12:56:46.371248,0 days 00:00:32.106015,GradientBoostingClassifier,Normalize_L1_1,,"[1, 0, 0, 1, 0, 0, 1, 1, 0, 1, 1, 0, 1, 0, 1, 1, 1, 0, 0, 1, 0, 0, 0, 0, 0, 1, 0, 1, 0, 1, 1, 0, 1, 0, 0, 0, 1, 0, 1, 0, 1, 1, 0, 1, 1, 1, 1, 0, 0]","{'n_estimators': 500, 'learning_rate': 0.01, 'max_depth': 7, 'min_samples_split': 5, 'min_samples_leaf': 2, 'subsample': 0.5, 'max_features': 'sqrt'}",COMPLETE
1732,0.6612903223673257,2024-07-08 12:56:14.730200,2024-07-08 12:56:49.594275,0 days 00:00:34.864075,BaggingClassifier,Normalize_Max_0,,"[0, 1, 1, 1, 0, 0, 0, 1, 1, 1, 0, 1, 0, 0, 0, 0, 1, 0, 1, 1, 1, 0, 0, 1, 0, 0, 1, 1, 0, 1, 1, 0, 0, 1, 1, 1, 0, 1, 0, 1, 0, 0, 0, 1, 1, 1, 1, 1, 0]","{'n_estimators': 100, 'max_samples': 1.0, 'max_features': 1.0, 'bootstrap': False, 'bootstrap_features': False}",COMPLETE
1733,0.7580645158844953,2024-07-08 12:56:15.413206,2024-07-08 12:56:44.456242,0 days 00:00:29.043036,GradientBoostingClassifier,Normalize_L1_1,,"[1, 1, 0, 0, 0, 1, 0, 1, 1, 1, 0, 1, 1, 1, 1, 0, 0, 1, 1, 1, 0, 1, 1, 0, 0, 0, 1, 0, 0, 0, 1, 1, 1, 0, 0, 1, 0, 0, 0, 1, 0, 1, 1, 1, 1, 0, 1, 1, 0]","{'n_estimators': 100, 'learning_rate': 0.5, 'max_depth': 9, 'min_samples_split': 100, 'min_samples_leaf': 5, 'subsample': 0.7, 'max_features': None}",COMPLETE
1734,0.7612903223350675,2024-07-08 12:56:16.297200,2024-07-08 12:56:35.334251,0 days 00:00:19.037051,BaggingClassifier,Normalize_L1_1,,"[1, 0, 0, 0, 0, 0, 0, 0, 1, 1, 0, 1, 1, 0, 0, 1, 0, 0, 0, 1, 0, 1, 0, 1, 1, 0, 1, 0, 1, 1, 0, 1, 1, 1, 1, 1, 1, 0, 1, 1, 1, 1, 1, 0, 0, 1, 1, 1, 0]","{'n_estimators': 10, 'max_samples': 0.5, 'max_features': 1.0, 'bootstrap': False, 'bootstrap_features': True}",COMPLETE
1735,0.7645161287856399,2024-07-08 12:56:17.837207,2024-07-08 12:56:33.465247,0 days 00:00:15.628040,BaggingClassifier,Normalize_L1_1,,"[0, 1, 1, 1, 1, 0, 1, 0, 1, 0, 1, 0, 1, 0, 0, 0, 0, 0, 1, 0, 0, 1, 0, 1, 1, 1, 0, 1, 1, 0, 1, 1, 0, 0, 0, 0, 1, 0, 0, 0, 0, 0, 1, 0, 1, 0, 0, 1, 1]","{'n_estimators': 10, 'max_samples': 0.5, 'max_features': 1.0, 'bootstrap': True, 'bootstrap_features': False}",COMPLETE
1736,0.7774193545879292,2024-07-08 12:56:18.466200,2024-07-08 12:56:42.393244,0 days 00:00:23.927044,BaggingClassifier,Normalize_L1_1,,"[0, 0, 1, 1, 0, 1, 0, 1, 1, 0, 1, 0, 1, 1, 0, 0, 0, 1, 0, 0, 1, 0, 0, 1, 1, 1, 1, 0, 0, 1, 1, 1, 1, 0, 0, 0, 1, 0, 1, 0, 1, 0, 0, 1, 0, 1, 0, 1, 0]","{'n_estimators': 100, 'max_samples': 0.5, 'max_features': 1.0, 'bootstrap': False, 'bootstrap_features': False}",COMPLETE
1737,0.7709677416867845,2024-07-08 12:56:19.243198,2024-07-08 12:56:49.595251,0 days 00:00:30.352053,BaggingClassifier,Normalize_L1_1,,"[0, 0, 0, 0, 0, 1, 1, 1, 0, 0, 1, 0, 0, 0, 0, 1, 1, 1, 1, 1, 0, 0, 1, 1, 0, 1, 1, 1, 0, 0, 1, 1, 1, 0, 1, 1, 1, 0, 1, 1, 0, 1, 0, 0, 1, 0, 0, 1, 0]","{'n_estimators': 200, 'max_samples': 0.5, 'max_features': 0.1, 'bootstrap': True, 'bootstrap_features': False}",COMPLETE
1738,0.7612903223350675,2024-07-08 12:56:21.388205,2024-07-08 12:56:52.217271,0 days 00:00:30.829066,BaggingClassifier,Normalize_L1_1,,"[1, 0, 1, 1, 0, 1, 0, 1, 0, 0, 0, 0, 1, 0, 1, 1, 1, 1, 1, 0, 0, 0, 1, 1, 1, 0, 1, 1, 1, 0, 0, 1, 0, 1, 0, 1, 0, 0, 0, 1, 0, 0, 1, 1, 1, 1, 0, 1, 0]","{'n_estimators': 200, 'max_samples': 1.0, 'max_features': 1.0, 'bootstrap': True, 'bootstrap_features': True}",COMPLETE
1739,0.7419354836316336,2024-07-08 12:56:21.623205,2024-07-08 12:57:11.942242,0 days 00:00:50.319037,BaggingClassifier,Normalize_L1_1,TomekLinks,"[1, 0, 0, 1, 0, 0, 1, 1, 1, 1, 0, 1, 0, 0, 0, 0, 1, 1, 1, 0, 0, 0, 0, 0, 1, 0, 0, 0, 0, 0, 1, 0, 1, 0, 0, 1, 1, 1, 0, 1, 0, 1, 0, 1, 1, 0, 1, 0, 1]","{'n_estimators': 50, 'max_samples': 0.5, 'max_features': 1.0, 'bootstrap': False, 'bootstrap_features': False}",COMPLETE
1740,0.6612903223673257,2024-07-08 12:56:21.842231,2024-07-08 12:56:57.576243,0 days 00:00:35.734012,BaggingClassifier,Normalize_Max_0,,"[1, 0, 1, 0, 1, 0, 1, 1, 1, 0, 0, 1, 0, 1, 0, 0, 1, 0, 1, 1, 1, 1, 1, 0, 0, 1, 0, 1, 0, 0, 0, 0, 1, 1, 0, 0, 0, 1, 1, 0, 0, 1, 0, 0, 0, 0, 0, 1, 1]","{'n_estimators': 100, 'max_samples': 1.0, 'max_features': 0.5, 'bootstrap': True, 'bootstrap_features': False}",COMPLETE
1741,0.0,2024-07-08 12:56:22.761201,2024-07-08 12:56:49.576272,0 days 00:00:26.815071,BaggingClassifier,,,,"{'n_estimators': 50, 'max_samples': 0.5, 'max_features': 0.5, 'bootstrap': False, 'bootstrap_features': True}",COMPLETE
1742,0.6903225804224765,2024-07-08 12:56:23.738199,2024-07-08 12:57:14.215272,0 days 00:00:50.477073,BaggingClassifier,Normalize_Max_0,,"[1, 1, 1, 0, 1, 1, 0, 0, 0, 0, 0, 0, 1, 0, 0, 0, 0, 0, 1, 0, 1, 1, 1, 1, 0, 0, 0, 1, 0, 1, 1, 0, 0, 0, 1, 0, 1, 0, 1, 0, 1, 1, 1, 1, 0, 0, 0, 0, 0]","{'n_estimators': 1000, 'max_samples': 0.5, 'max_features': 1.0, 'bootstrap': True, 'bootstrap_features': True}",COMPLETE
1743,0.0,2024-07-08 12:56:24.266209,2024-07-08 12:56:45.577243,0 days 00:00:21.311034,BaggingClassifier,,,,"{'n_estimators': 50, 'max_samples': 0.1, 'max_features': 0.5, 'bootstrap': False, 'bootstrap_features': False}",COMPLETE
1744,0.7580645158844953,2024-07-08 12:56:26.270251,2024-07-08 12:57:17.645248,0 days 00:00:51.374997,BaggingClassifier,Normalize_L1_1,TomekLinks,"[1, 0, 1, 0, 1, 1, 1, 0, 0, 0, 1, 0, 1, 1, 0, 0, 0, 1, 1, 0, 0, 0, 0, 1, 1, 0, 0, 0, 1, 1, 0, 1, 1, 0, 1, 1, 0, 0, 0, 0, 0, 1, 0, 0, 0, 0, 1, 1, 0]","{'n_estimators': 1000, 'max_samples': 0.5, 'max_features': 0.1, 'bootstrap': False, 'bootstrap_features': True}",COMPLETE
1745,0.7612903223350675,2024-07-08 12:56:27.898244,2024-07-08 12:57:13.746243,0 days 00:00:45.847999,BaggingClassifier,Normalize_L1_1,,"[0, 1, 0, 1, 0, 1, 0, 1, 0, 1, 1, 0, 1, 0, 0, 0, 0, 1, 1, 0, 0, 0, 0, 0, 1, 1, 0, 1, 0, 0, 1, 1, 1, 1, 0, 0, 1, 0, 1, 0, 0, 0, 1, 0, 1, 1, 0, 1, 1]","{'n_estimators': 1000, 'max_samples': 1.0, 'max_features': 0.5, 'bootstrap': False, 'bootstrap_features': False}",COMPLETE
1746,0.7999999997419355,2024-07-08 12:56:28.093289,2024-07-08 12:57:01.091270,0 days 00:00:32.997981,BaggingClassifier,Normalize_L1_1,,"[1, 0, 1, 1, 1, 0, 0, 1, 0, 0, 1, 1, 1, 0, 1, 1, 0, 1, 1, 0, 1, 0, 0, 1, 1, 1, 1, 0, 1, 0, 1, 1, 1, 1, 0, 0, 1, 1, 0, 0, 0, 1, 1, 1, 0, 1, 1, 1, 0]","{'n_estimators': 200, 'max_samples': 0.1, 'max_features': 0.5, 'bootstrap': False, 'bootstrap_features': False}",COMPLETE
1747,0.0,2024-07-08 12:56:28.180243,2024-07-08 12:56:58.384290,0 days 00:00:30.204047,BaggingClassifier,Normalize_L1_1,KMeansSMOTE,,"{'n_estimators': 500, 'max_samples': 0.1, 'max_features': 0.1, 'bootstrap': True, 'bootstrap_features': False}",COMPLETE
1748,0.0,2024-07-08 12:56:28.260243,2024-07-08 12:57:00.443251,0 days 00:00:32.183008,BaggingClassifier,Normalize_L1_1,KMeansSMOTE,,"{'n_estimators': 1000, 'max_samples': 0.1, 'max_features': 0.1, 'bootstrap': True, 'bootstrap_features': False}",COMPLETE
1749,0.6580645159167533,2024-07-08 12:56:28.674241,2024-07-08 12:56:59.680271,0 days 00:00:31.006030,BaggingClassifier,Normalize_Max_0,,"[0, 1, 1, 0, 1, 1, 1, 0, 1, 1, 1, 0, 0, 0, 0, 0, 1, 1, 1, 1, 1, 0, 1, 0, 1, 0, 0, 0, 0, 0, 1, 0, 0, 1, 0, 0, 0, 0, 0, 0, 1, 0, 0, 1, 1, 1, 1, 0, 1]","{'n_estimators': 50, 'max_samples': 1.0, 'max_features': 0.5, 'bootstrap': True, 'bootstrap_features': False}",COMPLETE
1750,0.7709677416867845,2024-07-08 12:56:28.930248,2024-07-08 12:57:00.107255,0 days 00:00:31.177007,BaggingClassifier,Normalize_L1_1,,"[1, 1, 1, 1, 0, 0, 1, 0, 0, 1, 1, 1, 0, 1, 0, 1, 0, 0, 1, 0, 0, 1, 0, 0, 0, 0, 0, 0, 1, 0, 1, 0, 0, 0, 1, 0, 0, 0, 0, 0, 1, 0, 0, 0, 1, 0, 0, 0, 0]","{'n_estimators': 500, 'max_samples': 0.5, 'max_features': 0.5, 'bootstrap': False, 'bootstrap_features': True}",COMPLETE
1751,0.6838709675213319,2024-07-08 12:56:29.190248,2024-07-08 12:56:49.593247,0 days 00:00:20.402999,BaggingClassifier,Normalize_Max_0,,"[1, 0, 0, 0, 1, 1, 0, 1, 0, 1, 0, 0, 0, 1, 1, 1, 1, 0, 1, 0, 0, 0, 1, 1, 0, 1, 1, 0, 0, 1, 1, 1, 0, 0, 1, 0, 0, 0, 0, 0, 0, 1, 1, 1, 0, 0, 1, 0, 0]","{'n_estimators': 10, 'max_samples': 0.5, 'max_features': 0.5, 'bootstrap': False, 'bootstrap_features': False}",COMPLETE
1752,0.0,2024-07-08 12:56:30.379244,2024-07-08 12:56:58.839242,0 days 00:00:28.459998,BaggingClassifier,,,,"{'n_estimators': 1000, 'max_samples': 0.1, 'max_features': 0.1, 'bootstrap': False, 'bootstrap_features': True}",COMPLETE
1753,0.6806451610707596,2024-07-08 12:56:31.115253,2024-07-08 12:56:58.446243,0 days 00:00:27.330990,BaggingClassifier,Normalize_Max_0,,"[0, 1, 0, 1, 1, 0, 1, 1, 0, 0, 1, 1, 0, 0, 1, 1, 1, 1, 0, 0, 0, 0, 1, 0, 1, 0, 1, 0, 0, 1, 0, 0, 1, 0, 1, 1, 1, 0, 0, 1, 0, 1, 0, 0, 0, 1, 0, 0, 1]","{'n_estimators': 200, 'max_samples': 0.5, 'max_features': 0.5, 'bootstrap': False, 'bootstrap_features': True}",COMPLETE
1754,0.7838709674890738,2024-07-08 12:56:31.379249,2024-07-08 12:56:57.621247,0 days 00:00:26.241998,BaggingClassifier,Normalize_L1_1,,"[1, 1, 0, 0, 1, 1, 1, 0, 1, 1, 1, 1, 0, 1, 0, 1, 1, 0, 0, 0, 0, 1, 0, 0, 1, 0, 1, 0, 0, 0, 0, 1, 1, 0, 0, 1, 1, 0, 1, 1, 0, 0, 1, 1, 0, 0, 1, 1, 1]","{'n_estimators': 10, 'max_samples': 0.1, 'max_features': 0.1, 'bootstrap': False, 'bootstrap_features': True}",COMPLETE
1755,0.0,2024-07-08 12:56:31.587288,2024-07-08 12:56:48.877252,0 days 00:00:17.289964,BaggingClassifier,,,,"{'n_estimators': 1000, 'max_samples': 1.0, 'max_features': 1.0, 'bootstrap': False, 'bootstrap_features': True}",COMPLETE
1756,0.7483870965327784,2024-07-08 12:56:32.460248,2024-07-08 12:57:13.541259,0 days 00:00:41.081011,BaggingClassifier,Normalize_L1_1,TomekLinks,"[0, 1, 1, 0, 1, 0, 0, 0, 1, 0, 0, 1, 1, 0, 1, 1, 0, 0, 1, 0, 1, 1, 1, 0, 1, 1, 1, 0, 1, 0, 0, 1, 1, 0, 1, 1, 0, 1, 0, 1, 0, 0, 1, 0, 0, 0, 0, 0, 0]","{'n_estimators': 100, 'max_samples': 0.5, 'max_features': 0.5, 'bootstrap': False, 'bootstrap_features': False}",COMPLETE
1757,0.6258064514110301,2024-07-08 12:56:32.995285,2024-07-08 12:57:19.030243,0 days 00:00:46.034958,XGBClassifier,Normalize_L1_1,RandomOverSampler,"[0, 0, 0, 0, 0, 1, 1, 1, 0, 1, 1, 0, 1, 0, 1, 0, 0, 0, 1, 1, 1, 0, 0, 0, 1, 0, 0, 1, 1, 0, 1, 0, 1, 1, 0, 0, 1, 1, 1, 0, 1, 0, 0, 1, 1, 1, 0, 0, 1]","{'n_estimators': 10, 'learning_rate': 0.5, 'max_depth': 3, 'min_child_weight': 5, 'subsample': 0.5, 'colsample_bytree': 0.5, 'gamma': 1.0, 'reg_alpha': 0.1, 'reg_lambda': 0.1}",COMPLETE
1758,0.0,2024-07-08 12:56:33.186246,2024-07-08 12:56:59.618246,0 days 00:00:26.432000,BaggingClassifier,,,,"{'n_estimators': 100, 'max_samples': 0.5, 'max_features': 1.0, 'bootstrap': False, 'bootstrap_features': False}",COMPLETE
1759,0.0,2024-07-08 12:56:33.825245,2024-07-08 12:57:00.102271,0 days 00:00:26.277026,BaggingClassifier,Normalize_L1_1,KMeansSMOTE,,"{'n_estimators': 100, 'max_samples': 0.5, 'max_features': 0.1, 'bootstrap': True, 'bootstrap_features': False}",COMPLETE
1760,0.0,2024-07-08 12:56:34.224256,2024-07-08 12:56:58.213270,0 days 00:00:23.989014,BaggingClassifier,Normalize_L1_1,KMeansSMOTE,,"{'n_estimators': 50, 'max_samples': 1.0, 'max_features': 0.5, 'bootstrap': False, 'bootstrap_features': False}",COMPLETE
1761,0.7645161287856399,2024-07-08 12:56:34.870242,2024-07-08 12:57:14.147248,0 days 00:00:39.277006,BaggingClassifier,RobustScaler,TomekLinks,"[1, 0, 1, 0, 1, 1, 0, 0, 0, 1, 1, 0, 0, 1, 0, 1, 0, 1, 1, 0, 1, 1, 0, 0, 0, 0, 0, 1, 0, 1, 0, 0, 0, 1, 0, 0, 0, 1, 0, 0, 1, 0, 0, 0, 0, 1, 1, 1, 0]","{'n_estimators': 500, 'max_samples': 0.1, 'max_features': 1.0, 'bootstrap': False, 'bootstrap_features': True}",COMPLETE
1762,0.0,2024-07-08 12:56:38.546241,2024-07-08 12:56:58.763247,0 days 00:00:20.217006,BaggingClassifier,Normalize_L1_1,KMeansSMOTE,,"{'n_estimators': 10, 'max_samples': 0.1, 'max_features': 0.1, 'bootstrap': False, 'bootstrap_features': True}",COMPLETE
1763,0.5419354836961499,2024-07-08 12:56:40.268254,2024-07-08 12:57:15.261250,0 days 00:00:34.992996,XGBClassifier,Normalize_L1_1,SVMSMOTE,"[1, 0, 1, 1, 1, 0, 1, 1, 0, 0, 0, 0, 0, 1, 0, 0, 0, 0, 0, 1, 1, 0, 1, 1, 0, 0, 0, 0, 1, 1, 1, 1, 0, 1, 0, 0, 1, 1, 0, 1, 0, 1, 1, 0, 0, 0, 1, 0, 0]","{'n_estimators': 10, 'learning_rate': 10.0, 'max_depth': 5, 'min_child_weight': 1, 'subsample': 0.7, 'colsample_bytree': 0.7, 'gamma': 1.0, 'reg_alpha': 0.0, 'reg_lambda': 1.0}",COMPLETE
1764,0.7935483868407908,2024-07-08 12:56:40.953242,2024-07-08 12:57:23.583287,0 days 00:00:42.630045,ExtraTreesClassifier,Normalize_L1_1,,"[0, 1, 0, 0, 0, 1, 1, 1, 1, 1, 0, 0, 0, 1, 1, 0, 1, 1, 1, 0, 0, 1, 1, 1, 1, 1, 0, 0, 0, 1, 0, 1, 1, 0, 1, 0, 0, 1, 0, 1, 0, 0, 1, 1, 1, 0, 1, 1, 0]","{'n_estimators': 10, 'max_features': 'log2', 'max_depth': 50, 'min_samples_split': 200, 'min_samples_leaf': 10, 'bootstrap': True}",COMPLETE
1765,0.6838709675213319,2024-07-08 12:56:41.519244,2024-07-08 12:57:21.095250,0 days 00:00:39.576006,XGBClassifier,Normalize_L1_1,SVMSMOTE,"[1, 1, 1, 0, 0, 0, 0, 0, 1, 0, 0, 1, 0, 0, 0, 0, 0, 1, 1, 0, 0, 0, 0, 1, 0, 1, 0, 0, 0, 1, 0, 0, 0, 0, 0, 1, 1, 0, 0, 0, 1, 0, 1, 0, 1, 1, 1, 0, 1]","{'n_estimators': 100, 'learning_rate': 0.5, 'max_depth': 3, 'min_child_weight': 1, 'subsample': 1.0, 'colsample_bytree': 0.7, 'gamma': 0.1, 'reg_alpha': 0.0, 'reg_lambda': 0.1}",COMPLETE
1766,0.5580645159490114,2024-07-08 12:56:43.802275,2024-07-08 12:57:16.598242,0 days 00:00:32.795967,XGBClassifier,RobustScaler,SVMSMOTE,"[1, 1, 0, 0, 0, 1, 0, 1, 1, 0, 1, 1, 0, 1, 0, 0, 1, 0, 1, 1, 0, 0, 0, 1, 1, 1, 0, 0, 0, 1, 1, 0, 1, 1, 0, 1, 1, 0, 0, 0, 1, 0, 1, 0, 1, 0, 0, 0, 1]","{'n_estimators': 100, 'learning_rate': 0.5, 'max_depth': 5, 'min_child_weight': 10, 'subsample': 0.7, 'colsample_bytree': 1.0, 'gamma': 0.0, 'reg_alpha': 0.1, 'reg_lambda': 0.1}",COMPLETE
1767,0.4645161288824141,2024-07-08 12:56:44.131280,2024-07-08 12:57:20.947285,0 days 00:00:36.816005,XGBClassifier,RobustScaler,ADASYN,"[1, 1, 1, 0, 0, 1, 1, 1, 0, 1, 0, 1, 0, 1, 0, 0, 0, 0, 0, 1, 0, 0, 1, 0, 1, 0, 0, 1, 1, 0, 1, 1, 1, 0, 0, 0, 0, 0, 1, 0, 1, 1, 0, 1, 0, 1, 1, 0, 0]","{'n_estimators': 50, 'learning_rate': 1.0, 'max_depth': 3, 'min_child_weight': 1, 'subsample': 1.0, 'colsample_bytree': 0.5, 'gamma': 0.1, 'reg_alpha': 0.1, 'reg_lambda': 1.0}",COMPLETE
1768,0.6870967739719042,2024-07-08 12:56:44.331243,2024-07-08 12:57:21.224306,0 days 00:00:36.893063,XGBClassifier,RobustScaler,,"[0, 1, 0, 0, 0, 0, 0, 1, 0, 0, 0, 0, 0, 1, 0, 1, 1, 1, 1, 0, 1, 0, 1, 1, 0, 1, 0, 0, 1, 0, 0, 1, 1, 1, 0, 1, 0, 0, 1, 1, 0, 0, 0, 1, 1, 0, 0, 0, 0]","{'n_estimators': 500, 'learning_rate': 1.0, 'max_depth': 9, 'min_child_weight': 3, 'subsample': 0.5, 'colsample_bytree': 0.5, 'gamma': 0.0, 'reg_alpha': 0.1, 'reg_lambda': 1.0}",COMPLETE
1769,0.7935483868407908,2024-07-08 12:56:44.335280,2024-07-08 12:57:14.143247,0 days 00:00:29.807967,BaggingClassifier,Normalize_L1_1,,"[0, 1, 1, 1, 1, 1, 0, 0, 1, 1, 1, 1, 0, 1, 1, 1, 0, 1, 0, 1, 1, 1, 0, 1, 0, 0, 1, 0, 1, 0, 0, 0, 1, 0, 0, 1, 0, 1, 0, 0, 0, 0, 0, 0, 1, 0, 0, 1, 1]","{'n_estimators': 1000, 'max_samples': 0.1, 'max_features': 0.1, 'bootstrap': False, 'bootstrap_features': True}",COMPLETE
1770,0.7935483868407908,2024-07-08 12:56:45.870245,2024-07-08 12:57:20.874295,0 days 00:00:35.004050,XGBClassifier,RobustScaler,TomekLinks,"[0, 0, 0, 1, 0, 1, 0, 0, 1, 1, 1, 0, 1, 0, 0, 1, 0, 0, 0, 1, 0, 0, 0, 0, 1, 1, 1, 0, 0, 1, 0, 1, 0, 1, 0, 1, 1, 0, 1, 1, 1, 1, 1, 1, 1, 0, 0, 1, 0]","{'n_estimators': 500, 'learning_rate': 0.01, 'max_depth': 3, 'min_child_weight': 1, 'subsample': 1.0, 'colsample_bytree': 0.5, 'gamma': 0.0, 'reg_alpha': 0.1, 'reg_lambda': 1.0}",COMPLETE
1771,0.6225806449604578,2024-07-08 12:56:48.596245,2024-07-08 12:57:18.174244,0 days 00:00:29.577999,XGBClassifier,Normalize_L1_1,SVMSMOTE,"[0, 1, 1, 1, 0, 0, 1, 1, 1, 1, 0, 1, 1, 1, 1, 0, 0, 1, 0, 0, 1, 1, 0, 0, 0, 0, 0, 0, 1, 1, 0, 0, 1, 0, 0, 0, 1, 0, 0, 0, 1, 1, 1, 0, 0, 0, 1, 1, 0]","{'n_estimators': 200, 'learning_rate': 1.0, 'max_depth': 3, 'min_child_weight': 10, 'subsample': 0.5, 'colsample_bytree': 0.7, 'gamma': 0.0, 'reg_alpha': 0.0, 'reg_lambda': 0.0}",COMPLETE
1772,0.2064516128366285,2024-07-08 12:56:50.329244,2024-07-08 12:57:23.498285,0 days 00:00:33.169041,XGBClassifier,RobustScaler,SVMSMOTE,"[0, 0, 0, 0, 1, 0, 0, 0, 1, 0, 0, 1, 1, 1, 0, 1, 0, 1, 1, 0, 0, 1, 0, 1, 0, 0, 0, 0, 1, 0, 0, 0, 1, 1, 1, 1, 0, 0, 0, 0, 1, 0, 0, 0, 0, 1, 0, 1, 1]","{'n_estimators': 100, 'learning_rate': 10.0, 'max_depth': 7, 'min_child_weight': 3, 'subsample': 0.5, 'colsample_bytree': 0.5, 'gamma': 0.0, 'reg_alpha': 0.0, 'reg_lambda': 1.0}",COMPLETE
1773,0.7645161287856399,2024-07-08 12:56:50.931274,2024-07-08 12:57:44.884257,0 days 00:00:53.952983,BaggingClassifier,Normalize_L1_1,,"[1, 0, 1, 1, 0, 0, 1, 1, 0, 0, 0, 0, 1, 0, 1, 0, 0, 0, 0, 0, 1, 1, 1, 0, 0, 0, 1, 0, 1, 1, 0, 0, 1, 1, 1, 1, 0, 1, 1, 0, 0, 0, 1, 0, 1, 1, 0, 0, 0]","{'n_estimators': 200, 'max_samples': 0.5, 'max_features': 1.0, 'bootstrap': False, 'bootstrap_features': False}",COMPLETE
1774,0.6451612901144641,2024-07-08 12:56:51.228273,2024-07-08 12:57:13.716243,0 days 00:00:22.487970,XGBClassifier,RobustScaler,TomekLinks,"[1, 0, 1, 1, 1, 0, 1, 0, 0, 0, 1, 1, 1, 1, 0, 1, 0, 0, 0, 1, 0, 0, 1, 0, 1, 1, 1, 1, 1, 1, 1, 0, 1, 0, 1, 1, 1, 1, 1, 0, 0, 1, 0, 1, 0, 1, 1, 1, 1]","{'n_estimators': 500, 'learning_rate': 10.0, 'max_depth': 3, 'min_child_weight': 3, 'subsample': 0.7, 'colsample_bytree': 1.0, 'gamma': 0.0, 'reg_alpha': 0.1, 'reg_lambda': 1.0}",COMPLETE
1775,0.0,2024-07-08 12:56:52.099256,2024-07-08 12:57:29.316243,0 days 00:00:37.216987,ExtraTreesClassifier,Normalize_L1_1,ADASYN,"[1, 1, 1, 1, 1, 1, 1, 1, 0, 1, 0, 1, 1, 1, 1, 0, 1, 1, 0, 0, 1, 0, 0, 1, 1, 1, 1, 1, 1, 0, 0, 0, 1, 0, 1, 1, 1, 0, 1, 0, 0, 0, 0, 1, 1, 0, 0, 1, 0]","{'n_estimators': 50, 'max_features': 'auto', 'max_depth': None, 'min_samples_split': 5, 'min_samples_leaf': 5, 'bootstrap': False}",COMPLETE
1776,0.7870967739396462,2024-07-08 12:56:52.691243,2024-07-08 12:57:30.049270,0 days 00:00:37.358027,ExtraTreesClassifier,Normalize_L1_1,,"[0, 0, 0, 1, 1, 0, 0, 0, 1, 1, 1, 1, 1, 0, 0, 1, 0, 0, 1, 0, 1, 0, 1, 1, 0, 0, 0, 1, 1, 1, 0, 1, 0, 0, 0, 1, 1, 1, 0, 0, 0, 0, 0, 1, 1, 0, 1, 1, 0]","{'n_estimators': 10, 'max_features': 'sqrt', 'max_depth': 100, 'min_samples_split': 2, 'min_samples_leaf': 10, 'bootstrap': False}",COMPLETE
1777,0.40322580632154004,2024-07-08 12:56:53.657250,2024-07-08 12:57:20.148264,0 days 00:00:26.491014,XGBClassifier,Normalize_L1_1,RandomOverSampler,"[0, 0, 1, 0, 1, 1, 1, 1, 0, 0, 1, 1, 0, 1, 0, 0, 1, 1, 1, 1, 0, 1, 1, 1, 0, 0, 1, 0, 0, 1, 0, 1, 0, 1, 1, 1, 1, 0, 0, 1, 0, 0, 0, 0, 1, 0, 1, 1, 0]","{'n_estimators': 50, 'learning_rate': 10.0, 'max_depth': 9, 'min_child_weight': 3, 'subsample': 0.5, 'colsample_bytree': 0.5, 'gamma': 0.5, 'reg_alpha': 0.0, 'reg_lambda': 0.0}",COMPLETE
1778,0.5064516127398543,2024-07-08 12:56:56.281245,2024-07-08 12:57:25.883243,0 days 00:00:29.601998,XGBClassifier,Normalize_L1_1,TomekLinks,"[1, 1, 1, 0, 1, 1, 1, 1, 0, 0, 0, 1, 0, 0, 0, 1, 0, 0, 0, 1, 1, 1, 1, 1, 0, 1, 1, 1, 1, 1, 0, 1, 1, 0, 1, 0, 0, 0, 0, 0, 0, 1, 1, 1, 1, 1, 1, 1, 0]","{'n_estimators': 100, 'learning_rate': 10.0, 'max_depth': 7, 'min_child_weight': 1, 'subsample': 0.7, 'colsample_bytree': 0.5, 'gamma': 0.5, 'reg_alpha': 0.0, 'reg_lambda': 0.1}",COMPLETE
1779,0.7935483868407908,2024-07-08 12:56:57.853242,2024-07-08 12:57:23.395274,0 days 00:00:25.542032,ExtraTreesClassifier,Normalize_L1_1,,"[0, 1, 0, 0, 1, 1, 0, 0, 1, 1, 0, 1, 0, 0, 0, 1, 0, 1, 0, 1, 0, 0, 0, 1, 0, 1, 0, 1, 0, 0, 1, 0, 1, 1, 0, 0, 0, 1, 0, 0, 0, 0, 1, 0, 0, 0, 0, 1, 0]","{'n_estimators': 500, 'max_features': 'log2', 'max_depth': 100, 'min_samples_split': 100, 'min_samples_leaf': 50, 'bootstrap': True}",COMPLETE
1780,0.7935483868407908,2024-07-08 12:56:58.288246,2024-07-08 12:57:32.607244,0 days 00:00:34.318998,ExtraTreesClassifier,Normalize_L1_1,,"[1, 1, 0, 0, 0, 1, 0, 0, 1, 0, 1, 0, 1, 1, 1, 0, 0, 0, 1, 0, 0, 0, 0, 1, 0, 1, 0, 0, 0, 1, 1, 0, 1, 1, 0, 0, 0, 0, 0, 0, 1, 0, 1, 1, 1, 0, 0, 0, 1]","{'n_estimators': 2000, 'max_features': 'log2', 'max_depth': 50, 'min_samples_split': 10, 'min_samples_leaf': 50, 'bootstrap': False}",COMPLETE
1781,0.7741935481373569,2024-07-08 12:56:59.101271,2024-07-08 12:57:27.526243,0 days 00:00:28.424972,XGBClassifier,Normalize_L1_1,,"[1, 0, 1, 0, 0, 1, 1, 0, 1, 0, 0, 1, 0, 1, 0, 1, 0, 0, 0, 1, 0, 0, 1, 0, 0, 1, 1, 0, 1, 1, 0, 1, 0, 0, 1, 0, 0, 1, 0, 0, 1, 1, 1, 0, 1, 1, 0, 0, 1]","{'n_estimators': 200, 'learning_rate': 0.1, 'max_depth': 9, 'min_child_weight': 10, 'subsample': 0.7, 'colsample_bytree': 0.5, 'gamma': 0.0, 'reg_alpha': 1.0, 'reg_lambda': 1.0}",COMPLETE
