number,value,datetime_start,datetime_complete,duration,params_model,params_normTechnique,params_sampleTechnique,user_attrs_binIndices,user_attrs_hyperparams,state
712,0.7967741932913631,2024-07-08 12:40:08.225056,2024-07-08 12:41:14.563137,0 days 00:01:06.338081,RandomForestClassifier,Normalize_L1_1,,"[0, 0, 1, 1, 1, 0, 1, 0, 1, 0, 0, 1, 0, 1, 0, 0, 1, 0, 0, 1, 1, 1, 1, 0, 1, 0, 0, 0, 0, 1, 0, 1, 0, 1, 0, 1, 0, 1, 1, 1, 0, 1, 0, 1, 1, 1, 1, 0, 1]","{'n_estimators': 500, 'max_features': 'log2', 'max_depth': 1000, 'min_samples_split': 200, 'min_samples_leaf': 1, 'bootstrap': True}",COMPLETE
713,0.7967741932913631,2024-07-08 12:40:08.761031,2024-07-08 12:40:32.451093,0 days 00:00:23.690062,RandomForestClassifier,Normalize_L1_1,,"[0, 0, 0, 1, 0, 1, 1, 1, 0, 1, 0, 1, 1, 1, 0, 1, 0, 0, 1, 0, 0, 1, 0, 0, 0, 0, 1, 0, 0, 1, 1, 0, 0, 1, 1, 1, 0, 1, 0, 1, 1, 1, 1, 0, 1, 1, 1, 0, 1]","{'n_estimators': 200, 'max_features': 'sqrt', 'max_depth': None, 'min_samples_split': 50, 'min_samples_leaf': 10, 'bootstrap': True}",COMPLETE
714,0.7967741932913631,2024-07-08 12:40:08.879031,2024-07-08 12:41:38.953138,0 days 00:01:30.074107,RandomForestClassifier,Normalize_L1_1,,"[0, 0, 0, 0, 0, 1, 1, 1, 0, 0, 1, 0, 1, 1, 0, 1, 1, 1, 0, 1, 0, 1, 0, 0, 1, 0, 0, 1, 1, 0, 1, 1, 0, 1, 0, 1, 0, 0, 0, 0, 1, 0, 1, 1, 0, 1, 0, 0, 1]","{'n_estimators': 2000, 'max_features': None, 'max_depth': 1000, 'min_samples_split': 100, 'min_samples_leaf': 10, 'bootstrap': True}",COMPLETE
715,0.7903225803902184,2024-07-08 12:40:09.332092,2024-07-08 12:40:38.375093,0 days 00:00:29.043001,RandomForestClassifier,Normalize_L1_1,,"[0, 1, 0, 1, 0, 1, 1, 0, 1, 1, 0, 1, 1, 0, 1, 0, 1, 1, 0, 0, 0, 1, 0, 1, 1, 1, 1, 1, 0, 0, 1, 1, 0, 0, 1, 1, 1, 1, 1, 0, 1, 1, 1, 1, 0, 0, 1, 1, 0]","{'n_estimators': 1000, 'max_features': 'log2', 'max_depth': 200, 'min_samples_split': 50, 'min_samples_leaf': 2, 'bootstrap': False}",COMPLETE
716,0.7935483868407908,2024-07-08 12:40:09.446092,2024-07-08 12:41:14.438124,0 days 00:01:04.992032,RandomForestClassifier,Normalize_L1_1,,"[0, 0, 1, 0, 0, 0, 0, 1, 0, 0, 0, 1, 1, 0, 0, 1, 0, 0, 1, 1, 0, 1, 0, 0, 1, 0, 1, 0, 0, 0, 0, 0, 0, 1, 0, 0, 0, 1, 0, 1, 0, 0, 0, 1, 0, 0, 1, 0, 0]","{'n_estimators': 2000, 'max_features': None, 'max_depth': None, 'min_samples_split': 50, 'min_samples_leaf': 100, 'bootstrap': True}",COMPLETE
717,0.0,2024-07-08 12:40:10.643048,2024-07-08 12:40:59.119146,0 days 00:00:48.476098,RandomForestClassifier,Normalize_L1_1,,"[1, 0, 0, 1, 0, 0, 0, 0, 0, 1, 0, 1, 0, 0, 0, 0, 0, 1, 1, 1, 1, 0, 1, 1, 0, 1, 0, 1, 0, 1, 0, 1, 0, 1, 1, 1, 0, 0, 0, 1, 1, 1, 1, 1, 1, 0, 0, 1, 0]","{'n_estimators': 2000, 'max_features': 'auto', 'max_depth': 100, 'min_samples_split': 200, 'min_samples_leaf': 5, 'bootstrap': False}",COMPLETE
718,0.493548386937565,2024-07-08 12:40:12.340093,2024-07-08 12:41:09.327140,0 days 00:00:56.987047,RandomForestClassifier,Normalize_L1_1,RandomUnderSampler,"[0, 0, 0, 1, 1, 1, 1, 0, 0, 0, 0, 0, 0, 0, 0, 0, 0, 0, 0, 1, 0, 1, 1, 1, 0, 1, 0, 1, 1, 1, 0, 0, 1, 1, 1, 0, 0, 0, 1, 0, 0, 0, 1, 1, 1, 1, 1, 0, 0]","{'n_estimators': 1000, 'max_features': 'log2', 'max_depth': 10, 'min_samples_split': 100, 'min_samples_leaf': 10, 'bootstrap': True}",COMPLETE
719,0.7967741932913631,2024-07-08 12:40:14.147077,2024-07-08 12:41:24.749123,0 days 00:01:10.602046,RandomForestClassifier,Normalize_L1_1,,"[0, 1, 0, 1, 1, 0, 0, 1, 1, 0, 0, 1, 1, 0, 1, 0, 0, 0, 0, 0, 0, 1, 1, 1, 0, 1, 1, 1, 0, 0, 1, 0, 1, 0, 0, 0, 1, 0, 0, 1, 1, 1, 1, 1, 0, 0, 0, 1, 0]","{'n_estimators': 1000, 'max_features': 'log2', 'max_depth': 100, 'min_samples_split': 100, 'min_samples_leaf': 10, 'bootstrap': True}",COMPLETE
720,0.45483870953069716,2024-07-08 12:40:17.246091,2024-07-08 12:41:03.537125,0 days 00:00:46.291034,RandomForestClassifier,Normalize_L1_1,RandomUnderSampler,"[1, 1, 1, 0, 0, 1, 1, 1, 0, 0, 1, 1, 0, 0, 1, 1, 0, 0, 0, 1, 1, 1, 0, 1, 0, 0, 0, 0, 1, 0, 0, 0, 0, 1, 0, 0, 1, 0, 1, 0, 1, 1, 1, 1, 0, 1, 0, 1, 1]","{'n_estimators': 500, 'max_features': 'log2', 'max_depth': None, 'min_samples_split': 100, 'min_samples_leaf': 5, 'bootstrap': True}",COMPLETE
721,0.7999999997419355,2024-07-08 12:40:20.067077,2024-07-08 12:41:56.503138,0 days 00:01:36.436061,RandomForestClassifier,Normalize_L1_1,,"[1, 1, 1, 1, 1, 1, 0, 1, 0, 1, 0, 1, 0, 1, 1, 0, 0, 1, 1, 1, 0, 1, 0, 0, 0, 0, 1, 0, 0, 0, 1, 0, 0, 1, 1, 1, 1, 1, 1, 0, 1, 1, 1, 1, 1, 0, 1, 0, 0]","{'n_estimators': 2000, 'max_features': None, 'max_depth': None, 'min_samples_split': 10, 'min_samples_leaf': 5, 'bootstrap': False}",COMPLETE
722,0.7838709674890738,2024-07-08 12:40:21.411098,2024-07-08 12:42:26.939123,0 days 00:02:05.528025,RandomForestClassifier,Normalize_L1_1,,"[1, 1, 0, 1, 0, 1, 0, 0, 1, 1, 1, 1, 0, 0, 0, 0, 0, 0, 1, 0, 1, 1, 1, 0, 0, 0, 1, 1, 1, 0, 0, 1, 0, 1, 1, 1, 1, 1, 1, 0, 1, 1, 0, 1, 1, 0, 0, 1, 1]","{'n_estimators': 2000, 'max_features': None, 'max_depth': 200, 'min_samples_split': 50, 'min_samples_leaf': 1, 'bootstrap': False}",COMPLETE
723,0.7935483868407908,2024-07-08 12:40:23.687052,2024-07-08 12:41:10.309124,0 days 00:00:46.622072,RandomForestClassifier,Normalize_L1_1,,"[1, 0, 1, 1, 1, 0, 0, 1, 0, 0, 1, 1, 0, 1, 1, 0, 0, 1, 1, 1, 1, 0, 0, 0, 0, 1, 0, 1, 0, 0, 0, 0, 0, 1, 1, 0, 0, 0, 1, 1, 1, 1, 0, 0, 1, 1, 0, 1, 1]","{'n_estimators': 1000, 'max_features': 'sqrt', 'max_depth': 1000, 'min_samples_split': 5, 'min_samples_leaf': 100, 'bootstrap': False}",COMPLETE
724,0.0,2024-07-08 12:40:25.418082,2024-07-08 12:41:02.831094,0 days 00:00:37.413012,RandomForestClassifier,Normalize_L1_1,RandomUnderSampler,"[0, 0, 0, 1, 0, 0, 0, 0, 1, 0, 0, 1, 0, 1, 0, 0, 1, 1, 0, 0, 1, 1, 0, 0, 1, 1, 1, 1, 1, 1, 1, 0, 1, 1, 0, 0, 0, 0, 0, 1, 1, 1, 0, 0, 1, 0, 0, 1, 1]","{'n_estimators': 10, 'max_features': 'auto', 'max_depth': 10, 'min_samples_split': 10, 'min_samples_leaf': 5, 'bootstrap': True}",COMPLETE
725,0.3806451611675338,2024-07-08 12:40:25.777086,2024-07-08 12:41:44.312095,0 days 00:01:18.535009,RandomForestClassifier,Normalize_L2_1,RandomOverSampler,"[1, 1, 1, 0, 1, 1, 0, 1, 0, 0, 0, 0, 0, 0, 1, 0, 1, 0, 1, 0, 0, 1, 1, 1, 1, 1, 0, 1, 1, 0, 0, 1, 0, 1, 0, 1, 1, 1, 1, 0, 1, 0, 1, 0, 0, 0, 0, 1, 1]","{'n_estimators': 50, 'max_features': None, 'max_depth': 500, 'min_samples_split': 50, 'min_samples_leaf': 50, 'bootstrap': False}",COMPLETE
726,0.7774193545879292,2024-07-08 12:40:26.994050,2024-07-08 12:41:22.674094,0 days 00:00:55.680044,RandomForestClassifier,Normalize_Max_1,,"[1, 1, 1, 0, 1, 0, 1, 1, 0, 1, 1, 0, 1, 0, 1, 1, 0, 0, 0, 1, 1, 0, 0, 0, 1, 1, 0, 1, 0, 0, 0, 1, 0, 0, 0, 0, 1, 1, 1, 1, 1, 0, 1, 1, 0, 1, 1, 0, 1]","{'n_estimators': 500, 'max_features': 'sqrt', 'max_depth': 100, 'min_samples_split': 2, 'min_samples_leaf': 5, 'bootstrap': True}",COMPLETE
727,0.7935483868407908,2024-07-08 12:40:29.467090,2024-07-08 12:41:22.277139,0 days 00:00:52.810049,RandomForestClassifier,Normalize_L1_1,,"[1, 1, 0, 1, 1, 1, 1, 1, 1, 0, 1, 0, 0, 0, 0, 1, 1, 0, 0, 0, 0, 1, 0, 1, 0, 1, 0, 0, 0, 0, 1, 0, 0, 1, 0, 0, 1, 1, 1, 1, 0, 1, 0, 1, 0, 1, 0, 1, 1]","{'n_estimators': 100, 'max_features': 'log2', 'max_depth': 200, 'min_samples_split': 5, 'min_samples_leaf': 50, 'bootstrap': True}",COMPLETE
728,0.7935483868407908,2024-07-08 12:40:29.969090,2024-07-08 12:41:10.318125,0 days 00:00:40.349035,RandomForestClassifier,Normalize_L1_1,,"[0, 0, 0, 1, 1, 0, 1, 1, 1, 1, 1, 0, 0, 0, 0, 1, 1, 0, 1, 0, 1, 0, 1, 0, 0, 1, 1, 1, 0, 1, 1, 1, 0, 1, 0, 0, 1, 0, 1, 0, 1, 0, 0, 1, 0, 1, 1, 1, 1]","{'n_estimators': 200, 'max_features': 'sqrt', 'max_depth': 500, 'min_samples_split': 200, 'min_samples_leaf': 50, 'bootstrap': True}",COMPLETE
729,0.0,2024-07-08 12:40:30.206093,2024-07-08 12:41:37.537123,0 days 00:01:07.331030,MLPClassifier,,,,,COMPLETE
730,0.7903225803902184,2024-07-08 12:40:30.481079,2024-07-08 12:41:03.671138,0 days 00:00:33.190059,RandomForestClassifier,Normalize_L1_1,,"[1, 0, 1, 1, 1, 1, 1, 0, 1, 0, 0, 0, 1, 1, 0, 0, 0, 1, 0, 1, 0, 1, 0, 0, 1, 1, 1, 1, 0, 0, 1, 1, 1, 1, 1, 0, 0, 0, 0, 1, 1, 1, 0, 0, 0, 0, 0, 1, 0]","{'n_estimators': 100, 'max_features': None, 'max_depth': 200, 'min_samples_split': 10, 'min_samples_leaf': 2, 'bootstrap': False}",COMPLETE
731,0.7870967739396462,2024-07-08 12:40:30.737077,2024-07-08 12:41:00.936138,0 days 00:00:30.199061,RandomForestClassifier,Normalize_L1_1,,"[1, 0, 1, 0, 0, 1, 1, 1, 0, 1, 0, 0, 1, 0, 0, 1, 1, 0, 0, 1, 0, 1, 1, 0, 1, 0, 0, 1, 1, 0, 0, 1, 0, 1, 0, 0, 0, 1, 1, 1, 0, 0, 0, 0, 1, 1, 0, 1, 1]","{'n_estimators': 50, 'max_features': 'log2', 'max_depth': None, 'min_samples_split': 2, 'min_samples_leaf': 2, 'bootstrap': False}",COMPLETE
732,0.7935483868407908,2024-07-08 12:40:31.058091,2024-07-08 12:41:25.110132,0 days 00:00:54.052041,RandomForestClassifier,Normalize_L1_1,,"[1, 1, 1, 0, 0, 0, 1, 0, 1, 0, 0, 0, 0, 1, 0, 0, 1, 1, 0, 0, 0, 0, 0, 1, 0, 0, 0, 1, 0, 0, 0, 0, 1, 1, 0, 1, 1, 1, 1, 0, 1, 1, 1, 1, 1, 0, 0, 0, 0]","{'n_estimators': 2000, 'max_features': None, 'max_depth': None, 'min_samples_split': 200, 'min_samples_leaf': 100, 'bootstrap': True}",COMPLETE
733,0.0,2024-07-08 12:40:31.954093,2024-07-08 12:41:00.937138,0 days 00:00:28.983045,RandomForestClassifier,Normalize_L1_1,,"[1, 0, 1, 0, 0, 1, 1, 0, 1, 0, 0, 0, 0, 1, 1, 0, 1, 0, 0, 0, 0, 1, 1, 0, 1, 1, 1, 0, 1, 1, 1, 1, 1, 1, 0, 1, 0, 1, 1, 1, 1, 0, 0, 0, 0, 0, 1, 1, 0]","{'n_estimators': 200, 'max_features': 'auto', 'max_depth': 100, 'min_samples_split': 50, 'min_samples_leaf': 50, 'bootstrap': True}",COMPLETE
734,0.30967741925494274,2024-07-08 12:40:32.064077,2024-07-08 12:41:52.167136,0 days 00:01:20.103059,RandomForestClassifier,Normalize_Max_1,RandomOverSampler,"[1, 1, 1, 0, 0, 1, 0, 0, 1, 1, 1, 1, 1, 0, 1, 0, 0, 0, 0, 1, 1, 0, 1, 1, 0, 1, 1, 0, 1, 1, 0, 0, 0, 1, 1, 1, 0, 1, 1, 1, 1, 1, 1, 0, 1, 1, 1, 1, 0]","{'n_estimators': 500, 'max_features': None, 'max_depth': 500, 'min_samples_split': 200, 'min_samples_leaf': 10, 'bootstrap': False}",COMPLETE
735,0.7870967739396462,2024-07-08 12:40:32.263101,2024-07-08 12:41:00.624137,0 days 00:00:28.361036,RandomForestClassifier,Normalize_L1_1,,"[0, 1, 1, 1, 0, 1, 1, 0, 1, 0, 1, 0, 0, 1, 1, 1, 0, 1, 0, 1, 0, 0, 1, 1, 0, 1, 0, 0, 0, 0, 0, 0, 1, 0, 1, 0, 0, 1, 1, 0, 0, 1, 1, 1, 0, 0, 1, 0, 1]","{'n_estimators': 500, 'max_features': 'sqrt', 'max_depth': 1000, 'min_samples_split': 200, 'min_samples_leaf': 2, 'bootstrap': False}",COMPLETE
736,0.7161290320270551,2024-07-08 12:40:33.029095,2024-07-08 12:41:36.914137,0 days 00:01:03.885042,RandomForestClassifier,Normalize_Max_1,RandomUnderSampler,"[0, 0, 0, 0, 0, 1, 0, 0, 1, 0, 0, 1, 0, 0, 1, 0, 0, 0, 1, 1, 1, 0, 1, 0, 1, 1, 0, 1, 0, 0, 0, 1, 0, 1, 1, 1, 1, 0, 0, 1, 0, 0, 0, 0, 1, 1, 0, 0, 1]","{'n_estimators': 2000, 'max_features': 'log2', 'max_depth': 50, 'min_samples_split': 200, 'min_samples_leaf': 2, 'bootstrap': True}",COMPLETE
737,0.0,2024-07-08 12:40:33.483097,2024-07-08 12:41:51.395123,0 days 00:01:17.912026,BaggingClassifier,,,,"{'n_estimators': 50, 'max_samples': 0.1, 'max_features': 0.1, 'bootstrap': False, 'bootstrap_features': False}",COMPLETE
738,0.493548386937565,2024-07-08 12:40:35.180125,2024-07-08 12:41:25.188140,0 days 00:00:50.008015,RandomForestClassifier,Normalize_L1_1,SVMSMOTE,"[1, 1, 0, 0, 0, 0, 1, 1, 0, 0, 0, 1, 1, 0, 0, 1, 1, 0, 0, 1, 1, 0, 0, 1, 1, 0, 0, 0, 0, 0, 0, 1, 1, 0, 1, 0, 1, 0, 0, 1, 0, 0, 1, 1, 0, 1, 1, 0, 1]","{'n_estimators': 100, 'max_features': None, 'max_depth': None, 'min_samples_split': 200, 'min_samples_leaf': 2, 'bootstrap': True}",COMPLETE
739,0.7806451610385015,2024-07-08 12:40:37.490139,2024-07-08 12:41:37.760142,0 days 00:01:00.270003,RandomForestClassifier,Normalize_L1_1,,"[1, 0, 0, 0, 0, 1, 0, 1, 1, 0, 0, 0, 1, 0, 1, 0, 1, 1, 1, 1, 1, 0, 1, 0, 0, 1, 1, 1, 0, 1, 1, 0, 1, 0, 0, 0, 0, 0, 0, 0, 1, 1, 1, 1, 1, 0, 0, 1, 0]","{'n_estimators': 1000, 'max_features': None, 'max_depth': 500, 'min_samples_split': 100, 'min_samples_leaf': 1, 'bootstrap': False}",COMPLETE
740,0.0,2024-07-08 12:40:38.698100,2024-07-08 12:41:10.314122,0 days 00:00:31.616022,RandomForestClassifier,Normalize_L1_1,,"[1, 0, 1, 0, 0, 1, 0, 0, 0, 1, 0, 1, 0, 0, 1, 0, 0, 1, 1, 0, 1, 0, 0, 1, 0, 1, 0, 0, 1, 1, 1, 1, 1, 1, 1, 1, 1, 0, 0, 0, 0, 1, 1, 0, 1, 1, 0, 0, 0]","{'n_estimators': 10, 'max_features': 'auto', 'max_depth': None, 'min_samples_split': 200, 'min_samples_leaf': 2, 'bootstrap': False}",COMPLETE
741,0.2967741934526535,2024-07-08 12:40:39.364094,2024-07-08 12:41:37.642125,0 days 00:00:58.278031,RandomForestClassifier,Normalize_Max_1,RandomOverSampler,"[0, 0, 0, 0, 1, 1, 0, 0, 0, 0, 1, 1, 0, 1, 1, 1, 0, 0, 1, 0, 0, 1, 1, 1, 1, 0, 0, 1, 1, 1, 0, 0, 0, 1, 0, 0, 0, 1, 1, 0, 0, 0, 1, 0, 1, 0, 0, 1, 0]","{'n_estimators': 1000, 'max_features': 'log2', 'max_depth': None, 'min_samples_split': 50, 'min_samples_leaf': 50, 'bootstrap': False}",COMPLETE
742,0.7838709674890738,2024-07-08 12:40:44.399131,2024-07-08 12:41:24.886139,0 days 00:00:40.487008,RandomForestClassifier,Normalize_L1_1,,"[1, 1, 0, 0, 1, 0, 1, 1, 1, 1, 1, 1, 1, 0, 0, 0, 0, 0, 0, 0, 0, 0, 1, 1, 1, 1, 0, 0, 0, 1, 0, 0, 1, 0, 1, 0, 1, 1, 1, 0, 1, 1, 1, 0, 0, 0, 0, 1, 1]","{'n_estimators': 1000, 'max_features': 'sqrt', 'max_depth': 100, 'min_samples_split': 10, 'min_samples_leaf': 2, 'bootstrap': True}",COMPLETE
743,0.5258064514432882,2024-07-08 12:40:46.318139,2024-07-08 12:41:52.771129,0 days 00:01:06.452990,BaggingClassifier,StandardScaler,SMOTEENN,"[0, 1, 0, 0, 1, 0, 0, 1, 1, 0, 0, 1, 0, 1, 1, 1, 1, 1, 1, 1, 0, 0, 0, 0, 1, 0, 1, 0, 1, 1, 0, 1, 1, 0, 1, 1, 0, 1, 1, 0, 0, 1, 0, 0, 1, 0, 0, 1, 0]","{'n_estimators': 1000, 'max_samples': 0.1, 'max_features': 0.1, 'bootstrap': True, 'bootstrap_features': True}",COMPLETE
744,0.4290322579261186,2024-07-08 12:40:48.143125,2024-07-08 12:41:24.681124,0 days 00:00:36.537999,RandomForestClassifier,Normalize_L1_1,RandomOverSampler,"[0, 0, 0, 0, 1, 0, 0, 1, 1, 0, 1, 0, 0, 1, 1, 1, 0, 1, 0, 0, 1, 1, 0, 1, 1, 1, 1, 1, 0, 1, 1, 1, 1, 1, 1, 1, 0, 0, 0, 1, 1, 0, 1, 0, 1, 1, 1, 1, 1]","{'n_estimators': 500, 'max_features': 'log2', 'max_depth': 1000, 'min_samples_split': 100, 'min_samples_leaf': 1, 'bootstrap': False}",COMPLETE
745,0.0,2024-07-08 12:40:49.123123,2024-07-08 12:41:25.489123,0 days 00:00:36.366000,MLPClassifier,,,,,COMPLETE
746,0.2806451611997919,2024-07-08 12:40:51.062126,2024-07-08 12:41:34.205123,0 days 00:00:43.142997,RandomForestClassifier,Normalize_Max_1,SVMSMOTE,"[1, 1, 0, 1, 0, 1, 1, 1, 1, 1, 0, 0, 0, 1, 0, 0, 0, 0, 0, 0, 0, 1, 1, 1, 0, 1, 0, 0, 0, 0, 1, 0, 1, 0, 0, 0, 0, 1, 0, 0, 0, 0, 0, 0, 0, 0, 0, 1, 0]","{'n_estimators': 50, 'max_features': None, 'max_depth': 50, 'min_samples_split': 2, 'min_samples_leaf': 10, 'bootstrap': False}",COMPLETE
747,0.0,2024-07-08 12:40:52.030138,2024-07-08 12:41:23.080137,0 days 00:00:31.049999,RandomForestClassifier,Normalize_Max_1,,"[0, 1, 1, 0, 1, 0, 1, 1, 0, 1, 1, 0, 1, 1, 1, 1, 1, 1, 0, 0, 1, 1, 0, 0, 1, 0, 1, 0, 1, 0, 1, 1, 0, 0, 0, 1, 1, 0, 1, 0, 0, 0, 0, 1, 0, 0, 0, 0, 1]","{'n_estimators': 100, 'max_features': 'auto', 'max_depth': 50, 'min_samples_split': 200, 'min_samples_leaf': 1, 'bootstrap': False}",COMPLETE
748,0.7935483868407908,2024-07-08 12:40:52.839124,2024-07-08 12:41:52.216138,0 days 00:00:59.377014,ExtraTreesClassifier,Normalize_L1_1,,"[1, 0, 0, 0, 0, 0, 0, 1, 1, 1, 1, 0, 1, 1, 1, 0, 0, 1, 0, 0, 0, 1, 1, 1, 1, 1, 1, 1, 0, 1, 1, 1, 1, 1, 1, 0, 0, 1, 1, 1, 0, 1, 0, 1, 0, 1, 1, 1, 0]","{'n_estimators': 500, 'max_features': 'sqrt', 'max_depth': None, 'min_samples_split': 5, 'min_samples_leaf': 100, 'bootstrap': True}",COMPLETE
749,0.745161290082206,2024-07-08 12:40:56.129095,2024-07-08 12:41:38.795127,0 days 00:00:42.666032,BaggingClassifier,Normalize_L2_1,,"[1, 1, 1, 0, 0, 0, 1, 1, 1, 0, 1, 0, 0, 0, 0, 0, 1, 1, 1, 0, 1, 1, 0, 1, 0, 0, 1, 0, 0, 0, 1, 1, 1, 0, 0, 1, 1, 0, 0, 0, 0, 0, 1, 1, 0, 1, 0, 0, 1]","{'n_estimators': 100, 'max_samples': 1.0, 'max_features': 0.1, 'bootstrap': False, 'bootstrap_features': True}",COMPLETE
750,0.38709677406867843,2024-07-08 12:40:56.597131,2024-07-08 12:41:38.676147,0 days 00:00:42.079016,BaggingClassifier,Normalize_L2_1,SMOTEENN,"[1, 1, 0, 1, 0, 1, 1, 0, 0, 1, 1, 0, 1, 0, 1, 1, 1, 0, 1, 0, 1, 1, 1, 1, 0, 0, 1, 1, 0, 0, 1, 0, 0, 0, 1, 0, 0, 1, 0, 0, 0, 1, 1, 0, 1, 1, 0, 0, 1]","{'n_estimators': 100, 'max_samples': 1.0, 'max_features': 1.0, 'bootstrap': True, 'bootstrap_features': True}",COMPLETE
751,0.3354838708595213,2024-07-08 12:40:56.839130,2024-07-08 12:41:24.895137,0 days 00:00:28.056007,RandomForestClassifier,Normalize_L2_1,SVMSMOTE,"[1, 0, 0, 0, 0, 0, 1, 1, 1, 1, 0, 0, 1, 1, 1, 1, 1, 0, 0, 0, 0, 0, 0, 0, 0, 1, 0, 0, 0, 1, 0, 1, 1, 1, 1, 0, 1, 1, 1, 1, 0, 0, 0, 0, 1, 0, 1, 0, 0]","{'n_estimators': 100, 'max_features': 'log2', 'max_depth': 200, 'min_samples_split': 200, 'min_samples_leaf': 1, 'bootstrap': False}",COMPLETE
752,0.3741935482663892,2024-07-08 12:40:57.263136,2024-07-08 12:41:37.472130,0 days 00:00:40.208994,RandomForestClassifier,Normalize_L2_1,SVMSMOTE,"[1, 1, 1, 0, 1, 1, 1, 0, 0, 1, 0, 1, 0, 0, 1, 0, 1, 1, 0, 0, 1, 1, 0, 1, 0, 1, 0, 1, 1, 1, 0, 0, 0, 1, 0, 1, 0, 1, 1, 0, 0, 1, 0, 0, 1, 0, 1, 0, 0]","{'n_estimators': 1000, 'max_features': 'log2', 'max_depth': 10, 'min_samples_split': 2, 'min_samples_leaf': 50, 'bootstrap': False}",COMPLETE
753,0.0,2024-07-08 12:40:58.495141,2024-07-08 12:41:37.344125,0 days 00:00:38.848984,BaggingClassifier,Normalize_L2_1,KMeansSMOTE,,"{'n_estimators': 500, 'max_samples': 0.1, 'max_features': 1.0, 'bootstrap': True, 'bootstrap_features': True}",COMPLETE
754,0.42258064502497394,2024-07-08 12:40:59.963138,2024-07-08 12:41:37.587123,0 days 00:00:37.623985,BaggingClassifier,Normalize_L2_1,SMOTEENN,"[1, 0, 0, 0, 1, 1, 0, 0, 0, 0, 0, 0, 0, 0, 1, 1, 1, 1, 1, 0, 0, 1, 1, 1, 0, 1, 1, 0, 1, 0, 0, 1, 1, 0, 1, 1, 0, 1, 1, 0, 0, 1, 0, 1, 0, 1, 1, 1, 1]","{'n_estimators': 100, 'max_samples': 0.5, 'max_features': 0.1, 'bootstrap': False, 'bootstrap_features': True}",COMPLETE
755,0.0,2024-07-08 12:41:00.266094,2024-07-08 12:41:41.691122,0 days 00:00:41.425028,BaggingClassifier,,KMeansSMOTE,,"{'n_estimators': 200, 'max_samples': 1.0, 'max_features': 0.5, 'bootstrap': False, 'bootstrap_features': True}",COMPLETE
756,0.5967741933558792,2024-07-08 12:41:00.795095,2024-07-08 12:41:35.937124,0 days 00:00:35.142029,BaggingClassifier,StandardScaler,SMOTEENN,"[0, 1, 1, 1, 0, 1, 0, 0, 1, 0, 0, 0, 1, 1, 0, 1, 1, 0, 0, 0, 1, 0, 0, 1, 1, 1, 1, 0, 0, 0, 1, 0, 0, 1, 1, 0, 0, 1, 0, 0, 1, 0, 0, 0, 1, 1, 0, 1, 1]","{'n_estimators': 10, 'max_samples': 0.1, 'max_features': 0.5, 'bootstrap': False, 'bootstrap_features': True}",COMPLETE
757,0.0,2024-07-08 12:41:01.060138,2024-07-08 12:41:46.839137,0 days 00:00:45.778999,SVC,Normalize_L1_1,,"[0, 0, 0, 1, 0, 0, 1, 1, 0, 0, 1, 0, 0, 0, 1, 1, 0, 1, 0, 1, 1, 0, 1, 0, 1, 1, 0, 0, 0, 1, 1, 1, 0, 1, 1, 1, 0, 1, 0, 0, 1, 1, 1, 0, 0, 1, 0, 0, 0]","{'C': 0.01, 'kernel': 'poly', 'degree': 3, 'gamma': '1', 'coef0': 1.0, 'shrinking': False, 'probability': True, 'class_weight': 'balanced', 'decision_function_shape': 'ovo'}",COMPLETE
758,0.0,2024-07-08 12:41:01.977126,2024-07-08 12:41:38.671138,0 days 00:00:36.694012,BaggingClassifier,,SMOTEENN,,"{'n_estimators': 1000, 'max_samples': 1.0, 'max_features': 0.1, 'bootstrap': True, 'bootstrap_features': False}",COMPLETE
759,0.5967741933558792,2024-07-08 12:41:08.016127,2024-07-08 12:41:37.845141,0 days 00:00:29.829014,BaggingClassifier,StandardScaler,SMOTEENN,"[1, 0, 0, 0, 1, 0, 1, 0, 0, 0, 0, 0, 0, 1, 1, 0, 1, 1, 1, 0, 1, 1, 1, 0, 1, 1, 0, 1, 0, 0, 1, 0, 1, 1, 1, 0, 1, 1, 1, 1, 0, 1, 0, 1, 1, 1, 0, 1, 1]","{'n_estimators': 10, 'max_samples': 0.5, 'max_features': 1.0, 'bootstrap': True, 'bootstrap_features': True}",COMPLETE
760,0.0,2024-07-08 12:41:18.243147,2024-07-08 12:41:41.085123,0 days 00:00:22.841976,GradientBoostingClassifier,,,,"{'n_estimators': 100, 'learning_rate': 0.01, 'max_depth': 7, 'min_samples_split': 5, 'min_samples_leaf': 50, 'subsample': 1.0, 'max_features': 'auto'}",COMPLETE
761,0.0,2024-07-08 12:41:19.483092,2024-07-08 12:41:36.968139,0 days 00:00:17.485047,BaggingClassifier,StandardScaler,KMeansSMOTE,,"{'n_estimators': 10, 'max_samples': 0.5, 'max_features': 0.1, 'bootstrap': True, 'bootstrap_features': True}",COMPLETE
762,0.7483870965327784,2024-07-08 12:41:20.991122,2024-07-08 12:41:41.183137,0 days 00:00:20.192015,DecisionTreeClassifier,Normalize_L1_1,,"[1, 0, 1, 0, 0, 1, 1, 1, 1, 0, 1, 0, 1, 1, 0, 0, 0, 0, 1, 1, 0, 1, 0, 1, 0, 0, 0, 1, 0, 1, 1, 1, 1, 0, 1, 0, 1, 1, 0, 0, 1, 0, 1, 0, 0, 0, 1, 1, 0]","{'max_depth': 10, 'min_samples_split': 2, 'min_samples_leaf': 1, 'max_features': None, 'splitter': 'random'}",COMPLETE
763,0.7774193545879292,2024-07-08 12:41:22.199139,2024-07-08 12:41:41.625139,0 days 00:00:19.426000,KNeighborsClassifier,Normalize_L1_1,,"[0, 0, 0, 0, 0, 1, 0, 0, 1, 1, 0, 1, 0, 1, 1, 1, 1, 0, 1, 0, 0, 0, 1, 1, 1, 0, 1, 0, 0, 0, 0, 1, 0, 0, 0, 1, 1, 0, 0, 0, 0, 1, 0, 0, 0, 1, 1, 1, 1]","{'n_neighbors': 5, 'weights': 'uniform', 'algorithm': 'auto', 'leaf_size': 20, 'p': 1, 'metric': 'minkowski'}",COMPLETE
764,0.0,2024-07-08 12:41:22.314124,2024-07-08 12:41:38.672138,0 days 00:00:16.358014,SVC,Normalize_L2_1,,"[0, 0, 1, 1, 1, 1, 1, 0, 0, 1, 0, 1, 0, 1, 0, 0, 1, 1, 1, 0, 1, 0, 1, 1, 0, 0, 1, 1, 0, 1, 1, 1, 0, 1, 1, 0, 0, 0, 1, 0, 0, 1, 1, 1, 1, 1, 1, 0, 0]","{'C': 0.1, 'kernel': 'sigmoid', 'degree': 5, 'gamma': '1', 'coef0': 0.5, 'shrinking': False, 'probability': False, 'class_weight': 'balanced', 'decision_function_shape': 'ovo'}",COMPLETE
765,0.7967741932913631,2024-07-08 12:41:22.429138,2024-07-08 12:42:14.486149,0 days 00:00:52.057011,RandomForestClassifier,Normalize_L1_1,,"[1, 1, 1, 1, 0, 1, 1, 0, 1, 0, 0, 1, 1, 0, 1, 0, 0, 1, 1, 0, 0, 1, 1, 1, 0, 1, 0, 0, 0, 1, 1, 0, 0, 1, 1, 1, 0, 1, 0, 0, 1, 1, 0, 0, 1, 1, 0, 1, 1]","{'n_estimators': 2000, 'max_features': 'log2', 'max_depth': 50, 'min_samples_split': 2, 'min_samples_leaf': 2, 'bootstrap': True}",COMPLETE
