number,value,datetime_start,datetime_complete,duration,params_model,params_normTechnique,params_sampleTechnique,user_attrs_binIndices,user_attrs_hyperparams,state
107,0.3032258063537981,2024-07-08 12:34:53.048579,2024-07-08 12:35:42.847316,0 days 00:00:49.798737,GradientBoostingClassifier,Normalize_L2_0,ADASYN,"[1, 1, 1, 0, 0, 0, 1, 0, 0, 0, 1, 1, 1, 0, 0, 0, 1, 0, 1, 0, 1, 0, 1, 0, 1, 0, 0, 1, 1, 1, 1, 1, 0, 1, 1, 0, 1, 0, 1, 0, 1, 0, 1, 1, 1, 1, 1, 0, 0]","{'n_estimators': 500, 'learning_rate': 0.01, 'max_depth': 7, 'min_samples_split': 100, 'min_samples_leaf': 50, 'subsample': 1.0, 'max_features': None}",COMPLETE
108,0.7935483868407908,2024-07-08 12:34:53.887577,2024-07-08 12:35:08.226579,0 days 00:00:14.339002,XGBClassifier,Normalize_L2_0,,"[1, 1, 0, 1, 1, 0, 0, 1, 0, 0, 1, 1, 0, 0, 0, 1, 1, 0, 0, 1, 0, 1, 0, 0, 1, 0, 0, 1, 1, 1, 1, 0, 0, 1, 1, 1, 1, 0, 0, 1, 1, 0, 1, 0, 1, 1, 0, 0, 0]","{'n_estimators': 10, 'learning_rate': 0.5, 'max_depth': 3, 'min_child_weight': 3, 'subsample': 0.7, 'colsample_bytree': 1.0, 'gamma': 0.0, 'reg_alpha': 0.1, 'reg_lambda': 1.0}",COMPLETE
109,0.7935483868407908,2024-07-08 12:34:54.134577,2024-07-08 12:35:00.982577,0 days 00:00:06.848000,XGBClassifier,Normalize_L2_0,,"[0, 0, 1, 1, 1, 0, 1, 1, 1, 0, 0, 0, 1, 0, 1, 0, 0, 1, 1, 0, 0, 1, 1, 1, 1, 0, 0, 0, 0, 1, 0, 0, 0, 1, 1, 1, 1, 1, 0, 0, 1, 0, 0, 0, 0, 1, 1, 0, 1]","{'n_estimators': 1000, 'learning_rate': 0.01, 'max_depth': 3, 'min_child_weight': 5, 'subsample': 1.0, 'colsample_bytree': 1.0, 'gamma': 0.5, 'reg_alpha': 0.1, 'reg_lambda': 1.0}",COMPLETE
110,0.4645161288824141,2024-07-08 12:34:54.279580,2024-07-08 12:35:10.393579,0 days 00:00:16.113999,RandomForestClassifier,Normalize_L2_0,RandomUnderSampler,"[0, 1, 0, 1, 1, 0, 1, 1, 0, 1, 1, 1, 1, 0, 0, 1, 1, 1, 1, 0, 1, 0, 1, 0, 1, 0, 0, 0, 0, 0, 0, 1, 1, 1, 1, 0, 0, 1, 0, 0, 1, 1, 0, 0, 0, 1, 1, 1, 0]","{'n_estimators': 200, 'max_features': 'sqrt', 'max_depth': 10, 'min_samples_split': 5, 'min_samples_leaf': 2, 'bootstrap': False}",COMPLETE
111,0.7032258062247658,2024-07-08 12:34:54.441579,2024-07-08 12:35:00.680579,0 days 00:00:06.239000,XGBClassifier,Normalize_L2_0,,"[1, 1, 1, 0, 0, 1, 0, 0, 0, 1, 0, 1, 1, 0, 1, 0, 1, 0, 0, 1, 0, 1, 1, 1, 0, 1, 0, 1, 0, 1, 0, 0, 0, 1, 0, 0, 0, 0, 0, 1, 0, 1, 0, 1, 1, 1, 1, 0, 1]","{'n_estimators': 100, 'learning_rate': 1.0, 'max_depth': 9, 'min_child_weight': 3, 'subsample': 0.5, 'colsample_bytree': 1.0, 'gamma': 1.0, 'reg_alpha': 0.0, 'reg_lambda': 0.0}",COMPLETE
112,0.7419354836316336,2024-07-08 12:34:55.219577,2024-07-08 12:35:05.645578,0 days 00:00:10.426001,XGBClassifier,Normalize_L2_0,,"[0, 1, 0, 1, 1, 1, 0, 1, 1, 0, 0, 0, 0, 1, 0, 0, 0, 1, 1, 0, 0, 1, 1, 1, 1, 0, 1, 1, 1, 0, 0, 0, 1, 1, 1, 0, 0, 0, 0, 1, 1, 0, 1, 0, 1, 1, 1, 0, 1]","{'n_estimators': 100, 'learning_rate': 0.5, 'max_depth': 7, 'min_child_weight': 3, 'subsample': 0.7, 'colsample_bytree': 0.7, 'gamma': 0.1, 'reg_alpha': 0.0, 'reg_lambda': 0.0}",COMPLETE
113,0.0,2024-07-08 12:34:56.370577,2024-07-08 12:35:08.759577,0 days 00:00:12.389000,RandomForestClassifier,Normalize_L2_0,RandomUnderSampler,"[1, 0, 0, 0, 0, 0, 0, 1, 0, 1, 0, 0, 0, 0, 0, 1, 0, 0, 0, 1, 1, 0, 1, 1, 1, 1, 0, 1, 1, 0, 0, 1, 0, 0, 1, 1, 1, 0, 0, 0, 1, 1, 0, 0, 1, 0, 1, 1, 1]","{'n_estimators': 2000, 'max_features': 'auto', 'max_depth': 500, 'min_samples_split': 200, 'min_samples_leaf': 10, 'bootstrap': True}",COMPLETE
114,0.32580645150780435,2024-07-08 12:34:56.604581,2024-07-08 12:35:52.347316,0 days 00:00:55.742735,RandomForestClassifier,Normalize_L2_0,RandomUnderSampler,"[0, 1, 1, 1, 0, 0, 0, 1, 0, 1, 0, 1, 1, 1, 0, 0, 1, 1, 1, 1, 1, 0, 1, 0, 1, 1, 1, 1, 0, 1, 0, 1, 0, 1, 1, 0, 1, 0, 0, 1, 1, 1, 1, 0, 0, 1, 1, 1, 0]","{'n_estimators': 2000, 'max_features': None, 'max_depth': 200, 'min_samples_split': 100, 'min_samples_leaf': 2, 'bootstrap': False}",COMPLETE
115,0.7935483868407908,2024-07-08 12:34:56.767578,2024-07-08 12:35:05.805576,0 days 00:00:09.037998,XGBClassifier,Normalize_L2_0,,"[0, 0, 1, 0, 1, 0, 1, 1, 1, 0, 0, 1, 0, 0, 0, 0, 0, 0, 0, 0, 0, 1, 1, 1, 1, 0, 0, 1, 0, 0, 0, 0, 1, 1, 0, 0, 0, 1, 0, 0, 0, 1, 0, 0, 0, 0, 1, 1, 0]","{'n_estimators': 50, 'learning_rate': 10.0, 'max_depth': 3, 'min_child_weight': 3, 'subsample': 1.0, 'colsample_bytree': 0.5, 'gamma': 0.0, 'reg_alpha': 1.0, 'reg_lambda': 1.0}",COMPLETE
116,0.35806451601352757,2024-07-08 12:34:56.917580,2024-07-08 12:35:11.802579,0 days 00:00:14.884999,RandomForestClassifier,Normalize_L2_0,RandomUnderSampler,"[0, 0, 1, 1, 0, 0, 1, 0, 0, 1, 1, 1, 0, 0, 0, 1, 1, 1, 0, 1, 0, 0, 0, 1, 0, 1, 0, 0, 1, 0, 1, 0, 0, 1, 0, 1, 1, 0, 1, 0, 1, 1, 0, 1, 1, 1, 0, 0, 0]","{'n_estimators': 1000, 'max_features': 'log2', 'max_depth': 500, 'min_samples_split': 50, 'min_samples_leaf': 50, 'bootstrap': False}",COMPLETE
117,0.39032258051925073,2024-07-08 12:34:57.467580,2024-07-08 12:35:41.794312,0 days 00:00:44.326732,RandomForestClassifier,Normalize_L2_0,SVMSMOTE,"[0, 0, 1, 1, 0, 1, 1, 0, 1, 1, 1, 1, 0, 0, 0, 0, 0, 0, 1, 0, 1, 1, 1, 1, 0, 0, 1, 0, 0, 1, 1, 0, 1, 0, 1, 0, 1, 1, 0, 1, 1, 1, 1, 0, 1, 1, 1, 0, 0]","{'n_estimators': 500, 'max_features': None, 'max_depth': 10, 'min_samples_split': 10, 'min_samples_leaf': 5, 'bootstrap': False}",COMPLETE
118,0.7870967739396462,2024-07-08 12:34:57.697577,2024-07-08 12:35:10.772579,0 days 00:00:13.075002,RandomForestClassifier,Normalize_L2_0,,"[0, 0, 1, 0, 0, 0, 0, 1, 0, 0, 1, 1, 0, 1, 0, 1, 0, 1, 1, 0, 0, 1, 1, 0, 1, 0, 1, 1, 0, 1, 1, 0, 1, 0, 0, 0, 1, 0, 1, 0, 1, 1, 1, 0, 0, 1, 0, 1, 0]","{'n_estimators': 200, 'max_features': 'sqrt', 'max_depth': 10, 'min_samples_split': 50, 'min_samples_leaf': 5, 'bootstrap': True}",COMPLETE
119,0.43870967727783555,2024-07-08 12:34:57.803577,2024-07-08 12:35:16.643872,0 days 00:00:18.840295,RandomForestClassifier,Normalize_L2_0,RandomUnderSampler,"[1, 1, 0, 0, 1, 0, 1, 0, 0, 1, 0, 0, 1, 1, 1, 1, 1, 0, 1, 1, 1, 0, 1, 1, 0, 1, 0, 1, 0, 1, 0, 1, 0, 1, 0, 0, 0, 0, 0, 1, 1, 1, 0, 0, 0, 1, 1, 0, 1]","{'n_estimators': 500, 'max_features': None, 'max_depth': 10, 'min_samples_split': 10, 'min_samples_leaf': 10, 'bootstrap': False}",COMPLETE
120,0.34516129021123826,2024-07-08 12:34:58.284580,2024-07-08 12:35:09.275581,0 days 00:00:10.991001,RandomForestClassifier,Normalize_L2_0,ADASYN,"[0, 1, 1, 1, 0, 1, 0, 0, 0, 0, 1, 1, 0, 0, 0, 1, 0, 0, 0, 0, 1, 0, 1, 0, 1, 0, 0, 1, 0, 1, 0, 0, 1, 1, 0, 0, 1, 1, 0, 1, 0, 1, 0, 1, 0, 0, 0, 0, 0]","{'n_estimators': 100, 'max_features': 'sqrt', 'max_depth': 100, 'min_samples_split': 10, 'min_samples_leaf': 2, 'bootstrap': True}",COMPLETE
121,0.0,2024-07-08 12:34:58.644579,2024-07-08 12:35:14.078875,0 days 00:00:15.434296,XGBClassifier,,SVMSMOTE,,"{'n_estimators': 10, 'learning_rate': 0.01, 'max_depth': 9, 'min_child_weight': 1, 'subsample': 0.7, 'colsample_bytree': 0.7, 'gamma': 1.0, 'reg_alpha': 0.1, 'reg_lambda': 1.0}",COMPLETE
122,0.0,2024-07-08 12:34:58.779580,2024-07-08 12:35:09.125578,0 days 00:00:10.345998,RandomForestClassifier,Normalize_L2_0,ADASYN,"[0, 0, 0, 1, 1, 1, 0, 1, 0, 1, 1, 0, 0, 0, 1, 1, 0, 1, 1, 1, 1, 0, 0, 1, 1, 1, 0, 1, 1, 1, 0, 1, 0, 0, 1, 0, 1, 1, 0, 1, 1, 0, 1, 1, 1, 0, 1, 0, 1]","{'n_estimators': 10, 'max_features': 'auto', 'max_depth': 500, 'min_samples_split': 100, 'min_samples_leaf': 5, 'bootstrap': False}",COMPLETE
123,0.5225806449927158,2024-07-08 12:34:58.998581,2024-07-08 12:35:16.950876,0 days 00:00:17.952295,RandomForestClassifier,Normalize_L2_0,RandomUnderSampler,"[0, 0, 0, 0, 0, 0, 1, 1, 0, 0, 0, 1, 0, 1, 0, 1, 0, 1, 0, 1, 0, 0, 1, 1, 1, 0, 0, 0, 0, 0, 0, 0, 1, 1, 0, 0, 1, 0, 1, 0, 1, 0, 1, 1, 1, 0, 1, 0, 0]","{'n_estimators': 100, 'max_features': None, 'max_depth': 1000, 'min_samples_split': 5, 'min_samples_leaf': 10, 'bootstrap': True}",COMPLETE
124,0.7838709674890738,2024-07-08 12:34:59.390577,2024-07-08 12:35:08.150578,0 days 00:00:08.760001,RandomForestClassifier,Normalize_L2_0,,"[1, 1, 1, 0, 0, 1, 0, 1, 1, 0, 1, 1, 1, 0, 1, 1, 0, 0, 0, 0, 1, 1, 1, 1, 1, 1, 1, 1, 1, 1, 1, 0, 0, 1, 1, 0, 1, 1, 0, 0, 0, 1, 0, 0, 1, 0, 1, 1, 1]","{'n_estimators': 50, 'max_features': 'log2', 'max_depth': 10, 'min_samples_split': 100, 'min_samples_leaf': 10, 'bootstrap': False}",COMPLETE
125,0.0,2024-07-08 12:34:59.446578,2024-07-08 12:35:17.374872,0 days 00:00:17.928294,GradientBoostingClassifier,RobustScaler,,"[0, 1, 0, 0, 0, 0, 1, 0, 1, 0, 1, 0, 0, 1, 1, 1, 1, 1, 1, 1, 1, 0, 1, 1, 1, 1, 0, 1, 0, 1, 0, 1, 0, 1, 0, 1, 0, 1, 1, 0, 0, 0, 0, 1, 1, 0, 0, 0, 0]","{'n_estimators': 100, 'learning_rate': 0.1, 'max_depth': 5, 'min_samples_split': 2, 'min_samples_leaf': 1, 'subsample': 1.0, 'max_features': 'auto'}",COMPLETE
126,0.2741935482986472,2024-07-08 12:34:59.496581,2024-07-08 12:35:23.471873,0 days 00:00:23.975292,XGBClassifier,Normalize_L2_0,SMOTETomek,"[0, 0, 1, 1, 0, 0, 0, 0, 1, 1, 1, 1, 1, 0, 0, 0, 0, 1, 1, 0, 0, 0, 1, 1, 0, 0, 1, 1, 0, 1, 1, 1, 1, 0, 0, 0, 0, 1, 1, 0, 1, 0, 1, 0, 0, 1, 0, 1, 0]","{'n_estimators': 200, 'learning_rate': 0.01, 'max_depth': 3, 'min_child_weight': 5, 'subsample': 0.5, 'colsample_bytree': 0.7, 'gamma': 1.0, 'reg_alpha': 0.1, 'reg_lambda': 1.0}",COMPLETE
127,0.0,2024-07-08 12:35:00.145580,2024-07-08 12:35:12.607881,0 days 00:00:12.462301,XGBClassifier,,SVMSMOTE,,"{'n_estimators': 50, 'learning_rate': 0.5, 'max_depth': 5, 'min_child_weight': 1, 'subsample': 0.7, 'colsample_bytree': 1.0, 'gamma': 0.0, 'reg_alpha': 0.0, 'reg_lambda': 1.0}",COMPLETE
128,0.0,2024-07-08 12:35:00.332579,2024-07-08 12:35:12.814873,0 days 00:00:12.482294,SVC,,SVMSMOTE,,"{'C': 1.0, 'kernel': 'linear', 'degree': 3, 'gamma': '1', 'coef0': 2.0, 'shrinking': False, 'probability': False, 'class_weight': None, 'decision_function_shape': 'ovr'}",COMPLETE
129,0.5129032256409989,2024-07-08 12:35:00.514577,2024-07-08 12:35:13.396873,0 days 00:00:12.882296,RandomForestClassifier,Normalize_L2_0,RandomUnderSampler,"[0, 0, 0, 0, 0, 1, 0, 0, 1, 1, 1, 0, 0, 1, 0, 0, 0, 1, 0, 1, 0, 0, 0, 1, 1, 1, 1, 1, 1, 0, 0, 1, 1, 1, 0, 0, 0, 1, 1, 1, 1, 0, 0, 1, 1, 1, 1, 0, 1]","{'n_estimators': 100, 'max_features': None, 'max_depth': 100, 'min_samples_split': 2, 'min_samples_leaf': 2, 'bootstrap': False}",COMPLETE
130,0.5967741933558792,2024-07-08 12:35:00.639578,2024-07-08 12:35:21.606873,0 days 00:00:20.967295,XGBClassifier,Normalize_L2_0,,"[1, 0, 0, 0, 0, 1, 0, 1, 0, 1, 0, 1, 0, 1, 1, 0, 0, 0, 1, 1, 0, 1, 1, 0, 0, 0, 1, 1, 1, 1, 1, 0, 0, 0, 1, 0, 0, 1, 0, 1, 1, 0, 0, 0, 0, 0, 1, 1, 0]","{'n_estimators': 1000, 'learning_rate': 10.0, 'max_depth': 7, 'min_child_weight': 3, 'subsample': 0.5, 'colsample_bytree': 1.0, 'gamma': 0.1, 'reg_alpha': 0.1, 'reg_lambda': 1.0}",COMPLETE
131,0.0,2024-07-08 12:35:00.858577,2024-07-08 12:35:13.460875,0 days 00:00:12.602298,XGBClassifier,,SVMSMOTE,,"{'n_estimators': 10, 'learning_rate': 0.01, 'max_depth': 3, 'min_child_weight': 3, 'subsample': 0.7, 'colsample_bytree': 1.0, 'gamma': 0.1, 'reg_alpha': 0.0, 'reg_lambda': 0.1}",COMPLETE
132,0.0,2024-07-08 12:35:00.950577,2024-07-08 12:35:11.999577,0 days 00:00:11.049000,SVC,,SVMSMOTE,,"{'C': 1.0, 'kernel': 'sigmoid', 'degree': 2, 'gamma': '0.001', 'coef0': 0.5, 'shrinking': False, 'probability': True, 'class_weight': None, 'decision_function_shape': 'ovr'}",COMPLETE
133,0.0,2024-07-08 12:35:01.065578,2024-07-08 12:35:16.189874,0 days 00:00:15.124296,GradientBoostingClassifier,RobustScaler,,"[0, 1, 1, 0, 0, 0, 1, 0, 0, 1, 1, 1, 0, 1, 0, 0, 1, 1, 1, 1, 1, 0, 1, 1, 1, 1, 1, 1, 1, 1, 1, 0, 1, 0, 1, 0, 1, 0, 1, 0, 1, 0, 1, 1, 0, 1, 0, 1, 0]","{'n_estimators': 10, 'learning_rate': 0.01, 'max_depth': 3, 'min_samples_split': 5, 'min_samples_leaf': 2, 'subsample': 1.0, 'max_features': 'auto'}",COMPLETE
134,0.0,2024-07-08 12:35:01.272582,2024-07-08 12:35:10.773581,0 days 00:00:09.500999,SVC,,RandomUnderSampler,,"{'C': 0.1, 'kernel': 'rbf', 'degree': 4, 'gamma': 'auto', 'coef0': 0.1, 'shrinking': False, 'probability': False, 'class_weight': None, 'decision_function_shape': 'ovo'}",COMPLETE
135,0.3709677418158168,2024-07-08 12:35:01.485579,2024-07-08 12:35:18.060873,0 days 00:00:16.575294,GradientBoostingClassifier,Normalize_L2_0,NearMiss,"[0, 0, 1, 1, 0, 1, 0, 0, 1, 0, 1, 0, 1, 1, 0, 0, 1, 0, 1, 0, 0, 1, 0, 1, 1, 0, 0, 1, 0, 1, 1, 1, 1, 0, 0, 1, 1, 0, 1, 0, 1, 0, 0, 1, 0, 0, 0, 1, 0]","{'n_estimators': 10, 'learning_rate': 0.5, 'max_depth': 5, 'min_samples_split': 2, 'min_samples_leaf': 1, 'subsample': 1.0, 'max_features': None}",COMPLETE
136,0.7193548384776274,2024-07-08 12:35:03.074576,2024-07-08 12:35:18.482875,0 days 00:00:15.408299,XGBClassifier,Normalize_L2_0,,"[1, 0, 0, 0, 0, 1, 0, 1, 1, 0, 1, 1, 0, 1, 0, 1, 1, 0, 1, 0, 0, 0, 1, 0, 1, 1, 0, 0, 1, 0, 1, 0, 0, 0, 1, 0, 1, 1, 0, 1, 0, 0, 0, 1, 0, 0, 1, 0, 0]","{'n_estimators': 100, 'learning_rate': 10.0, 'max_depth': 5, 'min_child_weight': 3, 'subsample': 0.7, 'colsample_bytree': 0.7, 'gamma': 0.5, 'reg_alpha': 0.0, 'reg_lambda': 1.0}",COMPLETE
137,0.7258064513787721,2024-07-08 12:35:03.778578,2024-07-08 12:35:17.344872,0 days 00:00:13.566294,XGBClassifier,RobustScaler,,"[0, 0, 0, 1, 1, 1, 1, 0, 0, 1, 1, 0, 0, 1, 0, 0, 1, 0, 0, 0, 0, 1, 1, 0, 0, 0, 1, 0, 0, 1, 0, 1, 0, 0, 1, 1, 1, 0, 1, 0, 0, 0, 0, 1, 1, 1, 1, 0, 0]","{'n_estimators': 1000, 'learning_rate': 1.0, 'max_depth': 9, 'min_child_weight': 5, 'subsample': 0.5, 'colsample_bytree': 1.0, 'gamma': 1.0, 'reg_alpha': 1.0, 'reg_lambda': 0.0}",COMPLETE
138,0.4451612901789802,2024-07-08 12:35:03.851578,2024-07-08 12:35:14.083876,0 days 00:00:10.232298,XGBClassifier,RobustScaler,NearMiss,"[0, 1, 1, 1, 1, 1, 0, 1, 1, 1, 0, 1, 1, 1, 1, 0, 1, 0, 1, 0, 0, 1, 1, 0, 1, 0, 1, 1, 0, 0, 1, 0, 0, 1, 1, 1, 1, 0, 1, 0, 0, 1, 0, 1, 0, 1, 0, 1, 0]","{'n_estimators': 200, 'learning_rate': 0.01, 'max_depth': 5, 'min_child_weight': 10, 'subsample': 1.0, 'colsample_bytree': 1.0, 'gamma': 0.1, 'reg_alpha': 0.1, 'reg_lambda': 0.0}",COMPLETE
139,0.0,2024-07-08 12:35:04.355579,2024-07-08 12:35:13.166872,0 days 00:00:08.811293,SVC,,SVMSMOTE,,"{'C': 0.01, 'kernel': 'poly', 'degree': 3, 'gamma': '0.001', 'coef0': 0.0, 'shrinking': True, 'probability': False, 'class_weight': 'balanced', 'decision_function_shape': 'ovr'}",COMPLETE
140,0.0,2024-07-08 12:35:05.170577,2024-07-08 12:35:12.004578,0 days 00:00:06.834001,XGBClassifier,,,,"{'n_estimators': 100, 'learning_rate': 0.01, 'max_depth': 5, 'min_child_weight': 1, 'subsample': 0.5, 'colsample_bytree': 0.7, 'gamma': 1.0, 'reg_alpha': 0.1, 'reg_lambda': 0.1}",COMPLETE
141,0.7935483868407908,2024-07-08 12:35:05.416577,2024-07-08 12:35:17.742875,0 days 00:00:12.326298,XGBClassifier,Normalize_L2_0,,"[1, 0, 1, 0, 1, 0, 1, 1, 1, 1, 1, 1, 1, 0, 0, 0, 1, 0, 0, 1, 0, 1, 0, 1, 0, 0, 1, 0, 1, 1, 1, 1, 0, 0, 1, 0, 1, 0, 0, 0, 0, 1, 0, 0, 0, 0, 0, 0, 0]","{'n_estimators': 100, 'learning_rate': 0.5, 'max_depth': 7, 'min_child_weight': 3, 'subsample': 1.0, 'colsample_bytree': 1.0, 'gamma': 0.5, 'reg_alpha': 0.1, 'reg_lambda': 0.1}",COMPLETE
142,0.0,2024-07-08 12:35:05.906580,2024-07-08 12:35:17.661875,0 days 00:00:11.755295,MLPClassifier,,,,,COMPLETE
143,0.6580645159167533,2024-07-08 12:35:06.143581,2024-07-08 12:35:16.707875,0 days 00:00:10.564294,XGBClassifier,Normalize_L2_1,SVMSMOTE,"[1, 1, 1, 1, 0, 1, 0, 1, 0, 1, 1, 0, 1, 1, 0, 0, 1, 1, 1, 0, 1, 0, 1, 0, 0, 1, 1, 1, 0, 1, 0, 0, 0, 0, 0, 0, 0, 0, 0, 1, 0, 1, 1, 0, 0, 0, 0, 1, 1]","{'n_estimators': 200, 'learning_rate': 0.01, 'max_depth': 5, 'min_child_weight': 10, 'subsample': 1.0, 'colsample_bytree': 0.7, 'gamma': 0.5, 'reg_alpha': 1.0, 'reg_lambda': 0.0}",COMPLETE
144,0.0,2024-07-08 12:35:06.387580,2024-07-08 12:35:14.634874,0 days 00:00:08.247294,GradientBoostingClassifier,Normalize_L2_1,,"[0, 1, 1, 0, 1, 0, 0, 0, 1, 1, 0, 0, 0, 0, 1, 1, 1, 1, 0, 0, 1, 1, 1, 0, 1, 0, 0, 0, 1, 0, 1, 0, 1, 0, 1, 1, 0, 0, 1, 0, 1, 0, 1, 0, 0, 0, 0, 1, 1]","{'n_estimators': 200, 'learning_rate': 0.1, 'max_depth': 5, 'min_samples_split': 2, 'min_samples_leaf': 5, 'subsample': 0.7, 'max_features': 'auto'}",COMPLETE
145,0.36451612891467217,2024-07-08 12:35:06.562581,2024-07-08 12:35:12.939871,0 days 00:00:06.377290,XGBClassifier,StandardScaler,SMOTEENN,"[0, 0, 1, 0, 1, 0, 1, 0, 1, 0, 1, 0, 0, 1, 0, 1, 1, 1, 1, 1, 1, 1, 0, 1, 0, 1, 0, 0, 0, 1, 0, 0, 1, 0, 0, 0, 1, 1, 1, 1, 0, 0, 1, 0, 1, 1, 0, 0, 1]","{'n_estimators': 10, 'learning_rate': 0.01, 'max_depth': 5, 'min_child_weight': 3, 'subsample': 1.0, 'colsample_bytree': 0.7, 'gamma': 1.0, 'reg_alpha': 0.1, 'reg_lambda': 0.0}",COMPLETE
146,0.7806451610385015,2024-07-08 12:35:07.254577,2024-07-08 12:35:18.664875,0 days 00:00:11.410298,XGBClassifier,Normalize_L2_0,,"[0, 0, 0, 0, 0, 0, 1, 0, 0, 1, 1, 1, 0, 0, 0, 0, 1, 0, 0, 0, 1, 1, 1, 0, 0, 1, 1, 1, 1, 0, 1, 0, 1, 1, 1, 1, 1, 0, 0, 0, 1, 0, 0, 1, 1, 0, 1, 0, 0]","{'n_estimators': 10, 'learning_rate': 0.5, 'max_depth': 5, 'min_child_weight': 10, 'subsample': 0.5, 'colsample_bytree': 0.7, 'gamma': 0.0, 'reg_alpha': 0.1, 'reg_lambda': 1.0}",COMPLETE
147,0.7903225803902184,2024-07-08 12:35:07.347576,2024-07-08 12:35:16.882873,0 days 00:00:09.535297,GradientBoostingClassifier,Normalize_L2_1,,"[0, 0, 0, 0, 0, 0, 0, 0, 0, 0, 0, 1, 1, 1, 1, 0, 0, 1, 1, 1, 1, 0, 0, 0, 1, 1, 1, 0, 1, 0, 0, 0, 0, 1, 1, 1, 1, 1, 0, 1, 0, 0, 1, 0, 0, 1, 0, 1, 0]","{'n_estimators': 200, 'learning_rate': 1.0, 'max_depth': 9, 'min_samples_split': 100, 'min_samples_leaf': 100, 'subsample': 1.0, 'max_features': 'log2'}",COMPLETE
148,0.7677419352362123,2024-07-08 12:35:07.891579,2024-07-08 12:35:18.084874,0 days 00:00:10.193295,XGBClassifier,Normalize_L2_1,,"[0, 0, 1, 0, 0, 1, 1, 0, 1, 0, 0, 1, 0, 0, 1, 0, 0, 0, 0, 1, 1, 0, 1, 1, 1, 1, 1, 0, 1, 1, 0, 1, 0, 0, 1, 0, 0, 1, 1, 0, 1, 0, 1, 1, 1, 1, 1, 1, 1]","{'n_estimators': 1000, 'learning_rate': 0.01, 'max_depth': 3, 'min_child_weight': 10, 'subsample': 0.5, 'colsample_bytree': 0.7, 'gamma': 0.0, 'reg_alpha': 1.0, 'reg_lambda': 0.1}",COMPLETE
149,0.35806451601352757,2024-07-08 12:35:08.024577,2024-07-08 12:35:23.833872,0 days 00:00:15.809295,XGBClassifier,Normalize_L2_0,BorderlineSMOTE,"[1, 0, 0, 0, 1, 1, 0, 1, 1, 1, 0, 1, 0, 0, 0, 0, 0, 1, 1, 1, 1, 0, 1, 1, 0, 1, 0, 1, 0, 0, 0, 0, 1, 1, 0, 0, 0, 1, 0, 0, 1, 1, 1, 0, 0, 1, 0, 1, 0]","{'n_estimators': 200, 'learning_rate': 10.0, 'max_depth': 3, 'min_child_weight': 10, 'subsample': 1.0, 'colsample_bytree': 1.0, 'gamma': 1.0, 'reg_alpha': 1.0, 'reg_lambda': 0.0}",COMPLETE
150,0.7935483868407908,2024-07-08 12:35:08.902578,2024-07-08 12:35:16.856872,0 days 00:00:07.954294,GradientBoostingClassifier,Normalize_L2_0,,"[1, 1, 1, 1, 1, 1, 0, 0, 1, 1, 1, 1, 1, 1, 0, 1, 0, 0, 0, 0, 1, 1, 0, 1, 0, 0, 0, 0, 0, 1, 1, 1, 1, 1, 0, 1, 0, 1, 1, 0, 1, 0, 1, 0, 0, 0, 1, 0, 1]","{'n_estimators': 10, 'learning_rate': 0.01, 'max_depth': 3, 'min_samples_split': 50, 'min_samples_leaf': 50, 'subsample': 0.7, 'max_features': 'sqrt'}",COMPLETE
151,0.0,2024-07-08 12:35:09.183577,2024-07-08 12:35:17.023873,0 days 00:00:07.840296,MLPClassifier,,,,,COMPLETE
152,0.0,2024-07-08 12:35:09.420578,2024-07-08 12:35:17.024874,0 days 00:00:07.604296,MLPClassifier,,,,,COMPLETE
153,0.0,2024-07-08 12:35:09.529579,2024-07-08 12:35:17.405875,0 days 00:00:07.876296,MLPClassifier,,,,,COMPLETE
154,0.0,2024-07-08 12:35:10.036580,2024-07-08 12:35:18.880873,0 days 00:00:08.844293,MLPClassifier,,,,,COMPLETE
155,0.32580645150780435,2024-07-08 12:35:10.112577,2024-07-08 12:35:28.088874,0 days 00:00:17.976297,XGBClassifier,Normalize_L2_0,BorderlineSMOTE,"[1, 0, 0, 0, 0, 1, 0, 1, 1, 0, 0, 1, 0, 1, 0, 0, 1, 0, 0, 1, 0, 0, 1, 1, 0, 1, 1, 1, 0, 0, 0, 0, 0, 1, 1, 0, 1, 1, 1, 0, 0, 0, 0, 0, 1, 1, 1, 0, 1]","{'n_estimators': 1000, 'learning_rate': 0.01, 'max_depth': 9, 'min_child_weight': 3, 'subsample': 0.5, 'colsample_bytree': 1.0, 'gamma': 0.5, 'reg_alpha': 1.0, 'reg_lambda': 1.0}",COMPLETE
156,0.7935483868407908,2024-07-08 12:35:11.712581,2024-07-08 12:35:17.474872,0 days 00:00:05.762291,XGBClassifier,Normalize_L2_0,,"[1, 0, 1, 1, 0, 1, 1, 1, 1, 0, 1, 1, 0, 0, 1, 1, 1, 0, 0, 1, 0, 1, 1, 0, 1, 0, 1, 1, 1, 0, 0, 0, 1, 0, 1, 0, 0, 1, 0, 0, 1, 1, 1, 1, 1, 0, 1, 0, 1]","{'n_estimators': 50, 'learning_rate': 0.01, 'max_depth': 3, 'min_child_weight': 10, 'subsample': 0.5, 'colsample_bytree': 0.7, 'gamma': 0.1, 'reg_alpha': 1.0, 'reg_lambda': 0.1}",COMPLETE
157,0.0,2024-07-08 12:35:11.849581,2024-07-08 12:35:18.818876,0 days 00:00:06.969295,MLPClassifier,,,,,COMPLETE
158,0.7935483868407908,2024-07-08 12:35:11.945580,2024-07-08 12:35:17.771873,0 days 00:00:05.826293,XGBClassifier,Normalize_L2_0,,"[1, 0, 1, 0, 0, 1, 1, 0, 1, 0, 0, 0, 0, 0, 0, 0, 0, 0, 0, 0, 0, 0, 0, 0, 1, 0, 1, 1, 1, 0, 1, 1, 0, 1, 0, 1, 1, 0, 1, 0, 1, 0, 0, 0, 0, 1, 1, 1, 1]","{'n_estimators': 50, 'learning_rate': 0.01, 'max_depth': 3, 'min_child_weight': 3, 'subsample': 0.7, 'colsample_bytree': 1.0, 'gamma': 0.1, 'reg_alpha': 1.0, 'reg_lambda': 0.0}",COMPLETE
159,0.5258064514432882,2024-07-08 12:35:12.194858,2024-07-08 12:35:24.932873,0 days 00:00:12.738015,XGBClassifier,MinMaxScaler,BorderlineSMOTE,"[1, 1, 0, 0, 0, 0, 1, 1, 0, 1, 0, 1, 0, 1, 1, 0, 0, 0, 1, 0, 1, 1, 1, 0, 1, 1, 1, 1, 1, 1, 0, 0, 1, 1, 0, 0, 0, 1, 0, 1, 1, 0, 1, 1, 0, 0, 0, 0, 0]","{'n_estimators': 50, 'learning_rate': 0.01, 'max_depth': 5, 'min_child_weight': 1, 'subsample': 1.0, 'colsample_bytree': 0.5, 'gamma': 0.5, 'reg_alpha': 0.1, 'reg_lambda': 1.0}",COMPLETE
160,0.7935483868407908,2024-07-08 12:35:12.304873,2024-07-08 12:35:17.959877,0 days 00:00:05.655004,XGBClassifier,Normalize_L2_0,,"[1, 0, 0, 0, 0, 0, 0, 0, 0, 0, 1, 0, 1, 0, 0, 0, 0, 0, 1, 0, 1, 0, 1, 1, 0, 0, 1, 0, 1, 1, 0, 0, 0, 1, 0, 0, 0, 1, 0, 0, 0, 1, 0, 0, 1, 1, 0, 1, 1]","{'n_estimators': 50, 'learning_rate': 0.01, 'max_depth': 3, 'min_child_weight': 5, 'subsample': 0.5, 'colsample_bytree': 1.0, 'gamma': 0.5, 'reg_alpha': 0.1, 'reg_lambda': 0.1}",COMPLETE
