number,value,datetime_start,datetime_complete,duration,params_model,params_normTechnique,params_sampleTechnique,user_attrs_binIndices,user_attrs_hyperparams,state
661,0.7935483868407908,2024-07-08 12:39:32.648041,2024-07-08 12:40:12.452092,0 days 00:00:39.804051,RandomForestClassifier,Normalize_L1_1,,"[1, 1, 1, 0, 0, 0, 0, 1, 1, 0, 0, 1, 0, 0, 0, 1, 1, 1, 1, 0, 1, 1, 0, 1, 0, 0, 1, 0, 0, 0, 0, 1, 1, 0, 1, 1, 0, 0, 0, 1, 1, 1, 1, 0, 0, 0, 1, 1, 1]","{'n_estimators': 200, 'max_features': 'log2', 'max_depth': 50, 'min_samples_split': 200, 'min_samples_leaf': 50, 'bootstrap': True}",COMPLETE
662,0.0,2024-07-08 12:39:33.072998,2024-07-08 12:39:53.537043,0 days 00:00:20.464045,RandomForestClassifier,Normalize_L1_1,,"[0, 0, 0, 1, 0, 1, 0, 1, 0, 1, 1, 0, 1, 0, 0, 1, 1, 0, 0, 1, 1, 1, 0, 1, 0, 0, 0, 0, 1, 0, 1, 1, 0, 1, 1, 1, 1, 0, 0, 0, 0, 0, 1, 1, 1, 1, 1, 1, 1]","{'n_estimators': 100, 'max_features': 'auto', 'max_depth': 100, 'min_samples_split': 100, 'min_samples_leaf': 100, 'bootstrap': False}",COMPLETE
663,0.7935483868407908,2024-07-08 12:39:34.157002,2024-07-08 12:39:52.319058,0 days 00:00:18.162056,RandomForestClassifier,Normalize_L1_1,,"[1, 1, 0, 0, 1, 0, 1, 0, 1, 0, 1, 0, 1, 1, 1, 0, 0, 0, 0, 1, 1, 0, 1, 1, 0, 1, 1, 1, 1, 1, 1, 1, 0, 1, 0, 0, 1, 1, 0, 0, 0, 0, 0, 0, 1, 1, 0, 0, 1]","{'n_estimators': 50, 'max_features': 'log2', 'max_depth': 50, 'min_samples_split': 50, 'min_samples_leaf': 100, 'bootstrap': False}",COMPLETE
664,0.7870967739396462,2024-07-08 12:39:34.477025,2024-07-08 12:39:58.992001,0 days 00:00:24.514976,RandomForestClassifier,Normalize_L1_1,,"[0, 0, 0, 1, 0, 0, 1, 1, 0, 1, 1, 1, 0, 1, 1, 0, 1, 0, 1, 1, 0, 0, 1, 0, 0, 0, 0, 1, 0, 1, 0, 1, 1, 1, 1, 1, 0, 1, 0, 1, 0, 0, 1, 1, 0, 1, 0, 1, 1]","{'n_estimators': 200, 'max_features': None, 'max_depth': 50, 'min_samples_split': 100, 'min_samples_leaf': 2, 'bootstrap': False}",COMPLETE
665,0.7935483868407908,2024-07-08 12:39:38.043002,2024-07-08 12:40:13.529079,0 days 00:00:35.486077,RandomForestClassifier,Normalize_L1_1,,"[1, 0, 1, 0, 1, 0, 1, 0, 1, 0, 1, 0, 1, 1, 1, 0, 0, 1, 1, 0, 1, 1, 1, 0, 1, 1, 0, 1, 0, 1, 1, 1, 0, 1, 0, 1, 1, 1, 0, 0, 0, 1, 0, 1, 0, 1, 1, 0, 0]","{'n_estimators': 100, 'max_features': None, 'max_depth': 200, 'min_samples_split': 2, 'min_samples_leaf': 10, 'bootstrap': True}",COMPLETE
666,0.0,2024-07-08 12:39:38.707028,2024-07-08 12:40:16.532079,0 days 00:00:37.825051,RandomForestClassifier,Normalize_L1_1,,"[1, 1, 0, 0, 1, 1, 1, 1, 0, 0, 1, 0, 0, 1, 0, 1, 1, 0, 1, 1, 1, 1, 0, 0, 1, 0, 1, 1, 0, 1, 1, 0, 0, 0, 0, 1, 0, 0, 1, 1, 0, 1, 1, 0, 0, 1, 0, 1, 1]","{'n_estimators': 1000, 'max_features': 'auto', 'max_depth': 500, 'min_samples_split': 10, 'min_samples_leaf': 1, 'bootstrap': False}",COMPLETE
667,0.7935483868407908,2024-07-08 12:39:39.135042,2024-07-08 12:39:58.437029,0 days 00:00:19.301987,RandomForestClassifier,Normalize_L1_1,,"[1, 1, 0, 0, 0, 1, 0, 1, 1, 1, 0, 0, 0, 0, 0, 1, 0, 1, 0, 1, 0, 1, 1, 1, 1, 1, 0, 0, 0, 0, 1, 0, 0, 0, 1, 1, 1, 0, 0, 1, 0, 1, 1, 0, 1, 0, 1, 1, 1]","{'n_estimators': 50, 'max_features': 'sqrt', 'max_depth': 50, 'min_samples_split': 10, 'min_samples_leaf': 50, 'bootstrap': False}",COMPLETE
668,0.45483870953069716,2024-07-08 12:39:40.765027,2024-07-08 12:40:01.179026,0 days 00:00:20.413999,RandomForestClassifier,Normalize_L1_1,ADASYN,"[0, 0, 1, 1, 1, 1, 1, 1, 0, 1, 1, 0, 1, 1, 1, 1, 0, 0, 0, 1, 0, 1, 0, 0, 1, 0, 0, 0, 0, 0, 0, 0, 0, 1, 1, 0, 0, 0, 0, 1, 0, 1, 0, 0, 0, 1, 0, 0, 1]","{'n_estimators': 100, 'max_features': 'sqrt', 'max_depth': 100, 'min_samples_split': 10, 'min_samples_leaf': 10, 'bootstrap': False}",COMPLETE
669,0.7935483868407908,2024-07-08 12:39:44.326030,2024-07-08 12:39:58.280001,0 days 00:00:13.953971,RandomForestClassifier,Normalize_L1_1,,"[0, 1, 1, 0, 1, 1, 1, 1, 1, 1, 1, 1, 0, 0, 0, 1, 1, 1, 0, 1, 0, 0, 0, 0, 1, 0, 0, 0, 0, 1, 0, 1, 0, 1, 1, 0, 0, 1, 1, 0, 0, 0, 0, 1, 0, 0, 1, 0, 1]","{'n_estimators': 10, 'max_features': None, 'max_depth': 1000, 'min_samples_split': 2, 'min_samples_leaf': 50, 'bootstrap': True}",COMPLETE
670,0.7838709674890738,2024-07-08 12:39:45.521030,2024-07-08 12:40:00.457055,0 days 00:00:14.936025,RandomForestClassifier,Normalize_L1_1,,"[0, 1, 0, 0, 0, 0, 0, 1, 0, 0, 0, 0, 1, 0, 1, 1, 0, 0, 1, 0, 1, 0, 1, 1, 0, 0, 0, 0, 0, 0, 1, 0, 0, 0, 0, 1, 1, 0, 1, 1, 1, 0, 0, 0, 1, 0, 1, 1, 0]","{'n_estimators': 100, 'max_features': None, 'max_depth': 200, 'min_samples_split': 50, 'min_samples_leaf': 1, 'bootstrap': False}",COMPLETE
671,0.7967741932913631,2024-07-08 12:39:47.318035,2024-07-08 12:40:01.161996,0 days 00:00:13.843961,RandomForestClassifier,Normalize_L1_1,,"[1, 0, 1, 0, 1, 0, 1, 0, 1, 1, 0, 1, 0, 1, 0, 0, 1, 1, 1, 0, 0, 0, 0, 0, 0, 1, 0, 1, 0, 0, 1, 0, 1, 1, 1, 1, 0, 0, 1, 1, 1, 0, 0, 0, 1, 0, 0, 0, 1]","{'n_estimators': 50, 'max_features': None, 'max_depth': 50, 'min_samples_split': 5, 'min_samples_leaf': 5, 'bootstrap': True}",COMPLETE
672,0.7935483868407908,2024-07-08 12:39:47.536047,2024-07-08 12:39:58.448028,0 days 00:00:10.911981,RandomForestClassifier,Normalize_L1_1,,"[0, 0, 1, 1, 0, 1, 1, 1, 1, 0, 1, 1, 1, 0, 1, 1, 0, 0, 1, 1, 0, 0, 0, 1, 0, 1, 0, 0, 1, 1, 0, 1, 0, 1, 0, 0, 1, 0, 1, 1, 1, 1, 1, 0, 1, 0, 1, 1, 1]","{'n_estimators': 50, 'max_features': 'log2', 'max_depth': 1000, 'min_samples_split': 2, 'min_samples_leaf': 100, 'bootstrap': False}",COMPLETE
673,0.7967741932913631,2024-07-08 12:39:48.030046,2024-07-08 12:40:12.436091,0 days 00:00:24.406045,RandomForestClassifier,Normalize_L1_1,,"[0, 0, 1, 1, 0, 0, 0, 1, 0, 0, 0, 1, 0, 1, 1, 1, 1, 0, 0, 1, 0, 0, 0, 1, 1, 0, 0, 1, 1, 0, 1, 0, 1, 1, 1, 0, 1, 1, 1, 0, 1, 0, 0, 0, 0, 0, 0, 1, 1]","{'n_estimators': 50, 'max_features': 'sqrt', 'max_depth': 50, 'min_samples_split': 50, 'min_samples_leaf': 2, 'bootstrap': True}",COMPLETE
674,0.4258064514755463,2024-07-08 12:39:50.502027,2024-07-08 12:40:01.505042,0 days 00:00:11.003015,RandomForestClassifier,Normalize_L1_1,ADASYN,"[0, 0, 0, 1, 0, 1, 1, 0, 0, 1, 1, 0, 0, 1, 1, 0, 0, 1, 1, 1, 1, 1, 1, 0, 1, 0, 0, 1, 0, 1, 1, 1, 0, 0, 1, 0, 1, 1, 0, 1, 0, 1, 1, 0, 0, 0, 1, 0, 1]","{'n_estimators': 100, 'max_features': None, 'max_depth': 500, 'min_samples_split': 50, 'min_samples_leaf': 50, 'bootstrap': True}",COMPLETE
675,0.0,2024-07-08 12:39:50.993999,2024-07-08 12:40:01.550028,0 days 00:00:10.556029,RandomForestClassifier,Normalize_L1_1,KMeansSMOTE,,"{'n_estimators': 500, 'max_features': None, 'max_depth': 1000, 'min_samples_split': 50, 'min_samples_leaf': 1, 'bootstrap': True}",COMPLETE
676,0.4612903224318418,2024-07-08 12:39:51.386042,2024-07-08 12:40:01.426046,0 days 00:00:10.040004,RandomForestClassifier,Normalize_L1_1,ADASYN,"[0, 1, 1, 0, 0, 0, 0, 0, 0, 0, 1, 1, 0, 0, 1, 1, 1, 1, 0, 0, 1, 1, 0, 1, 1, 0, 1, 1, 0, 1, 1, 1, 1, 0, 0, 1, 0, 0, 1, 0, 0, 0, 0, 1, 1, 1, 0, 1, 1]","{'n_estimators': 50, 'max_features': None, 'max_depth': 100, 'min_samples_split': 200, 'min_samples_leaf': 1, 'bootstrap': True}",COMPLETE
677,0.44193548372840785,2024-07-08 12:39:51.534042,2024-07-08 12:40:11.302052,0 days 00:00:19.768010,RandomForestClassifier,Normalize_L1_1,SMOTE,"[0, 0, 1, 0, 1, 0, 0, 0, 0, 0, 1, 1, 0, 0, 1, 1, 0, 0, 0, 1, 0, 1, 0, 1, 1, 0, 1, 1, 0, 0, 0, 1, 1, 0, 0, 1, 1, 0, 1, 0, 0, 0, 0, 1, 0, 0, 0, 1, 0]","{'n_estimators': 200, 'max_features': None, 'max_depth': 50, 'min_samples_split': 50, 'min_samples_leaf': 10, 'bootstrap': False}",COMPLETE
678,0.0,2024-07-08 12:39:51.607027,2024-07-08 12:40:01.780001,0 days 00:00:10.172974,RandomForestClassifier,Normalize_L1_1,SMOTE,"[0, 0, 1, 1, 1, 1, 0, 0, 0, 1, 1, 0, 1, 0, 0, 0, 0, 0, 1, 0, 0, 0, 1, 0, 0, 1, 1, 1, 1, 0, 0, 1, 0, 0, 1, 0, 0, 0, 0, 0, 1, 1, 0, 1, 0, 1, 1, 0, 0]","{'n_estimators': 100, 'max_features': 'auto', 'max_depth': None, 'min_samples_split': 200, 'min_samples_leaf': 100, 'bootstrap': True}",COMPLETE
679,0.7838709674890738,2024-07-08 12:39:52.562042,2024-07-08 12:40:08.127032,0 days 00:00:15.564990,RandomForestClassifier,Normalize_L1_1,,"[0, 1, 1, 0, 1, 1, 1, 0, 0, 0, 1, 0, 1, 1, 0, 1, 0, 0, 1, 0, 1, 1, 0, 0, 1, 0, 0, 1, 1, 0, 0, 0, 0, 1, 0, 1, 1, 0, 0, 1, 1, 1, 0, 0, 1, 1, 1, 0, 1]","{'n_estimators': 50, 'max_features': None, 'max_depth': None, 'min_samples_split': 5, 'min_samples_leaf': 1, 'bootstrap': True}",COMPLETE
680,0.7999999997419355,2024-07-08 12:39:52.696027,2024-07-08 12:40:33.530099,0 days 00:00:40.834072,RandomForestClassifier,Normalize_L1_1,,"[0, 0, 1, 0, 0, 1, 0, 1, 0, 1, 1, 1, 1, 0, 1, 1, 0, 1, 0, 1, 1, 1, 0, 0, 0, 0, 0, 0, 0, 0, 0, 0, 0, 0, 1, 1, 1, 0, 1, 1, 0, 1, 1, 1, 1, 0, 1, 1, 1]","{'n_estimators': 1000, 'max_features': 'sqrt', 'max_depth': 200, 'min_samples_split': 2, 'min_samples_leaf': 5, 'bootstrap': False}",COMPLETE
681,0.7838709674890738,2024-07-08 12:39:52.961042,2024-07-08 12:40:13.522091,0 days 00:00:20.561049,RandomForestClassifier,Normalize_L1_1,,"[0, 1, 0, 1, 1, 1, 1, 0, 0, 0, 1, 1, 1, 1, 0, 1, 1, 1, 1, 0, 1, 1, 1, 0, 0, 1, 0, 0, 0, 0, 0, 1, 1, 1, 0, 1, 0, 0, 0, 1, 1, 0, 1, 0, 1, 0, 0, 0, 1]","{'n_estimators': 50, 'max_features': 'log2', 'max_depth': 10, 'min_samples_split': 50, 'min_samples_leaf': 1, 'bootstrap': False}",COMPLETE
682,0.7967741932913631,2024-07-08 12:39:53.015043,2024-07-08 12:40:32.674081,0 days 00:00:39.659038,RandomForestClassifier,Normalize_L1_1,,"[1, 1, 0, 0, 1, 1, 0, 1, 0, 1, 1, 0, 1, 0, 1, 1, 1, 1, 0, 1, 1, 0, 0, 1, 1, 0, 0, 1, 0, 0, 0, 1, 0, 1, 1, 1, 0, 0, 0, 1, 0, 1, 1, 1, 0, 1, 0, 0, 1]","{'n_estimators': 500, 'max_features': None, 'max_depth': 10, 'min_samples_split': 100, 'min_samples_leaf': 5, 'bootstrap': True}",COMPLETE
683,0.0,2024-07-08 12:39:53.853042,2024-07-08 12:40:16.177094,0 days 00:00:22.324052,RandomForestClassifier,Normalize_L1_1,,"[1, 1, 0, 1, 1, 0, 0, 0, 1, 1, 1, 0, 0, 0, 1, 1, 1, 1, 0, 1, 0, 0, 1, 1, 1, 0, 1, 0, 0, 0, 0, 1, 0, 1, 1, 0, 1, 0, 0, 1, 0, 1, 0, 0, 1, 0, 0, 0, 1]","{'n_estimators': 1000, 'max_features': 'auto', 'max_depth': None, 'min_samples_split': 10, 'min_samples_leaf': 50, 'bootstrap': True}",COMPLETE
684,0.0,2024-07-08 12:39:54.722026,2024-07-08 12:40:02.235032,0 days 00:00:07.513006,RandomForestClassifier,Normalize_L1_1,KMeansSMOTE,,"{'n_estimators': 100, 'max_features': 'sqrt', 'max_depth': 50, 'min_samples_split': 5, 'min_samples_leaf': 1, 'bootstrap': False}",COMPLETE
685,0.7967741932913631,2024-07-08 12:39:55.106000,2024-07-08 12:41:29.922138,0 days 00:01:34.816138,RandomForestClassifier,Normalize_L1_1,,"[1, 1, 1, 0, 0, 1, 1, 1, 0, 0, 1, 0, 0, 0, 0, 1, 0, 0, 1, 0, 0, 0, 0, 0, 1, 1, 1, 0, 1, 1, 1, 1, 0, 1, 0, 1, 0, 1, 1, 1, 1, 0, 0, 1, 0, 1, 1, 0, 1]","{'n_estimators': 2000, 'max_features': None, 'max_depth': 1000, 'min_samples_split': 100, 'min_samples_leaf': 2, 'bootstrap': True}",COMPLETE
686,0.0,2024-07-08 12:39:55.507029,2024-07-08 12:40:12.936091,0 days 00:00:17.429062,RandomForestClassifier,Normalize_Max_0,,"[0, 1, 1, 1, 1, 1, 0, 1, 1, 1, 0, 0, 0, 1, 0, 0, 0, 0, 1, 0, 1, 0, 1, 0, 0, 0, 0, 1, 0, 0, 0, 0, 0, 0, 1, 0, 0, 1, 1, 0, 0, 0, 1, 1, 1, 0, 1, 0, 1]","{'n_estimators': 1000, 'max_features': 'auto', 'max_depth': 100, 'min_samples_split': 10, 'min_samples_leaf': 1, 'bootstrap': True}",COMPLETE
687,0.0,2024-07-08 12:39:55.965027,2024-07-08 12:40:06.931003,0 days 00:00:10.965976,RandomForestClassifier,Normalize_L1_1,SMOTE,"[1, 1, 1, 0, 1, 0, 0, 0, 1, 1, 1, 0, 0, 1, 0, 0, 0, 1, 0, 1, 1, 1, 1, 0, 1, 0, 0, 0, 0, 0, 0, 0, 1, 0, 0, 0, 0, 0, 0, 0, 0, 0, 0, 1, 0, 0, 0, 1, 0]","{'n_estimators': 200, 'max_features': 'auto', 'max_depth': None, 'min_samples_split': 2, 'min_samples_leaf': 10, 'bootstrap': True}",COMPLETE
688,0.745161290082206,2024-07-08 12:39:56.467029,2024-07-08 12:40:13.500093,0 days 00:00:17.033064,RandomForestClassifier,Normalize_Max_0,,"[0, 1, 1, 0, 1, 1, 0, 1, 0, 1, 1, 1, 0, 1, 1, 1, 1, 0, 1, 1, 1, 1, 0, 1, 1, 1, 0, 1, 0, 1, 0, 1, 0, 1, 1, 0, 1, 1, 0, 1, 0, 1, 1, 1, 0, 0, 1, 0, 1]","{'n_estimators': 10, 'max_features': 'sqrt', 'max_depth': 50, 'min_samples_split': 50, 'min_samples_leaf': 5, 'bootstrap': False}",COMPLETE
689,0.0,2024-07-08 12:39:57.022043,2024-07-08 12:40:09.153081,0 days 00:00:12.131038,RandomForestClassifier,Normalize_L1_1,,"[0, 1, 1, 1, 1, 1, 0, 0, 1, 0, 1, 0, 0, 1, 1, 1, 1, 0, 1, 0, 1, 1, 0, 0, 1, 1, 1, 1, 1, 0, 1, 1, 0, 0, 0, 1, 1, 0, 1, 1, 0, 0, 0, 0, 0, 1, 1, 1, 1]","{'n_estimators': 500, 'max_features': 'auto', 'max_depth': None, 'min_samples_split': 5, 'min_samples_leaf': 1, 'bootstrap': False}",COMPLETE
690,0.7935483868407908,2024-07-08 12:39:58.117043,2024-07-08 12:40:34.942125,0 days 00:00:36.825082,RandomForestClassifier,Normalize_L2_1,,"[1, 1, 1, 1, 0, 0, 1, 1, 0, 0, 0, 1, 1, 1, 1, 0, 1, 1, 0, 1, 1, 1, 1, 0, 1, 0, 1, 0, 0, 1, 0, 1, 0, 0, 1, 1, 0, 1, 0, 0, 0, 0, 0, 0, 1, 0, 0, 0, 0]","{'n_estimators': 2000, 'max_features': 'log2', 'max_depth': 100, 'min_samples_split': 200, 'min_samples_leaf': 100, 'bootstrap': False}",COMPLETE
691,0.7870967739396462,2024-07-08 12:39:59.065042,2024-07-08 12:40:09.702051,0 days 00:00:10.637009,RandomForestClassifier,Normalize_L1_1,,"[0, 0, 0, 1, 1, 1, 1, 0, 1, 0, 0, 0, 1, 1, 0, 1, 1, 1, 0, 0, 1, 1, 1, 0, 0, 0, 1, 1, 1, 1, 0, 1, 0, 1, 1, 0, 0, 1, 0, 1, 1, 1, 0, 1, 0, 1, 1, 1, 1]","{'n_estimators': 200, 'max_features': 'log2', 'max_depth': 500, 'min_samples_split': 200, 'min_samples_leaf': 2, 'bootstrap': False}",COMPLETE
692,0.7612903223350675,2024-07-08 12:39:59.180043,2024-07-08 12:40:12.940080,0 days 00:00:13.760037,RandomForestClassifier,Normalize_Max_0,,"[0, 0, 1, 0, 1, 0, 1, 0, 0, 0, 0, 0, 1, 1, 1, 0, 1, 0, 1, 0, 1, 0, 1, 0, 0, 1, 0, 0, 1, 0, 1, 0, 0, 0, 0, 1, 0, 1, 0, 0, 0, 0, 1, 0, 0, 1, 0, 1, 0]","{'n_estimators': 50, 'max_features': 'log2', 'max_depth': 10, 'min_samples_split': 50, 'min_samples_leaf': 2, 'bootstrap': False}",COMPLETE
693,0.0,2024-07-08 12:39:59.628029,2024-07-08 12:40:09.506091,0 days 00:00:09.878062,RandomForestClassifier,Normalize_L1_1,,"[1, 1, 1, 0, 1, 0, 1, 0, 0, 1, 0, 1, 1, 0, 0, 0, 0, 1, 0, 0, 1, 0, 1, 0, 0, 0, 0, 1, 0, 0, 1, 1, 0, 1, 0, 1, 0, 0, 0, 1, 0, 0, 0, 0, 1, 1, 1, 0, 0]","{'n_estimators': 200, 'max_features': 'auto', 'max_depth': 100, 'min_samples_split': 50, 'min_samples_leaf': 100, 'bootstrap': True}",COMPLETE
694,0.7935483868407908,2024-07-08 12:40:00.124036,2024-07-08 12:40:37.338137,0 days 00:00:37.214101,RandomForestClassifier,Normalize_L1_1,,"[1, 1, 0, 1, 1, 0, 1, 1, 1, 1, 0, 0, 0, 0, 0, 1, 1, 1, 1, 1, 1, 1, 0, 1, 0, 1, 0, 1, 1, 0, 1, 0, 0, 1, 0, 0, 0, 0, 0, 1, 0, 1, 1, 1, 1, 1, 0, 1, 1]","{'n_estimators': 1000, 'max_features': 'log2', 'max_depth': 100, 'min_samples_split': 50, 'min_samples_leaf': 100, 'bootstrap': False}",COMPLETE
695,0.7387096771810613,2024-07-08 12:40:00.370996,2024-07-08 12:40:23.205048,0 days 00:00:22.834052,RandomForestClassifier,Normalize_Max_0,,"[1, 1, 0, 1, 1, 0, 0, 0, 0, 0, 1, 1, 0, 1, 0, 1, 0, 1, 0, 1, 0, 1, 1, 0, 0, 0, 0, 0, 0, 1, 0, 0, 1, 0, 1, 1, 0, 0, 0, 1, 1, 1, 0, 0, 0, 0, 1, 1, 1]","{'n_estimators': 100, 'max_features': None, 'max_depth': 50, 'min_samples_split': 5, 'min_samples_leaf': 10, 'bootstrap': True}",COMPLETE
696,0.0,2024-07-08 12:40:00.510047,2024-07-08 12:40:37.294142,0 days 00:00:36.784095,RandomForestClassifier,Normalize_L1_1,,"[0, 1, 0, 0, 0, 0, 0, 1, 1, 1, 0, 1, 0, 0, 1, 0, 1, 1, 0, 0, 0, 1, 1, 0, 1, 0, 1, 1, 1, 0, 1, 0, 1, 0, 0, 0, 0, 0, 1, 1, 1, 1, 0, 1, 0, 0, 1, 1, 0]","{'n_estimators': 10, 'max_features': 'auto', 'max_depth': 100, 'min_samples_split': 5, 'min_samples_leaf': 5, 'bootstrap': False}",COMPLETE
697,0.0,2024-07-08 12:40:01.050028,2024-07-08 12:40:32.209048,0 days 00:00:31.159020,RandomForestClassifier,Normalize_L1_1,,"[1, 0, 1, 0, 1, 1, 1, 1, 1, 0, 1, 1, 1, 0, 1, 0, 1, 0, 0, 1, 1, 1, 1, 1, 1, 1, 1, 1, 1, 0, 1, 1, 1, 0, 1, 0, 1, 1, 1, 1, 0, 0, 1, 0, 1, 1, 0, 1, 0]","{'n_estimators': 100, 'max_features': 'auto', 'max_depth': 50, 'min_samples_split': 2, 'min_samples_leaf': 5, 'bootstrap': False}",COMPLETE
698,0.7806451610385015,2024-07-08 12:40:01.208996,2024-07-08 12:40:57.022125,0 days 00:00:55.813129,RandomForestClassifier,Normalize_L1_1,,"[1, 0, 1, 1, 0, 1, 0, 0, 1, 1, 0, 0, 1, 1, 0, 1, 1, 0, 0, 1, 1, 0, 1, 1, 1, 1, 0, 0, 0, 0, 0, 0, 1, 1, 0, 1, 0, 0, 0, 0, 1, 0, 1, 1, 1, 0, 1, 0, 0]","{'n_estimators': 200, 'max_features': None, 'max_depth': 50, 'min_samples_split': 100, 'min_samples_leaf': 1, 'bootstrap': False}",COMPLETE
699,0.7967741932913631,2024-07-08 12:40:01.457048,2024-07-08 12:40:36.503135,0 days 00:00:35.046087,RandomForestClassifier,Normalize_L1_1,,"[0, 1, 0, 1, 1, 1, 0, 0, 1, 0, 0, 1, 1, 1, 0, 0, 0, 0, 1, 0, 1, 1, 1, 1, 1, 0, 1, 0, 1, 1, 1, 1, 0, 0, 1, 0, 0, 1, 1, 0, 0, 1, 0, 1, 0, 1, 1, 1, 0]","{'n_estimators': 100, 'max_features': 'sqrt', 'max_depth': 10, 'min_samples_split': 5, 'min_samples_leaf': 10, 'bootstrap': True}",COMPLETE
700,0.0,2024-07-08 12:40:01.581028,2024-07-08 12:40:16.175076,0 days 00:00:14.594048,RandomForestClassifier,Normalize_L2_1,,"[1, 0, 0, 0, 0, 1, 1, 0, 1, 1, 0, 1, 1, 0, 1, 0, 0, 0, 0, 0, 0, 0, 0, 1, 1, 0, 1, 0, 1, 0, 1, 0, 1, 1, 1, 0, 1, 0, 1, 1, 1, 0, 1, 0, 1, 1, 0, 0, 1]","{'n_estimators': 1000, 'max_features': 'auto', 'max_depth': 50, 'min_samples_split': 10, 'min_samples_leaf': 100, 'bootstrap': True}",COMPLETE
701,0.0,2024-07-08 12:40:01.689028,2024-07-08 12:40:32.673079,0 days 00:00:30.984051,RandomForestClassifier,Normalize_L1_1,,"[0, 0, 1, 1, 0, 1, 1, 0, 1, 1, 1, 0, 0, 1, 1, 0, 1, 1, 0, 0, 0, 1, 0, 1, 0, 0, 1, 1, 1, 1, 0, 1, 0, 1, 1, 1, 1, 0, 1, 1, 0, 1, 1, 1, 0, 0, 0, 1, 1]","{'n_estimators': 1000, 'max_features': 'auto', 'max_depth': 200, 'min_samples_split': 2, 'min_samples_leaf': 100, 'bootstrap': False}",COMPLETE
702,0.7967741932913631,2024-07-08 12:40:01.768031,2024-07-08 12:40:38.372095,0 days 00:00:36.604064,RandomForestClassifier,Normalize_L1_1,,"[0, 1, 1, 1, 0, 0, 1, 1, 0, 1, 0, 1, 1, 1, 0, 1, 0, 0, 1, 0, 1, 0, 0, 0, 0, 0, 0, 0, 0, 0, 0, 0, 0, 1, 1, 0, 0, 0, 0, 0, 0, 1, 1, 0, 1, 0, 1, 0, 0]","{'n_estimators': 200, 'max_features': None, 'max_depth': 200, 'min_samples_split': 100, 'min_samples_leaf': 10, 'bootstrap': False}",COMPLETE
703,0.7935483868407908,2024-07-08 12:40:02.044028,2024-07-08 12:40:33.841122,0 days 00:00:31.797094,RandomForestClassifier,Normalize_L1_1,,"[1, 0, 0, 0, 0, 0, 0, 0, 1, 1, 0, 1, 1, 1, 0, 0, 0, 0, 0, 1, 1, 1, 1, 0, 0, 1, 1, 0, 0, 1, 1, 1, 1, 1, 0, 1, 1, 0, 0, 1, 1, 0, 0, 1, 1, 0, 0, 1, 1]","{'n_estimators': 200, 'max_features': 'log2', 'max_depth': None, 'min_samples_split': 50, 'min_samples_leaf': 50, 'bootstrap': False}",COMPLETE
704,0.7935483868407908,2024-07-08 12:40:02.104043,2024-07-08 12:40:38.386122,0 days 00:00:36.282079,RandomForestClassifier,Normalize_L1_1,,"[1, 1, 1, 0, 1, 0, 1, 0, 1, 0, 0, 0, 0, 1, 0, 0, 0, 0, 1, 0, 1, 0, 0, 1, 1, 1, 0, 0, 0, 0, 0, 0, 1, 1, 0, 1, 1, 1, 1, 1, 1, 1, 0, 0, 1, 1, 1, 0, 0]","{'n_estimators': 200, 'max_features': None, 'max_depth': None, 'min_samples_split': 50, 'min_samples_leaf': 100, 'bootstrap': False}",COMPLETE
705,0.0,2024-07-08 12:40:02.482041,2024-07-08 12:40:30.042091,0 days 00:00:27.560050,RandomForestClassifier,Normalize_L1_1,,"[0, 1, 0, 1, 1, 0, 0, 1, 0, 1, 0, 0, 0, 0, 1, 1, 1, 0, 0, 0, 0, 0, 1, 0, 0, 0, 1, 0, 0, 0, 1, 0, 1, 0, 1, 1, 0, 0, 0, 0, 1, 1, 1, 0, 0, 0, 1, 0, 0]","{'n_estimators': 2000, 'max_features': 'auto', 'max_depth': 50, 'min_samples_split': 200, 'min_samples_leaf': 10, 'bootstrap': True}",COMPLETE
706,0.7935483868407908,2024-07-08 12:40:06.013043,2024-07-08 12:40:45.115124,0 days 00:00:39.102081,RandomForestClassifier,Normalize_L1_1,,"[1, 0, 1, 1, 1, 0, 1, 1, 0, 1, 1, 0, 1, 1, 1, 0, 1, 0, 0, 0, 1, 1, 0, 1, 1, 1, 0, 1, 0, 1, 1, 1, 1, 1, 0, 0, 0, 1, 1, 0, 1, 1, 0, 1, 0, 1, 1, 0, 1]","{'n_estimators': 2000, 'max_features': 'sqrt', 'max_depth': 10, 'min_samples_split': 200, 'min_samples_leaf': 50, 'bootstrap': False}",COMPLETE
707,0.7967741932913631,2024-07-08 12:40:06.805042,2024-07-08 12:40:44.597126,0 days 00:00:37.792084,RandomForestClassifier,Normalize_L1_1,,"[1, 0, 1, 1, 1, 1, 1, 1, 1, 0, 1, 0, 0, 0, 0, 1, 1, 0, 0, 0, 1, 1, 1, 0, 1, 1, 1, 1, 1, 1, 1, 1, 0, 0, 1, 1, 1, 1, 1, 0, 1, 0, 0, 0, 1, 0, 1, 0, 1]","{'n_estimators': 200, 'max_features': 'sqrt', 'max_depth': 50, 'min_samples_split': 200, 'min_samples_leaf': 2, 'bootstrap': True}",COMPLETE
708,0.7806451610385015,2024-07-08 12:40:07.060045,2024-07-08 12:40:33.950123,0 days 00:00:26.890078,RandomForestClassifier,Normalize_L1_1,,"[0, 1, 1, 1, 1, 0, 0, 1, 0, 0, 0, 1, 0, 1, 0, 1, 1, 0, 1, 1, 0, 0, 0, 1, 0, 0, 1, 0, 0, 0, 0, 0, 1, 1, 1, 1, 0, 1, 0, 0, 1, 0, 0, 0, 0, 1, 1, 1, 0]","{'n_estimators': 200, 'max_features': 'log2', 'max_depth': 1000, 'min_samples_split': 10, 'min_samples_leaf': 2, 'bootstrap': True}",COMPLETE
709,0.7967741932913631,2024-07-08 12:40:07.592996,2024-07-08 12:41:37.639122,0 days 00:01:30.046126,RandomForestClassifier,Normalize_L1_1,,"[1, 1, 1, 0, 1, 0, 1, 1, 1, 0, 0, 1, 1, 0, 1, 0, 0, 1, 1, 1, 1, 1, 1, 0, 1, 1, 0, 0, 1, 0, 1, 1, 1, 1, 1, 1, 0, 0, 0, 0, 0, 1, 1, 1, 0, 1, 0, 0, 1]","{'n_estimators': 2000, 'max_features': None, 'max_depth': None, 'min_samples_split': 10, 'min_samples_leaf': 10, 'bootstrap': False}",COMPLETE
710,0.0,2024-07-08 12:40:07.980000,2024-07-08 12:40:33.349094,0 days 00:00:25.369094,RandomForestClassifier,Normalize_L1_1,,"[1, 1, 1, 1, 0, 1, 1, 1, 0, 0, 1, 0, 0, 0, 1, 1, 0, 0, 0, 0, 1, 1, 1, 0, 0, 1, 0, 1, 0, 1, 1, 0, 0, 1, 0, 0, 0, 0, 0, 0, 0, 1, 0, 0, 1, 0, 0, 0, 0]","{'n_estimators': 100, 'max_features': 'auto', 'max_depth': 10, 'min_samples_split': 10, 'min_samples_leaf': 50, 'bootstrap': True}",COMPLETE
711,0.7967741932913631,2024-07-08 12:40:08.168043,2024-07-08 12:40:34.903126,0 days 00:00:26.735083,RandomForestClassifier,Normalize_L1_1,,"[0, 1, 0, 0, 0, 0, 1, 1, 0, 0, 1, 1, 0, 1, 0, 1, 0, 0, 0, 1, 1, 1, 1, 0, 0, 0, 0, 1, 0, 1, 0, 0, 0, 1, 1, 0, 1, 1, 1, 0, 1, 1, 1, 0, 0, 0, 0, 1, 0]","{'n_estimators': 100, 'max_features': 'sqrt', 'max_depth': 1000, 'min_samples_split': 10, 'min_samples_leaf': 2, 'bootstrap': False}",COMPLETE
