number,value,datetime_start,datetime_complete,duration,params_model,params_normTechnique,params_sampleTechnique,user_attrs_binIndices,user_attrs_hyperparams,state
2701,0.7903225803902184,2024-07-08 13:13:57.766472,2024-07-08 13:14:40.594934,0 days 00:00:42.828462,BaggingClassifier,RobustScaler,,"[0, 1, 0, 0, 0, 0, 1, 1, 1, 1, 1, 0, 1, 1, 1, 0, 0, 0, 0, 1, 1, 0, 0, 1, 0, 1, 1, 1, 1, 1, 0, 0, 1, 1, 0, 0, 1, 1, 0, 0, 0, 1, 0, 1, 0, 0, 0, 0, 1]","{'n_estimators': 50, 'max_samples': 0.1, 'max_features': 0.5, 'bootstrap': True, 'bootstrap_features': False}",COMPLETE
2702,0.6451612901144641,2024-07-08 13:13:57.885473,2024-07-08 13:14:58.946931,0 days 00:01:01.061458,BaggingClassifier,RobustScaler,,"[1, 0, 0, 1, 1, 1, 1, 0, 0, 1, 1, 0, 0, 0, 1, 1, 0, 1, 0, 1, 0, 0, 0, 1, 1, 0, 0, 1, 0, 1, 1, 0, 1, 0, 0, 1, 1, 1, 1, 0, 1, 0, 0, 0, 1, 0, 0, 0, 0]","{'n_estimators': 100, 'max_samples': 0.5, 'max_features': 1.0, 'bootstrap': False, 'bootstrap_features': False}",COMPLETE
2703,0.745161290082206,2024-07-08 13:13:57.963480,2024-07-08 13:15:17.648931,0 days 00:01:19.685451,XGBClassifier,Normalize_L1_1,,"[0, 0, 0, 1, 0, 1, 0, 0, 1, 1, 1, 0, 0, 1, 1, 0, 1, 0, 1, 0, 0, 1, 1, 0, 1, 1, 0, 1, 0, 0, 0, 0, 0, 0, 0, 0, 1, 0, 0, 1, 0, 1, 0, 1, 1, 1, 0, 1, 1]","{'n_estimators': 200, 'learning_rate': 1.0, 'max_depth': 3, 'min_child_weight': 10, 'subsample': 1.0, 'colsample_bytree': 0.5, 'gamma': 0.0, 'reg_alpha': 1.0, 'reg_lambda': 0.1}",COMPLETE
2704,0.4645161288824141,2024-07-08 13:13:58.504472,2024-07-08 13:14:44.504932,0 days 00:00:46.000460,BaggingClassifier,Normalize_L1_1,NearMiss,"[1, 0, 1, 0, 1, 1, 1, 0, 1, 0, 0, 0, 1, 1, 0, 1, 1, 0, 1, 1, 0, 1, 0, 1, 1, 1, 0, 1, 1, 1, 1, 1, 1, 0, 1, 1, 1, 1, 0, 0, 0, 0, 1, 1, 1, 1, 1, 0, 0]","{'n_estimators': 10, 'max_samples': 0.5, 'max_features': 0.1, 'bootstrap': False, 'bootstrap_features': False}",COMPLETE
2705,0.7612903223350675,2024-07-08 13:14:00.064486,2024-07-08 13:14:51.990960,0 days 00:00:51.926474,BaggingClassifier,Normalize_L1_1,,"[1, 1, 1, 1, 1, 0, 1, 1, 0, 1, 1, 0, 0, 1, 0, 0, 1, 1, 0, 1, 1, 0, 0, 1, 0, 0, 0, 0, 1, 0, 0, 0, 0, 1, 0, 0, 1, 0, 0, 0, 1, 1, 1, 1, 0, 0, 0, 0, 0]","{'n_estimators': 10, 'max_samples': 1.0, 'max_features': 0.5, 'bootstrap': False, 'bootstrap_features': True}",COMPLETE
2706,0.754838709433923,2024-07-08 13:14:00.425473,2024-07-08 13:14:32.431930,0 days 00:00:32.006457,BaggingClassifier,Normalize_L1_1,TomekLinks,"[0, 0, 1, 0, 1, 1, 0, 1, 1, 0, 0, 1, 1, 0, 0, 1, 1, 1, 0, 0, 0, 0, 0, 1, 1, 1, 0, 1, 1, 0, 0, 0, 1, 0, 1, 0, 1, 0, 1, 0, 0, 1, 1, 1, 1, 0, 0, 0, 0]","{'n_estimators': 100, 'max_samples': 0.5, 'max_features': 0.5, 'bootstrap': False, 'bootstrap_features': True}",COMPLETE
2707,0.0,2024-07-08 13:14:00.811473,2024-07-08 13:14:22.931474,0 days 00:00:22.120001,GradientBoostingClassifier,Normalize_L1_1,TomekLinks,"[0, 1, 0, 0, 1, 1, 1, 0, 1, 0, 0, 1, 0, 1, 1, 1, 1, 1, 1, 0, 1, 0, 0, 0, 1, 1, 0, 0, 0, 0, 0, 0, 1, 1, 0, 1, 0, 0, 0, 1, 0, 0, 1, 1, 1, 0, 0, 0, 0]","{'n_estimators': 100, 'learning_rate': 0.01, 'max_depth': 5, 'min_samples_split': 50, 'min_samples_leaf': 10, 'subsample': 0.5, 'max_features': 'auto'}",COMPLETE
2708,0.4483870966295525,2024-07-08 13:14:01.130472,2024-07-08 13:14:42.831945,0 days 00:00:41.701473,BaggingClassifier,Normalize_L1_1,NearMiss,"[1, 1, 0, 1, 0, 1, 1, 1, 0, 0, 0, 1, 1, 0, 0, 0, 1, 0, 1, 1, 0, 1, 1, 0, 1, 1, 0, 0, 0, 1, 0, 0, 0, 1, 0, 1, 0, 0, 1, 1, 1, 1, 1, 1, 0, 1, 0, 1, 1]","{'n_estimators': 50, 'max_samples': 0.5, 'max_features': 1.0, 'bootstrap': True, 'bootstrap_features': True}",COMPLETE
2709,0.7516129029833506,2024-07-08 13:14:02.174474,2024-07-08 13:14:55.922957,0 days 00:00:53.748483,BaggingClassifier,Normalize_L1_1,TomekLinks,"[0, 1, 1, 0, 1, 1, 0, 0, 0, 0, 0, 1, 1, 1, 1, 0, 0, 1, 0, 1, 0, 1, 1, 0, 1, 0, 1, 0, 1, 1, 0, 1, 1, 0, 0, 0, 1, 0, 0, 0, 1, 1, 0, 0, 0, 1, 1, 0, 0]","{'n_estimators': 1000, 'max_samples': 1.0, 'max_features': 0.1, 'bootstrap': True, 'bootstrap_features': False}",COMPLETE
2710,0.7516129029833506,2024-07-08 13:14:04.592487,2024-07-08 13:14:42.367934,0 days 00:00:37.775447,BaggingClassifier,Normalize_L1_1,,"[0, 1, 1, 0, 1, 0, 0, 0, 0, 1, 1, 0, 1, 0, 1, 0, 1, 0, 0, 1, 0, 1, 1, 0, 1, 1, 1, 1, 1, 1, 1, 1, 1, 1, 0, 0, 1, 1, 1, 1, 1, 0, 0, 1, 1, 0, 1, 1, 0]","{'n_estimators': 50, 'max_samples': 0.5, 'max_features': 1.0, 'bootstrap': False, 'bootstrap_features': True}",COMPLETE
2711,0.7709677416867845,2024-07-08 13:14:04.781474,2024-07-08 13:15:14.635933,0 days 00:01:09.854459,BaggingClassifier,Normalize_L1_0,,"[0, 1, 0, 1, 0, 0, 0, 0, 0, 1, 1, 1, 1, 0, 1, 1, 0, 0, 0, 1, 1, 0, 1, 1, 1, 1, 1, 1, 1, 1, 0, 1, 0, 0, 0, 1, 0, 1, 0, 1, 0, 0, 1, 0, 0, 1, 1, 1, 0]","{'n_estimators': 1000, 'max_samples': 0.5, 'max_features': 0.5, 'bootstrap': True, 'bootstrap_features': False}",COMPLETE
2712,0.6483870965650363,2024-07-08 13:14:05.509473,2024-07-08 13:14:55.137962,0 days 00:00:49.628489,BaggingClassifier,RobustScaler,,"[1, 0, 1, 1, 0, 1, 1, 1, 1, 0, 0, 0, 0, 1, 0, 0, 0, 1, 0, 0, 0, 1, 0, 0, 1, 0, 1, 1, 1, 1, 0, 1, 0, 0, 1, 0, 1, 0, 1, 0, 0, 0, 1, 0, 0, 0, 0, 0, 1]","{'n_estimators': 1000, 'max_samples': 0.5, 'max_features': 0.1, 'bootstrap': False, 'bootstrap_features': False}",COMPLETE
2713,0.8032258061925077,2024-07-08 13:14:07.066474,2024-07-08 13:14:59.855930,0 days 00:00:52.789456,BaggingClassifier,Normalize_L1_1,,"[1, 1, 1, 1, 1, 0, 1, 0, 1, 0, 1, 1, 0, 0, 0, 0, 0, 0, 0, 0, 1, 0, 0, 1, 0, 1, 0, 1, 0, 1, 0, 1, 0, 0, 0, 0, 1, 0, 0, 1, 1, 1, 0, 0, 0, 0, 1, 1, 0]","{'n_estimators': 200, 'max_samples': 0.1, 'max_features': 1.0, 'bootstrap': True, 'bootstrap_features': True}",COMPLETE
2714,0.7709677416867845,2024-07-08 13:14:07.674471,2024-07-08 13:14:48.071942,0 days 00:00:40.397471,BaggingClassifier,Normalize_L1_1,TomekLinks,"[1, 1, 0, 1, 1, 0, 0, 1, 0, 0, 0, 0, 1, 1, 1, 1, 0, 0, 1, 1, 1, 1, 1, 0, 1, 0, 1, 0, 1, 1, 0, 1, 1, 1, 0, 0, 0, 0, 1, 0, 1, 1, 0, 1, 0, 1, 1, 1, 1]","{'n_estimators': 100, 'max_samples': 0.5, 'max_features': 1.0, 'bootstrap': True, 'bootstrap_features': False}",COMPLETE
2715,0.7645161287856399,2024-07-08 13:14:09.341481,2024-07-08 13:14:51.033931,0 days 00:00:41.692450,BaggingClassifier,Normalize_L1_1,,"[0, 1, 0, 1, 0, 1, 0, 1, 0, 0, 1, 1, 0, 0, 0, 1, 0, 1, 0, 0, 0, 1, 1, 0, 0, 0, 0, 1, 1, 0, 1, 1, 0, 1, 0, 1, 0, 0, 1, 0, 0, 0, 0, 0, 1, 1, 1, 1, 0]","{'n_estimators': 100, 'max_samples': 1.0, 'max_features': 0.5, 'bootstrap': False, 'bootstrap_features': False}",COMPLETE
2716,0.7612903223350675,2024-07-08 13:14:10.977473,2024-07-08 13:15:58.427930,0 days 00:01:47.450457,BaggingClassifier,Normalize_L1_0,,"[1, 1, 0, 0, 1, 0, 0, 0, 1, 0, 1, 1, 0, 1, 1, 0, 1, 0, 1, 1, 1, 0, 1, 0, 1, 0, 0, 1, 1, 1, 1, 1, 0, 1, 0, 0, 0, 0, 0, 1, 1, 0, 1, 1, 0, 1, 0, 0, 1]","{'n_estimators': 1000, 'max_samples': 1.0, 'max_features': 0.5, 'bootstrap': False, 'bootstrap_features': True}",COMPLETE
2717,0.7709677416867845,2024-07-08 13:14:11.307473,2024-07-08 13:14:57.688930,0 days 00:00:46.381457,BaggingClassifier,Normalize_L1_1,,"[1, 0, 0, 0, 1, 0, 0, 1, 1, 1, 0, 0, 0, 0, 0, 1, 1, 0, 0, 0, 1, 1, 0, 0, 1, 1, 0, 0, 0, 0, 1, 0, 1, 0, 1, 0, 0, 1, 0, 1, 0, 1, 1, 0, 0, 0, 0, 1, 0]","{'n_estimators': 50, 'max_samples': 1.0, 'max_features': 1.0, 'bootstrap': True, 'bootstrap_features': True}",COMPLETE
2718,0.7645161287856399,2024-07-08 13:14:11.838474,2024-07-08 13:14:59.605930,0 days 00:00:47.767456,BaggingClassifier,Normalize_L1_1,,"[1, 1, 1, 0, 1, 1, 1, 0, 1, 1, 1, 1, 1, 1, 1, 1, 0, 1, 0, 1, 1, 0, 1, 0, 0, 1, 1, 1, 1, 1, 1, 0, 1, 1, 0, 0, 1, 1, 1, 1, 1, 0, 1, 0, 0, 0, 1, 1, 1]","{'n_estimators': 500, 'max_samples': 1.0, 'max_features': 0.5, 'bootstrap': True, 'bootstrap_features': False}",COMPLETE
2719,0.735483870730489,2024-07-08 13:14:12.560472,2024-07-08 13:15:11.961932,0 days 00:00:59.401460,XGBClassifier,Normalize_L2_0,,"[1, 1, 1, 0, 0, 1, 1, 0, 1, 0, 1, 0, 0, 0, 0, 0, 1, 0, 1, 1, 1, 0, 0, 1, 0, 1, 1, 1, 0, 0, 0, 1, 1, 1, 0, 0, 1, 1, 1, 0, 1, 0, 0, 0, 1, 1, 1, 1, 0]","{'n_estimators': 200, 'learning_rate': 0.1, 'max_depth': 9, 'min_child_weight': 1, 'subsample': 0.7, 'colsample_bytree': 0.7, 'gamma': 0.0, 'reg_alpha': 0.0, 'reg_lambda': 0.1}",COMPLETE
2720,0.7645161287856399,2024-07-08 13:14:12.846472,2024-07-08 13:14:59.101931,0 days 00:00:46.255459,BaggingClassifier,Normalize_L1_1,,"[1, 0, 1, 1, 0, 1, 1, 0, 1, 0, 1, 1, 1, 1, 0, 0, 0, 0, 1, 0, 1, 1, 1, 0, 0, 1, 1, 1, 1, 0, 1, 1, 0, 1, 1, 1, 0, 1, 0, 0, 0, 0, 0, 1, 1, 1, 0, 0, 0]","{'n_estimators': 500, 'max_samples': 1.0, 'max_features': 0.1, 'bootstrap': False, 'bootstrap_features': True}",COMPLETE
2721,0.7645161287856399,2024-07-08 13:14:13.218475,2024-07-08 13:15:30.328931,0 days 00:01:17.110456,BaggingClassifier,Normalize_L1_1,,"[1, 1, 0, 1, 1, 1, 1, 1, 1, 0, 0, 0, 1, 1, 1, 1, 1, 1, 1, 0, 0, 1, 0, 1, 1, 0, 1, 0, 1, 0, 1, 1, 0, 0, 0, 1, 1, 1, 1, 1, 0, 1, 0, 1, 0, 1, 1, 0, 0]","{'n_estimators': 1000, 'max_samples': 1.0, 'max_features': 0.5, 'bootstrap': False, 'bootstrap_features': True}",COMPLETE
2722,0.7645161287856399,2024-07-08 13:14:15.563488,2024-07-08 13:14:56.636930,0 days 00:00:41.073442,BaggingClassifier,Normalize_L1_1,,"[1, 0, 1, 0, 0, 0, 1, 1, 0, 0, 0, 1, 0, 1, 1, 0, 0, 1, 1, 1, 0, 1, 0, 0, 1, 0, 1, 0, 1, 1, 0, 0, 1, 0, 0, 0, 0, 0, 0, 1, 0, 1, 0, 0, 0, 0, 0, 1, 0]","{'n_estimators': 50, 'max_samples': 1.0, 'max_features': 0.5, 'bootstrap': True, 'bootstrap_features': True}",COMPLETE
2723,0.4161290321238293,2024-07-08 13:14:16.355474,2024-07-08 13:14:47.781930,0 days 00:00:31.426456,BaggingClassifier,Normalize_L1_1,NearMiss,"[1, 0, 0, 1, 1, 1, 0, 0, 0, 1, 1, 0, 1, 1, 1, 1, 0, 1, 0, 0, 1, 0, 1, 1, 1, 0, 0, 1, 1, 1, 0, 0, 0, 1, 0, 1, 1, 0, 0, 0, 1, 0, 1, 1, 0, 1, 0, 0, 1]","{'n_estimators': 500, 'max_samples': 0.1, 'max_features': 0.5, 'bootstrap': False, 'bootstrap_features': True}",COMPLETE
2724,0.7838709674890738,2024-07-08 13:14:20.076486,2024-07-08 13:15:06.451930,0 days 00:00:46.375444,BaggingClassifier,Normalize_L1_1,,"[0, 0, 0, 1, 1, 1, 0, 0, 1, 0, 0, 0, 1, 0, 0, 1, 0, 0, 0, 0, 0, 0, 0, 0, 0, 0, 1, 1, 1, 0, 1, 0, 1, 1, 0, 0, 0, 1, 0, 0, 0, 0, 0, 1, 1, 0, 0, 0, 0]","{'n_estimators': 100, 'max_samples': 0.5, 'max_features': 1.0, 'bootstrap': True, 'bootstrap_features': True}",COMPLETE
2725,0.7999999997419355,2024-07-08 13:14:20.354482,2024-07-08 13:15:13.925934,0 days 00:00:53.571452,BaggingClassifier,Normalize_L1_1,,"[1, 0, 1, 1, 1, 1, 1, 0, 1, 0, 0, 0, 0, 1, 1, 1, 0, 1, 0, 1, 1, 0, 0, 1, 1, 1, 0, 0, 0, 0, 1, 0, 0, 0, 0, 0, 1, 1, 0, 1, 1, 0, 1, 0, 0, 0, 0, 1, 0]","{'n_estimators': 500, 'max_samples': 0.1, 'max_features': 1.0, 'bootstrap': True, 'bootstrap_features': False}",COMPLETE
2726,0.7677419352362123,2024-07-08 13:14:21.967475,2024-07-08 13:15:00.617930,0 days 00:00:38.650455,BaggingClassifier,Normalize_L1_1,,"[0, 1, 0, 0, 1, 0, 0, 0, 1, 1, 1, 0, 0, 1, 1, 1, 1, 0, 0, 0, 1, 1, 1, 1, 0, 0, 0, 1, 0, 0, 1, 1, 0, 0, 0, 0, 1, 0, 1, 1, 0, 0, 1, 0, 1, 1, 1, 0, 0]","{'n_estimators': 50, 'max_samples': 1.0, 'max_features': 0.1, 'bootstrap': True, 'bootstrap_features': False}",COMPLETE
2727,0.7838709674890738,2024-07-08 13:14:22.582501,2024-07-08 13:15:01.200931,0 days 00:00:38.618430,BaggingClassifier,Normalize_L1_1,,"[0, 0, 1, 1, 0, 0, 1, 1, 0, 0, 0, 0, 0, 1, 1, 1, 1, 1, 1, 0, 0, 0, 0, 0, 0, 0, 0, 1, 1, 0, 0, 0, 0, 1, 0, 0, 0, 1, 0, 1, 0, 0, 0, 1, 1, 1, 0, 1, 0]","{'n_estimators': 100, 'max_samples': 0.1, 'max_features': 0.5, 'bootstrap': False, 'bootstrap_features': True}",COMPLETE
2728,0.7967741932913631,2024-07-08 13:14:23.507472,2024-07-08 13:14:59.603930,0 days 00:00:36.096458,BaggingClassifier,Normalize_L1_1,,"[0, 1, 1, 1, 0, 0, 0, 0, 1, 1, 0, 1, 0, 0, 1, 1, 1, 1, 0, 0, 1, 0, 1, 1, 1, 0, 1, 0, 0, 1, 0, 1, 0, 0, 0, 1, 0, 1, 0, 0, 0, 0, 0, 0, 1, 1, 1, 1, 1]","{'n_estimators': 500, 'max_samples': 0.1, 'max_features': 0.5, 'bootstrap': True, 'bootstrap_features': False}",COMPLETE
2729,0.7806451610385015,2024-07-08 13:14:23.655474,2024-07-08 13:15:01.199930,0 days 00:00:37.544456,BaggingClassifier,Normalize_L1_0,,"[1, 0, 1, 1, 0, 0, 0, 0, 0, 1, 0, 0, 0, 0, 1, 0, 0, 1, 1, 1, 0, 1, 1, 1, 1, 0, 1, 0, 1, 0, 0, 0, 0, 1, 1, 1, 1, 0, 1, 1, 0, 0, 0, 1, 1, 1, 0, 0, 0]","{'n_estimators': 10, 'max_samples': 0.1, 'max_features': 1.0, 'bootstrap': False, 'bootstrap_features': True}",COMPLETE
2730,0.7806451610385015,2024-07-08 13:14:26.376475,2024-07-08 13:15:14.130930,0 days 00:00:47.754455,XGBClassifier,Normalize_L2_0,,"[0, 0, 1, 1, 1, 1, 1, 0, 1, 1, 1, 0, 0, 0, 0, 0, 1, 0, 1, 1, 0, 1, 0, 1, 0, 0, 1, 0, 1, 1, 0, 0, 1, 1, 1, 0, 1, 1, 0, 1, 1, 0, 0, 0, 1, 1, 0, 0, 1]","{'n_estimators': 50, 'learning_rate': 1.0, 'max_depth': 7, 'min_child_weight': 10, 'subsample': 1.0, 'colsample_bytree': 0.5, 'gamma': 0.0, 'reg_alpha': 0.1, 'reg_lambda': 0.1}",COMPLETE
2731,0.7290322578293443,2024-07-08 13:14:26.944494,2024-07-08 13:15:21.641931,0 days 00:00:54.697437,XGBClassifier,Normalize_L1_1,,"[0, 1, 0, 1, 0, 1, 0, 0, 1, 0, 0, 0, 1, 0, 0, 1, 1, 1, 1, 1, 1, 0, 0, 1, 0, 1, 0, 0, 1, 0, 0, 1, 1, 0, 0, 1, 1, 0, 1, 1, 0, 0, 0, 0, 1, 1, 0, 0, 0]","{'n_estimators': 500, 'learning_rate': 0.1, 'max_depth': 5, 'min_child_weight': 5, 'subsample': 0.5, 'colsample_bytree': 0.7, 'gamma': 0.1, 'reg_alpha': 0.0, 'reg_lambda': 1.0}",COMPLETE
2732,0.7645161287856399,2024-07-08 13:14:27.735473,2024-07-08 13:15:06.903933,0 days 00:00:39.168460,BaggingClassifier,Normalize_L1_0,,"[0, 0, 1, 1, 1, 0, 0, 0, 0, 0, 1, 1, 1, 0, 0, 1, 1, 0, 1, 1, 1, 1, 1, 0, 1, 1, 1, 1, 0, 0, 1, 1, 1, 1, 0, 0, 0, 1, 1, 1, 0, 0, 0, 0, 0, 0, 0, 0, 1]","{'n_estimators': 50, 'max_samples': 0.5, 'max_features': 0.5, 'bootstrap': True, 'bootstrap_features': True}",COMPLETE
2733,0.7612903223350675,2024-07-08 13:14:29.867472,2024-07-08 13:15:13.435930,0 days 00:00:43.568458,BaggingClassifier,Normalize_L1_0,,"[1, 0, 1, 1, 0, 1, 1, 0, 1, 1, 0, 1, 0, 0, 0, 1, 1, 0, 1, 1, 0, 0, 0, 1, 0, 1, 0, 1, 0, 1, 1, 0, 1, 1, 1, 0, 1, 1, 1, 1, 0, 0, 0, 0, 0, 0, 1, 1, 0]","{'n_estimators': 200, 'max_samples': 1.0, 'max_features': 1.0, 'bootstrap': False, 'bootstrap_features': True}",COMPLETE
2734,0.7935483868407908,2024-07-08 13:14:30.678474,2024-07-08 13:15:09.096933,0 days 00:00:38.418459,XGBClassifier,Normalize_L1_0,,"[1, 0, 1, 0, 0, 1, 0, 1, 0, 1, 0, 0, 1, 1, 1, 0, 1, 0, 1, 1, 0, 1, 1, 0, 0, 0, 0, 1, 1, 1, 0, 0, 0, 1, 0, 0, 0, 0, 1, 0, 1, 0, 0, 1, 1, 1, 1, 1, 0]","{'n_estimators': 200, 'learning_rate': 0.5, 'max_depth': 3, 'min_child_weight': 10, 'subsample': 1.0, 'colsample_bytree': 1.0, 'gamma': 1.0, 'reg_alpha': 1.0, 'reg_lambda': 0.1}",COMPLETE
2735,0.7935483868407908,2024-07-08 13:14:32.550929,2024-07-08 13:15:25.506933,0 days 00:00:52.956004,BaggingClassifier,Normalize_L1_0,,"[0, 1, 1, 0, 0, 1, 1, 1, 1, 1, 0, 0, 1, 0, 0, 1, 1, 1, 0, 1, 1, 1, 1, 0, 1, 0, 0, 0, 0, 1, 1, 0, 0, 0, 0, 1, 0, 0, 1, 1, 1, 0, 1, 1, 1, 0, 1, 0, 0]","{'n_estimators': 1000, 'max_samples': 0.1, 'max_features': 0.5, 'bootstrap': False, 'bootstrap_features': False}",COMPLETE
2736,0.7645161287856399,2024-07-08 13:14:37.024933,2024-07-08 13:15:04.215930,0 days 00:00:27.190997,BaggingClassifier,Normalize_L1_0,,"[0, 0, 0, 1, 0, 0, 1, 1, 1, 1, 0, 1, 0, 0, 1, 1, 1, 0, 0, 1, 0, 0, 1, 1, 1, 0, 0, 1, 1, 0, 0, 1, 0, 0, 1, 0, 1, 1, 1, 0, 0, 1, 1, 1, 1, 0, 1, 1, 1]","{'n_estimators': 10, 'max_samples': 1.0, 'max_features': 1.0, 'bootstrap': True, 'bootstrap_features': True}",COMPLETE
2737,0.8064516126430801,2024-07-08 13:14:39.380938,2024-07-08 13:15:09.093931,0 days 00:00:29.712993,BaggingClassifier,Normalize_L1_1,,"[1, 0, 1, 0, 1, 0, 0, 1, 0, 0, 0, 1, 1, 1, 1, 1, 1, 1, 0, 1, 1, 1, 0, 0, 0, 0, 0, 0, 0, 0, 0, 0, 1, 1, 1, 1, 1, 0, 0, 1, 1, 1, 1, 1, 0, 1, 1, 0, 1]","{'n_estimators': 500, 'max_samples': 0.1, 'max_features': 0.1, 'bootstrap': False, 'bootstrap_features': False}",COMPLETE
2738,0.7870967739396462,2024-07-08 13:14:40.686935,2024-07-08 13:15:22.577933,0 days 00:00:41.890998,BaggingClassifier,Normalize_L2_0,,"[0, 0, 1, 0, 0, 0, 0, 1, 0, 0, 0, 1, 0, 0, 0, 0, 1, 0, 0, 0, 1, 1, 1, 1, 0, 1, 0, 0, 1, 0, 0, 0, 1, 1, 1, 1, 1, 1, 0, 1, 1, 0, 0, 0, 1, 0, 1, 1, 0]","{'n_estimators': 50, 'max_samples': 0.1, 'max_features': 0.1, 'bootstrap': True, 'bootstrap_features': True}",COMPLETE
2739,0.7935483868407908,2024-07-08 13:14:41.882931,2024-07-08 13:15:14.633932,0 days 00:00:32.751001,XGBClassifier,Normalize_L2_0,,"[0, 0, 1, 1, 0, 1, 0, 1, 1, 0, 1, 1, 0, 0, 1, 1, 1, 0, 1, 1, 1, 1, 0, 1, 1, 1, 0, 0, 1, 0, 1, 0, 0, 1, 1, 0, 1, 0, 1, 0, 1, 1, 1, 0, 1, 1, 1, 0, 1]","{'n_estimators': 100, 'learning_rate': 0.5, 'max_depth': 7, 'min_child_weight': 10, 'subsample': 1.0, 'colsample_bytree': 0.7, 'gamma': 0.5, 'reg_alpha': 1.0, 'reg_lambda': 1.0}",COMPLETE
2740,0.2999999999032258,2024-07-08 13:14:42.509932,2024-07-08 13:15:15.041941,0 days 00:00:32.532009,XGBClassifier,Normalize_L2_0,,"[0, 1, 1, 1, 1, 1, 1, 1, 1, 1, 0, 1, 0, 0, 0, 1, 0, 1, 1, 0, 1, 0, 0, 0, 0, 1, 1, 1, 0, 1, 0, 1, 0, 1, 0, 0, 1, 0, 0, 0, 1, 1, 0, 0, 1, 0, 1, 1, 1]","{'n_estimators': 50, 'learning_rate': 10.0, 'max_depth': 5, 'min_child_weight': 1, 'subsample': 1.0, 'colsample_bytree': 0.7, 'gamma': 0.0, 'reg_alpha': 1.0, 'reg_lambda': 0.0}",COMPLETE
2741,0.7419354836316336,2024-07-08 13:14:42.667932,2024-07-08 13:15:13.075932,0 days 00:00:30.408000,XGBClassifier,Normalize_L2_0,,"[0, 0, 0, 1, 1, 1, 0, 1, 1, 1, 0, 0, 0, 1, 1, 1, 0, 1, 0, 0, 0, 1, 0, 1, 1, 0, 0, 0, 0, 1, 1, 1, 0, 0, 1, 1, 1, 0, 0, 1, 0, 1, 0, 0, 1, 0, 1, 1, 1]","{'n_estimators': 200, 'learning_rate': 0.5, 'max_depth': 5, 'min_child_weight': 1, 'subsample': 0.5, 'colsample_bytree': 1.0, 'gamma': 0.0, 'reg_alpha': 1.0, 'reg_lambda': 0.0}",COMPLETE
2742,0.745161290082206,2024-07-08 13:14:43.857965,2024-07-08 13:15:14.185930,0 days 00:00:30.327965,XGBClassifier,Normalize_L2_0,,"[0, 1, 1, 1, 1, 0, 0, 1, 1, 0, 1, 1, 1, 1, 1, 0, 1, 0, 1, 1, 1, 0, 0, 0, 1, 0, 0, 1, 1, 1, 1, 1, 1, 1, 1, 0, 1, 1, 0, 1, 0, 0, 1, 1, 1, 1, 1, 0, 1]","{'n_estimators': 500, 'learning_rate': 1.0, 'max_depth': 3, 'min_child_weight': 10, 'subsample': 0.7, 'colsample_bytree': 1.0, 'gamma': 0.0, 'reg_alpha': 1.0, 'reg_lambda': 0.1}",COMPLETE
2743,0.7645161287856399,2024-07-08 13:14:44.880930,2024-07-08 13:15:26.302931,0 days 00:00:41.422001,BaggingClassifier,Normalize_L1_1,,"[1, 0, 0, 0, 0, 1, 1, 1, 1, 0, 1, 1, 0, 1, 0, 0, 1, 0, 0, 1, 0, 0, 1, 0, 1, 0, 0, 0, 0, 1, 0, 0, 1, 1, 1, 0, 0, 0, 0, 0, 1, 0, 1, 1, 0, 0, 1, 1, 1]","{'n_estimators': 200, 'max_samples': 1.0, 'max_features': 0.1, 'bootstrap': False, 'bootstrap_features': False}",COMPLETE
2744,0.7870967739396462,2024-07-08 13:14:45.588933,2024-07-08 13:15:11.977931,0 days 00:00:26.388998,XGBClassifier,Normalize_L2_0,,"[0, 0, 1, 1, 0, 1, 1, 0, 0, 0, 0, 1, 1, 0, 0, 0, 1, 1, 0, 1, 1, 1, 1, 1, 0, 0, 1, 0, 1, 1, 0, 1, 0, 1, 1, 1, 0, 0, 0, 0, 0, 0, 1, 0, 1, 1, 1, 0, 1]","{'n_estimators': 500, 'learning_rate': 1.0, 'max_depth': 9, 'min_child_weight': 1, 'subsample': 1.0, 'colsample_bytree': 0.7, 'gamma': 0.1, 'reg_alpha': 1.0, 'reg_lambda': 0.0}",COMPLETE
2745,0.7774193545879292,2024-07-08 13:14:49.411958,2024-07-08 13:15:39.503930,0 days 00:00:50.091972,BaggingClassifier,Normalize_L1_1,,"[0, 0, 0, 1, 0, 0, 0, 0, 0, 0, 0, 1, 0, 0, 0, 1, 1, 0, 0, 1, 1, 0, 1, 1, 1, 0, 1, 0, 0, 0, 1, 1, 1, 1, 1, 0, 1, 1, 0, 1, 0, 0, 1, 0, 1, 0, 0, 1, 0]","{'n_estimators': 200, 'max_samples': 0.5, 'max_features': 1.0, 'bootstrap': True, 'bootstrap_features': False}",COMPLETE
2746,0.745161290082206,2024-07-08 13:14:52.334962,2024-07-08 13:15:28.823933,0 days 00:00:36.488971,BaggingClassifier,Normalize_L2_1,,"[1, 1, 1, 1, 0, 0, 1, 1, 0, 0, 0, 1, 1, 0, 1, 0, 1, 1, 0, 0, 1, 0, 0, 1, 0, 1, 0, 1, 1, 0, 0, 0, 0, 0, 1, 1, 1, 1, 1, 1, 0, 1, 0, 1, 1, 1, 1, 1, 1]","{'n_estimators': 10, 'max_samples': 1.0, 'max_features': 0.1, 'bootstrap': False, 'bootstrap_features': True}",COMPLETE
2747,0.7903225803902184,2024-07-08 13:14:55.458933,2024-07-08 13:15:13.509936,0 days 00:00:18.051003,XGBClassifier,Normalize_L2_0,,"[0, 1, 1, 1, 0, 1, 0, 1, 0, 0, 1, 0, 1, 1, 0, 1, 1, 1, 1, 1, 0, 0, 0, 0, 1, 0, 0, 1, 0, 0, 1, 0, 1, 1, 1, 1, 1, 0, 1, 0, 0, 0, 1, 1, 1, 1, 0, 1, 0]","{'n_estimators': 200, 'learning_rate': 1.0, 'max_depth': 5, 'min_child_weight': 3, 'subsample': 1.0, 'colsample_bytree': 1.0, 'gamma': 0.1, 'reg_alpha': 1.0, 'reg_lambda': 0.1}",COMPLETE
2748,0.7645161287856399,2024-07-08 13:14:56.462958,2024-07-08 13:15:36.055930,0 days 00:00:39.592972,BaggingClassifier,Normalize_L1_1,,"[1, 0, 0, 0, 0, 0, 0, 0, 0, 0, 1, 0, 0, 0, 0, 1, 0, 1, 0, 1, 0, 1, 0, 0, 0, 1, 0, 0, 1, 0, 0, 1, 0, 0, 0, 1, 1, 0, 0, 0, 1, 1, 1, 1, 0, 1, 1, 1, 0]","{'n_estimators': 100, 'max_samples': 0.5, 'max_features': 1.0, 'bootstrap': False, 'bootstrap_features': True}",COMPLETE
2749,0.7935483868407908,2024-07-08 13:14:57.208932,2024-07-08 13:15:15.315931,0 days 00:00:18.106999,XGBClassifier,Normalize_L2_0,,"[0, 1, 0, 1, 0, 0, 1, 1, 1, 0, 0, 1, 0, 0, 0, 0, 1, 0, 1, 0, 1, 0, 0, 0, 1, 0, 1, 1, 0, 0, 1, 1, 1, 1, 0, 1, 0, 0, 1, 1, 1, 0, 1, 1, 1, 1, 0, 1, 0]","{'n_estimators': 100, 'learning_rate': 0.01, 'max_depth': 7, 'min_child_weight': 5, 'subsample': 0.5, 'colsample_bytree': 0.5, 'gamma': 1.0, 'reg_alpha': 0.0, 'reg_lambda': 0.0}",COMPLETE
2750,0.7935483868407908,2024-07-08 13:14:58.553931,2024-07-08 13:15:20.101935,0 days 00:00:21.548004,XGBClassifier,Normalize_L2_0,,"[1, 0, 1, 0, 1, 0, 0, 0, 1, 1, 1, 0, 1, 1, 1, 1, 0, 0, 0, 0, 1, 1, 1, 0, 1, 0, 0, 1, 1, 0, 0, 1, 0, 0, 0, 1, 1, 1, 1, 0, 1, 0, 0, 1, 1, 1, 1, 1, 0]","{'n_estimators': 200, 'learning_rate': 0.01, 'max_depth': 3, 'min_child_weight': 5, 'subsample': 0.5, 'colsample_bytree': 1.0, 'gamma': 0.0, 'reg_alpha': 0.0, 'reg_lambda': 1.0}",COMPLETE
2751,0.7612903223350675,2024-07-08 13:14:59.280930,2024-07-08 13:15:21.545931,0 days 00:00:22.265001,BaggingClassifier,Normalize_L1_1,,"[0, 1, 0, 1, 0, 0, 1, 0, 0, 1, 1, 1, 0, 1, 1, 1, 1, 0, 1, 1, 1, 1, 0, 0, 0, 1, 0, 1, 0, 0, 1, 0, 0, 1, 1, 1, 0, 1, 1, 0, 0, 0, 1, 0, 1, 1, 0, 0, 1]","{'n_estimators': 50, 'max_samples': 1.0, 'max_features': 0.1, 'bootstrap': True, 'bootstrap_features': False}",COMPLETE
