number,value,datetime_start,datetime_complete,duration,params_model,params_normTechnique,params_sampleTechnique,user_attrs_binIndices,user_attrs_hyperparams,state
2323,0.745161290082206,2024-07-08 13:06:55.125444,2024-07-08 13:07:29.380475,0 days 00:00:34.255031,BaggingClassifier,Normalize_L1_1,,"[0, 0, 0, 0, 0, 1, 0, 0, 0, 1, 1, 0, 0, 1, 0, 1, 1, 0, 0, 0, 1, 0, 1, 0, 1, 1, 0, 0, 1, 1, 0, 0, 1, 1, 0, 1, 0, 1, 0, 0, 1, 1, 0, 1, 0, 1, 1, 1, 1]","{'n_estimators': 10, 'max_samples': 1.0, 'max_features': 1.0, 'bootstrap': True, 'bootstrap_features': True}",COMPLETE
2324,0.7645161287856399,2024-07-08 13:06:55.296441,2024-07-08 13:07:36.674474,0 days 00:00:41.378033,BaggingClassifier,Normalize_L1_1,,"[1, 1, 1, 1, 0, 1, 1, 1, 0, 1, 0, 1, 0, 0, 0, 1, 0, 0, 1, 0, 1, 0, 0, 0, 1, 1, 1, 1, 0, 0, 1, 0, 1, 1, 1, 1, 0, 1, 1, 1, 0, 1, 1, 0, 1, 1, 0, 0, 0]","{'n_estimators': 1000, 'max_samples': 1.0, 'max_features': 0.1, 'bootstrap': False, 'bootstrap_features': False}",COMPLETE
2325,0.7967741932913631,2024-07-08 13:06:55.395445,2024-07-08 13:07:35.992481,0 days 00:00:40.597036,BaggingClassifier,Normalize_L1_1,,"[0, 1, 0, 1, 1, 1, 1, 1, 1, 1, 1, 1, 0, 0, 1, 0, 0, 0, 0, 0, 0, 1, 0, 1, 0, 1, 1, 1, 1, 0, 0, 1, 0, 0, 1, 1, 0, 1, 1, 0, 1, 1, 0, 0, 0, 1, 0, 0, 1]","{'n_estimators': 1000, 'max_samples': 0.1, 'max_features': 0.5, 'bootstrap': True, 'bootstrap_features': True}",COMPLETE
2326,0.7999999997419355,2024-07-08 13:06:55.769445,2024-07-08 13:08:29.054474,0 days 00:01:33.285029,BaggingClassifier,Normalize_L1_1,,"[0, 1, 0, 1, 0, 1, 0, 1, 1, 0, 0, 1, 1, 1, 0, 0, 0, 0, 0, 0, 1, 1, 1, 1, 1, 0, 0, 0, 1, 0, 0, 0, 0, 0, 0, 1, 0, 0, 1, 0, 1, 0, 0, 1, 0, 1, 0, 1, 1]","{'n_estimators': 1000, 'max_samples': 0.1, 'max_features': 1.0, 'bootstrap': False, 'bootstrap_features': True}",COMPLETE
2327,0.7935483868407908,2024-07-08 13:06:56.526444,2024-07-08 13:07:27.180474,0 days 00:00:30.654030,BaggingClassifier,Normalize_L1_1,,"[0, 0, 1, 1, 1, 1, 0, 1, 0, 1, 0, 1, 1, 1, 1, 1, 1, 0, 1, 0, 0, 0, 1, 1, 1, 1, 1, 1, 1, 1, 1, 1, 1, 0, 1, 0, 0, 0, 0, 0, 0, 1, 0, 1, 1, 0, 1, 1, 0]","{'n_estimators': 50, 'max_samples': 0.1, 'max_features': 0.5, 'bootstrap': True, 'bootstrap_features': False}",COMPLETE
2328,0.7612903223350675,2024-07-08 13:06:56.865443,2024-07-08 13:07:22.830459,0 days 00:00:25.965016,BaggingClassifier,Normalize_L1_1,,"[0, 0, 1, 1, 1, 1, 0, 1, 1, 0, 1, 1, 0, 1, 0, 1, 1, 1, 1, 0, 0, 1, 1, 1, 0, 0, 1, 1, 0, 0, 1, 0, 0, 1, 0, 0, 0, 0, 1, 0, 1, 0, 1, 1, 1, 1, 1, 1, 0]","{'n_estimators': 100, 'max_samples': 1.0, 'max_features': 0.5, 'bootstrap': False, 'bootstrap_features': False}",COMPLETE
2329,0.7741935481373569,2024-07-08 13:06:57.392471,2024-07-08 13:07:30.011484,0 days 00:00:32.619013,BaggingClassifier,Normalize_L1_1,,"[1, 1, 1, 1, 0, 1, 0, 0, 1, 1, 0, 1, 1, 0, 1, 1, 1, 0, 0, 0, 0, 1, 0, 0, 1, 0, 1, 1, 0, 0, 1, 1, 1, 1, 0, 0, 0, 0, 1, 0, 0, 0, 1, 1, 0, 1, 1, 0, 0]","{'n_estimators': 500, 'max_samples': 0.5, 'max_features': 0.5, 'bootstrap': True, 'bootstrap_features': False}",COMPLETE
2330,0.7645161287856399,2024-07-08 13:06:57.490442,2024-07-08 13:07:20.966445,0 days 00:00:23.476003,BaggingClassifier,Normalize_L1_1,,"[1, 1, 1, 1, 1, 0, 0, 0, 0, 1, 1, 0, 0, 0, 1, 1, 0, 0, 1, 0, 0, 1, 0, 0, 0, 1, 0, 0, 1, 0, 1, 1, 0, 0, 1, 0, 0, 0, 0, 0, 0, 1, 0, 1, 1, 0, 0, 0, 0]","{'n_estimators': 50, 'max_samples': 0.5, 'max_features': 0.5, 'bootstrap': False, 'bootstrap_features': False}",COMPLETE
2331,0.40322580632154004,2024-07-08 13:06:57.699447,2024-07-08 13:08:16.813472,0 days 00:01:19.114025,BaggingClassifier,Normalize_L2_1,SVMSMOTE,"[1, 1, 0, 0, 0, 0, 1, 1, 1, 1, 1, 1, 1, 0, 0, 0, 0, 1, 1, 1, 0, 1, 0, 1, 0, 1, 0, 0, 0, 0, 1, 1, 0, 1, 1, 0, 1, 0, 1, 1, 1, 1, 0, 1, 0, 0, 0, 0, 1]","{'n_estimators': 1000, 'max_samples': 0.5, 'max_features': 0.5, 'bootstrap': False, 'bootstrap_features': True}",COMPLETE
2332,0.7580645158844953,2024-07-08 13:06:57.765440,2024-07-08 13:07:34.703539,0 days 00:00:36.938099,BaggingClassifier,Normalize_L1_1,,"[0, 0, 1, 0, 1, 0, 1, 0, 0, 1, 0, 1, 0, 0, 1, 1, 0, 1, 1, 0, 0, 0, 1, 1, 0, 0, 0, 1, 0, 0, 0, 0, 0, 0, 0, 0, 0, 0, 1, 1, 0, 1, 0, 1, 1, 0, 0, 1, 1]","{'n_estimators': 50, 'max_samples': 1.0, 'max_features': 0.1, 'bootstrap': True, 'bootstrap_features': False}",COMPLETE
2333,0.3483870966618106,2024-07-08 13:06:57.960472,2024-07-08 13:08:18.859475,0 days 00:01:20.899003,BaggingClassifier,Normalize_L2_0,SVMSMOTE,"[1, 0, 0, 1, 1, 1, 0, 0, 0, 1, 0, 0, 0, 1, 0, 1, 1, 1, 0, 0, 1, 1, 0, 1, 0, 1, 1, 0, 0, 1, 1, 0, 1, 1, 1, 1, 0, 1, 0, 1, 1, 1, 0, 1, 1, 0, 1, 0, 1]","{'n_estimators': 1000, 'max_samples': 0.1, 'max_features': 0.1, 'bootstrap': False, 'bootstrap_features': False}",COMPLETE
2334,0.7935483868407908,2024-07-08 13:06:58.112448,2024-07-08 13:07:32.602473,0 days 00:00:34.490025,BaggingClassifier,Normalize_L1_1,,"[1, 1, 1, 1, 0, 0, 1, 1, 0, 1, 1, 1, 1, 1, 1, 1, 0, 1, 0, 1, 0, 0, 1, 1, 1, 0, 1, 0, 0, 1, 1, 1, 0, 1, 0, 0, 0, 0, 0, 0, 1, 1, 1, 1, 0, 0, 0, 0, 1]","{'n_estimators': 200, 'max_samples': 0.1, 'max_features': 0.1, 'bootstrap': True, 'bootstrap_features': False}",COMPLETE
2335,0.5161290320915712,2024-07-08 13:06:58.578448,2024-07-08 13:07:43.234474,0 days 00:00:44.656026,BaggingClassifier,Normalize_L2_1,SVMSMOTE,"[1, 0, 0, 1, 0, 1, 1, 1, 0, 0, 1, 1, 1, 0, 1, 1, 1, 0, 1, 1, 1, 0, 0, 0, 0, 1, 0, 0, 1, 1, 0, 0, 0, 1, 0, 1, 0, 1, 1, 1, 1, 0, 1, 1, 1, 1, 0, 1, 1]","{'n_estimators': 500, 'max_samples': 0.1, 'max_features': 0.1, 'bootstrap': False, 'bootstrap_features': False}",COMPLETE
2336,0.45161290308012486,2024-07-08 13:06:58.914446,2024-07-08 13:08:14.331473,0 days 00:01:15.417027,BaggingClassifier,Normalize_L1_1,SVMSMOTE,"[1, 0, 1, 1, 1, 1, 0, 0, 0, 0, 0, 1, 0, 1, 0, 0, 1, 1, 1, 1, 0, 0, 0, 0, 1, 1, 1, 1, 0, 1, 0, 1, 0, 0, 0, 0, 0, 1, 0, 1, 0, 0, 1, 0, 0, 1, 0, 1, 1]","{'n_estimators': 500, 'max_samples': 1.0, 'max_features': 0.5, 'bootstrap': True, 'bootstrap_features': False}",COMPLETE
2337,0.0,2024-07-08 13:06:59.216473,2024-07-08 13:07:36.427497,0 days 00:00:37.211024,AdaBoostClassifier,Normalize_L1_1,KMeansSMOTE,,"{'n_estimators': 10, 'learning_rate': 0.01, 'algorithm': 'SAMME'}",COMPLETE
2338,0.7645161287856399,2024-07-08 13:06:59.289446,2024-07-08 13:07:33.041477,0 days 00:00:33.752031,BaggingClassifier,Normalize_L1_1,,"[0, 1, 1, 0, 1, 0, 0, 1, 1, 1, 0, 0, 1, 1, 0, 0, 1, 1, 1, 0, 1, 1, 0, 0, 1, 0, 0, 1, 1, 0, 0, 1, 0, 1, 0, 1, 0, 1, 1, 0, 0, 0, 1, 1, 0, 0, 0, 0, 0]","{'n_estimators': 50, 'max_samples': 1.0, 'max_features': 1.0, 'bootstrap': False, 'bootstrap_features': False}",COMPLETE
2339,0.0,2024-07-08 13:06:59.425498,2024-07-08 13:07:32.715512,0 days 00:00:33.290014,BaggingClassifier,Normalize_L1_1,KMeansSMOTE,,"{'n_estimators': 10, 'max_samples': 0.5, 'max_features': 0.1, 'bootstrap': True, 'bootstrap_features': True}",COMPLETE
2340,0.0,2024-07-08 13:06:59.512489,2024-07-08 13:07:32.817475,0 days 00:00:33.304986,BaggingClassifier,Normalize_L1_0,KMeansSMOTE,,"{'n_estimators': 100, 'max_samples': 1.0, 'max_features': 0.1, 'bootstrap': False, 'bootstrap_features': True}",COMPLETE
2341,0.8032258061925077,2024-07-08 13:06:59.803445,2024-07-08 13:07:29.299476,0 days 00:00:29.496031,BaggingClassifier,Normalize_L1_1,,"[0, 1, 1, 1, 1, 1, 1, 1, 1, 0, 0, 0, 1, 0, 0, 0, 0, 0, 1, 0, 1, 1, 1, 0, 0, 0, 1, 1, 1, 0, 1, 0, 0, 1, 0, 0, 0, 0, 1, 0, 1, 1, 0, 0, 1, 1, 1, 0, 0]","{'n_estimators': 100, 'max_samples': 0.1, 'max_features': 0.1, 'bootstrap': False, 'bootstrap_features': True}",COMPLETE
2342,0.7774193545879292,2024-07-08 13:07:00.740444,2024-07-08 13:08:01.771473,0 days 00:01:01.031029,BaggingClassifier,Normalize_L1_1,,"[0, 0, 1, 0, 1, 1, 1, 0, 1, 1, 0, 0, 1, 0, 1, 0, 0, 1, 1, 1, 0, 0, 1, 1, 1, 1, 0, 0, 0, 0, 1, 0, 0, 0, 1, 0, 1, 1, 1, 1, 0, 1, 1, 1, 1, 1, 0, 0, 1]","{'n_estimators': 50, 'max_samples': 0.5, 'max_features': 0.5, 'bootstrap': False, 'bootstrap_features': False}",COMPLETE
2343,0.7612903223350675,2024-07-08 13:07:01.895474,2024-07-08 13:07:34.633517,0 days 00:00:32.738043,BaggingClassifier,Normalize_L1_1,,"[1, 0, 1, 1, 0, 1, 0, 1, 0, 0, 1, 0, 1, 0, 1, 0, 1, 1, 1, 1, 1, 0, 1, 0, 1, 0, 1, 1, 0, 0, 1, 1, 0, 1, 0, 0, 1, 0, 0, 1, 1, 1, 0, 0, 1, 1, 0, 1, 0]","{'n_estimators': 100, 'max_samples': 1.0, 'max_features': 0.1, 'bootstrap': True, 'bootstrap_features': True}",COMPLETE
2344,0.5193548385421436,2024-07-08 13:07:02.485444,2024-07-08 13:08:09.618473,0 days 00:01:07.133029,BaggingClassifier,Normalize_L2_1,SVMSMOTE,"[0, 0, 0, 1, 0, 0, 1, 1, 1, 0, 0, 1, 1, 1, 1, 1, 0, 1, 0, 0, 1, 1, 0, 1, 1, 0, 1, 0, 1, 1, 1, 1, 0, 0, 0, 0, 0, 0, 0, 1, 0, 1, 0, 1, 1, 0, 1, 0, 1]","{'n_estimators': 100, 'max_samples': 0.1, 'max_features': 0.5, 'bootstrap': False, 'bootstrap_features': False}",COMPLETE
2345,0.7999999997419355,2024-07-08 13:07:03.869442,2024-07-08 13:07:32.498475,0 days 00:00:28.629033,BaggingClassifier,Normalize_L1_1,,"[1, 0, 1, 0, 1, 1, 1, 1, 0, 1, 1, 0, 1, 1, 1, 0, 0, 1, 0, 1, 1, 1, 0, 1, 0, 1, 0, 1, 0, 1, 0, 1, 1, 1, 1, 1, 0, 1, 0, 1, 0, 1, 1, 0, 1, 1, 1, 0, 1]","{'n_estimators': 50, 'max_samples': 0.1, 'max_features': 0.5, 'bootstrap': True, 'bootstrap_features': False}",COMPLETE
2346,0.0,2024-07-08 13:07:04.870444,2024-07-08 13:07:36.337515,0 days 00:00:31.467071,BaggingClassifier,Normalize_L1_0,KMeansSMOTE,,"{'n_estimators': 200, 'max_samples': 1.0, 'max_features': 1.0, 'bootstrap': True, 'bootstrap_features': False}",COMPLETE
2347,0.0,2024-07-08 13:07:05.698445,2024-07-08 13:07:32.546502,0 days 00:00:26.848057,BaggingClassifier,Normalize_L1_1,KMeansSMOTE,,"{'n_estimators': 200, 'max_samples': 1.0, 'max_features': 1.0, 'bootstrap': True, 'bootstrap_features': False}",COMPLETE
2348,0.4870967740364204,2024-07-08 13:07:07.035443,2024-07-08 13:08:14.322476,0 days 00:01:07.287033,BaggingClassifier,Normalize_L1_1,SVMSMOTE,"[0, 0, 1, 1, 1, 1, 0, 0, 1, 1, 0, 1, 1, 1, 1, 1, 0, 1, 0, 0, 0, 1, 1, 1, 0, 0, 0, 0, 1, 0, 1, 0, 0, 0, 0, 0, 0, 0, 0, 0, 0, 0, 1, 0, 0, 0, 1, 0, 1]","{'n_estimators': 200, 'max_samples': 0.5, 'max_features': 1.0, 'bootstrap': False, 'bootstrap_features': False}",COMPLETE
2349,0.7806451610385015,2024-07-08 13:07:08.703444,2024-07-08 13:07:47.503472,0 days 00:00:38.800028,BaggingClassifier,Normalize_L1_1,,"[0, 0, 0, 0, 0, 0, 0, 1, 0, 1, 1, 1, 1, 0, 1, 1, 0, 1, 1, 0, 0, 1, 1, 0, 1, 1, 0, 1, 0, 0, 0, 1, 0, 0, 1, 0, 1, 0, 0, 0, 1, 0, 0, 0, 0, 1, 0, 1, 1]","{'n_estimators': 10, 'max_samples': 0.5, 'max_features': 0.1, 'bootstrap': False, 'bootstrap_features': True}",COMPLETE
2350,0.7935483868407908,2024-07-08 13:07:15.366460,2024-07-08 13:07:40.130480,0 days 00:00:24.764020,AdaBoostClassifier,Normalize_L2_0,,"[0, 1, 0, 0, 1, 0, 0, 0, 0, 0, 1, 0, 1, 0, 1, 0, 1, 0, 1, 0, 0, 1, 0, 1, 0, 0, 0, 1, 0, 0, 0, 0, 0, 0, 1, 1, 1, 1, 1, 0, 0, 1, 1, 1, 1, 1, 0, 0, 1]","{'n_estimators': 10, 'learning_rate': 0.01, 'algorithm': 'SAMME.R'}",COMPLETE
2351,0.7774193545879292,2024-07-08 13:07:16.116462,2024-07-08 13:08:33.816471,0 days 00:01:17.700009,BaggingClassifier,Normalize_L1_1,,"[0, 1, 0, 0, 0, 0, 0, 1, 0, 1, 0, 1, 1, 0, 0, 1, 1, 1, 0, 1, 1, 1, 0, 1, 1, 1, 0, 1, 0, 1, 0, 0, 0, 1, 0, 1, 0, 1, 1, 1, 0, 0, 1, 1, 0, 1, 1, 0, 1]","{'n_estimators': 1000, 'max_samples': 0.5, 'max_features': 0.5, 'bootstrap': True, 'bootstrap_features': True}",COMPLETE
2352,0.7838709674890738,2024-07-08 13:07:18.774443,2024-07-08 13:07:42.888473,0 days 00:00:24.114030,BaggingClassifier,Normalize_L2_0,,"[1, 1, 1, 1, 0, 1, 0, 1, 0, 0, 0, 1, 1, 0, 1, 1, 0, 0, 0, 0, 1, 0, 1, 0, 1, 1, 1, 0, 1, 1, 0, 0, 1, 1, 0, 1, 0, 0, 1, 0, 0, 0, 1, 1, 1, 0, 0, 1, 0]","{'n_estimators': 200, 'max_samples': 0.1, 'max_features': 0.5, 'bootstrap': True, 'bootstrap_features': True}",COMPLETE
2353,0.6612903223673257,2024-07-08 13:07:19.133469,2024-07-08 13:08:16.502473,0 days 00:00:57.369004,BaggingClassifier,Normalize_L2_0,,"[1, 1, 1, 0, 0, 0, 1, 1, 0, 0, 1, 1, 1, 1, 1, 1, 0, 1, 1, 0, 1, 1, 1, 0, 1, 0, 0, 0, 0, 0, 0, 0, 1, 0, 0, 1, 1, 0, 0, 1, 1, 0, 0, 0, 1, 0, 1, 1, 1]","{'n_estimators': 10, 'max_samples': 1.0, 'max_features': 0.1, 'bootstrap': False, 'bootstrap_features': True}",COMPLETE
2354,0.7645161287856399,2024-07-08 13:07:20.299449,2024-07-08 13:08:17.606474,0 days 00:00:57.307025,BaggingClassifier,Normalize_L1_1,,"[1, 1, 1, 1, 0, 0, 0, 0, 0, 1, 0, 1, 1, 1, 1, 0, 1, 1, 0, 0, 1, 1, 1, 1, 1, 0, 0, 0, 0, 0, 1, 1, 0, 1, 1, 1, 0, 0, 1, 0, 1, 1, 0, 1, 1, 0, 1, 0, 0]","{'n_estimators': 10, 'max_samples': 0.5, 'max_features': 0.5, 'bootstrap': True, 'bootstrap_features': True}",COMPLETE
2355,0.7774193545879292,2024-07-08 13:07:28.233477,2024-07-08 13:08:16.657471,0 days 00:00:48.423994,BaggingClassifier,Normalize_L1_1,,"[0, 0, 0, 1, 1, 1, 0, 1, 1, 1, 1, 1, 0, 0, 0, 1, 1, 1, 1, 0, 1, 0, 0, 0, 1, 0, 0, 0, 0, 1, 1, 0, 0, 1, 0, 0, 1, 0, 0, 0, 1, 1, 0, 0, 0, 1, 1, 1, 1]","{'n_estimators': 1000, 'max_samples': 0.5, 'max_features': 1.0, 'bootstrap': True, 'bootstrap_features': True}",COMPLETE
2356,0.7645161287856399,2024-07-08 13:07:28.814473,2024-07-08 13:08:21.464473,0 days 00:00:52.650000,BaggingClassifier,Normalize_L1_1,,"[1, 1, 0, 0, 0, 1, 1, 1, 0, 0, 0, 0, 0, 1, 1, 0, 1, 1, 0, 1, 1, 0, 0, 1, 0, 1, 0, 0, 0, 1, 0, 0, 0, 1, 0, 1, 1, 0, 1, 0, 1, 0, 1, 0, 1, 0, 0, 1, 0]","{'n_estimators': 500, 'max_samples': 1.0, 'max_features': 0.5, 'bootstrap': True, 'bootstrap_features': True}",COMPLETE
2357,0.7677419352362123,2024-07-08 13:07:29.877475,2024-07-08 13:08:15.073473,0 days 00:00:45.195998,BaggingClassifier,Normalize_L1_1,,"[1, 0, 1, 1, 1, 0, 1, 1, 1, 0, 0, 1, 0, 1, 1, 0, 1, 0, 1, 1, 0, 0, 0, 1, 1, 0, 1, 1, 0, 0, 0, 0, 0, 0, 1, 0, 1, 1, 1, 0, 1, 1, 0, 1, 0, 0, 0, 0, 0]","{'n_estimators': 500, 'max_samples': 0.5, 'max_features': 0.5, 'bootstrap': False, 'bootstrap_features': True}",COMPLETE
2358,0.7645161287856399,2024-07-08 13:07:30.449476,2024-07-08 13:08:10.843481,0 days 00:00:40.394005,BaggingClassifier,Normalize_L1_1,,"[1, 0, 1, 1, 0, 1, 0, 1, 0, 0, 1, 1, 1, 1, 1, 1, 0, 0, 0, 1, 1, 0, 0, 1, 0, 0, 1, 1, 0, 1, 0, 0, 1, 0, 0, 0, 1, 1, 1, 1, 1, 1, 0, 0, 1, 1, 1, 1, 1]","{'n_estimators': 50, 'max_samples': 1.0, 'max_features': 0.1, 'bootstrap': False, 'bootstrap_features': False}",COMPLETE
2359,0.7774193545879292,2024-07-08 13:07:32.220473,2024-07-08 13:08:19.336471,0 days 00:00:47.115998,BaggingClassifier,Normalize_L1_1,,"[0, 0, 1, 1, 1, 0, 0, 0, 1, 0, 0, 0, 1, 1, 0, 1, 0, 1, 1, 0, 1, 0, 0, 0, 0, 1, 1, 0, 1, 0, 0, 1, 0, 0, 1, 1, 1, 1, 0, 0, 1, 0, 0, 0, 1, 1, 0, 1, 0]","{'n_estimators': 100, 'max_samples': 0.5, 'max_features': 0.1, 'bootstrap': False, 'bootstrap_features': True}",COMPLETE
2360,0.7774193545879292,2024-07-08 13:07:32.446481,2024-07-08 13:08:20.663472,0 days 00:00:48.216991,BaggingClassifier,Normalize_L1_1,,"[1, 0, 1, 0, 1, 0, 1, 0, 0, 0, 0, 1, 1, 0, 0, 0, 0, 0, 0, 0, 0, 1, 1, 1, 1, 1, 0, 1, 0, 0, 0, 0, 0, 1, 1, 1, 1, 1, 1, 0, 1, 0, 0, 0, 1, 1, 0, 0, 1]","{'n_estimators': 100, 'max_samples': 0.5, 'max_features': 0.5, 'bootstrap': True, 'bootstrap_features': False}",COMPLETE
2361,0.7645161287856399,2024-07-08 13:07:32.743501,2024-07-08 13:08:41.505475,0 days 00:01:08.761974,BaggingClassifier,Normalize_L1_1,,"[0, 1, 0, 1, 0, 1, 1, 0, 1, 0, 1, 0, 1, 1, 0, 1, 0, 1, 0, 1, 1, 1, 0, 1, 1, 0, 0, 1, 1, 0, 0, 0, 0, 0, 0, 0, 0, 1, 1, 0, 0, 1, 1, 1, 1, 1, 0, 1, 1]","{'n_estimators': 1000, 'max_samples': 1.0, 'max_features': 1.0, 'bootstrap': True, 'bootstrap_features': False}",COMPLETE
2362,0.7741935481373569,2024-07-08 13:07:34.344476,2024-07-08 13:08:21.339473,0 days 00:00:46.994997,XGBClassifier,Normalize_L1_1,,"[0, 1, 0, 1, 1, 1, 1, 1, 1, 0, 1, 1, 0, 0, 0, 0, 0, 0, 0, 0, 0, 1, 0, 1, 0, 1, 1, 0, 0, 1, 0, 1, 0, 1, 0, 1, 0, 0, 0, 1, 1, 1, 0, 0, 0, 1, 1, 1, 1]","{'n_estimators': 100, 'learning_rate': 0.5, 'max_depth': 9, 'min_child_weight': 3, 'subsample': 1.0, 'colsample_bytree': 0.5, 'gamma': 0.5, 'reg_alpha': 0.1, 'reg_lambda': 0.1}",COMPLETE
2363,0.7967741932913631,2024-07-08 13:07:34.762484,2024-07-08 13:08:27.298522,0 days 00:00:52.536038,BaggingClassifier,Normalize_L1_1,,"[1, 1, 1, 1, 0, 1, 0, 1, 1, 0, 1, 0, 1, 1, 1, 0, 0, 1, 0, 0, 0, 1, 1, 0, 1, 1, 0, 0, 1, 0, 0, 0, 1, 0, 1, 1, 0, 1, 1, 0, 1, 1, 0, 0, 0, 1, 1, 0, 1]","{'n_estimators': 1000, 'max_samples': 0.1, 'max_features': 0.5, 'bootstrap': True, 'bootstrap_features': True}",COMPLETE
2364,0.7967741932913631,2024-07-08 13:07:36.156481,2024-07-08 13:08:21.341475,0 days 00:00:45.184994,BaggingClassifier,Normalize_L1_1,,"[1, 1, 0, 0, 0, 0, 1, 1, 1, 1, 1, 1, 1, 1, 1, 0, 1, 0, 0, 0, 1, 1, 1, 1, 1, 1, 1, 1, 1, 0, 0, 1, 1, 0, 1, 0, 1, 0, 1, 0, 0, 0, 1, 1, 0, 1, 0, 1, 1]","{'n_estimators': 10, 'max_samples': 0.1, 'max_features': 0.1, 'bootstrap': False, 'bootstrap_features': True}",COMPLETE
2365,0.7967741932913631,2024-07-08 13:07:36.524482,2024-07-08 13:08:16.639472,0 days 00:00:40.114990,BaggingClassifier,Normalize_L1_1,,"[1, 1, 0, 1, 1, 0, 0, 1, 0, 1, 1, 1, 1, 0, 1, 1, 1, 1, 0, 1, 0, 0, 0, 0, 1, 1, 1, 1, 0, 1, 1, 1, 0, 1, 1, 1, 0, 0, 1, 0, 0, 1, 1, 0, 0, 1, 0, 1, 1]","{'n_estimators': 1000, 'max_samples': 0.1, 'max_features': 0.1, 'bootstrap': True, 'bootstrap_features': True}",COMPLETE
2366,0.7645161287856399,2024-07-08 13:07:37.587519,2024-07-08 13:08:17.056472,0 days 00:00:39.468953,BaggingClassifier,Normalize_L1_1,,"[0, 1, 1, 1, 0, 1, 1, 0, 0, 1, 1, 0, 1, 1, 0, 0, 0, 1, 1, 1, 0, 1, 0, 1, 1, 1, 0, 0, 1, 1, 0, 0, 1, 0, 0, 0, 1, 0, 1, 1, 1, 1, 0, 1, 0, 0, 0, 1, 1]","{'n_estimators': 200, 'max_samples': 1.0, 'max_features': 0.5, 'bootstrap': False, 'bootstrap_features': False}",COMPLETE
2367,0.6838709675213319,2024-07-08 13:07:38.296483,2024-07-08 13:08:27.202473,0 days 00:00:48.905990,XGBClassifier,Normalize_L1_1,RandomOverSampler,"[1, 0, 0, 0, 1, 1, 1, 0, 0, 0, 1, 1, 1, 1, 1, 0, 0, 1, 0, 0, 1, 1, 0, 0, 0, 1, 1, 1, 1, 0, 1, 0, 1, 0, 0, 0, 1, 1, 1, 0, 0, 0, 1, 1, 1, 1, 0, 1, 0]","{'n_estimators': 10, 'learning_rate': 0.1, 'max_depth': 5, 'min_child_weight': 3, 'subsample': 0.7, 'colsample_bytree': 0.7, 'gamma': 0.0, 'reg_alpha': 0.0, 'reg_lambda': 0.0}",COMPLETE
2368,0.7580645158844953,2024-07-08 13:07:38.780481,2024-07-08 13:08:16.804473,0 days 00:00:38.023992,BaggingClassifier,Normalize_L1_1,,"[0, 1, 1, 1, 1, 0, 0, 0, 1, 1, 0, 0, 1, 1, 0, 0, 1, 0, 1, 1, 1, 1, 0, 1, 1, 1, 1, 1, 1, 0, 1, 1, 1, 1, 1, 0, 0, 0, 1, 1, 0, 1, 0, 0, 1, 1, 0, 1, 1]","{'n_estimators': 50, 'max_samples': 1.0, 'max_features': 0.5, 'bootstrap': True, 'bootstrap_features': True}",COMPLETE
2369,0.8129032255442247,2024-07-08 13:07:39.931525,2024-07-08 13:08:20.654472,0 days 00:00:40.722947,BaggingClassifier,Normalize_L1_1,,"[1, 1, 0, 1, 1, 0, 1, 0, 1, 1, 0, 1, 0, 1, 1, 1, 0, 0, 0, 0, 0, 0, 0, 0, 1, 0, 0, 1, 0, 0, 0, 1, 0, 1, 0, 1, 0, 0, 0, 0, 1, 1, 1, 0, 0, 1, 1, 0, 1]","{'n_estimators': 50, 'max_samples': 0.1, 'max_features': 1.0, 'bootstrap': False, 'bootstrap_features': True}",COMPLETE
2370,0.7741935481373569,2024-07-08 13:07:40.839520,2024-07-08 13:08:34.079491,0 days 00:00:53.239971,BaggingClassifier,Normalize_L1_1,,"[1, 0, 0, 1, 0, 0, 1, 0, 0, 0, 1, 0, 0, 0, 1, 0, 0, 1, 1, 1, 0, 0, 0, 0, 1, 1, 1, 0, 1, 0, 0, 1, 0, 1, 0, 1, 0, 0, 0, 0, 0, 1, 0, 1, 1, 1, 1, 0, 0]","{'n_estimators': 1000, 'max_samples': 0.5, 'max_features': 0.5, 'bootstrap': True, 'bootstrap_features': True}",COMPLETE
2371,0.7096774191259104,2024-07-08 13:07:41.102476,2024-07-08 13:08:27.002474,0 days 00:00:45.899998,XGBClassifier,Normalize_L1_1,,"[1, 1, 1, 0, 1, 0, 1, 0, 0, 1, 0, 0, 0, 0, 1, 0, 1, 0, 0, 1, 0, 1, 1, 0, 1, 0, 1, 0, 1, 0, 1, 1, 0, 0, 0, 0, 1, 0, 0, 0, 1, 1, 0, 1, 0, 1, 0, 1, 0]","{'n_estimators': 1000, 'learning_rate': 0.1, 'max_depth': 9, 'min_child_weight': 1, 'subsample': 0.5, 'colsample_bytree': 0.5, 'gamma': 1.0, 'reg_alpha': 0.1, 'reg_lambda': 1.0}",COMPLETE
2372,0.7967741932913631,2024-07-08 13:07:41.693520,2024-07-08 13:08:18.470476,0 days 00:00:36.776956,BaggingClassifier,Normalize_L1_1,,"[0, 0, 1, 0, 1, 0, 0, 1, 0, 1, 1, 0, 1, 1, 0, 0, 0, 1, 0, 1, 0, 1, 1, 1, 0, 0, 0, 0, 0, 0, 0, 0, 0, 0, 1, 0, 1, 1, 0, 1, 1, 0, 0, 1, 0, 0, 1, 1, 0]","{'n_estimators': 100, 'max_samples': 0.1, 'max_features': 0.1, 'bootstrap': False, 'bootstrap_features': True}",COMPLETE
2373,0.7645161287856399,2024-07-08 13:07:41.954473,2024-07-08 13:08:18.862476,0 days 00:00:36.908003,BaggingClassifier,Normalize_L1_1,,"[0, 0, 0, 1, 0, 0, 0, 0, 1, 0, 1, 1, 0, 1, 1, 1, 1, 0, 0, 1, 1, 0, 1, 1, 1, 1, 1, 0, 1, 1, 0, 0, 1, 1, 0, 1, 0, 1, 0, 1, 1, 1, 1, 0, 0, 0, 1, 1, 1]","{'n_estimators': 10, 'max_samples': 1.0, 'max_features': 0.1, 'bootstrap': True, 'bootstrap_features': True}",COMPLETE
2374,0.7935483868407908,2024-07-08 13:07:42.184474,2024-07-08 13:08:24.914475,0 days 00:00:42.730001,BaggingClassifier,Normalize_L1_1,,"[0, 0, 1, 0, 1, 1, 0, 0, 1, 1, 1, 0, 0, 0, 0, 0, 1, 0, 0, 1, 0, 1, 0, 0, 1, 1, 0, 1, 1, 0, 0, 1, 1, 1, 1, 1, 0, 1, 0, 1, 1, 0, 1, 0, 0, 1, 0, 1, 0]","{'n_estimators': 50, 'max_samples': 0.1, 'max_features': 1.0, 'bootstrap': False, 'bootstrap_features': False}",COMPLETE
2375,0.43548387082726325,2024-07-08 13:07:42.421475,2024-07-08 13:08:29.611474,0 days 00:00:47.189999,XGBClassifier,Normalize_L1_1,BorderlineSMOTE,"[1, 1, 1, 0, 1, 0, 1, 0, 0, 1, 0, 0, 1, 0, 0, 1, 0, 0, 1, 0, 1, 1, 1, 1, 0, 1, 1, 1, 0, 1, 1, 1, 1, 0, 0, 1, 0, 0, 0, 1, 1, 0, 1, 1, 1, 0, 1, 1, 0]","{'n_estimators': 50, 'learning_rate': 10.0, 'max_depth': 7, 'min_child_weight': 10, 'subsample': 1.0, 'colsample_bytree': 0.7, 'gamma': 0.1, 'reg_alpha': 1.0, 'reg_lambda': 0.0}",COMPLETE
2376,0.6483870965650363,2024-07-08 13:07:42.631482,2024-07-08 13:08:41.406474,0 days 00:00:58.774992,XGBClassifier,Normalize_L1_1,BorderlineSMOTE,"[0, 1, 1, 1, 0, 1, 0, 0, 1, 1, 1, 0, 0, 1, 1, 1, 1, 0, 0, 1, 0, 1, 0, 0, 1, 0, 0, 0, 0, 0, 1, 0, 0, 0, 0, 1, 0, 0, 1, 0, 1, 1, 1, 1, 1, 1, 1, 1, 1]","{'n_estimators': 1000, 'learning_rate': 0.01, 'max_depth': 7, 'min_child_weight': 3, 'subsample': 0.5, 'colsample_bytree': 0.7, 'gamma': 0.5, 'reg_alpha': 0.1, 'reg_lambda': 0.0}",COMPLETE
2377,0.0,2024-07-08 13:07:42.842473,2024-07-08 13:08:33.257475,0 days 00:00:50.415002,MLPClassifier,,,,,COMPLETE
