number,value,datetime_start,datetime_complete,duration,params_model,params_normTechnique,params_sampleTechnique,user_attrs_binIndices,user_attrs_hyperparams,state
2160,0.7645161287856399,2024-07-08 13:03:32.694284,2024-07-08 13:05:18.357607,0 days 00:01:45.663323,BaggingClassifier,Normalize_L1_1,,"[0, 0, 0, 1, 1, 1, 1, 0, 0, 1, 0, 1, 0, 1, 1, 1, 0, 0, 1, 1, 1, 1, 0, 1, 1, 0, 0, 1, 1, 1, 1, 0, 0, 1, 1, 0, 0, 0, 1, 1, 1, 0, 0, 1, 0, 0, 0, 0, 0]","{'n_estimators': 1000, 'max_samples': 1.0, 'max_features': 1.0, 'bootstrap': True, 'bootstrap_features': False}",COMPLETE
2161,0.6419354836638917,2024-07-08 13:03:33.353289,2024-07-08 13:04:20.056286,0 days 00:00:46.702997,BaggingClassifier,MaxAbsScaler,,"[1, 0, 0, 0, 0, 0, 0, 1, 0, 1, 0, 1, 1, 0, 0, 0, 0, 1, 0, 0, 1, 1, 0, 1, 0, 1, 0, 0, 1, 1, 0, 0, 0, 0, 1, 1, 1, 0, 0, 1, 0, 0, 1, 0, 1, 0, 1, 1, 1]","{'n_estimators': 10, 'max_samples': 1.0, 'max_features': 0.5, 'bootstrap': True, 'bootstrap_features': False}",COMPLETE
2162,0.0,2024-07-08 13:03:35.222285,2024-07-08 13:03:49.287286,0 days 00:00:14.065001,SVC,Normalize_L1_1,SMOTETomek,"[0, 0, 0, 0, 1, 1, 1, 1, 1, 0, 1, 1, 0, 0, 0, 1, 1, 1, 1, 0, 1, 0, 1, 0, 0, 1, 0, 1, 1, 0, 0, 1, 0, 0, 0, 1, 1, 1, 1, 0, 1, 0, 0, 0, 1, 0, 0, 1, 0]","{'C': 0.1, 'kernel': 'linear', 'degree': 2, 'gamma': '0.1', 'coef0': 0.0, 'shrinking': False, 'probability': True, 'class_weight': 'balanced', 'decision_function_shape': 'ovo'}",COMPLETE
2163,0.45161290308012486,2024-07-08 13:03:35.475286,2024-07-08 13:03:50.516285,0 days 00:00:15.040999,BaggingClassifier,Normalize_L1_1,ADASYN,"[1, 0, 0, 1, 0, 1, 0, 1, 0, 0, 0, 0, 1, 0, 0, 0, 0, 0, 1, 1, 0, 0, 1, 1, 0, 1, 1, 1, 0, 0, 1, 0, 0, 1, 0, 1, 1, 1, 1, 1, 0, 1, 1, 1, 1, 0, 0, 1, 0]","{'n_estimators': 100, 'max_samples': 0.5, 'max_features': 0.1, 'bootstrap': False, 'bootstrap_features': True}",COMPLETE
2164,0.7935483868407908,2024-07-08 13:03:35.758285,2024-07-08 13:04:16.940288,0 days 00:00:41.182003,BaggingClassifier,Normalize_Max_1,,"[0, 0, 0, 0, 1, 1, 0, 1, 0, 0, 0, 0, 1, 0, 0, 0, 0, 1, 0, 0, 1, 0, 0, 0, 1, 1, 1, 0, 1, 1, 1, 1, 0, 0, 1, 0, 1, 1, 1, 0, 1, 1, 0, 1, 0, 1, 0, 1, 0]","{'n_estimators': 200, 'max_samples': 0.1, 'max_features': 0.5, 'bootstrap': False, 'bootstrap_features': True}",COMPLETE
2165,0.43548387082726325,2024-07-08 13:03:35.975283,2024-07-08 13:04:20.059285,0 days 00:00:44.084002,BaggingClassifier,Normalize_L1_1,SMOTETomek,"[0, 0, 1, 1, 0, 0, 1, 1, 1, 1, 0, 0, 1, 1, 1, 0, 1, 1, 1, 1, 0, 1, 0, 1, 0, 1, 1, 0, 0, 0, 1, 0, 0, 0, 0, 1, 0, 1, 0, 0, 1, 1, 0, 0, 0, 0, 1, 0, 0]","{'n_estimators': 1000, 'max_samples': 0.5, 'max_features': 0.5, 'bootstrap': False, 'bootstrap_features': False}",COMPLETE
2166,0.6870967739719042,2024-07-08 13:03:36.516287,2024-07-08 13:04:26.396284,0 days 00:00:49.879997,BaggingClassifier,MaxAbsScaler,,"[1, 1, 1, 0, 1, 1, 1, 1, 1, 0, 1, 0, 0, 1, 1, 0, 1, 0, 0, 0, 0, 1, 0, 1, 0, 1, 1, 1, 1, 1, 1, 1, 0, 0, 0, 0, 0, 0, 1, 1, 1, 0, 0, 1, 0, 0, 1, 0, 0]","{'n_estimators': 500, 'max_samples': 0.5, 'max_features': 0.5, 'bootstrap': True, 'bootstrap_features': False}",COMPLETE
2167,0.8064516126430801,2024-07-08 13:03:36.756324,2024-07-08 13:04:15.912289,0 days 00:00:39.155965,BaggingClassifier,Normalize_L1_1,,"[1, 0, 1, 1, 0, 1, 0, 1, 0, 0, 1, 0, 0, 1, 0, 1, 0, 1, 1, 1, 1, 1, 1, 1, 0, 0, 1, 1, 1, 0, 0, 0, 0, 0, 1, 1, 1, 1, 1, 1, 1, 0, 0, 1, 1, 1, 1, 0, 1]","{'n_estimators': 500, 'max_samples': 0.1, 'max_features': 0.1, 'bootstrap': False, 'bootstrap_features': True}",COMPLETE
2168,0.0,2024-07-08 13:03:37.252309,2024-07-08 13:04:26.394286,0 days 00:00:49.141977,AdaBoostClassifier,Normalize_L1_1,KMeansSMOTE,,"{'n_estimators': 500, 'learning_rate': 1.0, 'algorithm': 'SAMME.R'}",COMPLETE
2169,0.7709677416867845,2024-07-08 13:03:38.323318,2024-07-08 13:05:10.196565,0 days 00:01:31.873247,BaggingClassifier,Normalize_L1_1,,"[1, 1, 0, 0, 1, 1, 1, 0, 1, 0, 0, 1, 0, 0, 1, 0, 1, 1, 1, 0, 1, 1, 0, 0, 1, 1, 0, 1, 1, 0, 1, 1, 0, 0, 0, 1, 0, 1, 0, 1, 0, 1, 1, 0, 0, 0, 0, 1, 1]","{'n_estimators': 1000, 'max_samples': 0.5, 'max_features': 0.5, 'bootstrap': True, 'bootstrap_features': False}",COMPLETE
2170,0.7741935481373569,2024-07-08 13:03:38.706328,2024-07-08 13:04:03.957286,0 days 00:00:25.250958,BaggingClassifier,Normalize_L1_1,,"[1, 0, 1, 0, 0, 1, 0, 0, 1, 0, 1, 0, 0, 1, 0, 0, 0, 0, 1, 1, 1, 0, 1, 0, 0, 0, 0, 0, 1, 0, 0, 0, 1, 1, 0, 0, 1, 1, 0, 1, 1, 1, 1, 0, 0, 0, 1, 0, 1]","{'n_estimators': 100, 'max_samples': 0.5, 'max_features': 0.1, 'bootstrap': False, 'bootstrap_features': False}",COMPLETE
2171,0.23225806444120706,2024-07-08 13:03:39.810328,2024-07-08 13:04:04.180286,0 days 00:00:24.369958,AdaBoostClassifier,Normalize_L1_1,,"[1, 1, 1, 1, 0, 0, 0, 1, 0, 1, 0, 0, 0, 1, 1, 1, 1, 1, 1, 0, 0, 1, 1, 1, 1, 0, 1, 0, 1, 0, 0, 0, 0, 0, 0, 1, 0, 0, 0, 0, 1, 0, 1, 1, 0, 1, 0, 1, 0]","{'n_estimators': 10, 'learning_rate': 10.0, 'algorithm': 'SAMME'}",COMPLETE
2172,0.8064516126430801,2024-07-08 13:03:40.986285,2024-07-08 13:04:25.170288,0 days 00:00:44.184003,BaggingClassifier,Normalize_L1_1,,"[1, 0, 0, 0, 0, 1, 1, 1, 1, 0, 1, 1, 0, 0, 1, 1, 1, 1, 1, 1, 1, 0, 1, 0, 0, 0, 1, 1, 1, 0, 0, 1, 1, 0, 1, 0, 0, 1, 1, 1, 0, 0, 1, 0, 0, 1, 1, 1, 0]","{'n_estimators': 10, 'max_samples': 0.1, 'max_features': 0.5, 'bootstrap': True, 'bootstrap_features': True}",COMPLETE
2173,0.7935483868407908,2024-07-08 13:03:43.379293,2024-07-08 13:04:26.976285,0 days 00:00:43.596992,AdaBoostClassifier,Normalize_Max_1,,"[0, 0, 1, 1, 0, 1, 0, 0, 1, 0, 1, 0, 0, 0, 1, 1, 0, 0, 0, 1, 0, 0, 0, 1, 0, 0, 0, 0, 0, 0, 0, 1, 1, 0, 0, 1, 0, 1, 1, 0, 1, 1, 0, 1, 0, 1, 1, 0, 0]","{'n_estimators': 10, 'learning_rate': 1.0, 'algorithm': 'SAMME.R'}",COMPLETE
2174,0.7838709674890738,2024-07-08 13:03:43.926285,2024-07-08 13:04:20.021288,0 days 00:00:36.095003,BaggingClassifier,MaxAbsScaler,,"[0, 1, 0, 1, 0, 1, 0, 1, 0, 1, 1, 1, 1, 0, 1, 1, 1, 0, 0, 1, 1, 0, 0, 1, 1, 1, 0, 0, 0, 0, 0, 1, 1, 0, 0, 0, 1, 0, 1, 0, 0, 0, 1, 1, 1, 1, 0, 0, 0]","{'n_estimators': 200, 'max_samples': 0.1, 'max_features': 0.1, 'bootstrap': True, 'bootstrap_features': True}",COMPLETE
2175,0.7935483868407908,2024-07-08 13:03:44.258287,2024-07-08 13:04:09.003291,0 days 00:00:24.745004,AdaBoostClassifier,Normalize_Max_1,,"[1, 0, 1, 1, 1, 0, 0, 0, 0, 0, 0, 0, 1, 1, 1, 1, 1, 1, 0, 1, 0, 0, 0, 1, 1, 1, 1, 0, 0, 1, 0, 0, 0, 0, 0, 0, 0, 0, 1, 0, 0, 0, 0, 0, 1, 1, 1, 0, 1]","{'n_estimators': 200, 'learning_rate': 0.1, 'algorithm': 'SAMME.R'}",COMPLETE
2176,0.7967741932913631,2024-07-08 13:03:44.497287,2024-07-08 13:04:26.973285,0 days 00:00:42.475998,BaggingClassifier,Normalize_L1_1,,"[1, 0, 1, 0, 1, 0, 0, 1, 1, 1, 1, 1, 0, 1, 1, 0, 0, 1, 1, 0, 0, 0, 1, 0, 0, 1, 0, 0, 1, 0, 0, 0, 1, 1, 1, 1, 0, 1, 1, 0, 0, 0, 1, 0, 1, 1, 1, 1, 0]","{'n_estimators': 50, 'max_samples': 0.1, 'max_features': 1.0, 'bootstrap': True, 'bootstrap_features': True}",COMPLETE
2177,0.7645161287856399,2024-07-08 13:03:44.610292,2024-07-08 13:04:35.546285,0 days 00:00:50.935993,BaggingClassifier,Normalize_L1_1,,"[1, 1, 1, 1, 0, 0, 1, 0, 0, 1, 1, 1, 0, 1, 0, 1, 0, 0, 1, 1, 1, 0, 0, 1, 1, 0, 1, 0, 1, 1, 1, 0, 0, 1, 1, 1, 0, 0, 1, 1, 0, 0, 1, 1, 1, 1, 0, 0, 0]","{'n_estimators': 100, 'max_samples': 1.0, 'max_features': 1.0, 'bootstrap': False, 'bootstrap_features': True}",COMPLETE
2178,0.7741935481373569,2024-07-08 13:03:46.210285,2024-07-08 13:04:16.445288,0 days 00:00:30.235003,BaggingClassifier,Normalize_Max_1,,"[0, 0, 1, 1, 1, 1, 1, 1, 1, 1, 0, 0, 1, 0, 0, 0, 1, 1, 0, 1, 0, 0, 0, 1, 0, 0, 1, 1, 0, 1, 0, 0, 0, 1, 1, 1, 0, 0, 0, 0, 0, 1, 1, 0, 0, 0, 1, 0, 1]","{'n_estimators': 500, 'max_samples': 0.5, 'max_features': 0.1, 'bootstrap': False, 'bootstrap_features': True}",COMPLETE
2179,0.7612903223350675,2024-07-08 13:03:46.655286,2024-07-08 13:05:14.171567,0 days 00:01:27.516281,BaggingClassifier,Normalize_L1_1,,"[0, 1, 0, 0, 1, 1, 0, 0, 0, 0, 0, 0, 1, 0, 0, 0, 1, 1, 0, 1, 1, 0, 0, 0, 1, 1, 0, 1, 0, 0, 1, 1, 0, 0, 0, 1, 1, 0, 1, 0, 0, 0, 0, 0, 1, 1, 0, 0, 0]","{'n_estimators': 1000, 'max_samples': 1.0, 'max_features': 0.5, 'bootstrap': False, 'bootstrap_features': True}",COMPLETE
2180,0.7677419352362123,2024-07-08 13:03:47.099288,2024-07-08 13:05:16.583565,0 days 00:01:29.484277,BaggingClassifier,Normalize_L1_1,,"[0, 0, 1, 0, 1, 0, 0, 0, 0, 1, 1, 0, 0, 1, 1, 0, 1, 1, 0, 0, 0, 0, 1, 1, 1, 0, 0, 0, 1, 1, 1, 0, 1, 0, 1, 1, 1, 1, 1, 1, 1, 1, 0, 0, 1, 1, 1, 0, 1]","{'n_estimators': 100, 'max_samples': 0.5, 'max_features': 1.0, 'bootstrap': False, 'bootstrap_features': False}",COMPLETE
2181,0.7870967739396462,2024-07-08 13:03:48.156295,2024-07-08 13:04:20.747285,0 days 00:00:32.590990,BaggingClassifier,MaxAbsScaler,,"[1, 1, 0, 0, 0, 1, 1, 1, 1, 1, 1, 1, 1, 0, 1, 1, 1, 1, 1, 0, 0, 1, 0, 0, 1, 0, 0, 1, 0, 1, 0, 1, 1, 0, 0, 0, 1, 1, 1, 0, 1, 0, 0, 1, 1, 0, 1, 0, 0]","{'n_estimators': 50, 'max_samples': 0.1, 'max_features': 1.0, 'bootstrap': True, 'bootstrap_features': True}",COMPLETE
2182,0.6290322578616024,2024-07-08 13:03:48.268286,2024-07-08 13:05:07.792284,0 days 00:01:19.523998,BaggingClassifier,MaxAbsScaler,,"[0, 1, 1, 1, 0, 0, 0, 0, 1, 1, 1, 0, 1, 0, 0, 0, 1, 0, 1, 1, 1, 0, 1, 1, 0, 0, 1, 0, 1, 1, 0, 1, 0, 0, 0, 0, 1, 0, 0, 1, 1, 0, 1, 1, 0, 0, 1, 1, 1]","{'n_estimators': 500, 'max_samples': 1.0, 'max_features': 1.0, 'bootstrap': False, 'bootstrap_features': True}",COMPLETE
2183,0.7838709674890738,2024-07-08 13:03:48.347287,2024-07-08 13:04:25.873286,0 days 00:00:37.525999,BaggingClassifier,MaxAbsScaler,,"[0, 1, 1, 0, 0, 1, 1, 1, 0, 0, 1, 0, 1, 1, 0, 1, 0, 1, 0, 0, 0, 0, 1, 0, 0, 1, 1, 0, 0, 1, 1, 0, 0, 1, 0, 0, 0, 0, 0, 0, 1, 0, 1, 0, 1, 0, 1, 1, 0]","{'n_estimators': 1000, 'max_samples': 0.1, 'max_features': 0.1, 'bootstrap': False, 'bootstrap_features': False}",COMPLETE
2184,0.7645161287856399,2024-07-08 13:03:48.469286,2024-07-08 13:04:15.721294,0 days 00:00:27.252008,BaggingClassifier,Normalize_L1_1,,"[0, 1, 0, 1, 1, 1, 1, 0, 0, 1, 1, 0, 1, 1, 0, 1, 0, 1, 0, 0, 0, 1, 0, 1, 1, 1, 1, 1, 0, 0, 1, 1, 0, 1, 0, 1, 1, 1, 1, 0, 0, 1, 1, 0, 0, 1, 1, 1, 1]","{'n_estimators': 10, 'max_samples': 1.0, 'max_features': 0.1, 'bootstrap': False, 'bootstrap_features': True}",COMPLETE
2185,0.6774193546201872,2024-07-08 13:03:48.570285,2024-07-08 13:04:23.514284,0 days 00:00:34.943999,BaggingClassifier,MaxAbsScaler,,"[0, 1, 1, 1, 0, 1, 0, 1, 1, 1, 0, 1, 0, 0, 1, 0, 1, 0, 1, 0, 0, 1, 0, 0, 0, 0, 1, 1, 0, 0, 0, 0, 1, 1, 1, 1, 0, 0, 0, 0, 1, 0, 0, 1, 1, 0, 0, 0, 0]","{'n_estimators': 10, 'max_samples': 0.5, 'max_features': 0.1, 'bootstrap': False, 'bootstrap_features': False}",COMPLETE
2186,0.7709677416867845,2024-07-08 13:03:49.812290,2024-07-08 13:05:21.370569,0 days 00:01:31.558279,BaggingClassifier,Normalize_L1_1,,"[0, 1, 1, 1, 1, 1, 0, 0, 1, 1, 1, 1, 0, 0, 1, 0, 1, 1, 0, 1, 0, 0, 1, 0, 1, 0, 0, 0, 0, 1, 1, 0, 0, 1, 0, 0, 0, 0, 0, 1, 1, 1, 0, 1, 0, 1, 0, 1, 0]","{'n_estimators': 1000, 'max_samples': 0.5, 'max_features': 1.0, 'bootstrap': True, 'bootstrap_features': True}",COMPLETE
2187,0.0,2024-07-08 13:03:50.017287,2024-07-08 13:04:28.907289,0 days 00:00:38.890002,BaggingClassifier,,,,"{'n_estimators': 10, 'max_samples': 0.5, 'max_features': 1.0, 'bootstrap': False, 'bootstrap_features': True}",COMPLETE
2188,0.7838709674890738,2024-07-08 13:03:51.627288,2024-07-08 13:04:28.911287,0 days 00:00:37.283999,BaggingClassifier,Normalize_L1_1,,"[1, 1, 0, 1, 0, 1, 1, 0, 0, 1, 1, 1, 0, 1, 0, 1, 0, 0, 0, 1, 1, 0, 0, 1, 1, 0, 1, 0, 1, 1, 0, 0, 0, 0, 0, 0, 1, 0, 1, 1, 0, 0, 1, 0, 0, 1, 0, 0, 1]","{'n_estimators': 200, 'max_samples': 0.5, 'max_features': 0.1, 'bootstrap': True, 'bootstrap_features': True}",COMPLETE
2189,0.0,2024-07-08 13:03:55.168285,2024-07-08 13:04:28.208285,0 days 00:00:33.040000,BaggingClassifier,,,,"{'n_estimators': 500, 'max_samples': 1.0, 'max_features': 1.0, 'bootstrap': False, 'bootstrap_features': False}",COMPLETE
2190,0.7709677416867845,2024-07-08 13:03:56.389285,2024-07-08 13:05:12.968565,0 days 00:01:16.579280,BaggingClassifier,Normalize_L1_1,,"[1, 1, 0, 0, 0, 0, 0, 0, 0, 0, 0, 0, 1, 0, 0, 0, 0, 1, 1, 0, 0, 1, 0, 1, 1, 0, 0, 1, 0, 1, 1, 0, 0, 1, 1, 1, 1, 0, 0, 1, 0, 0, 0, 1, 1, 0, 0, 0, 0]","{'n_estimators': 1000, 'max_samples': 0.5, 'max_features': 0.1, 'bootstrap': False, 'bootstrap_features': True}",COMPLETE
2191,0.754838709433923,2024-07-08 13:03:56.919290,2024-07-08 13:04:25.547286,0 days 00:00:28.627996,BaggingClassifier,MaxAbsScaler,,"[0, 0, 1, 0, 0, 1, 0, 1, 0, 1, 1, 0, 0, 1, 0, 0, 1, 1, 0, 0, 0, 1, 0, 1, 0, 0, 0, 1, 0, 0, 1, 0, 0, 1, 0, 1, 1, 1, 1, 0, 0, 0, 1, 0, 0, 0, 0, 1, 1]","{'n_estimators': 10, 'max_samples': 0.1, 'max_features': 1.0, 'bootstrap': True, 'bootstrap_features': True}",COMPLETE
2192,0.0,2024-07-08 13:03:59.911286,2024-07-08 13:04:28.162284,0 days 00:00:28.250998,BaggingClassifier,,,,"{'n_estimators': 50, 'max_samples': 1.0, 'max_features': 0.5, 'bootstrap': True, 'bootstrap_features': False}",COMPLETE
2193,0.0,2024-07-08 13:04:03.194284,2024-07-08 13:04:34.263284,0 days 00:00:31.069000,BaggingClassifier,,,,"{'n_estimators': 50, 'max_samples': 0.5, 'max_features': 0.5, 'bootstrap': True, 'bootstrap_features': True}",COMPLETE
2194,0.0,2024-07-08 13:04:06.640286,2024-07-08 13:04:29.567288,0 days 00:00:22.927002,BaggingClassifier,,,,"{'n_estimators': 100, 'max_samples': 0.1, 'max_features': 1.0, 'bootstrap': True, 'bootstrap_features': False}",COMPLETE
2195,0.7645161287856399,2024-07-08 13:04:07.731285,2024-07-08 13:04:59.641294,0 days 00:00:51.910009,BaggingClassifier,Normalize_L1_1,,"[1, 1, 0, 0, 1, 0, 1, 0, 0, 1, 1, 0, 0, 1, 1, 1, 1, 0, 0, 0, 1, 1, 0, 1, 1, 0, 0, 0, 0, 0, 1, 1, 1, 1, 0, 1, 1, 1, 0, 1, 0, 0, 1, 0, 0, 0, 1, 1, 0]","{'n_estimators': 50, 'max_samples': 1.0, 'max_features': 0.1, 'bootstrap': False, 'bootstrap_features': True}",COMPLETE
2196,0.0,2024-07-08 13:04:08.296330,2024-07-08 13:04:31.146286,0 days 00:00:22.849956,BaggingClassifier,,,,"{'n_estimators': 500, 'max_samples': 0.5, 'max_features': 0.1, 'bootstrap': False, 'bootstrap_features': False}",COMPLETE
2197,0.7967741932913631,2024-07-08 13:04:10.470291,2024-07-08 13:04:59.649283,0 days 00:00:49.178992,BaggingClassifier,Normalize_L1_1,,"[0, 1, 0, 0, 0, 0, 0, 0, 1, 0, 0, 0, 1, 0, 1, 1, 0, 0, 1, 0, 0, 1, 0, 1, 0, 1, 1, 1, 1, 1, 0, 1, 0, 0, 1, 1, 0, 0, 0, 0, 1, 1, 1, 1, 1, 1, 1, 1, 1]","{'n_estimators': 50, 'max_samples': 0.1, 'max_features': 0.5, 'bootstrap': True, 'bootstrap_features': True}",COMPLETE
2198,0.0,2024-07-08 13:04:11.156285,2024-07-08 13:04:31.940287,0 days 00:00:20.784002,BaggingClassifier,,,,"{'n_estimators': 200, 'max_samples': 0.5, 'max_features': 0.1, 'bootstrap': False, 'bootstrap_features': False}",COMPLETE
2199,0.5387096772455775,2024-07-08 13:04:15.117290,2024-07-08 13:04:41.020283,0 days 00:00:25.902993,BaggingClassifier,Normalize_L1_1,BorderlineSMOTE,"[1, 1, 1, 1, 0, 1, 0, 0, 1, 0, 0, 1, 1, 0, 0, 1, 1, 0, 0, 1, 0, 0, 0, 0, 1, 0, 1, 0, 1, 1, 1, 0, 1, 1, 1, 0, 1, 0, 0, 0, 1, 1, 1, 0, 0, 0, 0, 0, 1]","{'n_estimators': 100, 'max_samples': 0.1, 'max_features': 0.5, 'bootstrap': True, 'bootstrap_features': True}",COMPLETE
2200,0.7645161287856399,2024-07-08 13:04:15.185315,2024-07-08 13:04:34.338285,0 days 00:00:19.152970,BaggingClassifier,Normalize_L1_1,,"[1, 1, 0, 1, 0, 0, 0, 0, 0, 1, 0, 0, 1, 1, 0, 1, 0, 1, 1, 0, 0, 0, 1, 0, 1, 1, 0, 0, 0, 1, 1, 0, 0, 0, 0, 1, 1, 1, 0, 0, 1, 0, 0, 1, 1, 0, 0, 1, 1]","{'n_estimators': 10, 'max_samples': 1.0, 'max_features': 0.5, 'bootstrap': False, 'bootstrap_features': False}",COMPLETE
2201,0.0,2024-07-08 13:04:15.460315,2024-07-08 13:04:35.828285,0 days 00:00:20.367970,BaggingClassifier,,,,"{'n_estimators': 100, 'max_samples': 1.0, 'max_features': 1.0, 'bootstrap': True, 'bootstrap_features': False}",COMPLETE
2202,0.4290322579261186,2024-07-08 13:04:16.111296,2024-07-08 13:06:45.192488,0 days 00:02:29.081192,BaggingClassifier,Normalize_L1_1,BorderlineSMOTE,"[1, 0, 0, 1, 1, 0, 1, 0, 0, 1, 0, 1, 1, 1, 0, 0, 1, 0, 1, 0, 0, 0, 0, 0, 1, 1, 0, 1, 0, 1, 0, 1, 1, 0, 1, 1, 1, 0, 1, 0, 0, 0, 1, 1, 0, 1, 1, 0, 0]","{'n_estimators': 1000, 'max_samples': 1.0, 'max_features': 0.5, 'bootstrap': True, 'bootstrap_features': False}",COMPLETE
2203,0.7516129029833506,2024-07-08 13:04:16.765313,2024-07-08 13:05:21.688566,0 days 00:01:04.923253,BaggingClassifier,Normalize_L1_1,,"[1, 1, 0, 1, 0, 0, 0, 0, 1, 0, 1, 0, 0, 0, 0, 1, 1, 0, 1, 0, 1, 0, 0, 1, 1, 1, 0, 1, 1, 1, 1, 1, 1, 1, 1, 0, 1, 1, 1, 0, 0, 1, 1, 0, 0, 0, 0, 1, 1]","{'n_estimators': 10, 'max_samples': 0.5, 'max_features': 1.0, 'bootstrap': False, 'bootstrap_features': False}",COMPLETE
2204,0.7741935481373569,2024-07-08 13:04:17.088285,2024-07-08 13:04:35.933283,0 days 00:00:18.844998,BaggingClassifier,Normalize_L1_1,,"[0, 1, 0, 0, 1, 0, 1, 0, 1, 0, 0, 1, 0, 1, 1, 0, 0, 1, 1, 0, 1, 1, 0, 1, 0, 0, 1, 0, 0, 1, 0, 0, 0, 1, 0, 1, 0, 0, 0, 0, 1, 0, 0, 0, 0, 1, 1, 1, 1]","{'n_estimators': 200, 'max_samples': 0.5, 'max_features': 0.1, 'bootstrap': True, 'bootstrap_features': False}",COMPLETE
2205,0.7580645158844953,2024-07-08 13:04:17.602285,2024-07-08 13:05:56.527633,0 days 00:01:38.925348,GradientBoostingClassifier,Normalize_L1_1,,"[0, 1, 1, 0, 0, 0, 1, 1, 1, 1, 0, 1, 1, 0, 0, 1, 1, 1, 1, 1, 1, 1, 0, 1, 0, 1, 0, 0, 1, 0, 1, 0, 1, 0, 1, 1, 1, 0, 1, 1, 0, 0, 1, 1, 0, 1, 0, 0, 1]","{'n_estimators': 1000, 'learning_rate': 0.1, 'max_depth': 3, 'min_samples_split': 50, 'min_samples_leaf': 1, 'subsample': 0.7, 'max_features': 'sqrt'}",COMPLETE
2206,0.7774193545879292,2024-07-08 13:04:19.388290,2024-07-08 13:05:24.373566,0 days 00:01:04.985276,BaggingClassifier,Normalize_L1_1,,"[0, 1, 1, 0, 1, 1, 1, 1, 1, 1, 1, 1, 0, 1, 1, 1, 1, 1, 1, 1, 0, 1, 1, 1, 1, 1, 1, 1, 0, 1, 1, 1, 1, 1, 0, 0, 0, 0, 1, 0, 0, 1, 0, 0, 1, 0, 0, 0, 1]","{'n_estimators': 500, 'max_samples': 0.5, 'max_features': 0.1, 'bootstrap': False, 'bootstrap_features': True}",COMPLETE
2207,0.7999999997419355,2024-07-08 13:04:21.470291,2024-07-08 13:05:22.801620,0 days 00:01:01.331329,BaggingClassifier,Normalize_L1_1,,"[1, 1, 0, 0, 1, 0, 1, 0, 0, 1, 0, 1, 1, 0, 1, 1, 0, 0, 0, 0, 1, 0, 1, 1, 1, 1, 1, 0, 1, 0, 1, 1, 1, 1, 0, 1, 1, 1, 0, 1, 0, 1, 1, 0, 1, 1, 1, 0, 1]","{'n_estimators': 1000, 'max_samples': 0.1, 'max_features': 1.0, 'bootstrap': True, 'bootstrap_features': True}",COMPLETE
2208,0.735483870730489,2024-07-08 13:04:23.357328,2024-07-08 13:05:22.596608,0 days 00:00:59.239280,GradientBoostingClassifier,Normalize_L1_1,,"[0, 1, 0, 1, 0, 0, 1, 0, 1, 0, 0, 0, 0, 0, 1, 1, 0, 0, 0, 1, 1, 1, 0, 1, 1, 1, 1, 0, 0, 1, 1, 1, 1, 1, 0, 1, 1, 1, 0, 0, 0, 0, 0, 0, 0, 0, 0, 1, 1]","{'n_estimators': 1000, 'learning_rate': 1.0, 'max_depth': 3, 'min_samples_split': 10, 'min_samples_leaf': 5, 'subsample': 0.7, 'max_features': 'sqrt'}",COMPLETE
2209,0.7677419352362123,2024-07-08 13:04:25.785290,2024-07-08 13:05:22.619569,0 days 00:00:56.834279,BaggingClassifier,Normalize_L1_1,,"[1, 1, 1, 1, 0, 1, 0, 0, 1, 1, 1, 0, 1, 1, 0, 0, 1, 0, 1, 0, 0, 0, 0, 0, 1, 1, 0, 1, 1, 0, 1, 0, 1, 0, 1, 1, 0, 1, 1, 1, 1, 1, 1, 1, 0, 0, 0, 1, 0]","{'n_estimators': 500, 'max_samples': 1.0, 'max_features': 1.0, 'bootstrap': True, 'bootstrap_features': True}",COMPLETE
2210,0.7645161287856399,2024-07-08 13:04:28.012285,2024-07-08 13:05:24.449566,0 days 00:00:56.437281,BaggingClassifier,Normalize_L1_1,,"[1, 1, 1, 1, 0, 1, 1, 0, 0, 1, 0, 1, 0, 0, 0, 1, 1, 1, 0, 1, 1, 1, 1, 1, 0, 0, 0, 1, 1, 1, 0, 0, 1, 0, 1, 0, 0, 0, 1, 1, 0, 1, 0, 1, 1, 1, 1, 0, 0]","{'n_estimators': 200, 'max_samples': 1.0, 'max_features': 0.5, 'bootstrap': False, 'bootstrap_features': True}",COMPLETE
2211,0.745161290082206,2024-07-08 13:04:28.293287,2024-07-08 13:05:14.163591,0 days 00:00:45.870304,BaggingClassifier,Normalize_L1_1,,"[1, 0, 0, 0, 0, 1, 1, 0, 0, 1, 0, 0, 0, 1, 1, 0, 0, 0, 0, 1, 1, 0, 1, 0, 0, 0, 1, 0, 1, 0, 1, 1, 0, 0, 1, 0, 0, 0, 0, 0, 1, 0, 0, 0, 1, 0, 1, 0, 1]","{'n_estimators': 10, 'max_samples': 1.0, 'max_features': 0.1, 'bootstrap': True, 'bootstrap_features': True}",COMPLETE
2212,0.7612903223350675,2024-07-08 13:04:28.619314,2024-07-08 13:05:14.304566,0 days 00:00:45.685252,BaggingClassifier,Normalize_L1_1,,"[1, 0, 0, 0, 0, 1, 1, 0, 0, 1, 0, 0, 0, 0, 0, 0, 1, 1, 0, 0, 0, 1, 1, 0, 1, 0, 1, 1, 0, 0, 0, 1, 0, 1, 0, 0, 1, 0, 0, 1, 1, 0, 1, 1, 1, 1, 1, 1, 0]","{'n_estimators': 200, 'max_samples': 1.0, 'max_features': 0.1, 'bootstrap': False, 'bootstrap_features': True}",COMPLETE
2213,0.241935483792924,2024-07-08 13:04:30.271285,2024-07-08 13:05:23.137567,0 days 00:00:52.866282,GradientBoostingClassifier,Normalize_L1_1,,"[1, 1, 0, 1, 0, 0, 0, 1, 0, 0, 1, 1, 1, 0, 0, 0, 1, 0, 1, 0, 0, 1, 0, 0, 1, 0, 0, 1, 1, 0, 1, 0, 0, 1, 1, 0, 1, 1, 1, 1, 1, 1, 0, 0, 1, 0, 1, 1, 0]","{'n_estimators': 50, 'learning_rate': 10.0, 'max_depth': 9, 'min_samples_split': 100, 'min_samples_leaf': 50, 'subsample': 1.0, 'max_features': 'sqrt'}",COMPLETE
2214,0.7903225803902184,2024-07-08 13:04:31.711286,2024-07-08 13:05:27.291563,0 days 00:00:55.580277,GradientBoostingClassifier,Normalize_L1_1,,"[0, 0, 0, 1, 1, 1, 0, 0, 0, 0, 0, 0, 1, 1, 0, 0, 1, 1, 1, 1, 1, 1, 0, 0, 1, 1, 0, 1, 0, 0, 0, 1, 1, 0, 0, 1, 1, 1, 0, 0, 0, 1, 1, 1, 0, 0, 1, 0, 1]","{'n_estimators': 200, 'learning_rate': 0.5, 'max_depth': 9, 'min_samples_split': 2, 'min_samples_leaf': 100, 'subsample': 1.0, 'max_features': None}",COMPLETE
2215,0.7999999997419355,2024-07-08 13:04:32.276285,2024-07-08 13:05:25.821608,0 days 00:00:53.545323,BaggingClassifier,Normalize_L1_1,,"[0, 0, 0, 0, 0, 1, 1, 0, 0, 1, 1, 0, 0, 1, 0, 1, 1, 1, 0, 0, 1, 0, 1, 1, 0, 0, 0, 1, 0, 1, 1, 1, 1, 1, 0, 1, 1, 1, 0, 0, 1, 1, 0, 0, 0, 1, 1, 0, 1]","{'n_estimators': 1000, 'max_samples': 0.1, 'max_features': 1.0, 'bootstrap': False, 'bootstrap_features': True}",COMPLETE
2216,0.0,2024-07-08 13:04:33.458313,2024-07-08 13:05:27.603619,0 days 00:00:54.145306,GradientBoostingClassifier,Normalize_L1_1,,"[0, 1, 1, 1, 0, 0, 0, 1, 0, 0, 1, 0, 1, 1, 1, 1, 1, 1, 1, 1, 0, 0, 0, 1, 1, 1, 0, 0, 0, 0, 0, 1, 1, 1, 1, 1, 1, 0, 0, 0, 0, 0, 0, 0, 1, 1, 1, 1, 1]","{'n_estimators': 100, 'learning_rate': 0.1, 'max_depth': 3, 'min_samples_split': 5, 'min_samples_leaf': 10, 'subsample': 0.5, 'max_features': 'auto'}",COMPLETE
